[2025-05-28T18:00:50.882+0000] {local_task_job_runner.py:123} INFO - ::group::Pre task execution logs
[2025-05-28T18:00:50.900+0000] {taskinstance.py:2613} INFO - Dependencies all met for dep_context=non-requeueable deps ti=<TaskInstance: 04_transform_data.install_dbt_deps manual__2025-05-28T18:00:48.955178+00:00 [queued]>
[2025-05-28T18:00:50.909+0000] {taskinstance.py:2613} INFO - Dependencies all met for dep_context=requeueable deps ti=<TaskInstance: 04_transform_data.install_dbt_deps manual__2025-05-28T18:00:48.955178+00:00 [queued]>
[2025-05-28T18:00:50.910+0000] {taskinstance.py:2866} INFO - Starting attempt 1 of 1
[2025-05-28T18:00:50.924+0000] {taskinstance.py:2889} INFO - Executing <Task(PythonOperator): install_dbt_deps> on 2025-05-28 18:00:48.955178+00:00
[2025-05-28T18:00:50.928+0000] {standard_task_runner.py:72} INFO - Started process 174 to run task
[2025-05-28T18:00:50.931+0000] {standard_task_runner.py:104} INFO - Running: ['***', 'tasks', 'run', '04_transform_data', 'install_dbt_deps', 'manual__2025-05-28T18:00:48.955178+00:00', '--job-id', '250', '--raw', '--subdir', 'DAGS_FOLDER/04_transform_data.py', '--cfg-path', '/tmp/tmpzxo2i0pd']
[2025-05-28T18:00:50.932+0000] {standard_task_runner.py:105} INFO - Job 250: Subtask install_dbt_deps
[2025-05-28T18:00:50.984+0000] {task_command.py:467} INFO - Running <TaskInstance: 04_transform_data.install_dbt_deps manual__2025-05-28T18:00:48.955178+00:00 [running]> on host 950204866fda
[2025-05-28T18:00:51.077+0000] {taskinstance.py:3132} INFO - Exporting env vars: AIRFLOW_CTX_DAG_OWNER='***' AIRFLOW_CTX_DAG_ID='04_transform_data' AIRFLOW_CTX_TASK_ID='install_dbt_deps' AIRFLOW_CTX_EXECUTION_DATE='2025-05-28T18:00:48.955178+00:00' AIRFLOW_CTX_TRY_NUMBER='1' AIRFLOW_CTX_DAG_RUN_ID='manual__2025-05-28T18:00:48.955178+00:00'
[2025-05-28T18:00:51.079+0000] {taskinstance.py:731} INFO - ::endgroup::
[2025-05-28T18:00:52.814+0000] {logging_mixin.py:190} INFO - 18:00:52  Running with dbt=1.9.4
[2025-05-28T18:00:53.467+0000] {logging_mixin.py:190} INFO - 18:00:53  Installing dbt-labs/dbt_utils
[2025-05-28T18:00:56.206+0000] {logging_mixin.py:190} INFO - 18:00:56  Installed from version 1.2.0
[2025-05-28T18:00:56.208+0000] {logging_mixin.py:190} INFO - 18:00:56  Updated version available: 1.3.0
[2025-05-28T18:00:56.211+0000] {logging_mixin.py:190} INFO - 18:00:56
[2025-05-28T18:00:56.212+0000] {logging_mixin.py:190} INFO - 18:00:56  Updates available for packages: ['dbt-labs/dbt_utils']                 
Update your versions in packages.yml, then run dbt deps
[2025-05-28T18:00:56.939+0000] {logging_mixin.py:190} INFO - Dependencies sucessfully installed.
[2025-05-28T18:00:56.941+0000] {python.py:240} INFO - Done. Returned value was: None
[2025-05-28T18:00:56.959+0000] {taskinstance.py:340} INFO - ::group::Post task execution logs
[2025-05-28T18:00:56.960+0000] {taskinstance.py:352} INFO - Marking task as SUCCESS. dag_id=04_transform_data, task_id=install_dbt_deps, run_id=manual__2025-05-28T18:00:48.955178+00:00, execution_date=20250528T180048, start_date=20250528T180050, end_date=20250528T180056
[2025-05-28T18:00:57.021+0000] {local_task_job_runner.py:266} INFO - Task exited with return code 0
[2025-05-28T18:00:57.046+0000] {taskinstance.py:3895} INFO - 1 downstream tasks scheduled from follow-on schedule check
[2025-05-28T18:00:57.049+0000] {local_task_job_runner.py:245} INFO - ::endgroup::
