[2025-06-06T21:33:09.453+0000] {local_task_job_runner.py:123} INFO - ::group::Pre task execution logs
[2025-06-06T21:33:09.471+0000] {taskinstance.py:2613} INFO - Dependencies all met for dep_context=non-requeueable deps ti=<TaskInstance: 05_transform_data.install_dbt_deps manual__2025-06-06T21:33:07.439118+00:00 [queued]>
[2025-06-06T21:33:09.480+0000] {taskinstance.py:2613} INFO - Dependencies all met for dep_context=requeueable deps ti=<TaskInstance: 05_transform_data.install_dbt_deps manual__2025-06-06T21:33:07.439118+00:00 [queued]>
[2025-06-06T21:33:09.481+0000] {taskinstance.py:2866} INFO - Starting attempt 1 of 1
[2025-06-06T21:33:09.492+0000] {taskinstance.py:2889} INFO - Executing <Task(PythonOperator): install_dbt_deps> on 2025-06-06 21:33:07.439118+00:00
[2025-06-06T21:33:09.497+0000] {standard_task_runner.py:72} INFO - Started process 6410 to run task
[2025-06-06T21:33:09.500+0000] {standard_task_runner.py:104} INFO - Running: ['***', 'tasks', 'run', '05_transform_data', 'install_dbt_deps', 'manual__2025-06-06T21:33:07.439118+00:00', '--job-id', '487', '--raw', '--subdir', 'DAGS_FOLDER/05_transform_data.py', '--cfg-path', '/tmp/tmptbegpehf']
[2025-06-06T21:33:09.502+0000] {standard_task_runner.py:105} INFO - Job 487: Subtask install_dbt_deps
[2025-06-06T21:33:09.561+0000] {task_command.py:467} INFO - Running <TaskInstance: 05_transform_data.install_dbt_deps manual__2025-06-06T21:33:07.439118+00:00 [running]> on host 28e6a58e4107
[2025-06-06T21:33:09.652+0000] {taskinstance.py:3132} INFO - Exporting env vars: AIRFLOW_CTX_DAG_OWNER='***' AIRFLOW_CTX_DAG_ID='05_transform_data' AIRFLOW_CTX_TASK_ID='install_dbt_deps' AIRFLOW_CTX_EXECUTION_DATE='2025-06-06T21:33:07.439118+00:00' AIRFLOW_CTX_TRY_NUMBER='1' AIRFLOW_CTX_DAG_RUN_ID='manual__2025-06-06T21:33:07.439118+00:00'
[2025-06-06T21:33:09.654+0000] {taskinstance.py:731} INFO - ::endgroup::
[2025-06-06T21:33:11.599+0000] {logging_mixin.py:190} INFO - 21:33:11  Running with dbt=1.9.5
[2025-06-06T21:33:12.415+0000] {logging_mixin.py:190} INFO - 21:33:12  Installing dbt-labs/dbt_utils
[2025-06-06T21:33:15.745+0000] {logging_mixin.py:190} INFO - 21:33:15  Installed from version 1.2.0
[2025-06-06T21:33:15.747+0000] {logging_mixin.py:190} INFO - 21:33:15  Updated version available: 1.3.0
[2025-06-06T21:33:15.751+0000] {logging_mixin.py:190} INFO - 21:33:15
[2025-06-06T21:33:15.753+0000] {logging_mixin.py:190} INFO - 21:33:15  Updates available for packages: ['dbt-labs/dbt_utils']                 
Update your versions in packages.yml, then run dbt deps
[2025-06-06T21:33:16.452+0000] {logging_mixin.py:190} INFO - Dependencies sucessfully installed.
[2025-06-06T21:33:16.453+0000] {python.py:240} INFO - Done. Returned value was: None
[2025-06-06T21:33:16.467+0000] {taskinstance.py:340} INFO - ::group::Post task execution logs
[2025-06-06T21:33:16.468+0000] {taskinstance.py:352} INFO - Marking task as SUCCESS. dag_id=05_transform_data, task_id=install_dbt_deps, run_id=manual__2025-06-06T21:33:07.439118+00:00, execution_date=20250606T213307, start_date=20250606T213309, end_date=20250606T213316
[2025-06-06T21:33:16.509+0000] {local_task_job_runner.py:266} INFO - Task exited with return code 0
[2025-06-06T21:33:16.563+0000] {taskinstance.py:3895} INFO - 1 downstream tasks scheduled from follow-on schedule check
[2025-06-06T21:33:16.567+0000] {local_task_job_runner.py:245} INFO - ::endgroup::
