[2025-05-29T12:49:42.293+0000] {local_task_job_runner.py:123} INFO - ::group::Pre task execution logs
[2025-05-29T12:49:42.311+0000] {taskinstance.py:2613} INFO - Dependencies all met for dep_context=non-requeueable deps ti=<TaskInstance: 00_create_IAC.create_database manual__2025-05-29T12:49:39.965571+00:00 [queued]>
[2025-05-29T12:49:42.319+0000] {taskinstance.py:2613} INFO - Dependencies all met for dep_context=requeueable deps ti=<TaskInstance: 00_create_IAC.create_database manual__2025-05-29T12:49:39.965571+00:00 [queued]>
[2025-05-29T12:49:42.321+0000] {taskinstance.py:2866} INFO - Starting attempt 1 of 1
[2025-05-29T12:49:42.333+0000] {taskinstance.py:2889} INFO - Executing <Task(PythonOperator): create_database> on 2025-05-29 12:49:39.965571+00:00
[2025-05-29T12:49:42.337+0000] {standard_task_runner.py:72} INFO - Started process 144 to run task
[2025-05-29T12:49:42.340+0000] {standard_task_runner.py:104} INFO - Running: ['***', 'tasks', 'run', '00_create_IAC', 'create_database', 'manual__2025-05-29T12:49:39.965571+00:00', '--job-id', '258', '--raw', '--subdir', 'DAGS_FOLDER/00_create_iac.py', '--cfg-path', '/tmp/tmp7f3km2gz']
[2025-05-29T12:49:42.343+0000] {standard_task_runner.py:105} INFO - Job 258: Subtask create_database
[2025-05-29T12:49:42.402+0000] {task_command.py:467} INFO - Running <TaskInstance: 00_create_IAC.create_database manual__2025-05-29T12:49:39.965571+00:00 [running]> on host 950204866fda
[2025-05-29T12:49:42.493+0000] {taskinstance.py:3132} INFO - Exporting env vars: AIRFLOW_CTX_DAG_OWNER='***' AIRFLOW_CTX_DAG_ID='00_create_IAC' AIRFLOW_CTX_TASK_ID='create_database' AIRFLOW_CTX_EXECUTION_DATE='2025-05-29T12:49:39.965571+00:00' AIRFLOW_CTX_TRY_NUMBER='1' AIRFLOW_CTX_DAG_RUN_ID='manual__2025-05-29T12:49:39.965571+00:00'
[2025-05-29T12:49:42.494+0000] {taskinstance.py:731} INFO - ::endgroup::
[2025-05-29T12:49:42.510+0000] {logging_mixin.py:190} INFO - Running ['terraform', '--version']
[2025-05-29T12:49:43.498+0000] {logging_mixin.py:190} INFO - ['terraform', '--version'] ran successfully.
[2025-05-29T12:49:43.499+0000] {logging_mixin.py:190} INFO - Running ['terraform', 'init']
[2025-05-29T12:49:44.672+0000] {logging_mixin.py:190} INFO - ['terraform', 'init'] ran successfully.
[2025-05-29T12:49:44.673+0000] {logging_mixin.py:190} INFO - Running ['terraform', 'apply', '-auto-approve']
[2025-05-29T12:49:47.652+0000] {logging_mixin.py:190} INFO - ['terraform', 'apply', '-auto-approve'] ran successfully.
[2025-05-29T12:49:47.653+0000] {python.py:240} INFO - Done. Returned value was: None
[2025-05-29T12:49:47.665+0000] {taskinstance.py:340} INFO - ::group::Post task execution logs
[2025-05-29T12:49:47.666+0000] {taskinstance.py:352} INFO - Marking task as SUCCESS. dag_id=00_create_IAC, task_id=create_database, run_id=manual__2025-05-29T12:49:39.965571+00:00, execution_date=20250529T124939, start_date=20250529T124942, end_date=20250529T124947
[2025-05-29T12:49:47.694+0000] {local_task_job_runner.py:266} INFO - Task exited with return code 0
[2025-05-29T12:49:47.714+0000] {taskinstance.py:3895} INFO - 1 downstream tasks scheduled from follow-on schedule check
[2025-05-29T12:49:47.717+0000] {local_task_job_runner.py:245} INFO - ::endgroup::
