[2025-06-10T19:30:30.368+0000] {local_task_job_runner.py:123} INFO - ::group::Pre task execution logs
[2025-06-10T19:30:30.385+0000] {taskinstance.py:2613} INFO - Dependencies all met for dep_context=non-requeueable deps ti=<TaskInstance: 05_transform_data.install_dbt_deps manual__2025-06-10T19:30:27.943007+00:00 [queued]>
[2025-06-10T19:30:30.394+0000] {taskinstance.py:2613} INFO - Dependencies all met for dep_context=requeueable deps ti=<TaskInstance: 05_transform_data.install_dbt_deps manual__2025-06-10T19:30:27.943007+00:00 [queued]>
[2025-06-10T19:30:30.395+0000] {taskinstance.py:2866} INFO - Starting attempt 1 of 1
[2025-06-10T19:30:30.406+0000] {taskinstance.py:2889} INFO - Executing <Task(PythonOperator): install_dbt_deps> on 2025-06-10 19:30:27.943007+00:00
[2025-06-10T19:30:30.411+0000] {standard_task_runner.py:72} INFO - Started process 2189 to run task
[2025-06-10T19:30:30.416+0000] {standard_task_runner.py:104} INFO - Running: ['***', 'tasks', 'run', '05_transform_data', 'install_dbt_deps', 'manual__2025-06-10T19:30:27.943007+00:00', '--job-id', '702', '--raw', '--subdir', 'DAGS_FOLDER/05_transform_data.py', '--cfg-path', '/tmp/tmpvhfc66r_']
[2025-06-10T19:30:30.418+0000] {standard_task_runner.py:105} INFO - Job 702: Subtask install_dbt_deps
[2025-06-10T19:30:30.468+0000] {task_command.py:467} INFO - Running <TaskInstance: 05_transform_data.install_dbt_deps manual__2025-06-10T19:30:27.943007+00:00 [running]> on host 28e6a58e4107
[2025-06-10T19:30:30.548+0000] {taskinstance.py:3132} INFO - Exporting env vars: AIRFLOW_CTX_DAG_OWNER='***' AIRFLOW_CTX_DAG_ID='05_transform_data' AIRFLOW_CTX_TASK_ID='install_dbt_deps' AIRFLOW_CTX_EXECUTION_DATE='2025-06-10T19:30:27.943007+00:00' AIRFLOW_CTX_TRY_NUMBER='1' AIRFLOW_CTX_DAG_RUN_ID='manual__2025-06-10T19:30:27.943007+00:00'
[2025-06-10T19:30:30.550+0000] {taskinstance.py:731} INFO - ::endgroup::
[2025-06-10T19:30:32.545+0000] {logging_mixin.py:190} INFO - 19:30:32  Running with dbt=1.9.5
[2025-06-10T19:30:33.392+0000] {logging_mixin.py:190} INFO - 19:30:33  Installing dbt-labs/dbt_utils
[2025-06-10T19:30:36.715+0000] {logging_mixin.py:190} INFO - 19:30:36  Installed from version 1.2.0
[2025-06-10T19:30:36.717+0000] {logging_mixin.py:190} INFO - 19:30:36  Updated version available: 1.3.0
[2025-06-10T19:30:36.720+0000] {logging_mixin.py:190} INFO - 19:30:36
[2025-06-10T19:30:36.721+0000] {logging_mixin.py:190} INFO - 19:30:36  Updates available for packages: ['dbt-labs/dbt_utils']                 
Update your versions in packages.yml, then run dbt deps
[2025-06-10T19:30:37.438+0000] {logging_mixin.py:190} INFO - Dependencies sucessfully installed.
[2025-06-10T19:30:37.439+0000] {python.py:240} INFO - Done. Returned value was: None
[2025-06-10T19:30:37.457+0000] {taskinstance.py:340} INFO - ::group::Post task execution logs
[2025-06-10T19:30:37.458+0000] {taskinstance.py:352} INFO - Marking task as SUCCESS. dag_id=05_transform_data, task_id=install_dbt_deps, run_id=manual__2025-06-10T19:30:27.943007+00:00, execution_date=20250610T193027, start_date=20250610T193030, end_date=20250610T193037
[2025-06-10T19:30:37.504+0000] {local_task_job_runner.py:266} INFO - Task exited with return code 0
[2025-06-10T19:30:37.524+0000] {local_task_job_runner.py:245} INFO - ::endgroup::
