[2025-06-23T17:12:49.072+0000] {local_task_job_runner.py:123} INFO - ::group::Pre task execution logs
[2025-06-23T17:12:49.093+0000] {taskinstance.py:2613} INFO - Dependencies all met for dep_context=non-requeueable deps ti=<TaskInstance: 03_load_data_prod.load_prod_cost manual__2025-06-23T17:12:47.302776+00:00 [queued]>
[2025-06-23T17:12:49.103+0000] {taskinstance.py:2613} INFO - Dependencies all met for dep_context=requeueable deps ti=<TaskInstance: 03_load_data_prod.load_prod_cost manual__2025-06-23T17:12:47.302776+00:00 [queued]>
[2025-06-23T17:12:49.105+0000] {taskinstance.py:2866} INFO - Starting attempt 1 of 1
[2025-06-23T17:12:49.118+0000] {taskinstance.py:2889} INFO - Executing <Task(PythonOperator): load_prod_cost> on 2025-06-23 17:12:47.302776+00:00
[2025-06-23T17:12:49.123+0000] {standard_task_runner.py:72} INFO - Started process 700 to run task
[2025-06-23T17:12:49.127+0000] {standard_task_runner.py:104} INFO - Running: ['***', 'tasks', 'run', '03_load_data_prod', 'load_prod_cost', 'manual__2025-06-23T17:12:47.302776+00:00', '--job-id', '14', '--raw', '--subdir', 'DAGS_FOLDER/03_load_data_prod.py', '--cfg-path', '/tmp/tmp18in0c0f']
[2025-06-23T17:12:49.129+0000] {standard_task_runner.py:105} INFO - Job 14: Subtask load_prod_cost
[2025-06-23T17:12:49.194+0000] {task_command.py:467} INFO - Running <TaskInstance: 03_load_data_prod.load_prod_cost manual__2025-06-23T17:12:47.302776+00:00 [running]> on host b208c9761688
[2025-06-23T17:12:49.281+0000] {taskinstance.py:3132} INFO - Exporting env vars: AIRFLOW_CTX_DAG_OWNER='***' AIRFLOW_CTX_DAG_ID='03_load_data_prod' AIRFLOW_CTX_TASK_ID='load_prod_cost' AIRFLOW_CTX_EXECUTION_DATE='2025-06-23T17:12:47.302776+00:00' AIRFLOW_CTX_TRY_NUMBER='1' AIRFLOW_CTX_DAG_RUN_ID='manual__2025-06-23T17:12:47.302776+00:00'
[2025-06-23T17:12:49.283+0000] {taskinstance.py:731} INFO - ::endgroup::
[2025-06-23T17:12:49.766+0000] {logging_mixin.py:190} INFO - column begin_date is datetime64[ns, UTC]
[2025-06-23T17:12:49.767+0000] {logging_mixin.py:190} INFO - column end_date is datetime64[ns, UTC]
[2025-06-23T17:12:49.768+0000] {logging_mixin.py:190} INFO - Loading file /opt/***/data/supplies/clean/prod/clean_cost_data.csv to prod sales_db
[2025-06-23T17:12:49.805+0000] {logging_mixin.py:190} INFO - Data in /opt/***/data/supplies/clean/prod/clean_cost_data.csv successfully loaded.
[2025-06-23T17:12:49.807+0000] {python.py:240} INFO - Done. Returned value was: None
[2025-06-23T17:12:49.819+0000] {taskinstance.py:340} INFO - ::group::Post task execution logs
[2025-06-23T17:12:49.821+0000] {taskinstance.py:352} INFO - Marking task as SUCCESS. dag_id=03_load_data_prod, task_id=load_prod_cost, run_id=manual__2025-06-23T17:12:47.302776+00:00, execution_date=20250623T171247, start_date=20250623T171249, end_date=20250623T171249
[2025-06-23T17:12:49.864+0000] {local_task_job_runner.py:266} INFO - Task exited with return code 0
[2025-06-23T17:12:49.881+0000] {taskinstance.py:3895} INFO - 0 downstream tasks scheduled from follow-on schedule check
[2025-06-23T17:12:49.884+0000] {local_task_job_runner.py:245} INFO - ::endgroup::
