[2025-06-10T21:20:42.056+0000] {local_task_job_runner.py:123} INFO - ::group::Pre task execution logs
[2025-06-10T21:20:42.076+0000] {taskinstance.py:2613} INFO - Dependencies all met for dep_context=non-requeueable deps ti=<TaskInstance: 03_load_data.load_prod_cost manual__2025-06-10T21:20:40.255502+00:00 [queued]>
[2025-06-10T21:20:42.084+0000] {taskinstance.py:2613} INFO - Dependencies all met for dep_context=requeueable deps ti=<TaskInstance: 03_load_data.load_prod_cost manual__2025-06-10T21:20:40.255502+00:00 [queued]>
[2025-06-10T21:20:42.086+0000] {taskinstance.py:2866} INFO - Starting attempt 1 of 1
[2025-06-10T21:20:42.099+0000] {taskinstance.py:2889} INFO - Executing <Task(PythonOperator): load_prod_cost> on 2025-06-10 21:20:40.255502+00:00
[2025-06-10T21:20:42.104+0000] {standard_task_runner.py:72} INFO - Started process 5198 to run task
[2025-06-10T21:20:42.109+0000] {standard_task_runner.py:104} INFO - Running: ['***', 'tasks', 'run', '03_load_data', 'load_prod_cost', 'manual__2025-06-10T21:20:40.255502+00:00', '--job-id', '739', '--raw', '--subdir', 'DAGS_FOLDER/03_load_data.py', '--cfg-path', '/tmp/tmpozk75brb']
[2025-06-10T21:20:42.112+0000] {standard_task_runner.py:105} INFO - Job 739: Subtask load_prod_cost
[2025-06-10T21:20:42.182+0000] {task_command.py:467} INFO - Running <TaskInstance: 03_load_data.load_prod_cost manual__2025-06-10T21:20:40.255502+00:00 [running]> on host 28e6a58e4107
[2025-06-10T21:20:42.282+0000] {taskinstance.py:3132} INFO - Exporting env vars: AIRFLOW_CTX_DAG_OWNER='***' AIRFLOW_CTX_DAG_ID='03_load_data' AIRFLOW_CTX_TASK_ID='load_prod_cost' AIRFLOW_CTX_EXECUTION_DATE='2025-06-10T21:20:40.255502+00:00' AIRFLOW_CTX_TRY_NUMBER='1' AIRFLOW_CTX_DAG_RUN_ID='manual__2025-06-10T21:20:40.255502+00:00'
[2025-06-10T21:20:42.284+0000] {taskinstance.py:731} INFO - ::endgroup::
[2025-06-10T21:20:43.119+0000] {logging_mixin.py:190} INFO - column begin_date is datetime64[ns, UTC]
[2025-06-10T21:20:43.120+0000] {logging_mixin.py:190} INFO - column end_date is datetime64[ns, UTC]
[2025-06-10T21:20:43.121+0000] {logging_mixin.py:190} INFO - Loading file /opt/***/cleaning/entry_data/clean/clean_cost_data.csv to sales_db
[2025-06-10T21:20:43.179+0000] {logging_mixin.py:190} INFO - Data in /opt/***/cleaning/entry_data/clean/clean_cost_data.csv successfully loaded.
[2025-06-10T21:20:43.180+0000] {python.py:240} INFO - Done. Returned value was: None
[2025-06-10T21:20:43.193+0000] {taskinstance.py:340} INFO - ::group::Post task execution logs
[2025-06-10T21:20:43.194+0000] {taskinstance.py:352} INFO - Marking task as SUCCESS. dag_id=03_load_data, task_id=load_prod_cost, run_id=manual__2025-06-10T21:20:40.255502+00:00, execution_date=20250610T212040, start_date=20250610T212042, end_date=20250610T212043
[2025-06-10T21:20:43.247+0000] {local_task_job_runner.py:266} INFO - Task exited with return code 0
[2025-06-10T21:20:43.264+0000] {taskinstance.py:3895} INFO - 0 downstream tasks scheduled from follow-on schedule check
[2025-06-10T21:20:43.267+0000] {local_task_job_runner.py:245} INFO - ::endgroup::
