[2025-06-09T19:53:36.709+0000] {local_task_job_runner.py:123} INFO - ::group::Pre task execution logs
[2025-06-09T19:53:36.729+0000] {taskinstance.py:2613} INFO - Dependencies all met for dep_context=non-requeueable deps ti=<TaskInstance: 00_create_IAC.create_database manual__2025-06-09T19:53:34.526325+00:00 [queued]>
[2025-06-09T19:53:36.737+0000] {taskinstance.py:2613} INFO - Dependencies all met for dep_context=requeueable deps ti=<TaskInstance: 00_create_IAC.create_database manual__2025-06-09T19:53:34.526325+00:00 [queued]>
[2025-06-09T19:53:36.738+0000] {taskinstance.py:2866} INFO - Starting attempt 1 of 1
[2025-06-09T19:53:36.751+0000] {taskinstance.py:2889} INFO - Executing <Task(PythonOperator): create_database> on 2025-06-09 19:53:34.526325+00:00
[2025-06-09T19:53:36.755+0000] {standard_task_runner.py:72} INFO - Started process 1202 to run task
[2025-06-09T19:53:36.758+0000] {standard_task_runner.py:104} INFO - Running: ['***', 'tasks', 'run', '00_create_IAC', 'create_database', 'manual__2025-06-09T19:53:34.526325+00:00', '--job-id', '537', '--raw', '--subdir', 'DAGS_FOLDER/00_create_iac.py', '--cfg-path', '/tmp/tmp7e_26o83']
[2025-06-09T19:53:36.760+0000] {standard_task_runner.py:105} INFO - Job 537: Subtask create_database
[2025-06-09T19:53:36.813+0000] {task_command.py:467} INFO - Running <TaskInstance: 00_create_IAC.create_database manual__2025-06-09T19:53:34.526325+00:00 [running]> on host 28e6a58e4107
[2025-06-09T19:53:36.897+0000] {taskinstance.py:3132} INFO - Exporting env vars: AIRFLOW_CTX_DAG_OWNER='***' AIRFLOW_CTX_DAG_ID='00_create_IAC' AIRFLOW_CTX_TASK_ID='create_database' AIRFLOW_CTX_EXECUTION_DATE='2025-06-09T19:53:34.526325+00:00' AIRFLOW_CTX_TRY_NUMBER='1' AIRFLOW_CTX_DAG_RUN_ID='manual__2025-06-09T19:53:34.526325+00:00'
[2025-06-09T19:53:36.899+0000] {taskinstance.py:731} INFO - ::endgroup::
[2025-06-09T19:53:36.913+0000] {logging_mixin.py:190} INFO - Running ['terraform', '--version']
[2025-06-09T19:53:38.008+0000] {logging_mixin.py:190} INFO - ['terraform', '--version'] ran successfully.
[2025-06-09T19:53:38.009+0000] {logging_mixin.py:190} INFO - Running ['terraform', 'init']
[2025-06-09T19:53:39.005+0000] {logging_mixin.py:190} INFO - ['terraform', 'init'] ran successfully.
[2025-06-09T19:53:39.006+0000] {logging_mixin.py:190} INFO - Running ['terraform', 'apply', '-auto-approve']
[2025-06-09T19:53:42.067+0000] {logging_mixin.py:190} INFO - ['terraform', 'apply', '-auto-approve'] ran successfully.
[2025-06-09T19:53:42.068+0000] {python.py:240} INFO - Done. Returned value was: None
[2025-06-09T19:53:42.080+0000] {taskinstance.py:340} INFO - ::group::Post task execution logs
[2025-06-09T19:53:42.081+0000] {taskinstance.py:352} INFO - Marking task as SUCCESS. dag_id=00_create_IAC, task_id=create_database, run_id=manual__2025-06-09T19:53:34.526325+00:00, execution_date=20250609T195334, start_date=20250609T195336, end_date=20250609T195342
[2025-06-09T19:53:42.111+0000] {local_task_job_runner.py:266} INFO - Task exited with return code 0
[2025-06-09T19:53:42.133+0000] {taskinstance.py:3895} INFO - 1 downstream tasks scheduled from follow-on schedule check
[2025-06-09T19:53:42.137+0000] {local_task_job_runner.py:245} INFO - ::endgroup::
