[2025-06-06T18:20:52.261+0000] {local_task_job_runner.py:123} INFO - ::group::Pre task execution logs
[2025-06-06T18:20:52.279+0000] {taskinstance.py:2613} INFO - Dependencies all met for dep_context=non-requeueable deps ti=<TaskInstance: 04_transform_data.run_dbt manual__2025-06-06T18:20:41.603178+00:00 [queued]>
[2025-06-06T18:20:52.287+0000] {taskinstance.py:2613} INFO - Dependencies all met for dep_context=requeueable deps ti=<TaskInstance: 04_transform_data.run_dbt manual__2025-06-06T18:20:41.603178+00:00 [queued]>
[2025-06-06T18:20:52.289+0000] {taskinstance.py:2866} INFO - Starting attempt 1 of 1
[2025-06-06T18:20:52.302+0000] {taskinstance.py:2889} INFO - Executing <Task(PythonOperator): run_dbt> on 2025-06-06 18:20:41.603178+00:00
[2025-06-06T18:20:52.308+0000] {standard_task_runner.py:72} INFO - Started process 1187 to run task
[2025-06-06T18:20:52.310+0000] {standard_task_runner.py:104} INFO - Running: ['***', 'tasks', 'run', '04_transform_data', 'run_dbt', 'manual__2025-06-06T18:20:41.603178+00:00', '--job-id', '376', '--raw', '--subdir', 'DAGS_FOLDER/04_transform_data.py', '--cfg-path', '/tmp/tmpy7lipe9g']
[2025-06-06T18:20:52.312+0000] {standard_task_runner.py:105} INFO - Job 376: Subtask run_dbt
[2025-06-06T18:20:52.363+0000] {task_command.py:467} INFO - Running <TaskInstance: 04_transform_data.run_dbt manual__2025-06-06T18:20:41.603178+00:00 [running]> on host 28e6a58e4107
[2025-06-06T18:20:52.448+0000] {taskinstance.py:3132} INFO - Exporting env vars: AIRFLOW_CTX_DAG_OWNER='***' AIRFLOW_CTX_DAG_ID='04_transform_data' AIRFLOW_CTX_TASK_ID='run_dbt' AIRFLOW_CTX_EXECUTION_DATE='2025-06-06T18:20:41.603178+00:00' AIRFLOW_CTX_TRY_NUMBER='1' AIRFLOW_CTX_DAG_RUN_ID='manual__2025-06-06T18:20:41.603178+00:00'
[2025-06-06T18:20:52.450+0000] {taskinstance.py:731} INFO - ::endgroup::
[2025-06-06T18:20:54.147+0000] {logging_mixin.py:190} INFO - 18:20:54  Running with dbt=1.9.5
[2025-06-06T18:20:54.537+0000] {logging_mixin.py:190} INFO - 18:20:54  Registered adapter: postgres=1.9.0
[2025-06-06T18:20:55.955+0000] {logging_mixin.py:190} INFO - 18:20:55  [WARNING]: Configuration paths exist in your dbt_project.yml file which do not apply to any resources.
There are 1 unused configuration paths:
- models.e_commerce_sales.example
[2025-06-06T18:20:56.349+0000] {logging_mixin.py:190} INFO - 18:20:56  Found 13 models, 12 sources, 549 macros, 1 unit test
[2025-06-06T18:20:56.354+0000] {logging_mixin.py:190} INFO - 18:20:56
[2025-06-06T18:20:56.355+0000] {logging_mixin.py:190} INFO - 18:20:56  Concurrency: 4 threads (target='dev')
[2025-06-06T18:20:56.357+0000] {logging_mixin.py:190} INFO - 18:20:56
[2025-06-06T18:20:56.499+0000] {logging_mixin.py:190} INFO - 18:20:56  1 of 13 START sql incremental model sales.mercadolivre_orders_results .......... [RUN]
[2025-06-06T18:20:56.501+0000] {logging_mixin.py:190} INFO - 18:20:56  2 of 13 START sql incremental model sales.stg_shopee ........................... [RUN]
[2025-06-06T18:20:56.902+0000] {logging_mixin.py:190} INFO - 18:20:56  2 of 13 OK created sql incremental model sales.stg_shopee ...................... [MERGE 0 in 0.39s]
[2025-06-06T18:20:56.904+0000] {logging_mixin.py:190} INFO - 18:20:56  1 of 13 OK created sql incremental model sales.mercadolivre_orders_results ..... [MERGE 190 in 0.40s]
[2025-06-06T18:20:56.913+0000] {logging_mixin.py:190} INFO - 18:20:56  3 of 13 START sql incremental model sales.shopee_new_id ........................ [RUN]
[2025-06-06T18:20:56.914+0000] {logging_mixin.py:190} INFO - 18:20:56  4 of 13 START sql incremental model sales.dim_mercadolivre_buyer ............... [RUN]
[2025-06-06T18:20:56.916+0000] {logging_mixin.py:190} INFO - 18:20:56  5 of 13 START sql incremental model sales.dim_mercadolivre_date ................ [RUN]
[2025-06-06T18:20:56.918+0000] {logging_mixin.py:190} INFO - 18:20:56  6 of 13 START sql incremental model sales.dim_mercadolivre_orders_status ....... [RUN]
[2025-06-06T18:20:57.181+0000] {logging_mixin.py:190} INFO - 18:20:57  3 of 13 OK created sql incremental model sales.shopee_new_id ................... [MERGE 0 in 0.25s]
[2025-06-06T18:20:57.197+0000] {logging_mixin.py:190} INFO - 18:20:57  7 of 13 START sql incremental model sales.dim_mercadolivre_product ............. [RUN]
[2025-06-06T18:20:57.199+0000] {logging_mixin.py:190} INFO - 18:20:57  6 of 13 OK created sql incremental model sales.dim_mercadolivre_orders_status .. [MERGE 190 in 0.27s]
[2025-06-06T18:20:57.205+0000] {logging_mixin.py:190} INFO - 18:20:57  4 of 13 OK created sql incremental model sales.dim_mercadolivre_buyer .......... [MERGE 188 in 0.28s]
[2025-06-06T18:20:57.224+0000] {logging_mixin.py:190} INFO - 18:20:57  8 of 13 START sql incremental model sales.shopee_orders_results ................ [RUN]
[2025-06-06T18:20:57.273+0000] {logging_mixin.py:190} INFO - 18:20:57  5 of 13 OK created sql incremental model sales.dim_mercadolivre_date ........... [MERGE 190 in 0.34s]
[2025-06-06T18:20:57.377+0000] {logging_mixin.py:190} INFO - 18:20:57  8 of 13 OK created sql incremental model sales.shopee_orders_results ........... [MERGE 0 in 0.14s]
[2025-06-06T18:20:57.388+0000] {logging_mixin.py:190} INFO - 18:20:57  9 of 13 START sql incremental model sales.dim_shopee_buyer ..................... [RUN]
[2025-06-06T18:20:57.390+0000] {logging_mixin.py:190} INFO - 18:20:57  10 of 13 START sql incremental model sales.dim_shopee_date ..................... [RUN]
[2025-06-06T18:20:57.392+0000] {logging_mixin.py:190} INFO - 18:20:57  11 of 13 START sql incremental model sales.dim_shopee_orders_status ............ [RUN]
[2025-06-06T18:20:57.476+0000] {logging_mixin.py:190} INFO - 18:20:57  7 of 13 OK created sql incremental model sales.dim_mercadolivre_product ........ [MERGE 65 in 0.27s]
[2025-06-06T18:20:57.482+0000] {logging_mixin.py:190} INFO - 18:20:57  12 of 13 START sql incremental model sales.dim_shopee_product .................. [RUN]
[2025-06-06T18:20:57.668+0000] {logging_mixin.py:190} INFO - 18:20:57  9 of 13 OK created sql incremental model sales.dim_shopee_buyer ................ [MERGE 0 in 0.27s]
[2025-06-06T18:20:57.671+0000] {logging_mixin.py:190} INFO - 18:20:57  10 of 13 OK created sql incremental model sales.dim_shopee_date ................ [MERGE 0 in 0.27s]
[2025-06-06T18:20:57.684+0000] {logging_mixin.py:190} INFO - 18:20:57  11 of 13 OK created sql incremental model sales.dim_shopee_orders_status ....... [MERGE 0 in 0.28s]
[2025-06-06T18:20:57.701+0000] {logging_mixin.py:190} INFO - 18:20:57  12 of 13 OK created sql incremental model sales.dim_shopee_product ............. [MERGE 0 in 0.22s]
[2025-06-06T18:20:57.710+0000] {logging_mixin.py:190} INFO - 18:20:57  13 of 13 START sql view model sales.sum_shopee_products_sold ................... [RUN]
[2025-06-06T18:20:57.832+0000] {logging_mixin.py:190} INFO - 18:20:57  13 of 13 OK created sql view model sales.sum_shopee_products_sold .............. [CREATE VIEW in 0.12s]
[2025-06-06T18:20:57.859+0000] {logging_mixin.py:190} INFO - 18:20:57
[2025-06-06T18:20:57.860+0000] {logging_mixin.py:190} INFO - 18:20:57  Finished running 12 incremental models, 1 view model in 0 hours 0 minutes and 1.50 seconds (1.50s).
[2025-06-06T18:20:57.939+0000] {logging_mixin.py:190} INFO - 18:20:57
[2025-06-06T18:20:57.940+0000] {logging_mixin.py:190} INFO - 18:20:57  Completed successfully
[2025-06-06T18:20:57.942+0000] {logging_mixin.py:190} INFO - 18:20:57
[2025-06-06T18:20:57.943+0000] {logging_mixin.py:190} INFO - 18:20:57  Done. PASS=13 WARN=0 ERROR=0 SKIP=0 TOTAL=13
[2025-06-06T18:20:58.801+0000] {logging_mixin.py:190} INFO - Transformation sucessfully done.
[2025-06-06T18:20:58.802+0000] {python.py:240} INFO - Done. Returned value was: None
[2025-06-06T18:20:58.814+0000] {taskinstance.py:340} INFO - ::group::Post task execution logs
[2025-06-06T18:20:58.815+0000] {taskinstance.py:352} INFO - Marking task as SUCCESS. dag_id=04_transform_data, task_id=run_dbt, run_id=manual__2025-06-06T18:20:41.603178+00:00, execution_date=20250606T182041, start_date=20250606T182052, end_date=20250606T182058
[2025-06-06T18:20:58.867+0000] {local_task_job_runner.py:266} INFO - Task exited with return code 0
[2025-06-06T18:20:58.884+0000] {taskinstance.py:3895} INFO - 0 downstream tasks scheduled from follow-on schedule check
[2025-06-06T18:20:58.887+0000] {local_task_job_runner.py:245} INFO - ::endgroup::
