[2025-06-04T22:47:55.380+0000] {processor.py:186} INFO - Started process (PID=63) to work on /opt/airflow/dags/00_create_iac.py
[2025-06-04T22:47:55.382+0000] {processor.py:914} INFO - Processing file /opt/airflow/dags/00_create_iac.py for tasks to queue
[2025-06-04T22:47:55.386+0000] {logging_mixin.py:190} INFO - [2025-06-04T22:47:55.386+0000] {dagbag.py:588} INFO - Filling up the DagBag from /opt/airflow/dags/00_create_iac.py
[2025-06-04T22:47:55.419+0000] {processor.py:925} INFO - DAG(s) '00_create_IAC' retrieved from /opt/airflow/dags/00_create_iac.py
[2025-06-04T22:47:55.458+0000] {logging_mixin.py:190} INFO - [2025-06-04T22:47:55.458+0000] {dag.py:3239} INFO - Sync 1 DAGs
[2025-06-04T22:47:55.479+0000] {logging_mixin.py:190} INFO - [2025-06-04T22:47:55.479+0000] {dag.py:4180} INFO - Setting next_dagrun for 00_create_IAC to None, run_after=None
[2025-06-04T22:47:55.502+0000] {processor.py:208} INFO - Processing /opt/airflow/dags/00_create_iac.py took 0.130 seconds
[2025-06-04T22:48:26.018+0000] {processor.py:186} INFO - Started process (PID=74) to work on /opt/airflow/dags/00_create_iac.py
[2025-06-04T22:48:26.019+0000] {processor.py:914} INFO - Processing file /opt/airflow/dags/00_create_iac.py for tasks to queue
[2025-06-04T22:48:26.021+0000] {logging_mixin.py:190} INFO - [2025-06-04T22:48:26.021+0000] {dagbag.py:588} INFO - Filling up the DagBag from /opt/airflow/dags/00_create_iac.py
[2025-06-04T22:48:26.043+0000] {processor.py:925} INFO - DAG(s) '00_create_IAC' retrieved from /opt/airflow/dags/00_create_iac.py
[2025-06-04T22:48:26.071+0000] {logging_mixin.py:190} INFO - [2025-06-04T22:48:26.071+0000] {dag.py:3239} INFO - Sync 1 DAGs
[2025-06-04T22:48:26.087+0000] {logging_mixin.py:190} INFO - [2025-06-04T22:48:26.087+0000] {dag.py:4180} INFO - Setting next_dagrun for 00_create_IAC to None, run_after=None
[2025-06-04T22:48:26.107+0000] {processor.py:208} INFO - Processing /opt/airflow/dags/00_create_iac.py took 0.095 seconds
[2025-06-04T22:48:56.845+0000] {processor.py:186} INFO - Started process (PID=85) to work on /opt/airflow/dags/00_create_iac.py
[2025-06-04T22:48:56.846+0000] {processor.py:914} INFO - Processing file /opt/airflow/dags/00_create_iac.py for tasks to queue
[2025-06-04T22:48:56.848+0000] {logging_mixin.py:190} INFO - [2025-06-04T22:48:56.848+0000] {dagbag.py:588} INFO - Filling up the DagBag from /opt/airflow/dags/00_create_iac.py
[2025-06-04T22:48:56.872+0000] {processor.py:925} INFO - DAG(s) '00_create_IAC' retrieved from /opt/airflow/dags/00_create_iac.py
[2025-06-04T22:48:56.899+0000] {logging_mixin.py:190} INFO - [2025-06-04T22:48:56.899+0000] {dag.py:3239} INFO - Sync 1 DAGs
[2025-06-04T22:48:56.914+0000] {logging_mixin.py:190} INFO - [2025-06-04T22:48:56.914+0000] {dag.py:4180} INFO - Setting next_dagrun for 00_create_IAC to None, run_after=None
[2025-06-04T22:48:56.934+0000] {processor.py:208} INFO - Processing /opt/airflow/dags/00_create_iac.py took 0.094 seconds
[2025-06-04T22:49:27.681+0000] {processor.py:186} INFO - Started process (PID=96) to work on /opt/airflow/dags/00_create_iac.py
[2025-06-04T22:49:27.682+0000] {processor.py:914} INFO - Processing file /opt/airflow/dags/00_create_iac.py for tasks to queue
[2025-06-04T22:49:27.684+0000] {logging_mixin.py:190} INFO - [2025-06-04T22:49:27.683+0000] {dagbag.py:588} INFO - Filling up the DagBag from /opt/airflow/dags/00_create_iac.py
[2025-06-04T22:49:27.704+0000] {processor.py:925} INFO - DAG(s) '00_create_IAC' retrieved from /opt/airflow/dags/00_create_iac.py
[2025-06-04T22:49:27.728+0000] {logging_mixin.py:190} INFO - [2025-06-04T22:49:27.728+0000] {dag.py:3239} INFO - Sync 1 DAGs
[2025-06-04T22:49:27.741+0000] {logging_mixin.py:190} INFO - [2025-06-04T22:49:27.741+0000] {dag.py:4180} INFO - Setting next_dagrun for 00_create_IAC to None, run_after=None
[2025-06-04T22:49:27.759+0000] {processor.py:208} INFO - Processing /opt/airflow/dags/00_create_iac.py took 0.085 seconds
[2025-06-04T22:49:58.627+0000] {processor.py:186} INFO - Started process (PID=107) to work on /opt/airflow/dags/00_create_iac.py
[2025-06-04T22:49:58.628+0000] {processor.py:914} INFO - Processing file /opt/airflow/dags/00_create_iac.py for tasks to queue
[2025-06-04T22:49:58.630+0000] {logging_mixin.py:190} INFO - [2025-06-04T22:49:58.630+0000] {dagbag.py:588} INFO - Filling up the DagBag from /opt/airflow/dags/00_create_iac.py
[2025-06-04T22:49:58.652+0000] {processor.py:925} INFO - DAG(s) '00_create_IAC' retrieved from /opt/airflow/dags/00_create_iac.py
[2025-06-04T22:49:58.678+0000] {logging_mixin.py:190} INFO - [2025-06-04T22:49:58.678+0000] {dag.py:3239} INFO - Sync 1 DAGs
[2025-06-04T22:49:58.691+0000] {logging_mixin.py:190} INFO - [2025-06-04T22:49:58.691+0000] {dag.py:4180} INFO - Setting next_dagrun for 00_create_IAC to None, run_after=None
[2025-06-04T22:49:58.718+0000] {processor.py:208} INFO - Processing /opt/airflow/dags/00_create_iac.py took 0.096 seconds
[2025-06-04T22:50:29.379+0000] {processor.py:186} INFO - Started process (PID=118) to work on /opt/airflow/dags/00_create_iac.py
[2025-06-04T22:50:29.380+0000] {processor.py:914} INFO - Processing file /opt/airflow/dags/00_create_iac.py for tasks to queue
[2025-06-04T22:50:29.383+0000] {logging_mixin.py:190} INFO - [2025-06-04T22:50:29.382+0000] {dagbag.py:588} INFO - Filling up the DagBag from /opt/airflow/dags/00_create_iac.py
[2025-06-04T22:50:29.411+0000] {processor.py:925} INFO - DAG(s) '00_create_IAC' retrieved from /opt/airflow/dags/00_create_iac.py
[2025-06-04T22:50:29.440+0000] {logging_mixin.py:190} INFO - [2025-06-04T22:50:29.440+0000] {dag.py:3239} INFO - Sync 1 DAGs
[2025-06-04T22:50:29.454+0000] {logging_mixin.py:190} INFO - [2025-06-04T22:50:29.454+0000] {dag.py:4180} INFO - Setting next_dagrun for 00_create_IAC to None, run_after=None
[2025-06-04T22:50:29.473+0000] {processor.py:208} INFO - Processing /opt/airflow/dags/00_create_iac.py took 0.102 seconds
[2025-06-04T22:51:00.187+0000] {processor.py:186} INFO - Started process (PID=135) to work on /opt/airflow/dags/00_create_iac.py
[2025-06-04T22:51:00.188+0000] {processor.py:914} INFO - Processing file /opt/airflow/dags/00_create_iac.py for tasks to queue
[2025-06-04T22:51:00.191+0000] {logging_mixin.py:190} INFO - [2025-06-04T22:51:00.191+0000] {dagbag.py:588} INFO - Filling up the DagBag from /opt/airflow/dags/00_create_iac.py
[2025-06-04T22:51:00.213+0000] {processor.py:925} INFO - DAG(s) '00_create_IAC' retrieved from /opt/airflow/dags/00_create_iac.py
[2025-06-04T22:51:00.238+0000] {logging_mixin.py:190} INFO - [2025-06-04T22:51:00.238+0000] {dag.py:3239} INFO - Sync 1 DAGs
[2025-06-04T22:51:00.252+0000] {logging_mixin.py:190} INFO - [2025-06-04T22:51:00.252+0000] {dag.py:4180} INFO - Setting next_dagrun for 00_create_IAC to None, run_after=None
[2025-06-04T22:51:00.270+0000] {processor.py:208} INFO - Processing /opt/airflow/dags/00_create_iac.py took 0.089 seconds
[2025-06-04T22:51:31.067+0000] {processor.py:186} INFO - Started process (PID=146) to work on /opt/airflow/dags/00_create_iac.py
[2025-06-04T22:51:31.068+0000] {processor.py:914} INFO - Processing file /opt/airflow/dags/00_create_iac.py for tasks to queue
[2025-06-04T22:51:31.070+0000] {logging_mixin.py:190} INFO - [2025-06-04T22:51:31.070+0000] {dagbag.py:588} INFO - Filling up the DagBag from /opt/airflow/dags/00_create_iac.py
[2025-06-04T22:51:31.093+0000] {processor.py:925} INFO - DAG(s) '00_create_IAC' retrieved from /opt/airflow/dags/00_create_iac.py
[2025-06-04T22:51:31.118+0000] {logging_mixin.py:190} INFO - [2025-06-04T22:51:31.118+0000] {dag.py:3239} INFO - Sync 1 DAGs
[2025-06-04T22:51:31.131+0000] {logging_mixin.py:190} INFO - [2025-06-04T22:51:31.131+0000] {dag.py:4180} INFO - Setting next_dagrun for 00_create_IAC to None, run_after=None
[2025-06-04T22:51:31.148+0000] {processor.py:208} INFO - Processing /opt/airflow/dags/00_create_iac.py took 0.087 seconds
[2025-06-04T22:52:02.127+0000] {processor.py:186} INFO - Started process (PID=157) to work on /opt/airflow/dags/00_create_iac.py
[2025-06-04T22:52:02.128+0000] {processor.py:914} INFO - Processing file /opt/airflow/dags/00_create_iac.py for tasks to queue
[2025-06-04T22:52:02.131+0000] {logging_mixin.py:190} INFO - [2025-06-04T22:52:02.130+0000] {dagbag.py:588} INFO - Filling up the DagBag from /opt/airflow/dags/00_create_iac.py
[2025-06-04T22:52:02.151+0000] {processor.py:925} INFO - DAG(s) '00_create_IAC' retrieved from /opt/airflow/dags/00_create_iac.py
[2025-06-04T22:52:02.176+0000] {logging_mixin.py:190} INFO - [2025-06-04T22:52:02.176+0000] {dag.py:3239} INFO - Sync 1 DAGs
[2025-06-04T22:52:02.188+0000] {logging_mixin.py:190} INFO - [2025-06-04T22:52:02.188+0000] {dag.py:4180} INFO - Setting next_dagrun for 00_create_IAC to None, run_after=None
[2025-06-04T22:52:02.206+0000] {processor.py:208} INFO - Processing /opt/airflow/dags/00_create_iac.py took 0.083 seconds
[2025-06-04T22:52:32.820+0000] {processor.py:186} INFO - Started process (PID=168) to work on /opt/airflow/dags/00_create_iac.py
[2025-06-04T22:52:32.820+0000] {processor.py:914} INFO - Processing file /opt/airflow/dags/00_create_iac.py for tasks to queue
[2025-06-04T22:52:32.822+0000] {logging_mixin.py:190} INFO - [2025-06-04T22:52:32.822+0000] {dagbag.py:588} INFO - Filling up the DagBag from /opt/airflow/dags/00_create_iac.py
[2025-06-04T22:52:32.843+0000] {processor.py:925} INFO - DAG(s) '00_create_IAC' retrieved from /opt/airflow/dags/00_create_iac.py
[2025-06-04T22:52:32.868+0000] {logging_mixin.py:190} INFO - [2025-06-04T22:52:32.868+0000] {dag.py:3239} INFO - Sync 1 DAGs
[2025-06-04T22:52:32.881+0000] {logging_mixin.py:190} INFO - [2025-06-04T22:52:32.880+0000] {dag.py:4180} INFO - Setting next_dagrun for 00_create_IAC to None, run_after=None
[2025-06-04T22:52:32.897+0000] {processor.py:208} INFO - Processing /opt/airflow/dags/00_create_iac.py took 0.083 seconds
[2025-06-04T22:53:03.736+0000] {processor.py:186} INFO - Started process (PID=179) to work on /opt/airflow/dags/00_create_iac.py
[2025-06-04T22:53:03.737+0000] {processor.py:914} INFO - Processing file /opt/airflow/dags/00_create_iac.py for tasks to queue
[2025-06-04T22:53:03.739+0000] {logging_mixin.py:190} INFO - [2025-06-04T22:53:03.739+0000] {dagbag.py:588} INFO - Filling up the DagBag from /opt/airflow/dags/00_create_iac.py
[2025-06-04T22:53:03.760+0000] {processor.py:925} INFO - DAG(s) '00_create_IAC' retrieved from /opt/airflow/dags/00_create_iac.py
[2025-06-04T22:53:03.784+0000] {logging_mixin.py:190} INFO - [2025-06-04T22:53:03.784+0000] {dag.py:3239} INFO - Sync 1 DAGs
[2025-06-04T22:53:03.798+0000] {logging_mixin.py:190} INFO - [2025-06-04T22:53:03.797+0000] {dag.py:4180} INFO - Setting next_dagrun for 00_create_IAC to None, run_after=None
[2025-06-04T22:53:03.814+0000] {processor.py:208} INFO - Processing /opt/airflow/dags/00_create_iac.py took 0.084 seconds
[2025-06-04T22:53:34.599+0000] {processor.py:186} INFO - Started process (PID=190) to work on /opt/airflow/dags/00_create_iac.py
[2025-06-04T22:53:34.600+0000] {processor.py:914} INFO - Processing file /opt/airflow/dags/00_create_iac.py for tasks to queue
[2025-06-04T22:53:34.602+0000] {logging_mixin.py:190} INFO - [2025-06-04T22:53:34.602+0000] {dagbag.py:588} INFO - Filling up the DagBag from /opt/airflow/dags/00_create_iac.py
[2025-06-04T22:53:34.625+0000] {processor.py:925} INFO - DAG(s) '00_create_IAC' retrieved from /opt/airflow/dags/00_create_iac.py
[2025-06-04T22:53:34.653+0000] {logging_mixin.py:190} INFO - [2025-06-04T22:53:34.652+0000] {dag.py:3239} INFO - Sync 1 DAGs
[2025-06-04T22:53:34.666+0000] {logging_mixin.py:190} INFO - [2025-06-04T22:53:34.666+0000] {dag.py:4180} INFO - Setting next_dagrun for 00_create_IAC to None, run_after=None
[2025-06-04T22:53:34.683+0000] {processor.py:208} INFO - Processing /opt/airflow/dags/00_create_iac.py took 0.089 seconds
[2025-06-04T22:54:05.460+0000] {processor.py:186} INFO - Started process (PID=201) to work on /opt/airflow/dags/00_create_iac.py
[2025-06-04T22:54:05.461+0000] {processor.py:914} INFO - Processing file /opt/airflow/dags/00_create_iac.py for tasks to queue
[2025-06-04T22:54:05.463+0000] {logging_mixin.py:190} INFO - [2025-06-04T22:54:05.463+0000] {dagbag.py:588} INFO - Filling up the DagBag from /opt/airflow/dags/00_create_iac.py
[2025-06-04T22:54:05.483+0000] {processor.py:925} INFO - DAG(s) '00_create_IAC' retrieved from /opt/airflow/dags/00_create_iac.py
[2025-06-04T22:54:05.508+0000] {logging_mixin.py:190} INFO - [2025-06-04T22:54:05.508+0000] {dag.py:3239} INFO - Sync 1 DAGs
[2025-06-04T22:54:05.521+0000] {logging_mixin.py:190} INFO - [2025-06-04T22:54:05.521+0000] {dag.py:4180} INFO - Setting next_dagrun for 00_create_IAC to None, run_after=None
[2025-06-04T22:54:05.538+0000] {processor.py:208} INFO - Processing /opt/airflow/dags/00_create_iac.py took 0.084 seconds
[2025-06-04T22:54:36.165+0000] {processor.py:186} INFO - Started process (PID=212) to work on /opt/airflow/dags/00_create_iac.py
[2025-06-04T22:54:36.166+0000] {processor.py:914} INFO - Processing file /opt/airflow/dags/00_create_iac.py for tasks to queue
[2025-06-04T22:54:36.169+0000] {logging_mixin.py:190} INFO - [2025-06-04T22:54:36.168+0000] {dagbag.py:588} INFO - Filling up the DagBag from /opt/airflow/dags/00_create_iac.py
[2025-06-04T22:54:36.190+0000] {processor.py:925} INFO - DAG(s) '00_create_IAC' retrieved from /opt/airflow/dags/00_create_iac.py
[2025-06-04T22:54:36.216+0000] {logging_mixin.py:190} INFO - [2025-06-04T22:54:36.216+0000] {dag.py:3239} INFO - Sync 1 DAGs
[2025-06-04T22:54:36.229+0000] {logging_mixin.py:190} INFO - [2025-06-04T22:54:36.229+0000] {dag.py:4180} INFO - Setting next_dagrun for 00_create_IAC to None, run_after=None
[2025-06-04T22:54:36.247+0000] {processor.py:208} INFO - Processing /opt/airflow/dags/00_create_iac.py took 0.087 seconds
[2025-06-04T22:55:07.092+0000] {processor.py:186} INFO - Started process (PID=223) to work on /opt/airflow/dags/00_create_iac.py
[2025-06-04T22:55:07.092+0000] {processor.py:914} INFO - Processing file /opt/airflow/dags/00_create_iac.py for tasks to queue
[2025-06-04T22:55:07.094+0000] {logging_mixin.py:190} INFO - [2025-06-04T22:55:07.094+0000] {dagbag.py:588} INFO - Filling up the DagBag from /opt/airflow/dags/00_create_iac.py
[2025-06-04T22:55:07.116+0000] {processor.py:925} INFO - DAG(s) '00_create_IAC' retrieved from /opt/airflow/dags/00_create_iac.py
[2025-06-04T22:55:07.144+0000] {logging_mixin.py:190} INFO - [2025-06-04T22:55:07.144+0000] {dag.py:3239} INFO - Sync 1 DAGs
[2025-06-04T22:55:07.158+0000] {logging_mixin.py:190} INFO - [2025-06-04T22:55:07.157+0000] {dag.py:4180} INFO - Setting next_dagrun for 00_create_IAC to None, run_after=None
[2025-06-04T22:55:07.175+0000] {processor.py:208} INFO - Processing /opt/airflow/dags/00_create_iac.py took 0.089 seconds
[2025-06-04T22:55:37.816+0000] {processor.py:186} INFO - Started process (PID=234) to work on /opt/airflow/dags/00_create_iac.py
[2025-06-04T22:55:37.817+0000] {processor.py:914} INFO - Processing file /opt/airflow/dags/00_create_iac.py for tasks to queue
[2025-06-04T22:55:37.819+0000] {logging_mixin.py:190} INFO - [2025-06-04T22:55:37.819+0000] {dagbag.py:588} INFO - Filling up the DagBag from /opt/airflow/dags/00_create_iac.py
[2025-06-04T22:55:37.844+0000] {processor.py:925} INFO - DAG(s) '00_create_IAC' retrieved from /opt/airflow/dags/00_create_iac.py
[2025-06-04T22:55:37.869+0000] {logging_mixin.py:190} INFO - [2025-06-04T22:55:37.869+0000] {dag.py:3239} INFO - Sync 1 DAGs
[2025-06-04T22:55:37.884+0000] {logging_mixin.py:190} INFO - [2025-06-04T22:55:37.884+0000] {dag.py:4180} INFO - Setting next_dagrun for 00_create_IAC to None, run_after=None
[2025-06-04T22:55:37.904+0000] {processor.py:208} INFO - Processing /opt/airflow/dags/00_create_iac.py took 0.093 seconds
[2025-06-04T22:56:08.604+0000] {processor.py:186} INFO - Started process (PID=246) to work on /opt/airflow/dags/00_create_iac.py
[2025-06-04T22:56:08.604+0000] {processor.py:914} INFO - Processing file /opt/airflow/dags/00_create_iac.py for tasks to queue
[2025-06-04T22:56:08.607+0000] {logging_mixin.py:190} INFO - [2025-06-04T22:56:08.606+0000] {dagbag.py:588} INFO - Filling up the DagBag from /opt/airflow/dags/00_create_iac.py
[2025-06-04T22:56:08.628+0000] {processor.py:925} INFO - DAG(s) '00_create_IAC' retrieved from /opt/airflow/dags/00_create_iac.py
[2025-06-04T22:56:08.653+0000] {logging_mixin.py:190} INFO - [2025-06-04T22:56:08.653+0000] {dag.py:3239} INFO - Sync 1 DAGs
[2025-06-04T22:56:08.666+0000] {logging_mixin.py:190} INFO - [2025-06-04T22:56:08.666+0000] {dag.py:4180} INFO - Setting next_dagrun for 00_create_IAC to None, run_after=None
[2025-06-04T22:56:08.684+0000] {processor.py:208} INFO - Processing /opt/airflow/dags/00_create_iac.py took 0.086 seconds
[2025-06-04T22:56:39.321+0000] {processor.py:186} INFO - Started process (PID=257) to work on /opt/airflow/dags/00_create_iac.py
[2025-06-04T22:56:39.322+0000] {processor.py:914} INFO - Processing file /opt/airflow/dags/00_create_iac.py for tasks to queue
[2025-06-04T22:56:39.324+0000] {logging_mixin.py:190} INFO - [2025-06-04T22:56:39.324+0000] {dagbag.py:588} INFO - Filling up the DagBag from /opt/airflow/dags/00_create_iac.py
[2025-06-04T22:56:39.351+0000] {processor.py:925} INFO - DAG(s) '00_create_IAC' retrieved from /opt/airflow/dags/00_create_iac.py
[2025-06-04T22:56:39.378+0000] {logging_mixin.py:190} INFO - [2025-06-04T22:56:39.378+0000] {dag.py:3239} INFO - Sync 1 DAGs
[2025-06-04T22:56:39.394+0000] {logging_mixin.py:190} INFO - [2025-06-04T22:56:39.394+0000] {dag.py:4180} INFO - Setting next_dagrun for 00_create_IAC to None, run_after=None
[2025-06-04T22:56:39.414+0000] {processor.py:208} INFO - Processing /opt/airflow/dags/00_create_iac.py took 0.100 seconds
[2025-06-04T22:57:10.134+0000] {processor.py:186} INFO - Started process (PID=268) to work on /opt/airflow/dags/00_create_iac.py
[2025-06-04T22:57:10.135+0000] {processor.py:914} INFO - Processing file /opt/airflow/dags/00_create_iac.py for tasks to queue
[2025-06-04T22:57:10.137+0000] {logging_mixin.py:190} INFO - [2025-06-04T22:57:10.137+0000] {dagbag.py:588} INFO - Filling up the DagBag from /opt/airflow/dags/00_create_iac.py
[2025-06-04T22:57:10.158+0000] {processor.py:925} INFO - DAG(s) '00_create_IAC' retrieved from /opt/airflow/dags/00_create_iac.py
[2025-06-04T22:57:10.182+0000] {logging_mixin.py:190} INFO - [2025-06-04T22:57:10.182+0000] {dag.py:3239} INFO - Sync 1 DAGs
[2025-06-04T22:57:10.195+0000] {logging_mixin.py:190} INFO - [2025-06-04T22:57:10.194+0000] {dag.py:4180} INFO - Setting next_dagrun for 00_create_IAC to None, run_after=None
[2025-06-04T22:57:10.210+0000] {processor.py:208} INFO - Processing /opt/airflow/dags/00_create_iac.py took 0.081 seconds
[2025-06-04T22:57:40.773+0000] {processor.py:186} INFO - Started process (PID=279) to work on /opt/airflow/dags/00_create_iac.py
[2025-06-04T22:57:40.774+0000] {processor.py:914} INFO - Processing file /opt/airflow/dags/00_create_iac.py for tasks to queue
[2025-06-04T22:57:40.776+0000] {logging_mixin.py:190} INFO - [2025-06-04T22:57:40.776+0000] {dagbag.py:588} INFO - Filling up the DagBag from /opt/airflow/dags/00_create_iac.py
[2025-06-04T22:57:40.801+0000] {processor.py:925} INFO - DAG(s) '00_create_IAC' retrieved from /opt/airflow/dags/00_create_iac.py
[2025-06-04T22:57:40.828+0000] {logging_mixin.py:190} INFO - [2025-06-04T22:57:40.827+0000] {dag.py:3239} INFO - Sync 1 DAGs
[2025-06-04T22:57:40.841+0000] {logging_mixin.py:190} INFO - [2025-06-04T22:57:40.841+0000] {dag.py:4180} INFO - Setting next_dagrun for 00_create_IAC to None, run_after=None
[2025-06-04T22:57:40.861+0000] {processor.py:208} INFO - Processing /opt/airflow/dags/00_create_iac.py took 0.094 seconds
[2025-06-04T22:58:11.673+0000] {processor.py:186} INFO - Started process (PID=290) to work on /opt/airflow/dags/00_create_iac.py
[2025-06-04T22:58:11.674+0000] {processor.py:914} INFO - Processing file /opt/airflow/dags/00_create_iac.py for tasks to queue
[2025-06-04T22:58:11.678+0000] {logging_mixin.py:190} INFO - [2025-06-04T22:58:11.677+0000] {dagbag.py:588} INFO - Filling up the DagBag from /opt/airflow/dags/00_create_iac.py
[2025-06-04T22:58:11.707+0000] {processor.py:925} INFO - DAG(s) '00_create_IAC' retrieved from /opt/airflow/dags/00_create_iac.py
[2025-06-04T22:58:11.740+0000] {logging_mixin.py:190} INFO - [2025-06-04T22:58:11.740+0000] {dag.py:3239} INFO - Sync 1 DAGs
[2025-06-04T22:58:11.755+0000] {logging_mixin.py:190} INFO - [2025-06-04T22:58:11.755+0000] {dag.py:4180} INFO - Setting next_dagrun for 00_create_IAC to None, run_after=None
[2025-06-04T22:58:11.776+0000] {processor.py:208} INFO - Processing /opt/airflow/dags/00_create_iac.py took 0.110 seconds
[2025-06-04T22:58:42.646+0000] {processor.py:186} INFO - Started process (PID=301) to work on /opt/airflow/dags/00_create_iac.py
[2025-06-04T22:58:42.647+0000] {processor.py:914} INFO - Processing file /opt/airflow/dags/00_create_iac.py for tasks to queue
[2025-06-04T22:58:42.649+0000] {logging_mixin.py:190} INFO - [2025-06-04T22:58:42.648+0000] {dagbag.py:588} INFO - Filling up the DagBag from /opt/airflow/dags/00_create_iac.py
[2025-06-04T22:58:42.672+0000] {processor.py:925} INFO - DAG(s) '00_create_IAC' retrieved from /opt/airflow/dags/00_create_iac.py
[2025-06-04T22:58:42.697+0000] {logging_mixin.py:190} INFO - [2025-06-04T22:58:42.697+0000] {dag.py:3239} INFO - Sync 1 DAGs
[2025-06-04T22:58:42.710+0000] {logging_mixin.py:190} INFO - [2025-06-04T22:58:42.710+0000] {dag.py:4180} INFO - Setting next_dagrun for 00_create_IAC to None, run_after=None
[2025-06-04T22:58:42.727+0000] {processor.py:208} INFO - Processing /opt/airflow/dags/00_create_iac.py took 0.087 seconds
[2025-06-04T22:59:13.368+0000] {processor.py:186} INFO - Started process (PID=313) to work on /opt/airflow/dags/00_create_iac.py
[2025-06-04T22:59:13.369+0000] {processor.py:914} INFO - Processing file /opt/airflow/dags/00_create_iac.py for tasks to queue
[2025-06-04T22:59:13.371+0000] {logging_mixin.py:190} INFO - [2025-06-04T22:59:13.371+0000] {dagbag.py:588} INFO - Filling up the DagBag from /opt/airflow/dags/00_create_iac.py
[2025-06-04T22:59:13.392+0000] {processor.py:925} INFO - DAG(s) '00_create_IAC' retrieved from /opt/airflow/dags/00_create_iac.py
[2025-06-04T22:59:13.417+0000] {logging_mixin.py:190} INFO - [2025-06-04T22:59:13.417+0000] {dag.py:3239} INFO - Sync 1 DAGs
[2025-06-04T22:59:13.430+0000] {logging_mixin.py:190} INFO - [2025-06-04T22:59:13.429+0000] {dag.py:4180} INFO - Setting next_dagrun for 00_create_IAC to None, run_after=None
[2025-06-04T22:59:13.448+0000] {processor.py:208} INFO - Processing /opt/airflow/dags/00_create_iac.py took 0.085 seconds
[2025-06-04T22:59:44.042+0000] {processor.py:186} INFO - Started process (PID=324) to work on /opt/airflow/dags/00_create_iac.py
[2025-06-04T22:59:44.042+0000] {processor.py:914} INFO - Processing file /opt/airflow/dags/00_create_iac.py for tasks to queue
[2025-06-04T22:59:44.044+0000] {logging_mixin.py:190} INFO - [2025-06-04T22:59:44.044+0000] {dagbag.py:588} INFO - Filling up the DagBag from /opt/airflow/dags/00_create_iac.py
[2025-06-04T22:59:44.066+0000] {processor.py:925} INFO - DAG(s) '00_create_IAC' retrieved from /opt/airflow/dags/00_create_iac.py
[2025-06-04T22:59:44.090+0000] {logging_mixin.py:190} INFO - [2025-06-04T22:59:44.090+0000] {dag.py:3239} INFO - Sync 1 DAGs
[2025-06-04T22:59:44.103+0000] {logging_mixin.py:190} INFO - [2025-06-04T22:59:44.103+0000] {dag.py:4180} INFO - Setting next_dagrun for 00_create_IAC to None, run_after=None
[2025-06-04T22:59:44.121+0000] {processor.py:208} INFO - Processing /opt/airflow/dags/00_create_iac.py took 0.085 seconds
[2025-06-04T23:00:14.739+0000] {processor.py:186} INFO - Started process (PID=336) to work on /opt/airflow/dags/00_create_iac.py
[2025-06-04T23:00:14.740+0000] {processor.py:914} INFO - Processing file /opt/airflow/dags/00_create_iac.py for tasks to queue
[2025-06-04T23:00:14.742+0000] {logging_mixin.py:190} INFO - [2025-06-04T23:00:14.742+0000] {dagbag.py:588} INFO - Filling up the DagBag from /opt/airflow/dags/00_create_iac.py
[2025-06-04T23:00:14.767+0000] {processor.py:925} INFO - DAG(s) '00_create_IAC' retrieved from /opt/airflow/dags/00_create_iac.py
[2025-06-04T23:00:14.794+0000] {logging_mixin.py:190} INFO - [2025-06-04T23:00:14.794+0000] {dag.py:3239} INFO - Sync 1 DAGs
[2025-06-04T23:00:14.808+0000] {logging_mixin.py:190} INFO - [2025-06-04T23:00:14.808+0000] {dag.py:4180} INFO - Setting next_dagrun for 00_create_IAC to None, run_after=None
[2025-06-04T23:00:14.831+0000] {processor.py:208} INFO - Processing /opt/airflow/dags/00_create_iac.py took 0.099 seconds
[2025-06-04T23:00:45.751+0000] {processor.py:186} INFO - Started process (PID=347) to work on /opt/airflow/dags/00_create_iac.py
[2025-06-04T23:00:45.752+0000] {processor.py:914} INFO - Processing file /opt/airflow/dags/00_create_iac.py for tasks to queue
[2025-06-04T23:00:45.754+0000] {logging_mixin.py:190} INFO - [2025-06-04T23:00:45.754+0000] {dagbag.py:588} INFO - Filling up the DagBag from /opt/airflow/dags/00_create_iac.py
[2025-06-04T23:00:45.774+0000] {processor.py:925} INFO - DAG(s) '00_create_IAC' retrieved from /opt/airflow/dags/00_create_iac.py
[2025-06-04T23:00:45.799+0000] {logging_mixin.py:190} INFO - [2025-06-04T23:00:45.799+0000] {dag.py:3239} INFO - Sync 1 DAGs
[2025-06-04T23:00:45.812+0000] {logging_mixin.py:190} INFO - [2025-06-04T23:00:45.812+0000] {dag.py:4180} INFO - Setting next_dagrun for 00_create_IAC to None, run_after=None
[2025-06-04T23:00:45.828+0000] {processor.py:208} INFO - Processing /opt/airflow/dags/00_create_iac.py took 0.082 seconds
[2025-06-04T23:01:16.578+0000] {processor.py:186} INFO - Started process (PID=359) to work on /opt/airflow/dags/00_create_iac.py
[2025-06-04T23:01:16.579+0000] {processor.py:914} INFO - Processing file /opt/airflow/dags/00_create_iac.py for tasks to queue
[2025-06-04T23:01:16.582+0000] {logging_mixin.py:190} INFO - [2025-06-04T23:01:16.582+0000] {dagbag.py:588} INFO - Filling up the DagBag from /opt/airflow/dags/00_create_iac.py
[2025-06-04T23:01:16.613+0000] {processor.py:925} INFO - DAG(s) '00_create_IAC' retrieved from /opt/airflow/dags/00_create_iac.py
[2025-06-04T23:01:16.649+0000] {logging_mixin.py:190} INFO - [2025-06-04T23:01:16.648+0000] {dag.py:3239} INFO - Sync 1 DAGs
[2025-06-04T23:01:16.666+0000] {logging_mixin.py:190} INFO - [2025-06-04T23:01:16.666+0000] {dag.py:4180} INFO - Setting next_dagrun for 00_create_IAC to None, run_after=None
[2025-06-04T23:01:16.691+0000] {processor.py:208} INFO - Processing /opt/airflow/dags/00_create_iac.py took 0.119 seconds
[2025-06-04T23:01:47.462+0000] {processor.py:186} INFO - Started process (PID=370) to work on /opt/airflow/dags/00_create_iac.py
[2025-06-04T23:01:47.463+0000] {processor.py:914} INFO - Processing file /opt/airflow/dags/00_create_iac.py for tasks to queue
[2025-06-04T23:01:47.465+0000] {logging_mixin.py:190} INFO - [2025-06-04T23:01:47.465+0000] {dagbag.py:588} INFO - Filling up the DagBag from /opt/airflow/dags/00_create_iac.py
[2025-06-04T23:01:47.487+0000] {processor.py:925} INFO - DAG(s) '00_create_IAC' retrieved from /opt/airflow/dags/00_create_iac.py
[2025-06-04T23:01:47.515+0000] {logging_mixin.py:190} INFO - [2025-06-04T23:01:47.515+0000] {dag.py:3239} INFO - Sync 1 DAGs
[2025-06-04T23:01:47.530+0000] {logging_mixin.py:190} INFO - [2025-06-04T23:01:47.530+0000] {dag.py:4180} INFO - Setting next_dagrun for 00_create_IAC to None, run_after=None
[2025-06-04T23:01:47.548+0000] {processor.py:208} INFO - Processing /opt/airflow/dags/00_create_iac.py took 0.092 seconds
[2025-06-04T23:02:18.106+0000] {processor.py:186} INFO - Started process (PID=381) to work on /opt/airflow/dags/00_create_iac.py
[2025-06-04T23:02:18.107+0000] {processor.py:914} INFO - Processing file /opt/airflow/dags/00_create_iac.py for tasks to queue
[2025-06-04T23:02:18.109+0000] {logging_mixin.py:190} INFO - [2025-06-04T23:02:18.109+0000] {dagbag.py:588} INFO - Filling up the DagBag from /opt/airflow/dags/00_create_iac.py
[2025-06-04T23:02:18.130+0000] {processor.py:925} INFO - DAG(s) '00_create_IAC' retrieved from /opt/airflow/dags/00_create_iac.py
[2025-06-04T23:02:18.156+0000] {logging_mixin.py:190} INFO - [2025-06-04T23:02:18.156+0000] {dag.py:3239} INFO - Sync 1 DAGs
[2025-06-04T23:02:18.169+0000] {logging_mixin.py:190} INFO - [2025-06-04T23:02:18.168+0000] {dag.py:4180} INFO - Setting next_dagrun for 00_create_IAC to None, run_after=None
[2025-06-04T23:02:18.186+0000] {processor.py:208} INFO - Processing /opt/airflow/dags/00_create_iac.py took 0.085 seconds
[2025-06-04T23:02:48.901+0000] {processor.py:186} INFO - Started process (PID=392) to work on /opt/airflow/dags/00_create_iac.py
[2025-06-04T23:02:48.902+0000] {processor.py:914} INFO - Processing file /opt/airflow/dags/00_create_iac.py for tasks to queue
[2025-06-04T23:02:48.904+0000] {logging_mixin.py:190} INFO - [2025-06-04T23:02:48.904+0000] {dagbag.py:588} INFO - Filling up the DagBag from /opt/airflow/dags/00_create_iac.py
[2025-06-04T23:02:48.927+0000] {processor.py:925} INFO - DAG(s) '00_create_IAC' retrieved from /opt/airflow/dags/00_create_iac.py
[2025-06-04T23:02:48.954+0000] {logging_mixin.py:190} INFO - [2025-06-04T23:02:48.954+0000] {dag.py:3239} INFO - Sync 1 DAGs
[2025-06-04T23:02:48.968+0000] {logging_mixin.py:190} INFO - [2025-06-04T23:02:48.968+0000] {dag.py:4180} INFO - Setting next_dagrun for 00_create_IAC to None, run_after=None
[2025-06-04T23:02:48.985+0000] {processor.py:208} INFO - Processing /opt/airflow/dags/00_create_iac.py took 0.090 seconds
[2025-06-04T23:03:19.705+0000] {processor.py:186} INFO - Started process (PID=404) to work on /opt/airflow/dags/00_create_iac.py
[2025-06-04T23:03:19.706+0000] {processor.py:914} INFO - Processing file /opt/airflow/dags/00_create_iac.py for tasks to queue
[2025-06-04T23:03:19.708+0000] {logging_mixin.py:190} INFO - [2025-06-04T23:03:19.708+0000] {dagbag.py:588} INFO - Filling up the DagBag from /opt/airflow/dags/00_create_iac.py
[2025-06-04T23:03:19.730+0000] {processor.py:925} INFO - DAG(s) '00_create_IAC' retrieved from /opt/airflow/dags/00_create_iac.py
[2025-06-04T23:03:19.755+0000] {logging_mixin.py:190} INFO - [2025-06-04T23:03:19.755+0000] {dag.py:3239} INFO - Sync 1 DAGs
[2025-06-04T23:03:19.769+0000] {logging_mixin.py:190} INFO - [2025-06-04T23:03:19.769+0000] {dag.py:4180} INFO - Setting next_dagrun for 00_create_IAC to None, run_after=None
[2025-06-04T23:03:19.789+0000] {processor.py:208} INFO - Processing /opt/airflow/dags/00_create_iac.py took 0.090 seconds
[2025-06-04T23:03:50.488+0000] {processor.py:186} INFO - Started process (PID=415) to work on /opt/airflow/dags/00_create_iac.py
[2025-06-04T23:03:50.489+0000] {processor.py:914} INFO - Processing file /opt/airflow/dags/00_create_iac.py for tasks to queue
[2025-06-04T23:03:50.491+0000] {logging_mixin.py:190} INFO - [2025-06-04T23:03:50.490+0000] {dagbag.py:588} INFO - Filling up the DagBag from /opt/airflow/dags/00_create_iac.py
[2025-06-04T23:03:50.513+0000] {processor.py:925} INFO - DAG(s) '00_create_IAC' retrieved from /opt/airflow/dags/00_create_iac.py
[2025-06-04T23:03:50.538+0000] {logging_mixin.py:190} INFO - [2025-06-04T23:03:50.538+0000] {dag.py:3239} INFO - Sync 1 DAGs
[2025-06-04T23:03:50.553+0000] {logging_mixin.py:190} INFO - [2025-06-04T23:03:50.553+0000] {dag.py:4180} INFO - Setting next_dagrun for 00_create_IAC to None, run_after=None
[2025-06-04T23:03:50.572+0000] {processor.py:208} INFO - Processing /opt/airflow/dags/00_create_iac.py took 0.089 seconds
[2025-06-04T23:04:21.258+0000] {processor.py:186} INFO - Started process (PID=426) to work on /opt/airflow/dags/00_create_iac.py
[2025-06-04T23:04:21.259+0000] {processor.py:914} INFO - Processing file /opt/airflow/dags/00_create_iac.py for tasks to queue
[2025-06-04T23:04:21.261+0000] {logging_mixin.py:190} INFO - [2025-06-04T23:04:21.261+0000] {dagbag.py:588} INFO - Filling up the DagBag from /opt/airflow/dags/00_create_iac.py
[2025-06-04T23:04:21.282+0000] {processor.py:925} INFO - DAG(s) '00_create_IAC' retrieved from /opt/airflow/dags/00_create_iac.py
[2025-06-04T23:04:21.307+0000] {logging_mixin.py:190} INFO - [2025-06-04T23:04:21.307+0000] {dag.py:3239} INFO - Sync 1 DAGs
[2025-06-04T23:04:21.320+0000] {logging_mixin.py:190} INFO - [2025-06-04T23:04:21.320+0000] {dag.py:4180} INFO - Setting next_dagrun for 00_create_IAC to None, run_after=None
[2025-06-04T23:04:21.337+0000] {processor.py:208} INFO - Processing /opt/airflow/dags/00_create_iac.py took 0.084 seconds
[2025-06-04T23:04:51.991+0000] {processor.py:186} INFO - Started process (PID=437) to work on /opt/airflow/dags/00_create_iac.py
[2025-06-04T23:04:51.992+0000] {processor.py:914} INFO - Processing file /opt/airflow/dags/00_create_iac.py for tasks to queue
[2025-06-04T23:04:51.994+0000] {logging_mixin.py:190} INFO - [2025-06-04T23:04:51.994+0000] {dagbag.py:588} INFO - Filling up the DagBag from /opt/airflow/dags/00_create_iac.py
[2025-06-04T23:04:52.017+0000] {processor.py:925} INFO - DAG(s) '00_create_IAC' retrieved from /opt/airflow/dags/00_create_iac.py
[2025-06-04T23:04:52.042+0000] {logging_mixin.py:190} INFO - [2025-06-04T23:04:52.042+0000] {dag.py:3239} INFO - Sync 1 DAGs
[2025-06-04T23:04:52.055+0000] {logging_mixin.py:190} INFO - [2025-06-04T23:04:52.055+0000] {dag.py:4180} INFO - Setting next_dagrun for 00_create_IAC to None, run_after=None
[2025-06-04T23:04:52.073+0000] {processor.py:208} INFO - Processing /opt/airflow/dags/00_create_iac.py took 0.087 seconds
[2025-06-04T23:05:22.801+0000] {processor.py:186} INFO - Started process (PID=448) to work on /opt/airflow/dags/00_create_iac.py
[2025-06-04T23:05:22.802+0000] {processor.py:914} INFO - Processing file /opt/airflow/dags/00_create_iac.py for tasks to queue
[2025-06-04T23:05:22.805+0000] {logging_mixin.py:190} INFO - [2025-06-04T23:05:22.805+0000] {dagbag.py:588} INFO - Filling up the DagBag from /opt/airflow/dags/00_create_iac.py
[2025-06-04T23:05:22.829+0000] {processor.py:925} INFO - DAG(s) '00_create_IAC' retrieved from /opt/airflow/dags/00_create_iac.py
[2025-06-04T23:05:22.859+0000] {logging_mixin.py:190} INFO - [2025-06-04T23:05:22.859+0000] {dag.py:3239} INFO - Sync 1 DAGs
[2025-06-04T23:05:22.872+0000] {logging_mixin.py:190} INFO - [2025-06-04T23:05:22.872+0000] {dag.py:4180} INFO - Setting next_dagrun for 00_create_IAC to None, run_after=None
[2025-06-04T23:05:22.890+0000] {processor.py:208} INFO - Processing /opt/airflow/dags/00_create_iac.py took 0.094 seconds
[2025-06-04T23:05:53.508+0000] {processor.py:186} INFO - Started process (PID=459) to work on /opt/airflow/dags/00_create_iac.py
[2025-06-04T23:05:53.509+0000] {processor.py:914} INFO - Processing file /opt/airflow/dags/00_create_iac.py for tasks to queue
[2025-06-04T23:05:53.511+0000] {logging_mixin.py:190} INFO - [2025-06-04T23:05:53.511+0000] {dagbag.py:588} INFO - Filling up the DagBag from /opt/airflow/dags/00_create_iac.py
[2025-06-04T23:05:53.532+0000] {processor.py:925} INFO - DAG(s) '00_create_IAC' retrieved from /opt/airflow/dags/00_create_iac.py
[2025-06-04T23:05:53.558+0000] {logging_mixin.py:190} INFO - [2025-06-04T23:05:53.557+0000] {dag.py:3239} INFO - Sync 1 DAGs
[2025-06-04T23:05:53.572+0000] {logging_mixin.py:190} INFO - [2025-06-04T23:05:53.572+0000] {dag.py:4180} INFO - Setting next_dagrun for 00_create_IAC to None, run_after=None
[2025-06-04T23:05:53.591+0000] {processor.py:208} INFO - Processing /opt/airflow/dags/00_create_iac.py took 0.088 seconds
[2025-06-04T23:06:24.291+0000] {processor.py:186} INFO - Started process (PID=470) to work on /opt/airflow/dags/00_create_iac.py
[2025-06-04T23:06:24.291+0000] {processor.py:914} INFO - Processing file /opt/airflow/dags/00_create_iac.py for tasks to queue
[2025-06-04T23:06:24.293+0000] {logging_mixin.py:190} INFO - [2025-06-04T23:06:24.293+0000] {dagbag.py:588} INFO - Filling up the DagBag from /opt/airflow/dags/00_create_iac.py
[2025-06-04T23:06:24.314+0000] {processor.py:925} INFO - DAG(s) '00_create_IAC' retrieved from /opt/airflow/dags/00_create_iac.py
[2025-06-04T23:06:24.338+0000] {logging_mixin.py:190} INFO - [2025-06-04T23:06:24.338+0000] {dag.py:3239} INFO - Sync 1 DAGs
[2025-06-04T23:06:24.351+0000] {logging_mixin.py:190} INFO - [2025-06-04T23:06:24.351+0000] {dag.py:4180} INFO - Setting next_dagrun for 00_create_IAC to None, run_after=None
[2025-06-04T23:06:24.372+0000] {processor.py:208} INFO - Processing /opt/airflow/dags/00_create_iac.py took 0.087 seconds
[2025-06-04T23:06:55.152+0000] {processor.py:186} INFO - Started process (PID=481) to work on /opt/airflow/dags/00_create_iac.py
[2025-06-04T23:06:55.153+0000] {processor.py:914} INFO - Processing file /opt/airflow/dags/00_create_iac.py for tasks to queue
[2025-06-04T23:06:55.156+0000] {logging_mixin.py:190} INFO - [2025-06-04T23:06:55.155+0000] {dagbag.py:588} INFO - Filling up the DagBag from /opt/airflow/dags/00_create_iac.py
[2025-06-04T23:06:55.177+0000] {processor.py:925} INFO - DAG(s) '00_create_IAC' retrieved from /opt/airflow/dags/00_create_iac.py
[2025-06-04T23:06:55.202+0000] {logging_mixin.py:190} INFO - [2025-06-04T23:06:55.202+0000] {dag.py:3239} INFO - Sync 1 DAGs
[2025-06-04T23:06:55.215+0000] {logging_mixin.py:190} INFO - [2025-06-04T23:06:55.215+0000] {dag.py:4180} INFO - Setting next_dagrun for 00_create_IAC to None, run_after=None
[2025-06-04T23:06:55.232+0000] {processor.py:208} INFO - Processing /opt/airflow/dags/00_create_iac.py took 0.086 seconds
[2025-06-04T23:07:26.054+0000] {processor.py:186} INFO - Started process (PID=492) to work on /opt/airflow/dags/00_create_iac.py
[2025-06-04T23:07:26.055+0000] {processor.py:914} INFO - Processing file /opt/airflow/dags/00_create_iac.py for tasks to queue
[2025-06-04T23:07:26.058+0000] {logging_mixin.py:190} INFO - [2025-06-04T23:07:26.057+0000] {dagbag.py:588} INFO - Filling up the DagBag from /opt/airflow/dags/00_create_iac.py
[2025-06-04T23:07:26.079+0000] {processor.py:925} INFO - DAG(s) '00_create_IAC' retrieved from /opt/airflow/dags/00_create_iac.py
[2025-06-04T23:07:26.104+0000] {logging_mixin.py:190} INFO - [2025-06-04T23:07:26.104+0000] {dag.py:3239} INFO - Sync 1 DAGs
[2025-06-04T23:07:26.117+0000] {logging_mixin.py:190} INFO - [2025-06-04T23:07:26.117+0000] {dag.py:4180} INFO - Setting next_dagrun for 00_create_IAC to None, run_after=None
[2025-06-04T23:07:26.134+0000] {processor.py:208} INFO - Processing /opt/airflow/dags/00_create_iac.py took 0.087 seconds
[2025-06-04T23:07:57.034+0000] {processor.py:186} INFO - Started process (PID=503) to work on /opt/airflow/dags/00_create_iac.py
[2025-06-04T23:07:57.035+0000] {processor.py:914} INFO - Processing file /opt/airflow/dags/00_create_iac.py for tasks to queue
[2025-06-04T23:07:57.038+0000] {logging_mixin.py:190} INFO - [2025-06-04T23:07:57.038+0000] {dagbag.py:588} INFO - Filling up the DagBag from /opt/airflow/dags/00_create_iac.py
[2025-06-04T23:07:57.061+0000] {processor.py:925} INFO - DAG(s) '00_create_IAC' retrieved from /opt/airflow/dags/00_create_iac.py
[2025-06-04T23:07:57.086+0000] {logging_mixin.py:190} INFO - [2025-06-04T23:07:57.086+0000] {dag.py:3239} INFO - Sync 1 DAGs
[2025-06-04T23:07:57.099+0000] {logging_mixin.py:190} INFO - [2025-06-04T23:07:57.099+0000] {dag.py:4180} INFO - Setting next_dagrun for 00_create_IAC to None, run_after=None
[2025-06-04T23:07:57.117+0000] {processor.py:208} INFO - Processing /opt/airflow/dags/00_create_iac.py took 0.091 seconds
[2025-06-04T23:08:27.728+0000] {processor.py:186} INFO - Started process (PID=514) to work on /opt/airflow/dags/00_create_iac.py
[2025-06-04T23:08:27.729+0000] {processor.py:914} INFO - Processing file /opt/airflow/dags/00_create_iac.py for tasks to queue
[2025-06-04T23:08:27.731+0000] {logging_mixin.py:190} INFO - [2025-06-04T23:08:27.731+0000] {dagbag.py:588} INFO - Filling up the DagBag from /opt/airflow/dags/00_create_iac.py
[2025-06-04T23:08:27.754+0000] {processor.py:925} INFO - DAG(s) '00_create_IAC' retrieved from /opt/airflow/dags/00_create_iac.py
[2025-06-04T23:08:27.780+0000] {logging_mixin.py:190} INFO - [2025-06-04T23:08:27.780+0000] {dag.py:3239} INFO - Sync 1 DAGs
[2025-06-04T23:08:27.792+0000] {logging_mixin.py:190} INFO - [2025-06-04T23:08:27.792+0000] {dag.py:4180} INFO - Setting next_dagrun for 00_create_IAC to None, run_after=None
[2025-06-04T23:08:27.811+0000] {processor.py:208} INFO - Processing /opt/airflow/dags/00_create_iac.py took 0.089 seconds
[2025-06-04T23:08:58.520+0000] {processor.py:186} INFO - Started process (PID=525) to work on /opt/airflow/dags/00_create_iac.py
[2025-06-04T23:08:58.521+0000] {processor.py:914} INFO - Processing file /opt/airflow/dags/00_create_iac.py for tasks to queue
[2025-06-04T23:08:58.523+0000] {logging_mixin.py:190} INFO - [2025-06-04T23:08:58.523+0000] {dagbag.py:588} INFO - Filling up the DagBag from /opt/airflow/dags/00_create_iac.py
[2025-06-04T23:08:58.545+0000] {processor.py:925} INFO - DAG(s) '00_create_IAC' retrieved from /opt/airflow/dags/00_create_iac.py
[2025-06-04T23:08:58.570+0000] {logging_mixin.py:190} INFO - [2025-06-04T23:08:58.570+0000] {dag.py:3239} INFO - Sync 1 DAGs
[2025-06-04T23:08:58.584+0000] {logging_mixin.py:190} INFO - [2025-06-04T23:08:58.583+0000] {dag.py:4180} INFO - Setting next_dagrun for 00_create_IAC to None, run_after=None
[2025-06-04T23:08:58.602+0000] {processor.py:208} INFO - Processing /opt/airflow/dags/00_create_iac.py took 0.087 seconds
[2025-06-04T23:09:29.247+0000] {processor.py:186} INFO - Started process (PID=536) to work on /opt/airflow/dags/00_create_iac.py
[2025-06-04T23:09:29.248+0000] {processor.py:914} INFO - Processing file /opt/airflow/dags/00_create_iac.py for tasks to queue
[2025-06-04T23:09:29.251+0000] {logging_mixin.py:190} INFO - [2025-06-04T23:09:29.250+0000] {dagbag.py:588} INFO - Filling up the DagBag from /opt/airflow/dags/00_create_iac.py
[2025-06-04T23:09:29.274+0000] {processor.py:925} INFO - DAG(s) '00_create_IAC' retrieved from /opt/airflow/dags/00_create_iac.py
[2025-06-04T23:09:29.299+0000] {logging_mixin.py:190} INFO - [2025-06-04T23:09:29.299+0000] {dag.py:3239} INFO - Sync 1 DAGs
[2025-06-04T23:09:29.314+0000] {logging_mixin.py:190} INFO - [2025-06-04T23:09:29.314+0000] {dag.py:4180} INFO - Setting next_dagrun for 00_create_IAC to None, run_after=None
[2025-06-04T23:09:29.333+0000] {processor.py:208} INFO - Processing /opt/airflow/dags/00_create_iac.py took 0.093 seconds
[2025-06-04T23:09:59.878+0000] {processor.py:186} INFO - Started process (PID=547) to work on /opt/airflow/dags/00_create_iac.py
[2025-06-04T23:09:59.879+0000] {processor.py:914} INFO - Processing file /opt/airflow/dags/00_create_iac.py for tasks to queue
[2025-06-04T23:09:59.882+0000] {logging_mixin.py:190} INFO - [2025-06-04T23:09:59.881+0000] {dagbag.py:588} INFO - Filling up the DagBag from /opt/airflow/dags/00_create_iac.py
[2025-06-04T23:09:59.902+0000] {processor.py:925} INFO - DAG(s) '00_create_IAC' retrieved from /opt/airflow/dags/00_create_iac.py
[2025-06-04T23:09:59.927+0000] {logging_mixin.py:190} INFO - [2025-06-04T23:09:59.927+0000] {dag.py:3239} INFO - Sync 1 DAGs
[2025-06-04T23:09:59.941+0000] {logging_mixin.py:190} INFO - [2025-06-04T23:09:59.941+0000] {dag.py:4180} INFO - Setting next_dagrun for 00_create_IAC to None, run_after=None
[2025-06-04T23:09:59.958+0000] {processor.py:208} INFO - Processing /opt/airflow/dags/00_create_iac.py took 0.085 seconds
[2025-06-04T23:10:30.961+0000] {processor.py:186} INFO - Started process (PID=558) to work on /opt/airflow/dags/00_create_iac.py
[2025-06-04T23:10:30.962+0000] {processor.py:914} INFO - Processing file /opt/airflow/dags/00_create_iac.py for tasks to queue
[2025-06-04T23:10:30.965+0000] {logging_mixin.py:190} INFO - [2025-06-04T23:10:30.965+0000] {dagbag.py:588} INFO - Filling up the DagBag from /opt/airflow/dags/00_create_iac.py
[2025-06-04T23:10:30.987+0000] {processor.py:925} INFO - DAG(s) '00_create_IAC' retrieved from /opt/airflow/dags/00_create_iac.py
[2025-06-04T23:10:31.013+0000] {logging_mixin.py:190} INFO - [2025-06-04T23:10:31.013+0000] {dag.py:3239} INFO - Sync 1 DAGs
[2025-06-04T23:10:31.026+0000] {logging_mixin.py:190} INFO - [2025-06-04T23:10:31.025+0000] {dag.py:4180} INFO - Setting next_dagrun for 00_create_IAC to None, run_after=None
[2025-06-04T23:10:31.043+0000] {processor.py:208} INFO - Processing /opt/airflow/dags/00_create_iac.py took 0.087 seconds
[2025-06-04T23:11:01.616+0000] {processor.py:186} INFO - Started process (PID=575) to work on /opt/airflow/dags/00_create_iac.py
[2025-06-04T23:11:01.617+0000] {processor.py:914} INFO - Processing file /opt/airflow/dags/00_create_iac.py for tasks to queue
[2025-06-04T23:11:01.619+0000] {logging_mixin.py:190} INFO - [2025-06-04T23:11:01.619+0000] {dagbag.py:588} INFO - Filling up the DagBag from /opt/airflow/dags/00_create_iac.py
[2025-06-04T23:11:01.641+0000] {processor.py:925} INFO - DAG(s) '00_create_IAC' retrieved from /opt/airflow/dags/00_create_iac.py
[2025-06-04T23:11:01.666+0000] {logging_mixin.py:190} INFO - [2025-06-04T23:11:01.665+0000] {dag.py:3239} INFO - Sync 1 DAGs
[2025-06-04T23:11:01.679+0000] {logging_mixin.py:190} INFO - [2025-06-04T23:11:01.679+0000] {dag.py:4180} INFO - Setting next_dagrun for 00_create_IAC to None, run_after=None
[2025-06-04T23:11:01.696+0000] {processor.py:208} INFO - Processing /opt/airflow/dags/00_create_iac.py took 0.086 seconds
[2025-06-04T23:11:32.394+0000] {processor.py:186} INFO - Started process (PID=587) to work on /opt/airflow/dags/00_create_iac.py
[2025-06-04T23:11:32.395+0000] {processor.py:914} INFO - Processing file /opt/airflow/dags/00_create_iac.py for tasks to queue
[2025-06-04T23:11:32.398+0000] {logging_mixin.py:190} INFO - [2025-06-04T23:11:32.398+0000] {dagbag.py:588} INFO - Filling up the DagBag from /opt/airflow/dags/00_create_iac.py
[2025-06-04T23:11:32.424+0000] {processor.py:925} INFO - DAG(s) '00_create_IAC' retrieved from /opt/airflow/dags/00_create_iac.py
[2025-06-04T23:11:32.459+0000] {logging_mixin.py:190} INFO - [2025-06-04T23:11:32.459+0000] {dag.py:3239} INFO - Sync 1 DAGs
[2025-06-04T23:11:32.478+0000] {logging_mixin.py:190} INFO - [2025-06-04T23:11:32.477+0000] {dag.py:4180} INFO - Setting next_dagrun for 00_create_IAC to None, run_after=None
[2025-06-04T23:11:32.499+0000] {processor.py:208} INFO - Processing /opt/airflow/dags/00_create_iac.py took 0.111 seconds
[2025-06-04T23:12:03.220+0000] {processor.py:186} INFO - Started process (PID=598) to work on /opt/airflow/dags/00_create_iac.py
[2025-06-04T23:12:03.221+0000] {processor.py:914} INFO - Processing file /opt/airflow/dags/00_create_iac.py for tasks to queue
[2025-06-04T23:12:03.223+0000] {logging_mixin.py:190} INFO - [2025-06-04T23:12:03.222+0000] {dagbag.py:588} INFO - Filling up the DagBag from /opt/airflow/dags/00_create_iac.py
[2025-06-04T23:12:03.246+0000] {processor.py:925} INFO - DAG(s) '00_create_IAC' retrieved from /opt/airflow/dags/00_create_iac.py
[2025-06-04T23:12:03.270+0000] {logging_mixin.py:190} INFO - [2025-06-04T23:12:03.270+0000] {dag.py:3239} INFO - Sync 1 DAGs
[2025-06-04T23:12:03.283+0000] {logging_mixin.py:190} INFO - [2025-06-04T23:12:03.283+0000] {dag.py:4180} INFO - Setting next_dagrun for 00_create_IAC to None, run_after=None
[2025-06-04T23:12:03.301+0000] {processor.py:208} INFO - Processing /opt/airflow/dags/00_create_iac.py took 0.087 seconds
[2025-06-04T23:12:33.854+0000] {processor.py:186} INFO - Started process (PID=609) to work on /opt/airflow/dags/00_create_iac.py
[2025-06-04T23:12:33.854+0000] {processor.py:914} INFO - Processing file /opt/airflow/dags/00_create_iac.py for tasks to queue
[2025-06-04T23:12:33.856+0000] {logging_mixin.py:190} INFO - [2025-06-04T23:12:33.856+0000] {dagbag.py:588} INFO - Filling up the DagBag from /opt/airflow/dags/00_create_iac.py
[2025-06-04T23:12:33.877+0000] {processor.py:925} INFO - DAG(s) '00_create_IAC' retrieved from /opt/airflow/dags/00_create_iac.py
[2025-06-04T23:12:33.903+0000] {logging_mixin.py:190} INFO - [2025-06-04T23:12:33.903+0000] {dag.py:3239} INFO - Sync 1 DAGs
[2025-06-04T23:12:33.917+0000] {logging_mixin.py:190} INFO - [2025-06-04T23:12:33.917+0000] {dag.py:4180} INFO - Setting next_dagrun for 00_create_IAC to None, run_after=None
[2025-06-04T23:12:33.934+0000] {processor.py:208} INFO - Processing /opt/airflow/dags/00_create_iac.py took 0.087 seconds
[2025-06-04T23:13:04.825+0000] {processor.py:186} INFO - Started process (PID=620) to work on /opt/airflow/dags/00_create_iac.py
[2025-06-04T23:13:04.826+0000] {processor.py:914} INFO - Processing file /opt/airflow/dags/00_create_iac.py for tasks to queue
[2025-06-04T23:13:04.828+0000] {logging_mixin.py:190} INFO - [2025-06-04T23:13:04.828+0000] {dagbag.py:588} INFO - Filling up the DagBag from /opt/airflow/dags/00_create_iac.py
[2025-06-04T23:13:04.853+0000] {processor.py:925} INFO - DAG(s) '00_create_IAC' retrieved from /opt/airflow/dags/00_create_iac.py
[2025-06-04T23:13:04.880+0000] {logging_mixin.py:190} INFO - [2025-06-04T23:13:04.880+0000] {dag.py:3239} INFO - Sync 1 DAGs
[2025-06-04T23:13:04.894+0000] {logging_mixin.py:190} INFO - [2025-06-04T23:13:04.894+0000] {dag.py:4180} INFO - Setting next_dagrun for 00_create_IAC to None, run_after=None
[2025-06-04T23:13:04.913+0000] {processor.py:208} INFO - Processing /opt/airflow/dags/00_create_iac.py took 0.094 seconds
[2025-06-04T23:13:35.569+0000] {processor.py:186} INFO - Started process (PID=631) to work on /opt/airflow/dags/00_create_iac.py
[2025-06-04T23:13:35.570+0000] {processor.py:914} INFO - Processing file /opt/airflow/dags/00_create_iac.py for tasks to queue
[2025-06-04T23:13:35.572+0000] {logging_mixin.py:190} INFO - [2025-06-04T23:13:35.572+0000] {dagbag.py:588} INFO - Filling up the DagBag from /opt/airflow/dags/00_create_iac.py
[2025-06-04T23:13:35.598+0000] {processor.py:925} INFO - DAG(s) '00_create_IAC' retrieved from /opt/airflow/dags/00_create_iac.py
[2025-06-04T23:13:35.627+0000] {logging_mixin.py:190} INFO - [2025-06-04T23:13:35.627+0000] {dag.py:3239} INFO - Sync 1 DAGs
[2025-06-04T23:13:35.643+0000] {logging_mixin.py:190} INFO - [2025-06-04T23:13:35.643+0000] {dag.py:4180} INFO - Setting next_dagrun for 00_create_IAC to None, run_after=None
[2025-06-04T23:13:35.664+0000] {processor.py:208} INFO - Processing /opt/airflow/dags/00_create_iac.py took 0.101 seconds
[2025-06-04T23:14:06.374+0000] {processor.py:186} INFO - Started process (PID=642) to work on /opt/airflow/dags/00_create_iac.py
[2025-06-04T23:14:06.375+0000] {processor.py:914} INFO - Processing file /opt/airflow/dags/00_create_iac.py for tasks to queue
[2025-06-04T23:14:06.378+0000] {logging_mixin.py:190} INFO - [2025-06-04T23:14:06.377+0000] {dagbag.py:588} INFO - Filling up the DagBag from /opt/airflow/dags/00_create_iac.py
[2025-06-04T23:14:06.401+0000] {processor.py:925} INFO - DAG(s) '00_create_IAC' retrieved from /opt/airflow/dags/00_create_iac.py
[2025-06-04T23:14:06.430+0000] {logging_mixin.py:190} INFO - [2025-06-04T23:14:06.430+0000] {dag.py:3239} INFO - Sync 1 DAGs
[2025-06-04T23:14:06.446+0000] {logging_mixin.py:190} INFO - [2025-06-04T23:14:06.446+0000] {dag.py:4180} INFO - Setting next_dagrun for 00_create_IAC to None, run_after=None
[2025-06-04T23:14:06.466+0000] {processor.py:208} INFO - Processing /opt/airflow/dags/00_create_iac.py took 0.097 seconds
[2025-06-04T23:14:37.059+0000] {processor.py:186} INFO - Started process (PID=653) to work on /opt/airflow/dags/00_create_iac.py
[2025-06-04T23:14:37.060+0000] {processor.py:914} INFO - Processing file /opt/airflow/dags/00_create_iac.py for tasks to queue
[2025-06-04T23:14:37.063+0000] {logging_mixin.py:190} INFO - [2025-06-04T23:14:37.062+0000] {dagbag.py:588} INFO - Filling up the DagBag from /opt/airflow/dags/00_create_iac.py
[2025-06-04T23:14:37.085+0000] {processor.py:925} INFO - DAG(s) '00_create_IAC' retrieved from /opt/airflow/dags/00_create_iac.py
[2025-06-04T23:14:37.113+0000] {logging_mixin.py:190} INFO - [2025-06-04T23:14:37.113+0000] {dag.py:3239} INFO - Sync 1 DAGs
[2025-06-04T23:14:37.128+0000] {logging_mixin.py:190} INFO - [2025-06-04T23:14:37.128+0000] {dag.py:4180} INFO - Setting next_dagrun for 00_create_IAC to None, run_after=None
[2025-06-04T23:14:37.147+0000] {processor.py:208} INFO - Processing /opt/airflow/dags/00_create_iac.py took 0.094 seconds
[2025-06-04T23:15:07.922+0000] {processor.py:186} INFO - Started process (PID=664) to work on /opt/airflow/dags/00_create_iac.py
[2025-06-04T23:15:07.923+0000] {processor.py:914} INFO - Processing file /opt/airflow/dags/00_create_iac.py for tasks to queue
[2025-06-04T23:15:07.925+0000] {logging_mixin.py:190} INFO - [2025-06-04T23:15:07.925+0000] {dagbag.py:588} INFO - Filling up the DagBag from /opt/airflow/dags/00_create_iac.py
[2025-06-04T23:15:07.945+0000] {processor.py:925} INFO - DAG(s) '00_create_IAC' retrieved from /opt/airflow/dags/00_create_iac.py
[2025-06-04T23:15:07.970+0000] {logging_mixin.py:190} INFO - [2025-06-04T23:15:07.969+0000] {dag.py:3239} INFO - Sync 1 DAGs
[2025-06-04T23:15:07.983+0000] {logging_mixin.py:190} INFO - [2025-06-04T23:15:07.983+0000] {dag.py:4180} INFO - Setting next_dagrun for 00_create_IAC to None, run_after=None
[2025-06-04T23:15:08.000+0000] {processor.py:208} INFO - Processing /opt/airflow/dags/00_create_iac.py took 0.083 seconds
[2025-06-04T23:15:38.740+0000] {processor.py:186} INFO - Started process (PID=675) to work on /opt/airflow/dags/00_create_iac.py
[2025-06-04T23:15:38.741+0000] {processor.py:914} INFO - Processing file /opt/airflow/dags/00_create_iac.py for tasks to queue
[2025-06-04T23:15:38.743+0000] {logging_mixin.py:190} INFO - [2025-06-04T23:15:38.742+0000] {dagbag.py:588} INFO - Filling up the DagBag from /opt/airflow/dags/00_create_iac.py
[2025-06-04T23:15:38.764+0000] {processor.py:925} INFO - DAG(s) '00_create_IAC' retrieved from /opt/airflow/dags/00_create_iac.py
[2025-06-04T23:15:38.790+0000] {logging_mixin.py:190} INFO - [2025-06-04T23:15:38.790+0000] {dag.py:3239} INFO - Sync 1 DAGs
[2025-06-04T23:15:38.804+0000] {logging_mixin.py:190} INFO - [2025-06-04T23:15:38.804+0000] {dag.py:4180} INFO - Setting next_dagrun for 00_create_IAC to None, run_after=None
[2025-06-04T23:15:38.822+0000] {processor.py:208} INFO - Processing /opt/airflow/dags/00_create_iac.py took 0.088 seconds
[2025-06-04T23:16:09.549+0000] {processor.py:186} INFO - Started process (PID=687) to work on /opt/airflow/dags/00_create_iac.py
[2025-06-04T23:16:09.550+0000] {processor.py:914} INFO - Processing file /opt/airflow/dags/00_create_iac.py for tasks to queue
[2025-06-04T23:16:09.553+0000] {logging_mixin.py:190} INFO - [2025-06-04T23:16:09.552+0000] {dagbag.py:588} INFO - Filling up the DagBag from /opt/airflow/dags/00_create_iac.py
[2025-06-04T23:16:09.573+0000] {processor.py:925} INFO - DAG(s) '00_create_IAC' retrieved from /opt/airflow/dags/00_create_iac.py
[2025-06-04T23:16:09.598+0000] {logging_mixin.py:190} INFO - [2025-06-04T23:16:09.598+0000] {dag.py:3239} INFO - Sync 1 DAGs
[2025-06-04T23:16:09.611+0000] {logging_mixin.py:190} INFO - [2025-06-04T23:16:09.611+0000] {dag.py:4180} INFO - Setting next_dagrun for 00_create_IAC to None, run_after=None
[2025-06-04T23:16:09.630+0000] {processor.py:208} INFO - Processing /opt/airflow/dags/00_create_iac.py took 0.087 seconds
[2025-06-04T23:16:40.447+0000] {processor.py:186} INFO - Started process (PID=698) to work on /opt/airflow/dags/00_create_iac.py
[2025-06-04T23:16:40.448+0000] {processor.py:914} INFO - Processing file /opt/airflow/dags/00_create_iac.py for tasks to queue
[2025-06-04T23:16:40.450+0000] {logging_mixin.py:190} INFO - [2025-06-04T23:16:40.450+0000] {dagbag.py:588} INFO - Filling up the DagBag from /opt/airflow/dags/00_create_iac.py
[2025-06-04T23:16:40.471+0000] {processor.py:925} INFO - DAG(s) '00_create_IAC' retrieved from /opt/airflow/dags/00_create_iac.py
[2025-06-04T23:16:40.496+0000] {logging_mixin.py:190} INFO - [2025-06-04T23:16:40.496+0000] {dag.py:3239} INFO - Sync 1 DAGs
[2025-06-04T23:16:40.509+0000] {logging_mixin.py:190} INFO - [2025-06-04T23:16:40.509+0000] {dag.py:4180} INFO - Setting next_dagrun for 00_create_IAC to None, run_after=None
[2025-06-04T23:16:40.528+0000] {processor.py:208} INFO - Processing /opt/airflow/dags/00_create_iac.py took 0.086 seconds
[2025-06-04T23:17:11.193+0000] {processor.py:186} INFO - Started process (PID=709) to work on /opt/airflow/dags/00_create_iac.py
[2025-06-04T23:17:11.194+0000] {processor.py:914} INFO - Processing file /opt/airflow/dags/00_create_iac.py for tasks to queue
[2025-06-04T23:17:11.196+0000] {logging_mixin.py:190} INFO - [2025-06-04T23:17:11.196+0000] {dagbag.py:588} INFO - Filling up the DagBag from /opt/airflow/dags/00_create_iac.py
[2025-06-04T23:17:11.218+0000] {processor.py:925} INFO - DAG(s) '00_create_IAC' retrieved from /opt/airflow/dags/00_create_iac.py
[2025-06-04T23:17:11.242+0000] {logging_mixin.py:190} INFO - [2025-06-04T23:17:11.242+0000] {dag.py:3239} INFO - Sync 1 DAGs
[2025-06-04T23:17:11.255+0000] {logging_mixin.py:190} INFO - [2025-06-04T23:17:11.255+0000] {dag.py:4180} INFO - Setting next_dagrun for 00_create_IAC to None, run_after=None
[2025-06-04T23:17:11.273+0000] {processor.py:208} INFO - Processing /opt/airflow/dags/00_create_iac.py took 0.086 seconds
[2025-06-04T23:17:41.886+0000] {processor.py:186} INFO - Started process (PID=720) to work on /opt/airflow/dags/00_create_iac.py
[2025-06-04T23:17:41.887+0000] {processor.py:914} INFO - Processing file /opt/airflow/dags/00_create_iac.py for tasks to queue
[2025-06-04T23:17:41.889+0000] {logging_mixin.py:190} INFO - [2025-06-04T23:17:41.889+0000] {dagbag.py:588} INFO - Filling up the DagBag from /opt/airflow/dags/00_create_iac.py
[2025-06-04T23:17:41.913+0000] {processor.py:925} INFO - DAG(s) '00_create_IAC' retrieved from /opt/airflow/dags/00_create_iac.py
[2025-06-04T23:17:41.942+0000] {logging_mixin.py:190} INFO - [2025-06-04T23:17:41.942+0000] {dag.py:3239} INFO - Sync 1 DAGs
[2025-06-04T23:17:41.958+0000] {logging_mixin.py:190} INFO - [2025-06-04T23:17:41.958+0000] {dag.py:4180} INFO - Setting next_dagrun for 00_create_IAC to None, run_after=None
[2025-06-04T23:17:41.981+0000] {processor.py:208} INFO - Processing /opt/airflow/dags/00_create_iac.py took 0.101 seconds
[2025-06-04T23:18:12.812+0000] {processor.py:186} INFO - Started process (PID=731) to work on /opt/airflow/dags/00_create_iac.py
[2025-06-04T23:18:12.814+0000] {processor.py:914} INFO - Processing file /opt/airflow/dags/00_create_iac.py for tasks to queue
[2025-06-04T23:18:12.816+0000] {logging_mixin.py:190} INFO - [2025-06-04T23:18:12.816+0000] {dagbag.py:588} INFO - Filling up the DagBag from /opt/airflow/dags/00_create_iac.py
[2025-06-04T23:18:12.848+0000] {processor.py:925} INFO - DAG(s) '00_create_IAC' retrieved from /opt/airflow/dags/00_create_iac.py
[2025-06-04T23:18:12.888+0000] {logging_mixin.py:190} INFO - [2025-06-04T23:18:12.888+0000] {dag.py:3239} INFO - Sync 1 DAGs
[2025-06-04T23:18:12.912+0000] {logging_mixin.py:190} INFO - [2025-06-04T23:18:12.911+0000] {dag.py:4180} INFO - Setting next_dagrun for 00_create_IAC to None, run_after=None
[2025-06-04T23:18:12.939+0000] {processor.py:208} INFO - Processing /opt/airflow/dags/00_create_iac.py took 0.134 seconds
[2025-06-04T23:18:43.887+0000] {processor.py:186} INFO - Started process (PID=742) to work on /opt/airflow/dags/00_create_iac.py
[2025-06-04T23:18:43.888+0000] {processor.py:914} INFO - Processing file /opt/airflow/dags/00_create_iac.py for tasks to queue
[2025-06-04T23:18:43.891+0000] {logging_mixin.py:190} INFO - [2025-06-04T23:18:43.891+0000] {dagbag.py:588} INFO - Filling up the DagBag from /opt/airflow/dags/00_create_iac.py
[2025-06-04T23:18:43.917+0000] {processor.py:925} INFO - DAG(s) '00_create_IAC' retrieved from /opt/airflow/dags/00_create_iac.py
[2025-06-04T23:18:43.941+0000] {logging_mixin.py:190} INFO - [2025-06-04T23:18:43.941+0000] {dag.py:3239} INFO - Sync 1 DAGs
[2025-06-04T23:18:43.953+0000] {logging_mixin.py:190} INFO - [2025-06-04T23:18:43.953+0000] {dag.py:4180} INFO - Setting next_dagrun for 00_create_IAC to None, run_after=None
[2025-06-04T23:18:43.970+0000] {processor.py:208} INFO - Processing /opt/airflow/dags/00_create_iac.py took 0.088 seconds
[2025-06-04T23:19:14.717+0000] {processor.py:186} INFO - Started process (PID=753) to work on /opt/airflow/dags/00_create_iac.py
[2025-06-04T23:19:14.718+0000] {processor.py:914} INFO - Processing file /opt/airflow/dags/00_create_iac.py for tasks to queue
[2025-06-04T23:19:14.720+0000] {logging_mixin.py:190} INFO - [2025-06-04T23:19:14.720+0000] {dagbag.py:588} INFO - Filling up the DagBag from /opt/airflow/dags/00_create_iac.py
[2025-06-04T23:19:14.742+0000] {processor.py:925} INFO - DAG(s) '00_create_IAC' retrieved from /opt/airflow/dags/00_create_iac.py
[2025-06-04T23:19:14.767+0000] {logging_mixin.py:190} INFO - [2025-06-04T23:19:14.767+0000] {dag.py:3239} INFO - Sync 1 DAGs
[2025-06-04T23:19:14.780+0000] {logging_mixin.py:190} INFO - [2025-06-04T23:19:14.780+0000] {dag.py:4180} INFO - Setting next_dagrun for 00_create_IAC to None, run_after=None
[2025-06-04T23:19:14.798+0000] {processor.py:208} INFO - Processing /opt/airflow/dags/00_create_iac.py took 0.086 seconds
[2025-06-04T23:19:45.573+0000] {processor.py:186} INFO - Started process (PID=764) to work on /opt/airflow/dags/00_create_iac.py
[2025-06-04T23:19:45.574+0000] {processor.py:914} INFO - Processing file /opt/airflow/dags/00_create_iac.py for tasks to queue
[2025-06-04T23:19:45.577+0000] {logging_mixin.py:190} INFO - [2025-06-04T23:19:45.576+0000] {dagbag.py:588} INFO - Filling up the DagBag from /opt/airflow/dags/00_create_iac.py
[2025-06-04T23:19:45.602+0000] {processor.py:925} INFO - DAG(s) '00_create_IAC' retrieved from /opt/airflow/dags/00_create_iac.py
[2025-06-04T23:19:45.629+0000] {logging_mixin.py:190} INFO - [2025-06-04T23:19:45.629+0000] {dag.py:3239} INFO - Sync 1 DAGs
[2025-06-04T23:19:45.648+0000] {logging_mixin.py:190} INFO - [2025-06-04T23:19:45.648+0000] {dag.py:4180} INFO - Setting next_dagrun for 00_create_IAC to None, run_after=None
[2025-06-04T23:19:45.668+0000] {processor.py:208} INFO - Processing /opt/airflow/dags/00_create_iac.py took 0.101 seconds
[2025-06-04T23:20:16.581+0000] {processor.py:186} INFO - Started process (PID=775) to work on /opt/airflow/dags/00_create_iac.py
[2025-06-04T23:20:16.582+0000] {processor.py:914} INFO - Processing file /opt/airflow/dags/00_create_iac.py for tasks to queue
[2025-06-04T23:20:16.585+0000] {logging_mixin.py:190} INFO - [2025-06-04T23:20:16.584+0000] {dagbag.py:588} INFO - Filling up the DagBag from /opt/airflow/dags/00_create_iac.py
[2025-06-04T23:20:16.606+0000] {processor.py:925} INFO - DAG(s) '00_create_IAC' retrieved from /opt/airflow/dags/00_create_iac.py
[2025-06-04T23:20:16.634+0000] {logging_mixin.py:190} INFO - [2025-06-04T23:20:16.634+0000] {dag.py:3239} INFO - Sync 1 DAGs
[2025-06-04T23:20:16.647+0000] {logging_mixin.py:190} INFO - [2025-06-04T23:20:16.647+0000] {dag.py:4180} INFO - Setting next_dagrun for 00_create_IAC to None, run_after=None
[2025-06-04T23:20:16.665+0000] {processor.py:208} INFO - Processing /opt/airflow/dags/00_create_iac.py took 0.089 seconds
[2025-06-04T23:20:47.498+0000] {processor.py:186} INFO - Started process (PID=786) to work on /opt/airflow/dags/00_create_iac.py
[2025-06-04T23:20:47.499+0000] {processor.py:914} INFO - Processing file /opt/airflow/dags/00_create_iac.py for tasks to queue
[2025-06-04T23:20:47.501+0000] {logging_mixin.py:190} INFO - [2025-06-04T23:20:47.501+0000] {dagbag.py:588} INFO - Filling up the DagBag from /opt/airflow/dags/00_create_iac.py
[2025-06-04T23:20:47.523+0000] {processor.py:925} INFO - DAG(s) '00_create_IAC' retrieved from /opt/airflow/dags/00_create_iac.py
[2025-06-04T23:20:47.549+0000] {logging_mixin.py:190} INFO - [2025-06-04T23:20:47.549+0000] {dag.py:3239} INFO - Sync 1 DAGs
[2025-06-04T23:20:47.562+0000] {logging_mixin.py:190} INFO - [2025-06-04T23:20:47.562+0000] {dag.py:4180} INFO - Setting next_dagrun for 00_create_IAC to None, run_after=None
[2025-06-04T23:20:47.582+0000] {processor.py:208} INFO - Processing /opt/airflow/dags/00_create_iac.py took 0.090 seconds
[2025-06-04T23:21:18.526+0000] {processor.py:186} INFO - Started process (PID=797) to work on /opt/airflow/dags/00_create_iac.py
[2025-06-04T23:21:18.527+0000] {processor.py:914} INFO - Processing file /opt/airflow/dags/00_create_iac.py for tasks to queue
[2025-06-04T23:21:18.531+0000] {logging_mixin.py:190} INFO - [2025-06-04T23:21:18.530+0000] {dagbag.py:588} INFO - Filling up the DagBag from /opt/airflow/dags/00_create_iac.py
[2025-06-04T23:21:18.559+0000] {processor.py:925} INFO - DAG(s) '00_create_IAC' retrieved from /opt/airflow/dags/00_create_iac.py
[2025-06-04T23:21:18.589+0000] {logging_mixin.py:190} INFO - [2025-06-04T23:21:18.589+0000] {dag.py:3239} INFO - Sync 1 DAGs
[2025-06-04T23:21:18.604+0000] {logging_mixin.py:190} INFO - [2025-06-04T23:21:18.604+0000] {dag.py:4180} INFO - Setting next_dagrun for 00_create_IAC to None, run_after=None
[2025-06-04T23:21:18.623+0000] {processor.py:208} INFO - Processing /opt/airflow/dags/00_create_iac.py took 0.104 seconds
[2025-06-04T23:21:49.471+0000] {processor.py:186} INFO - Started process (PID=808) to work on /opt/airflow/dags/00_create_iac.py
[2025-06-04T23:21:49.472+0000] {processor.py:914} INFO - Processing file /opt/airflow/dags/00_create_iac.py for tasks to queue
[2025-06-04T23:21:49.474+0000] {logging_mixin.py:190} INFO - [2025-06-04T23:21:49.474+0000] {dagbag.py:588} INFO - Filling up the DagBag from /opt/airflow/dags/00_create_iac.py
[2025-06-04T23:21:49.497+0000] {processor.py:925} INFO - DAG(s) '00_create_IAC' retrieved from /opt/airflow/dags/00_create_iac.py
[2025-06-04T23:21:49.522+0000] {logging_mixin.py:190} INFO - [2025-06-04T23:21:49.522+0000] {dag.py:3239} INFO - Sync 1 DAGs
[2025-06-04T23:21:49.535+0000] {logging_mixin.py:190} INFO - [2025-06-04T23:21:49.535+0000] {dag.py:4180} INFO - Setting next_dagrun for 00_create_IAC to None, run_after=None
[2025-06-04T23:21:49.553+0000] {processor.py:208} INFO - Processing /opt/airflow/dags/00_create_iac.py took 0.087 seconds
[2025-06-04T23:22:20.220+0000] {processor.py:186} INFO - Started process (PID=819) to work on /opt/airflow/dags/00_create_iac.py
[2025-06-04T23:22:20.221+0000] {processor.py:914} INFO - Processing file /opt/airflow/dags/00_create_iac.py for tasks to queue
[2025-06-04T23:22:20.223+0000] {logging_mixin.py:190} INFO - [2025-06-04T23:22:20.223+0000] {dagbag.py:588} INFO - Filling up the DagBag from /opt/airflow/dags/00_create_iac.py
[2025-06-04T23:22:20.247+0000] {processor.py:925} INFO - DAG(s) '00_create_IAC' retrieved from /opt/airflow/dags/00_create_iac.py
[2025-06-04T23:22:20.275+0000] {logging_mixin.py:190} INFO - [2025-06-04T23:22:20.275+0000] {dag.py:3239} INFO - Sync 1 DAGs
[2025-06-04T23:22:20.290+0000] {logging_mixin.py:190} INFO - [2025-06-04T23:22:20.290+0000] {dag.py:4180} INFO - Setting next_dagrun for 00_create_IAC to None, run_after=None
[2025-06-04T23:22:20.309+0000] {processor.py:208} INFO - Processing /opt/airflow/dags/00_create_iac.py took 0.095 seconds
[2025-06-04T23:22:50.992+0000] {processor.py:186} INFO - Started process (PID=830) to work on /opt/airflow/dags/00_create_iac.py
[2025-06-04T23:22:50.993+0000] {processor.py:914} INFO - Processing file /opt/airflow/dags/00_create_iac.py for tasks to queue
[2025-06-04T23:22:50.995+0000] {logging_mixin.py:190} INFO - [2025-06-04T23:22:50.995+0000] {dagbag.py:588} INFO - Filling up the DagBag from /opt/airflow/dags/00_create_iac.py
[2025-06-04T23:22:51.017+0000] {processor.py:925} INFO - DAG(s) '00_create_IAC' retrieved from /opt/airflow/dags/00_create_iac.py
[2025-06-04T23:22:51.042+0000] {logging_mixin.py:190} INFO - [2025-06-04T23:22:51.042+0000] {dag.py:3239} INFO - Sync 1 DAGs
[2025-06-04T23:22:51.055+0000] {logging_mixin.py:190} INFO - [2025-06-04T23:22:51.055+0000] {dag.py:4180} INFO - Setting next_dagrun for 00_create_IAC to None, run_after=None
[2025-06-04T23:22:51.073+0000] {processor.py:208} INFO - Processing /opt/airflow/dags/00_create_iac.py took 0.087 seconds
[2025-06-04T23:23:21.936+0000] {processor.py:186} INFO - Started process (PID=841) to work on /opt/airflow/dags/00_create_iac.py
[2025-06-04T23:23:21.937+0000] {processor.py:914} INFO - Processing file /opt/airflow/dags/00_create_iac.py for tasks to queue
[2025-06-04T23:23:21.939+0000] {logging_mixin.py:190} INFO - [2025-06-04T23:23:21.939+0000] {dagbag.py:588} INFO - Filling up the DagBag from /opt/airflow/dags/00_create_iac.py
[2025-06-04T23:23:21.960+0000] {processor.py:925} INFO - DAG(s) '00_create_IAC' retrieved from /opt/airflow/dags/00_create_iac.py
[2025-06-04T23:23:21.987+0000] {logging_mixin.py:190} INFO - [2025-06-04T23:23:21.987+0000] {dag.py:3239} INFO - Sync 1 DAGs
[2025-06-04T23:23:22.002+0000] {logging_mixin.py:190} INFO - [2025-06-04T23:23:22.002+0000] {dag.py:4180} INFO - Setting next_dagrun for 00_create_IAC to None, run_after=None
[2025-06-04T23:23:22.024+0000] {processor.py:208} INFO - Processing /opt/airflow/dags/00_create_iac.py took 0.095 seconds
[2025-06-04T23:23:52.711+0000] {processor.py:186} INFO - Started process (PID=852) to work on /opt/airflow/dags/00_create_iac.py
[2025-06-04T23:23:52.712+0000] {processor.py:914} INFO - Processing file /opt/airflow/dags/00_create_iac.py for tasks to queue
[2025-06-04T23:23:52.714+0000] {logging_mixin.py:190} INFO - [2025-06-04T23:23:52.714+0000] {dagbag.py:588} INFO - Filling up the DagBag from /opt/airflow/dags/00_create_iac.py
[2025-06-04T23:23:52.739+0000] {processor.py:925} INFO - DAG(s) '00_create_IAC' retrieved from /opt/airflow/dags/00_create_iac.py
[2025-06-04T23:23:52.763+0000] {logging_mixin.py:190} INFO - [2025-06-04T23:23:52.763+0000] {dag.py:3239} INFO - Sync 1 DAGs
[2025-06-04T23:23:52.776+0000] {logging_mixin.py:190} INFO - [2025-06-04T23:23:52.776+0000] {dag.py:4180} INFO - Setting next_dagrun for 00_create_IAC to None, run_after=None
[2025-06-04T23:23:52.794+0000] {processor.py:208} INFO - Processing /opt/airflow/dags/00_create_iac.py took 0.088 seconds
[2025-06-04T23:24:23.617+0000] {processor.py:186} INFO - Started process (PID=863) to work on /opt/airflow/dags/00_create_iac.py
[2025-06-04T23:24:23.618+0000] {processor.py:914} INFO - Processing file /opt/airflow/dags/00_create_iac.py for tasks to queue
[2025-06-04T23:24:23.621+0000] {logging_mixin.py:190} INFO - [2025-06-04T23:24:23.620+0000] {dagbag.py:588} INFO - Filling up the DagBag from /opt/airflow/dags/00_create_iac.py
[2025-06-04T23:24:23.645+0000] {processor.py:925} INFO - DAG(s) '00_create_IAC' retrieved from /opt/airflow/dags/00_create_iac.py
[2025-06-04T23:24:23.672+0000] {logging_mixin.py:190} INFO - [2025-06-04T23:24:23.671+0000] {dag.py:3239} INFO - Sync 1 DAGs
[2025-06-04T23:24:23.685+0000] {logging_mixin.py:190} INFO - [2025-06-04T23:24:23.685+0000] {dag.py:4180} INFO - Setting next_dagrun for 00_create_IAC to None, run_after=None
[2025-06-04T23:24:23.703+0000] {processor.py:208} INFO - Processing /opt/airflow/dags/00_create_iac.py took 0.091 seconds
[2025-06-04T23:24:54.392+0000] {processor.py:186} INFO - Started process (PID=874) to work on /opt/airflow/dags/00_create_iac.py
[2025-06-04T23:24:54.393+0000] {processor.py:914} INFO - Processing file /opt/airflow/dags/00_create_iac.py for tasks to queue
[2025-06-04T23:24:54.395+0000] {logging_mixin.py:190} INFO - [2025-06-04T23:24:54.395+0000] {dagbag.py:588} INFO - Filling up the DagBag from /opt/airflow/dags/00_create_iac.py
[2025-06-04T23:24:54.418+0000] {processor.py:925} INFO - DAG(s) '00_create_IAC' retrieved from /opt/airflow/dags/00_create_iac.py
[2025-06-04T23:24:54.444+0000] {logging_mixin.py:190} INFO - [2025-06-04T23:24:54.444+0000] {dag.py:3239} INFO - Sync 1 DAGs
[2025-06-04T23:24:54.459+0000] {logging_mixin.py:190} INFO - [2025-06-04T23:24:54.458+0000] {dag.py:4180} INFO - Setting next_dagrun for 00_create_IAC to None, run_after=None
[2025-06-04T23:24:54.477+0000] {processor.py:208} INFO - Processing /opt/airflow/dags/00_create_iac.py took 0.091 seconds
