[2025-06-04T22:47:55.315+0000] {processor.py:186} INFO - Started process (PID=62) to work on /opt/airflow/dags/01_extract_dag.py
[2025-06-04T22:47:55.316+0000] {processor.py:914} INFO - Processing file /opt/airflow/dags/01_extract_dag.py for tasks to queue
[2025-06-04T22:47:55.318+0000] {logging_mixin.py:190} INFO - [2025-06-04T22:47:55.318+0000] {dagbag.py:588} INFO - Filling up the DagBag from /opt/airflow/dags/01_extract_dag.py
[2025-06-04T22:47:55.416+0000] {processor.py:925} INFO - DAG(s) '01_extract_data' retrieved from /opt/airflow/dags/01_extract_dag.py
[2025-06-04T22:47:55.450+0000] {logging_mixin.py:190} INFO - [2025-06-04T22:47:55.449+0000] {dag.py:3239} INFO - Sync 1 DAGs
[2025-06-04T22:47:55.474+0000] {logging_mixin.py:190} INFO - [2025-06-04T22:47:55.474+0000] {dag.py:4180} INFO - Setting next_dagrun for 01_extract_data to None, run_after=None
[2025-06-04T22:47:55.497+0000] {processor.py:208} INFO - Processing /opt/airflow/dags/01_extract_dag.py took 0.189 seconds
[2025-06-04T22:48:25.992+0000] {processor.py:186} INFO - Started process (PID=73) to work on /opt/airflow/dags/01_extract_dag.py
[2025-06-04T22:48:25.993+0000] {processor.py:914} INFO - Processing file /opt/airflow/dags/01_extract_dag.py for tasks to queue
[2025-06-04T22:48:25.996+0000] {logging_mixin.py:190} INFO - [2025-06-04T22:48:25.996+0000] {dagbag.py:588} INFO - Filling up the DagBag from /opt/airflow/dags/01_extract_dag.py
[2025-06-04T22:48:26.059+0000] {processor.py:925} INFO - DAG(s) '01_extract_data' retrieved from /opt/airflow/dags/01_extract_dag.py
[2025-06-04T22:48:26.091+0000] {logging_mixin.py:190} INFO - [2025-06-04T22:48:26.091+0000] {dag.py:3239} INFO - Sync 1 DAGs
[2025-06-04T22:48:26.108+0000] {logging_mixin.py:190} INFO - [2025-06-04T22:48:26.107+0000] {dag.py:4180} INFO - Setting next_dagrun for 01_extract_data to None, run_after=None
[2025-06-04T22:48:26.124+0000] {processor.py:208} INFO - Processing /opt/airflow/dags/01_extract_dag.py took 0.137 seconds
[2025-06-04T22:48:56.815+0000] {processor.py:186} INFO - Started process (PID=84) to work on /opt/airflow/dags/01_extract_dag.py
[2025-06-04T22:48:56.816+0000] {processor.py:914} INFO - Processing file /opt/airflow/dags/01_extract_dag.py for tasks to queue
[2025-06-04T22:48:56.818+0000] {logging_mixin.py:190} INFO - [2025-06-04T22:48:56.818+0000] {dagbag.py:588} INFO - Filling up the DagBag from /opt/airflow/dags/01_extract_dag.py
[2025-06-04T22:48:56.882+0000] {processor.py:925} INFO - DAG(s) '01_extract_data' retrieved from /opt/airflow/dags/01_extract_dag.py
[2025-06-04T22:48:56.910+0000] {logging_mixin.py:190} INFO - [2025-06-04T22:48:56.910+0000] {dag.py:3239} INFO - Sync 1 DAGs
[2025-06-04T22:48:56.925+0000] {logging_mixin.py:190} INFO - [2025-06-04T22:48:56.925+0000] {dag.py:4180} INFO - Setting next_dagrun for 01_extract_data to None, run_after=None
[2025-06-04T22:48:56.946+0000] {processor.py:208} INFO - Processing /opt/airflow/dags/01_extract_dag.py took 0.137 seconds
[2025-06-04T22:49:27.666+0000] {processor.py:186} INFO - Started process (PID=95) to work on /opt/airflow/dags/01_extract_dag.py
[2025-06-04T22:49:27.667+0000] {processor.py:914} INFO - Processing file /opt/airflow/dags/01_extract_dag.py for tasks to queue
[2025-06-04T22:49:27.670+0000] {logging_mixin.py:190} INFO - [2025-06-04T22:49:27.669+0000] {dagbag.py:588} INFO - Filling up the DagBag from /opt/airflow/dags/01_extract_dag.py
[2025-06-04T22:49:27.728+0000] {processor.py:925} INFO - DAG(s) '01_extract_data' retrieved from /opt/airflow/dags/01_extract_dag.py
[2025-06-04T22:49:27.754+0000] {logging_mixin.py:190} INFO - [2025-06-04T22:49:27.754+0000] {dag.py:3239} INFO - Sync 1 DAGs
[2025-06-04T22:49:27.767+0000] {logging_mixin.py:190} INFO - [2025-06-04T22:49:27.767+0000] {dag.py:4180} INFO - Setting next_dagrun for 01_extract_data to None, run_after=None
[2025-06-04T22:49:27.784+0000] {processor.py:208} INFO - Processing /opt/airflow/dags/01_extract_dag.py took 0.124 seconds
[2025-06-04T22:49:58.483+0000] {processor.py:186} INFO - Started process (PID=106) to work on /opt/airflow/dags/01_extract_dag.py
[2025-06-04T22:49:58.484+0000] {processor.py:914} INFO - Processing file /opt/airflow/dags/01_extract_dag.py for tasks to queue
[2025-06-04T22:49:58.486+0000] {logging_mixin.py:190} INFO - [2025-06-04T22:49:58.486+0000] {dagbag.py:588} INFO - Filling up the DagBag from /opt/airflow/dags/01_extract_dag.py
[2025-06-04T22:49:58.542+0000] {processor.py:925} INFO - DAG(s) '01_extract_data' retrieved from /opt/airflow/dags/01_extract_dag.py
[2025-06-04T22:49:58.567+0000] {logging_mixin.py:190} INFO - [2025-06-04T22:49:58.567+0000] {dag.py:3239} INFO - Sync 1 DAGs
[2025-06-04T22:49:58.580+0000] {logging_mixin.py:190} INFO - [2025-06-04T22:49:58.580+0000] {dag.py:4180} INFO - Setting next_dagrun for 01_extract_data to None, run_after=None
[2025-06-04T22:49:58.597+0000] {processor.py:208} INFO - Processing /opt/airflow/dags/01_extract_dag.py took 0.119 seconds
[2025-06-04T22:50:29.358+0000] {processor.py:186} INFO - Started process (PID=117) to work on /opt/airflow/dags/01_extract_dag.py
[2025-06-04T22:50:29.360+0000] {processor.py:914} INFO - Processing file /opt/airflow/dags/01_extract_dag.py for tasks to queue
[2025-06-04T22:50:29.363+0000] {logging_mixin.py:190} INFO - [2025-06-04T22:50:29.362+0000] {dagbag.py:588} INFO - Filling up the DagBag from /opt/airflow/dags/01_extract_dag.py
[2025-06-04T22:50:29.436+0000] {processor.py:925} INFO - DAG(s) '01_extract_data' retrieved from /opt/airflow/dags/01_extract_dag.py
[2025-06-04T22:50:29.462+0000] {logging_mixin.py:190} INFO - [2025-06-04T22:50:29.462+0000] {dag.py:3239} INFO - Sync 1 DAGs
[2025-06-04T22:50:29.476+0000] {logging_mixin.py:190} INFO - [2025-06-04T22:50:29.476+0000] {dag.py:4180} INFO - Setting next_dagrun for 01_extract_data to None, run_after=None
[2025-06-04T22:50:29.494+0000] {processor.py:208} INFO - Processing /opt/airflow/dags/01_extract_dag.py took 0.143 seconds
[2025-06-04T22:51:00.168+0000] {processor.py:186} INFO - Started process (PID=134) to work on /opt/airflow/dags/01_extract_dag.py
[2025-06-04T22:51:00.169+0000] {processor.py:914} INFO - Processing file /opt/airflow/dags/01_extract_dag.py for tasks to queue
[2025-06-04T22:51:00.171+0000] {logging_mixin.py:190} INFO - [2025-06-04T22:51:00.171+0000] {dagbag.py:588} INFO - Filling up the DagBag from /opt/airflow/dags/01_extract_dag.py
[2025-06-04T22:51:00.227+0000] {processor.py:925} INFO - DAG(s) '01_extract_data' retrieved from /opt/airflow/dags/01_extract_dag.py
[2025-06-04T22:51:00.252+0000] {logging_mixin.py:190} INFO - [2025-06-04T22:51:00.251+0000] {dag.py:3239} INFO - Sync 1 DAGs
[2025-06-04T22:51:00.265+0000] {logging_mixin.py:190} INFO - [2025-06-04T22:51:00.265+0000] {dag.py:4180} INFO - Setting next_dagrun for 01_extract_data to None, run_after=None
[2025-06-04T22:51:00.284+0000] {processor.py:208} INFO - Processing /opt/airflow/dags/01_extract_dag.py took 0.120 seconds
[2025-06-04T22:51:31.044+0000] {processor.py:186} INFO - Started process (PID=145) to work on /opt/airflow/dags/01_extract_dag.py
[2025-06-04T22:51:31.045+0000] {processor.py:914} INFO - Processing file /opt/airflow/dags/01_extract_dag.py for tasks to queue
[2025-06-04T22:51:31.047+0000] {logging_mixin.py:190} INFO - [2025-06-04T22:51:31.046+0000] {dagbag.py:588} INFO - Filling up the DagBag from /opt/airflow/dags/01_extract_dag.py
[2025-06-04T22:51:31.103+0000] {processor.py:925} INFO - DAG(s) '01_extract_data' retrieved from /opt/airflow/dags/01_extract_dag.py
[2025-06-04T22:51:31.127+0000] {logging_mixin.py:190} INFO - [2025-06-04T22:51:31.127+0000] {dag.py:3239} INFO - Sync 1 DAGs
[2025-06-04T22:51:31.140+0000] {logging_mixin.py:190} INFO - [2025-06-04T22:51:31.140+0000] {dag.py:4180} INFO - Setting next_dagrun for 01_extract_data to None, run_after=None
[2025-06-04T22:51:31.158+0000] {processor.py:208} INFO - Processing /opt/airflow/dags/01_extract_dag.py took 0.120 seconds
[2025-06-04T22:52:01.967+0000] {processor.py:186} INFO - Started process (PID=156) to work on /opt/airflow/dags/01_extract_dag.py
[2025-06-04T22:52:01.968+0000] {processor.py:914} INFO - Processing file /opt/airflow/dags/01_extract_dag.py for tasks to queue
[2025-06-04T22:52:01.971+0000] {logging_mixin.py:190} INFO - [2025-06-04T22:52:01.970+0000] {dagbag.py:588} INFO - Filling up the DagBag from /opt/airflow/dags/01_extract_dag.py
[2025-06-04T22:52:02.037+0000] {processor.py:925} INFO - DAG(s) '01_extract_data' retrieved from /opt/airflow/dags/01_extract_dag.py
[2025-06-04T22:52:02.066+0000] {logging_mixin.py:190} INFO - [2025-06-04T22:52:02.066+0000] {dag.py:3239} INFO - Sync 1 DAGs
[2025-06-04T22:52:02.082+0000] {logging_mixin.py:190} INFO - [2025-06-04T22:52:02.081+0000] {dag.py:4180} INFO - Setting next_dagrun for 01_extract_data to None, run_after=None
[2025-06-04T22:52:02.098+0000] {processor.py:208} INFO - Processing /opt/airflow/dags/01_extract_dag.py took 0.137 seconds
[2025-06-04T22:52:32.793+0000] {processor.py:186} INFO - Started process (PID=167) to work on /opt/airflow/dags/01_extract_dag.py
[2025-06-04T22:52:32.794+0000] {processor.py:914} INFO - Processing file /opt/airflow/dags/01_extract_dag.py for tasks to queue
[2025-06-04T22:52:32.796+0000] {logging_mixin.py:190} INFO - [2025-06-04T22:52:32.795+0000] {dagbag.py:588} INFO - Filling up the DagBag from /opt/airflow/dags/01_extract_dag.py
[2025-06-04T22:52:32.855+0000] {processor.py:925} INFO - DAG(s) '01_extract_data' retrieved from /opt/airflow/dags/01_extract_dag.py
[2025-06-04T22:52:32.879+0000] {logging_mixin.py:190} INFO - [2025-06-04T22:52:32.879+0000] {dag.py:3239} INFO - Sync 1 DAGs
[2025-06-04T22:52:32.892+0000] {logging_mixin.py:190} INFO - [2025-06-04T22:52:32.892+0000] {dag.py:4180} INFO - Setting next_dagrun for 01_extract_data to None, run_after=None
[2025-06-04T22:52:32.912+0000] {processor.py:208} INFO - Processing /opt/airflow/dags/01_extract_dag.py took 0.125 seconds
[2025-06-04T22:53:03.588+0000] {processor.py:186} INFO - Started process (PID=178) to work on /opt/airflow/dags/01_extract_dag.py
[2025-06-04T22:53:03.589+0000] {processor.py:914} INFO - Processing file /opt/airflow/dags/01_extract_dag.py for tasks to queue
[2025-06-04T22:53:03.591+0000] {logging_mixin.py:190} INFO - [2025-06-04T22:53:03.591+0000] {dagbag.py:588} INFO - Filling up the DagBag from /opt/airflow/dags/01_extract_dag.py
[2025-06-04T22:53:03.650+0000] {processor.py:925} INFO - DAG(s) '01_extract_data' retrieved from /opt/airflow/dags/01_extract_dag.py
[2025-06-04T22:53:03.678+0000] {logging_mixin.py:190} INFO - [2025-06-04T22:53:03.677+0000] {dag.py:3239} INFO - Sync 1 DAGs
[2025-06-04T22:53:03.691+0000] {logging_mixin.py:190} INFO - [2025-06-04T22:53:03.691+0000] {dag.py:4180} INFO - Setting next_dagrun for 01_extract_data to None, run_after=None
[2025-06-04T22:53:03.706+0000] {processor.py:208} INFO - Processing /opt/airflow/dags/01_extract_dag.py took 0.124 seconds
[2025-06-04T22:53:34.435+0000] {processor.py:186} INFO - Started process (PID=189) to work on /opt/airflow/dags/01_extract_dag.py
[2025-06-04T22:53:34.436+0000] {processor.py:914} INFO - Processing file /opt/airflow/dags/01_extract_dag.py for tasks to queue
[2025-06-04T22:53:34.438+0000] {logging_mixin.py:190} INFO - [2025-06-04T22:53:34.438+0000] {dagbag.py:588} INFO - Filling up the DagBag from /opt/airflow/dags/01_extract_dag.py
[2025-06-04T22:53:34.498+0000] {processor.py:925} INFO - DAG(s) '01_extract_data' retrieved from /opt/airflow/dags/01_extract_dag.py
[2025-06-04T22:53:34.529+0000] {logging_mixin.py:190} INFO - [2025-06-04T22:53:34.529+0000] {dag.py:3239} INFO - Sync 1 DAGs
[2025-06-04T22:53:34.544+0000] {logging_mixin.py:190} INFO - [2025-06-04T22:53:34.544+0000] {dag.py:4180} INFO - Setting next_dagrun for 01_extract_data to None, run_after=None
[2025-06-04T22:53:34.563+0000] {processor.py:208} INFO - Processing /opt/airflow/dags/01_extract_dag.py took 0.133 seconds
[2025-06-04T22:54:05.315+0000] {processor.py:186} INFO - Started process (PID=200) to work on /opt/airflow/dags/01_extract_dag.py
[2025-06-04T22:54:05.316+0000] {processor.py:914} INFO - Processing file /opt/airflow/dags/01_extract_dag.py for tasks to queue
[2025-06-04T22:54:05.318+0000] {logging_mixin.py:190} INFO - [2025-06-04T22:54:05.318+0000] {dagbag.py:588} INFO - Filling up the DagBag from /opt/airflow/dags/01_extract_dag.py
[2025-06-04T22:54:05.373+0000] {processor.py:925} INFO - DAG(s) '01_extract_data' retrieved from /opt/airflow/dags/01_extract_dag.py
[2025-06-04T22:54:05.399+0000] {logging_mixin.py:190} INFO - [2025-06-04T22:54:05.398+0000] {dag.py:3239} INFO - Sync 1 DAGs
[2025-06-04T22:54:05.415+0000] {logging_mixin.py:190} INFO - [2025-06-04T22:54:05.415+0000] {dag.py:4180} INFO - Setting next_dagrun for 01_extract_data to None, run_after=None
[2025-06-04T22:54:05.434+0000] {processor.py:208} INFO - Processing /opt/airflow/dags/01_extract_dag.py took 0.124 seconds
[2025-06-04T22:54:36.144+0000] {processor.py:186} INFO - Started process (PID=211) to work on /opt/airflow/dags/01_extract_dag.py
[2025-06-04T22:54:36.145+0000] {processor.py:914} INFO - Processing file /opt/airflow/dags/01_extract_dag.py for tasks to queue
[2025-06-04T22:54:36.147+0000] {logging_mixin.py:190} INFO - [2025-06-04T22:54:36.147+0000] {dagbag.py:588} INFO - Filling up the DagBag from /opt/airflow/dags/01_extract_dag.py
[2025-06-04T22:54:36.203+0000] {processor.py:925} INFO - DAG(s) '01_extract_data' retrieved from /opt/airflow/dags/01_extract_dag.py
[2025-06-04T22:54:36.228+0000] {logging_mixin.py:190} INFO - [2025-06-04T22:54:36.228+0000] {dag.py:3239} INFO - Sync 1 DAGs
[2025-06-04T22:54:36.242+0000] {logging_mixin.py:190} INFO - [2025-06-04T22:54:36.242+0000] {dag.py:4180} INFO - Setting next_dagrun for 01_extract_data to None, run_after=None
[2025-06-04T22:54:36.260+0000] {processor.py:208} INFO - Processing /opt/airflow/dags/01_extract_dag.py took 0.122 seconds
[2025-06-04T22:55:07.073+0000] {processor.py:186} INFO - Started process (PID=222) to work on /opt/airflow/dags/01_extract_dag.py
[2025-06-04T22:55:07.074+0000] {processor.py:914} INFO - Processing file /opt/airflow/dags/01_extract_dag.py for tasks to queue
[2025-06-04T22:55:07.076+0000] {logging_mixin.py:190} INFO - [2025-06-04T22:55:07.076+0000] {dagbag.py:588} INFO - Filling up the DagBag from /opt/airflow/dags/01_extract_dag.py
[2025-06-04T22:55:07.131+0000] {processor.py:925} INFO - DAG(s) '01_extract_data' retrieved from /opt/airflow/dags/01_extract_dag.py
[2025-06-04T22:55:07.155+0000] {logging_mixin.py:190} INFO - [2025-06-04T22:55:07.155+0000] {dag.py:3239} INFO - Sync 1 DAGs
[2025-06-04T22:55:07.169+0000] {logging_mixin.py:190} INFO - [2025-06-04T22:55:07.169+0000] {dag.py:4180} INFO - Setting next_dagrun for 01_extract_data to None, run_after=None
[2025-06-04T22:55:07.187+0000] {processor.py:208} INFO - Processing /opt/airflow/dags/01_extract_dag.py took 0.119 seconds
[2025-06-04T22:55:37.790+0000] {processor.py:186} INFO - Started process (PID=233) to work on /opt/airflow/dags/01_extract_dag.py
[2025-06-04T22:55:37.791+0000] {processor.py:914} INFO - Processing file /opt/airflow/dags/01_extract_dag.py for tasks to queue
[2025-06-04T22:55:37.793+0000] {logging_mixin.py:190} INFO - [2025-06-04T22:55:37.793+0000] {dagbag.py:588} INFO - Filling up the DagBag from /opt/airflow/dags/01_extract_dag.py
[2025-06-04T22:55:37.856+0000] {processor.py:925} INFO - DAG(s) '01_extract_data' retrieved from /opt/airflow/dags/01_extract_dag.py
[2025-06-04T22:55:37.882+0000] {logging_mixin.py:190} INFO - [2025-06-04T22:55:37.882+0000] {dag.py:3239} INFO - Sync 1 DAGs
[2025-06-04T22:55:37.896+0000] {logging_mixin.py:190} INFO - [2025-06-04T22:55:37.896+0000] {dag.py:4180} INFO - Setting next_dagrun for 01_extract_data to None, run_after=None
[2025-06-04T22:55:37.917+0000] {processor.py:208} INFO - Processing /opt/airflow/dags/01_extract_dag.py took 0.132 seconds
[2025-06-04T22:56:08.582+0000] {processor.py:186} INFO - Started process (PID=245) to work on /opt/airflow/dags/01_extract_dag.py
[2025-06-04T22:56:08.583+0000] {processor.py:914} INFO - Processing file /opt/airflow/dags/01_extract_dag.py for tasks to queue
[2025-06-04T22:56:08.584+0000] {logging_mixin.py:190} INFO - [2025-06-04T22:56:08.584+0000] {dagbag.py:588} INFO - Filling up the DagBag from /opt/airflow/dags/01_extract_dag.py
[2025-06-04T22:56:08.644+0000] {processor.py:925} INFO - DAG(s) '01_extract_data' retrieved from /opt/airflow/dags/01_extract_dag.py
[2025-06-04T22:56:08.670+0000] {logging_mixin.py:190} INFO - [2025-06-04T22:56:08.670+0000] {dag.py:3239} INFO - Sync 1 DAGs
[2025-06-04T22:56:08.684+0000] {logging_mixin.py:190} INFO - [2025-06-04T22:56:08.684+0000] {dag.py:4180} INFO - Setting next_dagrun for 01_extract_data to None, run_after=None
[2025-06-04T22:56:08.702+0000] {processor.py:208} INFO - Processing /opt/airflow/dags/01_extract_dag.py took 0.126 seconds
[2025-06-04T22:56:39.294+0000] {processor.py:186} INFO - Started process (PID=256) to work on /opt/airflow/dags/01_extract_dag.py
[2025-06-04T22:56:39.295+0000] {processor.py:914} INFO - Processing file /opt/airflow/dags/01_extract_dag.py for tasks to queue
[2025-06-04T22:56:39.297+0000] {logging_mixin.py:190} INFO - [2025-06-04T22:56:39.297+0000] {dagbag.py:588} INFO - Filling up the DagBag from /opt/airflow/dags/01_extract_dag.py
[2025-06-04T22:56:39.359+0000] {processor.py:925} INFO - DAG(s) '01_extract_data' retrieved from /opt/airflow/dags/01_extract_dag.py
[2025-06-04T22:56:39.384+0000] {logging_mixin.py:190} INFO - [2025-06-04T22:56:39.384+0000] {dag.py:3239} INFO - Sync 1 DAGs
[2025-06-04T22:56:39.398+0000] {logging_mixin.py:190} INFO - [2025-06-04T22:56:39.398+0000] {dag.py:4180} INFO - Setting next_dagrun for 01_extract_data to None, run_after=None
[2025-06-04T22:56:39.417+0000] {processor.py:208} INFO - Processing /opt/airflow/dags/01_extract_dag.py took 0.128 seconds
[2025-06-04T22:57:09.992+0000] {processor.py:186} INFO - Started process (PID=267) to work on /opt/airflow/dags/01_extract_dag.py
[2025-06-04T22:57:09.993+0000] {processor.py:914} INFO - Processing file /opt/airflow/dags/01_extract_dag.py for tasks to queue
[2025-06-04T22:57:09.995+0000] {logging_mixin.py:190} INFO - [2025-06-04T22:57:09.995+0000] {dagbag.py:588} INFO - Filling up the DagBag from /opt/airflow/dags/01_extract_dag.py
[2025-06-04T22:57:10.047+0000] {processor.py:925} INFO - DAG(s) '01_extract_data' retrieved from /opt/airflow/dags/01_extract_dag.py
[2025-06-04T22:57:10.074+0000] {logging_mixin.py:190} INFO - [2025-06-04T22:57:10.073+0000] {dag.py:3239} INFO - Sync 1 DAGs
[2025-06-04T22:57:10.087+0000] {logging_mixin.py:190} INFO - [2025-06-04T22:57:10.087+0000] {dag.py:4180} INFO - Setting next_dagrun for 01_extract_data to None, run_after=None
[2025-06-04T22:57:10.104+0000] {processor.py:208} INFO - Processing /opt/airflow/dags/01_extract_dag.py took 0.117 seconds
[2025-06-04T22:57:40.761+0000] {processor.py:186} INFO - Started process (PID=278) to work on /opt/airflow/dags/01_extract_dag.py
[2025-06-04T22:57:40.762+0000] {processor.py:914} INFO - Processing file /opt/airflow/dags/01_extract_dag.py for tasks to queue
[2025-06-04T22:57:40.764+0000] {logging_mixin.py:190} INFO - [2025-06-04T22:57:40.764+0000] {dagbag.py:588} INFO - Filling up the DagBag from /opt/airflow/dags/01_extract_dag.py
[2025-06-04T22:57:40.828+0000] {processor.py:925} INFO - DAG(s) '01_extract_data' retrieved from /opt/airflow/dags/01_extract_dag.py
[2025-06-04T22:57:40.854+0000] {logging_mixin.py:190} INFO - [2025-06-04T22:57:40.854+0000] {dag.py:3239} INFO - Sync 1 DAGs
[2025-06-04T22:57:40.868+0000] {logging_mixin.py:190} INFO - [2025-06-04T22:57:40.868+0000] {dag.py:4180} INFO - Setting next_dagrun for 01_extract_data to None, run_after=None
[2025-06-04T22:57:40.887+0000] {processor.py:208} INFO - Processing /opt/airflow/dags/01_extract_dag.py took 0.131 seconds
[2025-06-04T22:58:11.647+0000] {processor.py:186} INFO - Started process (PID=289) to work on /opt/airflow/dags/01_extract_dag.py
[2025-06-04T22:58:11.648+0000] {processor.py:914} INFO - Processing file /opt/airflow/dags/01_extract_dag.py for tasks to queue
[2025-06-04T22:58:11.651+0000] {logging_mixin.py:190} INFO - [2025-06-04T22:58:11.650+0000] {dagbag.py:588} INFO - Filling up the DagBag from /opt/airflow/dags/01_extract_dag.py
[2025-06-04T22:58:11.720+0000] {processor.py:925} INFO - DAG(s) '01_extract_data' retrieved from /opt/airflow/dags/01_extract_dag.py
[2025-06-04T22:58:11.751+0000] {logging_mixin.py:190} INFO - [2025-06-04T22:58:11.751+0000] {dag.py:3239} INFO - Sync 1 DAGs
[2025-06-04T22:58:11.767+0000] {logging_mixin.py:190} INFO - [2025-06-04T22:58:11.766+0000] {dag.py:4180} INFO - Setting next_dagrun for 01_extract_data to None, run_after=None
[2025-06-04T22:58:11.787+0000] {processor.py:208} INFO - Processing /opt/airflow/dags/01_extract_dag.py took 0.145 seconds
[2025-06-04T22:58:42.496+0000] {processor.py:186} INFO - Started process (PID=300) to work on /opt/airflow/dags/01_extract_dag.py
[2025-06-04T22:58:42.497+0000] {processor.py:914} INFO - Processing file /opt/airflow/dags/01_extract_dag.py for tasks to queue
[2025-06-04T22:58:42.499+0000] {logging_mixin.py:190} INFO - [2025-06-04T22:58:42.499+0000] {dagbag.py:588} INFO - Filling up the DagBag from /opt/airflow/dags/01_extract_dag.py
[2025-06-04T22:58:42.559+0000] {processor.py:925} INFO - DAG(s) '01_extract_data' retrieved from /opt/airflow/dags/01_extract_dag.py
[2025-06-04T22:58:42.585+0000] {logging_mixin.py:190} INFO - [2025-06-04T22:58:42.585+0000] {dag.py:3239} INFO - Sync 1 DAGs
[2025-06-04T22:58:42.597+0000] {logging_mixin.py:190} INFO - [2025-06-04T22:58:42.597+0000] {dag.py:4180} INFO - Setting next_dagrun for 01_extract_data to None, run_after=None
[2025-06-04T22:58:42.614+0000] {processor.py:208} INFO - Processing /opt/airflow/dags/01_extract_dag.py took 0.123 seconds
[2025-06-04T22:59:13.223+0000] {processor.py:186} INFO - Started process (PID=312) to work on /opt/airflow/dags/01_extract_dag.py
[2025-06-04T22:59:13.224+0000] {processor.py:914} INFO - Processing file /opt/airflow/dags/01_extract_dag.py for tasks to queue
[2025-06-04T22:59:13.226+0000] {logging_mixin.py:190} INFO - [2025-06-04T22:59:13.226+0000] {dagbag.py:588} INFO - Filling up the DagBag from /opt/airflow/dags/01_extract_dag.py
[2025-06-04T22:59:13.282+0000] {processor.py:925} INFO - DAG(s) '01_extract_data' retrieved from /opt/airflow/dags/01_extract_dag.py
[2025-06-04T22:59:13.308+0000] {logging_mixin.py:190} INFO - [2025-06-04T22:59:13.308+0000] {dag.py:3239} INFO - Sync 1 DAGs
[2025-06-04T22:59:13.321+0000] {logging_mixin.py:190} INFO - [2025-06-04T22:59:13.320+0000] {dag.py:4180} INFO - Setting next_dagrun for 01_extract_data to None, run_after=None
[2025-06-04T22:59:13.338+0000] {processor.py:208} INFO - Processing /opt/airflow/dags/01_extract_dag.py took 0.119 seconds
[2025-06-04T22:59:43.999+0000] {processor.py:186} INFO - Started process (PID=323) to work on /opt/airflow/dags/01_extract_dag.py
[2025-06-04T22:59:44.000+0000] {processor.py:914} INFO - Processing file /opt/airflow/dags/01_extract_dag.py for tasks to queue
[2025-06-04T22:59:44.002+0000] {logging_mixin.py:190} INFO - [2025-06-04T22:59:44.002+0000] {dagbag.py:588} INFO - Filling up the DagBag from /opt/airflow/dags/01_extract_dag.py
[2025-06-04T22:59:44.064+0000] {processor.py:925} INFO - DAG(s) '01_extract_data' retrieved from /opt/airflow/dags/01_extract_dag.py
[2025-06-04T22:59:44.089+0000] {logging_mixin.py:190} INFO - [2025-06-04T22:59:44.088+0000] {dag.py:3239} INFO - Sync 1 DAGs
[2025-06-04T22:59:44.101+0000] {logging_mixin.py:190} INFO - [2025-06-04T22:59:44.101+0000] {dag.py:4180} INFO - Setting next_dagrun for 01_extract_data to None, run_after=None
[2025-06-04T22:59:44.120+0000] {processor.py:208} INFO - Processing /opt/airflow/dags/01_extract_dag.py took 0.127 seconds
[2025-06-04T23:00:14.713+0000] {processor.py:186} INFO - Started process (PID=335) to work on /opt/airflow/dags/01_extract_dag.py
[2025-06-04T23:00:14.714+0000] {processor.py:914} INFO - Processing file /opt/airflow/dags/01_extract_dag.py for tasks to queue
[2025-06-04T23:00:14.717+0000] {logging_mixin.py:190} INFO - [2025-06-04T23:00:14.717+0000] {dagbag.py:588} INFO - Filling up the DagBag from /opt/airflow/dags/01_extract_dag.py
[2025-06-04T23:00:14.786+0000] {processor.py:925} INFO - DAG(s) '01_extract_data' retrieved from /opt/airflow/dags/01_extract_dag.py
[2025-06-04T23:00:14.813+0000] {logging_mixin.py:190} INFO - [2025-06-04T23:00:14.813+0000] {dag.py:3239} INFO - Sync 1 DAGs
[2025-06-04T23:00:14.828+0000] {logging_mixin.py:190} INFO - [2025-06-04T23:00:14.828+0000] {dag.py:4180} INFO - Setting next_dagrun for 01_extract_data to None, run_after=None
[2025-06-04T23:00:14.850+0000] {processor.py:208} INFO - Processing /opt/airflow/dags/01_extract_dag.py took 0.143 seconds
[2025-06-04T23:00:45.607+0000] {processor.py:186} INFO - Started process (PID=346) to work on /opt/airflow/dags/01_extract_dag.py
[2025-06-04T23:00:45.608+0000] {processor.py:914} INFO - Processing file /opt/airflow/dags/01_extract_dag.py for tasks to queue
[2025-06-04T23:00:45.610+0000] {logging_mixin.py:190} INFO - [2025-06-04T23:00:45.610+0000] {dagbag.py:588} INFO - Filling up the DagBag from /opt/airflow/dags/01_extract_dag.py
[2025-06-04T23:00:45.665+0000] {processor.py:925} INFO - DAG(s) '01_extract_data' retrieved from /opt/airflow/dags/01_extract_dag.py
[2025-06-04T23:00:45.690+0000] {logging_mixin.py:190} INFO - [2025-06-04T23:00:45.689+0000] {dag.py:3239} INFO - Sync 1 DAGs
[2025-06-04T23:00:45.703+0000] {logging_mixin.py:190} INFO - [2025-06-04T23:00:45.702+0000] {dag.py:4180} INFO - Setting next_dagrun for 01_extract_data to None, run_after=None
[2025-06-04T23:00:45.720+0000] {processor.py:208} INFO - Processing /opt/airflow/dags/01_extract_dag.py took 0.118 seconds
[2025-06-04T23:01:16.556+0000] {processor.py:186} INFO - Started process (PID=358) to work on /opt/airflow/dags/01_extract_dag.py
[2025-06-04T23:01:16.557+0000] {processor.py:914} INFO - Processing file /opt/airflow/dags/01_extract_dag.py for tasks to queue
[2025-06-04T23:01:16.561+0000] {logging_mixin.py:190} INFO - [2025-06-04T23:01:16.560+0000] {dagbag.py:588} INFO - Filling up the DagBag from /opt/airflow/dags/01_extract_dag.py
[2025-06-04T23:01:16.646+0000] {processor.py:925} INFO - DAG(s) '01_extract_data' retrieved from /opt/airflow/dags/01_extract_dag.py
[2025-06-04T23:01:16.679+0000] {logging_mixin.py:190} INFO - [2025-06-04T23:01:16.679+0000] {dag.py:3239} INFO - Sync 1 DAGs
[2025-06-04T23:01:16.698+0000] {logging_mixin.py:190} INFO - [2025-06-04T23:01:16.698+0000] {dag.py:4180} INFO - Setting next_dagrun for 01_extract_data to None, run_after=None
[2025-06-04T23:01:16.717+0000] {processor.py:208} INFO - Processing /opt/airflow/dags/01_extract_dag.py took 0.169 seconds
[2025-06-04T23:01:47.307+0000] {processor.py:186} INFO - Started process (PID=369) to work on /opt/airflow/dags/01_extract_dag.py
[2025-06-04T23:01:47.308+0000] {processor.py:914} INFO - Processing file /opt/airflow/dags/01_extract_dag.py for tasks to queue
[2025-06-04T23:01:47.310+0000] {logging_mixin.py:190} INFO - [2025-06-04T23:01:47.310+0000] {dagbag.py:588} INFO - Filling up the DagBag from /opt/airflow/dags/01_extract_dag.py
[2025-06-04T23:01:47.370+0000] {processor.py:925} INFO - DAG(s) '01_extract_data' retrieved from /opt/airflow/dags/01_extract_dag.py
[2025-06-04T23:01:47.396+0000] {logging_mixin.py:190} INFO - [2025-06-04T23:01:47.395+0000] {dag.py:3239} INFO - Sync 1 DAGs
[2025-06-04T23:01:47.410+0000] {logging_mixin.py:190} INFO - [2025-06-04T23:01:47.410+0000] {dag.py:4180} INFO - Setting next_dagrun for 01_extract_data to None, run_after=None
[2025-06-04T23:01:47.429+0000] {processor.py:208} INFO - Processing /opt/airflow/dags/01_extract_dag.py took 0.129 seconds
[2025-06-04T23:02:18.086+0000] {processor.py:186} INFO - Started process (PID=380) to work on /opt/airflow/dags/01_extract_dag.py
[2025-06-04T23:02:18.087+0000] {processor.py:914} INFO - Processing file /opt/airflow/dags/01_extract_dag.py for tasks to queue
[2025-06-04T23:02:18.089+0000] {logging_mixin.py:190} INFO - [2025-06-04T23:02:18.089+0000] {dagbag.py:588} INFO - Filling up the DagBag from /opt/airflow/dags/01_extract_dag.py
[2025-06-04T23:02:18.147+0000] {processor.py:925} INFO - DAG(s) '01_extract_data' retrieved from /opt/airflow/dags/01_extract_dag.py
[2025-06-04T23:02:18.172+0000] {logging_mixin.py:190} INFO - [2025-06-04T23:02:18.172+0000] {dag.py:3239} INFO - Sync 1 DAGs
[2025-06-04T23:02:18.185+0000] {logging_mixin.py:190} INFO - [2025-06-04T23:02:18.185+0000] {dag.py:4180} INFO - Setting next_dagrun for 01_extract_data to None, run_after=None
[2025-06-04T23:02:18.204+0000] {processor.py:208} INFO - Processing /opt/airflow/dags/01_extract_dag.py took 0.123 seconds
[2025-06-04T23:02:48.874+0000] {processor.py:186} INFO - Started process (PID=391) to work on /opt/airflow/dags/01_extract_dag.py
[2025-06-04T23:02:48.875+0000] {processor.py:914} INFO - Processing file /opt/airflow/dags/01_extract_dag.py for tasks to queue
[2025-06-04T23:02:48.878+0000] {logging_mixin.py:190} INFO - [2025-06-04T23:02:48.878+0000] {dagbag.py:588} INFO - Filling up the DagBag from /opt/airflow/dags/01_extract_dag.py
[2025-06-04T23:02:48.945+0000] {processor.py:925} INFO - DAG(s) '01_extract_data' retrieved from /opt/airflow/dags/01_extract_dag.py
[2025-06-04T23:02:48.969+0000] {logging_mixin.py:190} INFO - [2025-06-04T23:02:48.969+0000] {dag.py:3239} INFO - Sync 1 DAGs
[2025-06-04T23:02:48.982+0000] {logging_mixin.py:190} INFO - [2025-06-04T23:02:48.982+0000] {dag.py:4180} INFO - Setting next_dagrun for 01_extract_data to None, run_after=None
[2025-06-04T23:02:48.999+0000] {processor.py:208} INFO - Processing /opt/airflow/dags/01_extract_dag.py took 0.132 seconds
[2025-06-04T23:03:19.684+0000] {processor.py:186} INFO - Started process (PID=403) to work on /opt/airflow/dags/01_extract_dag.py
[2025-06-04T23:03:19.685+0000] {processor.py:914} INFO - Processing file /opt/airflow/dags/01_extract_dag.py for tasks to queue
[2025-06-04T23:03:19.688+0000] {logging_mixin.py:190} INFO - [2025-06-04T23:03:19.688+0000] {dagbag.py:588} INFO - Filling up the DagBag from /opt/airflow/dags/01_extract_dag.py
[2025-06-04T23:03:19.748+0000] {processor.py:925} INFO - DAG(s) '01_extract_data' retrieved from /opt/airflow/dags/01_extract_dag.py
[2025-06-04T23:03:19.773+0000] {logging_mixin.py:190} INFO - [2025-06-04T23:03:19.773+0000] {dag.py:3239} INFO - Sync 1 DAGs
[2025-06-04T23:03:19.790+0000] {logging_mixin.py:190} INFO - [2025-06-04T23:03:19.789+0000] {dag.py:4180} INFO - Setting next_dagrun for 01_extract_data to None, run_after=None
[2025-06-04T23:03:19.807+0000] {processor.py:208} INFO - Processing /opt/airflow/dags/01_extract_dag.py took 0.128 seconds
[2025-06-04T23:03:50.454+0000] {processor.py:186} INFO - Started process (PID=414) to work on /opt/airflow/dags/01_extract_dag.py
[2025-06-04T23:03:50.455+0000] {processor.py:914} INFO - Processing file /opt/airflow/dags/01_extract_dag.py for tasks to queue
[2025-06-04T23:03:50.457+0000] {logging_mixin.py:190} INFO - [2025-06-04T23:03:50.457+0000] {dagbag.py:588} INFO - Filling up the DagBag from /opt/airflow/dags/01_extract_dag.py
[2025-06-04T23:03:50.516+0000] {processor.py:925} INFO - DAG(s) '01_extract_data' retrieved from /opt/airflow/dags/01_extract_dag.py
[2025-06-04T23:03:50.540+0000] {logging_mixin.py:190} INFO - [2025-06-04T23:03:50.539+0000] {dag.py:3239} INFO - Sync 1 DAGs
[2025-06-04T23:03:50.554+0000] {logging_mixin.py:190} INFO - [2025-06-04T23:03:50.554+0000] {dag.py:4180} INFO - Setting next_dagrun for 01_extract_data to None, run_after=None
[2025-06-04T23:03:50.572+0000] {processor.py:208} INFO - Processing /opt/airflow/dags/01_extract_dag.py took 0.124 seconds
[2025-06-04T23:04:21.241+0000] {processor.py:186} INFO - Started process (PID=425) to work on /opt/airflow/dags/01_extract_dag.py
[2025-06-04T23:04:21.242+0000] {processor.py:914} INFO - Processing file /opt/airflow/dags/01_extract_dag.py for tasks to queue
[2025-06-04T23:04:21.244+0000] {logging_mixin.py:190} INFO - [2025-06-04T23:04:21.244+0000] {dagbag.py:588} INFO - Filling up the DagBag from /opt/airflow/dags/01_extract_dag.py
[2025-06-04T23:04:21.301+0000] {processor.py:925} INFO - DAG(s) '01_extract_data' retrieved from /opt/airflow/dags/01_extract_dag.py
[2025-06-04T23:04:21.325+0000] {logging_mixin.py:190} INFO - [2025-06-04T23:04:21.324+0000] {dag.py:3239} INFO - Sync 1 DAGs
[2025-06-04T23:04:21.338+0000] {logging_mixin.py:190} INFO - [2025-06-04T23:04:21.338+0000] {dag.py:4180} INFO - Setting next_dagrun for 01_extract_data to None, run_after=None
[2025-06-04T23:04:21.356+0000] {processor.py:208} INFO - Processing /opt/airflow/dags/01_extract_dag.py took 0.120 seconds
[2025-06-04T23:04:51.969+0000] {processor.py:186} INFO - Started process (PID=436) to work on /opt/airflow/dags/01_extract_dag.py
[2025-06-04T23:04:51.970+0000] {processor.py:914} INFO - Processing file /opt/airflow/dags/01_extract_dag.py for tasks to queue
[2025-06-04T23:04:51.972+0000] {logging_mixin.py:190} INFO - [2025-06-04T23:04:51.972+0000] {dagbag.py:588} INFO - Filling up the DagBag from /opt/airflow/dags/01_extract_dag.py
[2025-06-04T23:04:52.032+0000] {processor.py:925} INFO - DAG(s) '01_extract_data' retrieved from /opt/airflow/dags/01_extract_dag.py
[2025-06-04T23:04:52.057+0000] {logging_mixin.py:190} INFO - [2025-06-04T23:04:52.057+0000] {dag.py:3239} INFO - Sync 1 DAGs
[2025-06-04T23:04:52.070+0000] {logging_mixin.py:190} INFO - [2025-06-04T23:04:52.069+0000] {dag.py:4180} INFO - Setting next_dagrun for 01_extract_data to None, run_after=None
[2025-06-04T23:04:52.090+0000] {processor.py:208} INFO - Processing /opt/airflow/dags/01_extract_dag.py took 0.126 seconds
[2025-06-04T23:05:22.789+0000] {processor.py:186} INFO - Started process (PID=447) to work on /opt/airflow/dags/01_extract_dag.py
[2025-06-04T23:05:22.790+0000] {processor.py:914} INFO - Processing file /opt/airflow/dags/01_extract_dag.py for tasks to queue
[2025-06-04T23:05:22.792+0000] {logging_mixin.py:190} INFO - [2025-06-04T23:05:22.792+0000] {dagbag.py:588} INFO - Filling up the DagBag from /opt/airflow/dags/01_extract_dag.py
[2025-06-04T23:05:22.853+0000] {processor.py:925} INFO - DAG(s) '01_extract_data' retrieved from /opt/airflow/dags/01_extract_dag.py
[2025-06-04T23:05:22.879+0000] {logging_mixin.py:190} INFO - [2025-06-04T23:05:22.878+0000] {dag.py:3239} INFO - Sync 1 DAGs
[2025-06-04T23:05:22.892+0000] {logging_mixin.py:190} INFO - [2025-06-04T23:05:22.892+0000] {dag.py:4180} INFO - Setting next_dagrun for 01_extract_data to None, run_after=None
[2025-06-04T23:05:22.909+0000] {processor.py:208} INFO - Processing /opt/airflow/dags/01_extract_dag.py took 0.126 seconds
[2025-06-04T23:05:53.485+0000] {processor.py:186} INFO - Started process (PID=458) to work on /opt/airflow/dags/01_extract_dag.py
[2025-06-04T23:05:53.486+0000] {processor.py:914} INFO - Processing file /opt/airflow/dags/01_extract_dag.py for tasks to queue
[2025-06-04T23:05:53.488+0000] {logging_mixin.py:190} INFO - [2025-06-04T23:05:53.488+0000] {dagbag.py:588} INFO - Filling up the DagBag from /opt/airflow/dags/01_extract_dag.py
[2025-06-04T23:05:53.546+0000] {processor.py:925} INFO - DAG(s) '01_extract_data' retrieved from /opt/airflow/dags/01_extract_dag.py
[2025-06-04T23:05:53.571+0000] {logging_mixin.py:190} INFO - [2025-06-04T23:05:53.571+0000] {dag.py:3239} INFO - Sync 1 DAGs
[2025-06-04T23:05:53.586+0000] {logging_mixin.py:190} INFO - [2025-06-04T23:05:53.586+0000] {dag.py:4180} INFO - Setting next_dagrun for 01_extract_data to None, run_after=None
[2025-06-04T23:05:53.605+0000] {processor.py:208} INFO - Processing /opt/airflow/dags/01_extract_dag.py took 0.125 seconds
[2025-06-04T23:06:24.268+0000] {processor.py:186} INFO - Started process (PID=469) to work on /opt/airflow/dags/01_extract_dag.py
[2025-06-04T23:06:24.269+0000] {processor.py:914} INFO - Processing file /opt/airflow/dags/01_extract_dag.py for tasks to queue
[2025-06-04T23:06:24.271+0000] {logging_mixin.py:190} INFO - [2025-06-04T23:06:24.271+0000] {dagbag.py:588} INFO - Filling up the DagBag from /opt/airflow/dags/01_extract_dag.py
[2025-06-04T23:06:24.330+0000] {processor.py:925} INFO - DAG(s) '01_extract_data' retrieved from /opt/airflow/dags/01_extract_dag.py
[2025-06-04T23:06:24.356+0000] {logging_mixin.py:190} INFO - [2025-06-04T23:06:24.356+0000] {dag.py:3239} INFO - Sync 1 DAGs
[2025-06-04T23:06:24.374+0000] {logging_mixin.py:190} INFO - [2025-06-04T23:06:24.373+0000] {dag.py:4180} INFO - Setting next_dagrun for 01_extract_data to None, run_after=None
[2025-06-04T23:06:24.397+0000] {processor.py:208} INFO - Processing /opt/airflow/dags/01_extract_dag.py took 0.135 seconds
[2025-06-04T23:06:55.136+0000] {processor.py:186} INFO - Started process (PID=480) to work on /opt/airflow/dags/01_extract_dag.py
[2025-06-04T23:06:55.137+0000] {processor.py:914} INFO - Processing file /opt/airflow/dags/01_extract_dag.py for tasks to queue
[2025-06-04T23:06:55.139+0000] {logging_mixin.py:190} INFO - [2025-06-04T23:06:55.139+0000] {dagbag.py:588} INFO - Filling up the DagBag from /opt/airflow/dags/01_extract_dag.py
[2025-06-04T23:06:55.198+0000] {processor.py:925} INFO - DAG(s) '01_extract_data' retrieved from /opt/airflow/dags/01_extract_dag.py
[2025-06-04T23:06:55.222+0000] {logging_mixin.py:190} INFO - [2025-06-04T23:06:55.222+0000] {dag.py:3239} INFO - Sync 1 DAGs
[2025-06-04T23:06:55.236+0000] {logging_mixin.py:190} INFO - [2025-06-04T23:06:55.236+0000] {dag.py:4180} INFO - Setting next_dagrun for 01_extract_data to None, run_after=None
[2025-06-04T23:06:55.256+0000] {processor.py:208} INFO - Processing /opt/airflow/dags/01_extract_dag.py took 0.125 seconds
[2025-06-04T23:07:26.027+0000] {processor.py:186} INFO - Started process (PID=491) to work on /opt/airflow/dags/01_extract_dag.py
[2025-06-04T23:07:26.028+0000] {processor.py:914} INFO - Processing file /opt/airflow/dags/01_extract_dag.py for tasks to queue
[2025-06-04T23:07:26.030+0000] {logging_mixin.py:190} INFO - [2025-06-04T23:07:26.030+0000] {dagbag.py:588} INFO - Filling up the DagBag from /opt/airflow/dags/01_extract_dag.py
[2025-06-04T23:07:26.088+0000] {processor.py:925} INFO - DAG(s) '01_extract_data' retrieved from /opt/airflow/dags/01_extract_dag.py
[2025-06-04T23:07:26.113+0000] {logging_mixin.py:190} INFO - [2025-06-04T23:07:26.113+0000] {dag.py:3239} INFO - Sync 1 DAGs
[2025-06-04T23:07:26.126+0000] {logging_mixin.py:190} INFO - [2025-06-04T23:07:26.126+0000] {dag.py:4180} INFO - Setting next_dagrun for 01_extract_data to None, run_after=None
[2025-06-04T23:07:26.144+0000] {processor.py:208} INFO - Processing /opt/airflow/dags/01_extract_dag.py took 0.123 seconds
[2025-06-04T23:07:57.002+0000] {processor.py:186} INFO - Started process (PID=502) to work on /opt/airflow/dags/01_extract_dag.py
[2025-06-04T23:07:57.003+0000] {processor.py:914} INFO - Processing file /opt/airflow/dags/01_extract_dag.py for tasks to queue
[2025-06-04T23:07:57.005+0000] {logging_mixin.py:190} INFO - [2025-06-04T23:07:57.005+0000] {dagbag.py:588} INFO - Filling up the DagBag from /opt/airflow/dags/01_extract_dag.py
[2025-06-04T23:07:57.067+0000] {processor.py:925} INFO - DAG(s) '01_extract_data' retrieved from /opt/airflow/dags/01_extract_dag.py
[2025-06-04T23:07:57.090+0000] {logging_mixin.py:190} INFO - [2025-06-04T23:07:57.090+0000] {dag.py:3239} INFO - Sync 1 DAGs
[2025-06-04T23:07:57.106+0000] {logging_mixin.py:190} INFO - [2025-06-04T23:07:57.106+0000] {dag.py:4180} INFO - Setting next_dagrun for 01_extract_data to None, run_after=None
[2025-06-04T23:07:57.124+0000] {processor.py:208} INFO - Processing /opt/airflow/dags/01_extract_dag.py took 0.128 seconds
[2025-06-04T23:08:27.713+0000] {processor.py:186} INFO - Started process (PID=513) to work on /opt/airflow/dags/01_extract_dag.py
[2025-06-04T23:08:27.714+0000] {processor.py:914} INFO - Processing file /opt/airflow/dags/01_extract_dag.py for tasks to queue
[2025-06-04T23:08:27.716+0000] {logging_mixin.py:190} INFO - [2025-06-04T23:08:27.716+0000] {dagbag.py:588} INFO - Filling up the DagBag from /opt/airflow/dags/01_extract_dag.py
[2025-06-04T23:08:27.774+0000] {processor.py:925} INFO - DAG(s) '01_extract_data' retrieved from /opt/airflow/dags/01_extract_dag.py
[2025-06-04T23:08:27.798+0000] {logging_mixin.py:190} INFO - [2025-06-04T23:08:27.798+0000] {dag.py:3239} INFO - Sync 1 DAGs
[2025-06-04T23:08:27.813+0000] {logging_mixin.py:190} INFO - [2025-06-04T23:08:27.813+0000] {dag.py:4180} INFO - Setting next_dagrun for 01_extract_data to None, run_after=None
[2025-06-04T23:08:27.830+0000] {processor.py:208} INFO - Processing /opt/airflow/dags/01_extract_dag.py took 0.122 seconds
[2025-06-04T23:08:58.500+0000] {processor.py:186} INFO - Started process (PID=524) to work on /opt/airflow/dags/01_extract_dag.py
[2025-06-04T23:08:58.501+0000] {processor.py:914} INFO - Processing file /opt/airflow/dags/01_extract_dag.py for tasks to queue
[2025-06-04T23:08:58.504+0000] {logging_mixin.py:190} INFO - [2025-06-04T23:08:58.503+0000] {dagbag.py:588} INFO - Filling up the DagBag from /opt/airflow/dags/01_extract_dag.py
[2025-06-04T23:08:58.562+0000] {processor.py:925} INFO - DAG(s) '01_extract_data' retrieved from /opt/airflow/dags/01_extract_dag.py
[2025-06-04T23:08:58.588+0000] {logging_mixin.py:190} INFO - [2025-06-04T23:08:58.588+0000] {dag.py:3239} INFO - Sync 1 DAGs
[2025-06-04T23:08:58.602+0000] {logging_mixin.py:190} INFO - [2025-06-04T23:08:58.602+0000] {dag.py:4180} INFO - Setting next_dagrun for 01_extract_data to None, run_after=None
[2025-06-04T23:08:58.621+0000] {processor.py:208} INFO - Processing /opt/airflow/dags/01_extract_dag.py took 0.127 seconds
[2025-06-04T23:09:29.215+0000] {processor.py:186} INFO - Started process (PID=535) to work on /opt/airflow/dags/01_extract_dag.py
[2025-06-04T23:09:29.216+0000] {processor.py:914} INFO - Processing file /opt/airflow/dags/01_extract_dag.py for tasks to queue
[2025-06-04T23:09:29.218+0000] {logging_mixin.py:190} INFO - [2025-06-04T23:09:29.218+0000] {dagbag.py:588} INFO - Filling up the DagBag from /opt/airflow/dags/01_extract_dag.py
[2025-06-04T23:09:29.277+0000] {processor.py:925} INFO - DAG(s) '01_extract_data' retrieved from /opt/airflow/dags/01_extract_dag.py
[2025-06-04T23:09:29.302+0000] {logging_mixin.py:190} INFO - [2025-06-04T23:09:29.302+0000] {dag.py:3239} INFO - Sync 1 DAGs
[2025-06-04T23:09:29.317+0000] {logging_mixin.py:190} INFO - [2025-06-04T23:09:29.317+0000] {dag.py:4180} INFO - Setting next_dagrun for 01_extract_data to None, run_after=None
[2025-06-04T23:09:29.334+0000] {processor.py:208} INFO - Processing /opt/airflow/dags/01_extract_dag.py took 0.124 seconds
[2025-06-04T23:09:59.858+0000] {processor.py:186} INFO - Started process (PID=546) to work on /opt/airflow/dags/01_extract_dag.py
[2025-06-04T23:09:59.859+0000] {processor.py:914} INFO - Processing file /opt/airflow/dags/01_extract_dag.py for tasks to queue
[2025-06-04T23:09:59.861+0000] {logging_mixin.py:190} INFO - [2025-06-04T23:09:59.861+0000] {dagbag.py:588} INFO - Filling up the DagBag from /opt/airflow/dags/01_extract_dag.py
[2025-06-04T23:09:59.919+0000] {processor.py:925} INFO - DAG(s) '01_extract_data' retrieved from /opt/airflow/dags/01_extract_dag.py
[2025-06-04T23:09:59.945+0000] {logging_mixin.py:190} INFO - [2025-06-04T23:09:59.945+0000] {dag.py:3239} INFO - Sync 1 DAGs
[2025-06-04T23:09:59.959+0000] {logging_mixin.py:190} INFO - [2025-06-04T23:09:59.959+0000] {dag.py:4180} INFO - Setting next_dagrun for 01_extract_data to None, run_after=None
[2025-06-04T23:09:59.977+0000] {processor.py:208} INFO - Processing /opt/airflow/dags/01_extract_dag.py took 0.124 seconds
[2025-06-04T23:10:30.803+0000] {processor.py:186} INFO - Started process (PID=557) to work on /opt/airflow/dags/01_extract_dag.py
[2025-06-04T23:10:30.803+0000] {processor.py:914} INFO - Processing file /opt/airflow/dags/01_extract_dag.py for tasks to queue
[2025-06-04T23:10:30.806+0000] {logging_mixin.py:190} INFO - [2025-06-04T23:10:30.806+0000] {dagbag.py:588} INFO - Filling up the DagBag from /opt/airflow/dags/01_extract_dag.py
[2025-06-04T23:10:30.866+0000] {processor.py:925} INFO - DAG(s) '01_extract_data' retrieved from /opt/airflow/dags/01_extract_dag.py
[2025-06-04T23:10:30.897+0000] {logging_mixin.py:190} INFO - [2025-06-04T23:10:30.896+0000] {dag.py:3239} INFO - Sync 1 DAGs
[2025-06-04T23:10:30.911+0000] {logging_mixin.py:190} INFO - [2025-06-04T23:10:30.911+0000] {dag.py:4180} INFO - Setting next_dagrun for 01_extract_data to None, run_after=None
[2025-06-04T23:10:30.929+0000] {processor.py:208} INFO - Processing /opt/airflow/dags/01_extract_dag.py took 0.132 seconds
[2025-06-04T23:11:01.594+0000] {processor.py:186} INFO - Started process (PID=574) to work on /opt/airflow/dags/01_extract_dag.py
[2025-06-04T23:11:01.595+0000] {processor.py:914} INFO - Processing file /opt/airflow/dags/01_extract_dag.py for tasks to queue
[2025-06-04T23:11:01.597+0000] {logging_mixin.py:190} INFO - [2025-06-04T23:11:01.597+0000] {dagbag.py:588} INFO - Filling up the DagBag from /opt/airflow/dags/01_extract_dag.py
[2025-06-04T23:11:01.658+0000] {processor.py:925} INFO - DAG(s) '01_extract_data' retrieved from /opt/airflow/dags/01_extract_dag.py
[2025-06-04T23:11:01.685+0000] {logging_mixin.py:190} INFO - [2025-06-04T23:11:01.685+0000] {dag.py:3239} INFO - Sync 1 DAGs
[2025-06-04T23:11:01.700+0000] {logging_mixin.py:190} INFO - [2025-06-04T23:11:01.699+0000] {dag.py:4180} INFO - Setting next_dagrun for 01_extract_data to None, run_after=None
[2025-06-04T23:11:01.719+0000] {processor.py:208} INFO - Processing /opt/airflow/dags/01_extract_dag.py took 0.131 seconds
[2025-06-04T23:11:32.380+0000] {processor.py:186} INFO - Started process (PID=586) to work on /opt/airflow/dags/01_extract_dag.py
[2025-06-04T23:11:32.381+0000] {processor.py:914} INFO - Processing file /opt/airflow/dags/01_extract_dag.py for tasks to queue
[2025-06-04T23:11:32.384+0000] {logging_mixin.py:190} INFO - [2025-06-04T23:11:32.384+0000] {dagbag.py:588} INFO - Filling up the DagBag from /opt/airflow/dags/01_extract_dag.py
[2025-06-04T23:11:32.462+0000] {processor.py:925} INFO - DAG(s) '01_extract_data' retrieved from /opt/airflow/dags/01_extract_dag.py
[2025-06-04T23:11:32.496+0000] {logging_mixin.py:190} INFO - [2025-06-04T23:11:32.495+0000] {dag.py:3239} INFO - Sync 1 DAGs
[2025-06-04T23:11:32.514+0000] {logging_mixin.py:190} INFO - [2025-06-04T23:11:32.514+0000] {dag.py:4180} INFO - Setting next_dagrun for 01_extract_data to None, run_after=None
[2025-06-04T23:11:32.536+0000] {processor.py:208} INFO - Processing /opt/airflow/dags/01_extract_dag.py took 0.161 seconds
[2025-06-04T23:12:03.072+0000] {processor.py:186} INFO - Started process (PID=597) to work on /opt/airflow/dags/01_extract_dag.py
[2025-06-04T23:12:03.073+0000] {processor.py:914} INFO - Processing file /opt/airflow/dags/01_extract_dag.py for tasks to queue
[2025-06-04T23:12:03.075+0000] {logging_mixin.py:190} INFO - [2025-06-04T23:12:03.075+0000] {dagbag.py:588} INFO - Filling up the DagBag from /opt/airflow/dags/01_extract_dag.py
[2025-06-04T23:12:03.134+0000] {processor.py:925} INFO - DAG(s) '01_extract_data' retrieved from /opt/airflow/dags/01_extract_dag.py
[2025-06-04T23:12:03.159+0000] {logging_mixin.py:190} INFO - [2025-06-04T23:12:03.159+0000] {dag.py:3239} INFO - Sync 1 DAGs
[2025-06-04T23:12:03.172+0000] {logging_mixin.py:190} INFO - [2025-06-04T23:12:03.171+0000] {dag.py:4180} INFO - Setting next_dagrun for 01_extract_data to None, run_after=None
[2025-06-04T23:12:03.189+0000] {processor.py:208} INFO - Processing /opt/airflow/dags/01_extract_dag.py took 0.122 seconds
[2025-06-04T23:12:33.832+0000] {processor.py:186} INFO - Started process (PID=608) to work on /opt/airflow/dags/01_extract_dag.py
[2025-06-04T23:12:33.833+0000] {processor.py:914} INFO - Processing file /opt/airflow/dags/01_extract_dag.py for tasks to queue
[2025-06-04T23:12:33.836+0000] {logging_mixin.py:190} INFO - [2025-06-04T23:12:33.836+0000] {dagbag.py:588} INFO - Filling up the DagBag from /opt/airflow/dags/01_extract_dag.py
[2025-06-04T23:12:33.893+0000] {processor.py:925} INFO - DAG(s) '01_extract_data' retrieved from /opt/airflow/dags/01_extract_dag.py
[2025-06-04T23:12:33.917+0000] {logging_mixin.py:190} INFO - [2025-06-04T23:12:33.917+0000] {dag.py:3239} INFO - Sync 1 DAGs
[2025-06-04T23:12:33.931+0000] {logging_mixin.py:190} INFO - [2025-06-04T23:12:33.931+0000] {dag.py:4180} INFO - Setting next_dagrun for 01_extract_data to None, run_after=None
[2025-06-04T23:12:33.949+0000] {processor.py:208} INFO - Processing /opt/airflow/dags/01_extract_dag.py took 0.122 seconds
[2025-06-04T23:13:04.653+0000] {processor.py:186} INFO - Started process (PID=619) to work on /opt/airflow/dags/01_extract_dag.py
[2025-06-04T23:13:04.654+0000] {processor.py:914} INFO - Processing file /opt/airflow/dags/01_extract_dag.py for tasks to queue
[2025-06-04T23:13:04.657+0000] {logging_mixin.py:190} INFO - [2025-06-04T23:13:04.656+0000] {dagbag.py:588} INFO - Filling up the DagBag from /opt/airflow/dags/01_extract_dag.py
[2025-06-04T23:13:04.729+0000] {processor.py:925} INFO - DAG(s) '01_extract_data' retrieved from /opt/airflow/dags/01_extract_dag.py
[2025-06-04T23:13:04.758+0000] {logging_mixin.py:190} INFO - [2025-06-04T23:13:04.758+0000] {dag.py:3239} INFO - Sync 1 DAGs
[2025-06-04T23:13:04.772+0000] {logging_mixin.py:190} INFO - [2025-06-04T23:13:04.772+0000] {dag.py:4180} INFO - Setting next_dagrun for 01_extract_data to None, run_after=None
[2025-06-04T23:13:04.791+0000] {processor.py:208} INFO - Processing /opt/airflow/dags/01_extract_dag.py took 0.144 seconds
[2025-06-04T23:13:35.450+0000] {processor.py:186} INFO - Started process (PID=630) to work on /opt/airflow/dags/01_extract_dag.py
[2025-06-04T23:13:35.451+0000] {processor.py:914} INFO - Processing file /opt/airflow/dags/01_extract_dag.py for tasks to queue
[2025-06-04T23:13:35.453+0000] {logging_mixin.py:190} INFO - [2025-06-04T23:13:35.453+0000] {dagbag.py:588} INFO - Filling up the DagBag from /opt/airflow/dags/01_extract_dag.py
[2025-06-04T23:13:35.517+0000] {processor.py:925} INFO - DAG(s) '01_extract_data' retrieved from /opt/airflow/dags/01_extract_dag.py
[2025-06-04T23:13:35.546+0000] {logging_mixin.py:190} INFO - [2025-06-04T23:13:35.546+0000] {dag.py:3239} INFO - Sync 1 DAGs
[2025-06-04T23:13:35.562+0000] {logging_mixin.py:190} INFO - [2025-06-04T23:13:35.561+0000] {dag.py:4180} INFO - Setting next_dagrun for 01_extract_data to None, run_after=None
[2025-06-04T23:13:35.581+0000] {processor.py:208} INFO - Processing /opt/airflow/dags/01_extract_dag.py took 0.139 seconds
[2025-06-04T23:14:06.334+0000] {processor.py:186} INFO - Started process (PID=641) to work on /opt/airflow/dags/01_extract_dag.py
[2025-06-04T23:14:06.335+0000] {processor.py:914} INFO - Processing file /opt/airflow/dags/01_extract_dag.py for tasks to queue
[2025-06-04T23:14:06.339+0000] {logging_mixin.py:190} INFO - [2025-06-04T23:14:06.338+0000] {dagbag.py:588} INFO - Filling up the DagBag from /opt/airflow/dags/01_extract_dag.py
[2025-06-04T23:14:06.405+0000] {processor.py:925} INFO - DAG(s) '01_extract_data' retrieved from /opt/airflow/dags/01_extract_dag.py
[2025-06-04T23:14:06.434+0000] {logging_mixin.py:190} INFO - [2025-06-04T23:14:06.434+0000] {dag.py:3239} INFO - Sync 1 DAGs
[2025-06-04T23:14:06.450+0000] {logging_mixin.py:190} INFO - [2025-06-04T23:14:06.449+0000] {dag.py:4180} INFO - Setting next_dagrun for 01_extract_data to None, run_after=None
[2025-06-04T23:14:06.469+0000] {processor.py:208} INFO - Processing /opt/airflow/dags/01_extract_dag.py took 0.143 seconds
[2025-06-04T23:14:37.040+0000] {processor.py:186} INFO - Started process (PID=652) to work on /opt/airflow/dags/01_extract_dag.py
[2025-06-04T23:14:37.041+0000] {processor.py:914} INFO - Processing file /opt/airflow/dags/01_extract_dag.py for tasks to queue
[2025-06-04T23:14:37.043+0000] {logging_mixin.py:190} INFO - [2025-06-04T23:14:37.043+0000] {dagbag.py:588} INFO - Filling up the DagBag from /opt/airflow/dags/01_extract_dag.py
[2025-06-04T23:14:37.104+0000] {processor.py:925} INFO - DAG(s) '01_extract_data' retrieved from /opt/airflow/dags/01_extract_dag.py
[2025-06-04T23:14:37.133+0000] {logging_mixin.py:190} INFO - [2025-06-04T23:14:37.133+0000] {dag.py:3239} INFO - Sync 1 DAGs
[2025-06-04T23:14:37.149+0000] {logging_mixin.py:190} INFO - [2025-06-04T23:14:37.149+0000] {dag.py:4180} INFO - Setting next_dagrun for 01_extract_data to None, run_after=None
[2025-06-04T23:14:37.169+0000] {processor.py:208} INFO - Processing /opt/airflow/dags/01_extract_dag.py took 0.134 seconds
[2025-06-04T23:15:07.770+0000] {processor.py:186} INFO - Started process (PID=663) to work on /opt/airflow/dags/01_extract_dag.py
[2025-06-04T23:15:07.771+0000] {processor.py:914} INFO - Processing file /opt/airflow/dags/01_extract_dag.py for tasks to queue
[2025-06-04T23:15:07.774+0000] {logging_mixin.py:190} INFO - [2025-06-04T23:15:07.773+0000] {dagbag.py:588} INFO - Filling up the DagBag from /opt/airflow/dags/01_extract_dag.py
[2025-06-04T23:15:07.830+0000] {processor.py:925} INFO - DAG(s) '01_extract_data' retrieved from /opt/airflow/dags/01_extract_dag.py
[2025-06-04T23:15:07.858+0000] {logging_mixin.py:190} INFO - [2025-06-04T23:15:07.858+0000] {dag.py:3239} INFO - Sync 1 DAGs
[2025-06-04T23:15:07.872+0000] {logging_mixin.py:190} INFO - [2025-06-04T23:15:07.872+0000] {dag.py:4180} INFO - Setting next_dagrun for 01_extract_data to None, run_after=None
[2025-06-04T23:15:07.890+0000] {processor.py:208} INFO - Processing /opt/airflow/dags/01_extract_dag.py took 0.125 seconds
[2025-06-04T23:15:38.585+0000] {processor.py:186} INFO - Started process (PID=674) to work on /opt/airflow/dags/01_extract_dag.py
[2025-06-04T23:15:38.586+0000] {processor.py:914} INFO - Processing file /opt/airflow/dags/01_extract_dag.py for tasks to queue
[2025-06-04T23:15:38.588+0000] {logging_mixin.py:190} INFO - [2025-06-04T23:15:38.588+0000] {dagbag.py:588} INFO - Filling up the DagBag from /opt/airflow/dags/01_extract_dag.py
[2025-06-04T23:15:38.645+0000] {processor.py:925} INFO - DAG(s) '01_extract_data' retrieved from /opt/airflow/dags/01_extract_dag.py
[2025-06-04T23:15:38.674+0000] {logging_mixin.py:190} INFO - [2025-06-04T23:15:38.674+0000] {dag.py:3239} INFO - Sync 1 DAGs
[2025-06-04T23:15:38.690+0000] {logging_mixin.py:190} INFO - [2025-06-04T23:15:38.690+0000] {dag.py:4180} INFO - Setting next_dagrun for 01_extract_data to None, run_after=None
[2025-06-04T23:15:38.709+0000] {processor.py:208} INFO - Processing /opt/airflow/dags/01_extract_dag.py took 0.130 seconds
[2025-06-04T23:16:09.398+0000] {processor.py:186} INFO - Started process (PID=686) to work on /opt/airflow/dags/01_extract_dag.py
[2025-06-04T23:16:09.399+0000] {processor.py:914} INFO - Processing file /opt/airflow/dags/01_extract_dag.py for tasks to queue
[2025-06-04T23:16:09.401+0000] {logging_mixin.py:190} INFO - [2025-06-04T23:16:09.401+0000] {dagbag.py:588} INFO - Filling up the DagBag from /opt/airflow/dags/01_extract_dag.py
[2025-06-04T23:16:09.458+0000] {processor.py:925} INFO - DAG(s) '01_extract_data' retrieved from /opt/airflow/dags/01_extract_dag.py
[2025-06-04T23:16:09.485+0000] {logging_mixin.py:190} INFO - [2025-06-04T23:16:09.485+0000] {dag.py:3239} INFO - Sync 1 DAGs
[2025-06-04T23:16:09.499+0000] {logging_mixin.py:190} INFO - [2025-06-04T23:16:09.499+0000] {dag.py:4180} INFO - Setting next_dagrun for 01_extract_data to None, run_after=None
[2025-06-04T23:16:09.517+0000] {processor.py:208} INFO - Processing /opt/airflow/dags/01_extract_dag.py took 0.124 seconds
[2025-06-04T23:16:40.296+0000] {processor.py:186} INFO - Started process (PID=697) to work on /opt/airflow/dags/01_extract_dag.py
[2025-06-04T23:16:40.297+0000] {processor.py:914} INFO - Processing file /opt/airflow/dags/01_extract_dag.py for tasks to queue
[2025-06-04T23:16:40.299+0000] {logging_mixin.py:190} INFO - [2025-06-04T23:16:40.299+0000] {dagbag.py:588} INFO - Filling up the DagBag from /opt/airflow/dags/01_extract_dag.py
[2025-06-04T23:16:40.359+0000] {processor.py:925} INFO - DAG(s) '01_extract_data' retrieved from /opt/airflow/dags/01_extract_dag.py
[2025-06-04T23:16:40.386+0000] {logging_mixin.py:190} INFO - [2025-06-04T23:16:40.386+0000] {dag.py:3239} INFO - Sync 1 DAGs
[2025-06-04T23:16:40.399+0000] {logging_mixin.py:190} INFO - [2025-06-04T23:16:40.399+0000] {dag.py:4180} INFO - Setting next_dagrun for 01_extract_data to None, run_after=None
[2025-06-04T23:16:40.416+0000] {processor.py:208} INFO - Processing /opt/airflow/dags/01_extract_dag.py took 0.125 seconds
[2025-06-04T23:17:11.046+0000] {processor.py:186} INFO - Started process (PID=708) to work on /opt/airflow/dags/01_extract_dag.py
[2025-06-04T23:17:11.047+0000] {processor.py:914} INFO - Processing file /opt/airflow/dags/01_extract_dag.py for tasks to queue
[2025-06-04T23:17:11.049+0000] {logging_mixin.py:190} INFO - [2025-06-04T23:17:11.049+0000] {dagbag.py:588} INFO - Filling up the DagBag from /opt/airflow/dags/01_extract_dag.py
[2025-06-04T23:17:11.106+0000] {processor.py:925} INFO - DAG(s) '01_extract_data' retrieved from /opt/airflow/dags/01_extract_dag.py
[2025-06-04T23:17:11.132+0000] {logging_mixin.py:190} INFO - [2025-06-04T23:17:11.132+0000] {dag.py:3239} INFO - Sync 1 DAGs
[2025-06-04T23:17:11.146+0000] {logging_mixin.py:190} INFO - [2025-06-04T23:17:11.146+0000] {dag.py:4180} INFO - Setting next_dagrun for 01_extract_data to None, run_after=None
[2025-06-04T23:17:11.163+0000] {processor.py:208} INFO - Processing /opt/airflow/dags/01_extract_dag.py took 0.122 seconds
[2025-06-04T23:17:41.869+0000] {processor.py:186} INFO - Started process (PID=719) to work on /opt/airflow/dags/01_extract_dag.py
[2025-06-04T23:17:41.871+0000] {processor.py:914} INFO - Processing file /opt/airflow/dags/01_extract_dag.py for tasks to queue
[2025-06-04T23:17:41.873+0000] {logging_mixin.py:190} INFO - [2025-06-04T23:17:41.873+0000] {dagbag.py:588} INFO - Filling up the DagBag from /opt/airflow/dags/01_extract_dag.py
[2025-06-04T23:17:41.939+0000] {processor.py:925} INFO - DAG(s) '01_extract_data' retrieved from /opt/airflow/dags/01_extract_dag.py
[2025-06-04T23:17:41.968+0000] {logging_mixin.py:190} INFO - [2025-06-04T23:17:41.968+0000] {dag.py:3239} INFO - Sync 1 DAGs
[2025-06-04T23:17:41.985+0000] {logging_mixin.py:190} INFO - [2025-06-04T23:17:41.985+0000] {dag.py:4180} INFO - Setting next_dagrun for 01_extract_data to None, run_after=None
[2025-06-04T23:17:42.006+0000] {processor.py:208} INFO - Processing /opt/airflow/dags/01_extract_dag.py took 0.142 seconds
[2025-06-04T23:18:12.784+0000] {processor.py:186} INFO - Started process (PID=730) to work on /opt/airflow/dags/01_extract_dag.py
[2025-06-04T23:18:12.785+0000] {processor.py:914} INFO - Processing file /opt/airflow/dags/01_extract_dag.py for tasks to queue
[2025-06-04T23:18:12.788+0000] {logging_mixin.py:190} INFO - [2025-06-04T23:18:12.788+0000] {dagbag.py:588} INFO - Filling up the DagBag from /opt/airflow/dags/01_extract_dag.py
[2025-06-04T23:18:12.876+0000] {processor.py:925} INFO - DAG(s) '01_extract_data' retrieved from /opt/airflow/dags/01_extract_dag.py
[2025-06-04T23:18:12.915+0000] {logging_mixin.py:190} INFO - [2025-06-04T23:18:12.915+0000] {dag.py:3239} INFO - Sync 1 DAGs
[2025-06-04T23:18:12.938+0000] {logging_mixin.py:190} INFO - [2025-06-04T23:18:12.938+0000] {dag.py:4180} INFO - Setting next_dagrun for 01_extract_data to None, run_after=None
[2025-06-04T23:18:12.961+0000] {processor.py:208} INFO - Processing /opt/airflow/dags/01_extract_dag.py took 0.184 seconds
[2025-06-04T23:18:43.746+0000] {processor.py:186} INFO - Started process (PID=741) to work on /opt/airflow/dags/01_extract_dag.py
[2025-06-04T23:18:43.747+0000] {processor.py:914} INFO - Processing file /opt/airflow/dags/01_extract_dag.py for tasks to queue
[2025-06-04T23:18:43.749+0000] {logging_mixin.py:190} INFO - [2025-06-04T23:18:43.749+0000] {dagbag.py:588} INFO - Filling up the DagBag from /opt/airflow/dags/01_extract_dag.py
[2025-06-04T23:18:43.802+0000] {processor.py:925} INFO - DAG(s) '01_extract_data' retrieved from /opt/airflow/dags/01_extract_dag.py
[2025-06-04T23:18:43.827+0000] {logging_mixin.py:190} INFO - [2025-06-04T23:18:43.826+0000] {dag.py:3239} INFO - Sync 1 DAGs
[2025-06-04T23:18:43.839+0000] {logging_mixin.py:190} INFO - [2025-06-04T23:18:43.839+0000] {dag.py:4180} INFO - Setting next_dagrun for 01_extract_data to None, run_after=None
[2025-06-04T23:18:43.856+0000] {processor.py:208} INFO - Processing /opt/airflow/dags/01_extract_dag.py took 0.115 seconds
[2025-06-04T23:19:14.572+0000] {processor.py:186} INFO - Started process (PID=752) to work on /opt/airflow/dags/01_extract_dag.py
[2025-06-04T23:19:14.573+0000] {processor.py:914} INFO - Processing file /opt/airflow/dags/01_extract_dag.py for tasks to queue
[2025-06-04T23:19:14.574+0000] {logging_mixin.py:190} INFO - [2025-06-04T23:19:14.574+0000] {dagbag.py:588} INFO - Filling up the DagBag from /opt/airflow/dags/01_extract_dag.py
[2025-06-04T23:19:14.629+0000] {processor.py:925} INFO - DAG(s) '01_extract_data' retrieved from /opt/airflow/dags/01_extract_dag.py
[2025-06-04T23:19:14.654+0000] {logging_mixin.py:190} INFO - [2025-06-04T23:19:14.653+0000] {dag.py:3239} INFO - Sync 1 DAGs
[2025-06-04T23:19:14.667+0000] {logging_mixin.py:190} INFO - [2025-06-04T23:19:14.667+0000] {dag.py:4180} INFO - Setting next_dagrun for 01_extract_data to None, run_after=None
[2025-06-04T23:19:14.687+0000] {processor.py:208} INFO - Processing /opt/airflow/dags/01_extract_dag.py took 0.120 seconds
[2025-06-04T23:19:45.550+0000] {processor.py:186} INFO - Started process (PID=763) to work on /opt/airflow/dags/01_extract_dag.py
[2025-06-04T23:19:45.551+0000] {processor.py:914} INFO - Processing file /opt/airflow/dags/01_extract_dag.py for tasks to queue
[2025-06-04T23:19:45.553+0000] {logging_mixin.py:190} INFO - [2025-06-04T23:19:45.553+0000] {dagbag.py:588} INFO - Filling up the DagBag from /opt/airflow/dags/01_extract_dag.py
[2025-06-04T23:19:45.616+0000] {processor.py:925} INFO - DAG(s) '01_extract_data' retrieved from /opt/airflow/dags/01_extract_dag.py
[2025-06-04T23:19:45.651+0000] {logging_mixin.py:190} INFO - [2025-06-04T23:19:45.651+0000] {dag.py:3239} INFO - Sync 1 DAGs
[2025-06-04T23:19:45.667+0000] {logging_mixin.py:190} INFO - [2025-06-04T23:19:45.667+0000] {dag.py:4180} INFO - Setting next_dagrun for 01_extract_data to None, run_after=None
[2025-06-04T23:19:45.685+0000] {processor.py:208} INFO - Processing /opt/airflow/dags/01_extract_dag.py took 0.141 seconds
[2025-06-04T23:20:16.572+0000] {processor.py:186} INFO - Started process (PID=774) to work on /opt/airflow/dags/01_extract_dag.py
[2025-06-04T23:20:16.572+0000] {processor.py:914} INFO - Processing file /opt/airflow/dags/01_extract_dag.py for tasks to queue
[2025-06-04T23:20:16.575+0000] {logging_mixin.py:190} INFO - [2025-06-04T23:20:16.574+0000] {dagbag.py:588} INFO - Filling up the DagBag from /opt/airflow/dags/01_extract_dag.py
[2025-06-04T23:20:16.630+0000] {processor.py:925} INFO - DAG(s) '01_extract_data' retrieved from /opt/airflow/dags/01_extract_dag.py
[2025-06-04T23:20:16.654+0000] {logging_mixin.py:190} INFO - [2025-06-04T23:20:16.654+0000] {dag.py:3239} INFO - Sync 1 DAGs
[2025-06-04T23:20:16.667+0000] {logging_mixin.py:190} INFO - [2025-06-04T23:20:16.667+0000] {dag.py:4180} INFO - Setting next_dagrun for 01_extract_data to None, run_after=None
[2025-06-04T23:20:16.684+0000] {processor.py:208} INFO - Processing /opt/airflow/dags/01_extract_dag.py took 0.119 seconds
[2025-06-04T23:20:47.477+0000] {processor.py:186} INFO - Started process (PID=785) to work on /opt/airflow/dags/01_extract_dag.py
[2025-06-04T23:20:47.478+0000] {processor.py:914} INFO - Processing file /opt/airflow/dags/01_extract_dag.py for tasks to queue
[2025-06-04T23:20:47.480+0000] {logging_mixin.py:190} INFO - [2025-06-04T23:20:47.480+0000] {dagbag.py:588} INFO - Filling up the DagBag from /opt/airflow/dags/01_extract_dag.py
[2025-06-04T23:20:47.538+0000] {processor.py:925} INFO - DAG(s) '01_extract_data' retrieved from /opt/airflow/dags/01_extract_dag.py
[2025-06-04T23:20:47.563+0000] {logging_mixin.py:190} INFO - [2025-06-04T23:20:47.563+0000] {dag.py:3239} INFO - Sync 1 DAGs
[2025-06-04T23:20:47.578+0000] {logging_mixin.py:190} INFO - [2025-06-04T23:20:47.578+0000] {dag.py:4180} INFO - Setting next_dagrun for 01_extract_data to None, run_after=None
[2025-06-04T23:20:47.597+0000] {processor.py:208} INFO - Processing /opt/airflow/dags/01_extract_dag.py took 0.125 seconds
[2025-06-04T23:21:18.504+0000] {processor.py:186} INFO - Started process (PID=796) to work on /opt/airflow/dags/01_extract_dag.py
[2025-06-04T23:21:18.505+0000] {processor.py:914} INFO - Processing file /opt/airflow/dags/01_extract_dag.py for tasks to queue
[2025-06-04T23:21:18.508+0000] {logging_mixin.py:190} INFO - [2025-06-04T23:21:18.508+0000] {dagbag.py:588} INFO - Filling up the DagBag from /opt/airflow/dags/01_extract_dag.py
[2025-06-04T23:21:18.578+0000] {processor.py:925} INFO - DAG(s) '01_extract_data' retrieved from /opt/airflow/dags/01_extract_dag.py
[2025-06-04T23:21:18.606+0000] {logging_mixin.py:190} INFO - [2025-06-04T23:21:18.606+0000] {dag.py:3239} INFO - Sync 1 DAGs
[2025-06-04T23:21:18.621+0000] {logging_mixin.py:190} INFO - [2025-06-04T23:21:18.620+0000] {dag.py:4180} INFO - Setting next_dagrun for 01_extract_data to None, run_after=None
[2025-06-04T23:21:18.641+0000] {processor.py:208} INFO - Processing /opt/airflow/dags/01_extract_dag.py took 0.142 seconds
[2025-06-04T23:21:49.328+0000] {processor.py:186} INFO - Started process (PID=807) to work on /opt/airflow/dags/01_extract_dag.py
[2025-06-04T23:21:49.328+0000] {processor.py:914} INFO - Processing file /opt/airflow/dags/01_extract_dag.py for tasks to queue
[2025-06-04T23:21:49.331+0000] {logging_mixin.py:190} INFO - [2025-06-04T23:21:49.331+0000] {dagbag.py:588} INFO - Filling up the DagBag from /opt/airflow/dags/01_extract_dag.py
[2025-06-04T23:21:49.388+0000] {processor.py:925} INFO - DAG(s) '01_extract_data' retrieved from /opt/airflow/dags/01_extract_dag.py
[2025-06-04T23:21:49.411+0000] {logging_mixin.py:190} INFO - [2025-06-04T23:21:49.411+0000] {dag.py:3239} INFO - Sync 1 DAGs
[2025-06-04T23:21:49.424+0000] {logging_mixin.py:190} INFO - [2025-06-04T23:21:49.424+0000] {dag.py:4180} INFO - Setting next_dagrun for 01_extract_data to None, run_after=None
[2025-06-04T23:21:49.441+0000] {processor.py:208} INFO - Processing /opt/airflow/dags/01_extract_dag.py took 0.119 seconds
[2025-06-04T23:22:20.198+0000] {processor.py:186} INFO - Started process (PID=818) to work on /opt/airflow/dags/01_extract_dag.py
[2025-06-04T23:22:20.199+0000] {processor.py:914} INFO - Processing file /opt/airflow/dags/01_extract_dag.py for tasks to queue
[2025-06-04T23:22:20.202+0000] {logging_mixin.py:190} INFO - [2025-06-04T23:22:20.201+0000] {dagbag.py:588} INFO - Filling up the DagBag from /opt/airflow/dags/01_extract_dag.py
[2025-06-04T23:22:20.264+0000] {processor.py:925} INFO - DAG(s) '01_extract_data' retrieved from /opt/airflow/dags/01_extract_dag.py
[2025-06-04T23:22:20.289+0000] {logging_mixin.py:190} INFO - [2025-06-04T23:22:20.288+0000] {dag.py:3239} INFO - Sync 1 DAGs
[2025-06-04T23:22:20.303+0000] {logging_mixin.py:190} INFO - [2025-06-04T23:22:20.303+0000] {dag.py:4180} INFO - Setting next_dagrun for 01_extract_data to None, run_after=None
[2025-06-04T23:22:20.321+0000] {processor.py:208} INFO - Processing /opt/airflow/dags/01_extract_dag.py took 0.129 seconds
[2025-06-04T23:22:50.976+0000] {processor.py:186} INFO - Started process (PID=829) to work on /opt/airflow/dags/01_extract_dag.py
[2025-06-04T23:22:50.977+0000] {processor.py:914} INFO - Processing file /opt/airflow/dags/01_extract_dag.py for tasks to queue
[2025-06-04T23:22:50.979+0000] {logging_mixin.py:190} INFO - [2025-06-04T23:22:50.979+0000] {dagbag.py:588} INFO - Filling up the DagBag from /opt/airflow/dags/01_extract_dag.py
[2025-06-04T23:22:51.040+0000] {processor.py:925} INFO - DAG(s) '01_extract_data' retrieved from /opt/airflow/dags/01_extract_dag.py
[2025-06-04T23:22:51.067+0000] {logging_mixin.py:190} INFO - [2025-06-04T23:22:51.066+0000] {dag.py:3239} INFO - Sync 1 DAGs
[2025-06-04T23:22:51.080+0000] {logging_mixin.py:190} INFO - [2025-06-04T23:22:51.079+0000] {dag.py:4180} INFO - Setting next_dagrun for 01_extract_data to None, run_after=None
[2025-06-04T23:22:51.096+0000] {processor.py:208} INFO - Processing /opt/airflow/dags/01_extract_dag.py took 0.125 seconds
[2025-06-04T23:23:21.714+0000] {processor.py:186} INFO - Started process (PID=840) to work on /opt/airflow/dags/01_extract_dag.py
[2025-06-04T23:23:21.715+0000] {processor.py:914} INFO - Processing file /opt/airflow/dags/01_extract_dag.py for tasks to queue
[2025-06-04T23:23:21.718+0000] {logging_mixin.py:190} INFO - [2025-06-04T23:23:21.718+0000] {dagbag.py:588} INFO - Filling up the DagBag from /opt/airflow/dags/01_extract_dag.py
[2025-06-04T23:23:21.815+0000] {processor.py:925} INFO - DAG(s) '01_extract_data' retrieved from /opt/airflow/dags/01_extract_dag.py
[2025-06-04T23:23:21.852+0000] {logging_mixin.py:190} INFO - [2025-06-04T23:23:21.852+0000] {dag.py:3239} INFO - Sync 1 DAGs
[2025-06-04T23:23:21.870+0000] {logging_mixin.py:190} INFO - [2025-06-04T23:23:21.870+0000] {dag.py:4180} INFO - Setting next_dagrun for 01_extract_data to None, run_after=None
[2025-06-04T23:23:21.896+0000] {processor.py:208} INFO - Processing /opt/airflow/dags/01_extract_dag.py took 0.188 seconds
[2025-06-04T23:23:52.601+0000] {processor.py:186} INFO - Started process (PID=851) to work on /opt/airflow/dags/01_extract_dag.py
[2025-06-04T23:23:52.602+0000] {processor.py:914} INFO - Processing file /opt/airflow/dags/01_extract_dag.py for tasks to queue
[2025-06-04T23:23:52.604+0000] {logging_mixin.py:190} INFO - [2025-06-04T23:23:52.604+0000] {dagbag.py:588} INFO - Filling up the DagBag from /opt/airflow/dags/01_extract_dag.py
[2025-06-04T23:23:52.662+0000] {processor.py:925} INFO - DAG(s) '01_extract_data' retrieved from /opt/airflow/dags/01_extract_dag.py
[2025-06-04T23:23:52.689+0000] {logging_mixin.py:190} INFO - [2025-06-04T23:23:52.689+0000] {dag.py:3239} INFO - Sync 1 DAGs
[2025-06-04T23:23:52.703+0000] {logging_mixin.py:190} INFO - [2025-06-04T23:23:52.703+0000] {dag.py:4180} INFO - Setting next_dagrun for 01_extract_data to None, run_after=None
[2025-06-04T23:23:52.723+0000] {processor.py:208} INFO - Processing /opt/airflow/dags/01_extract_dag.py took 0.127 seconds
[2025-06-04T23:24:23.466+0000] {processor.py:186} INFO - Started process (PID=862) to work on /opt/airflow/dags/01_extract_dag.py
[2025-06-04T23:24:23.467+0000] {processor.py:914} INFO - Processing file /opt/airflow/dags/01_extract_dag.py for tasks to queue
[2025-06-04T23:24:23.469+0000] {logging_mixin.py:190} INFO - [2025-06-04T23:24:23.469+0000] {dagbag.py:588} INFO - Filling up the DagBag from /opt/airflow/dags/01_extract_dag.py
[2025-06-04T23:24:23.530+0000] {processor.py:925} INFO - DAG(s) '01_extract_data' retrieved from /opt/airflow/dags/01_extract_dag.py
[2025-06-04T23:24:23.556+0000] {logging_mixin.py:190} INFO - [2025-06-04T23:24:23.556+0000] {dag.py:3239} INFO - Sync 1 DAGs
[2025-06-04T23:24:23.569+0000] {logging_mixin.py:190} INFO - [2025-06-04T23:24:23.569+0000] {dag.py:4180} INFO - Setting next_dagrun for 01_extract_data to None, run_after=None
[2025-06-04T23:24:23.587+0000] {processor.py:208} INFO - Processing /opt/airflow/dags/01_extract_dag.py took 0.127 seconds
[2025-06-04T23:24:54.370+0000] {processor.py:186} INFO - Started process (PID=873) to work on /opt/airflow/dags/01_extract_dag.py
[2025-06-04T23:24:54.371+0000] {processor.py:914} INFO - Processing file /opt/airflow/dags/01_extract_dag.py for tasks to queue
[2025-06-04T23:24:54.373+0000] {logging_mixin.py:190} INFO - [2025-06-04T23:24:54.373+0000] {dagbag.py:588} INFO - Filling up the DagBag from /opt/airflow/dags/01_extract_dag.py
[2025-06-04T23:24:54.434+0000] {processor.py:925} INFO - DAG(s) '01_extract_data' retrieved from /opt/airflow/dags/01_extract_dag.py
[2025-06-04T23:24:54.461+0000] {logging_mixin.py:190} INFO - [2025-06-04T23:24:54.461+0000] {dag.py:3239} INFO - Sync 1 DAGs
[2025-06-04T23:24:54.477+0000] {logging_mixin.py:190} INFO - [2025-06-04T23:24:54.477+0000] {dag.py:4180} INFO - Setting next_dagrun for 01_extract_data to None, run_after=None
[2025-06-04T23:24:54.496+0000] {processor.py:208} INFO - Processing /opt/airflow/dags/01_extract_dag.py took 0.132 seconds
