[2025-06-04T22:47:55.205+0000] {processor.py:186} INFO - Started process (PID=61) to work on /opt/airflow/dags/02_clean_dag.py
[2025-06-04T22:47:55.207+0000] {processor.py:914} INFO - Processing file /opt/airflow/dags/02_clean_dag.py for tasks to queue
[2025-06-04T22:47:55.212+0000] {logging_mixin.py:190} INFO - [2025-06-04T22:47:55.211+0000] {dagbag.py:588} INFO - Filling up the DagBag from /opt/airflow/dags/02_clean_dag.py
[2025-06-04T22:47:55.246+0000] {processor.py:925} INFO - DAG(s) '02_clean_data' retrieved from /opt/airflow/dags/02_clean_dag.py
[2025-06-04T22:47:55.286+0000] {logging_mixin.py:190} INFO - [2025-06-04T22:47:55.286+0000] {dag.py:3239} INFO - Sync 1 DAGs
[2025-06-04T22:47:55.304+0000] {logging_mixin.py:190} INFO - [2025-06-04T22:47:55.304+0000] {dag.py:4180} INFO - Setting next_dagrun for 02_clean_data to None, run_after=None
[2025-06-04T22:47:55.328+0000] {processor.py:208} INFO - Processing /opt/airflow/dags/02_clean_dag.py took 0.138 seconds
[2025-06-04T22:48:25.890+0000] {processor.py:186} INFO - Started process (PID=72) to work on /opt/airflow/dags/02_clean_dag.py
[2025-06-04T22:48:25.891+0000] {processor.py:914} INFO - Processing file /opt/airflow/dags/02_clean_dag.py for tasks to queue
[2025-06-04T22:48:25.893+0000] {logging_mixin.py:190} INFO - [2025-06-04T22:48:25.893+0000] {dagbag.py:588} INFO - Filling up the DagBag from /opt/airflow/dags/02_clean_dag.py
[2025-06-04T22:48:25.916+0000] {processor.py:925} INFO - DAG(s) '02_clean_data' retrieved from /opt/airflow/dags/02_clean_dag.py
[2025-06-04T22:48:25.953+0000] {logging_mixin.py:190} INFO - [2025-06-04T22:48:25.952+0000] {dag.py:3239} INFO - Sync 1 DAGs
[2025-06-04T22:48:25.969+0000] {logging_mixin.py:190} INFO - [2025-06-04T22:48:25.969+0000] {dag.py:4180} INFO - Setting next_dagrun for 02_clean_data to None, run_after=None
[2025-06-04T22:48:25.986+0000] {processor.py:208} INFO - Processing /opt/airflow/dags/02_clean_dag.py took 0.102 seconds
[2025-06-04T22:48:56.716+0000] {processor.py:186} INFO - Started process (PID=83) to work on /opt/airflow/dags/02_clean_dag.py
[2025-06-04T22:48:56.717+0000] {processor.py:914} INFO - Processing file /opt/airflow/dags/02_clean_dag.py for tasks to queue
[2025-06-04T22:48:56.719+0000] {logging_mixin.py:190} INFO - [2025-06-04T22:48:56.719+0000] {dagbag.py:588} INFO - Filling up the DagBag from /opt/airflow/dags/02_clean_dag.py
[2025-06-04T22:48:56.748+0000] {processor.py:925} INFO - DAG(s) '02_clean_data' retrieved from /opt/airflow/dags/02_clean_dag.py
[2025-06-04T22:48:56.781+0000] {logging_mixin.py:190} INFO - [2025-06-04T22:48:56.780+0000] {dag.py:3239} INFO - Sync 1 DAGs
[2025-06-04T22:48:56.797+0000] {logging_mixin.py:190} INFO - [2025-06-04T22:48:56.796+0000] {dag.py:4180} INFO - Setting next_dagrun for 02_clean_data to None, run_after=None
[2025-06-04T22:48:56.815+0000] {processor.py:208} INFO - Processing /opt/airflow/dags/02_clean_dag.py took 0.104 seconds
[2025-06-04T22:49:27.567+0000] {processor.py:186} INFO - Started process (PID=94) to work on /opt/airflow/dags/02_clean_dag.py
[2025-06-04T22:49:27.568+0000] {processor.py:914} INFO - Processing file /opt/airflow/dags/02_clean_dag.py for tasks to queue
[2025-06-04T22:49:27.570+0000] {logging_mixin.py:190} INFO - [2025-06-04T22:49:27.570+0000] {dagbag.py:588} INFO - Filling up the DagBag from /opt/airflow/dags/02_clean_dag.py
[2025-06-04T22:49:27.591+0000] {processor.py:925} INFO - DAG(s) '02_clean_data' retrieved from /opt/airflow/dags/02_clean_dag.py
[2025-06-04T22:49:27.617+0000] {logging_mixin.py:190} INFO - [2025-06-04T22:49:27.617+0000] {dag.py:3239} INFO - Sync 1 DAGs
[2025-06-04T22:49:27.632+0000] {logging_mixin.py:190} INFO - [2025-06-04T22:49:27.632+0000] {dag.py:4180} INFO - Setting next_dagrun for 02_clean_data to None, run_after=None
[2025-06-04T22:49:27.649+0000] {processor.py:208} INFO - Processing /opt/airflow/dags/02_clean_dag.py took 0.087 seconds
[2025-06-04T22:49:58.380+0000] {processor.py:186} INFO - Started process (PID=105) to work on /opt/airflow/dags/02_clean_dag.py
[2025-06-04T22:49:58.381+0000] {processor.py:914} INFO - Processing file /opt/airflow/dags/02_clean_dag.py for tasks to queue
[2025-06-04T22:49:58.383+0000] {logging_mixin.py:190} INFO - [2025-06-04T22:49:58.383+0000] {dagbag.py:588} INFO - Filling up the DagBag from /opt/airflow/dags/02_clean_dag.py
[2025-06-04T22:49:58.404+0000] {processor.py:925} INFO - DAG(s) '02_clean_data' retrieved from /opt/airflow/dags/02_clean_dag.py
[2025-06-04T22:49:58.430+0000] {logging_mixin.py:190} INFO - [2025-06-04T22:49:58.430+0000] {dag.py:3239} INFO - Sync 1 DAGs
[2025-06-04T22:49:58.446+0000] {logging_mixin.py:190} INFO - [2025-06-04T22:49:58.446+0000] {dag.py:4180} INFO - Setting next_dagrun for 02_clean_data to None, run_after=None
[2025-06-04T22:49:58.463+0000] {processor.py:208} INFO - Processing /opt/airflow/dags/02_clean_dag.py took 0.088 seconds
[2025-06-04T22:50:29.241+0000] {processor.py:186} INFO - Started process (PID=116) to work on /opt/airflow/dags/02_clean_dag.py
[2025-06-04T22:50:29.242+0000] {processor.py:914} INFO - Processing file /opt/airflow/dags/02_clean_dag.py for tasks to queue
[2025-06-04T22:50:29.244+0000] {logging_mixin.py:190} INFO - [2025-06-04T22:50:29.244+0000] {dagbag.py:588} INFO - Filling up the DagBag from /opt/airflow/dags/02_clean_dag.py
[2025-06-04T22:50:29.267+0000] {processor.py:925} INFO - DAG(s) '02_clean_data' retrieved from /opt/airflow/dags/02_clean_dag.py
[2025-06-04T22:50:29.297+0000] {logging_mixin.py:190} INFO - [2025-06-04T22:50:29.296+0000] {dag.py:3239} INFO - Sync 1 DAGs
[2025-06-04T22:50:29.315+0000] {logging_mixin.py:190} INFO - [2025-06-04T22:50:29.315+0000] {dag.py:4180} INFO - Setting next_dagrun for 02_clean_data to None, run_after=None
[2025-06-04T22:50:29.340+0000] {processor.py:208} INFO - Processing /opt/airflow/dags/02_clean_dag.py took 0.105 seconds
[2025-06-04T22:51:00.069+0000] {processor.py:186} INFO - Started process (PID=133) to work on /opt/airflow/dags/02_clean_dag.py
[2025-06-04T22:51:00.070+0000] {processor.py:914} INFO - Processing file /opt/airflow/dags/02_clean_dag.py for tasks to queue
[2025-06-04T22:51:00.072+0000] {logging_mixin.py:190} INFO - [2025-06-04T22:51:00.072+0000] {dagbag.py:588} INFO - Filling up the DagBag from /opt/airflow/dags/02_clean_dag.py
[2025-06-04T22:51:00.094+0000] {processor.py:925} INFO - DAG(s) '02_clean_data' retrieved from /opt/airflow/dags/02_clean_dag.py
[2025-06-04T22:51:00.122+0000] {logging_mixin.py:190} INFO - [2025-06-04T22:51:00.122+0000] {dag.py:3239} INFO - Sync 1 DAGs
[2025-06-04T22:51:00.138+0000] {logging_mixin.py:190} INFO - [2025-06-04T22:51:00.138+0000] {dag.py:4180} INFO - Setting next_dagrun for 02_clean_data to None, run_after=None
[2025-06-04T22:51:00.156+0000] {processor.py:208} INFO - Processing /opt/airflow/dags/02_clean_dag.py took 0.092 seconds
[2025-06-04T22:51:30.952+0000] {processor.py:186} INFO - Started process (PID=144) to work on /opt/airflow/dags/02_clean_dag.py
[2025-06-04T22:51:30.953+0000] {processor.py:914} INFO - Processing file /opt/airflow/dags/02_clean_dag.py for tasks to queue
[2025-06-04T22:51:30.955+0000] {logging_mixin.py:190} INFO - [2025-06-04T22:51:30.955+0000] {dagbag.py:588} INFO - Filling up the DagBag from /opt/airflow/dags/02_clean_dag.py
[2025-06-04T22:51:30.976+0000] {processor.py:925} INFO - DAG(s) '02_clean_data' retrieved from /opt/airflow/dags/02_clean_dag.py
[2025-06-04T22:51:31.006+0000] {logging_mixin.py:190} INFO - [2025-06-04T22:51:31.006+0000] {dag.py:3239} INFO - Sync 1 DAGs
[2025-06-04T22:51:31.021+0000] {logging_mixin.py:190} INFO - [2025-06-04T22:51:31.021+0000] {dag.py:4180} INFO - Setting next_dagrun for 02_clean_data to None, run_after=None
[2025-06-04T22:51:31.037+0000] {processor.py:208} INFO - Processing /opt/airflow/dags/02_clean_dag.py took 0.091 seconds
[2025-06-04T22:52:01.832+0000] {processor.py:186} INFO - Started process (PID=155) to work on /opt/airflow/dags/02_clean_dag.py
[2025-06-04T22:52:01.833+0000] {processor.py:914} INFO - Processing file /opt/airflow/dags/02_clean_dag.py for tasks to queue
[2025-06-04T22:52:01.835+0000] {logging_mixin.py:190} INFO - [2025-06-04T22:52:01.835+0000] {dagbag.py:588} INFO - Filling up the DagBag from /opt/airflow/dags/02_clean_dag.py
[2025-06-04T22:52:01.863+0000] {processor.py:925} INFO - DAG(s) '02_clean_data' retrieved from /opt/airflow/dags/02_clean_dag.py
[2025-06-04T22:52:01.893+0000] {logging_mixin.py:190} INFO - [2025-06-04T22:52:01.893+0000] {dag.py:3239} INFO - Sync 1 DAGs
[2025-06-04T22:52:01.913+0000] {logging_mixin.py:190} INFO - [2025-06-04T22:52:01.913+0000] {dag.py:4180} INFO - Setting next_dagrun for 02_clean_data to None, run_after=None
[2025-06-04T22:52:01.936+0000] {processor.py:208} INFO - Processing /opt/airflow/dags/02_clean_dag.py took 0.110 seconds
[2025-06-04T22:52:32.708+0000] {processor.py:186} INFO - Started process (PID=166) to work on /opt/airflow/dags/02_clean_dag.py
[2025-06-04T22:52:32.709+0000] {processor.py:914} INFO - Processing file /opt/airflow/dags/02_clean_dag.py for tasks to queue
[2025-06-04T22:52:32.711+0000] {logging_mixin.py:190} INFO - [2025-06-04T22:52:32.711+0000] {dagbag.py:588} INFO - Filling up the DagBag from /opt/airflow/dags/02_clean_dag.py
[2025-06-04T22:52:32.731+0000] {processor.py:925} INFO - DAG(s) '02_clean_data' retrieved from /opt/airflow/dags/02_clean_dag.py
[2025-06-04T22:52:32.760+0000] {logging_mixin.py:190} INFO - [2025-06-04T22:52:32.760+0000] {dag.py:3239} INFO - Sync 1 DAGs
[2025-06-04T22:52:32.774+0000] {logging_mixin.py:190} INFO - [2025-06-04T22:52:32.774+0000] {dag.py:4180} INFO - Setting next_dagrun for 02_clean_data to None, run_after=None
[2025-06-04T22:52:32.791+0000] {processor.py:208} INFO - Processing /opt/airflow/dags/02_clean_dag.py took 0.088 seconds
[2025-06-04T22:53:03.487+0000] {processor.py:186} INFO - Started process (PID=177) to work on /opt/airflow/dags/02_clean_dag.py
[2025-06-04T22:53:03.488+0000] {processor.py:914} INFO - Processing file /opt/airflow/dags/02_clean_dag.py for tasks to queue
[2025-06-04T22:53:03.490+0000] {logging_mixin.py:190} INFO - [2025-06-04T22:53:03.490+0000] {dagbag.py:588} INFO - Filling up the DagBag from /opt/airflow/dags/02_clean_dag.py
[2025-06-04T22:53:03.512+0000] {processor.py:925} INFO - DAG(s) '02_clean_data' retrieved from /opt/airflow/dags/02_clean_dag.py
[2025-06-04T22:53:03.537+0000] {logging_mixin.py:190} INFO - [2025-06-04T22:53:03.537+0000] {dag.py:3239} INFO - Sync 1 DAGs
[2025-06-04T22:53:03.550+0000] {logging_mixin.py:190} INFO - [2025-06-04T22:53:03.550+0000] {dag.py:4180} INFO - Setting next_dagrun for 02_clean_data to None, run_after=None
[2025-06-04T22:53:03.570+0000] {processor.py:208} INFO - Processing /opt/airflow/dags/02_clean_dag.py took 0.088 seconds
[2025-06-04T22:53:34.329+0000] {processor.py:186} INFO - Started process (PID=188) to work on /opt/airflow/dags/02_clean_dag.py
[2025-06-04T22:53:34.330+0000] {processor.py:914} INFO - Processing file /opt/airflow/dags/02_clean_dag.py for tasks to queue
[2025-06-04T22:53:34.333+0000] {logging_mixin.py:190} INFO - [2025-06-04T22:53:34.332+0000] {dagbag.py:588} INFO - Filling up the DagBag from /opt/airflow/dags/02_clean_dag.py
[2025-06-04T22:53:34.352+0000] {processor.py:925} INFO - DAG(s) '02_clean_data' retrieved from /opt/airflow/dags/02_clean_dag.py
[2025-06-04T22:53:34.377+0000] {logging_mixin.py:190} INFO - [2025-06-04T22:53:34.377+0000] {dag.py:3239} INFO - Sync 1 DAGs
[2025-06-04T22:53:34.390+0000] {logging_mixin.py:190} INFO - [2025-06-04T22:53:34.390+0000] {dag.py:4180} INFO - Setting next_dagrun for 02_clean_data to None, run_after=None
[2025-06-04T22:53:34.409+0000] {processor.py:208} INFO - Processing /opt/airflow/dags/02_clean_dag.py took 0.086 seconds
[2025-06-04T22:54:05.217+0000] {processor.py:186} INFO - Started process (PID=199) to work on /opt/airflow/dags/02_clean_dag.py
[2025-06-04T22:54:05.218+0000] {processor.py:914} INFO - Processing file /opt/airflow/dags/02_clean_dag.py for tasks to queue
[2025-06-04T22:54:05.221+0000] {logging_mixin.py:190} INFO - [2025-06-04T22:54:05.220+0000] {dagbag.py:588} INFO - Filling up the DagBag from /opt/airflow/dags/02_clean_dag.py
[2025-06-04T22:54:05.241+0000] {processor.py:925} INFO - DAG(s) '02_clean_data' retrieved from /opt/airflow/dags/02_clean_dag.py
[2025-06-04T22:54:05.265+0000] {logging_mixin.py:190} INFO - [2025-06-04T22:54:05.265+0000] {dag.py:3239} INFO - Sync 1 DAGs
[2025-06-04T22:54:05.278+0000] {logging_mixin.py:190} INFO - [2025-06-04T22:54:05.278+0000] {dag.py:4180} INFO - Setting next_dagrun for 02_clean_data to None, run_after=None
[2025-06-04T22:54:05.297+0000] {processor.py:208} INFO - Processing /opt/airflow/dags/02_clean_dag.py took 0.084 seconds
[2025-06-04T22:54:36.052+0000] {processor.py:186} INFO - Started process (PID=210) to work on /opt/airflow/dags/02_clean_dag.py
[2025-06-04T22:54:36.053+0000] {processor.py:914} INFO - Processing file /opt/airflow/dags/02_clean_dag.py for tasks to queue
[2025-06-04T22:54:36.055+0000] {logging_mixin.py:190} INFO - [2025-06-04T22:54:36.055+0000] {dagbag.py:588} INFO - Filling up the DagBag from /opt/airflow/dags/02_clean_dag.py
[2025-06-04T22:54:36.076+0000] {processor.py:925} INFO - DAG(s) '02_clean_data' retrieved from /opt/airflow/dags/02_clean_dag.py
[2025-06-04T22:54:36.104+0000] {logging_mixin.py:190} INFO - [2025-06-04T22:54:36.104+0000] {dag.py:3239} INFO - Sync 1 DAGs
[2025-06-04T22:54:36.118+0000] {logging_mixin.py:190} INFO - [2025-06-04T22:54:36.118+0000] {dag.py:4180} INFO - Setting next_dagrun for 02_clean_data to None, run_after=None
[2025-06-04T22:54:36.138+0000] {processor.py:208} INFO - Processing /opt/airflow/dags/02_clean_dag.py took 0.091 seconds
[2025-06-04T22:55:06.975+0000] {processor.py:186} INFO - Started process (PID=221) to work on /opt/airflow/dags/02_clean_dag.py
[2025-06-04T22:55:06.977+0000] {processor.py:914} INFO - Processing file /opt/airflow/dags/02_clean_dag.py for tasks to queue
[2025-06-04T22:55:06.979+0000] {logging_mixin.py:190} INFO - [2025-06-04T22:55:06.979+0000] {dagbag.py:588} INFO - Filling up the DagBag from /opt/airflow/dags/02_clean_dag.py
[2025-06-04T22:55:07.001+0000] {processor.py:925} INFO - DAG(s) '02_clean_data' retrieved from /opt/airflow/dags/02_clean_dag.py
[2025-06-04T22:55:07.027+0000] {logging_mixin.py:190} INFO - [2025-06-04T22:55:07.027+0000] {dag.py:3239} INFO - Sync 1 DAGs
[2025-06-04T22:55:07.043+0000] {logging_mixin.py:190} INFO - [2025-06-04T22:55:07.043+0000] {dag.py:4180} INFO - Setting next_dagrun for 02_clean_data to None, run_after=None
[2025-06-04T22:55:07.060+0000] {processor.py:208} INFO - Processing /opt/airflow/dags/02_clean_dag.py took 0.090 seconds
[2025-06-04T22:55:37.696+0000] {processor.py:186} INFO - Started process (PID=232) to work on /opt/airflow/dags/02_clean_dag.py
[2025-06-04T22:55:37.697+0000] {processor.py:914} INFO - Processing file /opt/airflow/dags/02_clean_dag.py for tasks to queue
[2025-06-04T22:55:37.699+0000] {logging_mixin.py:190} INFO - [2025-06-04T22:55:37.699+0000] {dagbag.py:588} INFO - Filling up the DagBag from /opt/airflow/dags/02_clean_dag.py
[2025-06-04T22:55:37.720+0000] {processor.py:925} INFO - DAG(s) '02_clean_data' retrieved from /opt/airflow/dags/02_clean_dag.py
[2025-06-04T22:55:37.751+0000] {logging_mixin.py:190} INFO - [2025-06-04T22:55:37.751+0000] {dag.py:3239} INFO - Sync 1 DAGs
[2025-06-04T22:55:37.768+0000] {logging_mixin.py:190} INFO - [2025-06-04T22:55:37.767+0000] {dag.py:4180} INFO - Setting next_dagrun for 02_clean_data to None, run_after=None
[2025-06-04T22:55:37.786+0000] {processor.py:208} INFO - Processing /opt/airflow/dags/02_clean_dag.py took 0.096 seconds
[2025-06-04T22:56:08.486+0000] {processor.py:186} INFO - Started process (PID=244) to work on /opt/airflow/dags/02_clean_dag.py
[2025-06-04T22:56:08.487+0000] {processor.py:914} INFO - Processing file /opt/airflow/dags/02_clean_dag.py for tasks to queue
[2025-06-04T22:56:08.490+0000] {logging_mixin.py:190} INFO - [2025-06-04T22:56:08.489+0000] {dagbag.py:588} INFO - Filling up the DagBag from /opt/airflow/dags/02_clean_dag.py
[2025-06-04T22:56:08.512+0000] {processor.py:925} INFO - DAG(s) '02_clean_data' retrieved from /opt/airflow/dags/02_clean_dag.py
[2025-06-04T22:56:08.541+0000] {logging_mixin.py:190} INFO - [2025-06-04T22:56:08.540+0000] {dag.py:3239} INFO - Sync 1 DAGs
[2025-06-04T22:56:08.557+0000] {logging_mixin.py:190} INFO - [2025-06-04T22:56:08.557+0000] {dag.py:4180} INFO - Setting next_dagrun for 02_clean_data to None, run_after=None
[2025-06-04T22:56:08.574+0000] {processor.py:208} INFO - Processing /opt/airflow/dags/02_clean_dag.py took 0.094 seconds
[2025-06-04T22:56:39.209+0000] {processor.py:186} INFO - Started process (PID=255) to work on /opt/airflow/dags/02_clean_dag.py
[2025-06-04T22:56:39.210+0000] {processor.py:914} INFO - Processing file /opt/airflow/dags/02_clean_dag.py for tasks to queue
[2025-06-04T22:56:39.212+0000] {logging_mixin.py:190} INFO - [2025-06-04T22:56:39.212+0000] {dagbag.py:588} INFO - Filling up the DagBag from /opt/airflow/dags/02_clean_dag.py
[2025-06-04T22:56:39.233+0000] {processor.py:925} INFO - DAG(s) '02_clean_data' retrieved from /opt/airflow/dags/02_clean_dag.py
[2025-06-04T22:56:39.259+0000] {logging_mixin.py:190} INFO - [2025-06-04T22:56:39.259+0000] {dag.py:3239} INFO - Sync 1 DAGs
[2025-06-04T22:56:39.273+0000] {logging_mixin.py:190} INFO - [2025-06-04T22:56:39.272+0000] {dag.py:4180} INFO - Setting next_dagrun for 02_clean_data to None, run_after=None
[2025-06-04T22:56:39.290+0000] {processor.py:208} INFO - Processing /opt/airflow/dags/02_clean_dag.py took 0.087 seconds
[2025-06-04T22:57:09.881+0000] {processor.py:186} INFO - Started process (PID=266) to work on /opt/airflow/dags/02_clean_dag.py
[2025-06-04T22:57:09.882+0000] {processor.py:914} INFO - Processing file /opt/airflow/dags/02_clean_dag.py for tasks to queue
[2025-06-04T22:57:09.883+0000] {logging_mixin.py:190} INFO - [2025-06-04T22:57:09.883+0000] {dagbag.py:588} INFO - Filling up the DagBag from /opt/airflow/dags/02_clean_dag.py
[2025-06-04T22:57:09.903+0000] {processor.py:925} INFO - DAG(s) '02_clean_data' retrieved from /opt/airflow/dags/02_clean_dag.py
[2025-06-04T22:57:09.931+0000] {logging_mixin.py:190} INFO - [2025-06-04T22:57:09.930+0000] {dag.py:3239} INFO - Sync 1 DAGs
[2025-06-04T22:57:09.945+0000] {logging_mixin.py:190} INFO - [2025-06-04T22:57:09.945+0000] {dag.py:4180} INFO - Setting next_dagrun for 02_clean_data to None, run_after=None
[2025-06-04T22:57:09.963+0000] {processor.py:208} INFO - Processing /opt/airflow/dags/02_clean_dag.py took 0.088 seconds
[2025-06-04T22:57:40.663+0000] {processor.py:186} INFO - Started process (PID=277) to work on /opt/airflow/dags/02_clean_dag.py
[2025-06-04T22:57:40.664+0000] {processor.py:914} INFO - Processing file /opt/airflow/dags/02_clean_dag.py for tasks to queue
[2025-06-04T22:57:40.666+0000] {logging_mixin.py:190} INFO - [2025-06-04T22:57:40.665+0000] {dagbag.py:588} INFO - Filling up the DagBag from /opt/airflow/dags/02_clean_dag.py
[2025-06-04T22:57:40.687+0000] {processor.py:925} INFO - DAG(s) '02_clean_data' retrieved from /opt/airflow/dags/02_clean_dag.py
[2025-06-04T22:57:40.711+0000] {logging_mixin.py:190} INFO - [2025-06-04T22:57:40.711+0000] {dag.py:3239} INFO - Sync 1 DAGs
[2025-06-04T22:57:40.724+0000] {logging_mixin.py:190} INFO - [2025-06-04T22:57:40.724+0000] {dag.py:4180} INFO - Setting next_dagrun for 02_clean_data to None, run_after=None
[2025-06-04T22:57:40.743+0000] {processor.py:208} INFO - Processing /opt/airflow/dags/02_clean_dag.py took 0.085 seconds
[2025-06-04T22:58:11.543+0000] {processor.py:186} INFO - Started process (PID=288) to work on /opt/airflow/dags/02_clean_dag.py
[2025-06-04T22:58:11.544+0000] {processor.py:914} INFO - Processing file /opt/airflow/dags/02_clean_dag.py for tasks to queue
[2025-06-04T22:58:11.548+0000] {logging_mixin.py:190} INFO - [2025-06-04T22:58:11.548+0000] {dagbag.py:588} INFO - Filling up the DagBag from /opt/airflow/dags/02_clean_dag.py
[2025-06-04T22:58:11.578+0000] {processor.py:925} INFO - DAG(s) '02_clean_data' retrieved from /opt/airflow/dags/02_clean_dag.py
[2025-06-04T22:58:11.607+0000] {logging_mixin.py:190} INFO - [2025-06-04T22:58:11.607+0000] {dag.py:3239} INFO - Sync 1 DAGs
[2025-06-04T22:58:11.624+0000] {logging_mixin.py:190} INFO - [2025-06-04T22:58:11.624+0000] {dag.py:4180} INFO - Setting next_dagrun for 02_clean_data to None, run_after=None
[2025-06-04T22:58:11.642+0000] {processor.py:208} INFO - Processing /opt/airflow/dags/02_clean_dag.py took 0.106 seconds
[2025-06-04T22:58:42.394+0000] {processor.py:186} INFO - Started process (PID=299) to work on /opt/airflow/dags/02_clean_dag.py
[2025-06-04T22:58:42.395+0000] {processor.py:914} INFO - Processing file /opt/airflow/dags/02_clean_dag.py for tasks to queue
[2025-06-04T22:58:42.398+0000] {logging_mixin.py:190} INFO - [2025-06-04T22:58:42.398+0000] {dagbag.py:588} INFO - Filling up the DagBag from /opt/airflow/dags/02_clean_dag.py
[2025-06-04T22:58:42.421+0000] {processor.py:925} INFO - DAG(s) '02_clean_data' retrieved from /opt/airflow/dags/02_clean_dag.py
[2025-06-04T22:58:42.446+0000] {logging_mixin.py:190} INFO - [2025-06-04T22:58:42.446+0000] {dag.py:3239} INFO - Sync 1 DAGs
[2025-06-04T22:58:42.459+0000] {logging_mixin.py:190} INFO - [2025-06-04T22:58:42.459+0000] {dag.py:4180} INFO - Setting next_dagrun for 02_clean_data to None, run_after=None
[2025-06-04T22:58:42.477+0000] {processor.py:208} INFO - Processing /opt/airflow/dags/02_clean_dag.py took 0.088 seconds
[2025-06-04T22:59:13.121+0000] {processor.py:186} INFO - Started process (PID=311) to work on /opt/airflow/dags/02_clean_dag.py
[2025-06-04T22:59:13.122+0000] {processor.py:914} INFO - Processing file /opt/airflow/dags/02_clean_dag.py for tasks to queue
[2025-06-04T22:59:13.124+0000] {logging_mixin.py:190} INFO - [2025-06-04T22:59:13.124+0000] {dagbag.py:588} INFO - Filling up the DagBag from /opt/airflow/dags/02_clean_dag.py
[2025-06-04T22:59:13.145+0000] {processor.py:925} INFO - DAG(s) '02_clean_data' retrieved from /opt/airflow/dags/02_clean_dag.py
[2025-06-04T22:59:13.171+0000] {logging_mixin.py:190} INFO - [2025-06-04T22:59:13.171+0000] {dag.py:3239} INFO - Sync 1 DAGs
[2025-06-04T22:59:13.184+0000] {logging_mixin.py:190} INFO - [2025-06-04T22:59:13.184+0000] {dag.py:4180} INFO - Setting next_dagrun for 02_clean_data to None, run_after=None
[2025-06-04T22:59:13.201+0000] {processor.py:208} INFO - Processing /opt/airflow/dags/02_clean_dag.py took 0.086 seconds
[2025-06-04T22:59:43.930+0000] {processor.py:186} INFO - Started process (PID=322) to work on /opt/airflow/dags/02_clean_dag.py
[2025-06-04T22:59:43.931+0000] {processor.py:914} INFO - Processing file /opt/airflow/dags/02_clean_dag.py for tasks to queue
[2025-06-04T22:59:43.934+0000] {logging_mixin.py:190} INFO - [2025-06-04T22:59:43.933+0000] {dagbag.py:588} INFO - Filling up the DagBag from /opt/airflow/dags/02_clean_dag.py
[2025-06-04T22:59:43.956+0000] {processor.py:925} INFO - DAG(s) '02_clean_data' retrieved from /opt/airflow/dags/02_clean_dag.py
[2025-06-04T22:59:43.981+0000] {logging_mixin.py:190} INFO - [2025-06-04T22:59:43.981+0000] {dag.py:3239} INFO - Sync 1 DAGs
[2025-06-04T22:59:43.995+0000] {logging_mixin.py:190} INFO - [2025-06-04T22:59:43.995+0000] {dag.py:4180} INFO - Setting next_dagrun for 02_clean_data to None, run_after=None
[2025-06-04T22:59:44.013+0000] {processor.py:208} INFO - Processing /opt/airflow/dags/02_clean_dag.py took 0.088 seconds
[2025-06-04T23:00:14.609+0000] {processor.py:186} INFO - Started process (PID=334) to work on /opt/airflow/dags/02_clean_dag.py
[2025-06-04T23:00:14.610+0000] {processor.py:914} INFO - Processing file /opt/airflow/dags/02_clean_dag.py for tasks to queue
[2025-06-04T23:00:14.612+0000] {logging_mixin.py:190} INFO - [2025-06-04T23:00:14.612+0000] {dagbag.py:588} INFO - Filling up the DagBag from /opt/airflow/dags/02_clean_dag.py
[2025-06-04T23:00:14.636+0000] {processor.py:925} INFO - DAG(s) '02_clean_data' retrieved from /opt/airflow/dags/02_clean_dag.py
[2025-06-04T23:00:14.664+0000] {logging_mixin.py:190} INFO - [2025-06-04T23:00:14.663+0000] {dag.py:3239} INFO - Sync 1 DAGs
[2025-06-04T23:00:14.678+0000] {logging_mixin.py:190} INFO - [2025-06-04T23:00:14.678+0000] {dag.py:4180} INFO - Setting next_dagrun for 02_clean_data to None, run_after=None
[2025-06-04T23:00:14.702+0000] {processor.py:208} INFO - Processing /opt/airflow/dags/02_clean_dag.py took 0.098 seconds
[2025-06-04T23:00:45.508+0000] {processor.py:186} INFO - Started process (PID=345) to work on /opt/airflow/dags/02_clean_dag.py
[2025-06-04T23:00:45.509+0000] {processor.py:914} INFO - Processing file /opt/airflow/dags/02_clean_dag.py for tasks to queue
[2025-06-04T23:00:45.511+0000] {logging_mixin.py:190} INFO - [2025-06-04T23:00:45.510+0000] {dagbag.py:588} INFO - Filling up the DagBag from /opt/airflow/dags/02_clean_dag.py
[2025-06-04T23:00:45.532+0000] {processor.py:925} INFO - DAG(s) '02_clean_data' retrieved from /opt/airflow/dags/02_clean_dag.py
[2025-06-04T23:00:45.556+0000] {logging_mixin.py:190} INFO - [2025-06-04T23:00:45.556+0000] {dag.py:3239} INFO - Sync 1 DAGs
[2025-06-04T23:00:45.570+0000] {logging_mixin.py:190} INFO - [2025-06-04T23:00:45.570+0000] {dag.py:4180} INFO - Setting next_dagrun for 02_clean_data to None, run_after=None
[2025-06-04T23:00:45.588+0000] {processor.py:208} INFO - Processing /opt/airflow/dags/02_clean_dag.py took 0.088 seconds
[2025-06-04T23:01:16.434+0000] {processor.py:186} INFO - Started process (PID=357) to work on /opt/airflow/dags/02_clean_dag.py
[2025-06-04T23:01:16.435+0000] {processor.py:914} INFO - Processing file /opt/airflow/dags/02_clean_dag.py for tasks to queue
[2025-06-04T23:01:16.437+0000] {logging_mixin.py:190} INFO - [2025-06-04T23:01:16.437+0000] {dagbag.py:588} INFO - Filling up the DagBag from /opt/airflow/dags/02_clean_dag.py
[2025-06-04T23:01:16.464+0000] {processor.py:925} INFO - DAG(s) '02_clean_data' retrieved from /opt/airflow/dags/02_clean_dag.py
[2025-06-04T23:01:16.496+0000] {logging_mixin.py:190} INFO - [2025-06-04T23:01:16.496+0000] {dag.py:3239} INFO - Sync 1 DAGs
[2025-06-04T23:01:16.516+0000] {logging_mixin.py:190} INFO - [2025-06-04T23:01:16.516+0000] {dag.py:4180} INFO - Setting next_dagrun for 02_clean_data to None, run_after=None
[2025-06-04T23:01:16.540+0000] {processor.py:208} INFO - Processing /opt/airflow/dags/02_clean_dag.py took 0.114 seconds
[2025-06-04T23:01:47.205+0000] {processor.py:186} INFO - Started process (PID=368) to work on /opt/airflow/dags/02_clean_dag.py
[2025-06-04T23:01:47.206+0000] {processor.py:914} INFO - Processing file /opt/airflow/dags/02_clean_dag.py for tasks to queue
[2025-06-04T23:01:47.208+0000] {logging_mixin.py:190} INFO - [2025-06-04T23:01:47.208+0000] {dagbag.py:588} INFO - Filling up the DagBag from /opt/airflow/dags/02_clean_dag.py
[2025-06-04T23:01:47.228+0000] {processor.py:925} INFO - DAG(s) '02_clean_data' retrieved from /opt/airflow/dags/02_clean_dag.py
[2025-06-04T23:01:47.254+0000] {logging_mixin.py:190} INFO - [2025-06-04T23:01:47.254+0000] {dag.py:3239} INFO - Sync 1 DAGs
[2025-06-04T23:01:47.268+0000] {logging_mixin.py:190} INFO - [2025-06-04T23:01:47.267+0000] {dag.py:4180} INFO - Setting next_dagrun for 02_clean_data to None, run_after=None
[2025-06-04T23:01:47.285+0000] {processor.py:208} INFO - Processing /opt/airflow/dags/02_clean_dag.py took 0.086 seconds
[2025-06-04T23:02:17.992+0000] {processor.py:186} INFO - Started process (PID=379) to work on /opt/airflow/dags/02_clean_dag.py
[2025-06-04T23:02:17.993+0000] {processor.py:914} INFO - Processing file /opt/airflow/dags/02_clean_dag.py for tasks to queue
[2025-06-04T23:02:17.995+0000] {logging_mixin.py:190} INFO - [2025-06-04T23:02:17.995+0000] {dagbag.py:588} INFO - Filling up the DagBag from /opt/airflow/dags/02_clean_dag.py
[2025-06-04T23:02:18.017+0000] {processor.py:925} INFO - DAG(s) '02_clean_data' retrieved from /opt/airflow/dags/02_clean_dag.py
[2025-06-04T23:02:18.043+0000] {logging_mixin.py:190} INFO - [2025-06-04T23:02:18.043+0000] {dag.py:3239} INFO - Sync 1 DAGs
[2025-06-04T23:02:18.057+0000] {logging_mixin.py:190} INFO - [2025-06-04T23:02:18.057+0000] {dag.py:4180} INFO - Setting next_dagrun for 02_clean_data to None, run_after=None
[2025-06-04T23:02:18.076+0000] {processor.py:208} INFO - Processing /opt/airflow/dags/02_clean_dag.py took 0.089 seconds
[2025-06-04T23:02:48.755+0000] {processor.py:186} INFO - Started process (PID=390) to work on /opt/airflow/dags/02_clean_dag.py
[2025-06-04T23:02:48.756+0000] {processor.py:914} INFO - Processing file /opt/airflow/dags/02_clean_dag.py for tasks to queue
[2025-06-04T23:02:48.759+0000] {logging_mixin.py:190} INFO - [2025-06-04T23:02:48.759+0000] {dagbag.py:588} INFO - Filling up the DagBag from /opt/airflow/dags/02_clean_dag.py
[2025-06-04T23:02:48.790+0000] {processor.py:925} INFO - DAG(s) '02_clean_data' retrieved from /opt/airflow/dags/02_clean_dag.py
[2025-06-04T23:02:48.825+0000] {logging_mixin.py:190} INFO - [2025-06-04T23:02:48.824+0000] {dag.py:3239} INFO - Sync 1 DAGs
[2025-06-04T23:02:48.844+0000] {logging_mixin.py:190} INFO - [2025-06-04T23:02:48.844+0000] {dag.py:4180} INFO - Setting next_dagrun for 02_clean_data to None, run_after=None
[2025-06-04T23:02:48.866+0000] {processor.py:208} INFO - Processing /opt/airflow/dags/02_clean_dag.py took 0.119 seconds
[2025-06-04T23:03:19.578+0000] {processor.py:186} INFO - Started process (PID=402) to work on /opt/airflow/dags/02_clean_dag.py
[2025-06-04T23:03:19.579+0000] {processor.py:914} INFO - Processing file /opt/airflow/dags/02_clean_dag.py for tasks to queue
[2025-06-04T23:03:19.581+0000] {logging_mixin.py:190} INFO - [2025-06-04T23:03:19.581+0000] {dagbag.py:588} INFO - Filling up the DagBag from /opt/airflow/dags/02_clean_dag.py
[2025-06-04T23:03:19.606+0000] {processor.py:925} INFO - DAG(s) '02_clean_data' retrieved from /opt/airflow/dags/02_clean_dag.py
[2025-06-04T23:03:19.637+0000] {logging_mixin.py:190} INFO - [2025-06-04T23:03:19.637+0000] {dag.py:3239} INFO - Sync 1 DAGs
[2025-06-04T23:03:19.654+0000] {logging_mixin.py:190} INFO - [2025-06-04T23:03:19.654+0000] {dag.py:4180} INFO - Setting next_dagrun for 02_clean_data to None, run_after=None
[2025-06-04T23:03:19.673+0000] {processor.py:208} INFO - Processing /opt/airflow/dags/02_clean_dag.py took 0.102 seconds
[2025-06-04T23:03:50.372+0000] {processor.py:186} INFO - Started process (PID=413) to work on /opt/airflow/dags/02_clean_dag.py
[2025-06-04T23:03:50.373+0000] {processor.py:914} INFO - Processing file /opt/airflow/dags/02_clean_dag.py for tasks to queue
[2025-06-04T23:03:50.375+0000] {logging_mixin.py:190} INFO - [2025-06-04T23:03:50.375+0000] {dagbag.py:588} INFO - Filling up the DagBag from /opt/airflow/dags/02_clean_dag.py
[2025-06-04T23:03:50.398+0000] {processor.py:925} INFO - DAG(s) '02_clean_data' retrieved from /opt/airflow/dags/02_clean_dag.py
[2025-06-04T23:03:50.426+0000] {logging_mixin.py:190} INFO - [2025-06-04T23:03:50.426+0000] {dag.py:3239} INFO - Sync 1 DAGs
[2025-06-04T23:03:50.441+0000] {logging_mixin.py:190} INFO - [2025-06-04T23:03:50.441+0000] {dag.py:4180} INFO - Setting next_dagrun for 02_clean_data to None, run_after=None
[2025-06-04T23:03:50.459+0000] {processor.py:208} INFO - Processing /opt/airflow/dags/02_clean_dag.py took 0.093 seconds
[2025-06-04T23:04:21.146+0000] {processor.py:186} INFO - Started process (PID=424) to work on /opt/airflow/dags/02_clean_dag.py
[2025-06-04T23:04:21.147+0000] {processor.py:914} INFO - Processing file /opt/airflow/dags/02_clean_dag.py for tasks to queue
[2025-06-04T23:04:21.149+0000] {logging_mixin.py:190} INFO - [2025-06-04T23:04:21.149+0000] {dagbag.py:588} INFO - Filling up the DagBag from /opt/airflow/dags/02_clean_dag.py
[2025-06-04T23:04:21.171+0000] {processor.py:925} INFO - DAG(s) '02_clean_data' retrieved from /opt/airflow/dags/02_clean_dag.py
[2025-06-04T23:04:21.197+0000] {logging_mixin.py:190} INFO - [2025-06-04T23:04:21.197+0000] {dag.py:3239} INFO - Sync 1 DAGs
[2025-06-04T23:04:21.211+0000] {logging_mixin.py:190} INFO - [2025-06-04T23:04:21.211+0000] {dag.py:4180} INFO - Setting next_dagrun for 02_clean_data to None, run_after=None
[2025-06-04T23:04:21.228+0000] {processor.py:208} INFO - Processing /opt/airflow/dags/02_clean_dag.py took 0.088 seconds
[2025-06-04T23:04:51.875+0000] {processor.py:186} INFO - Started process (PID=435) to work on /opt/airflow/dags/02_clean_dag.py
[2025-06-04T23:04:51.876+0000] {processor.py:914} INFO - Processing file /opt/airflow/dags/02_clean_dag.py for tasks to queue
[2025-06-04T23:04:51.878+0000] {logging_mixin.py:190} INFO - [2025-06-04T23:04:51.878+0000] {dagbag.py:588} INFO - Filling up the DagBag from /opt/airflow/dags/02_clean_dag.py
[2025-06-04T23:04:51.899+0000] {processor.py:925} INFO - DAG(s) '02_clean_data' retrieved from /opt/airflow/dags/02_clean_dag.py
[2025-06-04T23:04:51.928+0000] {logging_mixin.py:190} INFO - [2025-06-04T23:04:51.928+0000] {dag.py:3239} INFO - Sync 1 DAGs
[2025-06-04T23:04:51.943+0000] {logging_mixin.py:190} INFO - [2025-06-04T23:04:51.943+0000] {dag.py:4180} INFO - Setting next_dagrun for 02_clean_data to None, run_after=None
[2025-06-04T23:04:51.961+0000] {processor.py:208} INFO - Processing /opt/airflow/dags/02_clean_dag.py took 0.091 seconds
[2025-06-04T23:05:22.689+0000] {processor.py:186} INFO - Started process (PID=446) to work on /opt/airflow/dags/02_clean_dag.py
[2025-06-04T23:05:22.690+0000] {processor.py:914} INFO - Processing file /opt/airflow/dags/02_clean_dag.py for tasks to queue
[2025-06-04T23:05:22.692+0000] {logging_mixin.py:190} INFO - [2025-06-04T23:05:22.692+0000] {dagbag.py:588} INFO - Filling up the DagBag from /opt/airflow/dags/02_clean_dag.py
[2025-06-04T23:05:22.713+0000] {processor.py:925} INFO - DAG(s) '02_clean_data' retrieved from /opt/airflow/dags/02_clean_dag.py
[2025-06-04T23:05:22.738+0000] {logging_mixin.py:190} INFO - [2025-06-04T23:05:22.737+0000] {dag.py:3239} INFO - Sync 1 DAGs
[2025-06-04T23:05:22.752+0000] {logging_mixin.py:190} INFO - [2025-06-04T23:05:22.752+0000] {dag.py:4180} INFO - Setting next_dagrun for 02_clean_data to None, run_after=None
[2025-06-04T23:05:22.771+0000] {processor.py:208} INFO - Processing /opt/airflow/dags/02_clean_dag.py took 0.087 seconds
[2025-06-04T23:05:53.386+0000] {processor.py:186} INFO - Started process (PID=457) to work on /opt/airflow/dags/02_clean_dag.py
[2025-06-04T23:05:53.387+0000] {processor.py:914} INFO - Processing file /opt/airflow/dags/02_clean_dag.py for tasks to queue
[2025-06-04T23:05:53.389+0000] {logging_mixin.py:190} INFO - [2025-06-04T23:05:53.388+0000] {dagbag.py:588} INFO - Filling up the DagBag from /opt/airflow/dags/02_clean_dag.py
[2025-06-04T23:05:53.412+0000] {processor.py:925} INFO - DAG(s) '02_clean_data' retrieved from /opt/airflow/dags/02_clean_dag.py
[2025-06-04T23:05:53.442+0000] {logging_mixin.py:190} INFO - [2025-06-04T23:05:53.442+0000] {dag.py:3239} INFO - Sync 1 DAGs
[2025-06-04T23:05:53.459+0000] {logging_mixin.py:190} INFO - [2025-06-04T23:05:53.459+0000] {dag.py:4180} INFO - Setting next_dagrun for 02_clean_data to None, run_after=None
[2025-06-04T23:05:53.478+0000] {processor.py:208} INFO - Processing /opt/airflow/dags/02_clean_dag.py took 0.098 seconds
[2025-06-04T23:06:24.176+0000] {processor.py:186} INFO - Started process (PID=468) to work on /opt/airflow/dags/02_clean_dag.py
[2025-06-04T23:06:24.177+0000] {processor.py:914} INFO - Processing file /opt/airflow/dags/02_clean_dag.py for tasks to queue
[2025-06-04T23:06:24.179+0000] {logging_mixin.py:190} INFO - [2025-06-04T23:06:24.178+0000] {dagbag.py:588} INFO - Filling up the DagBag from /opt/airflow/dags/02_clean_dag.py
[2025-06-04T23:06:24.200+0000] {processor.py:925} INFO - DAG(s) '02_clean_data' retrieved from /opt/airflow/dags/02_clean_dag.py
[2025-06-04T23:06:24.229+0000] {logging_mixin.py:190} INFO - [2025-06-04T23:06:24.229+0000] {dag.py:3239} INFO - Sync 1 DAGs
[2025-06-04T23:06:24.243+0000] {logging_mixin.py:190} INFO - [2025-06-04T23:06:24.243+0000] {dag.py:4180} INFO - Setting next_dagrun for 02_clean_data to None, run_after=None
[2025-06-04T23:06:24.260+0000] {processor.py:208} INFO - Processing /opt/airflow/dags/02_clean_dag.py took 0.090 seconds
[2025-06-04T23:06:55.033+0000] {processor.py:186} INFO - Started process (PID=479) to work on /opt/airflow/dags/02_clean_dag.py
[2025-06-04T23:06:55.034+0000] {processor.py:914} INFO - Processing file /opt/airflow/dags/02_clean_dag.py for tasks to queue
[2025-06-04T23:06:55.037+0000] {logging_mixin.py:190} INFO - [2025-06-04T23:06:55.037+0000] {dagbag.py:588} INFO - Filling up the DagBag from /opt/airflow/dags/02_clean_dag.py
[2025-06-04T23:06:55.061+0000] {processor.py:925} INFO - DAG(s) '02_clean_data' retrieved from /opt/airflow/dags/02_clean_dag.py
[2025-06-04T23:06:55.089+0000] {logging_mixin.py:190} INFO - [2025-06-04T23:06:55.088+0000] {dag.py:3239} INFO - Sync 1 DAGs
[2025-06-04T23:06:55.103+0000] {logging_mixin.py:190} INFO - [2025-06-04T23:06:55.103+0000] {dag.py:4180} INFO - Setting next_dagrun for 02_clean_data to None, run_after=None
[2025-06-04T23:06:55.121+0000] {processor.py:208} INFO - Processing /opt/airflow/dags/02_clean_dag.py took 0.094 seconds
[2025-06-04T23:07:25.936+0000] {processor.py:186} INFO - Started process (PID=490) to work on /opt/airflow/dags/02_clean_dag.py
[2025-06-04T23:07:25.937+0000] {processor.py:914} INFO - Processing file /opt/airflow/dags/02_clean_dag.py for tasks to queue
[2025-06-04T23:07:25.939+0000] {logging_mixin.py:190} INFO - [2025-06-04T23:07:25.939+0000] {dagbag.py:588} INFO - Filling up the DagBag from /opt/airflow/dags/02_clean_dag.py
[2025-06-04T23:07:25.960+0000] {processor.py:925} INFO - DAG(s) '02_clean_data' retrieved from /opt/airflow/dags/02_clean_dag.py
[2025-06-04T23:07:25.989+0000] {logging_mixin.py:190} INFO - [2025-06-04T23:07:25.989+0000] {dag.py:3239} INFO - Sync 1 DAGs
[2025-06-04T23:07:26.004+0000] {logging_mixin.py:190} INFO - [2025-06-04T23:07:26.004+0000] {dag.py:4180} INFO - Setting next_dagrun for 02_clean_data to None, run_after=None
[2025-06-04T23:07:26.023+0000] {processor.py:208} INFO - Processing /opt/airflow/dags/02_clean_dag.py took 0.093 seconds
[2025-06-04T23:07:56.918+0000] {processor.py:186} INFO - Started process (PID=501) to work on /opt/airflow/dags/02_clean_dag.py
[2025-06-04T23:07:56.919+0000] {processor.py:914} INFO - Processing file /opt/airflow/dags/02_clean_dag.py for tasks to queue
[2025-06-04T23:07:56.921+0000] {logging_mixin.py:190} INFO - [2025-06-04T23:07:56.921+0000] {dagbag.py:588} INFO - Filling up the DagBag from /opt/airflow/dags/02_clean_dag.py
[2025-06-04T23:07:56.943+0000] {processor.py:925} INFO - DAG(s) '02_clean_data' retrieved from /opt/airflow/dags/02_clean_dag.py
[2025-06-04T23:07:56.971+0000] {logging_mixin.py:190} INFO - [2025-06-04T23:07:56.971+0000] {dag.py:3239} INFO - Sync 1 DAGs
[2025-06-04T23:07:56.986+0000] {logging_mixin.py:190} INFO - [2025-06-04T23:07:56.985+0000] {dag.py:4180} INFO - Setting next_dagrun for 02_clean_data to None, run_after=None
[2025-06-04T23:07:57.002+0000] {processor.py:208} INFO - Processing /opt/airflow/dags/02_clean_dag.py took 0.090 seconds
[2025-06-04T23:08:27.617+0000] {processor.py:186} INFO - Started process (PID=512) to work on /opt/airflow/dags/02_clean_dag.py
[2025-06-04T23:08:27.618+0000] {processor.py:914} INFO - Processing file /opt/airflow/dags/02_clean_dag.py for tasks to queue
[2025-06-04T23:08:27.620+0000] {logging_mixin.py:190} INFO - [2025-06-04T23:08:27.620+0000] {dagbag.py:588} INFO - Filling up the DagBag from /opt/airflow/dags/02_clean_dag.py
[2025-06-04T23:08:27.641+0000] {processor.py:925} INFO - DAG(s) '02_clean_data' retrieved from /opt/airflow/dags/02_clean_dag.py
[2025-06-04T23:08:27.667+0000] {logging_mixin.py:190} INFO - [2025-06-04T23:08:27.667+0000] {dag.py:3239} INFO - Sync 1 DAGs
[2025-06-04T23:08:27.681+0000] {logging_mixin.py:190} INFO - [2025-06-04T23:08:27.680+0000] {dag.py:4180} INFO - Setting next_dagrun for 02_clean_data to None, run_after=None
[2025-06-04T23:08:27.698+0000] {processor.py:208} INFO - Processing /opt/airflow/dags/02_clean_dag.py took 0.086 seconds
[2025-06-04T23:08:58.399+0000] {processor.py:186} INFO - Started process (PID=523) to work on /opt/airflow/dags/02_clean_dag.py
[2025-06-04T23:08:58.400+0000] {processor.py:914} INFO - Processing file /opt/airflow/dags/02_clean_dag.py for tasks to queue
[2025-06-04T23:08:58.402+0000] {logging_mixin.py:190} INFO - [2025-06-04T23:08:58.402+0000] {dagbag.py:588} INFO - Filling up the DagBag from /opt/airflow/dags/02_clean_dag.py
[2025-06-04T23:08:58.425+0000] {processor.py:925} INFO - DAG(s) '02_clean_data' retrieved from /opt/airflow/dags/02_clean_dag.py
[2025-06-04T23:08:58.455+0000] {logging_mixin.py:190} INFO - [2025-06-04T23:08:58.454+0000] {dag.py:3239} INFO - Sync 1 DAGs
[2025-06-04T23:08:58.470+0000] {logging_mixin.py:190} INFO - [2025-06-04T23:08:58.470+0000] {dag.py:4180} INFO - Setting next_dagrun for 02_clean_data to None, run_after=None
[2025-06-04T23:08:58.489+0000] {processor.py:208} INFO - Processing /opt/airflow/dags/02_clean_dag.py took 0.095 seconds
[2025-06-04T23:09:29.129+0000] {processor.py:186} INFO - Started process (PID=534) to work on /opt/airflow/dags/02_clean_dag.py
[2025-06-04T23:09:29.130+0000] {processor.py:914} INFO - Processing file /opt/airflow/dags/02_clean_dag.py for tasks to queue
[2025-06-04T23:09:29.133+0000] {logging_mixin.py:190} INFO - [2025-06-04T23:09:29.133+0000] {dagbag.py:588} INFO - Filling up the DagBag from /opt/airflow/dags/02_clean_dag.py
[2025-06-04T23:09:29.155+0000] {processor.py:925} INFO - DAG(s) '02_clean_data' retrieved from /opt/airflow/dags/02_clean_dag.py
[2025-06-04T23:09:29.184+0000] {logging_mixin.py:190} INFO - [2025-06-04T23:09:29.184+0000] {dag.py:3239} INFO - Sync 1 DAGs
[2025-06-04T23:09:29.200+0000] {logging_mixin.py:190} INFO - [2025-06-04T23:09:29.199+0000] {dag.py:4180} INFO - Setting next_dagrun for 02_clean_data to None, run_after=None
[2025-06-04T23:09:29.216+0000] {processor.py:208} INFO - Processing /opt/airflow/dags/02_clean_dag.py took 0.093 seconds
[2025-06-04T23:09:59.766+0000] {processor.py:186} INFO - Started process (PID=545) to work on /opt/airflow/dags/02_clean_dag.py
[2025-06-04T23:09:59.767+0000] {processor.py:914} INFO - Processing file /opt/airflow/dags/02_clean_dag.py for tasks to queue
[2025-06-04T23:09:59.769+0000] {logging_mixin.py:190} INFO - [2025-06-04T23:09:59.769+0000] {dagbag.py:588} INFO - Filling up the DagBag from /opt/airflow/dags/02_clean_dag.py
[2025-06-04T23:09:59.790+0000] {processor.py:925} INFO - DAG(s) '02_clean_data' retrieved from /opt/airflow/dags/02_clean_dag.py
[2025-06-04T23:09:59.815+0000] {logging_mixin.py:190} INFO - [2025-06-04T23:09:59.815+0000] {dag.py:3239} INFO - Sync 1 DAGs
[2025-06-04T23:09:59.829+0000] {logging_mixin.py:190} INFO - [2025-06-04T23:09:59.829+0000] {dag.py:4180} INFO - Setting next_dagrun for 02_clean_data to None, run_after=None
[2025-06-04T23:09:59.848+0000] {processor.py:208} INFO - Processing /opt/airflow/dags/02_clean_dag.py took 0.087 seconds
[2025-06-04T23:10:30.697+0000] {processor.py:186} INFO - Started process (PID=556) to work on /opt/airflow/dags/02_clean_dag.py
[2025-06-04T23:10:30.697+0000] {processor.py:914} INFO - Processing file /opt/airflow/dags/02_clean_dag.py for tasks to queue
[2025-06-04T23:10:30.700+0000] {logging_mixin.py:190} INFO - [2025-06-04T23:10:30.700+0000] {dagbag.py:588} INFO - Filling up the DagBag from /opt/airflow/dags/02_clean_dag.py
[2025-06-04T23:10:30.721+0000] {processor.py:925} INFO - DAG(s) '02_clean_data' retrieved from /opt/airflow/dags/02_clean_dag.py
[2025-06-04T23:10:30.748+0000] {logging_mixin.py:190} INFO - [2025-06-04T23:10:30.747+0000] {dag.py:3239} INFO - Sync 1 DAGs
[2025-06-04T23:10:30.761+0000] {logging_mixin.py:190} INFO - [2025-06-04T23:10:30.761+0000] {dag.py:4180} INFO - Setting next_dagrun for 02_clean_data to None, run_after=None
[2025-06-04T23:10:30.779+0000] {processor.py:208} INFO - Processing /opt/airflow/dags/02_clean_dag.py took 0.089 seconds
[2025-06-04T23:11:01.504+0000] {processor.py:186} INFO - Started process (PID=573) to work on /opt/airflow/dags/02_clean_dag.py
[2025-06-04T23:11:01.505+0000] {processor.py:914} INFO - Processing file /opt/airflow/dags/02_clean_dag.py for tasks to queue
[2025-06-04T23:11:01.507+0000] {logging_mixin.py:190} INFO - [2025-06-04T23:11:01.507+0000] {dagbag.py:588} INFO - Filling up the DagBag from /opt/airflow/dags/02_clean_dag.py
[2025-06-04T23:11:01.528+0000] {processor.py:925} INFO - DAG(s) '02_clean_data' retrieved from /opt/airflow/dags/02_clean_dag.py
[2025-06-04T23:11:01.555+0000] {logging_mixin.py:190} INFO - [2025-06-04T23:11:01.555+0000] {dag.py:3239} INFO - Sync 1 DAGs
[2025-06-04T23:11:01.569+0000] {logging_mixin.py:190} INFO - [2025-06-04T23:11:01.569+0000] {dag.py:4180} INFO - Setting next_dagrun for 02_clean_data to None, run_after=None
[2025-06-04T23:11:01.586+0000] {processor.py:208} INFO - Processing /opt/airflow/dags/02_clean_dag.py took 0.088 seconds
[2025-06-04T23:11:32.275+0000] {processor.py:186} INFO - Started process (PID=585) to work on /opt/airflow/dags/02_clean_dag.py
[2025-06-04T23:11:32.276+0000] {processor.py:914} INFO - Processing file /opt/airflow/dags/02_clean_dag.py for tasks to queue
[2025-06-04T23:11:32.278+0000] {logging_mixin.py:190} INFO - [2025-06-04T23:11:32.278+0000] {dagbag.py:588} INFO - Filling up the DagBag from /opt/airflow/dags/02_clean_dag.py
[2025-06-04T23:11:32.301+0000] {processor.py:925} INFO - DAG(s) '02_clean_data' retrieved from /opt/airflow/dags/02_clean_dag.py
[2025-06-04T23:11:32.327+0000] {logging_mixin.py:190} INFO - [2025-06-04T23:11:32.327+0000] {dag.py:3239} INFO - Sync 1 DAGs
[2025-06-04T23:11:32.343+0000] {logging_mixin.py:190} INFO - [2025-06-04T23:11:32.343+0000] {dag.py:4180} INFO - Setting next_dagrun for 02_clean_data to None, run_after=None
[2025-06-04T23:11:32.362+0000] {processor.py:208} INFO - Processing /opt/airflow/dags/02_clean_dag.py took 0.092 seconds
[2025-06-04T23:12:02.966+0000] {processor.py:186} INFO - Started process (PID=596) to work on /opt/airflow/dags/02_clean_dag.py
[2025-06-04T23:12:02.967+0000] {processor.py:914} INFO - Processing file /opt/airflow/dags/02_clean_dag.py for tasks to queue
[2025-06-04T23:12:02.970+0000] {logging_mixin.py:190} INFO - [2025-06-04T23:12:02.969+0000] {dagbag.py:588} INFO - Filling up the DagBag from /opt/airflow/dags/02_clean_dag.py
[2025-06-04T23:12:02.992+0000] {processor.py:925} INFO - DAG(s) '02_clean_data' retrieved from /opt/airflow/dags/02_clean_dag.py
[2025-06-04T23:12:03.019+0000] {logging_mixin.py:190} INFO - [2025-06-04T23:12:03.019+0000] {dag.py:3239} INFO - Sync 1 DAGs
[2025-06-04T23:12:03.033+0000] {logging_mixin.py:190} INFO - [2025-06-04T23:12:03.032+0000] {dag.py:4180} INFO - Setting next_dagrun for 02_clean_data to None, run_after=None
[2025-06-04T23:12:03.051+0000] {processor.py:208} INFO - Processing /opt/airflow/dags/02_clean_dag.py took 0.090 seconds
[2025-06-04T23:12:33.738+0000] {processor.py:186} INFO - Started process (PID=607) to work on /opt/airflow/dags/02_clean_dag.py
[2025-06-04T23:12:33.739+0000] {processor.py:914} INFO - Processing file /opt/airflow/dags/02_clean_dag.py for tasks to queue
[2025-06-04T23:12:33.742+0000] {logging_mixin.py:190} INFO - [2025-06-04T23:12:33.741+0000] {dagbag.py:588} INFO - Filling up the DagBag from /opt/airflow/dags/02_clean_dag.py
[2025-06-04T23:12:33.763+0000] {processor.py:925} INFO - DAG(s) '02_clean_data' retrieved from /opt/airflow/dags/02_clean_dag.py
[2025-06-04T23:12:33.787+0000] {logging_mixin.py:190} INFO - [2025-06-04T23:12:33.787+0000] {dag.py:3239} INFO - Sync 1 DAGs
[2025-06-04T23:12:33.801+0000] {logging_mixin.py:190} INFO - [2025-06-04T23:12:33.801+0000] {dag.py:4180} INFO - Setting next_dagrun for 02_clean_data to None, run_after=None
[2025-06-04T23:12:33.820+0000] {processor.py:208} INFO - Processing /opt/airflow/dags/02_clean_dag.py took 0.087 seconds
[2025-06-04T23:13:04.523+0000] {processor.py:186} INFO - Started process (PID=618) to work on /opt/airflow/dags/02_clean_dag.py
[2025-06-04T23:13:04.524+0000] {processor.py:914} INFO - Processing file /opt/airflow/dags/02_clean_dag.py for tasks to queue
[2025-06-04T23:13:04.527+0000] {logging_mixin.py:190} INFO - [2025-06-04T23:13:04.526+0000] {dagbag.py:588} INFO - Filling up the DagBag from /opt/airflow/dags/02_clean_dag.py
[2025-06-04T23:13:04.553+0000] {processor.py:925} INFO - DAG(s) '02_clean_data' retrieved from /opt/airflow/dags/02_clean_dag.py
[2025-06-04T23:13:04.587+0000] {logging_mixin.py:190} INFO - [2025-06-04T23:13:04.587+0000] {dag.py:3239} INFO - Sync 1 DAGs
[2025-06-04T23:13:04.605+0000] {logging_mixin.py:190} INFO - [2025-06-04T23:13:04.605+0000] {dag.py:4180} INFO - Setting next_dagrun for 02_clean_data to None, run_after=None
[2025-06-04T23:13:04.624+0000] {processor.py:208} INFO - Processing /opt/airflow/dags/02_clean_dag.py took 0.108 seconds
[2025-06-04T23:13:35.443+0000] {processor.py:186} INFO - Started process (PID=629) to work on /opt/airflow/dags/02_clean_dag.py
[2025-06-04T23:13:35.444+0000] {processor.py:914} INFO - Processing file /opt/airflow/dags/02_clean_dag.py for tasks to queue
[2025-06-04T23:13:35.446+0000] {logging_mixin.py:190} INFO - [2025-06-04T23:13:35.446+0000] {dagbag.py:588} INFO - Filling up the DagBag from /opt/airflow/dags/02_clean_dag.py
[2025-06-04T23:13:35.471+0000] {processor.py:925} INFO - DAG(s) '02_clean_data' retrieved from /opt/airflow/dags/02_clean_dag.py
[2025-06-04T23:13:35.499+0000] {logging_mixin.py:190} INFO - [2025-06-04T23:13:35.499+0000] {dag.py:3239} INFO - Sync 1 DAGs
[2025-06-04T23:13:35.516+0000] {logging_mixin.py:190} INFO - [2025-06-04T23:13:35.516+0000] {dag.py:4180} INFO - Setting next_dagrun for 02_clean_data to None, run_after=None
[2025-06-04T23:13:35.535+0000] {processor.py:208} INFO - Processing /opt/airflow/dags/02_clean_dag.py took 0.100 seconds
[2025-06-04T23:14:06.242+0000] {processor.py:186} INFO - Started process (PID=640) to work on /opt/airflow/dags/02_clean_dag.py
[2025-06-04T23:14:06.243+0000] {processor.py:914} INFO - Processing file /opt/airflow/dags/02_clean_dag.py for tasks to queue
[2025-06-04T23:14:06.246+0000] {logging_mixin.py:190} INFO - [2025-06-04T23:14:06.246+0000] {dagbag.py:588} INFO - Filling up the DagBag from /opt/airflow/dags/02_clean_dag.py
[2025-06-04T23:14:06.272+0000] {processor.py:925} INFO - DAG(s) '02_clean_data' retrieved from /opt/airflow/dags/02_clean_dag.py
[2025-06-04T23:14:06.304+0000] {logging_mixin.py:190} INFO - [2025-06-04T23:14:06.304+0000] {dag.py:3239} INFO - Sync 1 DAGs
[2025-06-04T23:14:06.323+0000] {logging_mixin.py:190} INFO - [2025-06-04T23:14:06.323+0000] {dag.py:4180} INFO - Setting next_dagrun for 02_clean_data to None, run_after=None
[2025-06-04T23:14:06.342+0000] {processor.py:208} INFO - Processing /opt/airflow/dags/02_clean_dag.py took 0.106 seconds
[2025-06-04T23:14:36.941+0000] {processor.py:186} INFO - Started process (PID=651) to work on /opt/airflow/dags/02_clean_dag.py
[2025-06-04T23:14:36.942+0000] {processor.py:914} INFO - Processing file /opt/airflow/dags/02_clean_dag.py for tasks to queue
[2025-06-04T23:14:36.944+0000] {logging_mixin.py:190} INFO - [2025-06-04T23:14:36.944+0000] {dagbag.py:588} INFO - Filling up the DagBag from /opt/airflow/dags/02_clean_dag.py
[2025-06-04T23:14:36.967+0000] {processor.py:925} INFO - DAG(s) '02_clean_data' retrieved from /opt/airflow/dags/02_clean_dag.py
[2025-06-04T23:14:36.993+0000] {logging_mixin.py:190} INFO - [2025-06-04T23:14:36.993+0000] {dag.py:3239} INFO - Sync 1 DAGs
[2025-06-04T23:14:37.009+0000] {logging_mixin.py:190} INFO - [2025-06-04T23:14:37.009+0000] {dag.py:4180} INFO - Setting next_dagrun for 02_clean_data to None, run_after=None
[2025-06-04T23:14:37.028+0000] {processor.py:208} INFO - Processing /opt/airflow/dags/02_clean_dag.py took 0.093 seconds
[2025-06-04T23:15:07.664+0000] {processor.py:186} INFO - Started process (PID=662) to work on /opt/airflow/dags/02_clean_dag.py
[2025-06-04T23:15:07.665+0000] {processor.py:914} INFO - Processing file /opt/airflow/dags/02_clean_dag.py for tasks to queue
[2025-06-04T23:15:07.667+0000] {logging_mixin.py:190} INFO - [2025-06-04T23:15:07.667+0000] {dagbag.py:588} INFO - Filling up the DagBag from /opt/airflow/dags/02_clean_dag.py
[2025-06-04T23:15:07.688+0000] {processor.py:925} INFO - DAG(s) '02_clean_data' retrieved from /opt/airflow/dags/02_clean_dag.py
[2025-06-04T23:15:07.714+0000] {logging_mixin.py:190} INFO - [2025-06-04T23:15:07.714+0000] {dag.py:3239} INFO - Sync 1 DAGs
[2025-06-04T23:15:07.727+0000] {logging_mixin.py:190} INFO - [2025-06-04T23:15:07.727+0000] {dag.py:4180} INFO - Setting next_dagrun for 02_clean_data to None, run_after=None
[2025-06-04T23:15:07.745+0000] {processor.py:208} INFO - Processing /opt/airflow/dags/02_clean_dag.py took 0.086 seconds
[2025-06-04T23:15:38.480+0000] {processor.py:186} INFO - Started process (PID=673) to work on /opt/airflow/dags/02_clean_dag.py
[2025-06-04T23:15:38.482+0000] {processor.py:914} INFO - Processing file /opt/airflow/dags/02_clean_dag.py for tasks to queue
[2025-06-04T23:15:38.484+0000] {logging_mixin.py:190} INFO - [2025-06-04T23:15:38.484+0000] {dagbag.py:588} INFO - Filling up the DagBag from /opt/airflow/dags/02_clean_dag.py
[2025-06-04T23:15:38.507+0000] {processor.py:925} INFO - DAG(s) '02_clean_data' retrieved from /opt/airflow/dags/02_clean_dag.py
[2025-06-04T23:15:38.533+0000] {logging_mixin.py:190} INFO - [2025-06-04T23:15:38.533+0000] {dag.py:3239} INFO - Sync 1 DAGs
[2025-06-04T23:15:38.547+0000] {logging_mixin.py:190} INFO - [2025-06-04T23:15:38.547+0000] {dag.py:4180} INFO - Setting next_dagrun for 02_clean_data to None, run_after=None
[2025-06-04T23:15:38.565+0000] {processor.py:208} INFO - Processing /opt/airflow/dags/02_clean_dag.py took 0.091 seconds
[2025-06-04T23:16:09.299+0000] {processor.py:186} INFO - Started process (PID=685) to work on /opt/airflow/dags/02_clean_dag.py
[2025-06-04T23:16:09.300+0000] {processor.py:914} INFO - Processing file /opt/airflow/dags/02_clean_dag.py for tasks to queue
[2025-06-04T23:16:09.303+0000] {logging_mixin.py:190} INFO - [2025-06-04T23:16:09.303+0000] {dagbag.py:588} INFO - Filling up the DagBag from /opt/airflow/dags/02_clean_dag.py
[2025-06-04T23:16:09.325+0000] {processor.py:925} INFO - DAG(s) '02_clean_data' retrieved from /opt/airflow/dags/02_clean_dag.py
[2025-06-04T23:16:09.349+0000] {logging_mixin.py:190} INFO - [2025-06-04T23:16:09.349+0000] {dag.py:3239} INFO - Sync 1 DAGs
[2025-06-04T23:16:09.363+0000] {logging_mixin.py:190} INFO - [2025-06-04T23:16:09.363+0000] {dag.py:4180} INFO - Setting next_dagrun for 02_clean_data to None, run_after=None
[2025-06-04T23:16:09.381+0000] {processor.py:208} INFO - Processing /opt/airflow/dags/02_clean_dag.py took 0.086 seconds
[2025-06-04T23:16:40.190+0000] {processor.py:186} INFO - Started process (PID=696) to work on /opt/airflow/dags/02_clean_dag.py
[2025-06-04T23:16:40.190+0000] {processor.py:914} INFO - Processing file /opt/airflow/dags/02_clean_dag.py for tasks to queue
[2025-06-04T23:16:40.192+0000] {logging_mixin.py:190} INFO - [2025-06-04T23:16:40.192+0000] {dagbag.py:588} INFO - Filling up the DagBag from /opt/airflow/dags/02_clean_dag.py
[2025-06-04T23:16:40.215+0000] {processor.py:925} INFO - DAG(s) '02_clean_data' retrieved from /opt/airflow/dags/02_clean_dag.py
[2025-06-04T23:16:40.241+0000] {logging_mixin.py:190} INFO - [2025-06-04T23:16:40.241+0000] {dag.py:3239} INFO - Sync 1 DAGs
[2025-06-04T23:16:40.255+0000] {logging_mixin.py:190} INFO - [2025-06-04T23:16:40.255+0000] {dag.py:4180} INFO - Setting next_dagrun for 02_clean_data to None, run_after=None
[2025-06-04T23:16:40.273+0000] {processor.py:208} INFO - Processing /opt/airflow/dags/02_clean_dag.py took 0.089 seconds
[2025-06-04T23:17:10.945+0000] {processor.py:186} INFO - Started process (PID=707) to work on /opt/airflow/dags/02_clean_dag.py
[2025-06-04T23:17:10.946+0000] {processor.py:914} INFO - Processing file /opt/airflow/dags/02_clean_dag.py for tasks to queue
[2025-06-04T23:17:10.948+0000] {logging_mixin.py:190} INFO - [2025-06-04T23:17:10.948+0000] {dagbag.py:588} INFO - Filling up the DagBag from /opt/airflow/dags/02_clean_dag.py
[2025-06-04T23:17:10.969+0000] {processor.py:925} INFO - DAG(s) '02_clean_data' retrieved from /opt/airflow/dags/02_clean_dag.py
[2025-06-04T23:17:10.993+0000] {logging_mixin.py:190} INFO - [2025-06-04T23:17:10.993+0000] {dag.py:3239} INFO - Sync 1 DAGs
[2025-06-04T23:17:11.008+0000] {logging_mixin.py:190} INFO - [2025-06-04T23:17:11.007+0000] {dag.py:4180} INFO - Setting next_dagrun for 02_clean_data to None, run_after=None
[2025-06-04T23:17:11.026+0000] {processor.py:208} INFO - Processing /opt/airflow/dags/02_clean_dag.py took 0.087 seconds
[2025-06-04T23:17:41.769+0000] {processor.py:186} INFO - Started process (PID=718) to work on /opt/airflow/dags/02_clean_dag.py
[2025-06-04T23:17:41.770+0000] {processor.py:914} INFO - Processing file /opt/airflow/dags/02_clean_dag.py for tasks to queue
[2025-06-04T23:17:41.772+0000] {logging_mixin.py:190} INFO - [2025-06-04T23:17:41.772+0000] {dagbag.py:588} INFO - Filling up the DagBag from /opt/airflow/dags/02_clean_dag.py
[2025-06-04T23:17:41.793+0000] {processor.py:925} INFO - DAG(s) '02_clean_data' retrieved from /opt/airflow/dags/02_clean_dag.py
[2025-06-04T23:17:41.817+0000] {logging_mixin.py:190} INFO - [2025-06-04T23:17:41.817+0000] {dag.py:3239} INFO - Sync 1 DAGs
[2025-06-04T23:17:41.831+0000] {logging_mixin.py:190} INFO - [2025-06-04T23:17:41.831+0000] {dag.py:4180} INFO - Setting next_dagrun for 02_clean_data to None, run_after=None
[2025-06-04T23:17:41.850+0000] {processor.py:208} INFO - Processing /opt/airflow/dags/02_clean_dag.py took 0.088 seconds
[2025-06-04T23:18:12.665+0000] {processor.py:186} INFO - Started process (PID=729) to work on /opt/airflow/dags/02_clean_dag.py
[2025-06-04T23:18:12.666+0000] {processor.py:914} INFO - Processing file /opt/airflow/dags/02_clean_dag.py for tasks to queue
[2025-06-04T23:18:12.668+0000] {logging_mixin.py:190} INFO - [2025-06-04T23:18:12.668+0000] {dagbag.py:588} INFO - Filling up the DagBag from /opt/airflow/dags/02_clean_dag.py
[2025-06-04T23:18:12.691+0000] {processor.py:925} INFO - DAG(s) '02_clean_data' retrieved from /opt/airflow/dags/02_clean_dag.py
[2025-06-04T23:18:12.725+0000] {logging_mixin.py:190} INFO - [2025-06-04T23:18:12.725+0000] {dag.py:3239} INFO - Sync 1 DAGs
[2025-06-04T23:18:12.746+0000] {logging_mixin.py:190} INFO - [2025-06-04T23:18:12.746+0000] {dag.py:4180} INFO - Setting next_dagrun for 02_clean_data to None, run_after=None
[2025-06-04T23:18:12.772+0000] {processor.py:208} INFO - Processing /opt/airflow/dags/02_clean_dag.py took 0.113 seconds
[2025-06-04T23:18:43.639+0000] {processor.py:186} INFO - Started process (PID=740) to work on /opt/airflow/dags/02_clean_dag.py
[2025-06-04T23:18:43.640+0000] {processor.py:914} INFO - Processing file /opt/airflow/dags/02_clean_dag.py for tasks to queue
[2025-06-04T23:18:43.643+0000] {logging_mixin.py:190} INFO - [2025-06-04T23:18:43.642+0000] {dagbag.py:588} INFO - Filling up the DagBag from /opt/airflow/dags/02_clean_dag.py
[2025-06-04T23:18:43.663+0000] {processor.py:925} INFO - DAG(s) '02_clean_data' retrieved from /opt/airflow/dags/02_clean_dag.py
[2025-06-04T23:18:43.688+0000] {logging_mixin.py:190} INFO - [2025-06-04T23:18:43.688+0000] {dag.py:3239} INFO - Sync 1 DAGs
[2025-06-04T23:18:43.701+0000] {logging_mixin.py:190} INFO - [2025-06-04T23:18:43.701+0000] {dag.py:4180} INFO - Setting next_dagrun for 02_clean_data to None, run_after=None
[2025-06-04T23:18:43.719+0000] {processor.py:208} INFO - Processing /opt/airflow/dags/02_clean_dag.py took 0.086 seconds
[2025-06-04T23:19:14.467+0000] {processor.py:186} INFO - Started process (PID=751) to work on /opt/airflow/dags/02_clean_dag.py
[2025-06-04T23:19:14.468+0000] {processor.py:914} INFO - Processing file /opt/airflow/dags/02_clean_dag.py for tasks to queue
[2025-06-04T23:19:14.470+0000] {logging_mixin.py:190} INFO - [2025-06-04T23:19:14.470+0000] {dagbag.py:588} INFO - Filling up the DagBag from /opt/airflow/dags/02_clean_dag.py
[2025-06-04T23:19:14.491+0000] {processor.py:925} INFO - DAG(s) '02_clean_data' retrieved from /opt/airflow/dags/02_clean_dag.py
[2025-06-04T23:19:14.516+0000] {logging_mixin.py:190} INFO - [2025-06-04T23:19:14.516+0000] {dag.py:3239} INFO - Sync 1 DAGs
[2025-06-04T23:19:14.529+0000] {logging_mixin.py:190} INFO - [2025-06-04T23:19:14.528+0000] {dag.py:4180} INFO - Setting next_dagrun for 02_clean_data to None, run_after=None
[2025-06-04T23:19:14.547+0000] {processor.py:208} INFO - Processing /opt/airflow/dags/02_clean_dag.py took 0.085 seconds
[2025-06-04T23:19:45.443+0000] {processor.py:186} INFO - Started process (PID=762) to work on /opt/airflow/dags/02_clean_dag.py
[2025-06-04T23:19:45.444+0000] {processor.py:914} INFO - Processing file /opt/airflow/dags/02_clean_dag.py for tasks to queue
[2025-06-04T23:19:45.446+0000] {logging_mixin.py:190} INFO - [2025-06-04T23:19:45.446+0000] {dagbag.py:588} INFO - Filling up the DagBag from /opt/airflow/dags/02_clean_dag.py
[2025-06-04T23:19:45.470+0000] {processor.py:925} INFO - DAG(s) '02_clean_data' retrieved from /opt/airflow/dags/02_clean_dag.py
[2025-06-04T23:19:45.499+0000] {logging_mixin.py:190} INFO - [2025-06-04T23:19:45.499+0000] {dag.py:3239} INFO - Sync 1 DAGs
[2025-06-04T23:19:45.514+0000] {logging_mixin.py:190} INFO - [2025-06-04T23:19:45.513+0000] {dag.py:4180} INFO - Setting next_dagrun for 02_clean_data to None, run_after=None
[2025-06-04T23:19:45.536+0000] {processor.py:208} INFO - Processing /opt/airflow/dags/02_clean_dag.py took 0.099 seconds
[2025-06-04T23:20:16.472+0000] {processor.py:186} INFO - Started process (PID=773) to work on /opt/airflow/dags/02_clean_dag.py
[2025-06-04T23:20:16.473+0000] {processor.py:914} INFO - Processing file /opt/airflow/dags/02_clean_dag.py for tasks to queue
[2025-06-04T23:20:16.475+0000] {logging_mixin.py:190} INFO - [2025-06-04T23:20:16.474+0000] {dagbag.py:588} INFO - Filling up the DagBag from /opt/airflow/dags/02_clean_dag.py
[2025-06-04T23:20:16.496+0000] {processor.py:925} INFO - DAG(s) '02_clean_data' retrieved from /opt/airflow/dags/02_clean_dag.py
[2025-06-04T23:20:16.521+0000] {logging_mixin.py:190} INFO - [2025-06-04T23:20:16.521+0000] {dag.py:3239} INFO - Sync 1 DAGs
[2025-06-04T23:20:16.534+0000] {logging_mixin.py:190} INFO - [2025-06-04T23:20:16.534+0000] {dag.py:4180} INFO - Setting next_dagrun for 02_clean_data to None, run_after=None
[2025-06-04T23:20:16.551+0000] {processor.py:208} INFO - Processing /opt/airflow/dags/02_clean_dag.py took 0.086 seconds
[2025-06-04T23:20:47.370+0000] {processor.py:186} INFO - Started process (PID=784) to work on /opt/airflow/dags/02_clean_dag.py
[2025-06-04T23:20:47.371+0000] {processor.py:914} INFO - Processing file /opt/airflow/dags/02_clean_dag.py for tasks to queue
[2025-06-04T23:20:47.373+0000] {logging_mixin.py:190} INFO - [2025-06-04T23:20:47.373+0000] {dagbag.py:588} INFO - Filling up the DagBag from /opt/airflow/dags/02_clean_dag.py
[2025-06-04T23:20:47.394+0000] {processor.py:925} INFO - DAG(s) '02_clean_data' retrieved from /opt/airflow/dags/02_clean_dag.py
[2025-06-04T23:20:47.425+0000] {logging_mixin.py:190} INFO - [2025-06-04T23:20:47.424+0000] {dag.py:3239} INFO - Sync 1 DAGs
[2025-06-04T23:20:47.441+0000] {logging_mixin.py:190} INFO - [2025-06-04T23:20:47.440+0000] {dag.py:4180} INFO - Setting next_dagrun for 02_clean_data to None, run_after=None
[2025-06-04T23:20:47.458+0000] {processor.py:208} INFO - Processing /opt/airflow/dags/02_clean_dag.py took 0.094 seconds
[2025-06-04T23:21:18.367+0000] {processor.py:186} INFO - Started process (PID=795) to work on /opt/airflow/dags/02_clean_dag.py
[2025-06-04T23:21:18.368+0000] {processor.py:914} INFO - Processing file /opt/airflow/dags/02_clean_dag.py for tasks to queue
[2025-06-04T23:21:18.371+0000] {logging_mixin.py:190} INFO - [2025-06-04T23:21:18.371+0000] {dagbag.py:588} INFO - Filling up the DagBag from /opt/airflow/dags/02_clean_dag.py
[2025-06-04T23:21:18.412+0000] {processor.py:925} INFO - DAG(s) '02_clean_data' retrieved from /opt/airflow/dags/02_clean_dag.py
[2025-06-04T23:21:18.450+0000] {logging_mixin.py:190} INFO - [2025-06-04T23:21:18.449+0000] {dag.py:3239} INFO - Sync 1 DAGs
[2025-06-04T23:21:18.466+0000] {logging_mixin.py:190} INFO - [2025-06-04T23:21:18.466+0000] {dag.py:4180} INFO - Setting next_dagrun for 02_clean_data to None, run_after=None
[2025-06-04T23:21:18.490+0000] {processor.py:208} INFO - Processing /opt/airflow/dags/02_clean_dag.py took 0.131 seconds
[2025-06-04T23:21:49.220+0000] {processor.py:186} INFO - Started process (PID=806) to work on /opt/airflow/dags/02_clean_dag.py
[2025-06-04T23:21:49.220+0000] {processor.py:914} INFO - Processing file /opt/airflow/dags/02_clean_dag.py for tasks to queue
[2025-06-04T23:21:49.223+0000] {logging_mixin.py:190} INFO - [2025-06-04T23:21:49.223+0000] {dagbag.py:588} INFO - Filling up the DagBag from /opt/airflow/dags/02_clean_dag.py
[2025-06-04T23:21:49.245+0000] {processor.py:925} INFO - DAG(s) '02_clean_data' retrieved from /opt/airflow/dags/02_clean_dag.py
[2025-06-04T23:21:49.269+0000] {logging_mixin.py:190} INFO - [2025-06-04T23:21:49.269+0000] {dag.py:3239} INFO - Sync 1 DAGs
[2025-06-04T23:21:49.282+0000] {logging_mixin.py:190} INFO - [2025-06-04T23:21:49.282+0000] {dag.py:4180} INFO - Setting next_dagrun for 02_clean_data to None, run_after=None
[2025-06-04T23:21:49.300+0000] {processor.py:208} INFO - Processing /opt/airflow/dags/02_clean_dag.py took 0.086 seconds
[2025-06-04T23:22:20.089+0000] {processor.py:186} INFO - Started process (PID=817) to work on /opt/airflow/dags/02_clean_dag.py
[2025-06-04T23:22:20.090+0000] {processor.py:914} INFO - Processing file /opt/airflow/dags/02_clean_dag.py for tasks to queue
[2025-06-04T23:22:20.092+0000] {logging_mixin.py:190} INFO - [2025-06-04T23:22:20.092+0000] {dagbag.py:588} INFO - Filling up the DagBag from /opt/airflow/dags/02_clean_dag.py
[2025-06-04T23:22:20.116+0000] {processor.py:925} INFO - DAG(s) '02_clean_data' retrieved from /opt/airflow/dags/02_clean_dag.py
[2025-06-04T23:22:20.147+0000] {logging_mixin.py:190} INFO - [2025-06-04T23:22:20.146+0000] {dag.py:3239} INFO - Sync 1 DAGs
[2025-06-04T23:22:20.164+0000] {logging_mixin.py:190} INFO - [2025-06-04T23:22:20.164+0000] {dag.py:4180} INFO - Setting next_dagrun for 02_clean_data to None, run_after=None
[2025-06-04T23:22:20.185+0000] {processor.py:208} INFO - Processing /opt/airflow/dags/02_clean_dag.py took 0.102 seconds
[2025-06-04T23:22:50.881+0000] {processor.py:186} INFO - Started process (PID=828) to work on /opt/airflow/dags/02_clean_dag.py
[2025-06-04T23:22:50.882+0000] {processor.py:914} INFO - Processing file /opt/airflow/dags/02_clean_dag.py for tasks to queue
[2025-06-04T23:22:50.884+0000] {logging_mixin.py:190} INFO - [2025-06-04T23:22:50.883+0000] {dagbag.py:588} INFO - Filling up the DagBag from /opt/airflow/dags/02_clean_dag.py
[2025-06-04T23:22:50.904+0000] {processor.py:925} INFO - DAG(s) '02_clean_data' retrieved from /opt/airflow/dags/02_clean_dag.py
[2025-06-04T23:22:50.928+0000] {logging_mixin.py:190} INFO - [2025-06-04T23:22:50.928+0000] {dag.py:3239} INFO - Sync 1 DAGs
[2025-06-04T23:22:50.941+0000] {logging_mixin.py:190} INFO - [2025-06-04T23:22:50.941+0000] {dag.py:4180} INFO - Setting next_dagrun for 02_clean_data to None, run_after=None
[2025-06-04T23:22:50.961+0000] {processor.py:208} INFO - Processing /opt/airflow/dags/02_clean_dag.py took 0.087 seconds
[2025-06-04T23:23:21.603+0000] {processor.py:186} INFO - Started process (PID=839) to work on /opt/airflow/dags/02_clean_dag.py
[2025-06-04T23:23:21.604+0000] {processor.py:914} INFO - Processing file /opt/airflow/dags/02_clean_dag.py for tasks to queue
[2025-06-04T23:23:21.607+0000] {logging_mixin.py:190} INFO - [2025-06-04T23:23:21.606+0000] {dagbag.py:588} INFO - Filling up the DagBag from /opt/airflow/dags/02_clean_dag.py
[2025-06-04T23:23:21.630+0000] {processor.py:925} INFO - DAG(s) '02_clean_data' retrieved from /opt/airflow/dags/02_clean_dag.py
[2025-06-04T23:23:21.656+0000] {logging_mixin.py:190} INFO - [2025-06-04T23:23:21.655+0000] {dag.py:3239} INFO - Sync 1 DAGs
[2025-06-04T23:23:21.670+0000] {logging_mixin.py:190} INFO - [2025-06-04T23:23:21.669+0000] {dag.py:4180} INFO - Setting next_dagrun for 02_clean_data to None, run_after=None
[2025-06-04T23:23:21.692+0000] {processor.py:208} INFO - Processing /opt/airflow/dags/02_clean_dag.py took 0.094 seconds
[2025-06-04T23:23:52.595+0000] {processor.py:186} INFO - Started process (PID=850) to work on /opt/airflow/dags/02_clean_dag.py
[2025-06-04T23:23:52.596+0000] {processor.py:914} INFO - Processing file /opt/airflow/dags/02_clean_dag.py for tasks to queue
[2025-06-04T23:23:52.598+0000] {logging_mixin.py:190} INFO - [2025-06-04T23:23:52.598+0000] {dagbag.py:588} INFO - Filling up the DagBag from /opt/airflow/dags/02_clean_dag.py
[2025-06-04T23:23:52.620+0000] {processor.py:925} INFO - DAG(s) '02_clean_data' retrieved from /opt/airflow/dags/02_clean_dag.py
[2025-06-04T23:23:52.647+0000] {logging_mixin.py:190} INFO - [2025-06-04T23:23:52.646+0000] {dag.py:3239} INFO - Sync 1 DAGs
[2025-06-04T23:23:52.661+0000] {logging_mixin.py:190} INFO - [2025-06-04T23:23:52.661+0000] {dag.py:4180} INFO - Setting next_dagrun for 02_clean_data to None, run_after=None
[2025-06-04T23:23:52.679+0000] {processor.py:208} INFO - Processing /opt/airflow/dags/02_clean_dag.py took 0.090 seconds
[2025-06-04T23:24:23.358+0000] {processor.py:186} INFO - Started process (PID=861) to work on /opt/airflow/dags/02_clean_dag.py
[2025-06-04T23:24:23.359+0000] {processor.py:914} INFO - Processing file /opt/airflow/dags/02_clean_dag.py for tasks to queue
[2025-06-04T23:24:23.361+0000] {logging_mixin.py:190} INFO - [2025-06-04T23:24:23.361+0000] {dagbag.py:588} INFO - Filling up the DagBag from /opt/airflow/dags/02_clean_dag.py
[2025-06-04T23:24:23.383+0000] {processor.py:925} INFO - DAG(s) '02_clean_data' retrieved from /opt/airflow/dags/02_clean_dag.py
[2025-06-04T23:24:23.409+0000] {logging_mixin.py:190} INFO - [2025-06-04T23:24:23.409+0000] {dag.py:3239} INFO - Sync 1 DAGs
[2025-06-04T23:24:23.423+0000] {logging_mixin.py:190} INFO - [2025-06-04T23:24:23.423+0000] {dag.py:4180} INFO - Setting next_dagrun for 02_clean_data to None, run_after=None
[2025-06-04T23:24:23.442+0000] {processor.py:208} INFO - Processing /opt/airflow/dags/02_clean_dag.py took 0.091 seconds
[2025-06-04T23:24:54.270+0000] {processor.py:186} INFO - Started process (PID=872) to work on /opt/airflow/dags/02_clean_dag.py
[2025-06-04T23:24:54.271+0000] {processor.py:914} INFO - Processing file /opt/airflow/dags/02_clean_dag.py for tasks to queue
[2025-06-04T23:24:54.273+0000] {logging_mixin.py:190} INFO - [2025-06-04T23:24:54.273+0000] {dagbag.py:588} INFO - Filling up the DagBag from /opt/airflow/dags/02_clean_dag.py
[2025-06-04T23:24:54.298+0000] {processor.py:925} INFO - DAG(s) '02_clean_data' retrieved from /opt/airflow/dags/02_clean_dag.py
[2025-06-04T23:24:54.325+0000] {logging_mixin.py:190} INFO - [2025-06-04T23:24:54.325+0000] {dag.py:3239} INFO - Sync 1 DAGs
[2025-06-04T23:24:54.341+0000] {logging_mixin.py:190} INFO - [2025-06-04T23:24:54.340+0000] {dag.py:4180} INFO - Setting next_dagrun for 02_clean_data to None, run_after=None
[2025-06-04T23:24:54.360+0000] {processor.py:208} INFO - Processing /opt/airflow/dags/02_clean_dag.py took 0.096 seconds
