[2025-06-04T22:47:55.003+0000] {processor.py:186} INFO - Started process (PID=60) to work on /opt/airflow/dags/03_load_data.py
[2025-06-04T22:47:55.004+0000] {processor.py:914} INFO - Processing file /opt/airflow/dags/03_load_data.py for tasks to queue
[2025-06-04T22:47:55.008+0000] {logging_mixin.py:190} INFO - [2025-06-04T22:47:55.007+0000] {dagbag.py:588} INFO - Filling up the DagBag from /opt/airflow/dags/03_load_data.py
[2025-06-04T22:47:55.173+0000] {processor.py:925} INFO - DAG(s) '03_load_data' retrieved from /opt/airflow/dags/03_load_data.py
[2025-06-04T22:47:55.229+0000] {logging_mixin.py:190} INFO - [2025-06-04T22:47:55.229+0000] {dag.py:3239} INFO - Sync 1 DAGs
[2025-06-04T22:47:55.249+0000] {logging_mixin.py:190} INFO - [2025-06-04T22:47:55.249+0000] {dag.py:4180} INFO - Setting next_dagrun for 03_load_data to None, run_after=None
[2025-06-04T22:47:55.277+0000] {processor.py:208} INFO - Processing /opt/airflow/dags/03_load_data.py took 0.282 seconds
[2025-06-04T22:48:25.768+0000] {processor.py:186} INFO - Started process (PID=71) to work on /opt/airflow/dags/03_load_data.py
[2025-06-04T22:48:25.769+0000] {processor.py:914} INFO - Processing file /opt/airflow/dags/03_load_data.py for tasks to queue
[2025-06-04T22:48:25.773+0000] {logging_mixin.py:190} INFO - [2025-06-04T22:48:25.773+0000] {dagbag.py:588} INFO - Filling up the DagBag from /opt/airflow/dags/03_load_data.py
[2025-06-04T22:48:25.894+0000] {processor.py:925} INFO - DAG(s) '03_load_data' retrieved from /opt/airflow/dags/03_load_data.py
[2025-06-04T22:48:25.926+0000] {logging_mixin.py:190} INFO - [2025-06-04T22:48:25.926+0000] {dag.py:3239} INFO - Sync 1 DAGs
[2025-06-04T22:48:25.943+0000] {logging_mixin.py:190} INFO - [2025-06-04T22:48:25.942+0000] {dag.py:4180} INFO - Setting next_dagrun for 03_load_data to None, run_after=None
[2025-06-04T22:48:25.962+0000] {processor.py:208} INFO - Processing /opt/airflow/dags/03_load_data.py took 0.202 seconds
[2025-06-04T22:48:56.596+0000] {processor.py:186} INFO - Started process (PID=82) to work on /opt/airflow/dags/03_load_data.py
[2025-06-04T22:48:56.597+0000] {processor.py:914} INFO - Processing file /opt/airflow/dags/03_load_data.py for tasks to queue
[2025-06-04T22:48:56.600+0000] {logging_mixin.py:190} INFO - [2025-06-04T22:48:56.600+0000] {dagbag.py:588} INFO - Filling up the DagBag from /opt/airflow/dags/03_load_data.py
[2025-06-04T22:48:56.719+0000] {processor.py:925} INFO - DAG(s) '03_load_data' retrieved from /opt/airflow/dags/03_load_data.py
[2025-06-04T22:48:56.748+0000] {logging_mixin.py:190} INFO - [2025-06-04T22:48:56.748+0000] {dag.py:3239} INFO - Sync 1 DAGs
[2025-06-04T22:48:56.764+0000] {logging_mixin.py:190} INFO - [2025-06-04T22:48:56.764+0000] {dag.py:4180} INFO - Setting next_dagrun for 03_load_data to None, run_after=None
[2025-06-04T22:48:56.785+0000] {processor.py:208} INFO - Processing /opt/airflow/dags/03_load_data.py took 0.195 seconds
[2025-06-04T22:49:27.454+0000] {processor.py:186} INFO - Started process (PID=93) to work on /opt/airflow/dags/03_load_data.py
[2025-06-04T22:49:27.455+0000] {processor.py:914} INFO - Processing file /opt/airflow/dags/03_load_data.py for tasks to queue
[2025-06-04T22:49:27.458+0000] {logging_mixin.py:190} INFO - [2025-06-04T22:49:27.458+0000] {dagbag.py:588} INFO - Filling up the DagBag from /opt/airflow/dags/03_load_data.py
[2025-06-04T22:49:27.575+0000] {processor.py:925} INFO - DAG(s) '03_load_data' retrieved from /opt/airflow/dags/03_load_data.py
[2025-06-04T22:49:27.600+0000] {logging_mixin.py:190} INFO - [2025-06-04T22:49:27.600+0000] {dag.py:3239} INFO - Sync 1 DAGs
[2025-06-04T22:49:27.613+0000] {logging_mixin.py:190} INFO - [2025-06-04T22:49:27.613+0000] {dag.py:4180} INFO - Setting next_dagrun for 03_load_data to None, run_after=None
[2025-06-04T22:49:27.632+0000] {processor.py:208} INFO - Processing /opt/airflow/dags/03_load_data.py took 0.185 seconds
[2025-06-04T22:49:58.278+0000] {processor.py:186} INFO - Started process (PID=104) to work on /opt/airflow/dags/03_load_data.py
[2025-06-04T22:49:58.279+0000] {processor.py:914} INFO - Processing file /opt/airflow/dags/03_load_data.py for tasks to queue
[2025-06-04T22:49:58.281+0000] {logging_mixin.py:190} INFO - [2025-06-04T22:49:58.280+0000] {dagbag.py:588} INFO - Filling up the DagBag from /opt/airflow/dags/03_load_data.py
[2025-06-04T22:49:58.392+0000] {processor.py:925} INFO - DAG(s) '03_load_data' retrieved from /opt/airflow/dags/03_load_data.py
[2025-06-04T22:49:58.420+0000] {logging_mixin.py:190} INFO - [2025-06-04T22:49:58.419+0000] {dag.py:3239} INFO - Sync 1 DAGs
[2025-06-04T22:49:58.434+0000] {logging_mixin.py:190} INFO - [2025-06-04T22:49:58.434+0000] {dag.py:4180} INFO - Setting next_dagrun for 03_load_data to None, run_after=None
[2025-06-04T22:49:58.454+0000] {processor.py:208} INFO - Processing /opt/airflow/dags/03_load_data.py took 0.181 seconds
[2025-06-04T22:50:29.124+0000] {processor.py:186} INFO - Started process (PID=115) to work on /opt/airflow/dags/03_load_data.py
[2025-06-04T22:50:29.125+0000] {processor.py:914} INFO - Processing file /opt/airflow/dags/03_load_data.py for tasks to queue
[2025-06-04T22:50:29.127+0000] {logging_mixin.py:190} INFO - [2025-06-04T22:50:29.127+0000] {dagbag.py:588} INFO - Filling up the DagBag from /opt/airflow/dags/03_load_data.py
[2025-06-04T22:50:29.253+0000] {processor.py:925} INFO - DAG(s) '03_load_data' retrieved from /opt/airflow/dags/03_load_data.py
[2025-06-04T22:50:29.280+0000] {logging_mixin.py:190} INFO - [2025-06-04T22:50:29.279+0000] {dag.py:3239} INFO - Sync 1 DAGs
[2025-06-04T22:50:29.298+0000] {logging_mixin.py:190} INFO - [2025-06-04T22:50:29.298+0000] {dag.py:4180} INFO - Setting next_dagrun for 03_load_data to None, run_after=None
[2025-06-04T22:50:29.323+0000] {processor.py:208} INFO - Processing /opt/airflow/dags/03_load_data.py took 0.204 seconds
[2025-06-04T22:50:59.960+0000] {processor.py:186} INFO - Started process (PID=132) to work on /opt/airflow/dags/03_load_data.py
[2025-06-04T22:50:59.961+0000] {processor.py:914} INFO - Processing file /opt/airflow/dags/03_load_data.py for tasks to queue
[2025-06-04T22:50:59.963+0000] {logging_mixin.py:190} INFO - [2025-06-04T22:50:59.963+0000] {dagbag.py:588} INFO - Filling up the DagBag from /opt/airflow/dags/03_load_data.py
[2025-06-04T22:51:00.078+0000] {processor.py:925} INFO - DAG(s) '03_load_data' retrieved from /opt/airflow/dags/03_load_data.py
[2025-06-04T22:51:00.105+0000] {logging_mixin.py:190} INFO - [2025-06-04T22:51:00.105+0000] {dag.py:3239} INFO - Sync 1 DAGs
[2025-06-04T22:51:00.121+0000] {logging_mixin.py:190} INFO - [2025-06-04T22:51:00.120+0000] {dag.py:4180} INFO - Setting next_dagrun for 03_load_data to None, run_after=None
[2025-06-04T22:51:00.139+0000] {processor.py:208} INFO - Processing /opt/airflow/dags/03_load_data.py took 0.185 seconds
[2025-06-04T22:51:30.837+0000] {processor.py:186} INFO - Started process (PID=143) to work on /opt/airflow/dags/03_load_data.py
[2025-06-04T22:51:30.838+0000] {processor.py:914} INFO - Processing file /opt/airflow/dags/03_load_data.py for tasks to queue
[2025-06-04T22:51:30.840+0000] {logging_mixin.py:190} INFO - [2025-06-04T22:51:30.840+0000] {dagbag.py:588} INFO - Filling up the DagBag from /opt/airflow/dags/03_load_data.py
[2025-06-04T22:51:30.953+0000] {processor.py:925} INFO - DAG(s) '03_load_data' retrieved from /opt/airflow/dags/03_load_data.py
[2025-06-04T22:51:30.981+0000] {logging_mixin.py:190} INFO - [2025-06-04T22:51:30.980+0000] {dag.py:3239} INFO - Sync 1 DAGs
[2025-06-04T22:51:30.995+0000] {logging_mixin.py:190} INFO - [2025-06-04T22:51:30.995+0000] {dag.py:4180} INFO - Setting next_dagrun for 03_load_data to None, run_after=None
[2025-06-04T22:51:31.014+0000] {processor.py:208} INFO - Processing /opt/airflow/dags/03_load_data.py took 0.182 seconds
[2025-06-04T22:52:01.717+0000] {processor.py:186} INFO - Started process (PID=154) to work on /opt/airflow/dags/03_load_data.py
[2025-06-04T22:52:01.718+0000] {processor.py:914} INFO - Processing file /opt/airflow/dags/03_load_data.py for tasks to queue
[2025-06-04T22:52:01.719+0000] {logging_mixin.py:190} INFO - [2025-06-04T22:52:01.719+0000] {dagbag.py:588} INFO - Filling up the DagBag from /opt/airflow/dags/03_load_data.py
[2025-06-04T22:52:01.851+0000] {processor.py:925} INFO - DAG(s) '03_load_data' retrieved from /opt/airflow/dags/03_load_data.py
[2025-06-04T22:52:01.885+0000] {logging_mixin.py:190} INFO - [2025-06-04T22:52:01.885+0000] {dag.py:3239} INFO - Sync 1 DAGs
[2025-06-04T22:52:01.905+0000] {logging_mixin.py:190} INFO - [2025-06-04T22:52:01.905+0000] {dag.py:4180} INFO - Setting next_dagrun for 03_load_data to None, run_after=None
[2025-06-04T22:52:01.928+0000] {processor.py:208} INFO - Processing /opt/airflow/dags/03_load_data.py took 0.216 seconds
[2025-06-04T22:52:32.593+0000] {processor.py:186} INFO - Started process (PID=165) to work on /opt/airflow/dags/03_load_data.py
[2025-06-04T22:52:32.594+0000] {processor.py:914} INFO - Processing file /opt/airflow/dags/03_load_data.py for tasks to queue
[2025-06-04T22:52:32.596+0000] {logging_mixin.py:190} INFO - [2025-06-04T22:52:32.596+0000] {dagbag.py:588} INFO - Filling up the DagBag from /opt/airflow/dags/03_load_data.py
[2025-06-04T22:52:32.705+0000] {processor.py:925} INFO - DAG(s) '03_load_data' retrieved from /opt/airflow/dags/03_load_data.py
[2025-06-04T22:52:32.731+0000] {logging_mixin.py:190} INFO - [2025-06-04T22:52:32.730+0000] {dag.py:3239} INFO - Sync 1 DAGs
[2025-06-04T22:52:32.744+0000] {logging_mixin.py:190} INFO - [2025-06-04T22:52:32.744+0000] {dag.py:4180} INFO - Setting next_dagrun for 03_load_data to None, run_after=None
[2025-06-04T22:52:32.762+0000] {processor.py:208} INFO - Processing /opt/airflow/dags/03_load_data.py took 0.175 seconds
[2025-06-04T22:53:03.382+0000] {processor.py:186} INFO - Started process (PID=176) to work on /opt/airflow/dags/03_load_data.py
[2025-06-04T22:53:03.383+0000] {processor.py:914} INFO - Processing file /opt/airflow/dags/03_load_data.py for tasks to queue
[2025-06-04T22:53:03.385+0000] {logging_mixin.py:190} INFO - [2025-06-04T22:53:03.385+0000] {dagbag.py:588} INFO - Filling up the DagBag from /opt/airflow/dags/03_load_data.py
[2025-06-04T22:53:03.497+0000] {processor.py:925} INFO - DAG(s) '03_load_data' retrieved from /opt/airflow/dags/03_load_data.py
[2025-06-04T22:53:03.524+0000] {logging_mixin.py:190} INFO - [2025-06-04T22:53:03.523+0000] {dag.py:3239} INFO - Sync 1 DAGs
[2025-06-04T22:53:03.539+0000] {logging_mixin.py:190} INFO - [2025-06-04T22:53:03.539+0000] {dag.py:4180} INFO - Setting next_dagrun for 03_load_data to None, run_after=None
[2025-06-04T22:53:03.557+0000] {processor.py:208} INFO - Processing /opt/airflow/dags/03_load_data.py took 0.179 seconds
[2025-06-04T22:53:34.219+0000] {processor.py:186} INFO - Started process (PID=187) to work on /opt/airflow/dags/03_load_data.py
[2025-06-04T22:53:34.220+0000] {processor.py:914} INFO - Processing file /opt/airflow/dags/03_load_data.py for tasks to queue
[2025-06-04T22:53:34.222+0000] {logging_mixin.py:190} INFO - [2025-06-04T22:53:34.222+0000] {dagbag.py:588} INFO - Filling up the DagBag from /opt/airflow/dags/03_load_data.py
[2025-06-04T22:53:34.347+0000] {processor.py:925} INFO - DAG(s) '03_load_data' retrieved from /opt/airflow/dags/03_load_data.py
[2025-06-04T22:53:34.372+0000] {logging_mixin.py:190} INFO - [2025-06-04T22:53:34.372+0000] {dag.py:3239} INFO - Sync 1 DAGs
[2025-06-04T22:53:34.385+0000] {logging_mixin.py:190} INFO - [2025-06-04T22:53:34.385+0000] {dag.py:4180} INFO - Setting next_dagrun for 03_load_data to None, run_after=None
[2025-06-04T22:53:34.403+0000] {processor.py:208} INFO - Processing /opt/airflow/dags/03_load_data.py took 0.190 seconds
[2025-06-04T22:54:05.114+0000] {processor.py:186} INFO - Started process (PID=198) to work on /opt/airflow/dags/03_load_data.py
[2025-06-04T22:54:05.114+0000] {processor.py:914} INFO - Processing file /opt/airflow/dags/03_load_data.py for tasks to queue
[2025-06-04T22:54:05.117+0000] {logging_mixin.py:190} INFO - [2025-06-04T22:54:05.116+0000] {dagbag.py:588} INFO - Filling up the DagBag from /opt/airflow/dags/03_load_data.py
[2025-06-04T22:54:05.229+0000] {processor.py:925} INFO - DAG(s) '03_load_data' retrieved from /opt/airflow/dags/03_load_data.py
[2025-06-04T22:54:05.255+0000] {logging_mixin.py:190} INFO - [2025-06-04T22:54:05.254+0000] {dag.py:3239} INFO - Sync 1 DAGs
[2025-06-04T22:54:05.267+0000] {logging_mixin.py:190} INFO - [2025-06-04T22:54:05.267+0000] {dag.py:4180} INFO - Setting next_dagrun for 03_load_data to None, run_after=None
[2025-06-04T22:54:05.285+0000] {processor.py:208} INFO - Processing /opt/airflow/dags/03_load_data.py took 0.176 seconds
[2025-06-04T22:54:35.944+0000] {processor.py:186} INFO - Started process (PID=209) to work on /opt/airflow/dags/03_load_data.py
[2025-06-04T22:54:35.945+0000] {processor.py:914} INFO - Processing file /opt/airflow/dags/03_load_data.py for tasks to queue
[2025-06-04T22:54:35.946+0000] {logging_mixin.py:190} INFO - [2025-06-04T22:54:35.946+0000] {dagbag.py:588} INFO - Filling up the DagBag from /opt/airflow/dags/03_load_data.py
[2025-06-04T22:54:36.055+0000] {processor.py:925} INFO - DAG(s) '03_load_data' retrieved from /opt/airflow/dags/03_load_data.py
[2025-06-04T22:54:36.081+0000] {logging_mixin.py:190} INFO - [2025-06-04T22:54:36.080+0000] {dag.py:3239} INFO - Sync 1 DAGs
[2025-06-04T22:54:36.097+0000] {logging_mixin.py:190} INFO - [2025-06-04T22:54:36.097+0000] {dag.py:4180} INFO - Setting next_dagrun for 03_load_data to None, run_after=None
[2025-06-04T22:54:36.113+0000] {processor.py:208} INFO - Processing /opt/airflow/dags/03_load_data.py took 0.174 seconds
[2025-06-04T22:55:06.870+0000] {processor.py:186} INFO - Started process (PID=220) to work on /opt/airflow/dags/03_load_data.py
[2025-06-04T22:55:06.870+0000] {processor.py:914} INFO - Processing file /opt/airflow/dags/03_load_data.py for tasks to queue
[2025-06-04T22:55:06.873+0000] {logging_mixin.py:190} INFO - [2025-06-04T22:55:06.872+0000] {dagbag.py:588} INFO - Filling up the DagBag from /opt/airflow/dags/03_load_data.py
[2025-06-04T22:55:06.986+0000] {processor.py:925} INFO - DAG(s) '03_load_data' retrieved from /opt/airflow/dags/03_load_data.py
[2025-06-04T22:55:07.013+0000] {logging_mixin.py:190} INFO - [2025-06-04T22:55:07.013+0000] {dag.py:3239} INFO - Sync 1 DAGs
[2025-06-04T22:55:07.027+0000] {logging_mixin.py:190} INFO - [2025-06-04T22:55:07.027+0000] {dag.py:4180} INFO - Setting next_dagrun for 03_load_data to None, run_after=None
[2025-06-04T22:55:07.045+0000] {processor.py:208} INFO - Processing /opt/airflow/dags/03_load_data.py took 0.181 seconds
[2025-06-04T22:55:37.583+0000] {processor.py:186} INFO - Started process (PID=231) to work on /opt/airflow/dags/03_load_data.py
[2025-06-04T22:55:37.584+0000] {processor.py:914} INFO - Processing file /opt/airflow/dags/03_load_data.py for tasks to queue
[2025-06-04T22:55:37.586+0000] {logging_mixin.py:190} INFO - [2025-06-04T22:55:37.586+0000] {dagbag.py:588} INFO - Filling up the DagBag from /opt/airflow/dags/03_load_data.py
[2025-06-04T22:55:37.698+0000] {processor.py:925} INFO - DAG(s) '03_load_data' retrieved from /opt/airflow/dags/03_load_data.py
[2025-06-04T22:55:37.725+0000] {logging_mixin.py:190} INFO - [2025-06-04T22:55:37.725+0000] {dag.py:3239} INFO - Sync 1 DAGs
[2025-06-04T22:55:37.742+0000] {logging_mixin.py:190} INFO - [2025-06-04T22:55:37.742+0000] {dag.py:4180} INFO - Setting next_dagrun for 03_load_data to None, run_after=None
[2025-06-04T22:55:37.761+0000] {processor.py:208} INFO - Processing /opt/airflow/dags/03_load_data.py took 0.183 seconds
[2025-06-04T22:56:08.368+0000] {processor.py:186} INFO - Started process (PID=243) to work on /opt/airflow/dags/03_load_data.py
[2025-06-04T22:56:08.369+0000] {processor.py:914} INFO - Processing file /opt/airflow/dags/03_load_data.py for tasks to queue
[2025-06-04T22:56:08.371+0000] {logging_mixin.py:190} INFO - [2025-06-04T22:56:08.371+0000] {dagbag.py:588} INFO - Filling up the DagBag from /opt/airflow/dags/03_load_data.py
[2025-06-04T22:56:08.484+0000] {processor.py:925} INFO - DAG(s) '03_load_data' retrieved from /opt/airflow/dags/03_load_data.py
[2025-06-04T22:56:08.515+0000] {logging_mixin.py:190} INFO - [2025-06-04T22:56:08.515+0000] {dag.py:3239} INFO - Sync 1 DAGs
[2025-06-04T22:56:08.531+0000] {logging_mixin.py:190} INFO - [2025-06-04T22:56:08.530+0000] {dag.py:4180} INFO - Setting next_dagrun for 03_load_data to None, run_after=None
[2025-06-04T22:56:08.549+0000] {processor.py:208} INFO - Processing /opt/airflow/dags/03_load_data.py took 0.187 seconds
[2025-06-04T22:56:39.094+0000] {processor.py:186} INFO - Started process (PID=254) to work on /opt/airflow/dags/03_load_data.py
[2025-06-04T22:56:39.095+0000] {processor.py:914} INFO - Processing file /opt/airflow/dags/03_load_data.py for tasks to queue
[2025-06-04T22:56:39.097+0000] {logging_mixin.py:190} INFO - [2025-06-04T22:56:39.097+0000] {dagbag.py:588} INFO - Filling up the DagBag from /opt/airflow/dags/03_load_data.py
[2025-06-04T22:56:39.209+0000] {processor.py:925} INFO - DAG(s) '03_load_data' retrieved from /opt/airflow/dags/03_load_data.py
[2025-06-04T22:56:39.234+0000] {logging_mixin.py:190} INFO - [2025-06-04T22:56:39.234+0000] {dag.py:3239} INFO - Sync 1 DAGs
[2025-06-04T22:56:39.247+0000] {logging_mixin.py:190} INFO - [2025-06-04T22:56:39.247+0000] {dag.py:4180} INFO - Setting next_dagrun for 03_load_data to None, run_after=None
[2025-06-04T22:56:39.264+0000] {processor.py:208} INFO - Processing /opt/airflow/dags/03_load_data.py took 0.174 seconds
[2025-06-04T22:57:09.772+0000] {processor.py:186} INFO - Started process (PID=265) to work on /opt/airflow/dags/03_load_data.py
[2025-06-04T22:57:09.773+0000] {processor.py:914} INFO - Processing file /opt/airflow/dags/03_load_data.py for tasks to queue
[2025-06-04T22:57:09.775+0000] {logging_mixin.py:190} INFO - [2025-06-04T22:57:09.775+0000] {dagbag.py:588} INFO - Filling up the DagBag from /opt/airflow/dags/03_load_data.py
[2025-06-04T22:57:09.901+0000] {processor.py:925} INFO - DAG(s) '03_load_data' retrieved from /opt/airflow/dags/03_load_data.py
[2025-06-04T22:57:09.930+0000] {logging_mixin.py:190} INFO - [2025-06-04T22:57:09.929+0000] {dag.py:3239} INFO - Sync 1 DAGs
[2025-06-04T22:57:09.945+0000] {logging_mixin.py:190} INFO - [2025-06-04T22:57:09.945+0000] {dag.py:4180} INFO - Setting next_dagrun for 03_load_data to None, run_after=None
[2025-06-04T22:57:09.964+0000] {processor.py:208} INFO - Processing /opt/airflow/dags/03_load_data.py took 0.198 seconds
[2025-06-04T22:57:40.551+0000] {processor.py:186} INFO - Started process (PID=276) to work on /opt/airflow/dags/03_load_data.py
[2025-06-04T22:57:40.553+0000] {processor.py:914} INFO - Processing file /opt/airflow/dags/03_load_data.py for tasks to queue
[2025-06-04T22:57:40.555+0000] {logging_mixin.py:190} INFO - [2025-06-04T22:57:40.555+0000] {dagbag.py:588} INFO - Filling up the DagBag from /opt/airflow/dags/03_load_data.py
[2025-06-04T22:57:40.669+0000] {processor.py:925} INFO - DAG(s) '03_load_data' retrieved from /opt/airflow/dags/03_load_data.py
[2025-06-04T22:57:40.694+0000] {logging_mixin.py:190} INFO - [2025-06-04T22:57:40.694+0000] {dag.py:3239} INFO - Sync 1 DAGs
[2025-06-04T22:57:40.708+0000] {logging_mixin.py:190} INFO - [2025-06-04T22:57:40.708+0000] {dag.py:4180} INFO - Setting next_dagrun for 03_load_data to None, run_after=None
[2025-06-04T22:57:40.729+0000] {processor.py:208} INFO - Processing /opt/airflow/dags/03_load_data.py took 0.183 seconds
[2025-06-04T22:58:11.432+0000] {processor.py:186} INFO - Started process (PID=287) to work on /opt/airflow/dags/03_load_data.py
[2025-06-04T22:58:11.433+0000] {processor.py:914} INFO - Processing file /opt/airflow/dags/03_load_data.py for tasks to queue
[2025-06-04T22:58:11.435+0000] {logging_mixin.py:190} INFO - [2025-06-04T22:58:11.435+0000] {dagbag.py:588} INFO - Filling up the DagBag from /opt/airflow/dags/03_load_data.py
[2025-06-04T22:58:11.547+0000] {processor.py:925} INFO - DAG(s) '03_load_data' retrieved from /opt/airflow/dags/03_load_data.py
[2025-06-04T22:58:11.580+0000] {logging_mixin.py:190} INFO - [2025-06-04T22:58:11.579+0000] {dag.py:3239} INFO - Sync 1 DAGs
[2025-06-04T22:58:11.596+0000] {logging_mixin.py:190} INFO - [2025-06-04T22:58:11.596+0000] {dag.py:4180} INFO - Setting next_dagrun for 03_load_data to None, run_after=None
[2025-06-04T22:58:11.617+0000] {processor.py:208} INFO - Processing /opt/airflow/dags/03_load_data.py took 0.190 seconds
[2025-06-04T22:58:42.280+0000] {processor.py:186} INFO - Started process (PID=298) to work on /opt/airflow/dags/03_load_data.py
[2025-06-04T22:58:42.281+0000] {processor.py:914} INFO - Processing file /opt/airflow/dags/03_load_data.py for tasks to queue
[2025-06-04T22:58:42.284+0000] {logging_mixin.py:190} INFO - [2025-06-04T22:58:42.283+0000] {dagbag.py:588} INFO - Filling up the DagBag from /opt/airflow/dags/03_load_data.py
[2025-06-04T22:58:42.408+0000] {processor.py:925} INFO - DAG(s) '03_load_data' retrieved from /opt/airflow/dags/03_load_data.py
[2025-06-04T22:58:42.435+0000] {logging_mixin.py:190} INFO - [2025-06-04T22:58:42.435+0000] {dag.py:3239} INFO - Sync 1 DAGs
[2025-06-04T22:58:42.449+0000] {logging_mixin.py:190} INFO - [2025-06-04T22:58:42.448+0000] {dag.py:4180} INFO - Setting next_dagrun for 03_load_data to None, run_after=None
[2025-06-04T22:58:42.466+0000] {processor.py:208} INFO - Processing /opt/airflow/dags/03_load_data.py took 0.192 seconds
[2025-06-04T22:59:13.016+0000] {processor.py:186} INFO - Started process (PID=310) to work on /opt/airflow/dags/03_load_data.py
[2025-06-04T22:59:13.017+0000] {processor.py:914} INFO - Processing file /opt/airflow/dags/03_load_data.py for tasks to queue
[2025-06-04T22:59:13.019+0000] {logging_mixin.py:190} INFO - [2025-06-04T22:59:13.018+0000] {dagbag.py:588} INFO - Filling up the DagBag from /opt/airflow/dags/03_load_data.py
[2025-06-04T22:59:13.133+0000] {processor.py:925} INFO - DAG(s) '03_load_data' retrieved from /opt/airflow/dags/03_load_data.py
[2025-06-04T22:59:13.160+0000] {logging_mixin.py:190} INFO - [2025-06-04T22:59:13.159+0000] {dag.py:3239} INFO - Sync 1 DAGs
[2025-06-04T22:59:13.173+0000] {logging_mixin.py:190} INFO - [2025-06-04T22:59:13.173+0000] {dag.py:4180} INFO - Setting next_dagrun for 03_load_data to None, run_after=None
[2025-06-04T22:59:13.191+0000] {processor.py:208} INFO - Processing /opt/airflow/dags/03_load_data.py took 0.180 seconds
[2025-06-04T22:59:43.811+0000] {processor.py:186} INFO - Started process (PID=321) to work on /opt/airflow/dags/03_load_data.py
[2025-06-04T22:59:43.812+0000] {processor.py:914} INFO - Processing file /opt/airflow/dags/03_load_data.py for tasks to queue
[2025-06-04T22:59:43.814+0000] {logging_mixin.py:190} INFO - [2025-06-04T22:59:43.814+0000] {dagbag.py:588} INFO - Filling up the DagBag from /opt/airflow/dags/03_load_data.py
[2025-06-04T22:59:43.911+0000] {processor.py:925} INFO - DAG(s) '03_load_data' retrieved from /opt/airflow/dags/03_load_data.py
[2025-06-04T22:59:43.938+0000] {logging_mixin.py:190} INFO - [2025-06-04T22:59:43.938+0000] {dag.py:3239} INFO - Sync 1 DAGs
[2025-06-04T22:59:43.952+0000] {logging_mixin.py:190} INFO - [2025-06-04T22:59:43.952+0000] {dag.py:4180} INFO - Setting next_dagrun for 03_load_data to None, run_after=None
[2025-06-04T22:59:43.968+0000] {processor.py:208} INFO - Processing /opt/airflow/dags/03_load_data.py took 0.162 seconds
[2025-06-04T23:00:14.506+0000] {processor.py:186} INFO - Started process (PID=333) to work on /opt/airflow/dags/03_load_data.py
[2025-06-04T23:00:14.507+0000] {processor.py:914} INFO - Processing file /opt/airflow/dags/03_load_data.py for tasks to queue
[2025-06-04T23:00:14.510+0000] {logging_mixin.py:190} INFO - [2025-06-04T23:00:14.509+0000] {dagbag.py:588} INFO - Filling up the DagBag from /opt/airflow/dags/03_load_data.py
[2025-06-04T23:00:14.619+0000] {processor.py:925} INFO - DAG(s) '03_load_data' retrieved from /opt/airflow/dags/03_load_data.py
[2025-06-04T23:00:14.645+0000] {logging_mixin.py:190} INFO - [2025-06-04T23:00:14.645+0000] {dag.py:3239} INFO - Sync 1 DAGs
[2025-06-04T23:00:14.658+0000] {logging_mixin.py:190} INFO - [2025-06-04T23:00:14.658+0000] {dag.py:4180} INFO - Setting next_dagrun for 03_load_data to None, run_after=None
[2025-06-04T23:00:14.678+0000] {processor.py:208} INFO - Processing /opt/airflow/dags/03_load_data.py took 0.178 seconds
[2025-06-04T23:00:45.393+0000] {processor.py:186} INFO - Started process (PID=344) to work on /opt/airflow/dags/03_load_data.py
[2025-06-04T23:00:45.394+0000] {processor.py:914} INFO - Processing file /opt/airflow/dags/03_load_data.py for tasks to queue
[2025-06-04T23:00:45.396+0000] {logging_mixin.py:190} INFO - [2025-06-04T23:00:45.396+0000] {dagbag.py:588} INFO - Filling up the DagBag from /opt/airflow/dags/03_load_data.py
[2025-06-04T23:00:45.517+0000] {processor.py:925} INFO - DAG(s) '03_load_data' retrieved from /opt/airflow/dags/03_load_data.py
[2025-06-04T23:00:45.543+0000] {logging_mixin.py:190} INFO - [2025-06-04T23:00:45.543+0000] {dag.py:3239} INFO - Sync 1 DAGs
[2025-06-04T23:00:45.557+0000] {logging_mixin.py:190} INFO - [2025-06-04T23:00:45.557+0000] {dag.py:4180} INFO - Setting next_dagrun for 03_load_data to None, run_after=None
[2025-06-04T23:00:45.576+0000] {processor.py:208} INFO - Processing /opt/airflow/dags/03_load_data.py took 0.189 seconds
[2025-06-04T23:01:16.278+0000] {processor.py:186} INFO - Started process (PID=356) to work on /opt/airflow/dags/03_load_data.py
[2025-06-04T23:01:16.279+0000] {processor.py:914} INFO - Processing file /opt/airflow/dags/03_load_data.py for tasks to queue
[2025-06-04T23:01:16.283+0000] {logging_mixin.py:190} INFO - [2025-06-04T23:01:16.282+0000] {dagbag.py:588} INFO - Filling up the DagBag from /opt/airflow/dags/03_load_data.py
[2025-06-04T23:01:16.442+0000] {processor.py:925} INFO - DAG(s) '03_load_data' retrieved from /opt/airflow/dags/03_load_data.py
[2025-06-04T23:01:16.475+0000] {logging_mixin.py:190} INFO - [2025-06-04T23:01:16.475+0000] {dag.py:3239} INFO - Sync 1 DAGs
[2025-06-04T23:01:16.491+0000] {logging_mixin.py:190} INFO - [2025-06-04T23:01:16.490+0000] {dag.py:4180} INFO - Setting next_dagrun for 03_load_data to None, run_after=None
[2025-06-04T23:01:16.516+0000] {processor.py:208} INFO - Processing /opt/airflow/dags/03_load_data.py took 0.247 seconds
[2025-06-04T23:01:47.102+0000] {processor.py:186} INFO - Started process (PID=367) to work on /opt/airflow/dags/03_load_data.py
[2025-06-04T23:01:47.103+0000] {processor.py:914} INFO - Processing file /opt/airflow/dags/03_load_data.py for tasks to queue
[2025-06-04T23:01:47.105+0000] {logging_mixin.py:190} INFO - [2025-06-04T23:01:47.105+0000] {dagbag.py:588} INFO - Filling up the DagBag from /opt/airflow/dags/03_load_data.py
[2025-06-04T23:01:47.215+0000] {processor.py:925} INFO - DAG(s) '03_load_data' retrieved from /opt/airflow/dags/03_load_data.py
[2025-06-04T23:01:47.242+0000] {logging_mixin.py:190} INFO - [2025-06-04T23:01:47.242+0000] {dag.py:3239} INFO - Sync 1 DAGs
[2025-06-04T23:01:47.256+0000] {logging_mixin.py:190} INFO - [2025-06-04T23:01:47.256+0000] {dag.py:4180} INFO - Setting next_dagrun for 03_load_data to None, run_after=None
[2025-06-04T23:01:47.274+0000] {processor.py:208} INFO - Processing /opt/airflow/dags/03_load_data.py took 0.177 seconds
[2025-06-04T23:02:17.885+0000] {processor.py:186} INFO - Started process (PID=378) to work on /opt/airflow/dags/03_load_data.py
[2025-06-04T23:02:17.886+0000] {processor.py:914} INFO - Processing file /opt/airflow/dags/03_load_data.py for tasks to queue
[2025-06-04T23:02:17.888+0000] {logging_mixin.py:190} INFO - [2025-06-04T23:02:17.888+0000] {dagbag.py:588} INFO - Filling up the DagBag from /opt/airflow/dags/03_load_data.py
[2025-06-04T23:02:18.002+0000] {processor.py:925} INFO - DAG(s) '03_load_data' retrieved from /opt/airflow/dags/03_load_data.py
[2025-06-04T23:02:18.027+0000] {logging_mixin.py:190} INFO - [2025-06-04T23:02:18.027+0000] {dag.py:3239} INFO - Sync 1 DAGs
[2025-06-04T23:02:18.040+0000] {logging_mixin.py:190} INFO - [2025-06-04T23:02:18.039+0000] {dag.py:4180} INFO - Setting next_dagrun for 03_load_data to None, run_after=None
[2025-06-04T23:02:18.057+0000] {processor.py:208} INFO - Processing /opt/airflow/dags/03_load_data.py took 0.177 seconds
[2025-06-04T23:02:48.603+0000] {processor.py:186} INFO - Started process (PID=389) to work on /opt/airflow/dags/03_load_data.py
[2025-06-04T23:02:48.604+0000] {processor.py:914} INFO - Processing file /opt/airflow/dags/03_load_data.py for tasks to queue
[2025-06-04T23:02:48.607+0000] {logging_mixin.py:190} INFO - [2025-06-04T23:02:48.606+0000] {dagbag.py:588} INFO - Filling up the DagBag from /opt/airflow/dags/03_load_data.py
[2025-06-04T23:02:48.755+0000] {processor.py:925} INFO - DAG(s) '03_load_data' retrieved from /opt/airflow/dags/03_load_data.py
[2025-06-04T23:02:48.798+0000] {logging_mixin.py:190} INFO - [2025-06-04T23:02:48.798+0000] {dag.py:3239} INFO - Sync 1 DAGs
[2025-06-04T23:02:48.818+0000] {logging_mixin.py:190} INFO - [2025-06-04T23:02:48.818+0000] {dag.py:4180} INFO - Setting next_dagrun for 03_load_data to None, run_after=None
[2025-06-04T23:02:48.841+0000] {processor.py:208} INFO - Processing /opt/airflow/dags/03_load_data.py took 0.246 seconds
[2025-06-04T23:03:19.449+0000] {processor.py:186} INFO - Started process (PID=401) to work on /opt/airflow/dags/03_load_data.py
[2025-06-04T23:03:19.450+0000] {processor.py:914} INFO - Processing file /opt/airflow/dags/03_load_data.py for tasks to queue
[2025-06-04T23:03:19.454+0000] {logging_mixin.py:190} INFO - [2025-06-04T23:03:19.454+0000] {dagbag.py:588} INFO - Filling up the DagBag from /opt/airflow/dags/03_load_data.py
[2025-06-04T23:03:19.587+0000] {processor.py:925} INFO - DAG(s) '03_load_data' retrieved from /opt/airflow/dags/03_load_data.py
[2025-06-04T23:03:19.616+0000] {logging_mixin.py:190} INFO - [2025-06-04T23:03:19.616+0000] {dag.py:3239} INFO - Sync 1 DAGs
[2025-06-04T23:03:19.634+0000] {logging_mixin.py:190} INFO - [2025-06-04T23:03:19.634+0000] {dag.py:4180} INFO - Setting next_dagrun for 03_load_data to None, run_after=None
[2025-06-04T23:03:19.654+0000] {processor.py:208} INFO - Processing /opt/airflow/dags/03_load_data.py took 0.213 seconds
[2025-06-04T23:03:50.248+0000] {processor.py:186} INFO - Started process (PID=412) to work on /opt/airflow/dags/03_load_data.py
[2025-06-04T23:03:50.249+0000] {processor.py:914} INFO - Processing file /opt/airflow/dags/03_load_data.py for tasks to queue
[2025-06-04T23:03:50.251+0000] {logging_mixin.py:190} INFO - [2025-06-04T23:03:50.251+0000] {dagbag.py:588} INFO - Filling up the DagBag from /opt/airflow/dags/03_load_data.py
[2025-06-04T23:03:50.364+0000] {processor.py:925} INFO - DAG(s) '03_load_data' retrieved from /opt/airflow/dags/03_load_data.py
[2025-06-04T23:03:50.391+0000] {logging_mixin.py:190} INFO - [2025-06-04T23:03:50.391+0000] {dag.py:3239} INFO - Sync 1 DAGs
[2025-06-04T23:03:50.404+0000] {logging_mixin.py:190} INFO - [2025-06-04T23:03:50.404+0000] {dag.py:4180} INFO - Setting next_dagrun for 03_load_data to None, run_after=None
[2025-06-04T23:03:50.423+0000] {processor.py:208} INFO - Processing /opt/airflow/dags/03_load_data.py took 0.181 seconds
[2025-06-04T23:04:21.030+0000] {processor.py:186} INFO - Started process (PID=423) to work on /opt/airflow/dags/03_load_data.py
[2025-06-04T23:04:21.032+0000] {processor.py:914} INFO - Processing file /opt/airflow/dags/03_load_data.py for tasks to queue
[2025-06-04T23:04:21.034+0000] {logging_mixin.py:190} INFO - [2025-06-04T23:04:21.034+0000] {dagbag.py:588} INFO - Filling up the DagBag from /opt/airflow/dags/03_load_data.py
[2025-06-04T23:04:21.150+0000] {processor.py:925} INFO - DAG(s) '03_load_data' retrieved from /opt/airflow/dags/03_load_data.py
[2025-06-04T23:04:21.178+0000] {logging_mixin.py:190} INFO - [2025-06-04T23:04:21.178+0000] {dag.py:3239} INFO - Sync 1 DAGs
[2025-06-04T23:04:21.192+0000] {logging_mixin.py:190} INFO - [2025-06-04T23:04:21.191+0000] {dag.py:4180} INFO - Setting next_dagrun for 03_load_data to None, run_after=None
[2025-06-04T23:04:21.210+0000] {processor.py:208} INFO - Processing /opt/airflow/dags/03_load_data.py took 0.186 seconds
[2025-06-04T23:04:51.752+0000] {processor.py:186} INFO - Started process (PID=434) to work on /opt/airflow/dags/03_load_data.py
[2025-06-04T23:04:51.753+0000] {processor.py:914} INFO - Processing file /opt/airflow/dags/03_load_data.py for tasks to queue
[2025-06-04T23:04:51.757+0000] {logging_mixin.py:190} INFO - [2025-06-04T23:04:51.756+0000] {dagbag.py:588} INFO - Filling up the DagBag from /opt/airflow/dags/03_load_data.py
[2025-06-04T23:04:51.879+0000] {processor.py:925} INFO - DAG(s) '03_load_data' retrieved from /opt/airflow/dags/03_load_data.py
[2025-06-04T23:04:51.905+0000] {logging_mixin.py:190} INFO - [2025-06-04T23:04:51.905+0000] {dag.py:3239} INFO - Sync 1 DAGs
[2025-06-04T23:04:51.920+0000] {logging_mixin.py:190} INFO - [2025-06-04T23:04:51.919+0000] {dag.py:4180} INFO - Setting next_dagrun for 03_load_data to None, run_after=None
[2025-06-04T23:04:51.939+0000] {processor.py:208} INFO - Processing /opt/airflow/dags/03_load_data.py took 0.195 seconds
[2025-06-04T23:05:22.578+0000] {processor.py:186} INFO - Started process (PID=445) to work on /opt/airflow/dags/03_load_data.py
[2025-06-04T23:05:22.579+0000] {processor.py:914} INFO - Processing file /opt/airflow/dags/03_load_data.py for tasks to queue
[2025-06-04T23:05:22.582+0000] {logging_mixin.py:190} INFO - [2025-06-04T23:05:22.581+0000] {dagbag.py:588} INFO - Filling up the DagBag from /opt/airflow/dags/03_load_data.py
[2025-06-04T23:05:22.699+0000] {processor.py:925} INFO - DAG(s) '03_load_data' retrieved from /opt/airflow/dags/03_load_data.py
[2025-06-04T23:05:22.724+0000] {logging_mixin.py:190} INFO - [2025-06-04T23:05:22.724+0000] {dag.py:3239} INFO - Sync 1 DAGs
[2025-06-04T23:05:22.737+0000] {logging_mixin.py:190} INFO - [2025-06-04T23:05:22.737+0000] {dag.py:4180} INFO - Setting next_dagrun for 03_load_data to None, run_after=None
[2025-06-04T23:05:22.756+0000] {processor.py:208} INFO - Processing /opt/airflow/dags/03_load_data.py took 0.184 seconds
[2025-06-04T23:05:53.272+0000] {processor.py:186} INFO - Started process (PID=456) to work on /opt/airflow/dags/03_load_data.py
[2025-06-04T23:05:53.273+0000] {processor.py:914} INFO - Processing file /opt/airflow/dags/03_load_data.py for tasks to queue
[2025-06-04T23:05:53.275+0000] {logging_mixin.py:190} INFO - [2025-06-04T23:05:53.275+0000] {dagbag.py:588} INFO - Filling up the DagBag from /opt/airflow/dags/03_load_data.py
[2025-06-04T23:05:53.397+0000] {processor.py:925} INFO - DAG(s) '03_load_data' retrieved from /opt/airflow/dags/03_load_data.py
[2025-06-04T23:05:53.422+0000] {logging_mixin.py:190} INFO - [2025-06-04T23:05:53.422+0000] {dag.py:3239} INFO - Sync 1 DAGs
[2025-06-04T23:05:53.436+0000] {logging_mixin.py:190} INFO - [2025-06-04T23:05:53.436+0000] {dag.py:4180} INFO - Setting next_dagrun for 03_load_data to None, run_after=None
[2025-06-04T23:05:53.455+0000] {processor.py:208} INFO - Processing /opt/airflow/dags/03_load_data.py took 0.190 seconds
[2025-06-04T23:06:24.061+0000] {processor.py:186} INFO - Started process (PID=467) to work on /opt/airflow/dags/03_load_data.py
[2025-06-04T23:06:24.062+0000] {processor.py:914} INFO - Processing file /opt/airflow/dags/03_load_data.py for tasks to queue
[2025-06-04T23:06:24.065+0000] {logging_mixin.py:190} INFO - [2025-06-04T23:06:24.065+0000] {dagbag.py:588} INFO - Filling up the DagBag from /opt/airflow/dags/03_load_data.py
[2025-06-04T23:06:24.179+0000] {processor.py:925} INFO - DAG(s) '03_load_data' retrieved from /opt/airflow/dags/03_load_data.py
[2025-06-04T23:06:24.205+0000] {logging_mixin.py:190} INFO - [2025-06-04T23:06:24.205+0000] {dag.py:3239} INFO - Sync 1 DAGs
[2025-06-04T23:06:24.219+0000] {logging_mixin.py:190} INFO - [2025-06-04T23:06:24.219+0000] {dag.py:4180} INFO - Setting next_dagrun for 03_load_data to None, run_after=None
[2025-06-04T23:06:24.238+0000] {processor.py:208} INFO - Processing /opt/airflow/dags/03_load_data.py took 0.184 seconds
[2025-06-04T23:06:54.909+0000] {processor.py:186} INFO - Started process (PID=478) to work on /opt/airflow/dags/03_load_data.py
[2025-06-04T23:06:54.909+0000] {processor.py:914} INFO - Processing file /opt/airflow/dags/03_load_data.py for tasks to queue
[2025-06-04T23:06:54.912+0000] {logging_mixin.py:190} INFO - [2025-06-04T23:06:54.911+0000] {dagbag.py:588} INFO - Filling up the DagBag from /opt/airflow/dags/03_load_data.py
[2025-06-04T23:06:55.047+0000] {processor.py:925} INFO - DAG(s) '03_load_data' retrieved from /opt/airflow/dags/03_load_data.py
[2025-06-04T23:06:55.075+0000] {logging_mixin.py:190} INFO - [2025-06-04T23:06:55.075+0000] {dag.py:3239} INFO - Sync 1 DAGs
[2025-06-04T23:06:55.088+0000] {logging_mixin.py:190} INFO - [2025-06-04T23:06:55.088+0000] {dag.py:4180} INFO - Setting next_dagrun for 03_load_data to None, run_after=None
[2025-06-04T23:06:55.107+0000] {processor.py:208} INFO - Processing /opt/airflow/dags/03_load_data.py took 0.205 seconds
[2025-06-04T23:07:25.820+0000] {processor.py:186} INFO - Started process (PID=489) to work on /opt/airflow/dags/03_load_data.py
[2025-06-04T23:07:25.821+0000] {processor.py:914} INFO - Processing file /opt/airflow/dags/03_load_data.py for tasks to queue
[2025-06-04T23:07:25.824+0000] {logging_mixin.py:190} INFO - [2025-06-04T23:07:25.824+0000] {dagbag.py:588} INFO - Filling up the DagBag from /opt/airflow/dags/03_load_data.py
[2025-06-04T23:07:25.935+0000] {processor.py:925} INFO - DAG(s) '03_load_data' retrieved from /opt/airflow/dags/03_load_data.py
[2025-06-04T23:07:25.961+0000] {logging_mixin.py:190} INFO - [2025-06-04T23:07:25.961+0000] {dag.py:3239} INFO - Sync 1 DAGs
[2025-06-04T23:07:25.975+0000] {logging_mixin.py:190} INFO - [2025-06-04T23:07:25.975+0000] {dag.py:4180} INFO - Setting next_dagrun for 03_load_data to None, run_after=None
[2025-06-04T23:07:25.994+0000] {processor.py:208} INFO - Processing /opt/airflow/dags/03_load_data.py took 0.182 seconds
[2025-06-04T23:07:56.795+0000] {processor.py:186} INFO - Started process (PID=500) to work on /opt/airflow/dags/03_load_data.py
[2025-06-04T23:07:56.796+0000] {processor.py:914} INFO - Processing file /opt/airflow/dags/03_load_data.py for tasks to queue
[2025-06-04T23:07:56.799+0000] {logging_mixin.py:190} INFO - [2025-06-04T23:07:56.799+0000] {dagbag.py:588} INFO - Filling up the DagBag from /opt/airflow/dags/03_load_data.py
[2025-06-04T23:07:56.914+0000] {processor.py:925} INFO - DAG(s) '03_load_data' retrieved from /opt/airflow/dags/03_load_data.py
[2025-06-04T23:07:56.940+0000] {logging_mixin.py:190} INFO - [2025-06-04T23:07:56.939+0000] {dag.py:3239} INFO - Sync 1 DAGs
[2025-06-04T23:07:56.954+0000] {logging_mixin.py:190} INFO - [2025-06-04T23:07:56.954+0000] {dag.py:4180} INFO - Setting next_dagrun for 03_load_data to None, run_after=None
[2025-06-04T23:07:56.972+0000] {processor.py:208} INFO - Processing /opt/airflow/dags/03_load_data.py took 0.184 seconds
[2025-06-04T23:08:27.509+0000] {processor.py:186} INFO - Started process (PID=511) to work on /opt/airflow/dags/03_load_data.py
[2025-06-04T23:08:27.510+0000] {processor.py:914} INFO - Processing file /opt/airflow/dags/03_load_data.py for tasks to queue
[2025-06-04T23:08:27.511+0000] {logging_mixin.py:190} INFO - [2025-06-04T23:08:27.511+0000] {dagbag.py:588} INFO - Filling up the DagBag from /opt/airflow/dags/03_load_data.py
[2025-06-04T23:08:27.621+0000] {processor.py:925} INFO - DAG(s) '03_load_data' retrieved from /opt/airflow/dags/03_load_data.py
[2025-06-04T23:08:27.650+0000] {logging_mixin.py:190} INFO - [2025-06-04T23:08:27.650+0000] {dag.py:3239} INFO - Sync 1 DAGs
[2025-06-04T23:08:27.664+0000] {logging_mixin.py:190} INFO - [2025-06-04T23:08:27.664+0000] {dag.py:4180} INFO - Setting next_dagrun for 03_load_data to None, run_after=None
[2025-06-04T23:08:27.682+0000] {processor.py:208} INFO - Processing /opt/airflow/dags/03_load_data.py took 0.178 seconds
[2025-06-04T23:08:58.284+0000] {processor.py:186} INFO - Started process (PID=522) to work on /opt/airflow/dags/03_load_data.py
[2025-06-04T23:08:58.285+0000] {processor.py:914} INFO - Processing file /opt/airflow/dags/03_load_data.py for tasks to queue
[2025-06-04T23:08:58.287+0000] {logging_mixin.py:190} INFO - [2025-06-04T23:08:58.287+0000] {dagbag.py:588} INFO - Filling up the DagBag from /opt/airflow/dags/03_load_data.py
[2025-06-04T23:08:58.406+0000] {processor.py:925} INFO - DAG(s) '03_load_data' retrieved from /opt/airflow/dags/03_load_data.py
[2025-06-04T23:08:58.433+0000] {logging_mixin.py:190} INFO - [2025-06-04T23:08:58.433+0000] {dag.py:3239} INFO - Sync 1 DAGs
[2025-06-04T23:08:58.448+0000] {logging_mixin.py:190} INFO - [2025-06-04T23:08:58.447+0000] {dag.py:4180} INFO - Setting next_dagrun for 03_load_data to None, run_after=None
[2025-06-04T23:08:58.468+0000] {processor.py:208} INFO - Processing /opt/airflow/dags/03_load_data.py took 0.191 seconds
[2025-06-04T23:09:29.008+0000] {processor.py:186} INFO - Started process (PID=533) to work on /opt/airflow/dags/03_load_data.py
[2025-06-04T23:09:29.008+0000] {processor.py:914} INFO - Processing file /opt/airflow/dags/03_load_data.py for tasks to queue
[2025-06-04T23:09:29.011+0000] {logging_mixin.py:190} INFO - [2025-06-04T23:09:29.011+0000] {dagbag.py:588} INFO - Filling up the DagBag from /opt/airflow/dags/03_load_data.py
[2025-06-04T23:09:29.126+0000] {processor.py:925} INFO - DAG(s) '03_load_data' retrieved from /opt/airflow/dags/03_load_data.py
[2025-06-04T23:09:29.153+0000] {logging_mixin.py:190} INFO - [2025-06-04T23:09:29.152+0000] {dag.py:3239} INFO - Sync 1 DAGs
[2025-06-04T23:09:29.167+0000] {logging_mixin.py:190} INFO - [2025-06-04T23:09:29.167+0000] {dag.py:4180} INFO - Setting next_dagrun for 03_load_data to None, run_after=None
[2025-06-04T23:09:29.186+0000] {processor.py:208} INFO - Processing /opt/airflow/dags/03_load_data.py took 0.184 seconds
[2025-06-04T23:09:59.658+0000] {processor.py:186} INFO - Started process (PID=544) to work on /opt/airflow/dags/03_load_data.py
[2025-06-04T23:09:59.660+0000] {processor.py:914} INFO - Processing file /opt/airflow/dags/03_load_data.py for tasks to queue
[2025-06-04T23:09:59.662+0000] {logging_mixin.py:190} INFO - [2025-06-04T23:09:59.662+0000] {dagbag.py:588} INFO - Filling up the DagBag from /opt/airflow/dags/03_load_data.py
[2025-06-04T23:09:59.769+0000] {processor.py:925} INFO - DAG(s) '03_load_data' retrieved from /opt/airflow/dags/03_load_data.py
[2025-06-04T23:09:59.795+0000] {logging_mixin.py:190} INFO - [2025-06-04T23:09:59.795+0000] {dag.py:3239} INFO - Sync 1 DAGs
[2025-06-04T23:09:59.809+0000] {logging_mixin.py:190} INFO - [2025-06-04T23:09:59.809+0000] {dag.py:4180} INFO - Setting next_dagrun for 03_load_data to None, run_after=None
[2025-06-04T23:09:59.827+0000] {processor.py:208} INFO - Processing /opt/airflow/dags/03_load_data.py took 0.174 seconds
[2025-06-04T23:10:30.587+0000] {processor.py:186} INFO - Started process (PID=555) to work on /opt/airflow/dags/03_load_data.py
[2025-06-04T23:10:30.588+0000] {processor.py:914} INFO - Processing file /opt/airflow/dags/03_load_data.py for tasks to queue
[2025-06-04T23:10:30.590+0000] {logging_mixin.py:190} INFO - [2025-06-04T23:10:30.590+0000] {dagbag.py:588} INFO - Filling up the DagBag from /opt/airflow/dags/03_load_data.py
[2025-06-04T23:10:30.713+0000] {processor.py:925} INFO - DAG(s) '03_load_data' retrieved from /opt/airflow/dags/03_load_data.py
[2025-06-04T23:10:30.738+0000] {logging_mixin.py:190} INFO - [2025-06-04T23:10:30.738+0000] {dag.py:3239} INFO - Sync 1 DAGs
[2025-06-04T23:10:30.752+0000] {logging_mixin.py:190} INFO - [2025-06-04T23:10:30.752+0000] {dag.py:4180} INFO - Setting next_dagrun for 03_load_data to None, run_after=None
[2025-06-04T23:10:30.771+0000] {processor.py:208} INFO - Processing /opt/airflow/dags/03_load_data.py took 0.188 seconds
[2025-06-04T23:11:01.389+0000] {processor.py:186} INFO - Started process (PID=572) to work on /opt/airflow/dags/03_load_data.py
[2025-06-04T23:11:01.390+0000] {processor.py:914} INFO - Processing file /opt/airflow/dags/03_load_data.py for tasks to queue
[2025-06-04T23:11:01.392+0000] {logging_mixin.py:190} INFO - [2025-06-04T23:11:01.391+0000] {dagbag.py:588} INFO - Filling up the DagBag from /opt/airflow/dags/03_load_data.py
[2025-06-04T23:11:01.504+0000] {processor.py:925} INFO - DAG(s) '03_load_data' retrieved from /opt/airflow/dags/03_load_data.py
[2025-06-04T23:11:01.531+0000] {logging_mixin.py:190} INFO - [2025-06-04T23:11:01.531+0000] {dag.py:3239} INFO - Sync 1 DAGs
[2025-06-04T23:11:01.545+0000] {logging_mixin.py:190} INFO - [2025-06-04T23:11:01.545+0000] {dag.py:4180} INFO - Setting next_dagrun for 03_load_data to None, run_after=None
[2025-06-04T23:11:01.565+0000] {processor.py:208} INFO - Processing /opt/airflow/dags/03_load_data.py took 0.182 seconds
[2025-06-04T23:11:32.171+0000] {processor.py:186} INFO - Started process (PID=584) to work on /opt/airflow/dags/03_load_data.py
[2025-06-04T23:11:32.172+0000] {processor.py:914} INFO - Processing file /opt/airflow/dags/03_load_data.py for tasks to queue
[2025-06-04T23:11:32.174+0000] {logging_mixin.py:190} INFO - [2025-06-04T23:11:32.174+0000] {dagbag.py:588} INFO - Filling up the DagBag from /opt/airflow/dags/03_load_data.py
[2025-06-04T23:11:32.287+0000] {processor.py:925} INFO - DAG(s) '03_load_data' retrieved from /opt/airflow/dags/03_load_data.py
[2025-06-04T23:11:32.315+0000] {logging_mixin.py:190} INFO - [2025-06-04T23:11:32.315+0000] {dag.py:3239} INFO - Sync 1 DAGs
[2025-06-04T23:11:32.329+0000] {logging_mixin.py:190} INFO - [2025-06-04T23:11:32.329+0000] {dag.py:4180} INFO - Setting next_dagrun for 03_load_data to None, run_after=None
[2025-06-04T23:11:32.349+0000] {processor.py:208} INFO - Processing /opt/airflow/dags/03_load_data.py took 0.183 seconds
[2025-06-04T23:12:02.862+0000] {processor.py:186} INFO - Started process (PID=595) to work on /opt/airflow/dags/03_load_data.py
[2025-06-04T23:12:02.863+0000] {processor.py:914} INFO - Processing file /opt/airflow/dags/03_load_data.py for tasks to queue
[2025-06-04T23:12:02.865+0000] {logging_mixin.py:190} INFO - [2025-06-04T23:12:02.865+0000] {dagbag.py:588} INFO - Filling up the DagBag from /opt/airflow/dags/03_load_data.py
[2025-06-04T23:12:02.981+0000] {processor.py:925} INFO - DAG(s) '03_load_data' retrieved from /opt/airflow/dags/03_load_data.py
[2025-06-04T23:12:03.008+0000] {logging_mixin.py:190} INFO - [2025-06-04T23:12:03.008+0000] {dag.py:3239} INFO - Sync 1 DAGs
[2025-06-04T23:12:03.022+0000] {logging_mixin.py:190} INFO - [2025-06-04T23:12:03.021+0000] {dag.py:4180} INFO - Setting next_dagrun for 03_load_data to None, run_after=None
[2025-06-04T23:12:03.041+0000] {processor.py:208} INFO - Processing /opt/airflow/dags/03_load_data.py took 0.185 seconds
[2025-06-04T23:12:33.619+0000] {processor.py:186} INFO - Started process (PID=606) to work on /opt/airflow/dags/03_load_data.py
[2025-06-04T23:12:33.620+0000] {processor.py:914} INFO - Processing file /opt/airflow/dags/03_load_data.py for tasks to queue
[2025-06-04T23:12:33.622+0000] {logging_mixin.py:190} INFO - [2025-06-04T23:12:33.622+0000] {dagbag.py:588} INFO - Filling up the DagBag from /opt/airflow/dags/03_load_data.py
[2025-06-04T23:12:33.742+0000] {processor.py:925} INFO - DAG(s) '03_load_data' retrieved from /opt/airflow/dags/03_load_data.py
[2025-06-04T23:12:33.768+0000] {logging_mixin.py:190} INFO - [2025-06-04T23:12:33.767+0000] {dag.py:3239} INFO - Sync 1 DAGs
[2025-06-04T23:12:33.781+0000] {logging_mixin.py:190} INFO - [2025-06-04T23:12:33.781+0000] {dag.py:4180} INFO - Setting next_dagrun for 03_load_data to None, run_after=None
[2025-06-04T23:12:33.800+0000] {processor.py:208} INFO - Processing /opt/airflow/dags/03_load_data.py took 0.187 seconds
[2025-06-04T23:13:04.380+0000] {processor.py:186} INFO - Started process (PID=617) to work on /opt/airflow/dags/03_load_data.py
[2025-06-04T23:13:04.381+0000] {processor.py:914} INFO - Processing file /opt/airflow/dags/03_load_data.py for tasks to queue
[2025-06-04T23:13:04.383+0000] {logging_mixin.py:190} INFO - [2025-06-04T23:13:04.383+0000] {dagbag.py:588} INFO - Filling up the DagBag from /opt/airflow/dags/03_load_data.py
[2025-06-04T23:13:04.532+0000] {processor.py:925} INFO - DAG(s) '03_load_data' retrieved from /opt/airflow/dags/03_load_data.py
[2025-06-04T23:13:04.579+0000] {logging_mixin.py:190} INFO - [2025-06-04T23:13:04.579+0000] {dag.py:3239} INFO - Sync 1 DAGs
[2025-06-04T23:13:04.598+0000] {logging_mixin.py:190} INFO - [2025-06-04T23:13:04.598+0000] {dag.py:4180} INFO - Setting next_dagrun for 03_load_data to None, run_after=None
[2025-06-04T23:13:04.619+0000] {processor.py:208} INFO - Processing /opt/airflow/dags/03_load_data.py took 0.245 seconds
[2025-06-04T23:13:35.178+0000] {processor.py:186} INFO - Started process (PID=628) to work on /opt/airflow/dags/03_load_data.py
[2025-06-04T23:13:35.179+0000] {processor.py:914} INFO - Processing file /opt/airflow/dags/03_load_data.py for tasks to queue
[2025-06-04T23:13:35.183+0000] {logging_mixin.py:190} INFO - [2025-06-04T23:13:35.183+0000] {dagbag.py:588} INFO - Filling up the DagBag from /opt/airflow/dags/03_load_data.py
[2025-06-04T23:13:35.332+0000] {processor.py:925} INFO - DAG(s) '03_load_data' retrieved from /opt/airflow/dags/03_load_data.py
[2025-06-04T23:13:35.364+0000] {logging_mixin.py:190} INFO - [2025-06-04T23:13:35.363+0000] {dag.py:3239} INFO - Sync 1 DAGs
[2025-06-04T23:13:35.389+0000] {logging_mixin.py:190} INFO - [2025-06-04T23:13:35.388+0000] {dag.py:4180} INFO - Setting next_dagrun for 03_load_data to None, run_after=None
[2025-06-04T23:13:35.410+0000] {processor.py:208} INFO - Processing /opt/airflow/dags/03_load_data.py took 0.241 seconds
[2025-06-04T23:14:06.095+0000] {processor.py:186} INFO - Started process (PID=639) to work on /opt/airflow/dags/03_load_data.py
[2025-06-04T23:14:06.096+0000] {processor.py:914} INFO - Processing file /opt/airflow/dags/03_load_data.py for tasks to queue
[2025-06-04T23:14:06.100+0000] {logging_mixin.py:190} INFO - [2025-06-04T23:14:06.100+0000] {dagbag.py:588} INFO - Filling up the DagBag from /opt/airflow/dags/03_load_data.py
[2025-06-04T23:14:06.230+0000] {processor.py:925} INFO - DAG(s) '03_load_data' retrieved from /opt/airflow/dags/03_load_data.py
[2025-06-04T23:14:06.265+0000] {logging_mixin.py:190} INFO - [2025-06-04T23:14:06.264+0000] {dag.py:3239} INFO - Sync 1 DAGs
[2025-06-04T23:14:06.281+0000] {logging_mixin.py:190} INFO - [2025-06-04T23:14:06.281+0000] {dag.py:4180} INFO - Setting next_dagrun for 03_load_data to None, run_after=None
[2025-06-04T23:14:06.300+0000] {processor.py:208} INFO - Processing /opt/airflow/dags/03_load_data.py took 0.214 seconds
[2025-06-04T23:14:36.822+0000] {processor.py:186} INFO - Started process (PID=650) to work on /opt/airflow/dags/03_load_data.py
[2025-06-04T23:14:36.823+0000] {processor.py:914} INFO - Processing file /opt/airflow/dags/03_load_data.py for tasks to queue
[2025-06-04T23:14:36.825+0000] {logging_mixin.py:190} INFO - [2025-06-04T23:14:36.825+0000] {dagbag.py:588} INFO - Filling up the DagBag from /opt/airflow/dags/03_load_data.py
[2025-06-04T23:14:36.949+0000] {processor.py:925} INFO - DAG(s) '03_load_data' retrieved from /opt/airflow/dags/03_load_data.py
[2025-06-04T23:14:36.976+0000] {logging_mixin.py:190} INFO - [2025-06-04T23:14:36.975+0000] {dag.py:3239} INFO - Sync 1 DAGs
[2025-06-04T23:14:36.990+0000] {logging_mixin.py:190} INFO - [2025-06-04T23:14:36.990+0000] {dag.py:4180} INFO - Setting next_dagrun for 03_load_data to None, run_after=None
[2025-06-04T23:14:37.010+0000] {processor.py:208} INFO - Processing /opt/airflow/dags/03_load_data.py took 0.194 seconds
[2025-06-04T23:15:07.564+0000] {processor.py:186} INFO - Started process (PID=661) to work on /opt/airflow/dags/03_load_data.py
[2025-06-04T23:15:07.565+0000] {processor.py:914} INFO - Processing file /opt/airflow/dags/03_load_data.py for tasks to queue
[2025-06-04T23:15:07.567+0000] {logging_mixin.py:190} INFO - [2025-06-04T23:15:07.567+0000] {dagbag.py:588} INFO - Filling up the DagBag from /opt/airflow/dags/03_load_data.py
[2025-06-04T23:15:07.679+0000] {processor.py:925} INFO - DAG(s) '03_load_data' retrieved from /opt/airflow/dags/03_load_data.py
[2025-06-04T23:15:07.706+0000] {logging_mixin.py:190} INFO - [2025-06-04T23:15:07.706+0000] {dag.py:3239} INFO - Sync 1 DAGs
[2025-06-04T23:15:07.720+0000] {logging_mixin.py:190} INFO - [2025-06-04T23:15:07.719+0000] {dag.py:4180} INFO - Setting next_dagrun for 03_load_data to None, run_after=None
[2025-06-04T23:15:07.737+0000] {processor.py:208} INFO - Processing /opt/airflow/dags/03_load_data.py took 0.179 seconds
[2025-06-04T23:15:38.367+0000] {processor.py:186} INFO - Started process (PID=672) to work on /opt/airflow/dags/03_load_data.py
[2025-06-04T23:15:38.368+0000] {processor.py:914} INFO - Processing file /opt/airflow/dags/03_load_data.py for tasks to queue
[2025-06-04T23:15:38.370+0000] {logging_mixin.py:190} INFO - [2025-06-04T23:15:38.369+0000] {dagbag.py:588} INFO - Filling up the DagBag from /opt/airflow/dags/03_load_data.py
[2025-06-04T23:15:38.492+0000] {processor.py:925} INFO - DAG(s) '03_load_data' retrieved from /opt/airflow/dags/03_load_data.py
[2025-06-04T23:15:38.519+0000] {logging_mixin.py:190} INFO - [2025-06-04T23:15:38.519+0000] {dag.py:3239} INFO - Sync 1 DAGs
[2025-06-04T23:15:38.533+0000] {logging_mixin.py:190} INFO - [2025-06-04T23:15:38.533+0000] {dag.py:4180} INFO - Setting next_dagrun for 03_load_data to None, run_after=None
[2025-06-04T23:15:38.551+0000] {processor.py:208} INFO - Processing /opt/airflow/dags/03_load_data.py took 0.189 seconds
[2025-06-04T23:16:09.189+0000] {processor.py:186} INFO - Started process (PID=684) to work on /opt/airflow/dags/03_load_data.py
[2025-06-04T23:16:09.190+0000] {processor.py:914} INFO - Processing file /opt/airflow/dags/03_load_data.py for tasks to queue
[2025-06-04T23:16:09.193+0000] {logging_mixin.py:190} INFO - [2025-06-04T23:16:09.193+0000] {dagbag.py:588} INFO - Filling up the DagBag from /opt/airflow/dags/03_load_data.py
[2025-06-04T23:16:09.307+0000] {processor.py:925} INFO - DAG(s) '03_load_data' retrieved from /opt/airflow/dags/03_load_data.py
[2025-06-04T23:16:09.334+0000] {logging_mixin.py:190} INFO - [2025-06-04T23:16:09.334+0000] {dag.py:3239} INFO - Sync 1 DAGs
[2025-06-04T23:16:09.347+0000] {logging_mixin.py:190} INFO - [2025-06-04T23:16:09.347+0000] {dag.py:4180} INFO - Setting next_dagrun for 03_load_data to None, run_after=None
[2025-06-04T23:16:09.366+0000] {processor.py:208} INFO - Processing /opt/airflow/dags/03_load_data.py took 0.183 seconds
[2025-06-04T23:16:40.081+0000] {processor.py:186} INFO - Started process (PID=695) to work on /opt/airflow/dags/03_load_data.py
[2025-06-04T23:16:40.082+0000] {processor.py:914} INFO - Processing file /opt/airflow/dags/03_load_data.py for tasks to queue
[2025-06-04T23:16:40.084+0000] {logging_mixin.py:190} INFO - [2025-06-04T23:16:40.084+0000] {dagbag.py:588} INFO - Filling up the DagBag from /opt/airflow/dags/03_load_data.py
[2025-06-04T23:16:40.201+0000] {processor.py:925} INFO - DAG(s) '03_load_data' retrieved from /opt/airflow/dags/03_load_data.py
[2025-06-04T23:16:40.230+0000] {logging_mixin.py:190} INFO - [2025-06-04T23:16:40.230+0000] {dag.py:3239} INFO - Sync 1 DAGs
[2025-06-04T23:16:40.245+0000] {logging_mixin.py:190} INFO - [2025-06-04T23:16:40.244+0000] {dag.py:4180} INFO - Setting next_dagrun for 03_load_data to None, run_after=None
[2025-06-04T23:16:40.265+0000] {processor.py:208} INFO - Processing /opt/airflow/dags/03_load_data.py took 0.188 seconds
[2025-06-04T23:17:10.840+0000] {processor.py:186} INFO - Started process (PID=706) to work on /opt/airflow/dags/03_load_data.py
[2025-06-04T23:17:10.841+0000] {processor.py:914} INFO - Processing file /opt/airflow/dags/03_load_data.py for tasks to queue
[2025-06-04T23:17:10.844+0000] {logging_mixin.py:190} INFO - [2025-06-04T23:17:10.844+0000] {dagbag.py:588} INFO - Filling up the DagBag from /opt/airflow/dags/03_load_data.py
[2025-06-04T23:17:10.957+0000] {processor.py:925} INFO - DAG(s) '03_load_data' retrieved from /opt/airflow/dags/03_load_data.py
[2025-06-04T23:17:10.983+0000] {logging_mixin.py:190} INFO - [2025-06-04T23:17:10.983+0000] {dag.py:3239} INFO - Sync 1 DAGs
[2025-06-04T23:17:10.997+0000] {logging_mixin.py:190} INFO - [2025-06-04T23:17:10.997+0000] {dag.py:4180} INFO - Setting next_dagrun for 03_load_data to None, run_after=None
[2025-06-04T23:17:11.016+0000] {processor.py:208} INFO - Processing /opt/airflow/dags/03_load_data.py took 0.182 seconds
[2025-06-04T23:17:41.662+0000] {processor.py:186} INFO - Started process (PID=717) to work on /opt/airflow/dags/03_load_data.py
[2025-06-04T23:17:41.663+0000] {processor.py:914} INFO - Processing file /opt/airflow/dags/03_load_data.py for tasks to queue
[2025-06-04T23:17:41.665+0000] {logging_mixin.py:190} INFO - [2025-06-04T23:17:41.665+0000] {dagbag.py:588} INFO - Filling up the DagBag from /opt/airflow/dags/03_load_data.py
[2025-06-04T23:17:41.779+0000] {processor.py:925} INFO - DAG(s) '03_load_data' retrieved from /opt/airflow/dags/03_load_data.py
[2025-06-04T23:17:41.805+0000] {logging_mixin.py:190} INFO - [2025-06-04T23:17:41.805+0000] {dag.py:3239} INFO - Sync 1 DAGs
[2025-06-04T23:17:41.819+0000] {logging_mixin.py:190} INFO - [2025-06-04T23:17:41.818+0000] {dag.py:4180} INFO - Setting next_dagrun for 03_load_data to None, run_after=None
[2025-06-04T23:17:41.837+0000] {processor.py:208} INFO - Processing /opt/airflow/dags/03_load_data.py took 0.181 seconds
[2025-06-04T23:18:12.556+0000] {processor.py:186} INFO - Started process (PID=728) to work on /opt/airflow/dags/03_load_data.py
[2025-06-04T23:18:12.557+0000] {processor.py:914} INFO - Processing file /opt/airflow/dags/03_load_data.py for tasks to queue
[2025-06-04T23:18:12.559+0000] {logging_mixin.py:190} INFO - [2025-06-04T23:18:12.559+0000] {dagbag.py:588} INFO - Filling up the DagBag from /opt/airflow/dags/03_load_data.py
[2025-06-04T23:18:12.669+0000] {processor.py:925} INFO - DAG(s) '03_load_data' retrieved from /opt/airflow/dags/03_load_data.py
[2025-06-04T23:18:12.700+0000] {logging_mixin.py:190} INFO - [2025-06-04T23:18:12.699+0000] {dag.py:3239} INFO - Sync 1 DAGs
[2025-06-04T23:18:12.717+0000] {logging_mixin.py:190} INFO - [2025-06-04T23:18:12.717+0000] {dag.py:4180} INFO - Setting next_dagrun for 03_load_data to None, run_after=None
[2025-06-04T23:18:12.742+0000] {processor.py:208} INFO - Processing /opt/airflow/dags/03_load_data.py took 0.191 seconds
[2025-06-04T23:18:43.536+0000] {processor.py:186} INFO - Started process (PID=739) to work on /opt/airflow/dags/03_load_data.py
[2025-06-04T23:18:43.537+0000] {processor.py:914} INFO - Processing file /opt/airflow/dags/03_load_data.py for tasks to queue
[2025-06-04T23:18:43.539+0000] {logging_mixin.py:190} INFO - [2025-06-04T23:18:43.539+0000] {dagbag.py:588} INFO - Filling up the DagBag from /opt/airflow/dags/03_load_data.py
[2025-06-04T23:18:43.654+0000] {processor.py:925} INFO - DAG(s) '03_load_data' retrieved from /opt/airflow/dags/03_load_data.py
[2025-06-04T23:18:43.682+0000] {logging_mixin.py:190} INFO - [2025-06-04T23:18:43.682+0000] {dag.py:3239} INFO - Sync 1 DAGs
[2025-06-04T23:18:43.696+0000] {logging_mixin.py:190} INFO - [2025-06-04T23:18:43.696+0000] {dag.py:4180} INFO - Setting next_dagrun for 03_load_data to None, run_after=None
[2025-06-04T23:18:43.714+0000] {processor.py:208} INFO - Processing /opt/airflow/dags/03_load_data.py took 0.183 seconds
[2025-06-04T23:19:14.360+0000] {processor.py:186} INFO - Started process (PID=750) to work on /opt/airflow/dags/03_load_data.py
[2025-06-04T23:19:14.361+0000] {processor.py:914} INFO - Processing file /opt/airflow/dags/03_load_data.py for tasks to queue
[2025-06-04T23:19:14.363+0000] {logging_mixin.py:190} INFO - [2025-06-04T23:19:14.363+0000] {dagbag.py:588} INFO - Filling up the DagBag from /opt/airflow/dags/03_load_data.py
[2025-06-04T23:19:14.474+0000] {processor.py:925} INFO - DAG(s) '03_load_data' retrieved from /opt/airflow/dags/03_load_data.py
[2025-06-04T23:19:14.501+0000] {logging_mixin.py:190} INFO - [2025-06-04T23:19:14.501+0000] {dag.py:3239} INFO - Sync 1 DAGs
[2025-06-04T23:19:14.514+0000] {logging_mixin.py:190} INFO - [2025-06-04T23:19:14.514+0000] {dag.py:4180} INFO - Setting next_dagrun for 03_load_data to None, run_after=None
[2025-06-04T23:19:14.532+0000] {processor.py:208} INFO - Processing /opt/airflow/dags/03_load_data.py took 0.178 seconds
[2025-06-04T23:19:45.331+0000] {processor.py:186} INFO - Started process (PID=761) to work on /opt/airflow/dags/03_load_data.py
[2025-06-04T23:19:45.332+0000] {processor.py:914} INFO - Processing file /opt/airflow/dags/03_load_data.py for tasks to queue
[2025-06-04T23:19:45.334+0000] {logging_mixin.py:190} INFO - [2025-06-04T23:19:45.334+0000] {dagbag.py:588} INFO - Filling up the DagBag from /opt/airflow/dags/03_load_data.py
[2025-06-04T23:19:45.446+0000] {processor.py:925} INFO - DAG(s) '03_load_data' retrieved from /opt/airflow/dags/03_load_data.py
[2025-06-04T23:19:45.476+0000] {logging_mixin.py:190} INFO - [2025-06-04T23:19:45.476+0000] {dag.py:3239} INFO - Sync 1 DAGs
[2025-06-04T23:19:45.493+0000] {logging_mixin.py:190} INFO - [2025-06-04T23:19:45.493+0000] {dag.py:4180} INFO - Setting next_dagrun for 03_load_data to None, run_after=None
[2025-06-04T23:19:45.512+0000] {processor.py:208} INFO - Processing /opt/airflow/dags/03_load_data.py took 0.186 seconds
[2025-06-04T23:20:16.362+0000] {processor.py:186} INFO - Started process (PID=772) to work on /opt/airflow/dags/03_load_data.py
[2025-06-04T23:20:16.363+0000] {processor.py:914} INFO - Processing file /opt/airflow/dags/03_load_data.py for tasks to queue
[2025-06-04T23:20:16.365+0000] {logging_mixin.py:190} INFO - [2025-06-04T23:20:16.365+0000] {dagbag.py:588} INFO - Filling up the DagBag from /opt/airflow/dags/03_load_data.py
[2025-06-04T23:20:16.481+0000] {processor.py:925} INFO - DAG(s) '03_load_data' retrieved from /opt/airflow/dags/03_load_data.py
[2025-06-04T23:20:16.507+0000] {logging_mixin.py:190} INFO - [2025-06-04T23:20:16.507+0000] {dag.py:3239} INFO - Sync 1 DAGs
[2025-06-04T23:20:16.520+0000] {logging_mixin.py:190} INFO - [2025-06-04T23:20:16.520+0000] {dag.py:4180} INFO - Setting next_dagrun for 03_load_data to None, run_after=None
[2025-06-04T23:20:16.538+0000] {processor.py:208} INFO - Processing /opt/airflow/dags/03_load_data.py took 0.180 seconds
[2025-06-04T23:20:47.250+0000] {processor.py:186} INFO - Started process (PID=783) to work on /opt/airflow/dags/03_load_data.py
[2025-06-04T23:20:47.251+0000] {processor.py:914} INFO - Processing file /opt/airflow/dags/03_load_data.py for tasks to queue
[2025-06-04T23:20:47.255+0000] {logging_mixin.py:190} INFO - [2025-06-04T23:20:47.254+0000] {dagbag.py:588} INFO - Filling up the DagBag from /opt/airflow/dags/03_load_data.py
[2025-06-04T23:20:47.374+0000] {processor.py:925} INFO - DAG(s) '03_load_data' retrieved from /opt/airflow/dags/03_load_data.py
[2025-06-04T23:20:47.400+0000] {logging_mixin.py:190} INFO - [2025-06-04T23:20:47.400+0000] {dag.py:3239} INFO - Sync 1 DAGs
[2025-06-04T23:20:47.415+0000] {logging_mixin.py:190} INFO - [2025-06-04T23:20:47.415+0000] {dag.py:4180} INFO - Setting next_dagrun for 03_load_data to None, run_after=None
[2025-06-04T23:20:47.434+0000] {processor.py:208} INFO - Processing /opt/airflow/dags/03_load_data.py took 0.191 seconds
[2025-06-04T23:21:18.203+0000] {processor.py:186} INFO - Started process (PID=794) to work on /opt/airflow/dags/03_load_data.py
[2025-06-04T23:21:18.204+0000] {processor.py:914} INFO - Processing file /opt/airflow/dags/03_load_data.py for tasks to queue
[2025-06-04T23:21:18.207+0000] {logging_mixin.py:190} INFO - [2025-06-04T23:21:18.207+0000] {dagbag.py:588} INFO - Filling up the DagBag from /opt/airflow/dags/03_load_data.py
[2025-06-04T23:21:18.388+0000] {processor.py:925} INFO - DAG(s) '03_load_data' retrieved from /opt/airflow/dags/03_load_data.py
[2025-06-04T23:21:18.431+0000] {logging_mixin.py:190} INFO - [2025-06-04T23:21:18.431+0000] {dag.py:3239} INFO - Sync 1 DAGs
[2025-06-04T23:21:18.447+0000] {logging_mixin.py:190} INFO - [2025-06-04T23:21:18.447+0000] {dag.py:4180} INFO - Setting next_dagrun for 03_load_data to None, run_after=None
[2025-06-04T23:21:18.468+0000] {processor.py:208} INFO - Processing /opt/airflow/dags/03_load_data.py took 0.270 seconds
[2025-06-04T23:21:49.116+0000] {processor.py:186} INFO - Started process (PID=805) to work on /opt/airflow/dags/03_load_data.py
[2025-06-04T23:21:49.117+0000] {processor.py:914} INFO - Processing file /opt/airflow/dags/03_load_data.py for tasks to queue
[2025-06-04T23:21:49.120+0000] {logging_mixin.py:190} INFO - [2025-06-04T23:21:49.120+0000] {dagbag.py:588} INFO - Filling up the DagBag from /opt/airflow/dags/03_load_data.py
[2025-06-04T23:21:49.237+0000] {processor.py:925} INFO - DAG(s) '03_load_data' retrieved from /opt/airflow/dags/03_load_data.py
[2025-06-04T23:21:49.264+0000] {logging_mixin.py:190} INFO - [2025-06-04T23:21:49.264+0000] {dag.py:3239} INFO - Sync 1 DAGs
[2025-06-04T23:21:49.278+0000] {logging_mixin.py:190} INFO - [2025-06-04T23:21:49.278+0000] {dag.py:4180} INFO - Setting next_dagrun for 03_load_data to None, run_after=None
[2025-06-04T23:21:49.298+0000] {processor.py:208} INFO - Processing /opt/airflow/dags/03_load_data.py took 0.186 seconds
[2025-06-04T23:22:19.977+0000] {processor.py:186} INFO - Started process (PID=816) to work on /opt/airflow/dags/03_load_data.py
[2025-06-04T23:22:19.978+0000] {processor.py:914} INFO - Processing file /opt/airflow/dags/03_load_data.py for tasks to queue
[2025-06-04T23:22:19.981+0000] {logging_mixin.py:190} INFO - [2025-06-04T23:22:19.980+0000] {dagbag.py:588} INFO - Filling up the DagBag from /opt/airflow/dags/03_load_data.py
[2025-06-04T23:22:20.094+0000] {processor.py:925} INFO - DAG(s) '03_load_data' retrieved from /opt/airflow/dags/03_load_data.py
[2025-06-04T23:22:20.123+0000] {logging_mixin.py:190} INFO - [2025-06-04T23:22:20.123+0000] {dag.py:3239} INFO - Sync 1 DAGs
[2025-06-04T23:22:20.141+0000] {logging_mixin.py:190} INFO - [2025-06-04T23:22:20.140+0000] {dag.py:4180} INFO - Setting next_dagrun for 03_load_data to None, run_after=None
[2025-06-04T23:22:20.165+0000] {processor.py:208} INFO - Processing /opt/airflow/dags/03_load_data.py took 0.193 seconds
[2025-06-04T23:22:50.766+0000] {processor.py:186} INFO - Started process (PID=827) to work on /opt/airflow/dags/03_load_data.py
[2025-06-04T23:22:50.767+0000] {processor.py:914} INFO - Processing file /opt/airflow/dags/03_load_data.py for tasks to queue
[2025-06-04T23:22:50.770+0000] {logging_mixin.py:190} INFO - [2025-06-04T23:22:50.769+0000] {dagbag.py:588} INFO - Filling up the DagBag from /opt/airflow/dags/03_load_data.py
[2025-06-04T23:22:50.884+0000] {processor.py:925} INFO - DAG(s) '03_load_data' retrieved from /opt/airflow/dags/03_load_data.py
[2025-06-04T23:22:50.910+0000] {logging_mixin.py:190} INFO - [2025-06-04T23:22:50.910+0000] {dag.py:3239} INFO - Sync 1 DAGs
[2025-06-04T23:22:50.923+0000] {logging_mixin.py:190} INFO - [2025-06-04T23:22:50.923+0000] {dag.py:4180} INFO - Setting next_dagrun for 03_load_data to None, run_after=None
[2025-06-04T23:22:50.941+0000] {processor.py:208} INFO - Processing /opt/airflow/dags/03_load_data.py took 0.180 seconds
[2025-06-04T23:23:21.494+0000] {processor.py:186} INFO - Started process (PID=838) to work on /opt/airflow/dags/03_load_data.py
[2025-06-04T23:23:21.494+0000] {processor.py:914} INFO - Processing file /opt/airflow/dags/03_load_data.py for tasks to queue
[2025-06-04T23:23:21.497+0000] {logging_mixin.py:190} INFO - [2025-06-04T23:23:21.496+0000] {dagbag.py:588} INFO - Filling up the DagBag from /opt/airflow/dags/03_load_data.py
[2025-06-04T23:23:21.613+0000] {processor.py:925} INFO - DAG(s) '03_load_data' retrieved from /opt/airflow/dags/03_load_data.py
[2025-06-04T23:23:21.643+0000] {logging_mixin.py:190} INFO - [2025-06-04T23:23:21.643+0000] {dag.py:3239} INFO - Sync 1 DAGs
[2025-06-04T23:23:21.658+0000] {logging_mixin.py:190} INFO - [2025-06-04T23:23:21.658+0000] {dag.py:4180} INFO - Setting next_dagrun for 03_load_data to None, run_after=None
[2025-06-04T23:23:21.677+0000] {processor.py:208} INFO - Processing /opt/airflow/dags/03_load_data.py took 0.188 seconds
[2025-06-04T23:23:52.390+0000] {processor.py:186} INFO - Started process (PID=849) to work on /opt/airflow/dags/03_load_data.py
[2025-06-04T23:23:52.391+0000] {processor.py:914} INFO - Processing file /opt/airflow/dags/03_load_data.py for tasks to queue
[2025-06-04T23:23:52.393+0000] {logging_mixin.py:190} INFO - [2025-06-04T23:23:52.393+0000] {dagbag.py:588} INFO - Filling up the DagBag from /opt/airflow/dags/03_load_data.py
[2025-06-04T23:23:52.507+0000] {processor.py:925} INFO - DAG(s) '03_load_data' retrieved from /opt/airflow/dags/03_load_data.py
[2025-06-04T23:23:52.532+0000] {logging_mixin.py:190} INFO - [2025-06-04T23:23:52.532+0000] {dag.py:3239} INFO - Sync 1 DAGs
[2025-06-04T23:23:52.546+0000] {logging_mixin.py:190} INFO - [2025-06-04T23:23:52.545+0000] {dag.py:4180} INFO - Setting next_dagrun for 03_load_data to None, run_after=None
[2025-06-04T23:23:52.564+0000] {processor.py:208} INFO - Processing /opt/airflow/dags/03_load_data.py took 0.181 seconds
[2025-06-04T23:24:23.220+0000] {processor.py:186} INFO - Started process (PID=860) to work on /opt/airflow/dags/03_load_data.py
[2025-06-04T23:24:23.221+0000] {processor.py:914} INFO - Processing file /opt/airflow/dags/03_load_data.py for tasks to queue
[2025-06-04T23:24:23.225+0000] {logging_mixin.py:190} INFO - [2025-06-04T23:24:23.224+0000] {dagbag.py:588} INFO - Filling up the DagBag from /opt/airflow/dags/03_load_data.py
[2025-06-04T23:24:23.375+0000] {processor.py:925} INFO - DAG(s) '03_load_data' retrieved from /opt/airflow/dags/03_load_data.py
[2025-06-04T23:24:23.402+0000] {logging_mixin.py:190} INFO - [2025-06-04T23:24:23.401+0000] {dag.py:3239} INFO - Sync 1 DAGs
[2025-06-04T23:24:23.417+0000] {logging_mixin.py:190} INFO - [2025-06-04T23:24:23.417+0000] {dag.py:4180} INFO - Setting next_dagrun for 03_load_data to None, run_after=None
[2025-06-04T23:24:23.435+0000] {processor.py:208} INFO - Processing /opt/airflow/dags/03_load_data.py took 0.222 seconds
[2025-06-04T23:24:54.138+0000] {processor.py:186} INFO - Started process (PID=871) to work on /opt/airflow/dags/03_load_data.py
[2025-06-04T23:24:54.139+0000] {processor.py:914} INFO - Processing file /opt/airflow/dags/03_load_data.py for tasks to queue
[2025-06-04T23:24:54.141+0000] {logging_mixin.py:190} INFO - [2025-06-04T23:24:54.141+0000] {dagbag.py:588} INFO - Filling up the DagBag from /opt/airflow/dags/03_load_data.py
[2025-06-04T23:24:54.267+0000] {processor.py:925} INFO - DAG(s) '03_load_data' retrieved from /opt/airflow/dags/03_load_data.py
[2025-06-04T23:24:54.298+0000] {logging_mixin.py:190} INFO - [2025-06-04T23:24:54.298+0000] {dag.py:3239} INFO - Sync 1 DAGs
[2025-06-04T23:24:54.314+0000] {logging_mixin.py:190} INFO - [2025-06-04T23:24:54.314+0000] {dag.py:4180} INFO - Setting next_dagrun for 03_load_data to None, run_after=None
[2025-06-04T23:24:54.336+0000] {processor.py:208} INFO - Processing /opt/airflow/dags/03_load_data.py took 0.203 seconds
