[2025-06-04T22:47:54.996+0000] {processor.py:186} INFO - Started process (PID=59) to work on /opt/airflow/dags/04_transform_data.py
[2025-06-04T22:47:54.998+0000] {processor.py:914} INFO - Processing file /opt/airflow/dags/04_transform_data.py for tasks to queue
[2025-06-04T22:47:55.002+0000] {logging_mixin.py:190} INFO - [2025-06-04T22:47:55.002+0000] {dagbag.py:588} INFO - Filling up the DagBag from /opt/airflow/dags/04_transform_data.py
[2025-06-04T22:47:55.039+0000] {processor.py:925} INFO - DAG(s) '04_transform_data' retrieved from /opt/airflow/dags/04_transform_data.py
[2025-06-04T22:47:55.090+0000] {logging_mixin.py:190} INFO - [2025-06-04T22:47:55.090+0000] {dag.py:3239} INFO - Sync 1 DAGs
[2025-06-04T22:47:55.119+0000] {logging_mixin.py:190} INFO - [2025-06-04T22:47:55.119+0000] {dag.py:4180} INFO - Setting next_dagrun for 04_transform_data to None, run_after=None
[2025-06-04T22:47:55.151+0000] {processor.py:208} INFO - Processing /opt/airflow/dags/04_transform_data.py took 0.167 seconds
[2025-06-04T22:48:25.761+0000] {processor.py:186} INFO - Started process (PID=70) to work on /opt/airflow/dags/04_transform_data.py
[2025-06-04T22:48:25.762+0000] {processor.py:914} INFO - Processing file /opt/airflow/dags/04_transform_data.py for tasks to queue
[2025-06-04T22:48:25.766+0000] {logging_mixin.py:190} INFO - [2025-06-04T22:48:25.765+0000] {dagbag.py:588} INFO - Filling up the DagBag from /opt/airflow/dags/04_transform_data.py
[2025-06-04T22:48:25.795+0000] {processor.py:925} INFO - DAG(s) '04_transform_data' retrieved from /opt/airflow/dags/04_transform_data.py
[2025-06-04T22:48:25.827+0000] {logging_mixin.py:190} INFO - [2025-06-04T22:48:25.826+0000] {dag.py:3239} INFO - Sync 1 DAGs
[2025-06-04T22:48:25.844+0000] {logging_mixin.py:190} INFO - [2025-06-04T22:48:25.844+0000] {dag.py:4180} INFO - Setting next_dagrun for 04_transform_data to None, run_after=None
[2025-06-04T22:48:25.862+0000] {processor.py:208} INFO - Processing /opt/airflow/dags/04_transform_data.py took 0.108 seconds
[2025-06-04T22:48:56.590+0000] {processor.py:186} INFO - Started process (PID=81) to work on /opt/airflow/dags/04_transform_data.py
[2025-06-04T22:48:56.591+0000] {processor.py:914} INFO - Processing file /opt/airflow/dags/04_transform_data.py for tasks to queue
[2025-06-04T22:48:56.594+0000] {logging_mixin.py:190} INFO - [2025-06-04T22:48:56.594+0000] {dagbag.py:588} INFO - Filling up the DagBag from /opt/airflow/dags/04_transform_data.py
[2025-06-04T22:48:56.622+0000] {processor.py:925} INFO - DAG(s) '04_transform_data' retrieved from /opt/airflow/dags/04_transform_data.py
[2025-06-04T22:48:56.655+0000] {logging_mixin.py:190} INFO - [2025-06-04T22:48:56.655+0000] {dag.py:3239} INFO - Sync 1 DAGs
[2025-06-04T22:48:56.672+0000] {logging_mixin.py:190} INFO - [2025-06-04T22:48:56.672+0000] {dag.py:4180} INFO - Setting next_dagrun for 04_transform_data to None, run_after=None
[2025-06-04T22:48:56.691+0000] {processor.py:208} INFO - Processing /opt/airflow/dags/04_transform_data.py took 0.107 seconds
[2025-06-04T22:49:27.447+0000] {processor.py:186} INFO - Started process (PID=92) to work on /opt/airflow/dags/04_transform_data.py
[2025-06-04T22:49:27.448+0000] {processor.py:914} INFO - Processing file /opt/airflow/dags/04_transform_data.py for tasks to queue
[2025-06-04T22:49:27.452+0000] {logging_mixin.py:190} INFO - [2025-06-04T22:49:27.451+0000] {dagbag.py:588} INFO - Filling up the DagBag from /opt/airflow/dags/04_transform_data.py
[2025-06-04T22:49:27.481+0000] {processor.py:925} INFO - DAG(s) '04_transform_data' retrieved from /opt/airflow/dags/04_transform_data.py
[2025-06-04T22:49:27.511+0000] {logging_mixin.py:190} INFO - [2025-06-04T22:49:27.511+0000] {dag.py:3239} INFO - Sync 1 DAGs
[2025-06-04T22:49:27.526+0000] {logging_mixin.py:190} INFO - [2025-06-04T22:49:27.526+0000] {dag.py:4180} INFO - Setting next_dagrun for 04_transform_data to None, run_after=None
[2025-06-04T22:49:27.542+0000] {processor.py:208} INFO - Processing /opt/airflow/dags/04_transform_data.py took 0.101 seconds
[2025-06-04T22:49:58.273+0000] {processor.py:186} INFO - Started process (PID=103) to work on /opt/airflow/dags/04_transform_data.py
[2025-06-04T22:49:58.274+0000] {processor.py:914} INFO - Processing file /opt/airflow/dags/04_transform_data.py for tasks to queue
[2025-06-04T22:49:58.276+0000] {logging_mixin.py:190} INFO - [2025-06-04T22:49:58.276+0000] {dagbag.py:588} INFO - Filling up the DagBag from /opt/airflow/dags/04_transform_data.py
[2025-06-04T22:49:58.302+0000] {processor.py:925} INFO - DAG(s) '04_transform_data' retrieved from /opt/airflow/dags/04_transform_data.py
[2025-06-04T22:49:58.329+0000] {logging_mixin.py:190} INFO - [2025-06-04T22:49:58.328+0000] {dag.py:3239} INFO - Sync 1 DAGs
[2025-06-04T22:49:58.341+0000] {logging_mixin.py:190} INFO - [2025-06-04T22:49:58.341+0000] {dag.py:4180} INFO - Setting next_dagrun for 04_transform_data to None, run_after=None
[2025-06-04T22:49:58.356+0000] {processor.py:208} INFO - Processing /opt/airflow/dags/04_transform_data.py took 0.088 seconds
[2025-06-04T22:50:29.118+0000] {processor.py:186} INFO - Started process (PID=114) to work on /opt/airflow/dags/04_transform_data.py
[2025-06-04T22:50:29.119+0000] {processor.py:914} INFO - Processing file /opt/airflow/dags/04_transform_data.py for tasks to queue
[2025-06-04T22:50:29.121+0000] {logging_mixin.py:190} INFO - [2025-06-04T22:50:29.121+0000] {dagbag.py:588} INFO - Filling up the DagBag from /opt/airflow/dags/04_transform_data.py
[2025-06-04T22:50:29.147+0000] {processor.py:925} INFO - DAG(s) '04_transform_data' retrieved from /opt/airflow/dags/04_transform_data.py
[2025-06-04T22:50:29.173+0000] {logging_mixin.py:190} INFO - [2025-06-04T22:50:29.173+0000] {dag.py:3239} INFO - Sync 1 DAGs
[2025-06-04T22:50:29.195+0000] {logging_mixin.py:190} INFO - [2025-06-04T22:50:29.195+0000] {dag.py:4180} INFO - Setting next_dagrun for 04_transform_data to None, run_after=None
[2025-06-04T22:50:29.215+0000] {processor.py:208} INFO - Processing /opt/airflow/dags/04_transform_data.py took 0.103 seconds
[2025-06-04T22:50:59.954+0000] {processor.py:186} INFO - Started process (PID=131) to work on /opt/airflow/dags/04_transform_data.py
[2025-06-04T22:50:59.955+0000] {processor.py:914} INFO - Processing file /opt/airflow/dags/04_transform_data.py for tasks to queue
[2025-06-04T22:50:59.957+0000] {logging_mixin.py:190} INFO - [2025-06-04T22:50:59.957+0000] {dagbag.py:588} INFO - Filling up the DagBag from /opt/airflow/dags/04_transform_data.py
[2025-06-04T22:50:59.983+0000] {processor.py:925} INFO - DAG(s) '04_transform_data' retrieved from /opt/airflow/dags/04_transform_data.py
[2025-06-04T22:51:00.011+0000] {logging_mixin.py:190} INFO - [2025-06-04T22:51:00.011+0000] {dag.py:3239} INFO - Sync 1 DAGs
[2025-06-04T22:51:00.026+0000] {logging_mixin.py:190} INFO - [2025-06-04T22:51:00.026+0000] {dag.py:4180} INFO - Setting next_dagrun for 04_transform_data to None, run_after=None
[2025-06-04T22:51:00.043+0000] {processor.py:208} INFO - Processing /opt/airflow/dags/04_transform_data.py took 0.095 seconds
[2025-06-04T22:51:30.832+0000] {processor.py:186} INFO - Started process (PID=142) to work on /opt/airflow/dags/04_transform_data.py
[2025-06-04T22:51:30.833+0000] {processor.py:914} INFO - Processing file /opt/airflow/dags/04_transform_data.py for tasks to queue
[2025-06-04T22:51:30.835+0000] {logging_mixin.py:190} INFO - [2025-06-04T22:51:30.835+0000] {dagbag.py:588} INFO - Filling up the DagBag from /opt/airflow/dags/04_transform_data.py
[2025-06-04T22:51:30.859+0000] {processor.py:925} INFO - DAG(s) '04_transform_data' retrieved from /opt/airflow/dags/04_transform_data.py
[2025-06-04T22:51:30.888+0000] {logging_mixin.py:190} INFO - [2025-06-04T22:51:30.887+0000] {dag.py:3239} INFO - Sync 1 DAGs
[2025-06-04T22:51:30.904+0000] {logging_mixin.py:190} INFO - [2025-06-04T22:51:30.904+0000] {dag.py:4180} INFO - Setting next_dagrun for 04_transform_data to None, run_after=None
[2025-06-04T22:51:30.924+0000] {processor.py:208} INFO - Processing /opt/airflow/dags/04_transform_data.py took 0.098 seconds
[2025-06-04T22:52:01.713+0000] {processor.py:186} INFO - Started process (PID=153) to work on /opt/airflow/dags/04_transform_data.py
[2025-06-04T22:52:01.714+0000] {processor.py:914} INFO - Processing file /opt/airflow/dags/04_transform_data.py for tasks to queue
[2025-06-04T22:52:01.716+0000] {logging_mixin.py:190} INFO - [2025-06-04T22:52:01.716+0000] {dagbag.py:588} INFO - Filling up the DagBag from /opt/airflow/dags/04_transform_data.py
[2025-06-04T22:52:01.742+0000] {processor.py:925} INFO - DAG(s) '04_transform_data' retrieved from /opt/airflow/dags/04_transform_data.py
[2025-06-04T22:52:01.770+0000] {logging_mixin.py:190} INFO - [2025-06-04T22:52:01.770+0000] {dag.py:3239} INFO - Sync 1 DAGs
[2025-06-04T22:52:01.786+0000] {logging_mixin.py:190} INFO - [2025-06-04T22:52:01.786+0000] {dag.py:4180} INFO - Setting next_dagrun for 04_transform_data to None, run_after=None
[2025-06-04T22:52:01.804+0000] {processor.py:208} INFO - Processing /opt/airflow/dags/04_transform_data.py took 0.097 seconds
[2025-06-04T22:52:32.588+0000] {processor.py:186} INFO - Started process (PID=164) to work on /opt/airflow/dags/04_transform_data.py
[2025-06-04T22:52:32.589+0000] {processor.py:914} INFO - Processing file /opt/airflow/dags/04_transform_data.py for tasks to queue
[2025-06-04T22:52:32.591+0000] {logging_mixin.py:190} INFO - [2025-06-04T22:52:32.591+0000] {dagbag.py:588} INFO - Filling up the DagBag from /opt/airflow/dags/04_transform_data.py
[2025-06-04T22:52:32.616+0000] {processor.py:925} INFO - DAG(s) '04_transform_data' retrieved from /opt/airflow/dags/04_transform_data.py
[2025-06-04T22:52:32.646+0000] {logging_mixin.py:190} INFO - [2025-06-04T22:52:32.646+0000] {dag.py:3239} INFO - Sync 1 DAGs
[2025-06-04T22:52:32.665+0000] {logging_mixin.py:190} INFO - [2025-06-04T22:52:32.664+0000] {dag.py:4180} INFO - Setting next_dagrun for 04_transform_data to None, run_after=None
[2025-06-04T22:52:32.682+0000] {processor.py:208} INFO - Processing /opt/airflow/dags/04_transform_data.py took 0.101 seconds
[2025-06-04T22:53:03.378+0000] {processor.py:186} INFO - Started process (PID=175) to work on /opt/airflow/dags/04_transform_data.py
[2025-06-04T22:53:03.379+0000] {processor.py:914} INFO - Processing file /opt/airflow/dags/04_transform_data.py for tasks to queue
[2025-06-04T22:53:03.381+0000] {logging_mixin.py:190} INFO - [2025-06-04T22:53:03.381+0000] {dagbag.py:588} INFO - Filling up the DagBag from /opt/airflow/dags/04_transform_data.py
[2025-06-04T22:53:03.406+0000] {processor.py:925} INFO - DAG(s) '04_transform_data' retrieved from /opt/airflow/dags/04_transform_data.py
[2025-06-04T22:53:03.431+0000] {logging_mixin.py:190} INFO - [2025-06-04T22:53:03.431+0000] {dag.py:3239} INFO - Sync 1 DAGs
[2025-06-04T22:53:03.445+0000] {logging_mixin.py:190} INFO - [2025-06-04T22:53:03.444+0000] {dag.py:4180} INFO - Setting next_dagrun for 04_transform_data to None, run_after=None
[2025-06-04T22:53:03.462+0000] {processor.py:208} INFO - Processing /opt/airflow/dags/04_transform_data.py took 0.090 seconds
[2025-06-04T22:53:34.214+0000] {processor.py:186} INFO - Started process (PID=186) to work on /opt/airflow/dags/04_transform_data.py
[2025-06-04T22:53:34.214+0000] {processor.py:914} INFO - Processing file /opt/airflow/dags/04_transform_data.py for tasks to queue
[2025-06-04T22:53:34.217+0000] {logging_mixin.py:190} INFO - [2025-06-04T22:53:34.217+0000] {dagbag.py:588} INFO - Filling up the DagBag from /opt/airflow/dags/04_transform_data.py
[2025-06-04T22:53:34.243+0000] {processor.py:925} INFO - DAG(s) '04_transform_data' retrieved from /opt/airflow/dags/04_transform_data.py
[2025-06-04T22:53:34.269+0000] {logging_mixin.py:190} INFO - [2025-06-04T22:53:34.268+0000] {dag.py:3239} INFO - Sync 1 DAGs
[2025-06-04T22:53:34.284+0000] {logging_mixin.py:190} INFO - [2025-06-04T22:53:34.283+0000] {dag.py:4180} INFO - Setting next_dagrun for 04_transform_data to None, run_after=None
[2025-06-04T22:53:34.300+0000] {processor.py:208} INFO - Processing /opt/airflow/dags/04_transform_data.py took 0.092 seconds
[2025-06-04T22:54:05.109+0000] {processor.py:186} INFO - Started process (PID=197) to work on /opt/airflow/dags/04_transform_data.py
[2025-06-04T22:54:05.110+0000] {processor.py:914} INFO - Processing file /opt/airflow/dags/04_transform_data.py for tasks to queue
[2025-06-04T22:54:05.112+0000] {logging_mixin.py:190} INFO - [2025-06-04T22:54:05.112+0000] {dagbag.py:588} INFO - Filling up the DagBag from /opt/airflow/dags/04_transform_data.py
[2025-06-04T22:54:05.137+0000] {processor.py:925} INFO - DAG(s) '04_transform_data' retrieved from /opt/airflow/dags/04_transform_data.py
[2025-06-04T22:54:05.163+0000] {logging_mixin.py:190} INFO - [2025-06-04T22:54:05.162+0000] {dag.py:3239} INFO - Sync 1 DAGs
[2025-06-04T22:54:05.175+0000] {logging_mixin.py:190} INFO - [2025-06-04T22:54:05.175+0000] {dag.py:4180} INFO - Setting next_dagrun for 04_transform_data to None, run_after=None
[2025-06-04T22:54:05.192+0000] {processor.py:208} INFO - Processing /opt/airflow/dags/04_transform_data.py took 0.089 seconds
[2025-06-04T22:54:35.942+0000] {processor.py:186} INFO - Started process (PID=208) to work on /opt/airflow/dags/04_transform_data.py
[2025-06-04T22:54:35.943+0000] {processor.py:914} INFO - Processing file /opt/airflow/dags/04_transform_data.py for tasks to queue
[2025-06-04T22:54:35.945+0000] {logging_mixin.py:190} INFO - [2025-06-04T22:54:35.945+0000] {dagbag.py:588} INFO - Filling up the DagBag from /opt/airflow/dags/04_transform_data.py
[2025-06-04T22:54:35.970+0000] {processor.py:925} INFO - DAG(s) '04_transform_data' retrieved from /opt/airflow/dags/04_transform_data.py
[2025-06-04T22:54:35.996+0000] {logging_mixin.py:190} INFO - [2025-06-04T22:54:35.996+0000] {dag.py:3239} INFO - Sync 1 DAGs
[2025-06-04T22:54:36.010+0000] {logging_mixin.py:190} INFO - [2025-06-04T22:54:36.010+0000] {dag.py:4180} INFO - Setting next_dagrun for 04_transform_data to None, run_after=None
[2025-06-04T22:54:36.027+0000] {processor.py:208} INFO - Processing /opt/airflow/dags/04_transform_data.py took 0.090 seconds
[2025-06-04T22:55:06.865+0000] {processor.py:186} INFO - Started process (PID=219) to work on /opt/airflow/dags/04_transform_data.py
[2025-06-04T22:55:06.865+0000] {processor.py:914} INFO - Processing file /opt/airflow/dags/04_transform_data.py for tasks to queue
[2025-06-04T22:55:06.868+0000] {logging_mixin.py:190} INFO - [2025-06-04T22:55:06.868+0000] {dagbag.py:588} INFO - Filling up the DagBag from /opt/airflow/dags/04_transform_data.py
[2025-06-04T22:55:06.893+0000] {processor.py:925} INFO - DAG(s) '04_transform_data' retrieved from /opt/airflow/dags/04_transform_data.py
[2025-06-04T22:55:06.919+0000] {logging_mixin.py:190} INFO - [2025-06-04T22:55:06.919+0000] {dag.py:3239} INFO - Sync 1 DAGs
[2025-06-04T22:55:06.932+0000] {logging_mixin.py:190} INFO - [2025-06-04T22:55:06.932+0000] {dag.py:4180} INFO - Setting next_dagrun for 04_transform_data to None, run_after=None
[2025-06-04T22:55:06.949+0000] {processor.py:208} INFO - Processing /opt/airflow/dags/04_transform_data.py took 0.090 seconds
[2025-06-04T22:55:37.577+0000] {processor.py:186} INFO - Started process (PID=230) to work on /opt/airflow/dags/04_transform_data.py
[2025-06-04T22:55:37.578+0000] {processor.py:914} INFO - Processing file /opt/airflow/dags/04_transform_data.py for tasks to queue
[2025-06-04T22:55:37.580+0000] {logging_mixin.py:190} INFO - [2025-06-04T22:55:37.579+0000] {dagbag.py:588} INFO - Filling up the DagBag from /opt/airflow/dags/04_transform_data.py
[2025-06-04T22:55:37.605+0000] {processor.py:925} INFO - DAG(s) '04_transform_data' retrieved from /opt/airflow/dags/04_transform_data.py
[2025-06-04T22:55:37.635+0000] {logging_mixin.py:190} INFO - [2025-06-04T22:55:37.635+0000] {dag.py:3239} INFO - Sync 1 DAGs
[2025-06-04T22:55:37.651+0000] {logging_mixin.py:190} INFO - [2025-06-04T22:55:37.651+0000] {dag.py:4180} INFO - Setting next_dagrun for 04_transform_data to None, run_after=None
[2025-06-04T22:55:37.668+0000] {processor.py:208} INFO - Processing /opt/airflow/dags/04_transform_data.py took 0.096 seconds
[2025-06-04T22:56:08.363+0000] {processor.py:186} INFO - Started process (PID=242) to work on /opt/airflow/dags/04_transform_data.py
[2025-06-04T22:56:08.364+0000] {processor.py:914} INFO - Processing file /opt/airflow/dags/04_transform_data.py for tasks to queue
[2025-06-04T22:56:08.366+0000] {logging_mixin.py:190} INFO - [2025-06-04T22:56:08.366+0000] {dagbag.py:588} INFO - Filling up the DagBag from /opt/airflow/dags/04_transform_data.py
[2025-06-04T22:56:08.394+0000] {processor.py:925} INFO - DAG(s) '04_transform_data' retrieved from /opt/airflow/dags/04_transform_data.py
[2025-06-04T22:56:08.422+0000] {logging_mixin.py:190} INFO - [2025-06-04T22:56:08.422+0000] {dag.py:3239} INFO - Sync 1 DAGs
[2025-06-04T22:56:08.441+0000] {logging_mixin.py:190} INFO - [2025-06-04T22:56:08.441+0000] {dag.py:4180} INFO - Setting next_dagrun for 04_transform_data to None, run_after=None
[2025-06-04T22:56:08.459+0000] {processor.py:208} INFO - Processing /opt/airflow/dags/04_transform_data.py took 0.103 seconds
[2025-06-04T22:56:39.089+0000] {processor.py:186} INFO - Started process (PID=253) to work on /opt/airflow/dags/04_transform_data.py
[2025-06-04T22:56:39.090+0000] {processor.py:914} INFO - Processing file /opt/airflow/dags/04_transform_data.py for tasks to queue
[2025-06-04T22:56:39.091+0000] {logging_mixin.py:190} INFO - [2025-06-04T22:56:39.091+0000] {dagbag.py:588} INFO - Filling up the DagBag from /opt/airflow/dags/04_transform_data.py
[2025-06-04T22:56:39.118+0000] {processor.py:925} INFO - DAG(s) '04_transform_data' retrieved from /opt/airflow/dags/04_transform_data.py
[2025-06-04T22:56:39.147+0000] {logging_mixin.py:190} INFO - [2025-06-04T22:56:39.147+0000] {dag.py:3239} INFO - Sync 1 DAGs
[2025-06-04T22:56:39.164+0000] {logging_mixin.py:190} INFO - [2025-06-04T22:56:39.164+0000] {dag.py:4180} INFO - Setting next_dagrun for 04_transform_data to None, run_after=None
[2025-06-04T22:56:39.184+0000] {processor.py:208} INFO - Processing /opt/airflow/dags/04_transform_data.py took 0.101 seconds
[2025-06-04T22:57:09.767+0000] {processor.py:186} INFO - Started process (PID=264) to work on /opt/airflow/dags/04_transform_data.py
[2025-06-04T22:57:09.768+0000] {processor.py:914} INFO - Processing file /opt/airflow/dags/04_transform_data.py for tasks to queue
[2025-06-04T22:57:09.771+0000] {logging_mixin.py:190} INFO - [2025-06-04T22:57:09.771+0000] {dagbag.py:588} INFO - Filling up the DagBag from /opt/airflow/dags/04_transform_data.py
[2025-06-04T22:57:09.797+0000] {processor.py:925} INFO - DAG(s) '04_transform_data' retrieved from /opt/airflow/dags/04_transform_data.py
[2025-06-04T22:57:09.825+0000] {logging_mixin.py:190} INFO - [2025-06-04T22:57:09.825+0000] {dag.py:3239} INFO - Sync 1 DAGs
[2025-06-04T22:57:09.840+0000] {logging_mixin.py:190} INFO - [2025-06-04T22:57:09.840+0000] {dag.py:4180} INFO - Setting next_dagrun for 04_transform_data to None, run_after=None
[2025-06-04T22:57:09.856+0000] {processor.py:208} INFO - Processing /opt/airflow/dags/04_transform_data.py took 0.095 seconds
[2025-06-04T22:57:40.547+0000] {processor.py:186} INFO - Started process (PID=275) to work on /opt/airflow/dags/04_transform_data.py
[2025-06-04T22:57:40.548+0000] {processor.py:914} INFO - Processing file /opt/airflow/dags/04_transform_data.py for tasks to queue
[2025-06-04T22:57:40.550+0000] {logging_mixin.py:190} INFO - [2025-06-04T22:57:40.550+0000] {dagbag.py:588} INFO - Filling up the DagBag from /opt/airflow/dags/04_transform_data.py
[2025-06-04T22:57:40.579+0000] {processor.py:925} INFO - DAG(s) '04_transform_data' retrieved from /opt/airflow/dags/04_transform_data.py
[2025-06-04T22:57:40.606+0000] {logging_mixin.py:190} INFO - [2025-06-04T22:57:40.606+0000] {dag.py:3239} INFO - Sync 1 DAGs
[2025-06-04T22:57:40.620+0000] {logging_mixin.py:190} INFO - [2025-06-04T22:57:40.620+0000] {dag.py:4180} INFO - Setting next_dagrun for 04_transform_data to None, run_after=None
[2025-06-04T22:57:40.637+0000] {processor.py:208} INFO - Processing /opt/airflow/dags/04_transform_data.py took 0.098 seconds
[2025-06-04T22:58:11.427+0000] {processor.py:186} INFO - Started process (PID=286) to work on /opt/airflow/dags/04_transform_data.py
[2025-06-04T22:58:11.428+0000] {processor.py:914} INFO - Processing file /opt/airflow/dags/04_transform_data.py for tasks to queue
[2025-06-04T22:58:11.430+0000] {logging_mixin.py:190} INFO - [2025-06-04T22:58:11.430+0000] {dagbag.py:588} INFO - Filling up the DagBag from /opt/airflow/dags/04_transform_data.py
[2025-06-04T22:58:11.456+0000] {processor.py:925} INFO - DAG(s) '04_transform_data' retrieved from /opt/airflow/dags/04_transform_data.py
[2025-06-04T22:58:11.483+0000] {logging_mixin.py:190} INFO - [2025-06-04T22:58:11.483+0000] {dag.py:3239} INFO - Sync 1 DAGs
[2025-06-04T22:58:11.499+0000] {logging_mixin.py:190} INFO - [2025-06-04T22:58:11.499+0000] {dag.py:4180} INFO - Setting next_dagrun for 04_transform_data to None, run_after=None
[2025-06-04T22:58:11.516+0000] {processor.py:208} INFO - Processing /opt/airflow/dags/04_transform_data.py took 0.096 seconds
[2025-06-04T22:58:42.275+0000] {processor.py:186} INFO - Started process (PID=297) to work on /opt/airflow/dags/04_transform_data.py
[2025-06-04T22:58:42.276+0000] {processor.py:914} INFO - Processing file /opt/airflow/dags/04_transform_data.py for tasks to queue
[2025-06-04T22:58:42.279+0000] {logging_mixin.py:190} INFO - [2025-06-04T22:58:42.279+0000] {dagbag.py:588} INFO - Filling up the DagBag from /opt/airflow/dags/04_transform_data.py
[2025-06-04T22:58:42.308+0000] {processor.py:925} INFO - DAG(s) '04_transform_data' retrieved from /opt/airflow/dags/04_transform_data.py
[2025-06-04T22:58:42.336+0000] {logging_mixin.py:190} INFO - [2025-06-04T22:58:42.335+0000] {dag.py:3239} INFO - Sync 1 DAGs
[2025-06-04T22:58:42.352+0000] {logging_mixin.py:190} INFO - [2025-06-04T22:58:42.352+0000] {dag.py:4180} INFO - Setting next_dagrun for 04_transform_data to None, run_after=None
[2025-06-04T22:58:42.369+0000] {processor.py:208} INFO - Processing /opt/airflow/dags/04_transform_data.py took 0.102 seconds
[2025-06-04T22:59:13.010+0000] {processor.py:186} INFO - Started process (PID=309) to work on /opt/airflow/dags/04_transform_data.py
[2025-06-04T22:59:13.011+0000] {processor.py:914} INFO - Processing file /opt/airflow/dags/04_transform_data.py for tasks to queue
[2025-06-04T22:59:13.014+0000] {logging_mixin.py:190} INFO - [2025-06-04T22:59:13.013+0000] {dagbag.py:588} INFO - Filling up the DagBag from /opt/airflow/dags/04_transform_data.py
[2025-06-04T22:59:13.038+0000] {processor.py:925} INFO - DAG(s) '04_transform_data' retrieved from /opt/airflow/dags/04_transform_data.py
[2025-06-04T22:59:13.064+0000] {logging_mixin.py:190} INFO - [2025-06-04T22:59:13.064+0000] {dag.py:3239} INFO - Sync 1 DAGs
[2025-06-04T22:59:13.078+0000] {logging_mixin.py:190} INFO - [2025-06-04T22:59:13.078+0000] {dag.py:4180} INFO - Setting next_dagrun for 04_transform_data to None, run_after=None
[2025-06-04T22:59:13.095+0000] {processor.py:208} INFO - Processing /opt/airflow/dags/04_transform_data.py took 0.090 seconds
[2025-06-04T22:59:43.806+0000] {processor.py:186} INFO - Started process (PID=320) to work on /opt/airflow/dags/04_transform_data.py
[2025-06-04T22:59:43.807+0000] {processor.py:914} INFO - Processing file /opt/airflow/dags/04_transform_data.py for tasks to queue
[2025-06-04T22:59:43.810+0000] {logging_mixin.py:190} INFO - [2025-06-04T22:59:43.810+0000] {dagbag.py:588} INFO - Filling up the DagBag from /opt/airflow/dags/04_transform_data.py
[2025-06-04T22:59:43.836+0000] {processor.py:925} INFO - DAG(s) '04_transform_data' retrieved from /opt/airflow/dags/04_transform_data.py
[2025-06-04T22:59:43.866+0000] {logging_mixin.py:190} INFO - [2025-06-04T22:59:43.866+0000] {dag.py:3239} INFO - Sync 1 DAGs
[2025-06-04T22:59:43.884+0000] {logging_mixin.py:190} INFO - [2025-06-04T22:59:43.884+0000] {dag.py:4180} INFO - Setting next_dagrun for 04_transform_data to None, run_after=None
[2025-06-04T22:59:43.904+0000] {processor.py:208} INFO - Processing /opt/airflow/dags/04_transform_data.py took 0.103 seconds
[2025-06-04T23:00:14.500+0000] {processor.py:186} INFO - Started process (PID=332) to work on /opt/airflow/dags/04_transform_data.py
[2025-06-04T23:00:14.501+0000] {processor.py:914} INFO - Processing file /opt/airflow/dags/04_transform_data.py for tasks to queue
[2025-06-04T23:00:14.503+0000] {logging_mixin.py:190} INFO - [2025-06-04T23:00:14.503+0000] {dagbag.py:588} INFO - Filling up the DagBag from /opt/airflow/dags/04_transform_data.py
[2025-06-04T23:00:14.529+0000] {processor.py:925} INFO - DAG(s) '04_transform_data' retrieved from /opt/airflow/dags/04_transform_data.py
[2025-06-04T23:00:14.554+0000] {logging_mixin.py:190} INFO - [2025-06-04T23:00:14.554+0000] {dag.py:3239} INFO - Sync 1 DAGs
[2025-06-04T23:00:14.568+0000] {logging_mixin.py:190} INFO - [2025-06-04T23:00:14.567+0000] {dag.py:4180} INFO - Setting next_dagrun for 04_transform_data to None, run_after=None
[2025-06-04T23:00:14.584+0000] {processor.py:208} INFO - Processing /opt/airflow/dags/04_transform_data.py took 0.090 seconds
[2025-06-04T23:00:45.387+0000] {processor.py:186} INFO - Started process (PID=343) to work on /opt/airflow/dags/04_transform_data.py
[2025-06-04T23:00:45.388+0000] {processor.py:914} INFO - Processing file /opt/airflow/dags/04_transform_data.py for tasks to queue
[2025-06-04T23:00:45.390+0000] {logging_mixin.py:190} INFO - [2025-06-04T23:00:45.390+0000] {dagbag.py:588} INFO - Filling up the DagBag from /opt/airflow/dags/04_transform_data.py
[2025-06-04T23:00:45.419+0000] {processor.py:925} INFO - DAG(s) '04_transform_data' retrieved from /opt/airflow/dags/04_transform_data.py
[2025-06-04T23:00:45.447+0000] {logging_mixin.py:190} INFO - [2025-06-04T23:00:45.446+0000] {dag.py:3239} INFO - Sync 1 DAGs
[2025-06-04T23:00:45.460+0000] {logging_mixin.py:190} INFO - [2025-06-04T23:00:45.460+0000] {dag.py:4180} INFO - Setting next_dagrun for 04_transform_data to None, run_after=None
[2025-06-04T23:00:45.477+0000] {processor.py:208} INFO - Processing /opt/airflow/dags/04_transform_data.py took 0.098 seconds
[2025-06-04T23:01:16.270+0000] {processor.py:186} INFO - Started process (PID=355) to work on /opt/airflow/dags/04_transform_data.py
[2025-06-04T23:01:16.272+0000] {processor.py:914} INFO - Processing file /opt/airflow/dags/04_transform_data.py for tasks to queue
[2025-06-04T23:01:16.276+0000] {logging_mixin.py:190} INFO - [2025-06-04T23:01:16.275+0000] {dagbag.py:588} INFO - Filling up the DagBag from /opt/airflow/dags/04_transform_data.py
[2025-06-04T23:01:16.311+0000] {processor.py:925} INFO - DAG(s) '04_transform_data' retrieved from /opt/airflow/dags/04_transform_data.py
[2025-06-04T23:01:16.351+0000] {logging_mixin.py:190} INFO - [2025-06-04T23:01:16.350+0000] {dag.py:3239} INFO - Sync 1 DAGs
[2025-06-04T23:01:16.371+0000] {logging_mixin.py:190} INFO - [2025-06-04T23:01:16.370+0000] {dag.py:4180} INFO - Setting next_dagrun for 04_transform_data to None, run_after=None
[2025-06-04T23:01:16.393+0000] {processor.py:208} INFO - Processing /opt/airflow/dags/04_transform_data.py took 0.134 seconds
[2025-06-04T23:01:47.098+0000] {processor.py:186} INFO - Started process (PID=366) to work on /opt/airflow/dags/04_transform_data.py
[2025-06-04T23:01:47.099+0000] {processor.py:914} INFO - Processing file /opt/airflow/dags/04_transform_data.py for tasks to queue
[2025-06-04T23:01:47.101+0000] {logging_mixin.py:190} INFO - [2025-06-04T23:01:47.101+0000] {dagbag.py:588} INFO - Filling up the DagBag from /opt/airflow/dags/04_transform_data.py
[2025-06-04T23:01:47.125+0000] {processor.py:925} INFO - DAG(s) '04_transform_data' retrieved from /opt/airflow/dags/04_transform_data.py
[2025-06-04T23:01:47.150+0000] {logging_mixin.py:190} INFO - [2025-06-04T23:01:47.150+0000] {dag.py:3239} INFO - Sync 1 DAGs
[2025-06-04T23:01:47.163+0000] {logging_mixin.py:190} INFO - [2025-06-04T23:01:47.163+0000] {dag.py:4180} INFO - Setting next_dagrun for 04_transform_data to None, run_after=None
[2025-06-04T23:01:47.180+0000] {processor.py:208} INFO - Processing /opt/airflow/dags/04_transform_data.py took 0.088 seconds
[2025-06-04T23:02:17.879+0000] {processor.py:186} INFO - Started process (PID=377) to work on /opt/airflow/dags/04_transform_data.py
[2025-06-04T23:02:17.880+0000] {processor.py:914} INFO - Processing file /opt/airflow/dags/04_transform_data.py for tasks to queue
[2025-06-04T23:02:17.883+0000] {logging_mixin.py:190} INFO - [2025-06-04T23:02:17.882+0000] {dagbag.py:588} INFO - Filling up the DagBag from /opt/airflow/dags/04_transform_data.py
[2025-06-04T23:02:17.908+0000] {processor.py:925} INFO - DAG(s) '04_transform_data' retrieved from /opt/airflow/dags/04_transform_data.py
[2025-06-04T23:02:17.935+0000] {logging_mixin.py:190} INFO - [2025-06-04T23:02:17.934+0000] {dag.py:3239} INFO - Sync 1 DAGs
[2025-06-04T23:02:17.948+0000] {logging_mixin.py:190} INFO - [2025-06-04T23:02:17.948+0000] {dag.py:4180} INFO - Setting next_dagrun for 04_transform_data to None, run_after=None
[2025-06-04T23:02:17.965+0000] {processor.py:208} INFO - Processing /opt/airflow/dags/04_transform_data.py took 0.091 seconds
[2025-06-04T23:02:48.594+0000] {processor.py:186} INFO - Started process (PID=388) to work on /opt/airflow/dags/04_transform_data.py
[2025-06-04T23:02:48.595+0000] {processor.py:914} INFO - Processing file /opt/airflow/dags/04_transform_data.py for tasks to queue
[2025-06-04T23:02:48.600+0000] {logging_mixin.py:190} INFO - [2025-06-04T23:02:48.599+0000] {dagbag.py:588} INFO - Filling up the DagBag from /opt/airflow/dags/04_transform_data.py
[2025-06-04T23:02:48.634+0000] {processor.py:925} INFO - DAG(s) '04_transform_data' retrieved from /opt/airflow/dags/04_transform_data.py
[2025-06-04T23:02:48.674+0000] {logging_mixin.py:190} INFO - [2025-06-04T23:02:48.674+0000] {dag.py:3239} INFO - Sync 1 DAGs
[2025-06-04T23:02:48.695+0000] {logging_mixin.py:190} INFO - [2025-06-04T23:02:48.695+0000] {dag.py:4180} INFO - Setting next_dagrun for 04_transform_data to None, run_after=None
[2025-06-04T23:02:48.722+0000] {processor.py:208} INFO - Processing /opt/airflow/dags/04_transform_data.py took 0.136 seconds
[2025-06-04T23:03:19.442+0000] {processor.py:186} INFO - Started process (PID=400) to work on /opt/airflow/dags/04_transform_data.py
[2025-06-04T23:03:19.443+0000] {processor.py:914} INFO - Processing file /opt/airflow/dags/04_transform_data.py for tasks to queue
[2025-06-04T23:03:19.447+0000] {logging_mixin.py:190} INFO - [2025-06-04T23:03:19.447+0000] {dagbag.py:588} INFO - Filling up the DagBag from /opt/airflow/dags/04_transform_data.py
[2025-06-04T23:03:19.479+0000] {processor.py:925} INFO - DAG(s) '04_transform_data' retrieved from /opt/airflow/dags/04_transform_data.py
[2025-06-04T23:03:19.512+0000] {logging_mixin.py:190} INFO - [2025-06-04T23:03:19.512+0000] {dag.py:3239} INFO - Sync 1 DAGs
[2025-06-04T23:03:19.529+0000] {logging_mixin.py:190} INFO - [2025-06-04T23:03:19.529+0000] {dag.py:4180} INFO - Setting next_dagrun for 04_transform_data to None, run_after=None
[2025-06-04T23:03:19.549+0000] {processor.py:208} INFO - Processing /opt/airflow/dags/04_transform_data.py took 0.116 seconds
[2025-06-04T23:03:50.242+0000] {processor.py:186} INFO - Started process (PID=411) to work on /opt/airflow/dags/04_transform_data.py
[2025-06-04T23:03:50.244+0000] {processor.py:914} INFO - Processing file /opt/airflow/dags/04_transform_data.py for tasks to queue
[2025-06-04T23:03:50.247+0000] {logging_mixin.py:190} INFO - [2025-06-04T23:03:50.247+0000] {dagbag.py:588} INFO - Filling up the DagBag from /opt/airflow/dags/04_transform_data.py
[2025-06-04T23:03:50.276+0000] {processor.py:925} INFO - DAG(s) '04_transform_data' retrieved from /opt/airflow/dags/04_transform_data.py
[2025-06-04T23:03:50.309+0000] {logging_mixin.py:190} INFO - [2025-06-04T23:03:50.309+0000] {dag.py:3239} INFO - Sync 1 DAGs
[2025-06-04T23:03:50.327+0000] {logging_mixin.py:190} INFO - [2025-06-04T23:03:50.326+0000] {dag.py:4180} INFO - Setting next_dagrun for 04_transform_data to None, run_after=None
[2025-06-04T23:03:50.346+0000] {processor.py:208} INFO - Processing /opt/airflow/dags/04_transform_data.py took 0.112 seconds
[2025-06-04T23:04:21.027+0000] {processor.py:186} INFO - Started process (PID=422) to work on /opt/airflow/dags/04_transform_data.py
[2025-06-04T23:04:21.028+0000] {processor.py:914} INFO - Processing file /opt/airflow/dags/04_transform_data.py for tasks to queue
[2025-06-04T23:04:21.031+0000] {logging_mixin.py:190} INFO - [2025-06-04T23:04:21.031+0000] {dagbag.py:588} INFO - Filling up the DagBag from /opt/airflow/dags/04_transform_data.py
[2025-06-04T23:04:21.059+0000] {processor.py:925} INFO - DAG(s) '04_transform_data' retrieved from /opt/airflow/dags/04_transform_data.py
[2025-06-04T23:04:21.087+0000] {logging_mixin.py:190} INFO - [2025-06-04T23:04:21.087+0000] {dag.py:3239} INFO - Sync 1 DAGs
[2025-06-04T23:04:21.102+0000] {logging_mixin.py:190} INFO - [2025-06-04T23:04:21.101+0000] {dag.py:4180} INFO - Setting next_dagrun for 04_transform_data to None, run_after=None
[2025-06-04T23:04:21.119+0000] {processor.py:208} INFO - Processing /opt/airflow/dags/04_transform_data.py took 0.100 seconds
[2025-06-04T23:04:51.744+0000] {processor.py:186} INFO - Started process (PID=433) to work on /opt/airflow/dags/04_transform_data.py
[2025-06-04T23:04:51.745+0000] {processor.py:914} INFO - Processing file /opt/airflow/dags/04_transform_data.py for tasks to queue
[2025-06-04T23:04:51.748+0000] {logging_mixin.py:190} INFO - [2025-06-04T23:04:51.747+0000] {dagbag.py:588} INFO - Filling up the DagBag from /opt/airflow/dags/04_transform_data.py
[2025-06-04T23:04:51.780+0000] {processor.py:925} INFO - DAG(s) '04_transform_data' retrieved from /opt/airflow/dags/04_transform_data.py
[2025-06-04T23:04:51.815+0000] {logging_mixin.py:190} INFO - [2025-06-04T23:04:51.814+0000] {dag.py:3239} INFO - Sync 1 DAGs
[2025-06-04T23:04:51.830+0000] {logging_mixin.py:190} INFO - [2025-06-04T23:04:51.830+0000] {dag.py:4180} INFO - Setting next_dagrun for 04_transform_data to None, run_after=None
[2025-06-04T23:04:51.848+0000] {processor.py:208} INFO - Processing /opt/airflow/dags/04_transform_data.py took 0.112 seconds
[2025-06-04T23:05:22.573+0000] {processor.py:186} INFO - Started process (PID=444) to work on /opt/airflow/dags/04_transform_data.py
[2025-06-04T23:05:22.574+0000] {processor.py:914} INFO - Processing file /opt/airflow/dags/04_transform_data.py for tasks to queue
[2025-06-04T23:05:22.577+0000] {logging_mixin.py:190} INFO - [2025-06-04T23:05:22.577+0000] {dagbag.py:588} INFO - Filling up the DagBag from /opt/airflow/dags/04_transform_data.py
[2025-06-04T23:05:22.603+0000] {processor.py:925} INFO - DAG(s) '04_transform_data' retrieved from /opt/airflow/dags/04_transform_data.py
[2025-06-04T23:05:22.630+0000] {logging_mixin.py:190} INFO - [2025-06-04T23:05:22.630+0000] {dag.py:3239} INFO - Sync 1 DAGs
[2025-06-04T23:05:22.645+0000] {logging_mixin.py:190} INFO - [2025-06-04T23:05:22.645+0000] {dag.py:4180} INFO - Setting next_dagrun for 04_transform_data to None, run_after=None
[2025-06-04T23:05:22.662+0000] {processor.py:208} INFO - Processing /opt/airflow/dags/04_transform_data.py took 0.098 seconds
[2025-06-04T23:05:53.266+0000] {processor.py:186} INFO - Started process (PID=455) to work on /opt/airflow/dags/04_transform_data.py
[2025-06-04T23:05:53.267+0000] {processor.py:914} INFO - Processing file /opt/airflow/dags/04_transform_data.py for tasks to queue
[2025-06-04T23:05:53.270+0000] {logging_mixin.py:190} INFO - [2025-06-04T23:05:53.270+0000] {dagbag.py:588} INFO - Filling up the DagBag from /opt/airflow/dags/04_transform_data.py
[2025-06-04T23:05:53.297+0000] {processor.py:925} INFO - DAG(s) '04_transform_data' retrieved from /opt/airflow/dags/04_transform_data.py
[2025-06-04T23:05:53.326+0000] {logging_mixin.py:190} INFO - [2025-06-04T23:05:53.325+0000] {dag.py:3239} INFO - Sync 1 DAGs
[2025-06-04T23:05:53.340+0000] {logging_mixin.py:190} INFO - [2025-06-04T23:05:53.340+0000] {dag.py:4180} INFO - Setting next_dagrun for 04_transform_data to None, run_after=None
[2025-06-04T23:05:53.361+0000] {processor.py:208} INFO - Processing /opt/airflow/dags/04_transform_data.py took 0.101 seconds
[2025-06-04T23:06:24.052+0000] {processor.py:186} INFO - Started process (PID=466) to work on /opt/airflow/dags/04_transform_data.py
[2025-06-04T23:06:24.054+0000] {processor.py:914} INFO - Processing file /opt/airflow/dags/04_transform_data.py for tasks to queue
[2025-06-04T23:06:24.056+0000] {logging_mixin.py:190} INFO - [2025-06-04T23:06:24.056+0000] {dagbag.py:588} INFO - Filling up the DagBag from /opt/airflow/dags/04_transform_data.py
[2025-06-04T23:06:24.084+0000] {processor.py:925} INFO - DAG(s) '04_transform_data' retrieved from /opt/airflow/dags/04_transform_data.py
[2025-06-04T23:06:24.116+0000] {logging_mixin.py:190} INFO - [2025-06-04T23:06:24.116+0000] {dag.py:3239} INFO - Sync 1 DAGs
[2025-06-04T23:06:24.132+0000] {logging_mixin.py:190} INFO - [2025-06-04T23:06:24.132+0000] {dag.py:4180} INFO - Setting next_dagrun for 04_transform_data to None, run_after=None
[2025-06-04T23:06:24.150+0000] {processor.py:208} INFO - Processing /opt/airflow/dags/04_transform_data.py took 0.105 seconds
[2025-06-04T23:06:54.902+0000] {processor.py:186} INFO - Started process (PID=477) to work on /opt/airflow/dags/04_transform_data.py
[2025-06-04T23:06:54.904+0000] {processor.py:914} INFO - Processing file /opt/airflow/dags/04_transform_data.py for tasks to queue
[2025-06-04T23:06:54.907+0000] {logging_mixin.py:190} INFO - [2025-06-04T23:06:54.907+0000] {dagbag.py:588} INFO - Filling up the DagBag from /opt/airflow/dags/04_transform_data.py
[2025-06-04T23:06:54.936+0000] {processor.py:925} INFO - DAG(s) '04_transform_data' retrieved from /opt/airflow/dags/04_transform_data.py
[2025-06-04T23:06:54.970+0000] {logging_mixin.py:190} INFO - [2025-06-04T23:06:54.969+0000] {dag.py:3239} INFO - Sync 1 DAGs
[2025-06-04T23:06:54.985+0000] {logging_mixin.py:190} INFO - [2025-06-04T23:06:54.984+0000] {dag.py:4180} INFO - Setting next_dagrun for 04_transform_data to None, run_after=None
[2025-06-04T23:06:55.002+0000] {processor.py:208} INFO - Processing /opt/airflow/dags/04_transform_data.py took 0.107 seconds
[2025-06-04T23:07:25.813+0000] {processor.py:186} INFO - Started process (PID=488) to work on /opt/airflow/dags/04_transform_data.py
[2025-06-04T23:07:25.815+0000] {processor.py:914} INFO - Processing file /opt/airflow/dags/04_transform_data.py for tasks to queue
[2025-06-04T23:07:25.817+0000] {logging_mixin.py:190} INFO - [2025-06-04T23:07:25.817+0000] {dagbag.py:588} INFO - Filling up the DagBag from /opt/airflow/dags/04_transform_data.py
[2025-06-04T23:07:25.846+0000] {processor.py:925} INFO - DAG(s) '04_transform_data' retrieved from /opt/airflow/dags/04_transform_data.py
[2025-06-04T23:07:25.876+0000] {logging_mixin.py:190} INFO - [2025-06-04T23:07:25.876+0000] {dag.py:3239} INFO - Sync 1 DAGs
[2025-06-04T23:07:25.893+0000] {logging_mixin.py:190} INFO - [2025-06-04T23:07:25.892+0000] {dag.py:4180} INFO - Setting next_dagrun for 04_transform_data to None, run_after=None
[2025-06-04T23:07:25.910+0000] {processor.py:208} INFO - Processing /opt/airflow/dags/04_transform_data.py took 0.104 seconds
[2025-06-04T23:07:56.789+0000] {processor.py:186} INFO - Started process (PID=499) to work on /opt/airflow/dags/04_transform_data.py
[2025-06-04T23:07:56.791+0000] {processor.py:914} INFO - Processing file /opt/airflow/dags/04_transform_data.py for tasks to queue
[2025-06-04T23:07:56.794+0000] {logging_mixin.py:190} INFO - [2025-06-04T23:07:56.794+0000] {dagbag.py:588} INFO - Filling up the DagBag from /opt/airflow/dags/04_transform_data.py
[2025-06-04T23:07:56.820+0000] {processor.py:925} INFO - DAG(s) '04_transform_data' retrieved from /opt/airflow/dags/04_transform_data.py
[2025-06-04T23:07:56.854+0000] {logging_mixin.py:190} INFO - [2025-06-04T23:07:56.853+0000] {dag.py:3239} INFO - Sync 1 DAGs
[2025-06-04T23:07:56.872+0000] {logging_mixin.py:190} INFO - [2025-06-04T23:07:56.871+0000] {dag.py:4180} INFO - Setting next_dagrun for 04_transform_data to None, run_after=None
[2025-06-04T23:07:56.890+0000] {processor.py:208} INFO - Processing /opt/airflow/dags/04_transform_data.py took 0.109 seconds
[2025-06-04T23:08:27.504+0000] {processor.py:186} INFO - Started process (PID=510) to work on /opt/airflow/dags/04_transform_data.py
[2025-06-04T23:08:27.505+0000] {processor.py:914} INFO - Processing file /opt/airflow/dags/04_transform_data.py for tasks to queue
[2025-06-04T23:08:27.507+0000] {logging_mixin.py:190} INFO - [2025-06-04T23:08:27.507+0000] {dagbag.py:588} INFO - Filling up the DagBag from /opt/airflow/dags/04_transform_data.py
[2025-06-04T23:08:27.533+0000] {processor.py:925} INFO - DAG(s) '04_transform_data' retrieved from /opt/airflow/dags/04_transform_data.py
[2025-06-04T23:08:27.561+0000] {logging_mixin.py:190} INFO - [2025-06-04T23:08:27.561+0000] {dag.py:3239} INFO - Sync 1 DAGs
[2025-06-04T23:08:27.574+0000] {logging_mixin.py:190} INFO - [2025-06-04T23:08:27.574+0000] {dag.py:4180} INFO - Setting next_dagrun for 04_transform_data to None, run_after=None
[2025-06-04T23:08:27.591+0000] {processor.py:208} INFO - Processing /opt/airflow/dags/04_transform_data.py took 0.093 seconds
[2025-06-04T23:08:58.277+0000] {processor.py:186} INFO - Started process (PID=521) to work on /opt/airflow/dags/04_transform_data.py
[2025-06-04T23:08:58.278+0000] {processor.py:914} INFO - Processing file /opt/airflow/dags/04_transform_data.py for tasks to queue
[2025-06-04T23:08:58.281+0000] {logging_mixin.py:190} INFO - [2025-06-04T23:08:58.281+0000] {dagbag.py:588} INFO - Filling up the DagBag from /opt/airflow/dags/04_transform_data.py
[2025-06-04T23:08:58.308+0000] {processor.py:925} INFO - DAG(s) '04_transform_data' retrieved from /opt/airflow/dags/04_transform_data.py
[2025-06-04T23:08:58.338+0000] {logging_mixin.py:190} INFO - [2025-06-04T23:08:58.338+0000] {dag.py:3239} INFO - Sync 1 DAGs
[2025-06-04T23:08:58.355+0000] {logging_mixin.py:190} INFO - [2025-06-04T23:08:58.354+0000] {dag.py:4180} INFO - Setting next_dagrun for 04_transform_data to None, run_after=None
[2025-06-04T23:08:58.373+0000] {processor.py:208} INFO - Processing /opt/airflow/dags/04_transform_data.py took 0.104 seconds
[2025-06-04T23:09:29.002+0000] {processor.py:186} INFO - Started process (PID=532) to work on /opt/airflow/dags/04_transform_data.py
[2025-06-04T23:09:29.003+0000] {processor.py:914} INFO - Processing file /opt/airflow/dags/04_transform_data.py for tasks to queue
[2025-06-04T23:09:29.006+0000] {logging_mixin.py:190} INFO - [2025-06-04T23:09:29.006+0000] {dagbag.py:588} INFO - Filling up the DagBag from /opt/airflow/dags/04_transform_data.py
[2025-06-04T23:09:29.033+0000] {processor.py:925} INFO - DAG(s) '04_transform_data' retrieved from /opt/airflow/dags/04_transform_data.py
[2025-06-04T23:09:29.064+0000] {logging_mixin.py:190} INFO - [2025-06-04T23:09:29.064+0000] {dag.py:3239} INFO - Sync 1 DAGs
[2025-06-04T23:09:29.083+0000] {logging_mixin.py:190} INFO - [2025-06-04T23:09:29.083+0000] {dag.py:4180} INFO - Setting next_dagrun for 04_transform_data to None, run_after=None
[2025-06-04T23:09:29.103+0000] {processor.py:208} INFO - Processing /opt/airflow/dags/04_transform_data.py took 0.108 seconds
[2025-06-04T23:09:59.654+0000] {processor.py:186} INFO - Started process (PID=543) to work on /opt/airflow/dags/04_transform_data.py
[2025-06-04T23:09:59.655+0000] {processor.py:914} INFO - Processing file /opt/airflow/dags/04_transform_data.py for tasks to queue
[2025-06-04T23:09:59.657+0000] {logging_mixin.py:190} INFO - [2025-06-04T23:09:59.657+0000] {dagbag.py:588} INFO - Filling up the DagBag from /opt/airflow/dags/04_transform_data.py
[2025-06-04T23:09:59.683+0000] {processor.py:925} INFO - DAG(s) '04_transform_data' retrieved from /opt/airflow/dags/04_transform_data.py
[2025-06-04T23:09:59.709+0000] {logging_mixin.py:190} INFO - [2025-06-04T23:09:59.709+0000] {dag.py:3239} INFO - Sync 1 DAGs
[2025-06-04T23:09:59.723+0000] {logging_mixin.py:190} INFO - [2025-06-04T23:09:59.723+0000] {dag.py:4180} INFO - Setting next_dagrun for 04_transform_data to None, run_after=None
[2025-06-04T23:09:59.741+0000] {processor.py:208} INFO - Processing /opt/airflow/dags/04_transform_data.py took 0.094 seconds
[2025-06-04T23:10:30.583+0000] {processor.py:186} INFO - Started process (PID=554) to work on /opt/airflow/dags/04_transform_data.py
[2025-06-04T23:10:30.583+0000] {processor.py:914} INFO - Processing file /opt/airflow/dags/04_transform_data.py for tasks to queue
[2025-06-04T23:10:30.586+0000] {logging_mixin.py:190} INFO - [2025-06-04T23:10:30.585+0000] {dagbag.py:588} INFO - Filling up the DagBag from /opt/airflow/dags/04_transform_data.py
[2025-06-04T23:10:30.609+0000] {processor.py:925} INFO - DAG(s) '04_transform_data' retrieved from /opt/airflow/dags/04_transform_data.py
[2025-06-04T23:10:30.634+0000] {logging_mixin.py:190} INFO - [2025-06-04T23:10:30.634+0000] {dag.py:3239} INFO - Sync 1 DAGs
[2025-06-04T23:10:30.650+0000] {logging_mixin.py:190} INFO - [2025-06-04T23:10:30.650+0000] {dag.py:4180} INFO - Setting next_dagrun for 04_transform_data to None, run_after=None
[2025-06-04T23:10:30.669+0000] {processor.py:208} INFO - Processing /opt/airflow/dags/04_transform_data.py took 0.092 seconds
[2025-06-04T23:11:01.382+0000] {processor.py:186} INFO - Started process (PID=571) to work on /opt/airflow/dags/04_transform_data.py
[2025-06-04T23:11:01.383+0000] {processor.py:914} INFO - Processing file /opt/airflow/dags/04_transform_data.py for tasks to queue
[2025-06-04T23:11:01.385+0000] {logging_mixin.py:190} INFO - [2025-06-04T23:11:01.385+0000] {dagbag.py:588} INFO - Filling up the DagBag from /opt/airflow/dags/04_transform_data.py
[2025-06-04T23:11:01.411+0000] {processor.py:925} INFO - DAG(s) '04_transform_data' retrieved from /opt/airflow/dags/04_transform_data.py
[2025-06-04T23:11:01.442+0000] {logging_mixin.py:190} INFO - [2025-06-04T23:11:01.441+0000] {dag.py:3239} INFO - Sync 1 DAGs
[2025-06-04T23:11:01.458+0000] {logging_mixin.py:190} INFO - [2025-06-04T23:11:01.458+0000] {dag.py:4180} INFO - Setting next_dagrun for 04_transform_data to None, run_after=None
[2025-06-04T23:11:01.477+0000] {processor.py:208} INFO - Processing /opt/airflow/dags/04_transform_data.py took 0.100 seconds
[2025-06-04T23:11:32.166+0000] {processor.py:186} INFO - Started process (PID=583) to work on /opt/airflow/dags/04_transform_data.py
[2025-06-04T23:11:32.167+0000] {processor.py:914} INFO - Processing file /opt/airflow/dags/04_transform_data.py for tasks to queue
[2025-06-04T23:11:32.169+0000] {logging_mixin.py:190} INFO - [2025-06-04T23:11:32.169+0000] {dagbag.py:588} INFO - Filling up the DagBag from /opt/airflow/dags/04_transform_data.py
[2025-06-04T23:11:32.194+0000] {processor.py:925} INFO - DAG(s) '04_transform_data' retrieved from /opt/airflow/dags/04_transform_data.py
[2025-06-04T23:11:32.220+0000] {logging_mixin.py:190} INFO - [2025-06-04T23:11:32.219+0000] {dag.py:3239} INFO - Sync 1 DAGs
[2025-06-04T23:11:32.234+0000] {logging_mixin.py:190} INFO - [2025-06-04T23:11:32.234+0000] {dag.py:4180} INFO - Setting next_dagrun for 04_transform_data to None, run_after=None
[2025-06-04T23:11:32.249+0000] {processor.py:208} INFO - Processing /opt/airflow/dags/04_transform_data.py took 0.089 seconds
[2025-06-04T23:12:02.855+0000] {processor.py:186} INFO - Started process (PID=594) to work on /opt/airflow/dags/04_transform_data.py
[2025-06-04T23:12:02.856+0000] {processor.py:914} INFO - Processing file /opt/airflow/dags/04_transform_data.py for tasks to queue
[2025-06-04T23:12:02.859+0000] {logging_mixin.py:190} INFO - [2025-06-04T23:12:02.859+0000] {dagbag.py:588} INFO - Filling up the DagBag from /opt/airflow/dags/04_transform_data.py
[2025-06-04T23:12:02.885+0000] {processor.py:925} INFO - DAG(s) '04_transform_data' retrieved from /opt/airflow/dags/04_transform_data.py
[2025-06-04T23:12:02.912+0000] {logging_mixin.py:190} INFO - [2025-06-04T23:12:02.911+0000] {dag.py:3239} INFO - Sync 1 DAGs
[2025-06-04T23:12:02.925+0000] {logging_mixin.py:190} INFO - [2025-06-04T23:12:02.925+0000] {dag.py:4180} INFO - Setting next_dagrun for 04_transform_data to None, run_after=None
[2025-06-04T23:12:02.941+0000] {processor.py:208} INFO - Processing /opt/airflow/dags/04_transform_data.py took 0.091 seconds
[2025-06-04T23:12:33.612+0000] {processor.py:186} INFO - Started process (PID=605) to work on /opt/airflow/dags/04_transform_data.py
[2025-06-04T23:12:33.613+0000] {processor.py:914} INFO - Processing file /opt/airflow/dags/04_transform_data.py for tasks to queue
[2025-06-04T23:12:33.616+0000] {logging_mixin.py:190} INFO - [2025-06-04T23:12:33.615+0000] {dagbag.py:588} INFO - Filling up the DagBag from /opt/airflow/dags/04_transform_data.py
[2025-06-04T23:12:33.641+0000] {processor.py:925} INFO - DAG(s) '04_transform_data' retrieved from /opt/airflow/dags/04_transform_data.py
[2025-06-04T23:12:33.675+0000] {logging_mixin.py:190} INFO - [2025-06-04T23:12:33.674+0000] {dag.py:3239} INFO - Sync 1 DAGs
[2025-06-04T23:12:33.693+0000] {logging_mixin.py:190} INFO - [2025-06-04T23:12:33.692+0000] {dag.py:4180} INFO - Setting next_dagrun for 04_transform_data to None, run_after=None
[2025-06-04T23:12:33.712+0000] {processor.py:208} INFO - Processing /opt/airflow/dags/04_transform_data.py took 0.105 seconds
[2025-06-04T23:13:04.373+0000] {processor.py:186} INFO - Started process (PID=616) to work on /opt/airflow/dags/04_transform_data.py
[2025-06-04T23:13:04.374+0000] {processor.py:914} INFO - Processing file /opt/airflow/dags/04_transform_data.py for tasks to queue
[2025-06-04T23:13:04.377+0000] {logging_mixin.py:190} INFO - [2025-06-04T23:13:04.377+0000] {dagbag.py:588} INFO - Filling up the DagBag from /opt/airflow/dags/04_transform_data.py
[2025-06-04T23:13:04.410+0000] {processor.py:925} INFO - DAG(s) '04_transform_data' retrieved from /opt/airflow/dags/04_transform_data.py
[2025-06-04T23:13:04.445+0000] {logging_mixin.py:190} INFO - [2025-06-04T23:13:04.445+0000] {dag.py:3239} INFO - Sync 1 DAGs
[2025-06-04T23:13:04.462+0000] {logging_mixin.py:190} INFO - [2025-06-04T23:13:04.461+0000] {dag.py:4180} INFO - Setting next_dagrun for 04_transform_data to None, run_after=None
[2025-06-04T23:13:04.486+0000] {processor.py:208} INFO - Processing /opt/airflow/dags/04_transform_data.py took 0.121 seconds
[2025-06-04T23:13:35.170+0000] {processor.py:186} INFO - Started process (PID=627) to work on /opt/airflow/dags/04_transform_data.py
[2025-06-04T23:13:35.171+0000] {processor.py:914} INFO - Processing file /opt/airflow/dags/04_transform_data.py for tasks to queue
[2025-06-04T23:13:35.174+0000] {logging_mixin.py:190} INFO - [2025-06-04T23:13:35.174+0000] {dagbag.py:588} INFO - Filling up the DagBag from /opt/airflow/dags/04_transform_data.py
[2025-06-04T23:13:35.211+0000] {processor.py:925} INFO - DAG(s) '04_transform_data' retrieved from /opt/airflow/dags/04_transform_data.py
[2025-06-04T23:13:35.247+0000] {logging_mixin.py:190} INFO - [2025-06-04T23:13:35.247+0000] {dag.py:3239} INFO - Sync 1 DAGs
[2025-06-04T23:13:35.264+0000] {logging_mixin.py:190} INFO - [2025-06-04T23:13:35.264+0000] {dag.py:4180} INFO - Setting next_dagrun for 04_transform_data to None, run_after=None
[2025-06-04T23:13:35.293+0000] {processor.py:208} INFO - Processing /opt/airflow/dags/04_transform_data.py took 0.130 seconds
[2025-06-04T23:14:06.086+0000] {processor.py:186} INFO - Started process (PID=638) to work on /opt/airflow/dags/04_transform_data.py
[2025-06-04T23:14:06.088+0000] {processor.py:914} INFO - Processing file /opt/airflow/dags/04_transform_data.py for tasks to queue
[2025-06-04T23:14:06.091+0000] {logging_mixin.py:190} INFO - [2025-06-04T23:14:06.091+0000] {dagbag.py:588} INFO - Filling up the DagBag from /opt/airflow/dags/04_transform_data.py
[2025-06-04T23:14:06.129+0000] {processor.py:925} INFO - DAG(s) '04_transform_data' retrieved from /opt/airflow/dags/04_transform_data.py
[2025-06-04T23:14:06.166+0000] {logging_mixin.py:190} INFO - [2025-06-04T23:14:06.166+0000] {dag.py:3239} INFO - Sync 1 DAGs
[2025-06-04T23:14:06.182+0000] {logging_mixin.py:190} INFO - [2025-06-04T23:14:06.182+0000] {dag.py:4180} INFO - Setting next_dagrun for 04_transform_data to None, run_after=None
[2025-06-04T23:14:06.203+0000] {processor.py:208} INFO - Processing /opt/airflow/dags/04_transform_data.py took 0.127 seconds
[2025-06-04T23:14:36.813+0000] {processor.py:186} INFO - Started process (PID=649) to work on /opt/airflow/dags/04_transform_data.py
[2025-06-04T23:14:36.814+0000] {processor.py:914} INFO - Processing file /opt/airflow/dags/04_transform_data.py for tasks to queue
[2025-06-04T23:14:36.817+0000] {logging_mixin.py:190} INFO - [2025-06-04T23:14:36.816+0000] {dagbag.py:588} INFO - Filling up the DagBag from /opt/airflow/dags/04_transform_data.py
[2025-06-04T23:14:36.847+0000] {processor.py:925} INFO - DAG(s) '04_transform_data' retrieved from /opt/airflow/dags/04_transform_data.py
[2025-06-04T23:14:36.880+0000] {logging_mixin.py:190} INFO - [2025-06-04T23:14:36.880+0000] {dag.py:3239} INFO - Sync 1 DAGs
[2025-06-04T23:14:36.894+0000] {logging_mixin.py:190} INFO - [2025-06-04T23:14:36.894+0000] {dag.py:4180} INFO - Setting next_dagrun for 04_transform_data to None, run_after=None
[2025-06-04T23:14:36.913+0000] {processor.py:208} INFO - Processing /opt/airflow/dags/04_transform_data.py took 0.106 seconds
[2025-06-04T23:15:07.556+0000] {processor.py:186} INFO - Started process (PID=660) to work on /opt/airflow/dags/04_transform_data.py
[2025-06-04T23:15:07.557+0000] {processor.py:914} INFO - Processing file /opt/airflow/dags/04_transform_data.py for tasks to queue
[2025-06-04T23:15:07.559+0000] {logging_mixin.py:190} INFO - [2025-06-04T23:15:07.559+0000] {dagbag.py:588} INFO - Filling up the DagBag from /opt/airflow/dags/04_transform_data.py
[2025-06-04T23:15:07.583+0000] {processor.py:925} INFO - DAG(s) '04_transform_data' retrieved from /opt/airflow/dags/04_transform_data.py
[2025-06-04T23:15:07.609+0000] {logging_mixin.py:190} INFO - [2025-06-04T23:15:07.609+0000] {dag.py:3239} INFO - Sync 1 DAGs
[2025-06-04T23:15:07.623+0000] {logging_mixin.py:190} INFO - [2025-06-04T23:15:07.623+0000] {dag.py:4180} INFO - Setting next_dagrun for 04_transform_data to None, run_after=None
[2025-06-04T23:15:07.639+0000] {processor.py:208} INFO - Processing /opt/airflow/dags/04_transform_data.py took 0.089 seconds
[2025-06-04T23:15:38.360+0000] {processor.py:186} INFO - Started process (PID=671) to work on /opt/airflow/dags/04_transform_data.py
[2025-06-04T23:15:38.361+0000] {processor.py:914} INFO - Processing file /opt/airflow/dags/04_transform_data.py for tasks to queue
[2025-06-04T23:15:38.363+0000] {logging_mixin.py:190} INFO - [2025-06-04T23:15:38.363+0000] {dagbag.py:588} INFO - Filling up the DagBag from /opt/airflow/dags/04_transform_data.py
[2025-06-04T23:15:38.388+0000] {processor.py:925} INFO - DAG(s) '04_transform_data' retrieved from /opt/airflow/dags/04_transform_data.py
[2025-06-04T23:15:38.414+0000] {logging_mixin.py:190} INFO - [2025-06-04T23:15:38.414+0000] {dag.py:3239} INFO - Sync 1 DAGs
[2025-06-04T23:15:38.433+0000] {logging_mixin.py:190} INFO - [2025-06-04T23:15:38.433+0000] {dag.py:4180} INFO - Setting next_dagrun for 04_transform_data to None, run_after=None
[2025-06-04T23:15:38.455+0000] {processor.py:208} INFO - Processing /opt/airflow/dags/04_transform_data.py took 0.099 seconds
[2025-06-04T23:16:09.182+0000] {processor.py:186} INFO - Started process (PID=683) to work on /opt/airflow/dags/04_transform_data.py
[2025-06-04T23:16:09.183+0000] {processor.py:914} INFO - Processing file /opt/airflow/dags/04_transform_data.py for tasks to queue
[2025-06-04T23:16:09.186+0000] {logging_mixin.py:190} INFO - [2025-06-04T23:16:09.185+0000] {dagbag.py:588} INFO - Filling up the DagBag from /opt/airflow/dags/04_transform_data.py
[2025-06-04T23:16:09.214+0000] {processor.py:925} INFO - DAG(s) '04_transform_data' retrieved from /opt/airflow/dags/04_transform_data.py
[2025-06-04T23:16:09.242+0000] {logging_mixin.py:190} INFO - [2025-06-04T23:16:09.242+0000] {dag.py:3239} INFO - Sync 1 DAGs
[2025-06-04T23:16:09.256+0000] {logging_mixin.py:190} INFO - [2025-06-04T23:16:09.256+0000] {dag.py:4180} INFO - Setting next_dagrun for 04_transform_data to None, run_after=None
[2025-06-04T23:16:09.274+0000] {processor.py:208} INFO - Processing /opt/airflow/dags/04_transform_data.py took 0.098 seconds
[2025-06-04T23:16:40.077+0000] {processor.py:186} INFO - Started process (PID=694) to work on /opt/airflow/dags/04_transform_data.py
[2025-06-04T23:16:40.078+0000] {processor.py:914} INFO - Processing file /opt/airflow/dags/04_transform_data.py for tasks to queue
[2025-06-04T23:16:40.080+0000] {logging_mixin.py:190} INFO - [2025-06-04T23:16:40.079+0000] {dagbag.py:588} INFO - Filling up the DagBag from /opt/airflow/dags/04_transform_data.py
[2025-06-04T23:16:40.106+0000] {processor.py:925} INFO - DAG(s) '04_transform_data' retrieved from /opt/airflow/dags/04_transform_data.py
[2025-06-04T23:16:40.132+0000] {logging_mixin.py:190} INFO - [2025-06-04T23:16:40.131+0000] {dag.py:3239} INFO - Sync 1 DAGs
[2025-06-04T23:16:40.146+0000] {logging_mixin.py:190} INFO - [2025-06-04T23:16:40.145+0000] {dag.py:4180} INFO - Setting next_dagrun for 04_transform_data to None, run_after=None
[2025-06-04T23:16:40.162+0000] {processor.py:208} INFO - Processing /opt/airflow/dags/04_transform_data.py took 0.092 seconds
[2025-06-04T23:17:10.833+0000] {processor.py:186} INFO - Started process (PID=705) to work on /opt/airflow/dags/04_transform_data.py
[2025-06-04T23:17:10.834+0000] {processor.py:914} INFO - Processing file /opt/airflow/dags/04_transform_data.py for tasks to queue
[2025-06-04T23:17:10.837+0000] {logging_mixin.py:190} INFO - [2025-06-04T23:17:10.836+0000] {dagbag.py:588} INFO - Filling up the DagBag from /opt/airflow/dags/04_transform_data.py
[2025-06-04T23:17:10.863+0000] {processor.py:925} INFO - DAG(s) '04_transform_data' retrieved from /opt/airflow/dags/04_transform_data.py
[2025-06-04T23:17:10.888+0000] {logging_mixin.py:190} INFO - [2025-06-04T23:17:10.888+0000] {dag.py:3239} INFO - Sync 1 DAGs
[2025-06-04T23:17:10.902+0000] {logging_mixin.py:190} INFO - [2025-06-04T23:17:10.901+0000] {dag.py:4180} INFO - Setting next_dagrun for 04_transform_data to None, run_after=None
[2025-06-04T23:17:10.918+0000] {processor.py:208} INFO - Processing /opt/airflow/dags/04_transform_data.py took 0.091 seconds
[2025-06-04T23:17:41.655+0000] {processor.py:186} INFO - Started process (PID=716) to work on /opt/airflow/dags/04_transform_data.py
[2025-06-04T23:17:41.656+0000] {processor.py:914} INFO - Processing file /opt/airflow/dags/04_transform_data.py for tasks to queue
[2025-06-04T23:17:41.659+0000] {logging_mixin.py:190} INFO - [2025-06-04T23:17:41.659+0000] {dagbag.py:588} INFO - Filling up the DagBag from /opt/airflow/dags/04_transform_data.py
[2025-06-04T23:17:41.686+0000] {processor.py:925} INFO - DAG(s) '04_transform_data' retrieved from /opt/airflow/dags/04_transform_data.py
[2025-06-04T23:17:41.711+0000] {logging_mixin.py:190} INFO - [2025-06-04T23:17:41.711+0000] {dag.py:3239} INFO - Sync 1 DAGs
[2025-06-04T23:17:41.725+0000] {logging_mixin.py:190} INFO - [2025-06-04T23:17:41.724+0000] {dag.py:4180} INFO - Setting next_dagrun for 04_transform_data to None, run_after=None
[2025-06-04T23:17:41.741+0000] {processor.py:208} INFO - Processing /opt/airflow/dags/04_transform_data.py took 0.092 seconds
[2025-06-04T23:18:12.553+0000] {processor.py:186} INFO - Started process (PID=727) to work on /opt/airflow/dags/04_transform_data.py
[2025-06-04T23:18:12.554+0000] {processor.py:914} INFO - Processing file /opt/airflow/dags/04_transform_data.py for tasks to queue
[2025-06-04T23:18:12.556+0000] {logging_mixin.py:190} INFO - [2025-06-04T23:18:12.556+0000] {dagbag.py:588} INFO - Filling up the DagBag from /opt/airflow/dags/04_transform_data.py
[2025-06-04T23:18:12.581+0000] {processor.py:925} INFO - DAG(s) '04_transform_data' retrieved from /opt/airflow/dags/04_transform_data.py
[2025-06-04T23:18:12.608+0000] {logging_mixin.py:190} INFO - [2025-06-04T23:18:12.608+0000] {dag.py:3239} INFO - Sync 1 DAGs
[2025-06-04T23:18:12.622+0000] {logging_mixin.py:190} INFO - [2025-06-04T23:18:12.621+0000] {dag.py:4180} INFO - Setting next_dagrun for 04_transform_data to None, run_after=None
[2025-06-04T23:18:12.638+0000] {processor.py:208} INFO - Processing /opt/airflow/dags/04_transform_data.py took 0.093 seconds
[2025-06-04T23:18:43.530+0000] {processor.py:186} INFO - Started process (PID=738) to work on /opt/airflow/dags/04_transform_data.py
[2025-06-04T23:18:43.531+0000] {processor.py:914} INFO - Processing file /opt/airflow/dags/04_transform_data.py for tasks to queue
[2025-06-04T23:18:43.533+0000] {logging_mixin.py:190} INFO - [2025-06-04T23:18:43.533+0000] {dagbag.py:588} INFO - Filling up the DagBag from /opt/airflow/dags/04_transform_data.py
[2025-06-04T23:18:43.558+0000] {processor.py:925} INFO - DAG(s) '04_transform_data' retrieved from /opt/airflow/dags/04_transform_data.py
[2025-06-04T23:18:43.583+0000] {logging_mixin.py:190} INFO - [2025-06-04T23:18:43.583+0000] {dag.py:3239} INFO - Sync 1 DAGs
[2025-06-04T23:18:43.596+0000] {logging_mixin.py:190} INFO - [2025-06-04T23:18:43.596+0000] {dag.py:4180} INFO - Setting next_dagrun for 04_transform_data to None, run_after=None
[2025-06-04T23:18:43.613+0000] {processor.py:208} INFO - Processing /opt/airflow/dags/04_transform_data.py took 0.089 seconds
[2025-06-04T23:19:14.354+0000] {processor.py:186} INFO - Started process (PID=749) to work on /opt/airflow/dags/04_transform_data.py
[2025-06-04T23:19:14.355+0000] {processor.py:914} INFO - Processing file /opt/airflow/dags/04_transform_data.py for tasks to queue
[2025-06-04T23:19:14.357+0000] {logging_mixin.py:190} INFO - [2025-06-04T23:19:14.357+0000] {dagbag.py:588} INFO - Filling up the DagBag from /opt/airflow/dags/04_transform_data.py
[2025-06-04T23:19:14.382+0000] {processor.py:925} INFO - DAG(s) '04_transform_data' retrieved from /opt/airflow/dags/04_transform_data.py
[2025-06-04T23:19:14.408+0000] {logging_mixin.py:190} INFO - [2025-06-04T23:19:14.407+0000] {dag.py:3239} INFO - Sync 1 DAGs
[2025-06-04T23:19:14.421+0000] {logging_mixin.py:190} INFO - [2025-06-04T23:19:14.421+0000] {dag.py:4180} INFO - Setting next_dagrun for 04_transform_data to None, run_after=None
[2025-06-04T23:19:14.439+0000] {processor.py:208} INFO - Processing /opt/airflow/dags/04_transform_data.py took 0.091 seconds
[2025-06-04T23:19:45.325+0000] {processor.py:186} INFO - Started process (PID=760) to work on /opt/airflow/dags/04_transform_data.py
[2025-06-04T23:19:45.326+0000] {processor.py:914} INFO - Processing file /opt/airflow/dags/04_transform_data.py for tasks to queue
[2025-06-04T23:19:45.328+0000] {logging_mixin.py:190} INFO - [2025-06-04T23:19:45.328+0000] {dagbag.py:588} INFO - Filling up the DagBag from /opt/airflow/dags/04_transform_data.py
[2025-06-04T23:19:45.353+0000] {processor.py:925} INFO - DAG(s) '04_transform_data' retrieved from /opt/airflow/dags/04_transform_data.py
[2025-06-04T23:19:45.383+0000] {logging_mixin.py:190} INFO - [2025-06-04T23:19:45.383+0000] {dag.py:3239} INFO - Sync 1 DAGs
[2025-06-04T23:19:45.398+0000] {logging_mixin.py:190} INFO - [2025-06-04T23:19:45.398+0000] {dag.py:4180} INFO - Setting next_dagrun for 04_transform_data to None, run_after=None
[2025-06-04T23:19:45.417+0000] {processor.py:208} INFO - Processing /opt/airflow/dags/04_transform_data.py took 0.097 seconds
[2025-06-04T23:20:16.357+0000] {processor.py:186} INFO - Started process (PID=771) to work on /opt/airflow/dags/04_transform_data.py
[2025-06-04T23:20:16.358+0000] {processor.py:914} INFO - Processing file /opt/airflow/dags/04_transform_data.py for tasks to queue
[2025-06-04T23:20:16.360+0000] {logging_mixin.py:190} INFO - [2025-06-04T23:20:16.360+0000] {dagbag.py:588} INFO - Filling up the DagBag from /opt/airflow/dags/04_transform_data.py
[2025-06-04T23:20:16.385+0000] {processor.py:925} INFO - DAG(s) '04_transform_data' retrieved from /opt/airflow/dags/04_transform_data.py
[2025-06-04T23:20:16.414+0000] {logging_mixin.py:190} INFO - [2025-06-04T23:20:16.414+0000] {dag.py:3239} INFO - Sync 1 DAGs
[2025-06-04T23:20:16.429+0000] {logging_mixin.py:190} INFO - [2025-06-04T23:20:16.428+0000] {dag.py:4180} INFO - Setting next_dagrun for 04_transform_data to None, run_after=None
[2025-06-04T23:20:16.444+0000] {processor.py:208} INFO - Processing /opt/airflow/dags/04_transform_data.py took 0.093 seconds
[2025-06-04T23:20:47.243+0000] {processor.py:186} INFO - Started process (PID=782) to work on /opt/airflow/dags/04_transform_data.py
[2025-06-04T23:20:47.244+0000] {processor.py:914} INFO - Processing file /opt/airflow/dags/04_transform_data.py for tasks to queue
[2025-06-04T23:20:47.248+0000] {logging_mixin.py:190} INFO - [2025-06-04T23:20:47.248+0000] {dagbag.py:588} INFO - Filling up the DagBag from /opt/airflow/dags/04_transform_data.py
[2025-06-04T23:20:47.281+0000] {processor.py:925} INFO - DAG(s) '04_transform_data' retrieved from /opt/airflow/dags/04_transform_data.py
[2025-06-04T23:20:47.311+0000] {logging_mixin.py:190} INFO - [2025-06-04T23:20:47.311+0000] {dag.py:3239} INFO - Sync 1 DAGs
[2025-06-04T23:20:47.327+0000] {logging_mixin.py:190} INFO - [2025-06-04T23:20:47.327+0000] {dag.py:4180} INFO - Setting next_dagrun for 04_transform_data to None, run_after=None
[2025-06-04T23:20:47.345+0000] {processor.py:208} INFO - Processing /opt/airflow/dags/04_transform_data.py took 0.109 seconds
[2025-06-04T23:21:18.197+0000] {processor.py:186} INFO - Started process (PID=793) to work on /opt/airflow/dags/04_transform_data.py
[2025-06-04T23:21:18.198+0000] {processor.py:914} INFO - Processing file /opt/airflow/dags/04_transform_data.py for tasks to queue
[2025-06-04T23:21:18.200+0000] {logging_mixin.py:190} INFO - [2025-06-04T23:21:18.200+0000] {dagbag.py:588} INFO - Filling up the DagBag from /opt/airflow/dags/04_transform_data.py
[2025-06-04T23:21:18.239+0000] {processor.py:925} INFO - DAG(s) '04_transform_data' retrieved from /opt/airflow/dags/04_transform_data.py
[2025-06-04T23:21:18.277+0000] {logging_mixin.py:190} INFO - [2025-06-04T23:21:18.276+0000] {dag.py:3239} INFO - Sync 1 DAGs
[2025-06-04T23:21:18.297+0000] {logging_mixin.py:190} INFO - [2025-06-04T23:21:18.296+0000] {dag.py:4180} INFO - Setting next_dagrun for 04_transform_data to None, run_after=None
[2025-06-04T23:21:18.327+0000] {processor.py:208} INFO - Processing /opt/airflow/dags/04_transform_data.py took 0.137 seconds
[2025-06-04T23:21:49.111+0000] {processor.py:186} INFO - Started process (PID=804) to work on /opt/airflow/dags/04_transform_data.py
[2025-06-04T23:21:49.112+0000] {processor.py:914} INFO - Processing file /opt/airflow/dags/04_transform_data.py for tasks to queue
[2025-06-04T23:21:49.114+0000] {logging_mixin.py:190} INFO - [2025-06-04T23:21:49.114+0000] {dagbag.py:588} INFO - Filling up the DagBag from /opt/airflow/dags/04_transform_data.py
[2025-06-04T23:21:49.139+0000] {processor.py:925} INFO - DAG(s) '04_transform_data' retrieved from /opt/airflow/dags/04_transform_data.py
[2025-06-04T23:21:49.164+0000] {logging_mixin.py:190} INFO - [2025-06-04T23:21:49.163+0000] {dag.py:3239} INFO - Sync 1 DAGs
[2025-06-04T23:21:49.177+0000] {logging_mixin.py:190} INFO - [2025-06-04T23:21:49.176+0000] {dag.py:4180} INFO - Setting next_dagrun for 04_transform_data to None, run_after=None
[2025-06-04T23:21:49.194+0000] {processor.py:208} INFO - Processing /opt/airflow/dags/04_transform_data.py took 0.088 seconds
[2025-06-04T23:22:19.972+0000] {processor.py:186} INFO - Started process (PID=815) to work on /opt/airflow/dags/04_transform_data.py
[2025-06-04T23:22:19.973+0000] {processor.py:914} INFO - Processing file /opt/airflow/dags/04_transform_data.py for tasks to queue
[2025-06-04T23:22:19.975+0000] {logging_mixin.py:190} INFO - [2025-06-04T23:22:19.975+0000] {dagbag.py:588} INFO - Filling up the DagBag from /opt/airflow/dags/04_transform_data.py
[2025-06-04T23:22:20.003+0000] {processor.py:925} INFO - DAG(s) '04_transform_data' retrieved from /opt/airflow/dags/04_transform_data.py
[2025-06-04T23:22:20.029+0000] {logging_mixin.py:190} INFO - [2025-06-04T23:22:20.029+0000] {dag.py:3239} INFO - Sync 1 DAGs
[2025-06-04T23:22:20.043+0000] {logging_mixin.py:190} INFO - [2025-06-04T23:22:20.043+0000] {dag.py:4180} INFO - Setting next_dagrun for 04_transform_data to None, run_after=None
[2025-06-04T23:22:20.060+0000] {processor.py:208} INFO - Processing /opt/airflow/dags/04_transform_data.py took 0.094 seconds
[2025-06-04T23:22:50.761+0000] {processor.py:186} INFO - Started process (PID=826) to work on /opt/airflow/dags/04_transform_data.py
[2025-06-04T23:22:50.762+0000] {processor.py:914} INFO - Processing file /opt/airflow/dags/04_transform_data.py for tasks to queue
[2025-06-04T23:22:50.765+0000] {logging_mixin.py:190} INFO - [2025-06-04T23:22:50.764+0000] {dagbag.py:588} INFO - Filling up the DagBag from /opt/airflow/dags/04_transform_data.py
[2025-06-04T23:22:50.793+0000] {processor.py:925} INFO - DAG(s) '04_transform_data' retrieved from /opt/airflow/dags/04_transform_data.py
[2025-06-04T23:22:50.823+0000] {logging_mixin.py:190} INFO - [2025-06-04T23:22:50.823+0000] {dag.py:3239} INFO - Sync 1 DAGs
[2025-06-04T23:22:50.837+0000] {logging_mixin.py:190} INFO - [2025-06-04T23:22:50.837+0000] {dag.py:4180} INFO - Setting next_dagrun for 04_transform_data to None, run_after=None
[2025-06-04T23:22:50.854+0000] {processor.py:208} INFO - Processing /opt/airflow/dags/04_transform_data.py took 0.101 seconds
[2025-06-04T23:23:21.488+0000] {processor.py:186} INFO - Started process (PID=837) to work on /opt/airflow/dags/04_transform_data.py
[2025-06-04T23:23:21.489+0000] {processor.py:914} INFO - Processing file /opt/airflow/dags/04_transform_data.py for tasks to queue
[2025-06-04T23:23:21.492+0000] {logging_mixin.py:190} INFO - [2025-06-04T23:23:21.492+0000] {dagbag.py:588} INFO - Filling up the DagBag from /opt/airflow/dags/04_transform_data.py
[2025-06-04T23:23:21.518+0000] {processor.py:925} INFO - DAG(s) '04_transform_data' retrieved from /opt/airflow/dags/04_transform_data.py
[2025-06-04T23:23:21.545+0000] {logging_mixin.py:190} INFO - [2025-06-04T23:23:21.545+0000] {dag.py:3239} INFO - Sync 1 DAGs
[2025-06-04T23:23:21.559+0000] {logging_mixin.py:190} INFO - [2025-06-04T23:23:21.558+0000] {dag.py:4180} INFO - Setting next_dagrun for 04_transform_data to None, run_after=None
[2025-06-04T23:23:21.577+0000] {processor.py:208} INFO - Processing /opt/airflow/dags/04_transform_data.py took 0.094 seconds
[2025-06-04T23:23:52.382+0000] {processor.py:186} INFO - Started process (PID=848) to work on /opt/airflow/dags/04_transform_data.py
[2025-06-04T23:23:52.383+0000] {processor.py:914} INFO - Processing file /opt/airflow/dags/04_transform_data.py for tasks to queue
[2025-06-04T23:23:52.385+0000] {logging_mixin.py:190} INFO - [2025-06-04T23:23:52.385+0000] {dagbag.py:588} INFO - Filling up the DagBag from /opt/airflow/dags/04_transform_data.py
[2025-06-04T23:23:52.413+0000] {processor.py:925} INFO - DAG(s) '04_transform_data' retrieved from /opt/airflow/dags/04_transform_data.py
[2025-06-04T23:23:52.441+0000] {logging_mixin.py:190} INFO - [2025-06-04T23:23:52.440+0000] {dag.py:3239} INFO - Sync 1 DAGs
[2025-06-04T23:23:52.457+0000] {logging_mixin.py:190} INFO - [2025-06-04T23:23:52.456+0000] {dag.py:4180} INFO - Setting next_dagrun for 04_transform_data to None, run_after=None
[2025-06-04T23:23:52.474+0000] {processor.py:208} INFO - Processing /opt/airflow/dags/04_transform_data.py took 0.097 seconds
[2025-06-04T23:24:23.212+0000] {processor.py:186} INFO - Started process (PID=859) to work on /opt/airflow/dags/04_transform_data.py
[2025-06-04T23:24:23.213+0000] {processor.py:914} INFO - Processing file /opt/airflow/dags/04_transform_data.py for tasks to queue
[2025-06-04T23:24:23.216+0000] {logging_mixin.py:190} INFO - [2025-06-04T23:24:23.215+0000] {dagbag.py:588} INFO - Filling up the DagBag from /opt/airflow/dags/04_transform_data.py
[2025-06-04T23:24:23.252+0000] {processor.py:925} INFO - DAG(s) '04_transform_data' retrieved from /opt/airflow/dags/04_transform_data.py
[2025-06-04T23:24:23.285+0000] {logging_mixin.py:190} INFO - [2025-06-04T23:24:23.284+0000] {dag.py:3239} INFO - Sync 1 DAGs
[2025-06-04T23:24:23.303+0000] {logging_mixin.py:190} INFO - [2025-06-04T23:24:23.302+0000] {dag.py:4180} INFO - Setting next_dagrun for 04_transform_data to None, run_after=None
[2025-06-04T23:24:23.324+0000] {processor.py:208} INFO - Processing /opt/airflow/dags/04_transform_data.py took 0.120 seconds
[2025-06-04T23:24:54.132+0000] {processor.py:186} INFO - Started process (PID=870) to work on /opt/airflow/dags/04_transform_data.py
[2025-06-04T23:24:54.134+0000] {processor.py:914} INFO - Processing file /opt/airflow/dags/04_transform_data.py for tasks to queue
[2025-06-04T23:24:54.136+0000] {logging_mixin.py:190} INFO - [2025-06-04T23:24:54.136+0000] {dagbag.py:588} INFO - Filling up the DagBag from /opt/airflow/dags/04_transform_data.py
[2025-06-04T23:24:54.165+0000] {processor.py:925} INFO - DAG(s) '04_transform_data' retrieved from /opt/airflow/dags/04_transform_data.py
[2025-06-04T23:24:54.196+0000] {logging_mixin.py:190} INFO - [2025-06-04T23:24:54.196+0000] {dag.py:3239} INFO - Sync 1 DAGs
[2025-06-04T23:24:54.215+0000] {logging_mixin.py:190} INFO - [2025-06-04T23:24:54.215+0000] {dag.py:4180} INFO - Setting next_dagrun for 04_transform_data to None, run_after=None
[2025-06-04T23:24:54.241+0000] {processor.py:208} INFO - Processing /opt/airflow/dags/04_transform_data.py took 0.116 seconds
