[2025-06-06T21:10:51.545+0000] {local_task_job_runner.py:123} INFO - ::group::Pre task execution logs
[2025-06-06T21:10:51.570+0000] {taskinstance.py:2613} INFO - Dependencies all met for dep_context=non-requeueable deps ti=<TaskInstance: 03_load_data.load_shopee manual__2025-06-06T21:10:49.281003+00:00 [queued]>
[2025-06-06T21:10:51.580+0000] {taskinstance.py:2613} INFO - Dependencies all met for dep_context=requeueable deps ti=<TaskInstance: 03_load_data.load_shopee manual__2025-06-06T21:10:49.281003+00:00 [queued]>
[2025-06-06T21:10:51.581+0000] {taskinstance.py:2866} INFO - Starting attempt 1 of 1
[2025-06-06T21:10:51.597+0000] {taskinstance.py:2889} INFO - Executing <Task(PythonOperator): load_shopee> on 2025-06-06 21:10:49.281003+00:00
[2025-06-06T21:10:51.603+0000] {standard_task_runner.py:72} INFO - Started process 5672 to run task
[2025-06-06T21:10:51.607+0000] {standard_task_runner.py:104} INFO - Running: ['***', 'tasks', 'run', '03_load_data', 'load_shopee', 'manual__2025-06-06T21:10:49.281003+00:00', '--job-id', '459', '--raw', '--subdir', 'DAGS_FOLDER/03_load_data.py', '--cfg-path', '/tmp/tmptmesbds9']
[2025-06-06T21:10:51.609+0000] {standard_task_runner.py:105} INFO - Job 459: Subtask load_shopee
[2025-06-06T21:10:51.679+0000] {task_command.py:467} INFO - Running <TaskInstance: 03_load_data.load_shopee manual__2025-06-06T21:10:49.281003+00:00 [running]> on host 28e6a58e4107
[2025-06-06T21:10:51.794+0000] {taskinstance.py:3132} INFO - Exporting env vars: AIRFLOW_CTX_DAG_OWNER='***' AIRFLOW_CTX_DAG_ID='03_load_data' AIRFLOW_CTX_TASK_ID='load_shopee' AIRFLOW_CTX_EXECUTION_DATE='2025-06-06T21:10:49.281003+00:00' AIRFLOW_CTX_TRY_NUMBER='1' AIRFLOW_CTX_DAG_RUN_ID='manual__2025-06-06T21:10:49.281003+00:00'
[2025-06-06T21:10:51.795+0000] {taskinstance.py:731} INFO - ::endgroup::
[2025-06-06T21:10:52.507+0000] {logging_mixin.py:190} INFO - Loading file ./extraction/shopee/data/raw/Order.completed.20240701_20240731.xlsx to sales_db
[2025-06-06T21:10:52.558+0000] {logging_mixin.py:190} INFO - Data in ./extraction/shopee/data/raw/Order.completed.20240701_20240731.xlsx successfully loaded.
[2025-06-06T21:10:52.680+0000] {logging_mixin.py:190} INFO - Loading file ./extraction/shopee/data/raw/Order.completed.20240801_20240831.xlsx to sales_db
[2025-06-06T21:10:52.730+0000] {logging_mixin.py:190} INFO - Data in ./extraction/shopee/data/raw/Order.completed.20240801_20240831.xlsx successfully loaded.
[2025-06-06T21:10:52.846+0000] {logging_mixin.py:190} INFO - Loading file ./extraction/shopee/data/raw/Order.completed.20240901_20240930.xlsx to sales_db
[2025-06-06T21:10:52.895+0000] {logging_mixin.py:190} INFO - Data in ./extraction/shopee/data/raw/Order.completed.20240901_20240930.xlsx successfully loaded.
[2025-06-06T21:10:53.154+0000] {logging_mixin.py:190} INFO - Loading file ./extraction/shopee/data/raw/Order.completed.20241001_20241031.xlsx to sales_db
[2025-06-06T21:10:53.248+0000] {logging_mixin.py:190} INFO - Data in ./extraction/shopee/data/raw/Order.completed.20241001_20241031.xlsx successfully loaded.
[2025-06-06T21:10:53.579+0000] {logging_mixin.py:190} INFO - Loading file ./extraction/shopee/data/raw/Order.completed.20241101_20241130.xlsx to sales_db
[2025-06-06T21:10:53.680+0000] {logging_mixin.py:190} INFO - Data in ./extraction/shopee/data/raw/Order.completed.20241101_20241130.xlsx successfully loaded.
[2025-06-06T21:10:54.008+0000] {logging_mixin.py:190} INFO - Loading file ./extraction/shopee/data/raw/Order.completed.20241201_20241231.xlsx to sales_db
[2025-06-06T21:10:54.099+0000] {logging_mixin.py:190} INFO - Data in ./extraction/shopee/data/raw/Order.completed.20241201_20241231.xlsx successfully loaded.
[2025-06-06T21:10:54.304+0000] {logging_mixin.py:190} INFO - Loading file ./extraction/shopee/data/raw/Order.completed.20250101_20250131.xlsx to sales_db
[2025-06-06T21:10:54.381+0000] {logging_mixin.py:190} INFO - Data in ./extraction/shopee/data/raw/Order.completed.20250101_20250131.xlsx successfully loaded.
[2025-06-06T21:10:54.630+0000] {logging_mixin.py:190} INFO - Loading file ./extraction/shopee/data/raw/Order.completed.20250201_20250228.xlsx to sales_db
[2025-06-06T21:10:54.728+0000] {logging_mixin.py:190} INFO - Data in ./extraction/shopee/data/raw/Order.completed.20250201_20250228.xlsx successfully loaded.
[2025-06-06T21:10:55.045+0000] {logging_mixin.py:190} INFO - Loading file ./extraction/shopee/data/raw/Order.completed.20250301_20250331.xlsx to sales_db
[2025-06-06T21:10:55.169+0000] {logging_mixin.py:190} INFO - Data in ./extraction/shopee/data/raw/Order.completed.20250301_20250331.xlsx successfully loaded.
[2025-06-06T21:10:55.353+0000] {logging_mixin.py:190} INFO - Loading file ./extraction/shopee/data/raw/Order.completed.20250401_20250430.xlsx to sales_db
[2025-06-06T21:10:55.427+0000] {logging_mixin.py:190} INFO - Data in ./extraction/shopee/data/raw/Order.completed.20250401_20250430.xlsx successfully loaded.
[2025-06-06T21:10:55.428+0000] {logging_mixin.py:190} INFO - [WARNING] - file ./extraction/shopee/data/raw/tests.txt does not have .xlsx extension and could not be loaded.
[2025-06-06T21:10:55.430+0000] {logging_mixin.py:190} INFO - All data successfully loaded!
[2025-06-06T21:10:55.431+0000] {python.py:240} INFO - Done. Returned value was: 1
[2025-06-06T21:10:55.456+0000] {taskinstance.py:340} INFO - ::group::Post task execution logs
[2025-06-06T21:10:55.458+0000] {taskinstance.py:352} INFO - Marking task as SUCCESS. dag_id=03_load_data, task_id=load_shopee, run_id=manual__2025-06-06T21:10:49.281003+00:00, execution_date=20250606T211049, start_date=20250606T211051, end_date=20250606T211055
[2025-06-06T21:10:55.514+0000] {local_task_job_runner.py:266} INFO - Task exited with return code 0
[2025-06-06T21:10:55.536+0000] {taskinstance.py:3895} INFO - 0 downstream tasks scheduled from follow-on schedule check
[2025-06-06T21:10:55.539+0000] {local_task_job_runner.py:245} INFO - ::endgroup::
