[2025-06-11T18:31:16.970+0000] {local_task_job_runner.py:123} INFO - ::group::Pre task execution logs
[2025-06-11T18:31:16.993+0000] {taskinstance.py:2613} INFO - Dependencies all met for dep_context=non-requeueable deps ti=<TaskInstance: 06_delete_entry_data.delete_tables manual__2025-06-11T18:31:14.627566+00:00 [queued]>
[2025-06-11T18:31:17.005+0000] {taskinstance.py:2613} INFO - Dependencies all met for dep_context=requeueable deps ti=<TaskInstance: 06_delete_entry_data.delete_tables manual__2025-06-11T18:31:14.627566+00:00 [queued]>
[2025-06-11T18:31:17.006+0000] {taskinstance.py:2866} INFO - Starting attempt 1 of 1
[2025-06-11T18:31:17.021+0000] {taskinstance.py:2889} INFO - Executing <Task(PythonOperator): delete_tables> on 2025-06-11 18:31:14.627566+00:00
[2025-06-11T18:31:17.027+0000] {standard_task_runner.py:72} INFO - Started process 467 to run task
[2025-06-11T18:31:17.031+0000] {standard_task_runner.py:104} INFO - Running: ['***', 'tasks', 'run', '06_delete_entry_data', 'delete_tables', 'manual__2025-06-11T18:31:14.627566+00:00', '--job-id', '868', '--raw', '--subdir', 'DAGS_FOLDER/06_delete_files_tables.py', '--cfg-path', '/tmp/tmprbnwanz2']
[2025-06-11T18:31:17.034+0000] {standard_task_runner.py:105} INFO - Job 868: Subtask delete_tables
[2025-06-11T18:31:17.098+0000] {task_command.py:467} INFO - Running <TaskInstance: 06_delete_entry_data.delete_tables manual__2025-06-11T18:31:14.627566+00:00 [running]> on host 28e6a58e4107
[2025-06-11T18:31:17.200+0000] {taskinstance.py:3132} INFO - Exporting env vars: AIRFLOW_CTX_DAG_OWNER='***' AIRFLOW_CTX_DAG_ID='06_delete_entry_data' AIRFLOW_CTX_TASK_ID='delete_tables' AIRFLOW_CTX_EXECUTION_DATE='2025-06-11T18:31:14.627566+00:00' AIRFLOW_CTX_TRY_NUMBER='1' AIRFLOW_CTX_DAG_RUN_ID='manual__2025-06-11T18:31:14.627566+00:00'
[2025-06-11T18:31:17.201+0000] {taskinstance.py:731} INFO - ::endgroup::
[2025-06-11T18:31:17.221+0000] {logging_mixin.py:190} INFO - Table entry.entry_mercadolivre successfully deleted.
[2025-06-11T18:31:17.223+0000] {logging_mixin.py:190} INFO - Table entry.entry_mercadolivre__context__flows successfully deleted.
[2025-06-11T18:31:17.225+0000] {logging_mixin.py:190} INFO - Table entry.entry_mercadolivre__mediations successfully deleted.
[2025-06-11T18:31:17.226+0000] {logging_mixin.py:190} INFO - Table entry.entry_mercadolivre__order_items successfully deleted.
[2025-06-11T18:31:17.227+0000] {logging_mixin.py:190} INFO - Table entry.entry_mercadolivre__order_items__item__variation_attributes successfully deleted.
[2025-06-11T18:31:17.229+0000] {logging_mixin.py:190} INFO - Table entry.entry_mercadolivre__payments successfully deleted.
[2025-06-11T18:31:17.230+0000] {logging_mixin.py:190} INFO - Table entry.entry_mercadolivre__payments__available_actions successfully deleted.
[2025-06-11T18:31:17.231+0000] {logging_mixin.py:190} INFO - Table entry.entry_mercadolivre__tags successfully deleted.
[2025-06-11T18:31:17.232+0000] {logging_mixin.py:190} INFO - Table entry.entry_mercadolivre_sh successfully deleted.
[2025-06-11T18:31:17.234+0000] {logging_mixin.py:190} INFO - Table entry.entry_shopee successfully deleted.
[2025-06-11T18:31:17.235+0000] {python.py:240} INFO - Done. Returned value was: None
[2025-06-11T18:31:17.247+0000] {taskinstance.py:340} INFO - ::group::Post task execution logs
[2025-06-11T18:31:17.248+0000] {taskinstance.py:352} INFO - Marking task as SUCCESS. dag_id=06_delete_entry_data, task_id=delete_tables, run_id=manual__2025-06-11T18:31:14.627566+00:00, execution_date=20250611T183114, start_date=20250611T183116, end_date=20250611T183117
[2025-06-11T18:31:17.286+0000] {local_task_job_runner.py:266} INFO - Task exited with return code 0
[2025-06-11T18:31:17.302+0000] {local_task_job_runner.py:245} INFO - ::endgroup::
