[2025-06-06T20:55:10.623+0000] {local_task_job_runner.py:123} INFO - ::group::Pre task execution logs
[2025-06-06T20:55:10.640+0000] {taskinstance.py:2613} INFO - Dependencies all met for dep_context=non-requeueable deps ti=<TaskInstance: 05_transform_data.install_dbt_deps manual__2025-06-06T20:55:08.386400+00:00 [queued]>
[2025-06-06T20:55:10.648+0000] {taskinstance.py:2613} INFO - Dependencies all met for dep_context=requeueable deps ti=<TaskInstance: 05_transform_data.install_dbt_deps manual__2025-06-06T20:55:08.386400+00:00 [queued]>
[2025-06-06T20:55:10.649+0000] {taskinstance.py:2866} INFO - Starting attempt 1 of 1
[2025-06-06T20:55:10.660+0000] {taskinstance.py:2889} INFO - Executing <Task(PythonOperator): install_dbt_deps> on 2025-06-06 20:55:08.386400+00:00
[2025-06-06T20:55:10.666+0000] {standard_task_runner.py:72} INFO - Started process 5321 to run task
[2025-06-06T20:55:10.669+0000] {standard_task_runner.py:104} INFO - Running: ['***', 'tasks', 'run', '05_transform_data', 'install_dbt_deps', 'manual__2025-06-06T20:55:08.386400+00:00', '--job-id', '449', '--raw', '--subdir', 'DAGS_FOLDER/05_transform_data.py', '--cfg-path', '/tmp/tmpolugbjjk']
[2025-06-06T20:55:10.671+0000] {standard_task_runner.py:105} INFO - Job 449: Subtask install_dbt_deps
[2025-06-06T20:55:10.720+0000] {task_command.py:467} INFO - Running <TaskInstance: 05_transform_data.install_dbt_deps manual__2025-06-06T20:55:08.386400+00:00 [running]> on host 28e6a58e4107
[2025-06-06T20:55:10.800+0000] {taskinstance.py:3132} INFO - Exporting env vars: AIRFLOW_CTX_DAG_OWNER='***' AIRFLOW_CTX_DAG_ID='05_transform_data' AIRFLOW_CTX_TASK_ID='install_dbt_deps' AIRFLOW_CTX_EXECUTION_DATE='2025-06-06T20:55:08.386400+00:00' AIRFLOW_CTX_TRY_NUMBER='1' AIRFLOW_CTX_DAG_RUN_ID='manual__2025-06-06T20:55:08.386400+00:00'
[2025-06-06T20:55:10.802+0000] {taskinstance.py:731} INFO - ::endgroup::
[2025-06-06T20:55:12.277+0000] {logging_mixin.py:190} INFO - 20:55:12  Running with dbt=1.9.5
[2025-06-06T20:55:12.967+0000] {logging_mixin.py:190} INFO - 20:55:12  Installing dbt-labs/dbt_utils
[2025-06-06T20:55:21.214+0000] {logging_mixin.py:190} INFO - 20:55:21  Installed from version 1.2.0
[2025-06-06T20:55:21.216+0000] {logging_mixin.py:190} INFO - 20:55:21  Updated version available: 1.3.0
[2025-06-06T20:55:21.218+0000] {logging_mixin.py:190} INFO - 20:55:21
[2025-06-06T20:55:21.219+0000] {logging_mixin.py:190} INFO - 20:55:21  Updates available for packages: ['dbt-labs/dbt_utils']                 
Update your versions in packages.yml, then run dbt deps
[2025-06-06T20:55:21.923+0000] {logging_mixin.py:190} INFO - Dependencies sucessfully installed.
[2025-06-06T20:55:21.924+0000] {python.py:240} INFO - Done. Returned value was: None
[2025-06-06T20:55:21.936+0000] {taskinstance.py:340} INFO - ::group::Post task execution logs
[2025-06-06T20:55:21.938+0000] {taskinstance.py:352} INFO - Marking task as SUCCESS. dag_id=05_transform_data, task_id=install_dbt_deps, run_id=manual__2025-06-06T20:55:08.386400+00:00, execution_date=20250606T205508, start_date=20250606T205510, end_date=20250606T205521
[2025-06-06T20:55:21.990+0000] {local_task_job_runner.py:266} INFO - Task exited with return code 0
[2025-06-06T20:55:22.011+0000] {taskinstance.py:3895} INFO - 1 downstream tasks scheduled from follow-on schedule check
[2025-06-06T20:55:22.015+0000] {local_task_job_runner.py:245} INFO - ::endgroup::
