[2025-06-06T21:14:17.087+0000] {local_task_job_runner.py:123} INFO - ::group::Pre task execution logs
[2025-06-06T21:14:17.103+0000] {taskinstance.py:2613} INFO - Dependencies all met for dep_context=non-requeueable deps ti=<TaskInstance: 05_transform_data.run_dbt manual__2025-06-06T21:14:06.606075+00:00 [queued]>
[2025-06-06T21:14:17.111+0000] {taskinstance.py:2613} INFO - Dependencies all met for dep_context=requeueable deps ti=<TaskInstance: 05_transform_data.run_dbt manual__2025-06-06T21:14:06.606075+00:00 [queued]>
[2025-06-06T21:14:17.112+0000] {taskinstance.py:2866} INFO - Starting attempt 1 of 1
[2025-06-06T21:14:17.123+0000] {taskinstance.py:2889} INFO - Executing <Task(PythonOperator): run_dbt> on 2025-06-06 21:14:06.606075+00:00
[2025-06-06T21:14:17.127+0000] {standard_task_runner.py:72} INFO - Started process 5940 to run task
[2025-06-06T21:14:17.130+0000] {standard_task_runner.py:104} INFO - Running: ['***', 'tasks', 'run', '05_transform_data', 'run_dbt', 'manual__2025-06-06T21:14:06.606075+00:00', '--job-id', '474', '--raw', '--subdir', 'DAGS_FOLDER/05_transform_data.py', '--cfg-path', '/tmp/tmpeeu4tg90']
[2025-06-06T21:14:17.132+0000] {standard_task_runner.py:105} INFO - Job 474: Subtask run_dbt
[2025-06-06T21:14:17.181+0000] {task_command.py:467} INFO - Running <TaskInstance: 05_transform_data.run_dbt manual__2025-06-06T21:14:06.606075+00:00 [running]> on host 28e6a58e4107
[2025-06-06T21:14:17.259+0000] {taskinstance.py:3132} INFO - Exporting env vars: AIRFLOW_CTX_DAG_OWNER='***' AIRFLOW_CTX_DAG_ID='05_transform_data' AIRFLOW_CTX_TASK_ID='run_dbt' AIRFLOW_CTX_EXECUTION_DATE='2025-06-06T21:14:06.606075+00:00' AIRFLOW_CTX_TRY_NUMBER='1' AIRFLOW_CTX_DAG_RUN_ID='manual__2025-06-06T21:14:06.606075+00:00'
[2025-06-06T21:14:17.260+0000] {taskinstance.py:731} INFO - ::endgroup::
[2025-06-06T21:14:18.733+0000] {logging_mixin.py:190} INFO - 21:14:18  Running with dbt=1.9.5
[2025-06-06T21:14:19.187+0000] {logging_mixin.py:190} INFO - 21:14:19  Registered adapter: postgres=1.9.0
[2025-06-06T21:14:20.661+0000] {logging_mixin.py:190} INFO - 21:14:20  [WARNING]: Configuration paths exist in your dbt_project.yml file which do not apply to any resources.
There are 1 unused configuration paths:
- models.e_commerce_sales.example
[2025-06-06T21:14:21.034+0000] {logging_mixin.py:190} INFO - 21:14:21  Found 15 models, 12 sources, 549 macros, 1 unit test
[2025-06-06T21:14:21.038+0000] {logging_mixin.py:190} INFO - 21:14:21
[2025-06-06T21:14:21.040+0000] {logging_mixin.py:190} INFO - 21:14:21  Concurrency: 4 threads (target='dev')
[2025-06-06T21:14:21.041+0000] {logging_mixin.py:190} INFO - 21:14:21
[2025-06-06T21:14:21.181+0000] {logging_mixin.py:190} INFO - 21:14:21  1 of 15 START sql incremental model sales.mercadolivre_orders_results .......... [RUN]
[2025-06-06T21:14:21.183+0000] {logging_mixin.py:190} INFO - 21:14:21  2 of 15 START sql incremental model sales.stg_shopee ........................... [RUN]
[2025-06-06T21:14:21.551+0000] {logging_mixin.py:190} INFO - 21:14:21  2 of 15 OK created sql incremental model sales.stg_shopee ...................... [MERGE 0 in 0.36s]
[2025-06-06T21:14:21.556+0000] {logging_mixin.py:190} INFO - 21:14:21  3 of 15 START sql incremental model sales.shopee_new_id ........................ [RUN]
[2025-06-06T21:14:21.670+0000] {logging_mixin.py:190} INFO - 21:14:21  3 of 15 OK created sql incremental model sales.shopee_new_id ................... [MERGE 0 in 0.11s]
[2025-06-06T21:14:21.674+0000] {logging_mixin.py:190} INFO - 21:14:21  4 of 15 START sql incremental model sales.shopee_orders_results ................ [RUN]
[2025-06-06T21:14:21.789+0000] {logging_mixin.py:190} INFO - 21:14:21  4 of 15 OK created sql incremental model sales.shopee_orders_results ........... [MERGE 0 in 0.11s]
[2025-06-06T21:14:21.795+0000] {logging_mixin.py:190} INFO - 21:14:21  5 of 15 START sql incremental model sales.dim_shopee_buyer ..................... [RUN]
[2025-06-06T21:14:21.797+0000] {logging_mixin.py:190} INFO - 21:14:21  6 of 15 START sql incremental model sales.dim_shopee_date ...................... [RUN]
[2025-06-06T21:14:21.799+0000] {logging_mixin.py:190} INFO - 21:14:21  7 of 15 START sql incremental model sales.dim_shopee_orders_status ............. [RUN]
[2025-06-06T21:14:22.021+0000] {logging_mixin.py:190} INFO - 21:14:22  5 of 15 OK created sql incremental model sales.dim_shopee_buyer ................ [MERGE 0 in 0.22s]
[2025-06-06T21:14:22.023+0000] {logging_mixin.py:190} INFO - 21:14:22  6 of 15 OK created sql incremental model sales.dim_shopee_date ................. [MERGE 0 in 0.22s]
[2025-06-06T21:14:22.027+0000] {logging_mixin.py:190} INFO - 21:14:22  7 of 15 OK created sql incremental model sales.dim_shopee_orders_status ........ [MERGE 0 in 0.22s]
[2025-06-06T21:14:22.033+0000] {logging_mixin.py:190} INFO - 21:14:22  8 of 15 START sql incremental model sales.dim_shopee_product ................... [RUN]
[2025-06-06T21:14:22.035+0000] {logging_mixin.py:190} INFO - 21:14:22  9 of 15 START sql view model sales.sum_shopee_monthly_profit ................... [RUN]
[2025-06-06T21:14:22.040+0000] {logging_mixin.py:190} INFO - 21:14:22  10 of 15 START sql view model sales.sum_shopee_monthly_revenue ................. [RUN]
[2025-06-06T21:14:22.277+0000] {logging_mixin.py:190} INFO - 21:14:22  10 of 15 OK created sql view model sales.sum_shopee_monthly_revenue ............ [CREATE VIEW in 0.23s]
[2025-06-06T21:14:22.280+0000] {logging_mixin.py:190} INFO - 21:14:22  9 of 15 OK created sql view model sales.sum_shopee_monthly_profit .............. [CREATE VIEW in 0.24s]
[2025-06-06T21:14:22.290+0000] {logging_mixin.py:190} INFO - 21:14:22  8 of 15 OK created sql incremental model sales.dim_shopee_product .............. [MERGE 0 in 0.25s]
[2025-06-06T21:14:22.295+0000] {logging_mixin.py:190} INFO - 21:14:22  11 of 15 START sql view model sales.sum_shopee_products_sold ................... [RUN]
[2025-06-06T21:14:22.393+0000] {logging_mixin.py:190} INFO - 21:14:22  11 of 15 OK created sql view model sales.sum_shopee_products_sold .............. [CREATE VIEW in 0.09s]
[2025-06-06T21:14:24.142+0000] {logging_mixin.py:190} INFO - 21:14:24  1 of 15 OK created sql incremental model sales.mercadolivre_orders_results ..... [MERGE 190 in 2.96s]
[2025-06-06T21:14:24.148+0000] {logging_mixin.py:190} INFO - 21:14:24  12 of 15 START sql incremental model sales.dim_mercadolivre_buyer .............. [RUN]
[2025-06-06T21:14:24.150+0000] {logging_mixin.py:190} INFO - 21:14:24  13 of 15 START sql incremental model sales.dim_mercadolivre_date ............... [RUN]
[2025-06-06T21:14:24.152+0000] {logging_mixin.py:190} INFO - 21:14:24  14 of 15 START sql incremental model sales.dim_mercadolivre_orders_status ...... [RUN]
[2025-06-06T21:14:24.154+0000] {logging_mixin.py:190} INFO - 21:14:24  15 of 15 START sql incremental model sales.dim_mercadolivre_product ............ [RUN]
[2025-06-06T21:14:24.384+0000] {logging_mixin.py:190} INFO - 21:14:24  14 of 15 OK created sql incremental model sales.dim_mercadolivre_orders_status . [MERGE 190 in 0.22s]
[2025-06-06T21:14:24.399+0000] {logging_mixin.py:190} INFO - 21:14:24  12 of 15 OK created sql incremental model sales.dim_mercadolivre_buyer ......... [MERGE 188 in 0.24s]
[2025-06-06T21:14:25.653+0000] {logging_mixin.py:190} INFO - 21:14:25  13 of 15 OK created sql incremental model sales.dim_mercadolivre_date .......... [MERGE 190 in 1.50s]
[2025-06-06T21:14:26.799+0000] {logging_mixin.py:190} INFO - 21:14:26  15 of 15 OK created sql incremental model sales.dim_mercadolivre_product ....... [MERGE 65 in 2.64s]
[2025-06-06T21:14:26.823+0000] {logging_mixin.py:190} INFO - 21:14:26
[2025-06-06T21:14:26.825+0000] {logging_mixin.py:190} INFO - 21:14:26  Finished running 12 incremental models, 3 view models in 0 hours 0 minutes and 5.78 seconds (5.78s).
[2025-06-06T21:14:26.901+0000] {logging_mixin.py:190} INFO - 21:14:26
[2025-06-06T21:14:26.903+0000] {logging_mixin.py:190} INFO - 21:14:26  Completed successfully
[2025-06-06T21:14:26.905+0000] {logging_mixin.py:190} INFO - 21:14:26
[2025-06-06T21:14:26.906+0000] {logging_mixin.py:190} INFO - 21:14:26  Done. PASS=15 WARN=0 ERROR=0 SKIP=0 TOTAL=15
[2025-06-06T21:14:27.782+0000] {logging_mixin.py:190} INFO - Transformation sucessfully done.
[2025-06-06T21:14:27.784+0000] {python.py:240} INFO - Done. Returned value was: None
[2025-06-06T21:14:27.797+0000] {taskinstance.py:340} INFO - ::group::Post task execution logs
[2025-06-06T21:14:27.799+0000] {taskinstance.py:352} INFO - Marking task as SUCCESS. dag_id=05_transform_data, task_id=run_dbt, run_id=manual__2025-06-06T21:14:06.606075+00:00, execution_date=20250606T211406, start_date=20250606T211417, end_date=20250606T211427
[2025-06-06T21:14:27.831+0000] {local_task_job_runner.py:266} INFO - Task exited with return code 0
[2025-06-06T21:14:27.848+0000] {taskinstance.py:3895} INFO - 0 downstream tasks scheduled from follow-on schedule check
[2025-06-06T21:14:27.851+0000] {local_task_job_runner.py:245} INFO - ::endgroup::
