[2025-05-22T19:18:20.945+0000] {local_task_job_runner.py:123} INFO - ::group::Pre task execution logs
[2025-05-22T19:18:20.968+0000] {taskinstance.py:2613} INFO - Dependencies all met for dep_context=non-requeueable deps ti=<TaskInstance: 04_transform_data.install_dbt_deps manual__2025-05-22T19:18:18.697239+00:00 [queued]>
[2025-05-22T19:18:20.979+0000] {taskinstance.py:2613} INFO - Dependencies all met for dep_context=requeueable deps ti=<TaskInstance: 04_transform_data.install_dbt_deps manual__2025-05-22T19:18:18.697239+00:00 [queued]>
[2025-05-22T19:18:20.981+0000] {taskinstance.py:2866} INFO - Starting attempt 1 of 1
[2025-05-22T19:18:20.997+0000] {taskinstance.py:2889} INFO - Executing <Task(PythonOperator): install_dbt_deps> on 2025-05-22 19:18:18.697239+00:00
[2025-05-22T19:18:21.001+0000] {standard_task_runner.py:72} INFO - Started process 4013 to run task
[2025-05-22T19:18:21.008+0000] {standard_task_runner.py:104} INFO - Running: ['***', 'tasks', 'run', '04_transform_data', 'install_dbt_deps', 'manual__2025-05-22T19:18:18.697239+00:00', '--job-id', '217', '--raw', '--subdir', 'DAGS_FOLDER/04_transform_data.py', '--cfg-path', '/tmp/tmpnaizndp9']
[2025-05-22T19:18:21.010+0000] {standard_task_runner.py:105} INFO - Job 217: Subtask install_dbt_deps
[2025-05-22T19:18:21.062+0000] {task_command.py:467} INFO - Running <TaskInstance: 04_transform_data.install_dbt_deps manual__2025-05-22T19:18:18.697239+00:00 [running]> on host e27e96d1841a
[2025-05-22T19:18:21.145+0000] {taskinstance.py:3132} INFO - Exporting env vars: AIRFLOW_CTX_DAG_OWNER='***' AIRFLOW_CTX_DAG_ID='04_transform_data' AIRFLOW_CTX_TASK_ID='install_dbt_deps' AIRFLOW_CTX_EXECUTION_DATE='2025-05-22T19:18:18.697239+00:00' AIRFLOW_CTX_TRY_NUMBER='1' AIRFLOW_CTX_DAG_RUN_ID='manual__2025-05-22T19:18:18.697239+00:00'
[2025-05-22T19:18:21.146+0000] {taskinstance.py:731} INFO - ::endgroup::
[2025-05-22T19:18:22.722+0000] {logging_mixin.py:190} INFO - 19:18:22  Running with dbt=1.9.4
[2025-05-22T19:18:23.444+0000] {logging_mixin.py:190} INFO - 19:18:23  Installing dbt-labs/dbt_utils
[2025-05-22T19:18:26.157+0000] {logging_mixin.py:190} INFO - 19:18:26  Installed from version 1.2.0
[2025-05-22T19:18:26.159+0000] {logging_mixin.py:190} INFO - 19:18:26  Updated version available: 1.3.0
[2025-05-22T19:18:26.161+0000] {logging_mixin.py:190} INFO - 19:18:26
[2025-05-22T19:18:26.164+0000] {logging_mixin.py:190} INFO - 19:18:26  Updates available for packages: ['dbt-labs/dbt_utils']                 
Update your versions in packages.yml, then run dbt deps
[2025-05-22T19:18:27.903+0000] {logging_mixin.py:190} INFO - Dependencies sucessfully installed.
[2025-05-22T19:18:27.907+0000] {python.py:240} INFO - Done. Returned value was: None
[2025-05-22T19:18:27.938+0000] {taskinstance.py:340} INFO - ::group::Post task execution logs
[2025-05-22T19:18:27.940+0000] {taskinstance.py:352} INFO - Marking task as SUCCESS. dag_id=04_transform_data, task_id=install_dbt_deps, run_id=manual__2025-05-22T19:18:18.697239+00:00, execution_date=20250522T191818, start_date=20250522T191820, end_date=20250522T191827
[2025-05-22T19:18:28.002+0000] {local_task_job_runner.py:266} INFO - Task exited with return code 0
[2025-05-22T19:18:28.023+0000] {taskinstance.py:3895} INFO - 1 downstream tasks scheduled from follow-on schedule check
[2025-05-22T19:18:28.026+0000] {local_task_job_runner.py:245} INFO - ::endgroup::
