[2025-06-12T00:01:30.949+0000] {local_task_job_runner.py:123} INFO - ::group::Pre task execution logs
[2025-06-12T00:01:30.969+0000] {taskinstance.py:2613} INFO - Dependencies all met for dep_context=non-requeueable deps ti=<TaskInstance: 03_load_data_prod.load_mercadolivre manual__2025-06-12T00:01:29.285558+00:00 [queued]>
[2025-06-12T00:01:30.978+0000] {taskinstance.py:2613} INFO - Dependencies all met for dep_context=requeueable deps ti=<TaskInstance: 03_load_data_prod.load_mercadolivre manual__2025-06-12T00:01:29.285558+00:00 [queued]>
[2025-06-12T00:01:30.979+0000] {taskinstance.py:2866} INFO - Starting attempt 1 of 1
[2025-06-12T00:01:30.994+0000] {taskinstance.py:2889} INFO - Executing <Task(PythonOperator): load_mercadolivre> on 2025-06-12 00:01:29.285558+00:00
[2025-06-12T00:01:30.998+0000] {standard_task_runner.py:72} INFO - Started process 7212 to run task
[2025-06-12T00:01:31.002+0000] {standard_task_runner.py:104} INFO - Running: ['***', 'tasks', 'run', '03_load_data_prod', 'load_mercadolivre', 'manual__2025-06-12T00:01:29.285558+00:00', '--job-id', '979', '--raw', '--subdir', 'DAGS_FOLDER/03_load_data_prod.py', '--cfg-path', '/tmp/tmptmy3cp2p']
[2025-06-12T00:01:31.004+0000] {standard_task_runner.py:105} INFO - Job 979: Subtask load_mercadolivre
[2025-06-12T00:01:31.065+0000] {task_command.py:467} INFO - Running <TaskInstance: 03_load_data_prod.load_mercadolivre manual__2025-06-12T00:01:29.285558+00:00 [running]> on host 28e6a58e4107
[2025-06-12T00:01:31.151+0000] {taskinstance.py:3132} INFO - Exporting env vars: AIRFLOW_CTX_DAG_OWNER='***' AIRFLOW_CTX_DAG_ID='03_load_data_prod' AIRFLOW_CTX_TASK_ID='load_mercadolivre' AIRFLOW_CTX_EXECUTION_DATE='2025-06-12T00:01:29.285558+00:00' AIRFLOW_CTX_TRY_NUMBER='1' AIRFLOW_CTX_DAG_RUN_ID='manual__2025-06-12T00:01:29.285558+00:00'
[2025-06-12T00:01:31.152+0000] {taskinstance.py:731} INFO - ::endgroup::
[2025-06-12T00:01:32.094+0000] {warnings.py:109} WARNING - /home/***/.local/lib/python3.9/site-packages/dlt/helpers/dbt/__init__.py:3: UserWarning: pkg_resources is deprecated as an API. See https://setuptools.pypa.io/en/latest/pkg_resources.html. The pkg_resources package is slated for removal as early as 2025-11-30. Refrain from using this package or pin to Setuptools<81.
  import pkg_resources

[2025-06-12T00:01:32.524+0000] {config_providers_context.py:156} WARNING - Airflow variable 'dlt_secrets_toml' was not found. This Airflow variable is a recommended place to hold the content of secrets.toml.If you do not use Airflow variables to hold dlt configuration or use variables with other names you can ignore this warning.
[2025-06-12T00:01:35.047+0000] {logging_mixin.py:190} INFO - trying to load ./extraction/mercadolivre/data/raw/prod/ml_sell_data_2024-07-01T00:00:00.000-03:00_2025-05-01T00:00:00.000-03:00_0.json to sales_db
[2025-06-12T00:01:38.007+0000] {logging_mixin.py:190} INFO - Pipeline mercadolivre_data load step completed in 0.18 seconds
1 load package(s) were loaded to destination postgres and into dataset entry
The postgres destination used postgresql://***:***@pgdatabase:5432/sales_db location to store data
Load package 1749686496.3274288 is LOADED and contains no failed jobs
[2025-06-12T00:01:38.009+0000] {logging_mixin.py:190} INFO - Run started at 2025-06-12 00:01:35.049228+00:00 and COMPLETED in 2.96 seconds with 4 steps.
Step extract COMPLETED in 0.83 seconds.

Load package 1749686496.3274288 is EXTRACTED and NOT YET LOADED to the destination and contains no failed jobs

Step normalize COMPLETED in 0.45 seconds.
Normalized data for the following tables:
- entry_mercadolivre: 50 row(s)
- entry_mercadolivre__payments: 52 row(s)
- entry_mercadolivre__payments__available_actions: 52 row(s)
- entry_mercadolivre__order_items: 50 row(s)
- entry_mercadolivre__tags: 118 row(s)
- entry_mercadolivre__order_items__item__variation_attributes: 44 row(s)
- entry_mercadolivre__mediations: 2 row(s)
- entry_mercadolivre__context__flows: 9 row(s)

Load package 1749686496.3274288 is NORMALIZED and NOT YET LOADED to the destination and contains no failed jobs

Step load COMPLETED in 0.43 seconds.
Pipeline mercadolivre_data load step completed in 0.18 seconds
1 load package(s) were loaded to destination postgres and into dataset entry
The postgres destination used postgresql://***:***@pgdatabase:5432/sales_db location to store data
Load package 1749686496.3274288 is LOADED and contains no failed jobs

Step run COMPLETED in 2.96 seconds.
Pipeline mercadolivre_data load step completed in 0.18 seconds
1 load package(s) were loaded to destination postgres and into dataset entry
The postgres destination used postgresql://***:***@pgdatabase:5432/sales_db location to store data
Load package 1749686496.3274288 is LOADED and contains no failed jobs
[2025-06-12T00:01:38.015+0000] {logging_mixin.py:190} INFO - trying to load ./extraction/mercadolivre/data/raw/prod/ml_sell_data_2024-07-01T00:00:00.000-03:00_2025-05-01T00:00:00.000-03:00_1.json to sales_db
[2025-06-12T00:01:38.374+0000] {logging_mixin.py:190} INFO - Pipeline mercadolivre_data load step completed in 0.10 seconds
1 load package(s) were loaded to destination postgres and into dataset entry
The postgres destination used postgresql://***:***@pgdatabase:5432/sales_db location to store data
Load package 1749686498.0847328 is LOADED and contains no failed jobs
[2025-06-12T00:01:38.375+0000] {logging_mixin.py:190} INFO - Run started at 2025-06-12 00:01:38.017125+00:00 and COMPLETED in 0.36 seconds with 4 steps.
Step extract COMPLETED in 0.08 seconds.

Load package 1749686498.0847328 is EXTRACTED and NOT YET LOADED to the destination and contains no failed jobs

Step normalize COMPLETED in 0.11 seconds.
Normalized data for the following tables:
- entry_mercadolivre: 50 row(s)
- entry_mercadolivre__payments: 53 row(s)
- entry_mercadolivre__payments__available_actions: 53 row(s)
- entry_mercadolivre__order_items: 50 row(s)
- entry_mercadolivre__tags: 135 row(s)
- entry_mercadolivre__context__flows: 19 row(s)
- entry_mercadolivre__order_items__item__variation_attributes: 27 row(s)
- entry_mercadolivre__mediations: 3 row(s)

Load package 1749686498.0847328 is NORMALIZED and NOT YET LOADED to the destination and contains no failed jobs

Step load COMPLETED in 0.15 seconds.
Pipeline mercadolivre_data load step completed in 0.10 seconds
1 load package(s) were loaded to destination postgres and into dataset entry
The postgres destination used postgresql://***:***@pgdatabase:5432/sales_db location to store data
Load package 1749686498.0847328 is LOADED and contains no failed jobs

Step run COMPLETED in 0.35 seconds.
Pipeline mercadolivre_data load step completed in 0.10 seconds
1 load package(s) were loaded to destination postgres and into dataset entry
The postgres destination used postgresql://***:***@pgdatabase:5432/sales_db location to store data
Load package 1749686498.0847328 is LOADED and contains no failed jobs
[2025-06-12T00:01:38.381+0000] {logging_mixin.py:190} INFO - trying to load ./extraction/mercadolivre/data/raw/prod/ml_sell_data_2024-07-01T00:00:00.000-03:00_2025-05-01T00:00:00.000-03:00_2.json to sales_db
[2025-06-12T00:01:38.750+0000] {logging_mixin.py:190} INFO - Pipeline mercadolivre_data load step completed in 0.11 seconds
1 load package(s) were loaded to destination postgres and into dataset entry
The postgres destination used postgresql://***:***@pgdatabase:5432/sales_db location to store data
Load package 1749686498.4523082 is LOADED and contains no failed jobs
[2025-06-12T00:01:38.751+0000] {logging_mixin.py:190} INFO - Run started at 2025-06-12 00:01:38.383239+00:00 and COMPLETED in 0.37 seconds with 4 steps.
Step extract COMPLETED in 0.08 seconds.

Load package 1749686498.4523082 is EXTRACTED and NOT YET LOADED to the destination and contains no failed jobs

Step normalize COMPLETED in 0.12 seconds.
Normalized data for the following tables:
- entry_mercadolivre: 50 row(s)
- entry_mercadolivre__payments: 55 row(s)
- entry_mercadolivre__payments__available_actions: 55 row(s)
- entry_mercadolivre__order_items: 50 row(s)
- entry_mercadolivre__order_items__item__variation_attributes: 43 row(s)
- entry_mercadolivre__tags: 144 row(s)
- entry_mercadolivre__mediations: 6 row(s)
- entry_mercadolivre__context__flows: 10 row(s)

Load package 1749686498.4523082 is NORMALIZED and NOT YET LOADED to the destination and contains no failed jobs

Step load COMPLETED in 0.15 seconds.
Pipeline mercadolivre_data load step completed in 0.11 seconds
1 load package(s) were loaded to destination postgres and into dataset entry
The postgres destination used postgresql://***:***@pgdatabase:5432/sales_db location to store data
Load package 1749686498.4523082 is LOADED and contains no failed jobs

Step run COMPLETED in 0.36 seconds.
Pipeline mercadolivre_data load step completed in 0.11 seconds
1 load package(s) were loaded to destination postgres and into dataset entry
The postgres destination used postgresql://***:***@pgdatabase:5432/sales_db location to store data
Load package 1749686498.4523082 is LOADED and contains no failed jobs
[2025-06-12T00:01:38.758+0000] {logging_mixin.py:190} INFO - trying to load ./extraction/mercadolivre/data/raw/prod/ml_sell_data_2024-07-01T00:00:00.000-03:00_2025-05-01T00:00:00.000-03:00_3.json to sales_db
[2025-06-12T00:01:39.131+0000] {logging_mixin.py:190} INFO - Pipeline mercadolivre_data load step completed in 0.11 seconds
1 load package(s) were loaded to destination postgres and into dataset entry
The postgres destination used postgresql://***:***@pgdatabase:5432/sales_db location to store data
Load package 1749686498.8342607 is LOADED and contains no failed jobs
[2025-06-12T00:01:39.133+0000] {logging_mixin.py:190} INFO - Run started at 2025-06-12 00:01:38.759837+00:00 and COMPLETED in 0.37 seconds with 4 steps.
Step extract COMPLETED in 0.08 seconds.

Load package 1749686498.8342607 is EXTRACTED and NOT YET LOADED to the destination and contains no failed jobs

Step normalize COMPLETED in 0.11 seconds.
Normalized data for the following tables:
- entry_mercadolivre: 50 row(s)
- entry_mercadolivre__payments: 52 row(s)
- entry_mercadolivre__payments__available_actions: 52 row(s)
- entry_mercadolivre__order_items: 50 row(s)
- entry_mercadolivre__order_items__item__variation_attributes: 47 row(s)
- entry_mercadolivre__tags: 165 row(s)
- entry_mercadolivre__context__flows: 16 row(s)
- entry_mercadolivre__mediations: 9 row(s)

Load package 1749686498.8342607 is NORMALIZED and NOT YET LOADED to the destination and contains no failed jobs

Step load COMPLETED in 0.15 seconds.
Pipeline mercadolivre_data load step completed in 0.11 seconds
1 load package(s) were loaded to destination postgres and into dataset entry
The postgres destination used postgresql://***:***@pgdatabase:5432/sales_db location to store data
Load package 1749686498.8342607 is LOADED and contains no failed jobs

Step run COMPLETED in 0.37 seconds.
Pipeline mercadolivre_data load step completed in 0.11 seconds
1 load package(s) were loaded to destination postgres and into dataset entry
The postgres destination used postgresql://***:***@pgdatabase:5432/sales_db location to store data
Load package 1749686498.8342607 is LOADED and contains no failed jobs
[2025-06-12T00:01:39.139+0000] {logging_mixin.py:190} INFO - trying to load ./extraction/mercadolivre/data/raw/prod/ml_sell_data_2024-07-01T00:00:00.000-03:00_2025-05-01T00:00:00.000-03:00_4.json to sales_db
[2025-06-12T00:01:40.510+0000] {logging_mixin.py:190} INFO - Pipeline mercadolivre_data load step completed in 1.11 seconds
1 load package(s) were loaded to destination postgres and into dataset entry
The postgres destination used postgresql://***:***@pgdatabase:5432/sales_db location to store data
Load package 1749686499.2139575 is LOADED and contains no failed jobs
[2025-06-12T00:01:40.512+0000] {logging_mixin.py:190} INFO - Run started at 2025-06-12 00:01:39.140882+00:00 and COMPLETED in 1.37 seconds with 4 steps.
Step extract COMPLETED in 0.08 seconds.

Load package 1749686499.2139575 is EXTRACTED and NOT YET LOADED to the destination and contains no failed jobs

Step normalize COMPLETED in 0.11 seconds.
Normalized data for the following tables:
- entry_mercadolivre: 50 row(s)
- entry_mercadolivre__payments: 53 row(s)
- entry_mercadolivre__payments__available_actions: 53 row(s)
- entry_mercadolivre__order_items: 50 row(s)
- entry_mercadolivre__order_items__item__variation_attributes: 53 row(s)
- entry_mercadolivre__tags: 154 row(s)
- entry_mercadolivre__mediations: 5 row(s)
- entry_mercadolivre__context__flows: 5 row(s)

Load package 1749686499.2139575 is NORMALIZED and NOT YET LOADED to the destination and contains no failed jobs

Step load COMPLETED in 1.15 seconds.
Pipeline mercadolivre_data load step completed in 1.11 seconds
1 load package(s) were loaded to destination postgres and into dataset entry
The postgres destination used postgresql://***:***@pgdatabase:5432/sales_db location to store data
Load package 1749686499.2139575 is LOADED and contains no failed jobs

Step run COMPLETED in 1.37 seconds.
Pipeline mercadolivre_data load step completed in 1.11 seconds
1 load package(s) were loaded to destination postgres and into dataset entry
The postgres destination used postgresql://***:***@pgdatabase:5432/sales_db location to store data
Load package 1749686499.2139575 is LOADED and contains no failed jobs
[2025-06-12T00:01:40.519+0000] {logging_mixin.py:190} INFO - trying to load ./extraction/mercadolivre/data/raw/prod/ml_sell_data_2024-07-01T00:00:00.000-03:00_2025-05-01T00:00:00.000-03:00_5.json to sales_db
[2025-06-12T00:01:40.945+0000] {logging_mixin.py:190} INFO - Pipeline mercadolivre_data load step completed in 0.11 seconds
1 load package(s) were loaded to destination postgres and into dataset entry
The postgres destination used postgresql://***:***@pgdatabase:5432/sales_db location to store data
Load package 1749686500.610171 is LOADED and contains no failed jobs
[2025-06-12T00:01:40.946+0000] {logging_mixin.py:190} INFO - Run started at 2025-06-12 00:01:40.520563+00:00 and COMPLETED in 0.42 seconds with 4 steps.
Step extract COMPLETED in 0.08 seconds.

Load package 1749686500.610171 is EXTRACTED and NOT YET LOADED to the destination and contains no failed jobs

Step normalize COMPLETED in 0.13 seconds.
Normalized data for the following tables:
- entry_mercadolivre: 47 row(s)
- entry_mercadolivre__payments: 49 row(s)
- entry_mercadolivre__payments__available_actions: 49 row(s)
- entry_mercadolivre__order_items: 47 row(s)
- entry_mercadolivre__order_items__item__variation_attributes: 48 row(s)
- entry_mercadolivre__tags: 127 row(s)
- entry_mercadolivre__context__flows: 6 row(s)
- entry_mercadolivre__mediations: 2 row(s)

Load package 1749686500.610171 is NORMALIZED and NOT YET LOADED to the destination and contains no failed jobs

Step load COMPLETED in 0.16 seconds.
Pipeline mercadolivre_data load step completed in 0.11 seconds
1 load package(s) were loaded to destination postgres and into dataset entry
The postgres destination used postgresql://***:***@pgdatabase:5432/sales_db location to store data
Load package 1749686500.610171 is LOADED and contains no failed jobs

Step run COMPLETED in 0.42 seconds.
Pipeline mercadolivre_data load step completed in 0.11 seconds
1 load package(s) were loaded to destination postgres and into dataset entry
The postgres destination used postgresql://***:***@pgdatabase:5432/sales_db location to store data
Load package 1749686500.610171 is LOADED and contains no failed jobs
[2025-06-12T00:01:40.947+0000] {logging_mixin.py:190} INFO - [WARNING] - file ./extraction/mercadolivre/data/raw/prod/temp.txt does not have .json extension and could not be loaded.
[2025-06-12T00:01:40.948+0000] {python.py:240} INFO - Done. Returned value was: -1
[2025-06-12T00:01:40.974+0000] {taskinstance.py:340} INFO - ::group::Post task execution logs
[2025-06-12T00:01:40.976+0000] {taskinstance.py:352} INFO - Marking task as SUCCESS. dag_id=03_load_data_prod, task_id=load_mercadolivre, run_id=manual__2025-06-12T00:01:29.285558+00:00, execution_date=20250612T000129, start_date=20250612T000130, end_date=20250612T000140
[2025-06-12T00:01:41.015+0000] {local_task_job_runner.py:266} INFO - Task exited with return code 0
[2025-06-12T00:01:41.034+0000] {taskinstance.py:3895} INFO - 0 downstream tasks scheduled from follow-on schedule check
[2025-06-12T00:01:41.037+0000] {local_task_job_runner.py:245} INFO - ::endgroup::
