[2025-06-12T00:14:21.749+0000] {local_task_job_runner.py:123} INFO - ::group::Pre task execution logs
[2025-06-12T00:14:21.769+0000] {taskinstance.py:2613} INFO - Dependencies all met for dep_context=non-requeueable deps ti=<TaskInstance: 06_delete_entry_data_prod.delete_ml_files manual__2025-06-12T00:14:20.372409+00:00 [queued]>
[2025-06-12T00:14:21.778+0000] {taskinstance.py:2613} INFO - Dependencies all met for dep_context=requeueable deps ti=<TaskInstance: 06_delete_entry_data_prod.delete_ml_files manual__2025-06-12T00:14:20.372409+00:00 [queued]>
[2025-06-12T00:14:21.779+0000] {taskinstance.py:2866} INFO - Starting attempt 1 of 1
[2025-06-12T00:14:21.791+0000] {taskinstance.py:2889} INFO - Executing <Task(PythonOperator): delete_ml_files> on 2025-06-12 00:14:20.372409+00:00
[2025-06-12T00:14:21.796+0000] {standard_task_runner.py:72} INFO - Started process 8921 to run task
[2025-06-12T00:14:21.800+0000] {standard_task_runner.py:104} INFO - Running: ['***', 'tasks', 'run', '06_delete_entry_data_prod', 'delete_ml_files', 'manual__2025-06-12T00:14:20.372409+00:00', '--job-id', '994', '--raw', '--subdir', 'DAGS_FOLDER/06_delete_files_tables_prod.py', '--cfg-path', '/tmp/tmpfdnb0lqb']
[2025-06-12T00:14:21.802+0000] {standard_task_runner.py:105} INFO - Job 994: Subtask delete_ml_files
[2025-06-12T00:14:21.873+0000] {task_command.py:467} INFO - Running <TaskInstance: 06_delete_entry_data_prod.delete_ml_files manual__2025-06-12T00:14:20.372409+00:00 [running]> on host 28e6a58e4107
[2025-06-12T00:14:21.979+0000] {taskinstance.py:3132} INFO - Exporting env vars: AIRFLOW_CTX_DAG_OWNER='***' AIRFLOW_CTX_DAG_ID='06_delete_entry_data_prod' AIRFLOW_CTX_TASK_ID='delete_ml_files' AIRFLOW_CTX_EXECUTION_DATE='2025-06-12T00:14:20.372409+00:00' AIRFLOW_CTX_TRY_NUMBER='1' AIRFLOW_CTX_DAG_RUN_ID='manual__2025-06-12T00:14:20.372409+00:00'
[2025-06-12T00:14:21.980+0000] {taskinstance.py:731} INFO - ::endgroup::
[2025-06-12T00:14:22.002+0000] {logging_mixin.py:190} INFO - Deleted all files in /opt/***/extraction/mercadolivre/data/raw/prod/ with extension *.json
[2025-06-12T00:14:22.005+0000] {logging_mixin.py:190} INFO - Deleted all files in /opt/***/extraction/mercadolivre/data/raw/prod/ with extension *.json
[2025-06-12T00:14:22.008+0000] {logging_mixin.py:190} INFO - Deleted all files in /opt/***/extraction/mercadolivre/data/raw/prod/ with extension *.json
[2025-06-12T00:14:22.012+0000] {logging_mixin.py:190} INFO - Deleted all files in /opt/***/extraction/mercadolivre/data/raw/prod/ with extension *.json
[2025-06-12T00:14:22.015+0000] {logging_mixin.py:190} INFO - Deleted all files in /opt/***/extraction/mercadolivre/data/raw/prod/ with extension *.json
[2025-06-12T00:14:22.018+0000] {logging_mixin.py:190} INFO - Deleted all files in /opt/***/extraction/mercadolivre/data/raw/prod/ with extension *.json
[2025-06-12T00:14:22.019+0000] {python.py:240} INFO - Done. Returned value was: None
[2025-06-12T00:14:22.035+0000] {taskinstance.py:340} INFO - ::group::Post task execution logs
[2025-06-12T00:14:22.036+0000] {taskinstance.py:352} INFO - Marking task as SUCCESS. dag_id=06_delete_entry_data_prod, task_id=delete_ml_files, run_id=manual__2025-06-12T00:14:20.372409+00:00, execution_date=20250612T001420, start_date=20250612T001421, end_date=20250612T001422
[2025-06-12T00:14:22.055+0000] {local_task_job_runner.py:266} INFO - Task exited with return code 0
[2025-06-12T00:14:22.070+0000] {local_task_job_runner.py:245} INFO - ::endgroup::
