[2025-06-09T22:28:18.728+0000] {local_task_job_runner.py:123} INFO - ::group::Pre task execution logs
[2025-06-09T22:28:18.747+0000] {taskinstance.py:2613} INFO - Dependencies all met for dep_context=non-requeueable deps ti=<TaskInstance: 05_transform_data.install_dbt_deps manual__2025-06-09T22:28:17.053880+00:00 [queued]>
[2025-06-09T22:28:18.755+0000] {taskinstance.py:2613} INFO - Dependencies all met for dep_context=requeueable deps ti=<TaskInstance: 05_transform_data.install_dbt_deps manual__2025-06-09T22:28:17.053880+00:00 [queued]>
[2025-06-09T22:28:18.757+0000] {taskinstance.py:2866} INFO - Starting attempt 1 of 1
[2025-06-09T22:28:18.769+0000] {taskinstance.py:2889} INFO - Executing <Task(PythonOperator): install_dbt_deps> on 2025-06-09 22:28:17.053880+00:00
[2025-06-09T22:28:18.773+0000] {standard_task_runner.py:72} INFO - Started process 6009 to run task
[2025-06-09T22:28:18.776+0000] {standard_task_runner.py:104} INFO - Running: ['***', 'tasks', 'run', '05_transform_data', 'install_dbt_deps', 'manual__2025-06-09T22:28:17.053880+00:00', '--job-id', '636', '--raw', '--subdir', 'DAGS_FOLDER/05_transform_data.py', '--cfg-path', '/tmp/tmpijhb9qlz']
[2025-06-09T22:28:18.778+0000] {standard_task_runner.py:105} INFO - Job 636: Subtask install_dbt_deps
[2025-06-09T22:28:18.833+0000] {task_command.py:467} INFO - Running <TaskInstance: 05_transform_data.install_dbt_deps manual__2025-06-09T22:28:17.053880+00:00 [running]> on host 28e6a58e4107
[2025-06-09T22:28:18.922+0000] {taskinstance.py:3132} INFO - Exporting env vars: AIRFLOW_CTX_DAG_OWNER='***' AIRFLOW_CTX_DAG_ID='05_transform_data' AIRFLOW_CTX_TASK_ID='install_dbt_deps' AIRFLOW_CTX_EXECUTION_DATE='2025-06-09T22:28:17.053880+00:00' AIRFLOW_CTX_TRY_NUMBER='1' AIRFLOW_CTX_DAG_RUN_ID='manual__2025-06-09T22:28:17.053880+00:00'
[2025-06-09T22:28:18.923+0000] {taskinstance.py:731} INFO - ::endgroup::
[2025-06-09T22:28:20.590+0000] {logging_mixin.py:190} INFO - 22:28:20  Running with dbt=1.9.5
[2025-06-09T22:28:21.561+0000] {logging_mixin.py:190} INFO - 22:28:21  Installing dbt-labs/dbt_utils
[2025-06-09T22:28:24.702+0000] {logging_mixin.py:190} INFO - 22:28:24  Installed from version 1.2.0
[2025-06-09T22:28:24.703+0000] {logging_mixin.py:190} INFO - 22:28:24  Updated version available: 1.3.0
[2025-06-09T22:28:24.707+0000] {logging_mixin.py:190} INFO - 22:28:24
[2025-06-09T22:28:24.708+0000] {logging_mixin.py:190} INFO - 22:28:24  Updates available for packages: ['dbt-labs/dbt_utils']                 
Update your versions in packages.yml, then run dbt deps
[2025-06-09T22:28:25.401+0000] {logging_mixin.py:190} INFO - Dependencies sucessfully installed.
[2025-06-09T22:28:25.403+0000] {python.py:240} INFO - Done. Returned value was: None
[2025-06-09T22:28:25.420+0000] {taskinstance.py:340} INFO - ::group::Post task execution logs
[2025-06-09T22:28:25.422+0000] {taskinstance.py:352} INFO - Marking task as SUCCESS. dag_id=05_transform_data, task_id=install_dbt_deps, run_id=manual__2025-06-09T22:28:17.053880+00:00, execution_date=20250609T222817, start_date=20250609T222818, end_date=20250609T222825
[2025-06-09T22:28:25.460+0000] {local_task_job_runner.py:266} INFO - Task exited with return code 0
[2025-06-09T22:28:25.482+0000] {taskinstance.py:3895} INFO - 1 downstream tasks scheduled from follow-on schedule check
[2025-06-09T22:28:25.485+0000] {local_task_job_runner.py:245} INFO - ::endgroup::
