[2025-06-05T17:18:46.576+0000] {local_task_job_runner.py:123} INFO - ::group::Pre task execution logs
[2025-06-05T17:18:46.599+0000] {taskinstance.py:2613} INFO - Dependencies all met for dep_context=non-requeueable deps ti=<TaskInstance: 04_transform_data.install_dbt_deps manual__2025-06-05T17:18:44.893514+00:00 [queued]>
[2025-06-05T17:18:46.610+0000] {taskinstance.py:2613} INFO - Dependencies all met for dep_context=requeueable deps ti=<TaskInstance: 04_transform_data.install_dbt_deps manual__2025-06-05T17:18:44.893514+00:00 [queued]>
[2025-06-05T17:18:46.611+0000] {taskinstance.py:2866} INFO - Starting attempt 1 of 1
[2025-06-05T17:18:46.626+0000] {taskinstance.py:2889} INFO - Executing <Task(PythonOperator): install_dbt_deps> on 2025-06-05 17:18:44.893514+00:00
[2025-06-05T17:18:46.631+0000] {standard_task_runner.py:72} INFO - Started process 96 to run task
[2025-06-05T17:18:46.637+0000] {standard_task_runner.py:104} INFO - Running: ['***', 'tasks', 'run', '04_transform_data', 'install_dbt_deps', 'manual__2025-06-05T17:18:44.893514+00:00', '--job-id', '320', '--raw', '--subdir', 'DAGS_FOLDER/04_transform_data.py', '--cfg-path', '/tmp/tmplwnx9_0x']
[2025-06-05T17:18:46.639+0000] {standard_task_runner.py:105} INFO - Job 320: Subtask install_dbt_deps
[2025-06-05T17:18:46.706+0000] {task_command.py:467} INFO - Running <TaskInstance: 04_transform_data.install_dbt_deps manual__2025-06-05T17:18:44.893514+00:00 [running]> on host 28e6a58e4107
[2025-06-05T17:18:46.801+0000] {taskinstance.py:3132} INFO - Exporting env vars: AIRFLOW_CTX_DAG_OWNER='***' AIRFLOW_CTX_DAG_ID='04_transform_data' AIRFLOW_CTX_TASK_ID='install_dbt_deps' AIRFLOW_CTX_EXECUTION_DATE='2025-06-05T17:18:44.893514+00:00' AIRFLOW_CTX_TRY_NUMBER='1' AIRFLOW_CTX_DAG_RUN_ID='manual__2025-06-05T17:18:44.893514+00:00'
[2025-06-05T17:18:46.803+0000] {taskinstance.py:731} INFO - ::endgroup::
[2025-06-05T17:18:48.530+0000] {logging_mixin.py:190} INFO - 17:18:48  Running with dbt=1.9.5
[2025-06-05T17:18:49.607+0000] {logging_mixin.py:190} INFO - 17:18:49  Installing dbt-labs/dbt_utils
[2025-06-05T17:18:52.747+0000] {logging_mixin.py:190} INFO - 17:18:52  Installed from version 1.2.0
[2025-06-05T17:18:52.748+0000] {logging_mixin.py:190} INFO - 17:18:52  Updated version available: 1.3.0
[2025-06-05T17:18:52.751+0000] {logging_mixin.py:190} INFO - 17:18:52
[2025-06-05T17:18:52.752+0000] {logging_mixin.py:190} INFO - 17:18:52  Updates available for packages: ['dbt-labs/dbt_utils']                 
Update your versions in packages.yml, then run dbt deps
[2025-06-05T17:18:53.486+0000] {logging_mixin.py:190} INFO - Dependencies sucessfully installed.
[2025-06-05T17:18:53.487+0000] {python.py:240} INFO - Done. Returned value was: None
[2025-06-05T17:18:53.499+0000] {taskinstance.py:340} INFO - ::group::Post task execution logs
[2025-06-05T17:18:53.501+0000] {taskinstance.py:352} INFO - Marking task as SUCCESS. dag_id=04_transform_data, task_id=install_dbt_deps, run_id=manual__2025-06-05T17:18:44.893514+00:00, execution_date=20250605T171844, start_date=20250605T171846, end_date=20250605T171853
[2025-06-05T17:18:53.555+0000] {local_task_job_runner.py:266} INFO - Task exited with return code 0
[2025-06-05T17:18:53.576+0000] {taskinstance.py:3895} INFO - 1 downstream tasks scheduled from follow-on schedule check
[2025-06-05T17:18:53.579+0000] {local_task_job_runner.py:245} INFO - ::endgroup::
