[2025-06-09T19:09:25.492+0000] {local_task_job_runner.py:123} INFO - ::group::Pre task execution logs
[2025-06-09T19:09:25.510+0000] {taskinstance.py:2613} INFO - Dependencies all met for dep_context=non-requeueable deps ti=<TaskInstance: 05_transform_data.run_dbt manual__2025-06-09T19:09:16.728263+00:00 [queued]>
[2025-06-09T19:09:25.518+0000] {taskinstance.py:2613} INFO - Dependencies all met for dep_context=requeueable deps ti=<TaskInstance: 05_transform_data.run_dbt manual__2025-06-09T19:09:16.728263+00:00 [queued]>
[2025-06-09T19:09:25.520+0000] {taskinstance.py:2866} INFO - Starting attempt 1 of 1
[2025-06-09T19:09:25.532+0000] {taskinstance.py:2889} INFO - Executing <Task(PythonOperator): run_dbt> on 2025-06-09 19:09:16.728263+00:00
[2025-06-09T19:09:25.536+0000] {standard_task_runner.py:72} INFO - Started process 260 to run task
[2025-06-09T19:09:25.539+0000] {standard_task_runner.py:104} INFO - Running: ['***', 'tasks', 'run', '05_transform_data', 'run_dbt', 'manual__2025-06-09T19:09:16.728263+00:00', '--job-id', '508', '--raw', '--subdir', 'DAGS_FOLDER/05_transform_data.py', '--cfg-path', '/tmp/tmpif6oyfj0']
[2025-06-09T19:09:25.541+0000] {standard_task_runner.py:105} INFO - Job 508: Subtask run_dbt
[2025-06-09T19:09:25.592+0000] {task_command.py:467} INFO - Running <TaskInstance: 05_transform_data.run_dbt manual__2025-06-09T19:09:16.728263+00:00 [running]> on host 28e6a58e4107
[2025-06-09T19:09:25.674+0000] {taskinstance.py:3132} INFO - Exporting env vars: AIRFLOW_CTX_DAG_OWNER='***' AIRFLOW_CTX_DAG_ID='05_transform_data' AIRFLOW_CTX_TASK_ID='run_dbt' AIRFLOW_CTX_EXECUTION_DATE='2025-06-09T19:09:16.728263+00:00' AIRFLOW_CTX_TRY_NUMBER='1' AIRFLOW_CTX_DAG_RUN_ID='manual__2025-06-09T19:09:16.728263+00:00'
[2025-06-09T19:09:25.676+0000] {taskinstance.py:731} INFO - ::endgroup::
[2025-06-09T19:09:27.382+0000] {logging_mixin.py:190} INFO - 19:09:27  Running with dbt=1.9.5
[2025-06-09T19:09:27.828+0000] {logging_mixin.py:190} INFO - 19:09:27  Registered adapter: postgres=1.9.0
[2025-06-09T19:09:29.778+0000] {logging_mixin.py:190} INFO - 19:09:29  [WARNING]: Configuration paths exist in your dbt_project.yml file which do not apply to any resources.
There are 1 unused configuration paths:
- models.e_commerce_sales.example
[2025-06-09T19:09:29.985+0000] {logging_mixin.py:190} INFO - 19:09:29  Found 15 models, 12 sources, 549 macros, 1 unit test
[2025-06-09T19:09:29.990+0000] {logging_mixin.py:190} INFO - 19:09:29
[2025-06-09T19:09:29.992+0000] {logging_mixin.py:190} INFO - 19:09:29  Concurrency: 4 threads (target='dev')
[2025-06-09T19:09:29.993+0000] {logging_mixin.py:190} INFO - 19:09:29
[2025-06-09T19:09:30.125+0000] {logging_mixin.py:190} INFO - 19:09:30  1 of 15 START sql incremental model sales.mercadolivre_orders_results .......... [RUN]
[2025-06-09T19:09:30.127+0000] {logging_mixin.py:190} INFO - 19:09:30  2 of 15 START sql incremental model sales.stg_shopee ........................... [RUN]
[2025-06-09T19:09:30.466+0000] {logging_mixin.py:190} INFO - 19:09:30  2 of 15 OK created sql incremental model sales.stg_shopee ...................... [MERGE 0 in 0.33s]
[2025-06-09T19:09:30.472+0000] {logging_mixin.py:190} INFO - 19:09:30  3 of 15 START sql incremental model sales.shopee_new_id ........................ [RUN]
[2025-06-09T19:09:30.474+0000] {logging_mixin.py:190} INFO - 19:09:30  4 of 15 START sql incremental model sales.shopee_orders_results ................ [RUN]
[2025-06-09T19:09:30.566+0000] {logging_mixin.py:190} INFO - 19:09:30  4 of 15 ERROR creating sql incremental model sales.shopee_orders_results ....... [ERROR in 0.09s]
[2025-06-09T19:09:30.581+0000] {logging_mixin.py:190} INFO - 19:09:30  5 of 15 SKIP relation sales.dim_shopee_buyer ................................... [SKIP]
[2025-06-09T19:09:30.584+0000] {logging_mixin.py:190} INFO - 19:09:30  6 of 15 SKIP relation sales.dim_shopee_date .................................... [SKIP]
[2025-06-09T19:09:30.596+0000] {logging_mixin.py:190} INFO - 19:09:30  7 of 15 SKIP relation sales.dim_shopee_orders_status ........................... [SKIP]
[2025-06-09T19:09:30.598+0000] {logging_mixin.py:190} INFO - 19:09:30  8 of 15 SKIP relation sales.dim_shopee_product ................................. [SKIP]
[2025-06-09T19:09:30.605+0000] {logging_mixin.py:190} INFO - 19:09:30  9 of 15 SKIP relation sales.sum_shopee_monthly_profit .......................... [SKIP]
[2025-06-09T19:09:30.607+0000] {logging_mixin.py:190} INFO - 19:09:30  10 of 15 SKIP relation sales.sum_shopee_monthly_revenue ........................ [SKIP]
[2025-06-09T19:09:30.615+0000] {logging_mixin.py:190} INFO - 19:09:30  11 of 15 SKIP relation sales.sum_shopee_products_sold .......................... [SKIP]
[2025-06-09T19:09:30.628+0000] {logging_mixin.py:190} INFO - 19:09:30  3 of 15 OK created sql incremental model sales.shopee_new_id ................... [MERGE 0 in 0.15s]
[2025-06-09T19:09:33.151+0000] {logging_mixin.py:190} INFO - 19:09:33  1 of 15 OK created sql incremental model sales.mercadolivre_orders_results ..... [MERGE 190 in 3.02s]
[2025-06-09T19:09:33.158+0000] {logging_mixin.py:190} INFO - 19:09:33  12 of 15 START sql incremental model sales.dim_mercadolivre_buyer .............. [RUN]
[2025-06-09T19:09:33.160+0000] {logging_mixin.py:190} INFO - 19:09:33  13 of 15 START sql incremental model sales.dim_mercadolivre_date ............... [RUN]
[2025-06-09T19:09:33.161+0000] {logging_mixin.py:190} INFO - 19:09:33  14 of 15 START sql incremental model sales.dim_mercadolivre_orders_status ...... [RUN]
[2025-06-09T19:09:33.163+0000] {logging_mixin.py:190} INFO - 19:09:33  15 of 15 START sql incremental model sales.dim_mercadolivre_product ............ [RUN]
[2025-06-09T19:09:33.417+0000] {logging_mixin.py:190} INFO - 19:09:33  14 of 15 OK created sql incremental model sales.dim_mercadolivre_orders_status . [MERGE 190 in 0.25s]
[2025-06-09T19:09:33.432+0000] {logging_mixin.py:190} INFO - 19:09:33  12 of 15 OK created sql incremental model sales.dim_mercadolivre_buyer ......... [MERGE 188 in 0.27s]
[2025-06-09T19:09:35.724+0000] {logging_mixin.py:190} INFO - 19:09:35  13 of 15 OK created sql incremental model sales.dim_mercadolivre_date .......... [MERGE 190 in 2.56s]
[2025-06-09T19:09:37.937+0000] {logging_mixin.py:190} INFO - 19:09:37  15 of 15 OK created sql incremental model sales.dim_mercadolivre_product ....... [MERGE 65 in 4.77s]
[2025-06-09T19:09:37.960+0000] {logging_mixin.py:190} INFO - 19:09:37
[2025-06-09T19:09:37.961+0000] {logging_mixin.py:190} INFO - 19:09:37  Finished running 12 incremental models, 3 view models in 0 hours 0 minutes and 7.96 seconds (7.96s).
[2025-06-09T19:09:38.041+0000] {logging_mixin.py:190} INFO - 19:09:38
[2025-06-09T19:09:38.042+0000] {logging_mixin.py:190} INFO - 19:09:38  Completed with 1 error, 0 partial successes, and 0 warnings:
[2025-06-09T19:09:38.044+0000] {logging_mixin.py:190} INFO - 19:09:38
[2025-06-09T19:09:38.045+0000] {logging_mixin.py:190} INFO - 19:09:38    Database Error in model shopee_orders_results (models/core/shopee_orders_results.sql)
  relation "stg_shopee" does not exist
  LINE 22:         FROM stg_shopee
                        ^
  compiled code at target/run/e_commerce_sales/models/core/shopee_orders_results.sql
[2025-06-09T19:09:38.048+0000] {logging_mixin.py:190} INFO - 19:09:38
[2025-06-09T19:09:38.049+0000] {logging_mixin.py:190} INFO - 19:09:38  Done. PASS=7 WARN=0 ERROR=1 SKIP=7 TOTAL=15
[2025-06-09T19:09:38.908+0000] {logging_mixin.py:190} INFO - dbt run failed!
[2025-06-09T19:09:38.910+0000] {logging_mixin.py:190} INFO - None
[2025-06-09T19:09:38.912+0000] {taskinstance.py:3311} ERROR - Task failed with exception
Traceback (most recent call last):
  File "/home/airflow/.local/lib/python3.9/site-packages/airflow/models/taskinstance.py", line 767, in _execute_task
    result = _execute_callable(context=context, **execute_callable_kwargs)
  File "/home/airflow/.local/lib/python3.9/site-packages/airflow/models/taskinstance.py", line 733, in _execute_callable
    return ExecutionCallableRunner(
  File "/home/airflow/.local/lib/python3.9/site-packages/airflow/utils/operator_helpers.py", line 252, in run
    return self.func(*args, **kwargs)
  File "/home/airflow/.local/lib/python3.9/site-packages/airflow/models/baseoperator.py", line 422, in wrapper
    return func(self, *args, **kwargs)
  File "/home/airflow/.local/lib/python3.9/site-packages/airflow/operators/python.py", line 238, in execute
    return_value = self.execute_callable()
  File "/home/airflow/.local/lib/python3.9/site-packages/airflow/operators/python.py", line 256, in execute_callable
    return runner.run(*self.op_args, **self.op_kwargs)
  File "/home/airflow/.local/lib/python3.9/site-packages/airflow/utils/operator_helpers.py", line 252, in run
    return self.func(*args, **kwargs)
  File "/opt/airflow/dbt_files/run_dbt.py", line 22, in transform_data
    raise RuntimeError("dbt run failed")
RuntimeError: dbt run failed
[2025-06-09T19:09:38.924+0000] {taskinstance.py:1225} INFO - Marking task as FAILED. dag_id=05_transform_data, task_id=run_dbt, run_id=manual__2025-06-09T19:09:16.728263+00:00, execution_date=20250609T190916, start_date=20250609T190925, end_date=20250609T190938
[2025-06-09T19:09:38.935+0000] {taskinstance.py:340} INFO - ::group::Post task execution logs
[2025-06-09T19:09:38.936+0000] {standard_task_runner.py:124} ERROR - Failed to execute job 508 for task run_dbt (dbt run failed; 260)
Traceback (most recent call last):
  File "/home/airflow/.local/lib/python3.9/site-packages/airflow/task/task_runner/standard_task_runner.py", line 117, in _start_by_fork
    ret = args.func(args, dag=self.dag)
  File "/home/airflow/.local/lib/python3.9/site-packages/airflow/cli/cli_config.py", line 49, in command
    return func(*args, **kwargs)
  File "/home/airflow/.local/lib/python3.9/site-packages/airflow/utils/cli.py", line 116, in wrapper
    return f(*args, **kwargs)
  File "/home/airflow/.local/lib/python3.9/site-packages/airflow/cli/commands/task_command.py", line 483, in task_run
    task_return_code = _run_task_by_selected_method(args, _dag, ti)
  File "/home/airflow/.local/lib/python3.9/site-packages/airflow/cli/commands/task_command.py", line 256, in _run_task_by_selected_method
    return _run_raw_task(args, ti)
  File "/home/airflow/.local/lib/python3.9/site-packages/airflow/cli/commands/task_command.py", line 341, in _run_raw_task
    return ti._run_raw_task(
  File "/home/airflow/.local/lib/python3.9/site-packages/airflow/utils/session.py", line 97, in wrapper
    return func(*args, session=session, **kwargs)
  File "/home/airflow/.local/lib/python3.9/site-packages/airflow/models/taskinstance.py", line 3005, in _run_raw_task
    return _run_raw_task(
  File "/home/airflow/.local/lib/python3.9/site-packages/airflow/models/taskinstance.py", line 273, in _run_raw_task
    TaskInstance._execute_task_with_callbacks(
  File "/home/airflow/.local/lib/python3.9/site-packages/airflow/models/taskinstance.py", line 3159, in _execute_task_with_callbacks
    result = self._execute_task(context, task_orig)
  File "/home/airflow/.local/lib/python3.9/site-packages/airflow/models/taskinstance.py", line 3183, in _execute_task
    return _execute_task(self, context, task_orig)
  File "/home/airflow/.local/lib/python3.9/site-packages/airflow/models/taskinstance.py", line 767, in _execute_task
    result = _execute_callable(context=context, **execute_callable_kwargs)
  File "/home/airflow/.local/lib/python3.9/site-packages/airflow/models/taskinstance.py", line 733, in _execute_callable
    return ExecutionCallableRunner(
  File "/home/airflow/.local/lib/python3.9/site-packages/airflow/utils/operator_helpers.py", line 252, in run
    return self.func(*args, **kwargs)
  File "/home/airflow/.local/lib/python3.9/site-packages/airflow/models/baseoperator.py", line 422, in wrapper
    return func(self, *args, **kwargs)
  File "/home/airflow/.local/lib/python3.9/site-packages/airflow/operators/python.py", line 238, in execute
    return_value = self.execute_callable()
  File "/home/airflow/.local/lib/python3.9/site-packages/airflow/operators/python.py", line 256, in execute_callable
    return runner.run(*self.op_args, **self.op_kwargs)
  File "/home/airflow/.local/lib/python3.9/site-packages/airflow/utils/operator_helpers.py", line 252, in run
    return self.func(*args, **kwargs)
  File "/opt/airflow/dbt_files/run_dbt.py", line 22, in transform_data
    raise RuntimeError("dbt run failed")
RuntimeError: dbt run failed
[2025-06-09T19:09:38.962+0000] {local_task_job_runner.py:266} INFO - Task exited with return code 1
[2025-06-09T19:09:38.981+0000] {taskinstance.py:3895} INFO - 0 downstream tasks scheduled from follow-on schedule check
[2025-06-09T19:09:38.984+0000] {local_task_job_runner.py:245} INFO - ::endgroup::
