[2025-06-23T17:38:00.777+0000] {local_task_job_runner.py:123} INFO - ::group::Pre task execution logs
[2025-06-23T17:38:00.796+0000] {taskinstance.py:2613} INFO - Dependencies all met for dep_context=non-requeueable deps ti=<TaskInstance: 03_load_data_prod.load_prod_cost manual__2025-06-23T17:37:58.288392+00:00 [queued]>
[2025-06-23T17:38:00.805+0000] {taskinstance.py:2613} INFO - Dependencies all met for dep_context=requeueable deps ti=<TaskInstance: 03_load_data_prod.load_prod_cost manual__2025-06-23T17:37:58.288392+00:00 [queued]>
[2025-06-23T17:38:00.807+0000] {taskinstance.py:2866} INFO - Starting attempt 1 of 1
[2025-06-23T17:38:00.820+0000] {taskinstance.py:2889} INFO - Executing <Task(PythonOperator): load_prod_cost> on 2025-06-23 17:37:58.288392+00:00
[2025-06-23T17:38:00.825+0000] {standard_task_runner.py:72} INFO - Started process 2649 to run task
[2025-06-23T17:38:00.834+0000] {standard_task_runner.py:104} INFO - Running: ['***', 'tasks', 'run', '03_load_data_prod', 'load_prod_cost', 'manual__2025-06-23T17:37:58.288392+00:00', '--job-id', '45', '--raw', '--subdir', 'DAGS_FOLDER/03_load_data_prod.py', '--cfg-path', '/tmp/tmp11bkfv5k']
[2025-06-23T17:38:00.836+0000] {standard_task_runner.py:105} INFO - Job 45: Subtask load_prod_cost
[2025-06-23T17:38:00.902+0000] {task_command.py:467} INFO - Running <TaskInstance: 03_load_data_prod.load_prod_cost manual__2025-06-23T17:37:58.288392+00:00 [running]> on host b208c9761688
[2025-06-23T17:38:01.004+0000] {taskinstance.py:3132} INFO - Exporting env vars: AIRFLOW_CTX_DAG_OWNER='***' AIRFLOW_CTX_DAG_ID='03_load_data_prod' AIRFLOW_CTX_TASK_ID='load_prod_cost' AIRFLOW_CTX_EXECUTION_DATE='2025-06-23T17:37:58.288392+00:00' AIRFLOW_CTX_TRY_NUMBER='1' AIRFLOW_CTX_DAG_RUN_ID='manual__2025-06-23T17:37:58.288392+00:00'
[2025-06-23T17:38:01.006+0000] {taskinstance.py:731} INFO - ::endgroup::
[2025-06-23T17:38:01.527+0000] {logging_mixin.py:190} INFO - column begin_date is datetime64[ns, UTC]
[2025-06-23T17:38:01.527+0000] {logging_mixin.py:190} INFO - column end_date is datetime64[ns, UTC]
[2025-06-23T17:38:01.528+0000] {logging_mixin.py:190} INFO - Loading file /opt/***/data/supplies/clean/prod/clean_cost_data.csv to prod sales_db
[2025-06-23T17:38:01.581+0000] {logging_mixin.py:190} INFO - Data in /opt/***/data/supplies/clean/prod/clean_cost_data.csv successfully loaded.
[2025-06-23T17:38:01.582+0000] {python.py:240} INFO - Done. Returned value was: None
[2025-06-23T17:38:01.595+0000] {taskinstance.py:340} INFO - ::group::Post task execution logs
[2025-06-23T17:38:01.596+0000] {taskinstance.py:352} INFO - Marking task as SUCCESS. dag_id=03_load_data_prod, task_id=load_prod_cost, run_id=manual__2025-06-23T17:37:58.288392+00:00, execution_date=20250623T173758, start_date=20250623T173800, end_date=20250623T173801
[2025-06-23T17:38:01.646+0000] {local_task_job_runner.py:266} INFO - Task exited with return code 0
[2025-06-23T17:38:01.659+0000] {local_task_job_runner.py:245} INFO - ::endgroup::
