[2025-06-06T19:55:05.149+0000] {local_task_job_runner.py:123} INFO - ::group::Pre task execution logs
[2025-06-06T19:55:05.170+0000] {taskinstance.py:2613} INFO - Dependencies all met for dep_context=non-requeueable deps ti=<TaskInstance: 05_transform_data.install_dbt_deps manual__2025-06-06T19:55:03.550727+00:00 [queued]>
[2025-06-06T19:55:05.179+0000] {taskinstance.py:2613} INFO - Dependencies all met for dep_context=requeueable deps ti=<TaskInstance: 05_transform_data.install_dbt_deps manual__2025-06-06T19:55:03.550727+00:00 [queued]>
[2025-06-06T19:55:05.181+0000] {taskinstance.py:2866} INFO - Starting attempt 1 of 1
[2025-06-06T19:55:05.194+0000] {taskinstance.py:2889} INFO - Executing <Task(PythonOperator): install_dbt_deps> on 2025-06-06 19:55:03.550727+00:00
[2025-06-06T19:55:05.199+0000] {standard_task_runner.py:72} INFO - Started process 3935 to run task
[2025-06-06T19:55:05.202+0000] {standard_task_runner.py:104} INFO - Running: ['***', 'tasks', 'run', '05_transform_data', 'install_dbt_deps', 'manual__2025-06-06T19:55:03.550727+00:00', '--job-id', '411', '--raw', '--subdir', 'DAGS_FOLDER/05_transform_data.py', '--cfg-path', '/tmp/tmprto0apvn']
[2025-06-06T19:55:05.204+0000] {standard_task_runner.py:105} INFO - Job 411: Subtask install_dbt_deps
[2025-06-06T19:55:05.261+0000] {task_command.py:467} INFO - Running <TaskInstance: 05_transform_data.install_dbt_deps manual__2025-06-06T19:55:03.550727+00:00 [running]> on host 28e6a58e4107
[2025-06-06T19:55:05.347+0000] {taskinstance.py:3132} INFO - Exporting env vars: AIRFLOW_CTX_DAG_OWNER='***' AIRFLOW_CTX_DAG_ID='05_transform_data' AIRFLOW_CTX_TASK_ID='install_dbt_deps' AIRFLOW_CTX_EXECUTION_DATE='2025-06-06T19:55:03.550727+00:00' AIRFLOW_CTX_TRY_NUMBER='1' AIRFLOW_CTX_DAG_RUN_ID='manual__2025-06-06T19:55:03.550727+00:00'
[2025-06-06T19:55:05.349+0000] {taskinstance.py:731} INFO - ::endgroup::
[2025-06-06T19:55:07.056+0000] {logging_mixin.py:190} INFO - 19:55:07  Running with dbt=1.9.5
[2025-06-06T19:55:07.751+0000] {logging_mixin.py:190} INFO - 19:55:07  Installing dbt-labs/dbt_utils
[2025-06-06T19:55:11.107+0000] {logging_mixin.py:190} INFO - 19:55:11  Installed from version 1.2.0
[2025-06-06T19:55:11.108+0000] {logging_mixin.py:190} INFO - 19:55:11  Updated version available: 1.3.0
[2025-06-06T19:55:11.111+0000] {logging_mixin.py:190} INFO - 19:55:11
[2025-06-06T19:55:11.112+0000] {logging_mixin.py:190} INFO - 19:55:11  Updates available for packages: ['dbt-labs/dbt_utils']                 
Update your versions in packages.yml, then run dbt deps
[2025-06-06T19:55:11.817+0000] {logging_mixin.py:190} INFO - Dependencies sucessfully installed.
[2025-06-06T19:55:11.818+0000] {python.py:240} INFO - Done. Returned value was: None
[2025-06-06T19:55:11.830+0000] {taskinstance.py:340} INFO - ::group::Post task execution logs
[2025-06-06T19:55:11.831+0000] {taskinstance.py:352} INFO - Marking task as SUCCESS. dag_id=05_transform_data, task_id=install_dbt_deps, run_id=manual__2025-06-06T19:55:03.550727+00:00, execution_date=20250606T195503, start_date=20250606T195505, end_date=20250606T195511
[2025-06-06T19:55:11.886+0000] {local_task_job_runner.py:266} INFO - Task exited with return code 0
[2025-06-06T19:55:11.906+0000] {taskinstance.py:3895} INFO - 1 downstream tasks scheduled from follow-on schedule check
[2025-06-06T19:55:11.909+0000] {local_task_job_runner.py:245} INFO - ::endgroup::
