[2025-06-09T22:22:08.208+0000] {local_task_job_runner.py:123} INFO - ::group::Pre task execution logs
[2025-06-09T22:22:08.227+0000] {taskinstance.py:2613} INFO - Dependencies all met for dep_context=non-requeueable deps ti=<TaskInstance: 05_transform_data.install_dbt_deps manual__2025-06-09T22:22:06.111736+00:00 [queued]>
[2025-06-09T22:22:08.236+0000] {taskinstance.py:2613} INFO - Dependencies all met for dep_context=requeueable deps ti=<TaskInstance: 05_transform_data.install_dbt_deps manual__2025-06-09T22:22:06.111736+00:00 [queued]>
[2025-06-09T22:22:08.237+0000] {taskinstance.py:2866} INFO - Starting attempt 1 of 1
[2025-06-09T22:22:08.249+0000] {taskinstance.py:2889} INFO - Executing <Task(PythonOperator): install_dbt_deps> on 2025-06-09 22:22:06.111736+00:00
[2025-06-09T22:22:08.253+0000] {standard_task_runner.py:72} INFO - Started process 5840 to run task
[2025-06-09T22:22:08.256+0000] {standard_task_runner.py:104} INFO - Running: ['***', 'tasks', 'run', '05_transform_data', 'install_dbt_deps', 'manual__2025-06-09T22:22:06.111736+00:00', '--job-id', '628', '--raw', '--subdir', 'DAGS_FOLDER/05_transform_data.py', '--cfg-path', '/tmp/tmp8ksbgol0']
[2025-06-09T22:22:08.258+0000] {standard_task_runner.py:105} INFO - Job 628: Subtask install_dbt_deps
[2025-06-09T22:22:08.310+0000] {task_command.py:467} INFO - Running <TaskInstance: 05_transform_data.install_dbt_deps manual__2025-06-09T22:22:06.111736+00:00 [running]> on host 28e6a58e4107
[2025-06-09T22:22:08.393+0000] {taskinstance.py:3132} INFO - Exporting env vars: AIRFLOW_CTX_DAG_OWNER='***' AIRFLOW_CTX_DAG_ID='05_transform_data' AIRFLOW_CTX_TASK_ID='install_dbt_deps' AIRFLOW_CTX_EXECUTION_DATE='2025-06-09T22:22:06.111736+00:00' AIRFLOW_CTX_TRY_NUMBER='1' AIRFLOW_CTX_DAG_RUN_ID='manual__2025-06-09T22:22:06.111736+00:00'
[2025-06-09T22:22:08.394+0000] {taskinstance.py:731} INFO - ::endgroup::
[2025-06-09T22:22:10.025+0000] {logging_mixin.py:190} INFO - 22:22:10  Running with dbt=1.9.5
[2025-06-09T22:22:11.055+0000] {logging_mixin.py:190} INFO - 22:22:11  Installing dbt-labs/dbt_utils
[2025-06-09T22:22:19.195+0000] {logging_mixin.py:190} INFO - 22:22:19  Installed from version 1.2.0
[2025-06-09T22:22:19.197+0000] {logging_mixin.py:190} INFO - 22:22:19  Updated version available: 1.3.0
[2025-06-09T22:22:19.199+0000] {logging_mixin.py:190} INFO - 22:22:19
[2025-06-09T22:22:19.201+0000] {logging_mixin.py:190} INFO - 22:22:19  Updates available for packages: ['dbt-labs/dbt_utils']                 
Update your versions in packages.yml, then run dbt deps
[2025-06-09T22:22:19.898+0000] {logging_mixin.py:190} INFO - Dependencies sucessfully installed.
[2025-06-09T22:22:19.899+0000] {python.py:240} INFO - Done. Returned value was: None
[2025-06-09T22:22:19.912+0000] {taskinstance.py:340} INFO - ::group::Post task execution logs
[2025-06-09T22:22:19.913+0000] {taskinstance.py:352} INFO - Marking task as SUCCESS. dag_id=05_transform_data, task_id=install_dbt_deps, run_id=manual__2025-06-09T22:22:06.111736+00:00, execution_date=20250609T222206, start_date=20250609T222208, end_date=20250609T222219
[2025-06-09T22:22:19.950+0000] {local_task_job_runner.py:266} INFO - Task exited with return code 0
[2025-06-09T22:22:19.972+0000] {taskinstance.py:3895} INFO - 1 downstream tasks scheduled from follow-on schedule check
[2025-06-09T22:22:19.975+0000] {local_task_job_runner.py:245} INFO - ::endgroup::
