[2025-06-05T19:09:42.856+0000] {local_task_job_runner.py:123} INFO - ::group::Pre task execution logs
[2025-06-05T19:09:42.875+0000] {taskinstance.py:2613} INFO - Dependencies all met for dep_context=non-requeueable deps ti=<TaskInstance: 04_transform_data.run_dbt manual__2025-06-05T19:09:32.806712+00:00 [queued]>
[2025-06-05T19:09:42.883+0000] {taskinstance.py:2613} INFO - Dependencies all met for dep_context=requeueable deps ti=<TaskInstance: 04_transform_data.run_dbt manual__2025-06-05T19:09:32.806712+00:00 [queued]>
[2025-06-05T19:09:42.885+0000] {taskinstance.py:2866} INFO - Starting attempt 1 of 1
[2025-06-05T19:09:42.898+0000] {taskinstance.py:2889} INFO - Executing <Task(PythonOperator): run_dbt> on 2025-06-05 19:09:32.806712+00:00
[2025-06-05T19:09:42.903+0000] {standard_task_runner.py:72} INFO - Started process 1730 to run task
[2025-06-05T19:09:42.906+0000] {standard_task_runner.py:104} INFO - Running: ['***', 'tasks', 'run', '04_transform_data', 'run_dbt', 'manual__2025-06-05T19:09:32.806712+00:00', '--job-id', '341', '--raw', '--subdir', 'DAGS_FOLDER/04_transform_data.py', '--cfg-path', '/tmp/tmprmg9mi2b']
[2025-06-05T19:09:42.908+0000] {standard_task_runner.py:105} INFO - Job 341: Subtask run_dbt
[2025-06-05T19:09:42.961+0000] {task_command.py:467} INFO - Running <TaskInstance: 04_transform_data.run_dbt manual__2025-06-05T19:09:32.806712+00:00 [running]> on host 28e6a58e4107
[2025-06-05T19:09:43.045+0000] {taskinstance.py:3132} INFO - Exporting env vars: AIRFLOW_CTX_DAG_OWNER='***' AIRFLOW_CTX_DAG_ID='04_transform_data' AIRFLOW_CTX_TASK_ID='run_dbt' AIRFLOW_CTX_EXECUTION_DATE='2025-06-05T19:09:32.806712+00:00' AIRFLOW_CTX_TRY_NUMBER='1' AIRFLOW_CTX_DAG_RUN_ID='manual__2025-06-05T19:09:32.806712+00:00'
[2025-06-05T19:09:43.047+0000] {taskinstance.py:731} INFO - ::endgroup::
[2025-06-05T19:09:44.632+0000] {logging_mixin.py:190} INFO - 19:09:44  Running with dbt=1.9.5
[2025-06-05T19:09:45.007+0000] {logging_mixin.py:190} INFO - 19:09:45  Registered adapter: postgres=1.9.0
[2025-06-05T19:09:46.317+0000] {logging_mixin.py:190} INFO - 19:09:46  [WARNING]: Configuration paths exist in your dbt_project.yml file which do not apply to any resources.
There are 1 unused configuration paths:
- models.e_commerce_sales.example
[2025-06-05T19:09:46.689+0000] {logging_mixin.py:190} INFO - 19:09:46  Found 11 models, 12 sources, 549 macros, 1 unit test
[2025-06-05T19:09:46.694+0000] {logging_mixin.py:190} INFO - 19:09:46
[2025-06-05T19:09:46.696+0000] {logging_mixin.py:190} INFO - 19:09:46  Concurrency: 4 threads (target='dev')
[2025-06-05T19:09:46.698+0000] {logging_mixin.py:190} INFO - 19:09:46
[2025-06-05T19:09:46.840+0000] {logging_mixin.py:190} INFO - 19:09:46  1 of 11 START sql incremental model sales.mercadolivre_orders_results .......... [RUN]
[2025-06-05T19:09:46.842+0000] {logging_mixin.py:190} INFO - 19:09:46  2 of 11 START sql incremental model sales.shopee_new_id ........................ [RUN]
[2025-06-05T19:09:47.252+0000] {logging_mixin.py:190} INFO - 19:09:47  2 of 11 OK created sql incremental model sales.shopee_new_id ................... [MERGE 0 in 0.40s]
[2025-06-05T19:09:47.257+0000] {logging_mixin.py:190} INFO - 19:09:47  1 of 11 OK created sql incremental model sales.mercadolivre_orders_results ..... [MERGE 190 in 0.41s]
[2025-06-05T19:09:47.262+0000] {logging_mixin.py:190} INFO - 19:09:47  3 of 11 START sql incremental model sales.shopee_orders_results ................ [RUN]
[2025-06-05T19:09:47.269+0000] {logging_mixin.py:190} INFO - 19:09:47  4 of 11 START sql incremental model sales.dim_mercadolivre_buyer ............... [RUN]
[2025-06-05T19:09:47.271+0000] {logging_mixin.py:190} INFO - 19:09:47  5 of 11 START sql incremental model sales.dim_mercadolivre_date ................ [RUN]
[2025-06-05T19:09:47.273+0000] {logging_mixin.py:190} INFO - 19:09:47  6 of 11 START sql incremental model sales.dim_mercadolivre_orders_status ....... [RUN]
[2025-06-05T19:09:47.617+0000] {logging_mixin.py:190} INFO - 19:09:47  3 of 11 OK created sql incremental model sales.shopee_orders_results ........... [MERGE 0 in 0.34s]
[2025-06-05T19:09:47.643+0000] {logging_mixin.py:190} INFO - 19:09:47  7 of 11 START sql incremental model sales.dim_mercadolivre_product ............. [RUN]
[2025-06-05T19:09:47.661+0000] {logging_mixin.py:190} INFO - 19:09:47  5 of 11 OK created sql incremental model sales.dim_mercadolivre_date ........... [MERGE 190 in 0.38s]
[2025-06-05T19:09:47.684+0000] {logging_mixin.py:190} INFO - 19:09:47  4 of 11 OK created sql incremental model sales.dim_mercadolivre_buyer .......... [MERGE 188 in 0.39s]
[2025-06-05T19:09:47.687+0000] {logging_mixin.py:190} INFO - 19:09:47  6 of 11 OK created sql incremental model sales.dim_mercadolivre_orders_status .. [MERGE 190 in 0.39s]
[2025-06-05T19:09:47.692+0000] {logging_mixin.py:190} INFO - 19:09:47  8 of 11 START sql incremental model sales.dim_shopee_buyer ..................... [RUN]
[2025-06-05T19:09:47.708+0000] {logging_mixin.py:190} INFO - 19:09:47  9 of 11 START sql incremental model sales.dim_shopee_date ...................... [RUN]
[2025-06-05T19:09:47.711+0000] {logging_mixin.py:190} INFO - 19:09:47  10 of 11 START sql incremental model sales.dim_shopee_orders_status ............ [RUN]
[2025-06-05T19:09:47.943+0000] {logging_mixin.py:190} INFO - 19:09:47  7 of 11 OK created sql incremental model sales.dim_mercadolivre_product ........ [MERGE 65 in 0.29s]
[2025-06-05T19:09:47.958+0000] {logging_mixin.py:190} INFO - 19:09:47  11 of 11 START sql incremental model sales.dim_shopee_product .................. [RUN]
[2025-06-05T19:09:47.990+0000] {logging_mixin.py:190} INFO - 19:09:47  8 of 11 OK created sql incremental model sales.dim_shopee_buyer ................ [MERGE 0 in 0.29s]
[2025-06-05T19:09:47.998+0000] {logging_mixin.py:190} INFO - 19:09:47  10 of 11 OK created sql incremental model sales.dim_shopee_orders_status ....... [MERGE 0 in 0.27s]
[2025-06-05T19:09:48.009+0000] {logging_mixin.py:190} INFO - 19:09:48  9 of 11 OK created sql incremental model sales.dim_shopee_date ................. [MERGE 0 in 0.28s]
[2025-06-05T19:09:48.102+0000] {logging_mixin.py:190} INFO - 19:09:48  11 of 11 OK created sql incremental model sales.dim_shopee_product ............. [MERGE 0 in 0.13s]
[2025-06-05T19:09:48.127+0000] {logging_mixin.py:190} INFO - 19:09:48
[2025-06-05T19:09:48.128+0000] {logging_mixin.py:190} INFO - 19:09:48  Finished running 11 incremental models in 0 hours 0 minutes and 1.43 seconds (1.43s).
[2025-06-05T19:09:48.205+0000] {logging_mixin.py:190} INFO - 19:09:48
[2025-06-05T19:09:48.207+0000] {logging_mixin.py:190} INFO - 19:09:48  Completed successfully
[2025-06-05T19:09:48.209+0000] {logging_mixin.py:190} INFO - 19:09:48
[2025-06-05T19:09:48.210+0000] {logging_mixin.py:190} INFO - 19:09:48  Done. PASS=11 WARN=0 ERROR=0 SKIP=0 TOTAL=11
[2025-06-05T19:09:49.075+0000] {logging_mixin.py:190} INFO - Transformation sucessfully done.
[2025-06-05T19:09:49.076+0000] {python.py:240} INFO - Done. Returned value was: None
[2025-06-05T19:09:49.089+0000] {taskinstance.py:340} INFO - ::group::Post task execution logs
[2025-06-05T19:09:49.090+0000] {taskinstance.py:352} INFO - Marking task as SUCCESS. dag_id=04_transform_data, task_id=run_dbt, run_id=manual__2025-06-05T19:09:32.806712+00:00, execution_date=20250605T190932, start_date=20250605T190942, end_date=20250605T190949
[2025-06-05T19:09:49.142+0000] {local_task_job_runner.py:266} INFO - Task exited with return code 0
[2025-06-05T19:09:49.160+0000] {taskinstance.py:3895} INFO - 0 downstream tasks scheduled from follow-on schedule check
[2025-06-05T19:09:49.164+0000] {local_task_job_runner.py:245} INFO - ::endgroup::
