[2025-06-09T19:56:08.717+0000] {local_task_job_runner.py:123} INFO - ::group::Pre task execution logs
[2025-06-09T19:56:08.737+0000] {taskinstance.py:2613} INFO - Dependencies all met for dep_context=non-requeueable deps ti=<TaskInstance: 04_ELT_shipping_file.make_csv_file manual__2025-06-09T19:56:06.934063+00:00 [queued]>
[2025-06-09T19:56:08.746+0000] {taskinstance.py:2613} INFO - Dependencies all met for dep_context=requeueable deps ti=<TaskInstance: 04_ELT_shipping_file.make_csv_file manual__2025-06-09T19:56:06.934063+00:00 [queued]>
[2025-06-09T19:56:08.747+0000] {taskinstance.py:2866} INFO - Starting attempt 1 of 1
[2025-06-09T19:56:08.760+0000] {taskinstance.py:2889} INFO - Executing <Task(PythonOperator): make_csv_file> on 2025-06-09 19:56:06.934063+00:00
[2025-06-09T19:56:08.765+0000] {standard_task_runner.py:72} INFO - Started process 1525 to run task
[2025-06-09T19:56:08.768+0000] {standard_task_runner.py:104} INFO - Running: ['***', 'tasks', 'run', '04_ELT_shipping_file', 'make_csv_file', 'manual__2025-06-09T19:56:06.934063+00:00', '--job-id', '543', '--raw', '--subdir', 'DAGS_FOLDER/04_make_sh_id_file.py', '--cfg-path', '/tmp/tmpy0g8s0vs']
[2025-06-09T19:56:08.769+0000] {standard_task_runner.py:105} INFO - Job 543: Subtask make_csv_file
[2025-06-09T19:56:08.820+0000] {task_command.py:467} INFO - Running <TaskInstance: 04_ELT_shipping_file.make_csv_file manual__2025-06-09T19:56:06.934063+00:00 [running]> on host 28e6a58e4107
[2025-06-09T19:56:08.899+0000] {taskinstance.py:3132} INFO - Exporting env vars: AIRFLOW_CTX_DAG_OWNER='***' AIRFLOW_CTX_DAG_ID='04_ELT_shipping_file' AIRFLOW_CTX_TASK_ID='make_csv_file' AIRFLOW_CTX_EXECUTION_DATE='2025-06-09T19:56:06.934063+00:00' AIRFLOW_CTX_TRY_NUMBER='1' AIRFLOW_CTX_DAG_RUN_ID='manual__2025-06-09T19:56:06.934063+00:00'
[2025-06-09T19:56:08.900+0000] {taskinstance.py:731} INFO - ::endgroup::
[2025-06-09T19:56:08.921+0000] {taskinstance.py:3311} ERROR - Task failed with exception
Traceback (most recent call last):
  File "/home/airflow/.local/lib/python3.9/site-packages/airflow/models/taskinstance.py", line 767, in _execute_task
    result = _execute_callable(context=context, **execute_callable_kwargs)
  File "/home/airflow/.local/lib/python3.9/site-packages/airflow/models/taskinstance.py", line 733, in _execute_callable
    return ExecutionCallableRunner(
  File "/home/airflow/.local/lib/python3.9/site-packages/airflow/utils/operator_helpers.py", line 252, in run
    return self.func(*args, **kwargs)
  File "/home/airflow/.local/lib/python3.9/site-packages/airflow/models/baseoperator.py", line 422, in wrapper
    return func(self, *args, **kwargs)
  File "/home/airflow/.local/lib/python3.9/site-packages/airflow/operators/python.py", line 238, in execute
    return_value = self.execute_callable()
  File "/home/airflow/.local/lib/python3.9/site-packages/airflow/operators/python.py", line 256, in execute_callable
    return runner.run(*self.op_args, **self.op_kwargs)
  File "/home/airflow/.local/lib/python3.9/site-packages/airflow/utils/operator_helpers.py", line 252, in run
    return self.func(*args, **kwargs)
  File "/opt/airflow/extraction/mercadolivre/script/make_shipping_id_list.py", line 18, in make_shipping_file
    cursor.execute("""
psycopg2.errors.UndefinedTable: relation "stg.stg_mercadolivre" does not exist
LINE 2: ... shipping__id AS shipping_id, id AS order_id FROM stg.stg_me...
                                                             ^

[2025-06-09T19:56:08.938+0000] {taskinstance.py:1225} INFO - Marking task as FAILED. dag_id=04_ELT_shipping_file, task_id=make_csv_file, run_id=manual__2025-06-09T19:56:06.934063+00:00, execution_date=20250609T195606, start_date=20250609T195608, end_date=20250609T195608
[2025-06-09T19:56:08.948+0000] {taskinstance.py:340} INFO - ::group::Post task execution logs
[2025-06-09T19:56:08.949+0000] {standard_task_runner.py:124} ERROR - Failed to execute job 543 for task make_csv_file (relation "stg.stg_mercadolivre" does not exist
LINE 2: ... shipping__id AS shipping_id, id AS order_id FROM stg.stg_me...
                                                             ^
; 1525)
Traceback (most recent call last):
  File "/home/airflow/.local/lib/python3.9/site-packages/airflow/task/task_runner/standard_task_runner.py", line 117, in _start_by_fork
    ret = args.func(args, dag=self.dag)
  File "/home/airflow/.local/lib/python3.9/site-packages/airflow/cli/cli_config.py", line 49, in command
    return func(*args, **kwargs)
  File "/home/airflow/.local/lib/python3.9/site-packages/airflow/utils/cli.py", line 116, in wrapper
    return f(*args, **kwargs)
  File "/home/airflow/.local/lib/python3.9/site-packages/airflow/cli/commands/task_command.py", line 483, in task_run
    task_return_code = _run_task_by_selected_method(args, _dag, ti)
  File "/home/airflow/.local/lib/python3.9/site-packages/airflow/cli/commands/task_command.py", line 256, in _run_task_by_selected_method
    return _run_raw_task(args, ti)
  File "/home/airflow/.local/lib/python3.9/site-packages/airflow/cli/commands/task_command.py", line 341, in _run_raw_task
    return ti._run_raw_task(
  File "/home/airflow/.local/lib/python3.9/site-packages/airflow/utils/session.py", line 97, in wrapper
    return func(*args, session=session, **kwargs)
  File "/home/airflow/.local/lib/python3.9/site-packages/airflow/models/taskinstance.py", line 3005, in _run_raw_task
    return _run_raw_task(
  File "/home/airflow/.local/lib/python3.9/site-packages/airflow/models/taskinstance.py", line 273, in _run_raw_task
    TaskInstance._execute_task_with_callbacks(
  File "/home/airflow/.local/lib/python3.9/site-packages/airflow/models/taskinstance.py", line 3159, in _execute_task_with_callbacks
    result = self._execute_task(context, task_orig)
  File "/home/airflow/.local/lib/python3.9/site-packages/airflow/models/taskinstance.py", line 3183, in _execute_task
    return _execute_task(self, context, task_orig)
  File "/home/airflow/.local/lib/python3.9/site-packages/airflow/models/taskinstance.py", line 767, in _execute_task
    result = _execute_callable(context=context, **execute_callable_kwargs)
  File "/home/airflow/.local/lib/python3.9/site-packages/airflow/models/taskinstance.py", line 733, in _execute_callable
    return ExecutionCallableRunner(
  File "/home/airflow/.local/lib/python3.9/site-packages/airflow/utils/operator_helpers.py", line 252, in run
    return self.func(*args, **kwargs)
  File "/home/airflow/.local/lib/python3.9/site-packages/airflow/models/baseoperator.py", line 422, in wrapper
    return func(self, *args, **kwargs)
  File "/home/airflow/.local/lib/python3.9/site-packages/airflow/operators/python.py", line 238, in execute
    return_value = self.execute_callable()
  File "/home/airflow/.local/lib/python3.9/site-packages/airflow/operators/python.py", line 256, in execute_callable
    return runner.run(*self.op_args, **self.op_kwargs)
  File "/home/airflow/.local/lib/python3.9/site-packages/airflow/utils/operator_helpers.py", line 252, in run
    return self.func(*args, **kwargs)
  File "/opt/airflow/extraction/mercadolivre/script/make_shipping_id_list.py", line 18, in make_shipping_file
    cursor.execute("""
psycopg2.errors.UndefinedTable: relation "stg.stg_mercadolivre" does not exist
LINE 2: ... shipping__id AS shipping_id, id AS order_id FROM stg.stg_me...
                                                             ^

[2025-06-09T19:56:08.982+0000] {local_task_job_runner.py:266} INFO - Task exited with return code 1
[2025-06-09T19:56:09.021+0000] {taskinstance.py:3895} INFO - 0 downstream tasks scheduled from follow-on schedule check
[2025-06-09T19:56:09.028+0000] {local_task_job_runner.py:245} INFO - ::endgroup::
