[2025-05-29T14:26:58.343+0000] {local_task_job_runner.py:123} INFO - ::group::Pre task execution logs
[2025-05-29T14:26:58.365+0000] {taskinstance.py:2613} INFO - Dependencies all met for dep_context=non-requeueable deps ti=<TaskInstance: 03_load_data.load_shopee manual__2025-05-29T14:26:56.172759+00:00 [queued]>
[2025-05-29T14:26:58.379+0000] {taskinstance.py:2613} INFO - Dependencies all met for dep_context=requeueable deps ti=<TaskInstance: 03_load_data.load_shopee manual__2025-05-29T14:26:56.172759+00:00 [queued]>
[2025-05-29T14:26:58.380+0000] {taskinstance.py:2866} INFO - Starting attempt 1 of 1
[2025-05-29T14:26:58.399+0000] {taskinstance.py:2889} INFO - Executing <Task(PythonOperator): load_shopee> on 2025-05-29 14:26:56.172759+00:00
[2025-05-29T14:26:58.407+0000] {standard_task_runner.py:72} INFO - Started process 1460 to run task
[2025-05-29T14:26:58.414+0000] {standard_task_runner.py:104} INFO - Running: ['***', 'tasks', 'run', '03_load_data', 'load_shopee', 'manual__2025-05-29T14:26:56.172759+00:00', '--job-id', '306', '--raw', '--subdir', 'DAGS_FOLDER/03_load_data.py', '--cfg-path', '/tmp/tmp4uimm4gd']
[2025-05-29T14:26:58.416+0000] {standard_task_runner.py:105} INFO - Job 306: Subtask load_shopee
[2025-05-29T14:26:58.501+0000] {task_command.py:467} INFO - Running <TaskInstance: 03_load_data.load_shopee manual__2025-05-29T14:26:56.172759+00:00 [running]> on host 28e6a58e4107
[2025-05-29T14:26:58.629+0000] {taskinstance.py:3132} INFO - Exporting env vars: AIRFLOW_CTX_DAG_OWNER='***' AIRFLOW_CTX_DAG_ID='03_load_data' AIRFLOW_CTX_TASK_ID='load_shopee' AIRFLOW_CTX_EXECUTION_DATE='2025-05-29T14:26:56.172759+00:00' AIRFLOW_CTX_TRY_NUMBER='1' AIRFLOW_CTX_DAG_RUN_ID='manual__2025-05-29T14:26:56.172759+00:00'
[2025-05-29T14:26:58.631+0000] {taskinstance.py:731} INFO - ::endgroup::
[2025-05-29T14:26:59.392+0000] {logging_mixin.py:190} INFO - Loading file ./extraction/shopee/data/raw/Order.completed.20240701_20240731.xlsx to sales_db
[2025-05-29T14:26:59.430+0000] {logging_mixin.py:190} INFO - Data in ./extraction/shopee/data/raw/Order.completed.20240701_20240731.xlsx successfully loaded.
[2025-05-29T14:26:59.556+0000] {logging_mixin.py:190} INFO - Loading file ./extraction/shopee/data/raw/Order.completed.20240801_20240831.xlsx to sales_db
[2025-05-29T14:26:59.607+0000] {logging_mixin.py:190} INFO - Data in ./extraction/shopee/data/raw/Order.completed.20240801_20240831.xlsx successfully loaded.
[2025-05-29T14:26:59.744+0000] {logging_mixin.py:190} INFO - Loading file ./extraction/shopee/data/raw/Order.completed.20240901_20240930.xlsx to sales_db
[2025-05-29T14:26:59.808+0000] {logging_mixin.py:190} INFO - Data in ./extraction/shopee/data/raw/Order.completed.20240901_20240930.xlsx successfully loaded.
[2025-05-29T14:27:00.069+0000] {logging_mixin.py:190} INFO - Loading file ./extraction/shopee/data/raw/Order.completed.20241001_20241031.xlsx to sales_db
[2025-05-29T14:27:00.172+0000] {logging_mixin.py:190} INFO - Data in ./extraction/shopee/data/raw/Order.completed.20241001_20241031.xlsx successfully loaded.
[2025-05-29T14:27:00.560+0000] {logging_mixin.py:190} INFO - Loading file ./extraction/shopee/data/raw/Order.completed.20241101_20241130.xlsx to sales_db
[2025-05-29T14:27:00.676+0000] {logging_mixin.py:190} INFO - Data in ./extraction/shopee/data/raw/Order.completed.20241101_20241130.xlsx successfully loaded.
[2025-05-29T14:27:01.058+0000] {logging_mixin.py:190} INFO - Loading file ./extraction/shopee/data/raw/Order.completed.20241201_20241231.xlsx to sales_db
[2025-05-29T14:27:01.164+0000] {logging_mixin.py:190} INFO - Data in ./extraction/shopee/data/raw/Order.completed.20241201_20241231.xlsx successfully loaded.
[2025-05-29T14:27:01.399+0000] {logging_mixin.py:190} INFO - Loading file ./extraction/shopee/data/raw/Order.completed.20250101_20250131.xlsx to sales_db
[2025-05-29T14:27:01.484+0000] {logging_mixin.py:190} INFO - Data in ./extraction/shopee/data/raw/Order.completed.20250101_20250131.xlsx successfully loaded.
[2025-05-29T14:27:01.766+0000] {logging_mixin.py:190} INFO - Loading file ./extraction/shopee/data/raw/Order.completed.20250201_20250228.xlsx to sales_db
[2025-05-29T14:27:01.878+0000] {logging_mixin.py:190} INFO - Data in ./extraction/shopee/data/raw/Order.completed.20250201_20250228.xlsx successfully loaded.
[2025-05-29T14:27:02.263+0000] {logging_mixin.py:190} INFO - Loading file ./extraction/shopee/data/raw/Order.completed.20250301_20250331.xlsx to sales_db
[2025-05-29T14:27:02.402+0000] {logging_mixin.py:190} INFO - Data in ./extraction/shopee/data/raw/Order.completed.20250301_20250331.xlsx successfully loaded.
[2025-05-29T14:27:02.614+0000] {logging_mixin.py:190} INFO - Loading file ./extraction/shopee/data/raw/Order.completed.20250401_20250430.xlsx to sales_db
[2025-05-29T14:27:02.704+0000] {logging_mixin.py:190} INFO - Data in ./extraction/shopee/data/raw/Order.completed.20250401_20250430.xlsx successfully loaded.
[2025-05-29T14:27:02.705+0000] {logging_mixin.py:190} INFO - [WARNING] - file ./extraction/shopee/data/raw/tests.txt does not have .xlsx extension and could not be loaded.
[2025-05-29T14:27:02.707+0000] {logging_mixin.py:190} INFO - All data successfully loaded!
[2025-05-29T14:27:02.708+0000] {python.py:240} INFO - Done. Returned value was: 1
[2025-05-29T14:27:02.742+0000] {taskinstance.py:340} INFO - ::group::Post task execution logs
[2025-05-29T14:27:02.744+0000] {taskinstance.py:352} INFO - Marking task as SUCCESS. dag_id=03_load_data, task_id=load_shopee, run_id=manual__2025-05-29T14:26:56.172759+00:00, execution_date=20250529T142656, start_date=20250529T142658, end_date=20250529T142702
[2025-05-29T14:27:02.801+0000] {local_task_job_runner.py:266} INFO - Task exited with return code 0
[2025-05-29T14:27:02.821+0000] {taskinstance.py:3895} INFO - 0 downstream tasks scheduled from follow-on schedule check
[2025-05-29T14:27:02.824+0000] {local_task_job_runner.py:245} INFO - ::endgroup::
