[2025-05-20T17:16:12.400+0000] {local_task_job_runner.py:123} INFO - ::group::Pre task execution logs
[2025-05-20T17:16:12.421+0000] {taskinstance.py:2613} INFO - Dependencies all met for dep_context=non-requeueable deps ti=<TaskInstance: 03_load_data.load_shopee manual__2025-05-20T17:16:10.533710+00:00 [queued]>
[2025-05-20T17:16:12.429+0000] {taskinstance.py:2613} INFO - Dependencies all met for dep_context=requeueable deps ti=<TaskInstance: 03_load_data.load_shopee manual__2025-05-20T17:16:10.533710+00:00 [queued]>
[2025-05-20T17:16:12.432+0000] {taskinstance.py:2866} INFO - Starting attempt 1 of 1
[2025-05-20T17:16:12.444+0000] {taskinstance.py:2889} INFO - Executing <Task(PythonOperator): load_shopee> on 2025-05-20 17:16:10.533710+00:00
[2025-05-20T17:16:12.450+0000] {standard_task_runner.py:72} INFO - Started process 527 to run task
[2025-05-20T17:16:12.455+0000] {standard_task_runner.py:104} INFO - Running: ['***', 'tasks', 'run', '03_load_data', 'load_shopee', 'manual__2025-05-20T17:16:10.533710+00:00', '--job-id', '13', '--raw', '--subdir', 'DAGS_FOLDER/03_load_data.py', '--cfg-path', '/tmp/tmp3p6ba4k1']
[2025-05-20T17:16:12.457+0000] {standard_task_runner.py:105} INFO - Job 13: Subtask load_shopee
[2025-05-20T17:16:12.519+0000] {task_command.py:467} INFO - Running <TaskInstance: 03_load_data.load_shopee manual__2025-05-20T17:16:10.533710+00:00 [running]> on host e27e96d1841a
[2025-05-20T17:16:12.610+0000] {taskinstance.py:3132} INFO - Exporting env vars: AIRFLOW_CTX_DAG_OWNER='***' AIRFLOW_CTX_DAG_ID='03_load_data' AIRFLOW_CTX_TASK_ID='load_shopee' AIRFLOW_CTX_EXECUTION_DATE='2025-05-20T17:16:10.533710+00:00' AIRFLOW_CTX_TRY_NUMBER='1' AIRFLOW_CTX_DAG_RUN_ID='manual__2025-05-20T17:16:10.533710+00:00'
[2025-05-20T17:16:12.611+0000] {taskinstance.py:731} INFO - ::endgroup::
[2025-05-20T17:16:13.339+0000] {logging_mixin.py:190} INFO - Loading file ./extraction/shopee/data/raw/Order.completed.20240701_20240731.xlsx to sales_db
[2025-05-20T17:16:13.379+0000] {logging_mixin.py:190} INFO - Data in ./extraction/shopee/data/raw/Order.completed.20240701_20240731.xlsx successfully loaded.
[2025-05-20T17:16:13.494+0000] {logging_mixin.py:190} INFO - Loading file ./extraction/shopee/data/raw/Order.completed.20240801_20240831.xlsx to sales_db
[2025-05-20T17:16:13.543+0000] {logging_mixin.py:190} INFO - Data in ./extraction/shopee/data/raw/Order.completed.20240801_20240831.xlsx successfully loaded.
[2025-05-20T17:16:13.662+0000] {logging_mixin.py:190} INFO - Loading file ./extraction/shopee/data/raw/Order.completed.20240901_20240930.xlsx to sales_db
[2025-05-20T17:16:13.710+0000] {logging_mixin.py:190} INFO - Data in ./extraction/shopee/data/raw/Order.completed.20240901_20240930.xlsx successfully loaded.
[2025-05-20T17:16:13.914+0000] {logging_mixin.py:190} INFO - Loading file ./extraction/shopee/data/raw/Order.completed.20241001_20241031.xlsx to sales_db
[2025-05-20T17:16:14.004+0000] {logging_mixin.py:190} INFO - Data in ./extraction/shopee/data/raw/Order.completed.20241001_20241031.xlsx successfully loaded.
[2025-05-20T17:16:14.337+0000] {logging_mixin.py:190} INFO - Loading file ./extraction/shopee/data/raw/Order.completed.20241101_20241130.xlsx to sales_db
[2025-05-20T17:16:14.435+0000] {logging_mixin.py:190} INFO - Data in ./extraction/shopee/data/raw/Order.completed.20241101_20241130.xlsx successfully loaded.
[2025-05-20T17:16:14.783+0000] {logging_mixin.py:190} INFO - Loading file ./extraction/shopee/data/raw/Order.completed.20241201_20241231.xlsx to sales_db
[2025-05-20T17:16:14.879+0000] {logging_mixin.py:190} INFO - Data in ./extraction/shopee/data/raw/Order.completed.20241201_20241231.xlsx successfully loaded.
[2025-05-20T17:16:15.082+0000] {logging_mixin.py:190} INFO - Loading file ./extraction/shopee/data/raw/Order.completed.20250101_20250131.xlsx to sales_db
[2025-05-20T17:16:15.165+0000] {logging_mixin.py:190} INFO - Data in ./extraction/shopee/data/raw/Order.completed.20250101_20250131.xlsx successfully loaded.
[2025-05-20T17:16:15.430+0000] {logging_mixin.py:190} INFO - Loading file ./extraction/shopee/data/raw/Order.completed.20250201_20250228.xlsx to sales_db
[2025-05-20T17:16:15.532+0000] {logging_mixin.py:190} INFO - Data in ./extraction/shopee/data/raw/Order.completed.20250201_20250228.xlsx successfully loaded.
[2025-05-20T17:16:15.887+0000] {logging_mixin.py:190} INFO - Loading file ./extraction/shopee/data/raw/Order.completed.20250301_20250331.xlsx to sales_db
[2025-05-20T17:16:16.016+0000] {logging_mixin.py:190} INFO - Data in ./extraction/shopee/data/raw/Order.completed.20250301_20250331.xlsx successfully loaded.
[2025-05-20T17:16:16.212+0000] {logging_mixin.py:190} INFO - Loading file ./extraction/shopee/data/raw/Order.completed.20250401_20250430.xlsx to sales_db
[2025-05-20T17:16:16.286+0000] {logging_mixin.py:190} INFO - Data in ./extraction/shopee/data/raw/Order.completed.20250401_20250430.xlsx successfully loaded.
[2025-05-20T17:16:16.288+0000] {python.py:240} INFO - Done. Returned value was: None
[2025-05-20T17:16:16.299+0000] {taskinstance.py:340} INFO - ::group::Post task execution logs
[2025-05-20T17:16:16.300+0000] {taskinstance.py:352} INFO - Marking task as SUCCESS. dag_id=03_load_data, task_id=load_shopee, run_id=manual__2025-05-20T17:16:10.533710+00:00, execution_date=20250520T171610, start_date=20250520T171612, end_date=20250520T171616
[2025-05-20T17:16:16.360+0000] {local_task_job_runner.py:266} INFO - Task exited with return code 0
[2025-05-20T17:16:16.378+0000] {taskinstance.py:3895} INFO - 0 downstream tasks scheduled from follow-on schedule check
[2025-05-20T17:16:16.381+0000] {local_task_job_runner.py:245} INFO - ::endgroup::
