[2025-06-12T00:14:21.747+0000] {local_task_job_runner.py:123} INFO - ::group::Pre task execution logs
[2025-06-12T00:14:21.768+0000] {taskinstance.py:2613} INFO - Dependencies all met for dep_context=non-requeueable deps ti=<TaskInstance: 06_delete_entry_data_prod.delete_ml_sh_files manual__2025-06-12T00:14:20.372409+00:00 [queued]>
[2025-06-12T00:14:21.777+0000] {taskinstance.py:2613} INFO - Dependencies all met for dep_context=requeueable deps ti=<TaskInstance: 06_delete_entry_data_prod.delete_ml_sh_files manual__2025-06-12T00:14:20.372409+00:00 [queued]>
[2025-06-12T00:14:21.778+0000] {taskinstance.py:2866} INFO - Starting attempt 1 of 1
[2025-06-12T00:14:21.791+0000] {taskinstance.py:2889} INFO - Executing <Task(PythonOperator): delete_ml_sh_files> on 2025-06-12 00:14:20.372409+00:00
[2025-06-12T00:14:21.795+0000] {standard_task_runner.py:72} INFO - Started process 8920 to run task
[2025-06-12T00:14:21.800+0000] {standard_task_runner.py:104} INFO - Running: ['***', 'tasks', 'run', '06_delete_entry_data_prod', 'delete_ml_sh_files', 'manual__2025-06-12T00:14:20.372409+00:00', '--job-id', '993', '--raw', '--subdir', 'DAGS_FOLDER/06_delete_files_tables_prod.py', '--cfg-path', '/tmp/tmpmbxo9tbb']
[2025-06-12T00:14:21.802+0000] {standard_task_runner.py:105} INFO - Job 993: Subtask delete_ml_sh_files
[2025-06-12T00:14:21.866+0000] {task_command.py:467} INFO - Running <TaskInstance: 06_delete_entry_data_prod.delete_ml_sh_files manual__2025-06-12T00:14:20.372409+00:00 [running]> on host 28e6a58e4107
[2025-06-12T00:14:21.966+0000] {taskinstance.py:3132} INFO - Exporting env vars: AIRFLOW_CTX_DAG_OWNER='***' AIRFLOW_CTX_DAG_ID='06_delete_entry_data_prod' AIRFLOW_CTX_TASK_ID='delete_ml_sh_files' AIRFLOW_CTX_EXECUTION_DATE='2025-06-12T00:14:20.372409+00:00' AIRFLOW_CTX_TRY_NUMBER='1' AIRFLOW_CTX_DAG_RUN_ID='manual__2025-06-12T00:14:20.372409+00:00'
[2025-06-12T00:14:21.968+0000] {taskinstance.py:731} INFO - ::endgroup::
[2025-06-12T00:14:21.991+0000] {logging_mixin.py:190} INFO - Deleted all files in /opt/***/extraction/mercadolivre/data/shipping_cost_ml/prod/ with extension *.json
[2025-06-12T00:14:21.994+0000] {logging_mixin.py:190} INFO - Deleted all files in /opt/***/extraction/mercadolivre/data/shipping_cost_ml/prod/ with extension *.json
[2025-06-12T00:14:21.997+0000] {logging_mixin.py:190} INFO - Deleted all files in /opt/***/extraction/mercadolivre/data/shipping_cost_ml/prod/ with extension *.json
[2025-06-12T00:14:21.999+0000] {logging_mixin.py:190} INFO - Deleted all files in /opt/***/extraction/mercadolivre/data/shipping_cost_ml/prod/ with extension *.json
[2025-06-12T00:14:22.000+0000] {logging_mixin.py:190} INFO - Deleted all files in /opt/***/extraction/mercadolivre/data/shipping_cost_ml/prod/ with extension *.json
[2025-06-12T00:14:22.003+0000] {logging_mixin.py:190} INFO - Deleted all files in /opt/***/extraction/mercadolivre/data/shipping_cost_ml/prod/ with extension *.json
[2025-06-12T00:14:22.006+0000] {logging_mixin.py:190} INFO - Deleted all files in /opt/***/extraction/mercadolivre/data/shipping_cost_ml/prod/ with extension *.json
[2025-06-12T00:14:22.009+0000] {logging_mixin.py:190} INFO - Deleted all files in /opt/***/extraction/mercadolivre/data/shipping_cost_ml/prod/ with extension *.json
[2025-06-12T00:14:22.012+0000] {logging_mixin.py:190} INFO - Deleted all files in /opt/***/extraction/mercadolivre/data/shipping_cost_ml/prod/ with extension *.json
[2025-06-12T00:14:22.015+0000] {logging_mixin.py:190} INFO - Deleted all files in /opt/***/extraction/mercadolivre/data/shipping_cost_ml/prod/ with extension *.json
[2025-06-12T00:14:22.018+0000] {logging_mixin.py:190} INFO - Deleted all files in /opt/***/extraction/mercadolivre/data/shipping_cost_ml/prod/ with extension *.json
[2025-06-12T00:14:22.021+0000] {logging_mixin.py:190} INFO - Deleted all files in /opt/***/extraction/mercadolivre/data/shipping_cost_ml/prod/ with extension *.json
[2025-06-12T00:14:22.025+0000] {logging_mixin.py:190} INFO - Deleted all files in /opt/***/extraction/mercadolivre/data/shipping_cost_ml/prod/ with extension *.json
[2025-06-12T00:14:22.028+0000] {logging_mixin.py:190} INFO - Deleted all files in /opt/***/extraction/mercadolivre/data/shipping_cost_ml/prod/ with extension *.json
[2025-06-12T00:14:22.031+0000] {logging_mixin.py:190} INFO - Deleted all files in /opt/***/extraction/mercadolivre/data/shipping_cost_ml/prod/ with extension *.json
[2025-06-12T00:14:22.034+0000] {logging_mixin.py:190} INFO - Deleted all files in /opt/***/extraction/mercadolivre/data/shipping_cost_ml/prod/ with extension *.json
[2025-06-12T00:14:22.038+0000] {logging_mixin.py:190} INFO - Deleted all files in /opt/***/extraction/mercadolivre/data/shipping_cost_ml/prod/ with extension *.json
[2025-06-12T00:14:22.041+0000] {logging_mixin.py:190} INFO - Deleted all files in /opt/***/extraction/mercadolivre/data/shipping_cost_ml/prod/ with extension *.json
[2025-06-12T00:14:22.044+0000] {logging_mixin.py:190} INFO - Deleted all files in /opt/***/extraction/mercadolivre/data/shipping_cost_ml/prod/ with extension *.json
[2025-06-12T00:14:22.047+0000] {logging_mixin.py:190} INFO - Deleted all files in /opt/***/extraction/mercadolivre/data/shipping_cost_ml/prod/ with extension *.json
[2025-06-12T00:14:22.050+0000] {logging_mixin.py:190} INFO - Deleted all files in /opt/***/extraction/mercadolivre/data/shipping_cost_ml/prod/ with extension *.json
[2025-06-12T00:14:22.053+0000] {logging_mixin.py:190} INFO - Deleted all files in /opt/***/extraction/mercadolivre/data/shipping_cost_ml/prod/ with extension *.json
[2025-06-12T00:14:22.056+0000] {logging_mixin.py:190} INFO - Deleted all files in /opt/***/extraction/mercadolivre/data/shipping_cost_ml/prod/ with extension *.json
[2025-06-12T00:14:22.060+0000] {logging_mixin.py:190} INFO - Deleted all files in /opt/***/extraction/mercadolivre/data/shipping_cost_ml/prod/ with extension *.json
[2025-06-12T00:14:22.063+0000] {logging_mixin.py:190} INFO - Deleted all files in /opt/***/extraction/mercadolivre/data/shipping_cost_ml/prod/ with extension *.json
[2025-06-12T00:14:22.067+0000] {logging_mixin.py:190} INFO - Deleted all files in /opt/***/extraction/mercadolivre/data/shipping_cost_ml/prod/ with extension *.json
[2025-06-12T00:14:22.070+0000] {logging_mixin.py:190} INFO - Deleted all files in /opt/***/extraction/mercadolivre/data/shipping_cost_ml/prod/ with extension *.json
[2025-06-12T00:14:22.074+0000] {logging_mixin.py:190} INFO - Deleted all files in /opt/***/extraction/mercadolivre/data/shipping_cost_ml/prod/ with extension *.json
[2025-06-12T00:14:22.077+0000] {logging_mixin.py:190} INFO - Deleted all files in /opt/***/extraction/mercadolivre/data/shipping_cost_ml/prod/ with extension *.json
[2025-06-12T00:14:22.082+0000] {logging_mixin.py:190} INFO - Deleted all files in /opt/***/extraction/mercadolivre/data/shipping_cost_ml/prod/ with extension *.json
[2025-06-12T00:14:22.086+0000] {logging_mixin.py:190} INFO - Deleted all files in /opt/***/extraction/mercadolivre/data/shipping_cost_ml/prod/ with extension *.json
[2025-06-12T00:14:22.090+0000] {logging_mixin.py:190} INFO - Deleted all files in /opt/***/extraction/mercadolivre/data/shipping_cost_ml/prod/ with extension *.json
[2025-06-12T00:14:22.094+0000] {logging_mixin.py:190} INFO - Deleted all files in /opt/***/extraction/mercadolivre/data/shipping_cost_ml/prod/ with extension *.json
[2025-06-12T00:14:22.098+0000] {logging_mixin.py:190} INFO - Deleted all files in /opt/***/extraction/mercadolivre/data/shipping_cost_ml/prod/ with extension *.json
[2025-06-12T00:14:22.104+0000] {logging_mixin.py:190} INFO - Deleted all files in /opt/***/extraction/mercadolivre/data/shipping_cost_ml/prod/ with extension *.json
[2025-06-12T00:14:22.108+0000] {logging_mixin.py:190} INFO - Deleted all files in /opt/***/extraction/mercadolivre/data/shipping_cost_ml/prod/ with extension *.json
[2025-06-12T00:14:22.112+0000] {logging_mixin.py:190} INFO - Deleted all files in /opt/***/extraction/mercadolivre/data/shipping_cost_ml/prod/ with extension *.json
[2025-06-12T00:14:22.116+0000] {logging_mixin.py:190} INFO - Deleted all files in /opt/***/extraction/mercadolivre/data/shipping_cost_ml/prod/ with extension *.json
[2025-06-12T00:14:22.120+0000] {logging_mixin.py:190} INFO - Deleted all files in /opt/***/extraction/mercadolivre/data/shipping_cost_ml/prod/ with extension *.json
[2025-06-12T00:14:22.123+0000] {logging_mixin.py:190} INFO - Deleted all files in /opt/***/extraction/mercadolivre/data/shipping_cost_ml/prod/ with extension *.json
[2025-06-12T00:14:22.127+0000] {logging_mixin.py:190} INFO - Deleted all files in /opt/***/extraction/mercadolivre/data/shipping_cost_ml/prod/ with extension *.json
[2025-06-12T00:14:22.129+0000] {logging_mixin.py:190} INFO - Deleted all files in /opt/***/extraction/mercadolivre/data/shipping_cost_ml/prod/ with extension *.json
[2025-06-12T00:14:22.132+0000] {logging_mixin.py:190} INFO - Deleted all files in /opt/***/extraction/mercadolivre/data/shipping_cost_ml/prod/ with extension *.json
[2025-06-12T00:14:22.136+0000] {logging_mixin.py:190} INFO - Deleted all files in /opt/***/extraction/mercadolivre/data/shipping_cost_ml/prod/ with extension *.json
[2025-06-12T00:14:22.139+0000] {logging_mixin.py:190} INFO - Deleted all files in /opt/***/extraction/mercadolivre/data/shipping_cost_ml/prod/ with extension *.json
[2025-06-12T00:14:22.142+0000] {logging_mixin.py:190} INFO - Deleted all files in /opt/***/extraction/mercadolivre/data/shipping_cost_ml/prod/ with extension *.json
[2025-06-12T00:14:22.145+0000] {logging_mixin.py:190} INFO - Deleted all files in /opt/***/extraction/mercadolivre/data/shipping_cost_ml/prod/ with extension *.json
[2025-06-12T00:14:22.148+0000] {logging_mixin.py:190} INFO - Deleted all files in /opt/***/extraction/mercadolivre/data/shipping_cost_ml/prod/ with extension *.json
[2025-06-12T00:14:22.151+0000] {logging_mixin.py:190} INFO - Deleted all files in /opt/***/extraction/mercadolivre/data/shipping_cost_ml/prod/ with extension *.json
[2025-06-12T00:14:22.154+0000] {logging_mixin.py:190} INFO - Deleted all files in /opt/***/extraction/mercadolivre/data/shipping_cost_ml/prod/ with extension *.json
[2025-06-12T00:14:22.157+0000] {logging_mixin.py:190} INFO - Deleted all files in /opt/***/extraction/mercadolivre/data/shipping_cost_ml/prod/ with extension *.json
[2025-06-12T00:14:22.160+0000] {logging_mixin.py:190} INFO - Deleted all files in /opt/***/extraction/mercadolivre/data/shipping_cost_ml/prod/ with extension *.json
[2025-06-12T00:14:22.163+0000] {logging_mixin.py:190} INFO - Deleted all files in /opt/***/extraction/mercadolivre/data/shipping_cost_ml/prod/ with extension *.json
[2025-06-12T00:14:22.166+0000] {logging_mixin.py:190} INFO - Deleted all files in /opt/***/extraction/mercadolivre/data/shipping_cost_ml/prod/ with extension *.json
[2025-06-12T00:14:22.169+0000] {logging_mixin.py:190} INFO - Deleted all files in /opt/***/extraction/mercadolivre/data/shipping_cost_ml/prod/ with extension *.json
[2025-06-12T00:14:22.172+0000] {logging_mixin.py:190} INFO - Deleted all files in /opt/***/extraction/mercadolivre/data/shipping_cost_ml/prod/ with extension *.json
[2025-06-12T00:14:22.175+0000] {logging_mixin.py:190} INFO - Deleted all files in /opt/***/extraction/mercadolivre/data/shipping_cost_ml/prod/ with extension *.json
[2025-06-12T00:14:22.178+0000] {logging_mixin.py:190} INFO - Deleted all files in /opt/***/extraction/mercadolivre/data/shipping_cost_ml/prod/ with extension *.json
[2025-06-12T00:14:22.181+0000] {logging_mixin.py:190} INFO - Deleted all files in /opt/***/extraction/mercadolivre/data/shipping_cost_ml/prod/ with extension *.json
[2025-06-12T00:14:22.184+0000] {logging_mixin.py:190} INFO - Deleted all files in /opt/***/extraction/mercadolivre/data/shipping_cost_ml/prod/ with extension *.json
[2025-06-12T00:14:22.186+0000] {logging_mixin.py:190} INFO - Deleted all files in /opt/***/extraction/mercadolivre/data/shipping_cost_ml/prod/ with extension *.json
[2025-06-12T00:14:22.189+0000] {logging_mixin.py:190} INFO - Deleted all files in /opt/***/extraction/mercadolivre/data/shipping_cost_ml/prod/ with extension *.json
[2025-06-12T00:14:22.192+0000] {logging_mixin.py:190} INFO - Deleted all files in /opt/***/extraction/mercadolivre/data/shipping_cost_ml/prod/ with extension *.json
[2025-06-12T00:14:22.195+0000] {logging_mixin.py:190} INFO - Deleted all files in /opt/***/extraction/mercadolivre/data/shipping_cost_ml/prod/ with extension *.json
[2025-06-12T00:14:22.198+0000] {logging_mixin.py:190} INFO - Deleted all files in /opt/***/extraction/mercadolivre/data/shipping_cost_ml/prod/ with extension *.json
[2025-06-12T00:14:22.200+0000] {logging_mixin.py:190} INFO - Deleted all files in /opt/***/extraction/mercadolivre/data/shipping_cost_ml/prod/ with extension *.json
[2025-06-12T00:14:22.203+0000] {logging_mixin.py:190} INFO - Deleted all files in /opt/***/extraction/mercadolivre/data/shipping_cost_ml/prod/ with extension *.json
[2025-06-12T00:14:22.206+0000] {logging_mixin.py:190} INFO - Deleted all files in /opt/***/extraction/mercadolivre/data/shipping_cost_ml/prod/ with extension *.json
[2025-06-12T00:14:22.209+0000] {logging_mixin.py:190} INFO - Deleted all files in /opt/***/extraction/mercadolivre/data/shipping_cost_ml/prod/ with extension *.json
[2025-06-12T00:14:22.211+0000] {logging_mixin.py:190} INFO - Deleted all files in /opt/***/extraction/mercadolivre/data/shipping_cost_ml/prod/ with extension *.json
[2025-06-12T00:14:22.214+0000] {logging_mixin.py:190} INFO - Deleted all files in /opt/***/extraction/mercadolivre/data/shipping_cost_ml/prod/ with extension *.json
[2025-06-12T00:14:22.216+0000] {logging_mixin.py:190} INFO - Deleted all files in /opt/***/extraction/mercadolivre/data/shipping_cost_ml/prod/ with extension *.json
[2025-06-12T00:14:22.219+0000] {logging_mixin.py:190} INFO - Deleted all files in /opt/***/extraction/mercadolivre/data/shipping_cost_ml/prod/ with extension *.json
[2025-06-12T00:14:22.222+0000] {logging_mixin.py:190} INFO - Deleted all files in /opt/***/extraction/mercadolivre/data/shipping_cost_ml/prod/ with extension *.json
[2025-06-12T00:14:22.225+0000] {logging_mixin.py:190} INFO - Deleted all files in /opt/***/extraction/mercadolivre/data/shipping_cost_ml/prod/ with extension *.json
[2025-06-12T00:14:22.227+0000] {logging_mixin.py:190} INFO - Deleted all files in /opt/***/extraction/mercadolivre/data/shipping_cost_ml/prod/ with extension *.json
[2025-06-12T00:14:22.230+0000] {logging_mixin.py:190} INFO - Deleted all files in /opt/***/extraction/mercadolivre/data/shipping_cost_ml/prod/ with extension *.json
[2025-06-12T00:14:22.232+0000] {logging_mixin.py:190} INFO - Deleted all files in /opt/***/extraction/mercadolivre/data/shipping_cost_ml/prod/ with extension *.json
[2025-06-12T00:14:22.243+0000] {logging_mixin.py:190} INFO - Deleted all files in /opt/***/extraction/mercadolivre/data/shipping_cost_ml/prod/ with extension *.json
[2025-06-12T00:14:22.247+0000] {logging_mixin.py:190} INFO - Deleted all files in /opt/***/extraction/mercadolivre/data/shipping_cost_ml/prod/ with extension *.json
[2025-06-12T00:14:22.250+0000] {logging_mixin.py:190} INFO - Deleted all files in /opt/***/extraction/mercadolivre/data/shipping_cost_ml/prod/ with extension *.json
[2025-06-12T00:14:22.252+0000] {logging_mixin.py:190} INFO - Deleted all files in /opt/***/extraction/mercadolivre/data/shipping_cost_ml/prod/ with extension *.json
[2025-06-12T00:14:22.255+0000] {logging_mixin.py:190} INFO - Deleted all files in /opt/***/extraction/mercadolivre/data/shipping_cost_ml/prod/ with extension *.json
[2025-06-12T00:14:22.258+0000] {logging_mixin.py:190} INFO - Deleted all files in /opt/***/extraction/mercadolivre/data/shipping_cost_ml/prod/ with extension *.json
[2025-06-12T00:14:22.261+0000] {logging_mixin.py:190} INFO - Deleted all files in /opt/***/extraction/mercadolivre/data/shipping_cost_ml/prod/ with extension *.json
[2025-06-12T00:14:22.263+0000] {logging_mixin.py:190} INFO - Deleted all files in /opt/***/extraction/mercadolivre/data/shipping_cost_ml/prod/ with extension *.json
[2025-06-12T00:14:22.266+0000] {logging_mixin.py:190} INFO - Deleted all files in /opt/***/extraction/mercadolivre/data/shipping_cost_ml/prod/ with extension *.json
[2025-06-12T00:14:22.269+0000] {logging_mixin.py:190} INFO - Deleted all files in /opt/***/extraction/mercadolivre/data/shipping_cost_ml/prod/ with extension *.json
[2025-06-12T00:14:22.272+0000] {logging_mixin.py:190} INFO - Deleted all files in /opt/***/extraction/mercadolivre/data/shipping_cost_ml/prod/ with extension *.json
[2025-06-12T00:14:22.275+0000] {logging_mixin.py:190} INFO - Deleted all files in /opt/***/extraction/mercadolivre/data/shipping_cost_ml/prod/ with extension *.json
[2025-06-12T00:14:22.278+0000] {logging_mixin.py:190} INFO - Deleted all files in /opt/***/extraction/mercadolivre/data/shipping_cost_ml/prod/ with extension *.json
[2025-06-12T00:14:22.281+0000] {logging_mixin.py:190} INFO - Deleted all files in /opt/***/extraction/mercadolivre/data/shipping_cost_ml/prod/ with extension *.json
[2025-06-12T00:14:22.284+0000] {logging_mixin.py:190} INFO - Deleted all files in /opt/***/extraction/mercadolivre/data/shipping_cost_ml/prod/ with extension *.json
[2025-06-12T00:14:22.287+0000] {logging_mixin.py:190} INFO - Deleted all files in /opt/***/extraction/mercadolivre/data/shipping_cost_ml/prod/ with extension *.json
[2025-06-12T00:14:22.290+0000] {logging_mixin.py:190} INFO - Deleted all files in /opt/***/extraction/mercadolivre/data/shipping_cost_ml/prod/ with extension *.json
[2025-06-12T00:14:22.292+0000] {logging_mixin.py:190} INFO - Deleted all files in /opt/***/extraction/mercadolivre/data/shipping_cost_ml/prod/ with extension *.json
[2025-06-12T00:14:22.295+0000] {logging_mixin.py:190} INFO - Deleted all files in /opt/***/extraction/mercadolivre/data/shipping_cost_ml/prod/ with extension *.json
[2025-06-12T00:14:22.298+0000] {logging_mixin.py:190} INFO - Deleted all files in /opt/***/extraction/mercadolivre/data/shipping_cost_ml/prod/ with extension *.json
[2025-06-12T00:14:22.301+0000] {logging_mixin.py:190} INFO - Deleted all files in /opt/***/extraction/mercadolivre/data/shipping_cost_ml/prod/ with extension *.json
[2025-06-12T00:14:22.303+0000] {logging_mixin.py:190} INFO - Deleted all files in /opt/***/extraction/mercadolivre/data/shipping_cost_ml/prod/ with extension *.json
[2025-06-12T00:14:22.306+0000] {logging_mixin.py:190} INFO - Deleted all files in /opt/***/extraction/mercadolivre/data/shipping_cost_ml/prod/ with extension *.json
[2025-06-12T00:14:22.308+0000] {logging_mixin.py:190} INFO - Deleted all files in /opt/***/extraction/mercadolivre/data/shipping_cost_ml/prod/ with extension *.json
[2025-06-12T00:14:22.311+0000] {logging_mixin.py:190} INFO - Deleted all files in /opt/***/extraction/mercadolivre/data/shipping_cost_ml/prod/ with extension *.json
[2025-06-12T00:14:22.313+0000] {logging_mixin.py:190} INFO - Deleted all files in /opt/***/extraction/mercadolivre/data/shipping_cost_ml/prod/ with extension *.json
[2025-06-12T00:14:22.316+0000] {logging_mixin.py:190} INFO - Deleted all files in /opt/***/extraction/mercadolivre/data/shipping_cost_ml/prod/ with extension *.json
[2025-06-12T00:14:22.318+0000] {logging_mixin.py:190} INFO - Deleted all files in /opt/***/extraction/mercadolivre/data/shipping_cost_ml/prod/ with extension *.json
[2025-06-12T00:14:22.321+0000] {logging_mixin.py:190} INFO - Deleted all files in /opt/***/extraction/mercadolivre/data/shipping_cost_ml/prod/ with extension *.json
[2025-06-12T00:14:22.323+0000] {logging_mixin.py:190} INFO - Deleted all files in /opt/***/extraction/mercadolivre/data/shipping_cost_ml/prod/ with extension *.json
[2025-06-12T00:14:22.326+0000] {logging_mixin.py:190} INFO - Deleted all files in /opt/***/extraction/mercadolivre/data/shipping_cost_ml/prod/ with extension *.json
[2025-06-12T00:14:22.328+0000] {logging_mixin.py:190} INFO - Deleted all files in /opt/***/extraction/mercadolivre/data/shipping_cost_ml/prod/ with extension *.json
[2025-06-12T00:14:22.331+0000] {logging_mixin.py:190} INFO - Deleted all files in /opt/***/extraction/mercadolivre/data/shipping_cost_ml/prod/ with extension *.json
[2025-06-12T00:14:22.334+0000] {logging_mixin.py:190} INFO - Deleted all files in /opt/***/extraction/mercadolivre/data/shipping_cost_ml/prod/ with extension *.json
[2025-06-12T00:14:22.337+0000] {logging_mixin.py:190} INFO - Deleted all files in /opt/***/extraction/mercadolivre/data/shipping_cost_ml/prod/ with extension *.json
[2025-06-12T00:14:22.340+0000] {logging_mixin.py:190} INFO - Deleted all files in /opt/***/extraction/mercadolivre/data/shipping_cost_ml/prod/ with extension *.json
[2025-06-12T00:14:22.343+0000] {logging_mixin.py:190} INFO - Deleted all files in /opt/***/extraction/mercadolivre/data/shipping_cost_ml/prod/ with extension *.json
[2025-06-12T00:14:22.345+0000] {logging_mixin.py:190} INFO - Deleted all files in /opt/***/extraction/mercadolivre/data/shipping_cost_ml/prod/ with extension *.json
[2025-06-12T00:14:22.348+0000] {logging_mixin.py:190} INFO - Deleted all files in /opt/***/extraction/mercadolivre/data/shipping_cost_ml/prod/ with extension *.json
[2025-06-12T00:14:22.350+0000] {logging_mixin.py:190} INFO - Deleted all files in /opt/***/extraction/mercadolivre/data/shipping_cost_ml/prod/ with extension *.json
[2025-06-12T00:14:22.353+0000] {logging_mixin.py:190} INFO - Deleted all files in /opt/***/extraction/mercadolivre/data/shipping_cost_ml/prod/ with extension *.json
[2025-06-12T00:14:22.356+0000] {logging_mixin.py:190} INFO - Deleted all files in /opt/***/extraction/mercadolivre/data/shipping_cost_ml/prod/ with extension *.json
[2025-06-12T00:14:22.358+0000] {logging_mixin.py:190} INFO - Deleted all files in /opt/***/extraction/mercadolivre/data/shipping_cost_ml/prod/ with extension *.json
[2025-06-12T00:14:22.361+0000] {logging_mixin.py:190} INFO - Deleted all files in /opt/***/extraction/mercadolivre/data/shipping_cost_ml/prod/ with extension *.json
[2025-06-12T00:14:22.363+0000] {logging_mixin.py:190} INFO - Deleted all files in /opt/***/extraction/mercadolivre/data/shipping_cost_ml/prod/ with extension *.json
[2025-06-12T00:14:22.366+0000] {logging_mixin.py:190} INFO - Deleted all files in /opt/***/extraction/mercadolivre/data/shipping_cost_ml/prod/ with extension *.json
[2025-06-12T00:14:22.368+0000] {logging_mixin.py:190} INFO - Deleted all files in /opt/***/extraction/mercadolivre/data/shipping_cost_ml/prod/ with extension *.json
[2025-06-12T00:14:22.371+0000] {logging_mixin.py:190} INFO - Deleted all files in /opt/***/extraction/mercadolivre/data/shipping_cost_ml/prod/ with extension *.json
[2025-06-12T00:14:22.373+0000] {logging_mixin.py:190} INFO - Deleted all files in /opt/***/extraction/mercadolivre/data/shipping_cost_ml/prod/ with extension *.json
[2025-06-12T00:14:22.376+0000] {logging_mixin.py:190} INFO - Deleted all files in /opt/***/extraction/mercadolivre/data/shipping_cost_ml/prod/ with extension *.json
[2025-06-12T00:14:22.379+0000] {logging_mixin.py:190} INFO - Deleted all files in /opt/***/extraction/mercadolivre/data/shipping_cost_ml/prod/ with extension *.json
[2025-06-12T00:14:22.381+0000] {logging_mixin.py:190} INFO - Deleted all files in /opt/***/extraction/mercadolivre/data/shipping_cost_ml/prod/ with extension *.json
[2025-06-12T00:14:22.384+0000] {logging_mixin.py:190} INFO - Deleted all files in /opt/***/extraction/mercadolivre/data/shipping_cost_ml/prod/ with extension *.json
[2025-06-12T00:14:22.387+0000] {logging_mixin.py:190} INFO - Deleted all files in /opt/***/extraction/mercadolivre/data/shipping_cost_ml/prod/ with extension *.json
[2025-06-12T00:14:22.390+0000] {logging_mixin.py:190} INFO - Deleted all files in /opt/***/extraction/mercadolivre/data/shipping_cost_ml/prod/ with extension *.json
[2025-06-12T00:14:22.392+0000] {logging_mixin.py:190} INFO - Deleted all files in /opt/***/extraction/mercadolivre/data/shipping_cost_ml/prod/ with extension *.json
[2025-06-12T00:14:22.401+0000] {logging_mixin.py:190} INFO - Deleted all files in /opt/***/extraction/mercadolivre/data/shipping_cost_ml/prod/ with extension *.json
[2025-06-12T00:14:22.404+0000] {logging_mixin.py:190} INFO - Deleted all files in /opt/***/extraction/mercadolivre/data/shipping_cost_ml/prod/ with extension *.json
[2025-06-12T00:14:22.407+0000] {logging_mixin.py:190} INFO - Deleted all files in /opt/***/extraction/mercadolivre/data/shipping_cost_ml/prod/ with extension *.json
[2025-06-12T00:14:22.410+0000] {logging_mixin.py:190} INFO - Deleted all files in /opt/***/extraction/mercadolivre/data/shipping_cost_ml/prod/ with extension *.json
[2025-06-12T00:14:22.413+0000] {logging_mixin.py:190} INFO - Deleted all files in /opt/***/extraction/mercadolivre/data/shipping_cost_ml/prod/ with extension *.json
[2025-06-12T00:14:22.416+0000] {logging_mixin.py:190} INFO - Deleted all files in /opt/***/extraction/mercadolivre/data/shipping_cost_ml/prod/ with extension *.json
[2025-06-12T00:14:22.420+0000] {logging_mixin.py:190} INFO - Deleted all files in /opt/***/extraction/mercadolivre/data/shipping_cost_ml/prod/ with extension *.json
[2025-06-12T00:14:22.423+0000] {logging_mixin.py:190} INFO - Deleted all files in /opt/***/extraction/mercadolivre/data/shipping_cost_ml/prod/ with extension *.json
[2025-06-12T00:14:22.427+0000] {logging_mixin.py:190} INFO - Deleted all files in /opt/***/extraction/mercadolivre/data/shipping_cost_ml/prod/ with extension *.json
[2025-06-12T00:14:22.429+0000] {logging_mixin.py:190} INFO - Deleted all files in /opt/***/extraction/mercadolivre/data/shipping_cost_ml/prod/ with extension *.json
[2025-06-12T00:14:22.433+0000] {logging_mixin.py:190} INFO - Deleted all files in /opt/***/extraction/mercadolivre/data/shipping_cost_ml/prod/ with extension *.json
[2025-06-12T00:14:22.436+0000] {logging_mixin.py:190} INFO - Deleted all files in /opt/***/extraction/mercadolivre/data/shipping_cost_ml/prod/ with extension *.json
[2025-06-12T00:14:22.438+0000] {logging_mixin.py:190} INFO - Deleted all files in /opt/***/extraction/mercadolivre/data/shipping_cost_ml/prod/ with extension *.json
[2025-06-12T00:14:22.440+0000] {logging_mixin.py:190} INFO - Deleted all files in /opt/***/extraction/mercadolivre/data/shipping_cost_ml/prod/ with extension *.json
[2025-06-12T00:14:22.443+0000] {logging_mixin.py:190} INFO - Deleted all files in /opt/***/extraction/mercadolivre/data/shipping_cost_ml/prod/ with extension *.json
[2025-06-12T00:14:22.446+0000] {logging_mixin.py:190} INFO - Deleted all files in /opt/***/extraction/mercadolivre/data/shipping_cost_ml/prod/ with extension *.json
[2025-06-12T00:14:22.448+0000] {logging_mixin.py:190} INFO - Deleted all files in /opt/***/extraction/mercadolivre/data/shipping_cost_ml/prod/ with extension *.json
[2025-06-12T00:14:22.451+0000] {logging_mixin.py:190} INFO - Deleted all files in /opt/***/extraction/mercadolivre/data/shipping_cost_ml/prod/ with extension *.json
[2025-06-12T00:14:22.454+0000] {logging_mixin.py:190} INFO - Deleted all files in /opt/***/extraction/mercadolivre/data/shipping_cost_ml/prod/ with extension *.json
[2025-06-12T00:14:22.456+0000] {logging_mixin.py:190} INFO - Deleted all files in /opt/***/extraction/mercadolivre/data/shipping_cost_ml/prod/ with extension *.json
[2025-06-12T00:14:22.459+0000] {logging_mixin.py:190} INFO - Deleted all files in /opt/***/extraction/mercadolivre/data/shipping_cost_ml/prod/ with extension *.json
[2025-06-12T00:14:22.461+0000] {logging_mixin.py:190} INFO - Deleted all files in /opt/***/extraction/mercadolivre/data/shipping_cost_ml/prod/ with extension *.json
[2025-06-12T00:14:22.463+0000] {logging_mixin.py:190} INFO - Deleted all files in /opt/***/extraction/mercadolivre/data/shipping_cost_ml/prod/ with extension *.json
[2025-06-12T00:14:22.466+0000] {logging_mixin.py:190} INFO - Deleted all files in /opt/***/extraction/mercadolivre/data/shipping_cost_ml/prod/ with extension *.json
[2025-06-12T00:14:22.468+0000] {logging_mixin.py:190} INFO - Deleted all files in /opt/***/extraction/mercadolivre/data/shipping_cost_ml/prod/ with extension *.json
[2025-06-12T00:14:22.471+0000] {logging_mixin.py:190} INFO - Deleted all files in /opt/***/extraction/mercadolivre/data/shipping_cost_ml/prod/ with extension *.json
[2025-06-12T00:14:22.473+0000] {logging_mixin.py:190} INFO - Deleted all files in /opt/***/extraction/mercadolivre/data/shipping_cost_ml/prod/ with extension *.json
[2025-06-12T00:14:22.476+0000] {logging_mixin.py:190} INFO - Deleted all files in /opt/***/extraction/mercadolivre/data/shipping_cost_ml/prod/ with extension *.json
[2025-06-12T00:14:22.478+0000] {logging_mixin.py:190} INFO - Deleted all files in /opt/***/extraction/mercadolivre/data/shipping_cost_ml/prod/ with extension *.json
[2025-06-12T00:14:22.481+0000] {logging_mixin.py:190} INFO - Deleted all files in /opt/***/extraction/mercadolivre/data/shipping_cost_ml/prod/ with extension *.json
[2025-06-12T00:14:22.483+0000] {logging_mixin.py:190} INFO - Deleted all files in /opt/***/extraction/mercadolivre/data/shipping_cost_ml/prod/ with extension *.json
[2025-06-12T00:14:22.486+0000] {logging_mixin.py:190} INFO - Deleted all files in /opt/***/extraction/mercadolivre/data/shipping_cost_ml/prod/ with extension *.json
[2025-06-12T00:14:22.489+0000] {logging_mixin.py:190} INFO - Deleted all files in /opt/***/extraction/mercadolivre/data/shipping_cost_ml/prod/ with extension *.json
[2025-06-12T00:14:22.492+0000] {logging_mixin.py:190} INFO - Deleted all files in /opt/***/extraction/mercadolivre/data/shipping_cost_ml/prod/ with extension *.json
[2025-06-12T00:14:22.497+0000] {logging_mixin.py:190} INFO - Deleted all files in /opt/***/extraction/mercadolivre/data/shipping_cost_ml/prod/ with extension *.json
[2025-06-12T00:14:22.500+0000] {logging_mixin.py:190} INFO - Deleted all files in /opt/***/extraction/mercadolivre/data/shipping_cost_ml/prod/ with extension *.json
[2025-06-12T00:14:22.504+0000] {logging_mixin.py:190} INFO - Deleted all files in /opt/***/extraction/mercadolivre/data/shipping_cost_ml/prod/ with extension *.json
[2025-06-12T00:14:22.506+0000] {logging_mixin.py:190} INFO - Deleted all files in /opt/***/extraction/mercadolivre/data/shipping_cost_ml/prod/ with extension *.json
[2025-06-12T00:14:22.509+0000] {logging_mixin.py:190} INFO - Deleted all files in /opt/***/extraction/mercadolivre/data/shipping_cost_ml/prod/ with extension *.json
[2025-06-12T00:14:22.511+0000] {logging_mixin.py:190} INFO - Deleted all files in /opt/***/extraction/mercadolivre/data/shipping_cost_ml/prod/ with extension *.json
[2025-06-12T00:14:22.514+0000] {logging_mixin.py:190} INFO - Deleted all files in /opt/***/extraction/mercadolivre/data/shipping_cost_ml/prod/ with extension *.json
[2025-06-12T00:14:22.516+0000] {logging_mixin.py:190} INFO - Deleted all files in /opt/***/extraction/mercadolivre/data/shipping_cost_ml/prod/ with extension *.json
[2025-06-12T00:14:22.518+0000] {logging_mixin.py:190} INFO - Deleted all files in /opt/***/extraction/mercadolivre/data/shipping_cost_ml/prod/ with extension *.json
[2025-06-12T00:14:22.520+0000] {logging_mixin.py:190} INFO - Deleted all files in /opt/***/extraction/mercadolivre/data/shipping_cost_ml/prod/ with extension *.json
[2025-06-12T00:14:22.523+0000] {logging_mixin.py:190} INFO - Deleted all files in /opt/***/extraction/mercadolivre/data/shipping_cost_ml/prod/ with extension *.json
[2025-06-12T00:14:22.525+0000] {logging_mixin.py:190} INFO - Deleted all files in /opt/***/extraction/mercadolivre/data/shipping_cost_ml/prod/ with extension *.json
[2025-06-12T00:14:22.527+0000] {logging_mixin.py:190} INFO - Deleted all files in /opt/***/extraction/mercadolivre/data/shipping_cost_ml/prod/ with extension *.json
[2025-06-12T00:14:22.529+0000] {logging_mixin.py:190} INFO - Deleted all files in /opt/***/extraction/mercadolivre/data/shipping_cost_ml/prod/ with extension *.json
[2025-06-12T00:14:22.532+0000] {logging_mixin.py:190} INFO - Deleted all files in /opt/***/extraction/mercadolivre/data/shipping_cost_ml/prod/ with extension *.json
[2025-06-12T00:14:22.534+0000] {logging_mixin.py:190} INFO - Deleted all files in /opt/***/extraction/mercadolivre/data/shipping_cost_ml/prod/ with extension *.json
[2025-06-12T00:14:22.536+0000] {logging_mixin.py:190} INFO - Deleted all files in /opt/***/extraction/mercadolivre/data/shipping_cost_ml/prod/ with extension *.json
[2025-06-12T00:14:22.538+0000] {logging_mixin.py:190} INFO - Deleted all files in /opt/***/extraction/mercadolivre/data/shipping_cost_ml/prod/ with extension *.json
[2025-06-12T00:14:22.541+0000] {logging_mixin.py:190} INFO - Deleted all files in /opt/***/extraction/mercadolivre/data/shipping_cost_ml/prod/ with extension *.json
[2025-06-12T00:14:22.543+0000] {logging_mixin.py:190} INFO - Deleted all files in /opt/***/extraction/mercadolivre/data/shipping_cost_ml/prod/ with extension *.json
[2025-06-12T00:14:22.546+0000] {logging_mixin.py:190} INFO - Deleted all files in /opt/***/extraction/mercadolivre/data/shipping_cost_ml/prod/ with extension *.json
[2025-06-12T00:14:22.548+0000] {logging_mixin.py:190} INFO - Deleted all files in /opt/***/extraction/mercadolivre/data/shipping_cost_ml/prod/ with extension *.json
[2025-06-12T00:14:22.550+0000] {logging_mixin.py:190} INFO - Deleted all files in /opt/***/extraction/mercadolivre/data/shipping_cost_ml/prod/ with extension *.json
[2025-06-12T00:14:22.553+0000] {logging_mixin.py:190} INFO - Deleted all files in /opt/***/extraction/mercadolivre/data/shipping_cost_ml/prod/ with extension *.json
[2025-06-12T00:14:22.556+0000] {logging_mixin.py:190} INFO - Deleted all files in /opt/***/extraction/mercadolivre/data/shipping_cost_ml/prod/ with extension *.json
[2025-06-12T00:14:22.558+0000] {logging_mixin.py:190} INFO - Deleted all files in /opt/***/extraction/mercadolivre/data/shipping_cost_ml/prod/ with extension *.json
[2025-06-12T00:14:22.560+0000] {logging_mixin.py:190} INFO - Deleted all files in /opt/***/extraction/mercadolivre/data/shipping_cost_ml/prod/ with extension *.json
[2025-06-12T00:14:22.563+0000] {logging_mixin.py:190} INFO - Deleted all files in /opt/***/extraction/mercadolivre/data/shipping_cost_ml/prod/ with extension *.json
[2025-06-12T00:14:22.565+0000] {logging_mixin.py:190} INFO - Deleted all files in /opt/***/extraction/mercadolivre/data/shipping_cost_ml/prod/ with extension *.json
[2025-06-12T00:14:22.568+0000] {logging_mixin.py:190} INFO - Deleted all files in /opt/***/extraction/mercadolivre/data/shipping_cost_ml/prod/ with extension *.json
[2025-06-12T00:14:22.570+0000] {logging_mixin.py:190} INFO - Deleted all files in /opt/***/extraction/mercadolivre/data/shipping_cost_ml/prod/ with extension *.json
[2025-06-12T00:14:22.572+0000] {logging_mixin.py:190} INFO - Deleted all files in /opt/***/extraction/mercadolivre/data/shipping_cost_ml/prod/ with extension *.json
[2025-06-12T00:14:22.575+0000] {logging_mixin.py:190} INFO - Deleted all files in /opt/***/extraction/mercadolivre/data/shipping_cost_ml/prod/ with extension *.json
[2025-06-12T00:14:22.577+0000] {logging_mixin.py:190} INFO - Deleted all files in /opt/***/extraction/mercadolivre/data/shipping_cost_ml/prod/ with extension *.json
[2025-06-12T00:14:22.580+0000] {logging_mixin.py:190} INFO - Deleted all files in /opt/***/extraction/mercadolivre/data/shipping_cost_ml/prod/ with extension *.json
[2025-06-12T00:14:22.582+0000] {logging_mixin.py:190} INFO - Deleted all files in /opt/***/extraction/mercadolivre/data/shipping_cost_ml/prod/ with extension *.json
[2025-06-12T00:14:22.585+0000] {logging_mixin.py:190} INFO - Deleted all files in /opt/***/extraction/mercadolivre/data/shipping_cost_ml/prod/ with extension *.json
[2025-06-12T00:14:22.587+0000] {logging_mixin.py:190} INFO - Deleted all files in /opt/***/extraction/mercadolivre/data/shipping_cost_ml/prod/ with extension *.json
[2025-06-12T00:14:22.589+0000] {logging_mixin.py:190} INFO - Deleted all files in /opt/***/extraction/mercadolivre/data/shipping_cost_ml/prod/ with extension *.json
[2025-06-12T00:14:22.591+0000] {logging_mixin.py:190} INFO - Deleted all files in /opt/***/extraction/mercadolivre/data/shipping_cost_ml/prod/ with extension *.json
[2025-06-12T00:14:22.593+0000] {logging_mixin.py:190} INFO - Deleted all files in /opt/***/extraction/mercadolivre/data/shipping_cost_ml/prod/ with extension *.json
[2025-06-12T00:14:22.596+0000] {logging_mixin.py:190} INFO - Deleted all files in /opt/***/extraction/mercadolivre/data/shipping_cost_ml/prod/ with extension *.json
[2025-06-12T00:14:22.598+0000] {logging_mixin.py:190} INFO - Deleted all files in /opt/***/extraction/mercadolivre/data/shipping_cost_ml/prod/ with extension *.json
[2025-06-12T00:14:22.601+0000] {logging_mixin.py:190} INFO - Deleted all files in /opt/***/extraction/mercadolivre/data/shipping_cost_ml/prod/ with extension *.json
[2025-06-12T00:14:22.603+0000] {logging_mixin.py:190} INFO - Deleted all files in /opt/***/extraction/mercadolivre/data/shipping_cost_ml/prod/ with extension *.json
[2025-06-12T00:14:22.606+0000] {logging_mixin.py:190} INFO - Deleted all files in /opt/***/extraction/mercadolivre/data/shipping_cost_ml/prod/ with extension *.json
[2025-06-12T00:14:22.608+0000] {logging_mixin.py:190} INFO - Deleted all files in /opt/***/extraction/mercadolivre/data/shipping_cost_ml/prod/ with extension *.json
[2025-06-12T00:14:22.610+0000] {logging_mixin.py:190} INFO - Deleted all files in /opt/***/extraction/mercadolivre/data/shipping_cost_ml/prod/ with extension *.json
[2025-06-12T00:14:22.613+0000] {logging_mixin.py:190} INFO - Deleted all files in /opt/***/extraction/mercadolivre/data/shipping_cost_ml/prod/ with extension *.json
[2025-06-12T00:14:22.616+0000] {logging_mixin.py:190} INFO - Deleted all files in /opt/***/extraction/mercadolivre/data/shipping_cost_ml/prod/ with extension *.json
[2025-06-12T00:14:22.619+0000] {logging_mixin.py:190} INFO - Deleted all files in /opt/***/extraction/mercadolivre/data/shipping_cost_ml/prod/ with extension *.json
[2025-06-12T00:14:22.621+0000] {logging_mixin.py:190} INFO - Deleted all files in /opt/***/extraction/mercadolivre/data/shipping_cost_ml/prod/ with extension *.json
[2025-06-12T00:14:22.624+0000] {logging_mixin.py:190} INFO - Deleted all files in /opt/***/extraction/mercadolivre/data/shipping_cost_ml/prod/ with extension *.json
[2025-06-12T00:14:22.626+0000] {logging_mixin.py:190} INFO - Deleted all files in /opt/***/extraction/mercadolivre/data/shipping_cost_ml/prod/ with extension *.json
[2025-06-12T00:14:22.629+0000] {logging_mixin.py:190} INFO - Deleted all files in /opt/***/extraction/mercadolivre/data/shipping_cost_ml/prod/ with extension *.json
[2025-06-12T00:14:22.632+0000] {logging_mixin.py:190} INFO - Deleted all files in /opt/***/extraction/mercadolivre/data/shipping_cost_ml/prod/ with extension *.json
[2025-06-12T00:14:22.634+0000] {logging_mixin.py:190} INFO - Deleted all files in /opt/***/extraction/mercadolivre/data/shipping_cost_ml/prod/ with extension *.json
[2025-06-12T00:14:22.637+0000] {logging_mixin.py:190} INFO - Deleted all files in /opt/***/extraction/mercadolivre/data/shipping_cost_ml/prod/ with extension *.json
[2025-06-12T00:14:22.639+0000] {logging_mixin.py:190} INFO - Deleted all files in /opt/***/extraction/mercadolivre/data/shipping_cost_ml/prod/ with extension *.json
[2025-06-12T00:14:22.641+0000] {logging_mixin.py:190} INFO - Deleted all files in /opt/***/extraction/mercadolivre/data/shipping_cost_ml/prod/ with extension *.json
[2025-06-12T00:14:22.644+0000] {logging_mixin.py:190} INFO - Deleted all files in /opt/***/extraction/mercadolivre/data/shipping_cost_ml/prod/ with extension *.json
[2025-06-12T00:14:22.647+0000] {logging_mixin.py:190} INFO - Deleted all files in /opt/***/extraction/mercadolivre/data/shipping_cost_ml/prod/ with extension *.json
[2025-06-12T00:14:22.650+0000] {logging_mixin.py:190} INFO - Deleted all files in /opt/***/extraction/mercadolivre/data/shipping_cost_ml/prod/ with extension *.json
[2025-06-12T00:14:22.653+0000] {logging_mixin.py:190} INFO - Deleted all files in /opt/***/extraction/mercadolivre/data/shipping_cost_ml/prod/ with extension *.json
[2025-06-12T00:14:22.655+0000] {logging_mixin.py:190} INFO - Deleted all files in /opt/***/extraction/mercadolivre/data/shipping_cost_ml/prod/ with extension *.json
[2025-06-12T00:14:22.658+0000] {logging_mixin.py:190} INFO - Deleted all files in /opt/***/extraction/mercadolivre/data/shipping_cost_ml/prod/ with extension *.json
[2025-06-12T00:14:22.661+0000] {logging_mixin.py:190} INFO - Deleted all files in /opt/***/extraction/mercadolivre/data/shipping_cost_ml/prod/ with extension *.json
[2025-06-12T00:14:22.664+0000] {logging_mixin.py:190} INFO - Deleted all files in /opt/***/extraction/mercadolivre/data/shipping_cost_ml/prod/ with extension *.json
[2025-06-12T00:14:22.666+0000] {logging_mixin.py:190} INFO - Deleted all files in /opt/***/extraction/mercadolivre/data/shipping_cost_ml/prod/ with extension *.json
[2025-06-12T00:14:22.669+0000] {logging_mixin.py:190} INFO - Deleted all files in /opt/***/extraction/mercadolivre/data/shipping_cost_ml/prod/ with extension *.json
[2025-06-12T00:14:22.671+0000] {logging_mixin.py:190} INFO - Deleted all files in /opt/***/extraction/mercadolivre/data/shipping_cost_ml/prod/ with extension *.json
[2025-06-12T00:14:22.674+0000] {logging_mixin.py:190} INFO - Deleted all files in /opt/***/extraction/mercadolivre/data/shipping_cost_ml/prod/ with extension *.json
[2025-06-12T00:14:22.676+0000] {logging_mixin.py:190} INFO - Deleted all files in /opt/***/extraction/mercadolivre/data/shipping_cost_ml/prod/ with extension *.json
[2025-06-12T00:14:22.680+0000] {logging_mixin.py:190} INFO - Deleted all files in /opt/***/extraction/mercadolivre/data/shipping_cost_ml/prod/ with extension *.json
[2025-06-12T00:14:22.684+0000] {logging_mixin.py:190} INFO - Deleted all files in /opt/***/extraction/mercadolivre/data/shipping_cost_ml/prod/ with extension *.json
[2025-06-12T00:14:22.687+0000] {logging_mixin.py:190} INFO - Deleted all files in /opt/***/extraction/mercadolivre/data/shipping_cost_ml/prod/ with extension *.json
[2025-06-12T00:14:22.690+0000] {logging_mixin.py:190} INFO - Deleted all files in /opt/***/extraction/mercadolivre/data/shipping_cost_ml/prod/ with extension *.json
[2025-06-12T00:14:22.692+0000] {logging_mixin.py:190} INFO - Deleted all files in /opt/***/extraction/mercadolivre/data/shipping_cost_ml/prod/ with extension *.json
[2025-06-12T00:14:22.695+0000] {logging_mixin.py:190} INFO - Deleted all files in /opt/***/extraction/mercadolivre/data/shipping_cost_ml/prod/ with extension *.json
[2025-06-12T00:14:22.699+0000] {logging_mixin.py:190} INFO - Deleted all files in /opt/***/extraction/mercadolivre/data/shipping_cost_ml/prod/ with extension *.json
[2025-06-12T00:14:22.701+0000] {logging_mixin.py:190} INFO - Deleted all files in /opt/***/extraction/mercadolivre/data/shipping_cost_ml/prod/ with extension *.json
[2025-06-12T00:14:22.704+0000] {logging_mixin.py:190} INFO - Deleted all files in /opt/***/extraction/mercadolivre/data/shipping_cost_ml/prod/ with extension *.json
[2025-06-12T00:14:22.707+0000] {logging_mixin.py:190} INFO - Deleted all files in /opt/***/extraction/mercadolivre/data/shipping_cost_ml/prod/ with extension *.json
[2025-06-12T00:14:22.710+0000] {logging_mixin.py:190} INFO - Deleted all files in /opt/***/extraction/mercadolivre/data/shipping_cost_ml/prod/ with extension *.json
[2025-06-12T00:14:22.713+0000] {logging_mixin.py:190} INFO - Deleted all files in /opt/***/extraction/mercadolivre/data/shipping_cost_ml/prod/ with extension *.json
[2025-06-12T00:14:22.715+0000] {logging_mixin.py:190} INFO - Deleted all files in /opt/***/extraction/mercadolivre/data/shipping_cost_ml/prod/ with extension *.json
[2025-06-12T00:14:22.718+0000] {logging_mixin.py:190} INFO - Deleted all files in /opt/***/extraction/mercadolivre/data/shipping_cost_ml/prod/ with extension *.json
[2025-06-12T00:14:22.721+0000] {logging_mixin.py:190} INFO - Deleted all files in /opt/***/extraction/mercadolivre/data/shipping_cost_ml/prod/ with extension *.json
[2025-06-12T00:14:22.723+0000] {logging_mixin.py:190} INFO - Deleted all files in /opt/***/extraction/mercadolivre/data/shipping_cost_ml/prod/ with extension *.json
[2025-06-12T00:14:22.726+0000] {logging_mixin.py:190} INFO - Deleted all files in /opt/***/extraction/mercadolivre/data/shipping_cost_ml/prod/ with extension *.json
[2025-06-12T00:14:22.729+0000] {logging_mixin.py:190} INFO - Deleted all files in /opt/***/extraction/mercadolivre/data/shipping_cost_ml/prod/ with extension *.json
[2025-06-12T00:14:22.731+0000] {logging_mixin.py:190} INFO - Deleted all files in /opt/***/extraction/mercadolivre/data/shipping_cost_ml/prod/ with extension *.json
[2025-06-12T00:14:22.735+0000] {logging_mixin.py:190} INFO - Deleted all files in /opt/***/extraction/mercadolivre/data/shipping_cost_ml/prod/ with extension *.json
[2025-06-12T00:14:22.738+0000] {logging_mixin.py:190} INFO - Deleted all files in /opt/***/extraction/mercadolivre/data/shipping_cost_ml/prod/ with extension *.json
[2025-06-12T00:14:22.741+0000] {logging_mixin.py:190} INFO - Deleted all files in /opt/***/extraction/mercadolivre/data/shipping_cost_ml/prod/ with extension *.json
[2025-06-12T00:14:22.744+0000] {logging_mixin.py:190} INFO - Deleted all files in /opt/***/extraction/mercadolivre/data/shipping_cost_ml/prod/ with extension *.json
[2025-06-12T00:14:22.747+0000] {logging_mixin.py:190} INFO - Deleted all files in /opt/***/extraction/mercadolivre/data/shipping_cost_ml/prod/ with extension *.json
[2025-06-12T00:14:22.749+0000] {logging_mixin.py:190} INFO - Deleted all files in /opt/***/extraction/mercadolivre/data/shipping_cost_ml/prod/ with extension *.json
[2025-06-12T00:14:22.753+0000] {logging_mixin.py:190} INFO - Deleted all files in /opt/***/extraction/mercadolivre/data/shipping_cost_ml/prod/ with extension *.json
[2025-06-12T00:14:22.756+0000] {logging_mixin.py:190} INFO - Deleted all files in /opt/***/extraction/mercadolivre/data/shipping_cost_ml/prod/ with extension *.json
[2025-06-12T00:14:22.759+0000] {logging_mixin.py:190} INFO - Deleted all files in /opt/***/extraction/mercadolivre/data/shipping_cost_ml/prod/ with extension *.json
[2025-06-12T00:14:22.763+0000] {logging_mixin.py:190} INFO - Deleted all files in /opt/***/extraction/mercadolivre/data/shipping_cost_ml/prod/ with extension *.json
[2025-06-12T00:14:22.766+0000] {logging_mixin.py:190} INFO - Deleted all files in /opt/***/extraction/mercadolivre/data/shipping_cost_ml/prod/ with extension *.json
[2025-06-12T00:14:22.768+0000] {logging_mixin.py:190} INFO - Deleted all files in /opt/***/extraction/mercadolivre/data/shipping_cost_ml/prod/ with extension *.json
[2025-06-12T00:14:22.771+0000] {logging_mixin.py:190} INFO - Deleted all files in /opt/***/extraction/mercadolivre/data/shipping_cost_ml/prod/ with extension *.json
[2025-06-12T00:14:22.772+0000] {python.py:240} INFO - Done. Returned value was: None
[2025-06-12T00:14:22.790+0000] {taskinstance.py:340} INFO - ::group::Post task execution logs
[2025-06-12T00:14:22.791+0000] {taskinstance.py:352} INFO - Marking task as SUCCESS. dag_id=06_delete_entry_data_prod, task_id=delete_ml_sh_files, run_id=manual__2025-06-12T00:14:20.372409+00:00, execution_date=20250612T001420, start_date=20250612T001421, end_date=20250612T001422
[2025-06-12T00:14:22.816+0000] {local_task_job_runner.py:266} INFO - Task exited with return code 0
[2025-06-12T00:14:22.838+0000] {taskinstance.py:3895} INFO - 0 downstream tasks scheduled from follow-on schedule check
[2025-06-12T00:14:22.841+0000] {local_task_job_runner.py:245} INFO - ::endgroup::
