[2025-06-11T18:48:42.049+0000] {local_task_job_runner.py:123} INFO - ::group::Pre task execution logs
[2025-06-11T18:48:42.073+0000] {taskinstance.py:2613} INFO - Dependencies all met for dep_context=non-requeueable deps ti=<TaskInstance: 06_delete_entry_data.delete_tables manual__2025-06-11T18:48:39.891777+00:00 [queued]>
[2025-06-11T18:48:42.086+0000] {taskinstance.py:2613} INFO - Dependencies all met for dep_context=requeueable deps ti=<TaskInstance: 06_delete_entry_data.delete_tables manual__2025-06-11T18:48:39.891777+00:00 [queued]>
[2025-06-11T18:48:42.087+0000] {taskinstance.py:2866} INFO - Starting attempt 1 of 1
[2025-06-11T18:48:42.105+0000] {taskinstance.py:2889} INFO - Executing <Task(PythonOperator): delete_tables> on 2025-06-11 18:48:39.891777+00:00
[2025-06-11T18:48:42.111+0000] {standard_task_runner.py:72} INFO - Started process 782 to run task
[2025-06-11T18:48:42.116+0000] {standard_task_runner.py:104} INFO - Running: ['***', 'tasks', 'run', '06_delete_entry_data', 'delete_tables', 'manual__2025-06-11T18:48:39.891777+00:00', '--job-id', '900', '--raw', '--subdir', 'DAGS_FOLDER/06_delete_files_tables.py', '--cfg-path', '/tmp/tmp0vrs9ae6']
[2025-06-11T18:48:42.119+0000] {standard_task_runner.py:105} INFO - Job 900: Subtask delete_tables
[2025-06-11T18:48:42.185+0000] {task_command.py:467} INFO - Running <TaskInstance: 06_delete_entry_data.delete_tables manual__2025-06-11T18:48:39.891777+00:00 [running]> on host 28e6a58e4107
[2025-06-11T18:48:42.310+0000] {taskinstance.py:3132} INFO - Exporting env vars: AIRFLOW_CTX_DAG_OWNER='***' AIRFLOW_CTX_DAG_ID='06_delete_entry_data' AIRFLOW_CTX_TASK_ID='delete_tables' AIRFLOW_CTX_EXECUTION_DATE='2025-06-11T18:48:39.891777+00:00' AIRFLOW_CTX_TRY_NUMBER='1' AIRFLOW_CTX_DAG_RUN_ID='manual__2025-06-11T18:48:39.891777+00:00'
[2025-06-11T18:48:42.312+0000] {taskinstance.py:731} INFO - ::endgroup::
[2025-06-11T18:48:42.336+0000] {logging_mixin.py:190} INFO - Table entry.entry_mercadolivre successfully deleted.
[2025-06-11T18:48:42.337+0000] {logging_mixin.py:190} INFO - Table entry.entry_mercadolivre__context__flows successfully deleted.
[2025-06-11T18:48:42.338+0000] {logging_mixin.py:190} INFO - Table entry.entry_mercadolivre__mediations successfully deleted.
[2025-06-11T18:48:42.340+0000] {logging_mixin.py:190} INFO - Table entry.entry_mercadolivre__order_items successfully deleted.
[2025-06-11T18:48:42.341+0000] {logging_mixin.py:190} INFO - Table entry.entry_mercadolivre__order_items__item__variation_attributes successfully deleted.
[2025-06-11T18:48:42.342+0000] {logging_mixin.py:190} INFO - Table entry.entry_mercadolivre__payments successfully deleted.
[2025-06-11T18:48:42.343+0000] {logging_mixin.py:190} INFO - Table entry.entry_mercadolivre__payments__available_actions successfully deleted.
[2025-06-11T18:48:42.344+0000] {logging_mixin.py:190} INFO - Table entry.entry_mercadolivre__tags successfully deleted.
[2025-06-11T18:48:42.345+0000] {logging_mixin.py:190} INFO - Table entry.entry_mercadolivre_sh successfully deleted.
[2025-06-11T18:48:42.348+0000] {logging_mixin.py:190} INFO - Table entry.entry_mercadolivre_sh__destination__shipping_address__types successfully deleted.
[2025-06-11T18:48:42.350+0000] {logging_mixin.py:190} INFO - Table entry.entry_mercadolivre_sh__items_types successfully deleted.
[2025-06-11T18:48:42.353+0000] {logging_mixin.py:190} INFO - Table entry.entry_mercadolivre_sh__origin__shipping_address__types successfully deleted.
[2025-06-11T18:48:42.355+0000] {logging_mixin.py:190} INFO - Table entry.entry_mercadolivre_sh__tags successfully deleted.
[2025-06-11T18:48:42.356+0000] {logging_mixin.py:190} INFO - Table entry.entry_shopee successfully deleted.
[2025-06-11T18:48:42.358+0000] {logging_mixin.py:190} INFO - Table entry._dlt_loads successfully deleted.
[2025-06-11T18:48:42.360+0000] {logging_mixin.py:190} INFO - Table entry._dlt_pipeline_state successfully deleted.
[2025-06-11T18:48:42.361+0000] {logging_mixin.py:190} INFO - Table entry._dlt_version successfully deleted.
[2025-06-11T18:48:42.367+0000] {python.py:240} INFO - Done. Returned value was: None
[2025-06-11T18:48:42.384+0000] {taskinstance.py:340} INFO - ::group::Post task execution logs
[2025-06-11T18:48:42.385+0000] {taskinstance.py:352} INFO - Marking task as SUCCESS. dag_id=06_delete_entry_data, task_id=delete_tables, run_id=manual__2025-06-11T18:48:39.891777+00:00, execution_date=20250611T184839, start_date=20250611T184842, end_date=20250611T184842
[2025-06-11T18:48:42.410+0000] {local_task_job_runner.py:266} INFO - Task exited with return code 0
[2025-06-11T18:48:42.430+0000] {taskinstance.py:3895} INFO - 0 downstream tasks scheduled from follow-on schedule check
[2025-06-11T18:48:42.433+0000] {local_task_job_runner.py:245} INFO - ::endgroup::
