[2025-06-11T23:56:50.597+0000] {local_task_job_runner.py:123} INFO - ::group::Pre task execution logs
[2025-06-11T23:56:50.624+0000] {taskinstance.py:2613} INFO - Dependencies all met for dep_context=non-requeueable deps ti=<TaskInstance: 03_load_data_prod.load_shopee manual__2025-06-11T23:56:48.483355+00:00 [queued]>
[2025-06-11T23:56:50.634+0000] {taskinstance.py:2613} INFO - Dependencies all met for dep_context=requeueable deps ti=<TaskInstance: 03_load_data_prod.load_shopee manual__2025-06-11T23:56:48.483355+00:00 [queued]>
[2025-06-11T23:56:50.636+0000] {taskinstance.py:2866} INFO - Starting attempt 1 of 1
[2025-06-11T23:56:50.653+0000] {taskinstance.py:2889} INFO - Executing <Task(PythonOperator): load_shopee> on 2025-06-11 23:56:48.483355+00:00
[2025-06-11T23:56:50.659+0000] {standard_task_runner.py:72} INFO - Started process 7084 to run task
[2025-06-11T23:56:50.663+0000] {standard_task_runner.py:104} INFO - Running: ['***', 'tasks', 'run', '03_load_data_prod', 'load_shopee', 'manual__2025-06-11T23:56:48.483355+00:00', '--job-id', '974', '--raw', '--subdir', 'DAGS_FOLDER/03_load_data_prod.py', '--cfg-path', '/tmp/tmphuepqq1w']
[2025-06-11T23:56:50.666+0000] {standard_task_runner.py:105} INFO - Job 974: Subtask load_shopee
[2025-06-11T23:56:50.734+0000] {task_command.py:467} INFO - Running <TaskInstance: 03_load_data_prod.load_shopee manual__2025-06-11T23:56:48.483355+00:00 [running]> on host 28e6a58e4107
[2025-06-11T23:56:50.833+0000] {taskinstance.py:3132} INFO - Exporting env vars: AIRFLOW_CTX_DAG_OWNER='***' AIRFLOW_CTX_DAG_ID='03_load_data_prod' AIRFLOW_CTX_TASK_ID='load_shopee' AIRFLOW_CTX_EXECUTION_DATE='2025-06-11T23:56:48.483355+00:00' AIRFLOW_CTX_TRY_NUMBER='1' AIRFLOW_CTX_DAG_RUN_ID='manual__2025-06-11T23:56:48.483355+00:00'
[2025-06-11T23:56:50.835+0000] {taskinstance.py:731} INFO - ::endgroup::
[2025-06-11T23:56:51.531+0000] {logging_mixin.py:190} INFO - Loading file ./extraction/shopee/data/raw/prod/Order.completed.20240701_20240731.xlsx to prod sales_db
[2025-06-11T23:56:51.575+0000] {logging_mixin.py:190} INFO - Data in ./extraction/shopee/data/raw/prod/Order.completed.20240701_20240731.xlsx successfully loaded.
[2025-06-11T23:56:51.689+0000] {logging_mixin.py:190} INFO - Loading file ./extraction/shopee/data/raw/prod/Order.completed.20240801_20240831.xlsx to prod sales_db
[2025-06-11T23:56:51.734+0000] {logging_mixin.py:190} INFO - Data in ./extraction/shopee/data/raw/prod/Order.completed.20240801_20240831.xlsx successfully loaded.
[2025-06-11T23:56:51.850+0000] {logging_mixin.py:190} INFO - Loading file ./extraction/shopee/data/raw/prod/Order.completed.20240901_20240930.xlsx to prod sales_db
[2025-06-11T23:56:51.897+0000] {logging_mixin.py:190} INFO - Data in ./extraction/shopee/data/raw/prod/Order.completed.20240901_20240930.xlsx successfully loaded.
[2025-06-11T23:56:52.107+0000] {logging_mixin.py:190} INFO - Loading file ./extraction/shopee/data/raw/prod/Order.completed.20241001_20241031.xlsx to prod sales_db
[2025-06-11T23:56:52.197+0000] {logging_mixin.py:190} INFO - Data in ./extraction/shopee/data/raw/prod/Order.completed.20241001_20241031.xlsx successfully loaded.
[2025-06-11T23:56:52.504+0000] {logging_mixin.py:190} INFO - Loading file ./extraction/shopee/data/raw/prod/Order.completed.20241101_20241130.xlsx to prod sales_db
[2025-06-11T23:56:52.614+0000] {logging_mixin.py:190} INFO - Data in ./extraction/shopee/data/raw/prod/Order.completed.20241101_20241130.xlsx successfully loaded.
[2025-06-11T23:56:52.972+0000] {logging_mixin.py:190} INFO - Loading file ./extraction/shopee/data/raw/prod/Order.completed.20241201_20241231.xlsx to prod sales_db
[2025-06-11T23:56:53.063+0000] {logging_mixin.py:190} INFO - Data in ./extraction/shopee/data/raw/prod/Order.completed.20241201_20241231.xlsx successfully loaded.
[2025-06-11T23:56:53.259+0000] {logging_mixin.py:190} INFO - Loading file ./extraction/shopee/data/raw/prod/Order.completed.20250101_20250131.xlsx to prod sales_db
[2025-06-11T23:56:53.336+0000] {logging_mixin.py:190} INFO - Data in ./extraction/shopee/data/raw/prod/Order.completed.20250101_20250131.xlsx successfully loaded.
[2025-06-11T23:56:53.591+0000] {logging_mixin.py:190} INFO - Loading file ./extraction/shopee/data/raw/prod/Order.completed.20250201_20250228.xlsx to prod sales_db
[2025-06-11T23:56:53.686+0000] {logging_mixin.py:190} INFO - Data in ./extraction/shopee/data/raw/prod/Order.completed.20250201_20250228.xlsx successfully loaded.
[2025-06-11T23:56:54.008+0000] {logging_mixin.py:190} INFO - Loading file ./extraction/shopee/data/raw/prod/Order.completed.20250301_20250331.xlsx to prod sales_db
[2025-06-11T23:56:54.135+0000] {logging_mixin.py:190} INFO - Data in ./extraction/shopee/data/raw/prod/Order.completed.20250301_20250331.xlsx successfully loaded.
[2025-06-11T23:56:54.316+0000] {logging_mixin.py:190} INFO - Loading file ./extraction/shopee/data/raw/prod/Order.completed.20250401_20250430.xlsx to prod sales_db
[2025-06-11T23:56:54.390+0000] {logging_mixin.py:190} INFO - Data in ./extraction/shopee/data/raw/prod/Order.completed.20250401_20250430.xlsx successfully loaded.
[2025-06-11T23:56:54.392+0000] {logging_mixin.py:190} INFO - [WARNING] - file ./extraction/shopee/data/raw/prod/temp.txt does not have .xlsx extension and could not be loaded.
[2025-06-11T23:56:54.393+0000] {logging_mixin.py:190} INFO - All data successfully loaded!
[2025-06-11T23:56:54.394+0000] {python.py:240} INFO - Done. Returned value was: 1
[2025-06-11T23:56:54.420+0000] {taskinstance.py:340} INFO - ::group::Post task execution logs
[2025-06-11T23:56:54.422+0000] {taskinstance.py:352} INFO - Marking task as SUCCESS. dag_id=03_load_data_prod, task_id=load_shopee, run_id=manual__2025-06-11T23:56:48.483355+00:00, execution_date=20250611T235648, start_date=20250611T235650, end_date=20250611T235654
[2025-06-11T23:56:54.453+0000] {local_task_job_runner.py:266} INFO - Task exited with return code 0
[2025-06-11T23:56:54.478+0000] {taskinstance.py:3895} INFO - 0 downstream tasks scheduled from follow-on schedule check
[2025-06-11T23:56:54.481+0000] {local_task_job_runner.py:245} INFO - ::endgroup::
