[2025-05-29T12:49:48.359+0000] {local_task_job_runner.py:123} INFO - ::group::Pre task execution logs
[2025-05-29T12:49:48.376+0000] {taskinstance.py:2613} INFO - Dependencies all met for dep_context=non-requeueable deps ti=<TaskInstance: 00_create_IAC.create_schemas manual__2025-05-29T12:49:39.965571+00:00 [queued]>
[2025-05-29T12:49:48.383+0000] {taskinstance.py:2613} INFO - Dependencies all met for dep_context=requeueable deps ti=<TaskInstance: 00_create_IAC.create_schemas manual__2025-05-29T12:49:39.965571+00:00 [queued]>
[2025-05-29T12:49:48.385+0000] {taskinstance.py:2866} INFO - Starting attempt 1 of 1
[2025-05-29T12:49:48.397+0000] {taskinstance.py:2889} INFO - Executing <Task(PythonOperator): create_schemas> on 2025-05-29 12:49:39.965571+00:00
[2025-05-29T12:49:48.401+0000] {standard_task_runner.py:72} INFO - Started process 247 to run task
[2025-05-29T12:49:48.403+0000] {standard_task_runner.py:104} INFO - Running: ['***', 'tasks', 'run', '00_create_IAC', 'create_schemas', 'manual__2025-05-29T12:49:39.965571+00:00', '--job-id', '259', '--raw', '--subdir', 'DAGS_FOLDER/00_create_iac.py', '--cfg-path', '/tmp/tmptyoxii8_']
[2025-05-29T12:49:48.405+0000] {standard_task_runner.py:105} INFO - Job 259: Subtask create_schemas
[2025-05-29T12:49:48.452+0000] {task_command.py:467} INFO - Running <TaskInstance: 00_create_IAC.create_schemas manual__2025-05-29T12:49:39.965571+00:00 [running]> on host 950204866fda
[2025-05-29T12:49:48.528+0000] {taskinstance.py:3132} INFO - Exporting env vars: AIRFLOW_CTX_DAG_OWNER='***' AIRFLOW_CTX_DAG_ID='00_create_IAC' AIRFLOW_CTX_TASK_ID='create_schemas' AIRFLOW_CTX_EXECUTION_DATE='2025-05-29T12:49:39.965571+00:00' AIRFLOW_CTX_TRY_NUMBER='1' AIRFLOW_CTX_DAG_RUN_ID='manual__2025-05-29T12:49:39.965571+00:00'
[2025-05-29T12:49:48.529+0000] {taskinstance.py:731} INFO - ::endgroup::
[2025-05-29T12:49:48.540+0000] {logging_mixin.py:190} INFO - Running ['terraform', '--version']
[2025-05-29T12:49:48.578+0000] {logging_mixin.py:190} INFO - ['terraform', '--version'] ran successfully.
[2025-05-29T12:49:48.579+0000] {logging_mixin.py:190} INFO - Running ['terraform', 'init']
[2025-05-29T12:49:49.506+0000] {logging_mixin.py:190} INFO - ['terraform', 'init'] ran successfully.
[2025-05-29T12:49:49.507+0000] {logging_mixin.py:190} INFO - Running ['terraform', 'apply', '-auto-approve']
[2025-05-29T12:49:52.654+0000] {logging_mixin.py:190} INFO - ['terraform', 'apply', '-auto-approve'] ran successfully.
[2025-05-29T12:49:52.655+0000] {python.py:240} INFO - Done. Returned value was: None
[2025-05-29T12:49:52.667+0000] {taskinstance.py:340} INFO - ::group::Post task execution logs
[2025-05-29T12:49:52.668+0000] {taskinstance.py:352} INFO - Marking task as SUCCESS. dag_id=00_create_IAC, task_id=create_schemas, run_id=manual__2025-05-29T12:49:39.965571+00:00, execution_date=20250529T124939, start_date=20250529T124948, end_date=20250529T124952
[2025-05-29T12:49:52.709+0000] {local_task_job_runner.py:266} INFO - Task exited with return code 0
[2025-05-29T12:49:52.726+0000] {taskinstance.py:3895} INFO - 0 downstream tasks scheduled from follow-on schedule check
[2025-05-29T12:49:52.730+0000] {local_task_job_runner.py:245} INFO - ::endgroup::
