[2025-05-22T17:38:20.976+0000] {local_task_job_runner.py:123} INFO - ::group::Pre task execution logs
[2025-05-22T17:38:20.995+0000] {taskinstance.py:2613} INFO - Dependencies all met for dep_context=non-requeueable deps ti=<TaskInstance: 04_transform_data.run_dbt manual__2025-05-22T17:38:19.132863+00:00 [queued]>
[2025-05-22T17:38:21.004+0000] {taskinstance.py:2613} INFO - Dependencies all met for dep_context=requeueable deps ti=<TaskInstance: 04_transform_data.run_dbt manual__2025-05-22T17:38:19.132863+00:00 [queued]>
[2025-05-22T17:38:21.005+0000] {taskinstance.py:2866} INFO - Starting attempt 1 of 1
[2025-05-22T17:38:21.018+0000] {taskinstance.py:2889} INFO - Executing <Task(PythonOperator): run_dbt> on 2025-05-22 17:38:19.132863+00:00
[2025-05-22T17:38:21.023+0000] {standard_task_runner.py:72} INFO - Started process 2564 to run task
[2025-05-22T17:38:21.026+0000] {standard_task_runner.py:104} INFO - Running: ['***', 'tasks', 'run', '04_transform_data', 'run_dbt', 'manual__2025-05-22T17:38:19.132863+00:00', '--job-id', '188', '--raw', '--subdir', 'DAGS_FOLDER/04_transform_data.py', '--cfg-path', '/tmp/tmpdbijb1ds']
[2025-05-22T17:38:21.028+0000] {standard_task_runner.py:105} INFO - Job 188: Subtask run_dbt
[2025-05-22T17:38:21.079+0000] {task_command.py:467} INFO - Running <TaskInstance: 04_transform_data.run_dbt manual__2025-05-22T17:38:19.132863+00:00 [running]> on host e27e96d1841a
[2025-05-22T17:38:21.164+0000] {taskinstance.py:3132} INFO - Exporting env vars: AIRFLOW_CTX_DAG_OWNER='***' AIRFLOW_CTX_DAG_ID='04_transform_data' AIRFLOW_CTX_TASK_ID='run_dbt' AIRFLOW_CTX_EXECUTION_DATE='2025-05-22T17:38:19.132863+00:00' AIRFLOW_CTX_TRY_NUMBER='1' AIRFLOW_CTX_DAG_RUN_ID='manual__2025-05-22T17:38:19.132863+00:00'
[2025-05-22T17:38:21.165+0000] {taskinstance.py:731} INFO - ::endgroup::
[2025-05-22T17:38:22.857+0000] {logging_mixin.py:190} INFO - 17:38:22  Running with dbt=1.9.4
[2025-05-22T17:38:23.214+0000] {logging_mixin.py:190} INFO - 17:38:23  Registered adapter: postgres=1.9.0
[2025-05-22T17:38:23.838+0000] {logging_mixin.py:190} INFO - 17:38:23  [WARNING]: Configuration paths exist in your dbt_project.yml file which do not apply to any resources.
There are 1 unused configuration paths:
- models.e_commerce_sales.example
[2025-05-22T17:38:24.167+0000] {logging_mixin.py:190} INFO - 17:38:24  Found 11 models, 12 sources, 433 macros
[2025-05-22T17:38:24.172+0000] {logging_mixin.py:190} INFO - 17:38:24
[2025-05-22T17:38:24.174+0000] {logging_mixin.py:190} INFO - 17:38:24  Concurrency: 4 threads (target='dev')
[2025-05-22T17:38:24.175+0000] {logging_mixin.py:190} INFO - 17:38:24
[2025-05-22T17:38:24.311+0000] {logging_mixin.py:190} INFO - 17:38:24  1 of 11 START sql incremental model sales.mercadolivre_orders_results .......... [RUN]
[2025-05-22T17:38:24.313+0000] {logging_mixin.py:190} INFO - 17:38:24  2 of 11 START sql incremental model sales.shopee_new_id ........................ [RUN]
[2025-05-22T17:38:24.687+0000] {logging_mixin.py:190} INFO - 17:38:24  2 of 11 OK created sql incremental model sales.shopee_new_id ................... [MERGE 0 in 0.37s]
[2025-05-22T17:38:24.689+0000] {logging_mixin.py:190} INFO - 17:38:24  1 of 11 OK created sql incremental model sales.mercadolivre_orders_results ..... [MERGE 292 in 0.37s]
[2025-05-22T17:38:24.696+0000] {logging_mixin.py:190} INFO - 17:38:24  3 of 11 START sql incremental model sales.shopee_orders_results ................ [RUN]
[2025-05-22T17:38:24.702+0000] {logging_mixin.py:190} INFO - 17:38:24  4 of 11 START sql incremental model sales.dim_mercadolivre_buyer ............... [RUN]
[2025-05-22T17:38:24.704+0000] {logging_mixin.py:190} INFO - 17:38:24  5 of 11 START sql incremental model sales.dim_mercadolivre_date ................ [RUN]
[2025-05-22T17:38:24.706+0000] {logging_mixin.py:190} INFO - 17:38:24  6 of 11 START sql incremental model sales.dim_mercadolivre_orders_status ....... [RUN]
[2025-05-22T17:38:24.955+0000] {logging_mixin.py:190} INFO - 17:38:24  3 of 11 OK created sql incremental model sales.shopee_orders_results ........... [SELECT 2727 in 0.25s]
[2025-05-22T17:38:24.972+0000] {logging_mixin.py:190} INFO - 17:38:24  7 of 11 START sql incremental model sales.dim_mercadolivre_product ............. [RUN]
[2025-05-22T17:38:25.033+0000] {logging_mixin.py:190} INFO - 17:38:25  5 of 11 OK created sql incremental model sales.dim_mercadolivre_date ........... [MERGE 203 in 0.32s]
[2025-05-22T17:38:25.035+0000] {logging_mixin.py:190} INFO - 17:38:25  6 of 11 OK created sql incremental model sales.dim_mercadolivre_orders_status .. [MERGE 190 in 0.30s]
[2025-05-22T17:38:25.037+0000] {logging_mixin.py:190} INFO - 17:38:25  4 of 11 OK created sql incremental model sales.dim_mercadolivre_buyer .......... [MERGE 188 in 0.32s]
[2025-05-22T17:38:25.045+0000] {logging_mixin.py:190} INFO - 17:38:25  8 of 11 START sql incremental model sales.dim_shopee_buyer_id .................. [RUN]
[2025-05-22T17:38:25.048+0000] {logging_mixin.py:190} INFO - 17:38:25  9 of 11 START sql incremental model sales.dim_shopee_date ...................... [RUN]
[2025-05-22T17:38:25.055+0000] {logging_mixin.py:190} INFO - 17:38:25  10 of 11 START sql incremental model sales.dim_shopee_orders_status ............ [RUN]
[2025-05-22T17:38:25.225+0000] {logging_mixin.py:190} INFO - 17:38:25  7 of 11 OK created sql incremental model sales.dim_mercadolivre_product ........ [MERGE 186 in 0.24s]
[2025-05-22T17:38:25.250+0000] {logging_mixin.py:190} INFO - 17:38:25  11 of 11 START sql incremental model sales.dim_shopee_product .................. [RUN]
[2025-05-22T17:38:25.311+0000] {logging_mixin.py:190} INFO - 17:38:25  8 of 11 OK created sql incremental model sales.dim_shopee_buyer_id ............. [MERGE 0 in 0.25s]
[2025-05-22T17:38:25.321+0000] {logging_mixin.py:190} INFO - 17:38:25  9 of 11 OK created sql incremental model sales.dim_shopee_date ................. [MERGE 0 in 0.26s]
[2025-05-22T17:38:25.326+0000] {logging_mixin.py:190} INFO - 17:38:25  10 of 11 OK created sql incremental model sales.dim_shopee_orders_status ....... [MERGE 0 in 0.26s]
[2025-05-22T17:38:25.392+0000] {logging_mixin.py:190} INFO - 17:38:25  11 of 11 OK created sql incremental model sales.dim_shopee_product ............. [MERGE 0 in 0.13s]
[2025-05-22T17:38:25.418+0000] {logging_mixin.py:190} INFO - 17:38:25
[2025-05-22T17:38:25.419+0000] {logging_mixin.py:190} INFO - 17:38:25  Finished running 11 incremental models in 0 hours 0 minutes and 1.24 seconds (1.24s).
[2025-05-22T17:38:25.488+0000] {logging_mixin.py:190} INFO - 17:38:25
[2025-05-22T17:38:25.490+0000] {logging_mixin.py:190} INFO - 17:38:25  Completed successfully
[2025-05-22T17:38:25.491+0000] {logging_mixin.py:190} INFO - 17:38:25
[2025-05-22T17:38:25.493+0000] {logging_mixin.py:190} INFO - 17:38:25  Done. PASS=11 WARN=0 ERROR=0 SKIP=0 TOTAL=11
[2025-05-22T17:38:26.417+0000] {logging_mixin.py:190} INFO - Transformation sucessfully done.
[2025-05-22T17:38:26.421+0000] {python.py:240} INFO - Done. Returned value was: None
[2025-05-22T17:38:26.439+0000] {taskinstance.py:340} INFO - ::group::Post task execution logs
[2025-05-22T17:38:26.440+0000] {taskinstance.py:352} INFO - Marking task as SUCCESS. dag_id=04_transform_data, task_id=run_dbt, run_id=manual__2025-05-22T17:38:19.132863+00:00, execution_date=20250522T173819, start_date=20250522T173820, end_date=20250522T173826
[2025-05-22T17:38:26.475+0000] {local_task_job_runner.py:266} INFO - Task exited with return code 0
[2025-05-22T17:38:26.493+0000] {taskinstance.py:3895} INFO - 0 downstream tasks scheduled from follow-on schedule check
[2025-05-22T17:38:26.496+0000] {local_task_job_runner.py:245} INFO - ::endgroup::
