[2025-06-06T19:58:14.189+0000] {local_task_job_runner.py:123} INFO - ::group::Pre task execution logs
[2025-06-06T19:58:14.210+0000] {taskinstance.py:2613} INFO - Dependencies all met for dep_context=non-requeueable deps ti=<TaskInstance: 05_transform_data.install_dbt_deps manual__2025-06-06T19:58:11.922820+00:00 [queued]>
[2025-06-06T19:58:14.220+0000] {taskinstance.py:2613} INFO - Dependencies all met for dep_context=requeueable deps ti=<TaskInstance: 05_transform_data.install_dbt_deps manual__2025-06-06T19:58:11.922820+00:00 [queued]>
[2025-06-06T19:58:14.221+0000] {taskinstance.py:2866} INFO - Starting attempt 1 of 1
[2025-06-06T19:58:14.236+0000] {taskinstance.py:2889} INFO - Executing <Task(PythonOperator): install_dbt_deps> on 2025-06-06 19:58:11.922820+00:00
[2025-06-06T19:58:14.241+0000] {standard_task_runner.py:72} INFO - Started process 4107 to run task
[2025-06-06T19:58:14.245+0000] {standard_task_runner.py:104} INFO - Running: ['***', 'tasks', 'run', '05_transform_data', 'install_dbt_deps', 'manual__2025-06-06T19:58:11.922820+00:00', '--job-id', '421', '--raw', '--subdir', 'DAGS_FOLDER/05_transform_data.py', '--cfg-path', '/tmp/tmp0vl_x8bx']
[2025-06-06T19:58:14.247+0000] {standard_task_runner.py:105} INFO - Job 421: Subtask install_dbt_deps
[2025-06-06T19:58:14.302+0000] {task_command.py:467} INFO - Running <TaskInstance: 05_transform_data.install_dbt_deps manual__2025-06-06T19:58:11.922820+00:00 [running]> on host 28e6a58e4107
[2025-06-06T19:58:14.395+0000] {taskinstance.py:3132} INFO - Exporting env vars: AIRFLOW_CTX_DAG_OWNER='***' AIRFLOW_CTX_DAG_ID='05_transform_data' AIRFLOW_CTX_TASK_ID='install_dbt_deps' AIRFLOW_CTX_EXECUTION_DATE='2025-06-06T19:58:11.922820+00:00' AIRFLOW_CTX_TRY_NUMBER='1' AIRFLOW_CTX_DAG_RUN_ID='manual__2025-06-06T19:58:11.922820+00:00'
[2025-06-06T19:58:14.397+0000] {taskinstance.py:731} INFO - ::endgroup::
[2025-06-06T19:58:16.065+0000] {logging_mixin.py:190} INFO - 19:58:16  Running with dbt=1.9.5
[2025-06-06T19:58:16.825+0000] {logging_mixin.py:190} INFO - 19:58:16  Installing dbt-labs/dbt_utils
[2025-06-06T19:58:20.195+0000] {logging_mixin.py:190} INFO - 19:58:20  Installed from version 1.2.0
[2025-06-06T19:58:20.198+0000] {logging_mixin.py:190} INFO - 19:58:20  Updated version available: 1.3.0
[2025-06-06T19:58:20.201+0000] {logging_mixin.py:190} INFO - 19:58:20
[2025-06-06T19:58:20.203+0000] {logging_mixin.py:190} INFO - 19:58:20  Updates available for packages: ['dbt-labs/dbt_utils']                 
Update your versions in packages.yml, then run dbt deps
[2025-06-06T19:58:20.894+0000] {logging_mixin.py:190} INFO - Dependencies sucessfully installed.
[2025-06-06T19:58:20.895+0000] {python.py:240} INFO - Done. Returned value was: None
[2025-06-06T19:58:20.912+0000] {taskinstance.py:340} INFO - ::group::Post task execution logs
[2025-06-06T19:58:20.913+0000] {taskinstance.py:352} INFO - Marking task as SUCCESS. dag_id=05_transform_data, task_id=install_dbt_deps, run_id=manual__2025-06-06T19:58:11.922820+00:00, execution_date=20250606T195811, start_date=20250606T195814, end_date=20250606T195820
[2025-06-06T19:58:20.958+0000] {local_task_job_runner.py:266} INFO - Task exited with return code 0
[2025-06-06T19:58:20.981+0000] {taskinstance.py:3895} INFO - 1 downstream tasks scheduled from follow-on schedule check
[2025-06-06T19:58:20.984+0000] {local_task_job_runner.py:245} INFO - ::endgroup::
