[2025-06-06T18:29:09.893+0000] {local_task_job_runner.py:123} INFO - ::group::Pre task execution logs
[2025-06-06T18:29:09.913+0000] {taskinstance.py:2613} INFO - Dependencies all met for dep_context=non-requeueable deps ti=<TaskInstance: 04_transform_data.run_dbt manual__2025-06-06T18:28:59.329145+00:00 [queued]>
[2025-06-06T18:29:09.922+0000] {taskinstance.py:2613} INFO - Dependencies all met for dep_context=requeueable deps ti=<TaskInstance: 04_transform_data.run_dbt manual__2025-06-06T18:28:59.329145+00:00 [queued]>
[2025-06-06T18:29:09.923+0000] {taskinstance.py:2866} INFO - Starting attempt 1 of 1
[2025-06-06T18:29:09.936+0000] {taskinstance.py:2889} INFO - Executing <Task(PythonOperator): run_dbt> on 2025-06-06 18:28:59.329145+00:00
[2025-06-06T18:29:09.942+0000] {standard_task_runner.py:72} INFO - Started process 1337 to run task
[2025-06-06T18:29:09.945+0000] {standard_task_runner.py:104} INFO - Running: ['***', 'tasks', 'run', '04_transform_data', 'run_dbt', 'manual__2025-06-06T18:28:59.329145+00:00', '--job-id', '380', '--raw', '--subdir', 'DAGS_FOLDER/04_transform_data.py', '--cfg-path', '/tmp/tmpf28w1l3w']
[2025-06-06T18:29:09.948+0000] {standard_task_runner.py:105} INFO - Job 380: Subtask run_dbt
[2025-06-06T18:29:10.010+0000] {task_command.py:467} INFO - Running <TaskInstance: 04_transform_data.run_dbt manual__2025-06-06T18:28:59.329145+00:00 [running]> on host 28e6a58e4107
[2025-06-06T18:29:10.107+0000] {taskinstance.py:3132} INFO - Exporting env vars: AIRFLOW_CTX_DAG_OWNER='***' AIRFLOW_CTX_DAG_ID='04_transform_data' AIRFLOW_CTX_TASK_ID='run_dbt' AIRFLOW_CTX_EXECUTION_DATE='2025-06-06T18:28:59.329145+00:00' AIRFLOW_CTX_TRY_NUMBER='1' AIRFLOW_CTX_DAG_RUN_ID='manual__2025-06-06T18:28:59.329145+00:00'
[2025-06-06T18:29:10.109+0000] {taskinstance.py:731} INFO - ::endgroup::
[2025-06-06T18:29:11.848+0000] {logging_mixin.py:190} INFO - 18:29:11  Running with dbt=1.9.5
[2025-06-06T18:29:12.256+0000] {logging_mixin.py:190} INFO - 18:29:12  Registered adapter: postgres=1.9.0
[2025-06-06T18:29:14.308+0000] {logging_mixin.py:190} INFO - 18:29:14  [WARNING]: Configuration paths exist in your dbt_project.yml file which do not apply to any resources.
There are 1 unused configuration paths:
- models.e_commerce_sales.example
[2025-06-06T18:29:14.525+0000] {logging_mixin.py:190} INFO - 18:29:14  Found 15 models, 12 sources, 549 macros, 1 unit test
[2025-06-06T18:29:14.530+0000] {logging_mixin.py:190} INFO - 18:29:14
[2025-06-06T18:29:14.531+0000] {logging_mixin.py:190} INFO - 18:29:14  Concurrency: 4 threads (target='dev')
[2025-06-06T18:29:14.533+0000] {logging_mixin.py:190} INFO - 18:29:14
[2025-06-06T18:29:14.678+0000] {logging_mixin.py:190} INFO - 18:29:14  1 of 15 START sql incremental model sales.mercadolivre_orders_results .......... [RUN]
[2025-06-06T18:29:14.680+0000] {logging_mixin.py:190} INFO - 18:29:14  2 of 15 START sql incremental model sales.stg_shopee ........................... [RUN]
[2025-06-06T18:29:14.681+0000] {logging_mixin.py:190} INFO - 18:29:14  3 of 15 START sql view model sales.sum_shopee_monthly_profit ................... [RUN]
[2025-06-06T18:29:14.683+0000] {logging_mixin.py:190} INFO - 18:29:14  4 of 15 START sql view model sales.sum_shopee_monthly_revenue .................. [RUN]
[2025-06-06T18:29:15.195+0000] {logging_mixin.py:190} INFO - 18:29:15  4 of 15 OK created sql view model sales.sum_shopee_monthly_revenue ............. [CREATE VIEW in 0.49s]
[2025-06-06T18:29:15.202+0000] {logging_mixin.py:190} INFO - 18:29:15  3 of 15 OK created sql view model sales.sum_shopee_monthly_profit .............. [CREATE VIEW in 0.51s]
[2025-06-06T18:29:15.226+0000] {logging_mixin.py:190} INFO - 18:29:15  2 of 15 OK created sql incremental model sales.stg_shopee ...................... [MERGE 0 in 0.54s]
[2025-06-06T18:29:15.232+0000] {logging_mixin.py:190} INFO - 18:29:15  1 of 15 OK created sql incremental model sales.mercadolivre_orders_results ..... [MERGE 190 in 0.55s]
[2025-06-06T18:29:15.236+0000] {logging_mixin.py:190} INFO - 18:29:15  5 of 15 START sql incremental model sales.shopee_new_id ........................ [RUN]
[2025-06-06T18:29:15.241+0000] {logging_mixin.py:190} INFO - 18:29:15  6 of 15 START sql incremental model sales.dim_mercadolivre_buyer ............... [RUN]
[2025-06-06T18:29:15.243+0000] {logging_mixin.py:190} INFO - 18:29:15  7 of 15 START sql incremental model sales.dim_mercadolivre_date ................ [RUN]
[2025-06-06T18:29:15.245+0000] {logging_mixin.py:190} INFO - 18:29:15  8 of 15 START sql incremental model sales.dim_mercadolivre_orders_status ....... [RUN]
[2025-06-06T18:29:15.502+0000] {logging_mixin.py:190} INFO - 18:29:15  5 of 15 OK created sql incremental model sales.shopee_new_id ................... [MERGE 0 in 0.26s]
[2025-06-06T18:29:15.524+0000] {logging_mixin.py:190} INFO - 18:29:15  9 of 15 START sql incremental model sales.dim_mercadolivre_product ............. [RUN]
[2025-06-06T18:29:15.570+0000] {logging_mixin.py:190} INFO - 18:29:15  8 of 15 OK created sql incremental model sales.dim_mercadolivre_orders_status .. [MERGE 190 in 0.31s]
[2025-06-06T18:29:15.573+0000] {logging_mixin.py:190} INFO - 18:29:15  6 of 15 OK created sql incremental model sales.dim_mercadolivre_buyer .......... [MERGE 188 in 0.32s]
[2025-06-06T18:29:15.593+0000] {logging_mixin.py:190} INFO - 18:29:15  10 of 15 START sql incremental model sales.shopee_orders_results ............... [RUN]
[2025-06-06T18:29:15.621+0000] {logging_mixin.py:190} INFO - 18:29:15  7 of 15 OK created sql incremental model sales.dim_mercadolivre_date ........... [MERGE 190 in 0.36s]
[2025-06-06T18:29:15.744+0000] {logging_mixin.py:190} INFO - 18:29:15  10 of 15 OK created sql incremental model sales.shopee_orders_results .......... [MERGE 0 in 0.14s]
[2025-06-06T18:29:15.753+0000] {logging_mixin.py:190} INFO - 18:29:15  11 of 15 START sql incremental model sales.dim_shopee_buyer .................... [RUN]
[2025-06-06T18:29:15.755+0000] {logging_mixin.py:190} INFO - 18:29:15  12 of 15 START sql incremental model sales.dim_shopee_date ..................... [RUN]
[2025-06-06T18:29:15.757+0000] {logging_mixin.py:190} INFO - 18:29:15  13 of 15 START sql incremental model sales.dim_shopee_orders_status ............ [RUN]
[2025-06-06T18:29:15.799+0000] {logging_mixin.py:190} INFO - 18:29:15  9 of 15 OK created sql incremental model sales.dim_mercadolivre_product ........ [MERGE 65 in 0.27s]
[2025-06-06T18:29:15.805+0000] {logging_mixin.py:190} INFO - 18:29:15  14 of 15 START sql incremental model sales.dim_shopee_product .................. [RUN]
[2025-06-06T18:29:16.068+0000] {logging_mixin.py:190} INFO - 18:29:16  12 of 15 OK created sql incremental model sales.dim_shopee_date ................ [MERGE 0 in 0.30s]
[2025-06-06T18:29:16.070+0000] {logging_mixin.py:190} INFO - 18:29:16  13 of 15 OK created sql incremental model sales.dim_shopee_orders_status ....... [MERGE 0 in 0.30s]
[2025-06-06T18:29:16.071+0000] {logging_mixin.py:190} INFO - 18:29:16  11 of 15 OK created sql incremental model sales.dim_shopee_buyer ............... [MERGE 0 in 0.31s]
[2025-06-06T18:29:16.083+0000] {logging_mixin.py:190} INFO - 18:29:16  14 of 15 OK created sql incremental model sales.dim_shopee_product ............. [MERGE 0 in 0.25s]
[2025-06-06T18:29:16.088+0000] {logging_mixin.py:190} INFO - 18:29:16  15 of 15 START sql view model sales.sum_shopee_products_sold ................... [RUN]
[2025-06-06T18:29:16.169+0000] {logging_mixin.py:190} INFO - 18:29:16  15 of 15 OK created sql view model sales.sum_shopee_products_sold .............. [CREATE VIEW in 0.08s]
[2025-06-06T18:29:16.194+0000] {logging_mixin.py:190} INFO - 18:29:16
[2025-06-06T18:29:16.196+0000] {logging_mixin.py:190} INFO - 18:29:16  Finished running 12 incremental models, 3 view models in 0 hours 0 minutes and 1.66 seconds (1.66s).
[2025-06-06T18:29:16.281+0000] {logging_mixin.py:190} INFO - 18:29:16
[2025-06-06T18:29:16.283+0000] {logging_mixin.py:190} INFO - 18:29:16  Completed successfully
[2025-06-06T18:29:16.284+0000] {logging_mixin.py:190} INFO - 18:29:16
[2025-06-06T18:29:16.286+0000] {logging_mixin.py:190} INFO - 18:29:16  Done. PASS=15 WARN=0 ERROR=0 SKIP=0 TOTAL=15
[2025-06-06T18:29:17.161+0000] {logging_mixin.py:190} INFO - Transformation sucessfully done.
[2025-06-06T18:29:17.165+0000] {python.py:240} INFO - Done. Returned value was: None
[2025-06-06T18:29:17.189+0000] {taskinstance.py:340} INFO - ::group::Post task execution logs
[2025-06-06T18:29:17.191+0000] {taskinstance.py:352} INFO - Marking task as SUCCESS. dag_id=04_transform_data, task_id=run_dbt, run_id=manual__2025-06-06T18:28:59.329145+00:00, execution_date=20250606T182859, start_date=20250606T182909, end_date=20250606T182917
[2025-06-06T18:29:17.235+0000] {local_task_job_runner.py:266} INFO - Task exited with return code 0
[2025-06-06T18:29:17.266+0000] {taskinstance.py:3895} INFO - 0 downstream tasks scheduled from follow-on schedule check
[2025-06-06T18:29:17.270+0000] {local_task_job_runner.py:245} INFO - ::endgroup::
