[2025-06-09T19:06:21.211+0000] {local_task_job_runner.py:123} INFO - ::group::Pre task execution logs
[2025-06-09T19:06:21.229+0000] {taskinstance.py:2613} INFO - Dependencies all met for dep_context=non-requeueable deps ti=<TaskInstance: 03_load_data.load_prod_cost manual__2025-06-09T19:06:18.246065+00:00 [queued]>
[2025-06-09T19:06:21.238+0000] {taskinstance.py:2613} INFO - Dependencies all met for dep_context=requeueable deps ti=<TaskInstance: 03_load_data.load_prod_cost manual__2025-06-09T19:06:18.246065+00:00 [queued]>
[2025-06-09T19:06:21.240+0000] {taskinstance.py:2866} INFO - Starting attempt 1 of 1
[2025-06-09T19:06:21.254+0000] {taskinstance.py:2889} INFO - Executing <Task(PythonOperator): load_prod_cost> on 2025-06-09 19:06:18.246065+00:00
[2025-06-09T19:06:21.259+0000] {standard_task_runner.py:72} INFO - Started process 108 to run task
[2025-06-09T19:06:21.263+0000] {standard_task_runner.py:104} INFO - Running: ['***', 'tasks', 'run', '03_load_data', 'load_prod_cost', 'manual__2025-06-09T19:06:18.246065+00:00', '--job-id', '502', '--raw', '--subdir', 'DAGS_FOLDER/03_load_data.py', '--cfg-path', '/tmp/tmp17_8spa4']
[2025-06-09T19:06:21.265+0000] {standard_task_runner.py:105} INFO - Job 502: Subtask load_prod_cost
[2025-06-09T19:06:21.317+0000] {task_command.py:467} INFO - Running <TaskInstance: 03_load_data.load_prod_cost manual__2025-06-09T19:06:18.246065+00:00 [running]> on host 28e6a58e4107
[2025-06-09T19:06:21.409+0000] {taskinstance.py:3132} INFO - Exporting env vars: AIRFLOW_CTX_DAG_OWNER='***' AIRFLOW_CTX_DAG_ID='03_load_data' AIRFLOW_CTX_TASK_ID='load_prod_cost' AIRFLOW_CTX_EXECUTION_DATE='2025-06-09T19:06:18.246065+00:00' AIRFLOW_CTX_TRY_NUMBER='1' AIRFLOW_CTX_DAG_RUN_ID='manual__2025-06-09T19:06:18.246065+00:00'
[2025-06-09T19:06:21.411+0000] {taskinstance.py:731} INFO - ::endgroup::
[2025-06-09T19:06:22.023+0000] {logging_mixin.py:190} INFO - column begin_date is datetime64[ns, UTC]
[2025-06-09T19:06:22.023+0000] {logging_mixin.py:190} INFO - column end_date is datetime64[ns, UTC]
[2025-06-09T19:06:22.024+0000] {logging_mixin.py:190} INFO - Loading file /opt/***/cleaning/entry_data/clean/clean_cost_data.csv to sales_db
[2025-06-09T19:06:22.076+0000] {logging_mixin.py:190} INFO - Data in /opt/***/cleaning/entry_data/clean/clean_cost_data.csv successfully loaded.
[2025-06-09T19:06:22.077+0000] {python.py:240} INFO - Done. Returned value was: None
[2025-06-09T19:06:22.090+0000] {taskinstance.py:340} INFO - ::group::Post task execution logs
[2025-06-09T19:06:22.092+0000] {taskinstance.py:352} INFO - Marking task as SUCCESS. dag_id=03_load_data, task_id=load_prod_cost, run_id=manual__2025-06-09T19:06:18.246065+00:00, execution_date=20250609T190618, start_date=20250609T190621, end_date=20250609T190622
[2025-06-09T19:06:22.119+0000] {local_task_job_runner.py:266} INFO - Task exited with return code 0
[2025-06-09T19:06:22.137+0000] {taskinstance.py:3895} INFO - 0 downstream tasks scheduled from follow-on schedule check
[2025-06-09T19:06:22.139+0000] {local_task_job_runner.py:245} INFO - ::endgroup::
