[2025-06-23T17:42:03.856+0000] {local_task_job_runner.py:123} INFO - ::group::Pre task execution logs
[2025-06-23T17:42:03.876+0000] {taskinstance.py:2613} INFO - Dependencies all met for dep_context=non-requeueable deps ti=<TaskInstance: 06_delete_entry_data_prod.delete_tables manual__2025-06-23T17:42:01.500188+00:00 [queued]>
[2025-06-23T17:42:03.886+0000] {taskinstance.py:2613} INFO - Dependencies all met for dep_context=requeueable deps ti=<TaskInstance: 06_delete_entry_data_prod.delete_tables manual__2025-06-23T17:42:01.500188+00:00 [queued]>
[2025-06-23T17:42:03.887+0000] {taskinstance.py:2866} INFO - Starting attempt 1 of 1
[2025-06-23T17:42:03.901+0000] {taskinstance.py:2889} INFO - Executing <Task(PythonOperator): delete_tables> on 2025-06-23 17:42:01.500188+00:00
[2025-06-23T17:42:03.906+0000] {standard_task_runner.py:72} INFO - Started process 4201 to run task
[2025-06-23T17:42:03.910+0000] {standard_task_runner.py:104} INFO - Running: ['***', 'tasks', 'run', '06_delete_entry_data_prod', 'delete_tables', 'manual__2025-06-23T17:42:01.500188+00:00', '--job-id', '56', '--raw', '--subdir', 'DAGS_FOLDER/06_delete_files_tables_prod.py', '--cfg-path', '/tmp/tmplx1gqe1g']
[2025-06-23T17:42:03.912+0000] {standard_task_runner.py:105} INFO - Job 56: Subtask delete_tables
[2025-06-23T17:42:03.969+0000] {task_command.py:467} INFO - Running <TaskInstance: 06_delete_entry_data_prod.delete_tables manual__2025-06-23T17:42:01.500188+00:00 [running]> on host b208c9761688
[2025-06-23T17:42:04.069+0000] {taskinstance.py:3132} INFO - Exporting env vars: AIRFLOW_CTX_DAG_OWNER='***' AIRFLOW_CTX_DAG_ID='06_delete_entry_data_prod' AIRFLOW_CTX_TASK_ID='delete_tables' AIRFLOW_CTX_EXECUTION_DATE='2025-06-23T17:42:01.500188+00:00' AIRFLOW_CTX_TRY_NUMBER='1' AIRFLOW_CTX_DAG_RUN_ID='manual__2025-06-23T17:42:01.500188+00:00'
[2025-06-23T17:42:04.071+0000] {taskinstance.py:731} INFO - ::endgroup::
[2025-06-23T17:42:04.096+0000] {logging_mixin.py:190} INFO - Table entry.entry_mercadolivre successfully deleted.
[2025-06-23T17:42:04.098+0000] {logging_mixin.py:190} INFO - Table entry.entry_mercadolivre__context__flows successfully deleted.
[2025-06-23T17:42:04.099+0000] {logging_mixin.py:190} INFO - Table entry.entry_mercadolivre__mediations successfully deleted.
[2025-06-23T17:42:04.100+0000] {logging_mixin.py:190} INFO - Table entry.entry_mercadolivre__order_items successfully deleted.
[2025-06-23T17:42:04.102+0000] {logging_mixin.py:190} INFO - Table entry.entry_mercadolivre__order_items__item__variation_attributes successfully deleted.
[2025-06-23T17:42:04.104+0000] {logging_mixin.py:190} INFO - Table entry.entry_mercadolivre__payments successfully deleted.
[2025-06-23T17:42:04.105+0000] {logging_mixin.py:190} INFO - Table entry.entry_mercadolivre__payments__available_actions successfully deleted.
[2025-06-23T17:42:04.106+0000] {logging_mixin.py:190} INFO - Table entry.entry_mercadolivre__tags successfully deleted.
[2025-06-23T17:42:04.108+0000] {logging_mixin.py:190} INFO - Table entry.entry_mercadolivre_sh successfully deleted.
[2025-06-23T17:42:04.109+0000] {logging_mixin.py:190} INFO - Table entry.entry_mercadolivre_sh__destination__shipping_address__types successfully deleted.
[2025-06-23T17:42:04.110+0000] {logging_mixin.py:190} INFO - Table entry.entry_mercadolivre_sh__items_types successfully deleted.
[2025-06-23T17:42:04.111+0000] {logging_mixin.py:190} INFO - Table entry.entry_mercadolivre_sh__origin__shipping_address__types successfully deleted.
[2025-06-23T17:42:04.112+0000] {logging_mixin.py:190} INFO - Table entry.entry_mercadolivre_sh__tags successfully deleted.
[2025-06-23T17:42:04.113+0000] {logging_mixin.py:190} INFO - Table entry.entry_shopee successfully deleted.
[2025-06-23T17:42:04.114+0000] {logging_mixin.py:190} INFO - Table entry._dlt_loads successfully deleted.
[2025-06-23T17:42:04.116+0000] {logging_mixin.py:190} INFO - Table entry._dlt_pipeline_state successfully deleted.
[2025-06-23T17:42:04.117+0000] {logging_mixin.py:190} INFO - Table entry._dlt_version successfully deleted.
[2025-06-23T17:42:04.124+0000] {python.py:240} INFO - Done. Returned value was: None
[2025-06-23T17:42:04.136+0000] {taskinstance.py:340} INFO - ::group::Post task execution logs
[2025-06-23T17:42:04.137+0000] {taskinstance.py:352} INFO - Marking task as SUCCESS. dag_id=06_delete_entry_data_prod, task_id=delete_tables, run_id=manual__2025-06-23T17:42:01.500188+00:00, execution_date=20250623T174201, start_date=20250623T174203, end_date=20250623T174204
[2025-06-23T17:42:04.163+0000] {local_task_job_runner.py:266} INFO - Task exited with return code 0
[2025-06-23T17:42:04.186+0000] {taskinstance.py:3895} INFO - 0 downstream tasks scheduled from follow-on schedule check
[2025-06-23T17:42:04.189+0000] {local_task_job_runner.py:245} INFO - ::endgroup::
