[2025-06-10T22:24:39.827+0000] {local_task_job_runner.py:123} INFO - ::group::Pre task execution logs
[2025-06-10T22:24:39.846+0000] {taskinstance.py:2613} INFO - Dependencies all met for dep_context=non-requeueable deps ti=<TaskInstance: 05_transform_data.run_dbt manual__2025-06-10T22:24:31.102088+00:00 [queued]>
[2025-06-10T22:24:39.856+0000] {taskinstance.py:2613} INFO - Dependencies all met for dep_context=requeueable deps ti=<TaskInstance: 05_transform_data.run_dbt manual__2025-06-10T22:24:31.102088+00:00 [queued]>
[2025-06-10T22:24:39.857+0000] {taskinstance.py:2866} INFO - Starting attempt 1 of 1
[2025-06-10T22:24:39.870+0000] {taskinstance.py:2889} INFO - Executing <Task(PythonOperator): run_dbt> on 2025-06-10 22:24:31.102088+00:00
[2025-06-10T22:24:39.874+0000] {standard_task_runner.py:72} INFO - Started process 12040 to run task
[2025-06-10T22:24:39.877+0000] {standard_task_runner.py:104} INFO - Running: ['***', 'tasks', 'run', '05_transform_data', 'run_dbt', 'manual__2025-06-10T22:24:31.102088+00:00', '--job-id', '795', '--raw', '--subdir', 'DAGS_FOLDER/05_transform_data.py', '--cfg-path', '/tmp/tmpyr_krkta']
[2025-06-10T22:24:39.879+0000] {standard_task_runner.py:105} INFO - Job 795: Subtask run_dbt
[2025-06-10T22:24:39.937+0000] {task_command.py:467} INFO - Running <TaskInstance: 05_transform_data.run_dbt manual__2025-06-10T22:24:31.102088+00:00 [running]> on host 28e6a58e4107
[2025-06-10T22:24:40.028+0000] {taskinstance.py:3132} INFO - Exporting env vars: AIRFLOW_CTX_DAG_OWNER='***' AIRFLOW_CTX_DAG_ID='05_transform_data' AIRFLOW_CTX_TASK_ID='run_dbt' AIRFLOW_CTX_EXECUTION_DATE='2025-06-10T22:24:31.102088+00:00' AIRFLOW_CTX_TRY_NUMBER='1' AIRFLOW_CTX_DAG_RUN_ID='manual__2025-06-10T22:24:31.102088+00:00'
[2025-06-10T22:24:40.030+0000] {taskinstance.py:731} INFO - ::endgroup::
[2025-06-10T22:24:41.721+0000] {logging_mixin.py:190} INFO - 22:24:41  Running with dbt=1.9.5
[2025-06-10T22:24:42.098+0000] {logging_mixin.py:190} INFO - 22:24:42  Registered adapter: postgres=1.9.0
[2025-06-10T22:24:43.525+0000] {logging_mixin.py:190} INFO - 22:24:43  [WARNING]: Configuration paths exist in your dbt_project.yml file which do not apply to any resources.
There are 1 unused configuration paths:
- models.e_commerce_sales.example
[2025-06-10T22:24:43.894+0000] {logging_mixin.py:190} INFO - 22:24:43  Found 21 models, 12 sources, 549 macros, 1 unit test
[2025-06-10T22:24:43.899+0000] {logging_mixin.py:190} INFO - 22:24:43
[2025-06-10T22:24:43.901+0000] {logging_mixin.py:190} INFO - 22:24:43  Concurrency: 4 threads (target='dev')
[2025-06-10T22:24:43.903+0000] {logging_mixin.py:190} INFO - 22:24:43
[2025-06-10T22:24:44.085+0000] {logging_mixin.py:190} INFO - 22:24:44  1 of 21 START sql incremental model sales_stg.stg_mercadolivre ................. [RUN]
[2025-06-10T22:24:44.087+0000] {logging_mixin.py:190} INFO - 22:24:44  2 of 21 START sql incremental model sales_stg.stg_mercadolivre__order_items .... [RUN]
[2025-06-10T22:24:44.089+0000] {logging_mixin.py:190} INFO - 22:24:44  3 of 21 START sql incremental model sales_stg.stg_mercadolivre__payments ....... [RUN]
[2025-06-10T22:24:44.090+0000] {logging_mixin.py:190} INFO - 22:24:44  4 of 21 START sql incremental model sales_stg.stg_mercadolivre_sh .............. [RUN]
[2025-06-10T22:24:44.552+0000] {logging_mixin.py:190} INFO - 22:24:44  3 of 21 ERROR creating sql incremental model sales_stg.stg_mercadolivre__payments  [ERROR in 0.45s]
[2025-06-10T22:24:44.557+0000] {logging_mixin.py:190} INFO - 22:24:44  2 of 21 ERROR creating sql incremental model sales_stg.stg_mercadolivre__order_items  [ERROR in 0.46s]
[2025-06-10T22:24:44.559+0000] {logging_mixin.py:190} INFO - 22:24:44  1 of 21 ERROR creating sql incremental model sales_stg.stg_mercadolivre ........ [ERROR in 0.46s]
[2025-06-10T22:24:44.562+0000] {logging_mixin.py:190} INFO - 22:24:44  4 of 21 ERROR creating sql incremental model sales_stg.stg_mercadolivre_sh ..... [ERROR in 0.46s]
[2025-06-10T22:24:44.569+0000] {logging_mixin.py:190} INFO - 22:24:44  5 of 21 START sql incremental model sales_stg.stg_shopee ....................... [RUN]
[2025-06-10T22:24:44.587+0000] {logging_mixin.py:190} INFO - 22:24:44  6 of 21 SKIP relation sales.mercadolivre_orders_results ........................ [SKIP]
[2025-06-10T22:24:44.593+0000] {logging_mixin.py:190} INFO - 22:24:44  7 of 21 SKIP relation sales.dim_mercadolivre_buyer ............................. [SKIP]
[2025-06-10T22:24:44.595+0000] {logging_mixin.py:190} INFO - 22:24:44  8 of 21 SKIP relation sales.dim_mercadolivre_date .............................. [SKIP]
[2025-06-10T22:24:44.597+0000] {logging_mixin.py:190} INFO - 22:24:44  9 of 21 SKIP relation sales.dim_mercadolivre_orders_status ..................... [SKIP]
[2025-06-10T22:24:44.614+0000] {logging_mixin.py:190} INFO - 22:24:44  10 of 21 SKIP relation sales.dim_mercadolivre_product .......................... [SKIP]
[2025-06-10T22:24:44.616+0000] {logging_mixin.py:190} INFO - 22:24:44  11 of 21 SKIP relation sales.sum_mercadolivre_monthly_profit ................... [SKIP]
[2025-06-10T22:24:44.618+0000] {logging_mixin.py:190} INFO - 22:24:44  12 of 21 SKIP relation sales.sum_mercadolivre_monthly_revenue .................. [SKIP]
[2025-06-10T22:24:44.625+0000] {logging_mixin.py:190} INFO - 22:24:44  13 of 21 SKIP relation sales.sum_mercadolivre_monthly_sold ..................... [SKIP]
[2025-06-10T22:24:44.725+0000] {logging_mixin.py:190} INFO - 22:24:44  5 of 21 OK created sql incremental model sales_stg.stg_shopee .................. [MERGE 0 in 0.15s]
[2025-06-10T22:24:44.731+0000] {logging_mixin.py:190} INFO - 22:24:44  14 of 21 START sql incremental model sales.shopee_orders_results ............... [RUN]
[2025-06-10T22:24:44.930+0000] {logging_mixin.py:190} INFO - 22:24:44  14 of 21 OK created sql incremental model sales.shopee_orders_results .......... [MERGE 0 in 0.20s]
[2025-06-10T22:24:44.937+0000] {logging_mixin.py:190} INFO - 22:24:44  15 of 21 START sql incremental model sales.dim_shopee_buyer .................... [RUN]
[2025-06-10T22:24:44.939+0000] {logging_mixin.py:190} INFO - 22:24:44  16 of 21 START sql incremental model sales.dim_shopee_date ..................... [RUN]
[2025-06-10T22:24:44.940+0000] {logging_mixin.py:190} INFO - 22:24:44  17 of 21 START sql incremental model sales.dim_shopee_orders_status ............ [RUN]
[2025-06-10T22:24:44.941+0000] {logging_mixin.py:190} INFO - 22:24:44  18 of 21 START sql incremental model sales.dim_shopee_product .................. [RUN]
[2025-06-10T22:24:45.206+0000] {logging_mixin.py:190} INFO - 22:24:45  15 of 21 OK created sql incremental model sales.dim_shopee_buyer ............... [MERGE 0 in 0.26s]
[2025-06-10T22:24:45.220+0000] {logging_mixin.py:190} INFO - 22:24:45  18 of 21 OK created sql incremental model sales.dim_shopee_product ............. [MERGE 0 in 0.27s]
[2025-06-10T22:24:45.222+0000] {logging_mixin.py:190} INFO - 22:24:45  17 of 21 OK created sql incremental model sales.dim_shopee_orders_status ....... [MERGE 0 in 0.27s]
[2025-06-10T22:24:45.223+0000] {logging_mixin.py:190} INFO - 22:24:45  16 of 21 OK created sql incremental model sales.dim_shopee_date ................ [MERGE 0 in 0.27s]
[2025-06-10T22:24:45.232+0000] {logging_mixin.py:190} INFO - 22:24:45  19 of 21 START sql view model sales.sum_shopee_monthly_profit .................. [RUN]
[2025-06-10T22:24:45.234+0000] {logging_mixin.py:190} INFO - 22:24:45  20 of 21 START sql view model sales.sum_shopee_monthly_revenue ................. [RUN]
[2025-06-10T22:24:45.235+0000] {logging_mixin.py:190} INFO - 22:24:45  21 of 21 START sql view model sales.sum_shopee_products_sold ................... [RUN]
[2025-06-10T22:24:45.466+0000] {logging_mixin.py:190} INFO - 22:24:45  20 of 21 OK created sql view model sales.sum_shopee_monthly_revenue ............ [CREATE VIEW in 0.22s]
[2025-06-10T22:24:45.469+0000] {logging_mixin.py:190} INFO - 22:24:45  21 of 21 OK created sql view model sales.sum_shopee_products_sold .............. [CREATE VIEW in 0.22s]
[2025-06-10T22:24:45.472+0000] {logging_mixin.py:190} INFO - 22:24:45  19 of 21 OK created sql view model sales.sum_shopee_monthly_profit ............. [CREATE VIEW in 0.23s]
[2025-06-10T22:24:45.498+0000] {logging_mixin.py:190} INFO - 22:24:45
[2025-06-10T22:24:45.499+0000] {logging_mixin.py:190} INFO - 22:24:45  Finished running 15 incremental models, 6 view models in 0 hours 0 minutes and 1.59 seconds (1.59s).
[2025-06-10T22:24:45.576+0000] {logging_mixin.py:190} INFO - 22:24:45
[2025-06-10T22:24:45.577+0000] {logging_mixin.py:190} INFO - 22:24:45  Completed with 4 errors, 0 partial successes, and 0 warnings:
[2025-06-10T22:24:45.578+0000] {logging_mixin.py:190} INFO - 22:24:45
[2025-06-10T22:24:45.580+0000] {logging_mixin.py:190} INFO - 22:24:45    Database Error in model stg_mercadolivre__payments (models/staging/stg_mercadolivre__payments.sql)
  MERGE command cannot affect row a second time
  HINT:  Ensure that not more than one source row matches any one target row.
  compiled code at target/run/e_commerce_sales/models/staging/stg_mercadolivre__payments.sql
[2025-06-10T22:24:45.581+0000] {logging_mixin.py:190} INFO - 22:24:45
[2025-06-10T22:24:45.583+0000] {logging_mixin.py:190} INFO - 22:24:45    Database Error in model stg_mercadolivre__order_items (models/staging/stg_mercadolivre__order_items.sql)
  MERGE command cannot affect row a second time
  HINT:  Ensure that not more than one source row matches any one target row.
  compiled code at target/run/e_commerce_sales/models/staging/stg_mercadolivre__order_items.sql
[2025-06-10T22:24:45.585+0000] {logging_mixin.py:190} INFO - 22:24:45
[2025-06-10T22:24:45.587+0000] {logging_mixin.py:190} INFO - 22:24:45    Database Error in model stg_mercadolivre (models/staging/stg_mercadolivre.sql)
  MERGE command cannot affect row a second time
  HINT:  Ensure that not more than one source row matches any one target row.
  compiled code at target/run/e_commerce_sales/models/staging/stg_mercadolivre.sql
[2025-06-10T22:24:45.589+0000] {logging_mixin.py:190} INFO - 22:24:45
[2025-06-10T22:24:45.590+0000] {logging_mixin.py:190} INFO - 22:24:45    Database Error in model stg_mercadolivre_sh (models/staging/stg_mercadolivre_sh.sql)
  MERGE command cannot affect row a second time
  HINT:  Ensure that not more than one source row matches any one target row.
  compiled code at target/run/e_commerce_sales/models/staging/stg_mercadolivre_sh.sql
[2025-06-10T22:24:45.592+0000] {logging_mixin.py:190} INFO - 22:24:45
[2025-06-10T22:24:45.594+0000] {logging_mixin.py:190} INFO - 22:24:45  Done. PASS=9 WARN=0 ERROR=4 SKIP=8 TOTAL=21
[2025-06-10T22:24:46.440+0000] {logging_mixin.py:190} INFO - dbt run failed!
[2025-06-10T22:24:46.441+0000] {logging_mixin.py:190} INFO - None
[2025-06-10T22:24:46.443+0000] {taskinstance.py:3311} ERROR - Task failed with exception
Traceback (most recent call last):
  File "/home/airflow/.local/lib/python3.9/site-packages/airflow/models/taskinstance.py", line 767, in _execute_task
    result = _execute_callable(context=context, **execute_callable_kwargs)
  File "/home/airflow/.local/lib/python3.9/site-packages/airflow/models/taskinstance.py", line 733, in _execute_callable
    return ExecutionCallableRunner(
  File "/home/airflow/.local/lib/python3.9/site-packages/airflow/utils/operator_helpers.py", line 252, in run
    return self.func(*args, **kwargs)
  File "/home/airflow/.local/lib/python3.9/site-packages/airflow/models/baseoperator.py", line 422, in wrapper
    return func(self, *args, **kwargs)
  File "/home/airflow/.local/lib/python3.9/site-packages/airflow/operators/python.py", line 238, in execute
    return_value = self.execute_callable()
  File "/home/airflow/.local/lib/python3.9/site-packages/airflow/operators/python.py", line 256, in execute_callable
    return runner.run(*self.op_args, **self.op_kwargs)
  File "/home/airflow/.local/lib/python3.9/site-packages/airflow/utils/operator_helpers.py", line 252, in run
    return self.func(*args, **kwargs)
  File "/opt/airflow/dbt_files/run_dbt.py", line 22, in transform_data
    raise RuntimeError("dbt run failed")
RuntimeError: dbt run failed
[2025-06-10T22:24:46.455+0000] {taskinstance.py:1225} INFO - Marking task as FAILED. dag_id=05_transform_data, task_id=run_dbt, run_id=manual__2025-06-10T22:24:31.102088+00:00, execution_date=20250610T222431, start_date=20250610T222439, end_date=20250610T222446
[2025-06-10T22:24:46.466+0000] {taskinstance.py:340} INFO - ::group::Post task execution logs
[2025-06-10T22:24:46.468+0000] {standard_task_runner.py:124} ERROR - Failed to execute job 795 for task run_dbt (dbt run failed; 12040)
Traceback (most recent call last):
  File "/home/airflow/.local/lib/python3.9/site-packages/airflow/task/task_runner/standard_task_runner.py", line 117, in _start_by_fork
    ret = args.func(args, dag=self.dag)
  File "/home/airflow/.local/lib/python3.9/site-packages/airflow/cli/cli_config.py", line 49, in command
    return func(*args, **kwargs)
  File "/home/airflow/.local/lib/python3.9/site-packages/airflow/utils/cli.py", line 116, in wrapper
    return f(*args, **kwargs)
  File "/home/airflow/.local/lib/python3.9/site-packages/airflow/cli/commands/task_command.py", line 483, in task_run
    task_return_code = _run_task_by_selected_method(args, _dag, ti)
  File "/home/airflow/.local/lib/python3.9/site-packages/airflow/cli/commands/task_command.py", line 256, in _run_task_by_selected_method
    return _run_raw_task(args, ti)
  File "/home/airflow/.local/lib/python3.9/site-packages/airflow/cli/commands/task_command.py", line 341, in _run_raw_task
    return ti._run_raw_task(
  File "/home/airflow/.local/lib/python3.9/site-packages/airflow/utils/session.py", line 97, in wrapper
    return func(*args, session=session, **kwargs)
  File "/home/airflow/.local/lib/python3.9/site-packages/airflow/models/taskinstance.py", line 3005, in _run_raw_task
    return _run_raw_task(
  File "/home/airflow/.local/lib/python3.9/site-packages/airflow/models/taskinstance.py", line 273, in _run_raw_task
    TaskInstance._execute_task_with_callbacks(
  File "/home/airflow/.local/lib/python3.9/site-packages/airflow/models/taskinstance.py", line 3159, in _execute_task_with_callbacks
    result = self._execute_task(context, task_orig)
  File "/home/airflow/.local/lib/python3.9/site-packages/airflow/models/taskinstance.py", line 3183, in _execute_task
    return _execute_task(self, context, task_orig)
  File "/home/airflow/.local/lib/python3.9/site-packages/airflow/models/taskinstance.py", line 767, in _execute_task
    result = _execute_callable(context=context, **execute_callable_kwargs)
  File "/home/airflow/.local/lib/python3.9/site-packages/airflow/models/taskinstance.py", line 733, in _execute_callable
    return ExecutionCallableRunner(
  File "/home/airflow/.local/lib/python3.9/site-packages/airflow/utils/operator_helpers.py", line 252, in run
    return self.func(*args, **kwargs)
  File "/home/airflow/.local/lib/python3.9/site-packages/airflow/models/baseoperator.py", line 422, in wrapper
    return func(self, *args, **kwargs)
  File "/home/airflow/.local/lib/python3.9/site-packages/airflow/operators/python.py", line 238, in execute
    return_value = self.execute_callable()
  File "/home/airflow/.local/lib/python3.9/site-packages/airflow/operators/python.py", line 256, in execute_callable
    return runner.run(*self.op_args, **self.op_kwargs)
  File "/home/airflow/.local/lib/python3.9/site-packages/airflow/utils/operator_helpers.py", line 252, in run
    return self.func(*args, **kwargs)
  File "/opt/airflow/dbt_files/run_dbt.py", line 22, in transform_data
    raise RuntimeError("dbt run failed")
RuntimeError: dbt run failed
[2025-06-10T22:24:46.514+0000] {local_task_job_runner.py:266} INFO - Task exited with return code 1
[2025-06-10T22:24:46.532+0000] {taskinstance.py:3895} INFO - 0 downstream tasks scheduled from follow-on schedule check
[2025-06-10T22:24:46.535+0000] {local_task_job_runner.py:245} INFO - ::endgroup::
