[2025-06-23T17:33:38.240+0000] {local_task_job_runner.py:123} INFO - ::group::Pre task execution logs
[2025-06-23T17:33:38.261+0000] {taskinstance.py:2613} INFO - Dependencies all met for dep_context=non-requeueable deps ti=<TaskInstance: 06_delete_entry_data_prod.delete_ml_sh_files manual__2025-06-23T17:33:36.629182+00:00 [queued]>
[2025-06-23T17:33:38.269+0000] {taskinstance.py:2613} INFO - Dependencies all met for dep_context=requeueable deps ti=<TaskInstance: 06_delete_entry_data_prod.delete_ml_sh_files manual__2025-06-23T17:33:36.629182+00:00 [queued]>
[2025-06-23T17:33:38.270+0000] {taskinstance.py:2866} INFO - Starting attempt 1 of 1
[2025-06-23T17:33:38.282+0000] {taskinstance.py:2889} INFO - Executing <Task(PythonOperator): delete_ml_sh_files> on 2025-06-23 17:33:36.629182+00:00
[2025-06-23T17:33:38.287+0000] {standard_task_runner.py:72} INFO - Started process 2569 to run task
[2025-06-23T17:33:38.291+0000] {standard_task_runner.py:104} INFO - Running: ['***', 'tasks', 'run', '06_delete_entry_data_prod', 'delete_ml_sh_files', 'manual__2025-06-23T17:33:36.629182+00:00', '--job-id', '36', '--raw', '--subdir', 'DAGS_FOLDER/06_delete_files_tables_prod.py', '--cfg-path', '/tmp/tmpi2wqrpbg']
[2025-06-23T17:33:38.293+0000] {standard_task_runner.py:105} INFO - Job 36: Subtask delete_ml_sh_files
[2025-06-23T17:33:38.357+0000] {task_command.py:467} INFO - Running <TaskInstance: 06_delete_entry_data_prod.delete_ml_sh_files manual__2025-06-23T17:33:36.629182+00:00 [running]> on host b208c9761688
[2025-06-23T17:33:38.443+0000] {taskinstance.py:3132} INFO - Exporting env vars: AIRFLOW_CTX_DAG_OWNER='***' AIRFLOW_CTX_DAG_ID='06_delete_entry_data_prod' AIRFLOW_CTX_TASK_ID='delete_ml_sh_files' AIRFLOW_CTX_EXECUTION_DATE='2025-06-23T17:33:36.629182+00:00' AIRFLOW_CTX_TRY_NUMBER='1' AIRFLOW_CTX_DAG_RUN_ID='manual__2025-06-23T17:33:36.629182+00:00'
[2025-06-23T17:33:38.444+0000] {taskinstance.py:731} INFO - ::endgroup::
[2025-06-23T17:33:38.460+0000] {logging_mixin.py:190} INFO - Deleted all files in /opt/***/data/mercadolivre/shipping_cost_ml/prod/ with extension *.json
[2025-06-23T17:33:38.463+0000] {logging_mixin.py:190} INFO - Deleted all files in /opt/***/data/mercadolivre/shipping_cost_ml/prod/ with extension *.json
[2025-06-23T17:33:38.466+0000] {logging_mixin.py:190} INFO - Deleted all files in /opt/***/data/mercadolivre/shipping_cost_ml/prod/ with extension *.json
[2025-06-23T17:33:38.468+0000] {logging_mixin.py:190} INFO - Deleted all files in /opt/***/data/mercadolivre/shipping_cost_ml/prod/ with extension *.json
[2025-06-23T17:33:38.471+0000] {logging_mixin.py:190} INFO - Deleted all files in /opt/***/data/mercadolivre/shipping_cost_ml/prod/ with extension *.json
[2025-06-23T17:33:38.473+0000] {logging_mixin.py:190} INFO - Deleted all files in /opt/***/data/mercadolivre/shipping_cost_ml/prod/ with extension *.json
[2025-06-23T17:33:38.476+0000] {logging_mixin.py:190} INFO - Deleted all files in /opt/***/data/mercadolivre/shipping_cost_ml/prod/ with extension *.json
[2025-06-23T17:33:38.479+0000] {logging_mixin.py:190} INFO - Deleted all files in /opt/***/data/mercadolivre/shipping_cost_ml/prod/ with extension *.json
[2025-06-23T17:33:38.481+0000] {logging_mixin.py:190} INFO - Deleted all files in /opt/***/data/mercadolivre/shipping_cost_ml/prod/ with extension *.json
[2025-06-23T17:33:38.484+0000] {logging_mixin.py:190} INFO - Deleted all files in /opt/***/data/mercadolivre/shipping_cost_ml/prod/ with extension *.json
[2025-06-23T17:33:38.486+0000] {logging_mixin.py:190} INFO - Deleted all files in /opt/***/data/mercadolivre/shipping_cost_ml/prod/ with extension *.json
[2025-06-23T17:33:38.489+0000] {logging_mixin.py:190} INFO - Deleted all files in /opt/***/data/mercadolivre/shipping_cost_ml/prod/ with extension *.json
[2025-06-23T17:33:38.491+0000] {logging_mixin.py:190} INFO - Deleted all files in /opt/***/data/mercadolivre/shipping_cost_ml/prod/ with extension *.json
[2025-06-23T17:33:38.493+0000] {logging_mixin.py:190} INFO - Deleted all files in /opt/***/data/mercadolivre/shipping_cost_ml/prod/ with extension *.json
[2025-06-23T17:33:38.496+0000] {logging_mixin.py:190} INFO - Deleted all files in /opt/***/data/mercadolivre/shipping_cost_ml/prod/ with extension *.json
[2025-06-23T17:33:38.498+0000] {logging_mixin.py:190} INFO - Deleted all files in /opt/***/data/mercadolivre/shipping_cost_ml/prod/ with extension *.json
[2025-06-23T17:33:38.501+0000] {logging_mixin.py:190} INFO - Deleted all files in /opt/***/data/mercadolivre/shipping_cost_ml/prod/ with extension *.json
[2025-06-23T17:33:38.504+0000] {logging_mixin.py:190} INFO - Deleted all files in /opt/***/data/mercadolivre/shipping_cost_ml/prod/ with extension *.json
[2025-06-23T17:33:38.506+0000] {logging_mixin.py:190} INFO - Deleted all files in /opt/***/data/mercadolivre/shipping_cost_ml/prod/ with extension *.json
[2025-06-23T17:33:38.509+0000] {logging_mixin.py:190} INFO - Deleted all files in /opt/***/data/mercadolivre/shipping_cost_ml/prod/ with extension *.json
[2025-06-23T17:33:38.512+0000] {logging_mixin.py:190} INFO - Deleted all files in /opt/***/data/mercadolivre/shipping_cost_ml/prod/ with extension *.json
[2025-06-23T17:33:38.514+0000] {logging_mixin.py:190} INFO - Deleted all files in /opt/***/data/mercadolivre/shipping_cost_ml/prod/ with extension *.json
[2025-06-23T17:33:38.517+0000] {logging_mixin.py:190} INFO - Deleted all files in /opt/***/data/mercadolivre/shipping_cost_ml/prod/ with extension *.json
[2025-06-23T17:33:38.519+0000] {logging_mixin.py:190} INFO - Deleted all files in /opt/***/data/mercadolivre/shipping_cost_ml/prod/ with extension *.json
[2025-06-23T17:33:38.522+0000] {logging_mixin.py:190} INFO - Deleted all files in /opt/***/data/mercadolivre/shipping_cost_ml/prod/ with extension *.json
[2025-06-23T17:33:38.525+0000] {logging_mixin.py:190} INFO - Deleted all files in /opt/***/data/mercadolivre/shipping_cost_ml/prod/ with extension *.json
[2025-06-23T17:33:38.529+0000] {logging_mixin.py:190} INFO - Deleted all files in /opt/***/data/mercadolivre/shipping_cost_ml/prod/ with extension *.json
[2025-06-23T17:33:38.531+0000] {logging_mixin.py:190} INFO - Deleted all files in /opt/***/data/mercadolivre/shipping_cost_ml/prod/ with extension *.json
[2025-06-23T17:33:38.535+0000] {logging_mixin.py:190} INFO - Deleted all files in /opt/***/data/mercadolivre/shipping_cost_ml/prod/ with extension *.json
[2025-06-23T17:33:38.537+0000] {logging_mixin.py:190} INFO - Deleted all files in /opt/***/data/mercadolivre/shipping_cost_ml/prod/ with extension *.json
[2025-06-23T17:33:38.540+0000] {logging_mixin.py:190} INFO - Deleted all files in /opt/***/data/mercadolivre/shipping_cost_ml/prod/ with extension *.json
[2025-06-23T17:33:38.543+0000] {logging_mixin.py:190} INFO - Deleted all files in /opt/***/data/mercadolivre/shipping_cost_ml/prod/ with extension *.json
[2025-06-23T17:33:38.546+0000] {logging_mixin.py:190} INFO - Deleted all files in /opt/***/data/mercadolivre/shipping_cost_ml/prod/ with extension *.json
[2025-06-23T17:33:38.549+0000] {logging_mixin.py:190} INFO - Deleted all files in /opt/***/data/mercadolivre/shipping_cost_ml/prod/ with extension *.json
[2025-06-23T17:33:38.552+0000] {logging_mixin.py:190} INFO - Deleted all files in /opt/***/data/mercadolivre/shipping_cost_ml/prod/ with extension *.json
[2025-06-23T17:33:38.554+0000] {logging_mixin.py:190} INFO - Deleted all files in /opt/***/data/mercadolivre/shipping_cost_ml/prod/ with extension *.json
[2025-06-23T17:33:38.557+0000] {logging_mixin.py:190} INFO - Deleted all files in /opt/***/data/mercadolivre/shipping_cost_ml/prod/ with extension *.json
[2025-06-23T17:33:38.559+0000] {logging_mixin.py:190} INFO - Deleted all files in /opt/***/data/mercadolivre/shipping_cost_ml/prod/ with extension *.json
[2025-06-23T17:33:38.562+0000] {logging_mixin.py:190} INFO - Deleted all files in /opt/***/data/mercadolivre/shipping_cost_ml/prod/ with extension *.json
[2025-06-23T17:33:38.565+0000] {logging_mixin.py:190} INFO - Deleted all files in /opt/***/data/mercadolivre/shipping_cost_ml/prod/ with extension *.json
[2025-06-23T17:33:38.567+0000] {logging_mixin.py:190} INFO - Deleted all files in /opt/***/data/mercadolivre/shipping_cost_ml/prod/ with extension *.json
[2025-06-23T17:33:38.570+0000] {logging_mixin.py:190} INFO - Deleted all files in /opt/***/data/mercadolivre/shipping_cost_ml/prod/ with extension *.json
[2025-06-23T17:33:38.572+0000] {logging_mixin.py:190} INFO - Deleted all files in /opt/***/data/mercadolivre/shipping_cost_ml/prod/ with extension *.json
[2025-06-23T17:33:38.575+0000] {logging_mixin.py:190} INFO - Deleted all files in /opt/***/data/mercadolivre/shipping_cost_ml/prod/ with extension *.json
[2025-06-23T17:33:38.577+0000] {logging_mixin.py:190} INFO - Deleted all files in /opt/***/data/mercadolivre/shipping_cost_ml/prod/ with extension *.json
[2025-06-23T17:33:38.579+0000] {logging_mixin.py:190} INFO - Deleted all files in /opt/***/data/mercadolivre/shipping_cost_ml/prod/ with extension *.json
[2025-06-23T17:33:38.582+0000] {logging_mixin.py:190} INFO - Deleted all files in /opt/***/data/mercadolivre/shipping_cost_ml/prod/ with extension *.json
[2025-06-23T17:33:38.584+0000] {logging_mixin.py:190} INFO - Deleted all files in /opt/***/data/mercadolivre/shipping_cost_ml/prod/ with extension *.json
[2025-06-23T17:33:38.587+0000] {logging_mixin.py:190} INFO - Deleted all files in /opt/***/data/mercadolivre/shipping_cost_ml/prod/ with extension *.json
[2025-06-23T17:33:38.589+0000] {logging_mixin.py:190} INFO - Deleted all files in /opt/***/data/mercadolivre/shipping_cost_ml/prod/ with extension *.json
[2025-06-23T17:33:38.592+0000] {logging_mixin.py:190} INFO - Deleted all files in /opt/***/data/mercadolivre/shipping_cost_ml/prod/ with extension *.json
[2025-06-23T17:33:38.594+0000] {logging_mixin.py:190} INFO - Deleted all files in /opt/***/data/mercadolivre/shipping_cost_ml/prod/ with extension *.json
[2025-06-23T17:33:38.597+0000] {logging_mixin.py:190} INFO - Deleted all files in /opt/***/data/mercadolivre/shipping_cost_ml/prod/ with extension *.json
[2025-06-23T17:33:38.599+0000] {logging_mixin.py:190} INFO - Deleted all files in /opt/***/data/mercadolivre/shipping_cost_ml/prod/ with extension *.json
[2025-06-23T17:33:38.601+0000] {logging_mixin.py:190} INFO - Deleted all files in /opt/***/data/mercadolivre/shipping_cost_ml/prod/ with extension *.json
[2025-06-23T17:33:38.603+0000] {logging_mixin.py:190} INFO - Deleted all files in /opt/***/data/mercadolivre/shipping_cost_ml/prod/ with extension *.json
[2025-06-23T17:33:38.606+0000] {logging_mixin.py:190} INFO - Deleted all files in /opt/***/data/mercadolivre/shipping_cost_ml/prod/ with extension *.json
[2025-06-23T17:33:38.608+0000] {logging_mixin.py:190} INFO - Deleted all files in /opt/***/data/mercadolivre/shipping_cost_ml/prod/ with extension *.json
[2025-06-23T17:33:38.610+0000] {logging_mixin.py:190} INFO - Deleted all files in /opt/***/data/mercadolivre/shipping_cost_ml/prod/ with extension *.json
[2025-06-23T17:33:38.613+0000] {logging_mixin.py:190} INFO - Deleted all files in /opt/***/data/mercadolivre/shipping_cost_ml/prod/ with extension *.json
[2025-06-23T17:33:38.616+0000] {logging_mixin.py:190} INFO - Deleted all files in /opt/***/data/mercadolivre/shipping_cost_ml/prod/ with extension *.json
[2025-06-23T17:33:38.618+0000] {logging_mixin.py:190} INFO - Deleted all files in /opt/***/data/mercadolivre/shipping_cost_ml/prod/ with extension *.json
[2025-06-23T17:33:38.621+0000] {logging_mixin.py:190} INFO - Deleted all files in /opt/***/data/mercadolivre/shipping_cost_ml/prod/ with extension *.json
[2025-06-23T17:33:38.623+0000] {logging_mixin.py:190} INFO - Deleted all files in /opt/***/data/mercadolivre/shipping_cost_ml/prod/ with extension *.json
[2025-06-23T17:33:38.625+0000] {logging_mixin.py:190} INFO - Deleted all files in /opt/***/data/mercadolivre/shipping_cost_ml/prod/ with extension *.json
[2025-06-23T17:33:38.628+0000] {logging_mixin.py:190} INFO - Deleted all files in /opt/***/data/mercadolivre/shipping_cost_ml/prod/ with extension *.json
[2025-06-23T17:33:38.630+0000] {logging_mixin.py:190} INFO - Deleted all files in /opt/***/data/mercadolivre/shipping_cost_ml/prod/ with extension *.json
[2025-06-23T17:33:38.632+0000] {logging_mixin.py:190} INFO - Deleted all files in /opt/***/data/mercadolivre/shipping_cost_ml/prod/ with extension *.json
[2025-06-23T17:33:38.634+0000] {logging_mixin.py:190} INFO - Deleted all files in /opt/***/data/mercadolivre/shipping_cost_ml/prod/ with extension *.json
[2025-06-23T17:33:38.636+0000] {logging_mixin.py:190} INFO - Deleted all files in /opt/***/data/mercadolivre/shipping_cost_ml/prod/ with extension *.json
[2025-06-23T17:33:38.638+0000] {logging_mixin.py:190} INFO - Deleted all files in /opt/***/data/mercadolivre/shipping_cost_ml/prod/ with extension *.json
[2025-06-23T17:33:38.641+0000] {logging_mixin.py:190} INFO - Deleted all files in /opt/***/data/mercadolivre/shipping_cost_ml/prod/ with extension *.json
[2025-06-23T17:33:38.643+0000] {logging_mixin.py:190} INFO - Deleted all files in /opt/***/data/mercadolivre/shipping_cost_ml/prod/ with extension *.json
[2025-06-23T17:33:38.645+0000] {logging_mixin.py:190} INFO - Deleted all files in /opt/***/data/mercadolivre/shipping_cost_ml/prod/ with extension *.json
[2025-06-23T17:33:38.647+0000] {logging_mixin.py:190} INFO - Deleted all files in /opt/***/data/mercadolivre/shipping_cost_ml/prod/ with extension *.json
[2025-06-23T17:33:38.649+0000] {logging_mixin.py:190} INFO - Deleted all files in /opt/***/data/mercadolivre/shipping_cost_ml/prod/ with extension *.json
[2025-06-23T17:33:38.651+0000] {logging_mixin.py:190} INFO - Deleted all files in /opt/***/data/mercadolivre/shipping_cost_ml/prod/ with extension *.json
[2025-06-23T17:33:38.654+0000] {logging_mixin.py:190} INFO - Deleted all files in /opt/***/data/mercadolivre/shipping_cost_ml/prod/ with extension *.json
[2025-06-23T17:33:38.656+0000] {logging_mixin.py:190} INFO - Deleted all files in /opt/***/data/mercadolivre/shipping_cost_ml/prod/ with extension *.json
[2025-06-23T17:33:38.658+0000] {logging_mixin.py:190} INFO - Deleted all files in /opt/***/data/mercadolivre/shipping_cost_ml/prod/ with extension *.json
[2025-06-23T17:33:38.660+0000] {logging_mixin.py:190} INFO - Deleted all files in /opt/***/data/mercadolivre/shipping_cost_ml/prod/ with extension *.json
[2025-06-23T17:33:38.662+0000] {logging_mixin.py:190} INFO - Deleted all files in /opt/***/data/mercadolivre/shipping_cost_ml/prod/ with extension *.json
[2025-06-23T17:33:38.664+0000] {logging_mixin.py:190} INFO - Deleted all files in /opt/***/data/mercadolivre/shipping_cost_ml/prod/ with extension *.json
[2025-06-23T17:33:38.666+0000] {logging_mixin.py:190} INFO - Deleted all files in /opt/***/data/mercadolivre/shipping_cost_ml/prod/ with extension *.json
[2025-06-23T17:33:38.669+0000] {logging_mixin.py:190} INFO - Deleted all files in /opt/***/data/mercadolivre/shipping_cost_ml/prod/ with extension *.json
[2025-06-23T17:33:38.671+0000] {logging_mixin.py:190} INFO - Deleted all files in /opt/***/data/mercadolivre/shipping_cost_ml/prod/ with extension *.json
[2025-06-23T17:33:38.673+0000] {logging_mixin.py:190} INFO - Deleted all files in /opt/***/data/mercadolivre/shipping_cost_ml/prod/ with extension *.json
[2025-06-23T17:33:38.675+0000] {logging_mixin.py:190} INFO - Deleted all files in /opt/***/data/mercadolivre/shipping_cost_ml/prod/ with extension *.json
[2025-06-23T17:33:38.677+0000] {logging_mixin.py:190} INFO - Deleted all files in /opt/***/data/mercadolivre/shipping_cost_ml/prod/ with extension *.json
[2025-06-23T17:33:38.679+0000] {logging_mixin.py:190} INFO - Deleted all files in /opt/***/data/mercadolivre/shipping_cost_ml/prod/ with extension *.json
[2025-06-23T17:33:38.681+0000] {logging_mixin.py:190} INFO - Deleted all files in /opt/***/data/mercadolivre/shipping_cost_ml/prod/ with extension *.json
[2025-06-23T17:33:38.683+0000] {logging_mixin.py:190} INFO - Deleted all files in /opt/***/data/mercadolivre/shipping_cost_ml/prod/ with extension *.json
[2025-06-23T17:33:38.686+0000] {logging_mixin.py:190} INFO - Deleted all files in /opt/***/data/mercadolivre/shipping_cost_ml/prod/ with extension *.json
[2025-06-23T17:33:38.688+0000] {logging_mixin.py:190} INFO - Deleted all files in /opt/***/data/mercadolivre/shipping_cost_ml/prod/ with extension *.json
[2025-06-23T17:33:38.690+0000] {logging_mixin.py:190} INFO - Deleted all files in /opt/***/data/mercadolivre/shipping_cost_ml/prod/ with extension *.json
[2025-06-23T17:33:38.693+0000] {logging_mixin.py:190} INFO - Deleted all files in /opt/***/data/mercadolivre/shipping_cost_ml/prod/ with extension *.json
[2025-06-23T17:33:38.695+0000] {logging_mixin.py:190} INFO - Deleted all files in /opt/***/data/mercadolivre/shipping_cost_ml/prod/ with extension *.json
[2025-06-23T17:33:38.698+0000] {logging_mixin.py:190} INFO - Deleted all files in /opt/***/data/mercadolivre/shipping_cost_ml/prod/ with extension *.json
[2025-06-23T17:33:38.700+0000] {logging_mixin.py:190} INFO - Deleted all files in /opt/***/data/mercadolivre/shipping_cost_ml/prod/ with extension *.json
[2025-06-23T17:33:38.702+0000] {logging_mixin.py:190} INFO - Deleted all files in /opt/***/data/mercadolivre/shipping_cost_ml/prod/ with extension *.json
[2025-06-23T17:33:38.705+0000] {logging_mixin.py:190} INFO - Deleted all files in /opt/***/data/mercadolivre/shipping_cost_ml/prod/ with extension *.json
[2025-06-23T17:33:38.707+0000] {logging_mixin.py:190} INFO - Deleted all files in /opt/***/data/mercadolivre/shipping_cost_ml/prod/ with extension *.json
[2025-06-23T17:33:38.709+0000] {logging_mixin.py:190} INFO - Deleted all files in /opt/***/data/mercadolivre/shipping_cost_ml/prod/ with extension *.json
[2025-06-23T17:33:38.711+0000] {logging_mixin.py:190} INFO - Deleted all files in /opt/***/data/mercadolivre/shipping_cost_ml/prod/ with extension *.json
[2025-06-23T17:33:38.714+0000] {logging_mixin.py:190} INFO - Deleted all files in /opt/***/data/mercadolivre/shipping_cost_ml/prod/ with extension *.json
[2025-06-23T17:33:38.716+0000] {logging_mixin.py:190} INFO - Deleted all files in /opt/***/data/mercadolivre/shipping_cost_ml/prod/ with extension *.json
[2025-06-23T17:33:38.718+0000] {logging_mixin.py:190} INFO - Deleted all files in /opt/***/data/mercadolivre/shipping_cost_ml/prod/ with extension *.json
[2025-06-23T17:33:38.721+0000] {logging_mixin.py:190} INFO - Deleted all files in /opt/***/data/mercadolivre/shipping_cost_ml/prod/ with extension *.json
[2025-06-23T17:33:38.723+0000] {logging_mixin.py:190} INFO - Deleted all files in /opt/***/data/mercadolivre/shipping_cost_ml/prod/ with extension *.json
[2025-06-23T17:33:38.725+0000] {logging_mixin.py:190} INFO - Deleted all files in /opt/***/data/mercadolivre/shipping_cost_ml/prod/ with extension *.json
[2025-06-23T17:33:38.728+0000] {logging_mixin.py:190} INFO - Deleted all files in /opt/***/data/mercadolivre/shipping_cost_ml/prod/ with extension *.json
[2025-06-23T17:33:38.730+0000] {logging_mixin.py:190} INFO - Deleted all files in /opt/***/data/mercadolivre/shipping_cost_ml/prod/ with extension *.json
[2025-06-23T17:33:38.733+0000] {logging_mixin.py:190} INFO - Deleted all files in /opt/***/data/mercadolivre/shipping_cost_ml/prod/ with extension *.json
[2025-06-23T17:33:38.735+0000] {logging_mixin.py:190} INFO - Deleted all files in /opt/***/data/mercadolivre/shipping_cost_ml/prod/ with extension *.json
[2025-06-23T17:33:38.737+0000] {logging_mixin.py:190} INFO - Deleted all files in /opt/***/data/mercadolivre/shipping_cost_ml/prod/ with extension *.json
[2025-06-23T17:33:38.740+0000] {logging_mixin.py:190} INFO - Deleted all files in /opt/***/data/mercadolivre/shipping_cost_ml/prod/ with extension *.json
[2025-06-23T17:33:38.742+0000] {logging_mixin.py:190} INFO - Deleted all files in /opt/***/data/mercadolivre/shipping_cost_ml/prod/ with extension *.json
[2025-06-23T17:33:38.744+0000] {logging_mixin.py:190} INFO - Deleted all files in /opt/***/data/mercadolivre/shipping_cost_ml/prod/ with extension *.json
[2025-06-23T17:33:38.747+0000] {logging_mixin.py:190} INFO - Deleted all files in /opt/***/data/mercadolivre/shipping_cost_ml/prod/ with extension *.json
[2025-06-23T17:33:38.749+0000] {logging_mixin.py:190} INFO - Deleted all files in /opt/***/data/mercadolivre/shipping_cost_ml/prod/ with extension *.json
[2025-06-23T17:33:38.751+0000] {logging_mixin.py:190} INFO - Deleted all files in /opt/***/data/mercadolivre/shipping_cost_ml/prod/ with extension *.json
[2025-06-23T17:33:38.753+0000] {logging_mixin.py:190} INFO - Deleted all files in /opt/***/data/mercadolivre/shipping_cost_ml/prod/ with extension *.json
[2025-06-23T17:33:38.755+0000] {logging_mixin.py:190} INFO - Deleted all files in /opt/***/data/mercadolivre/shipping_cost_ml/prod/ with extension *.json
[2025-06-23T17:33:38.757+0000] {logging_mixin.py:190} INFO - Deleted all files in /opt/***/data/mercadolivre/shipping_cost_ml/prod/ with extension *.json
[2025-06-23T17:33:38.759+0000] {logging_mixin.py:190} INFO - Deleted all files in /opt/***/data/mercadolivre/shipping_cost_ml/prod/ with extension *.json
[2025-06-23T17:33:38.761+0000] {logging_mixin.py:190} INFO - Deleted all files in /opt/***/data/mercadolivre/shipping_cost_ml/prod/ with extension *.json
[2025-06-23T17:33:38.764+0000] {logging_mixin.py:190} INFO - Deleted all files in /opt/***/data/mercadolivre/shipping_cost_ml/prod/ with extension *.json
[2025-06-23T17:33:38.766+0000] {logging_mixin.py:190} INFO - Deleted all files in /opt/***/data/mercadolivre/shipping_cost_ml/prod/ with extension *.json
[2025-06-23T17:33:38.768+0000] {logging_mixin.py:190} INFO - Deleted all files in /opt/***/data/mercadolivre/shipping_cost_ml/prod/ with extension *.json
[2025-06-23T17:33:38.770+0000] {logging_mixin.py:190} INFO - Deleted all files in /opt/***/data/mercadolivre/shipping_cost_ml/prod/ with extension *.json
[2025-06-23T17:33:38.773+0000] {logging_mixin.py:190} INFO - Deleted all files in /opt/***/data/mercadolivre/shipping_cost_ml/prod/ with extension *.json
[2025-06-23T17:33:38.777+0000] {logging_mixin.py:190} INFO - Deleted all files in /opt/***/data/mercadolivre/shipping_cost_ml/prod/ with extension *.json
[2025-06-23T17:33:38.780+0000] {logging_mixin.py:190} INFO - Deleted all files in /opt/***/data/mercadolivre/shipping_cost_ml/prod/ with extension *.json
[2025-06-23T17:33:38.783+0000] {logging_mixin.py:190} INFO - Deleted all files in /opt/***/data/mercadolivre/shipping_cost_ml/prod/ with extension *.json
[2025-06-23T17:33:38.787+0000] {logging_mixin.py:190} INFO - Deleted all files in /opt/***/data/mercadolivre/shipping_cost_ml/prod/ with extension *.json
[2025-06-23T17:33:38.789+0000] {logging_mixin.py:190} INFO - Deleted all files in /opt/***/data/mercadolivre/shipping_cost_ml/prod/ with extension *.json
[2025-06-23T17:33:38.792+0000] {logging_mixin.py:190} INFO - Deleted all files in /opt/***/data/mercadolivre/shipping_cost_ml/prod/ with extension *.json
[2025-06-23T17:33:38.795+0000] {logging_mixin.py:190} INFO - Deleted all files in /opt/***/data/mercadolivre/shipping_cost_ml/prod/ with extension *.json
[2025-06-23T17:33:38.797+0000] {logging_mixin.py:190} INFO - Deleted all files in /opt/***/data/mercadolivre/shipping_cost_ml/prod/ with extension *.json
[2025-06-23T17:33:38.799+0000] {logging_mixin.py:190} INFO - Deleted all files in /opt/***/data/mercadolivre/shipping_cost_ml/prod/ with extension *.json
[2025-06-23T17:33:38.802+0000] {logging_mixin.py:190} INFO - Deleted all files in /opt/***/data/mercadolivre/shipping_cost_ml/prod/ with extension *.json
[2025-06-23T17:33:38.804+0000] {logging_mixin.py:190} INFO - Deleted all files in /opt/***/data/mercadolivre/shipping_cost_ml/prod/ with extension *.json
[2025-06-23T17:33:38.806+0000] {logging_mixin.py:190} INFO - Deleted all files in /opt/***/data/mercadolivre/shipping_cost_ml/prod/ with extension *.json
[2025-06-23T17:33:38.809+0000] {logging_mixin.py:190} INFO - Deleted all files in /opt/***/data/mercadolivre/shipping_cost_ml/prod/ with extension *.json
[2025-06-23T17:33:38.811+0000] {logging_mixin.py:190} INFO - Deleted all files in /opt/***/data/mercadolivre/shipping_cost_ml/prod/ with extension *.json
[2025-06-23T17:33:38.813+0000] {logging_mixin.py:190} INFO - Deleted all files in /opt/***/data/mercadolivre/shipping_cost_ml/prod/ with extension *.json
[2025-06-23T17:33:38.815+0000] {logging_mixin.py:190} INFO - Deleted all files in /opt/***/data/mercadolivre/shipping_cost_ml/prod/ with extension *.json
[2025-06-23T17:33:38.818+0000] {logging_mixin.py:190} INFO - Deleted all files in /opt/***/data/mercadolivre/shipping_cost_ml/prod/ with extension *.json
[2025-06-23T17:33:38.820+0000] {logging_mixin.py:190} INFO - Deleted all files in /opt/***/data/mercadolivre/shipping_cost_ml/prod/ with extension *.json
[2025-06-23T17:33:38.823+0000] {logging_mixin.py:190} INFO - Deleted all files in /opt/***/data/mercadolivre/shipping_cost_ml/prod/ with extension *.json
[2025-06-23T17:33:38.825+0000] {logging_mixin.py:190} INFO - Deleted all files in /opt/***/data/mercadolivre/shipping_cost_ml/prod/ with extension *.json
[2025-06-23T17:33:38.828+0000] {logging_mixin.py:190} INFO - Deleted all files in /opt/***/data/mercadolivre/shipping_cost_ml/prod/ with extension *.json
[2025-06-23T17:33:38.830+0000] {logging_mixin.py:190} INFO - Deleted all files in /opt/***/data/mercadolivre/shipping_cost_ml/prod/ with extension *.json
[2025-06-23T17:33:38.832+0000] {logging_mixin.py:190} INFO - Deleted all files in /opt/***/data/mercadolivre/shipping_cost_ml/prod/ with extension *.json
[2025-06-23T17:33:38.834+0000] {logging_mixin.py:190} INFO - Deleted all files in /opt/***/data/mercadolivre/shipping_cost_ml/prod/ with extension *.json
[2025-06-23T17:33:38.836+0000] {logging_mixin.py:190} INFO - Deleted all files in /opt/***/data/mercadolivre/shipping_cost_ml/prod/ with extension *.json
[2025-06-23T17:33:38.839+0000] {logging_mixin.py:190} INFO - Deleted all files in /opt/***/data/mercadolivre/shipping_cost_ml/prod/ with extension *.json
[2025-06-23T17:33:38.841+0000] {logging_mixin.py:190} INFO - Deleted all files in /opt/***/data/mercadolivre/shipping_cost_ml/prod/ with extension *.json
[2025-06-23T17:33:38.843+0000] {logging_mixin.py:190} INFO - Deleted all files in /opt/***/data/mercadolivre/shipping_cost_ml/prod/ with extension *.json
[2025-06-23T17:33:38.845+0000] {logging_mixin.py:190} INFO - Deleted all files in /opt/***/data/mercadolivre/shipping_cost_ml/prod/ with extension *.json
[2025-06-23T17:33:38.847+0000] {logging_mixin.py:190} INFO - Deleted all files in /opt/***/data/mercadolivre/shipping_cost_ml/prod/ with extension *.json
[2025-06-23T17:33:38.849+0000] {logging_mixin.py:190} INFO - Deleted all files in /opt/***/data/mercadolivre/shipping_cost_ml/prod/ with extension *.json
[2025-06-23T17:33:38.851+0000] {logging_mixin.py:190} INFO - Deleted all files in /opt/***/data/mercadolivre/shipping_cost_ml/prod/ with extension *.json
[2025-06-23T17:33:38.853+0000] {logging_mixin.py:190} INFO - Deleted all files in /opt/***/data/mercadolivre/shipping_cost_ml/prod/ with extension *.json
[2025-06-23T17:33:38.855+0000] {logging_mixin.py:190} INFO - Deleted all files in /opt/***/data/mercadolivre/shipping_cost_ml/prod/ with extension *.json
[2025-06-23T17:33:38.857+0000] {logging_mixin.py:190} INFO - Deleted all files in /opt/***/data/mercadolivre/shipping_cost_ml/prod/ with extension *.json
[2025-06-23T17:33:38.858+0000] {logging_mixin.py:190} INFO - Deleted all files in /opt/***/data/mercadolivre/shipping_cost_ml/prod/ with extension *.json
[2025-06-23T17:33:38.860+0000] {logging_mixin.py:190} INFO - Deleted all files in /opt/***/data/mercadolivre/shipping_cost_ml/prod/ with extension *.json
[2025-06-23T17:33:38.862+0000] {logging_mixin.py:190} INFO - Deleted all files in /opt/***/data/mercadolivre/shipping_cost_ml/prod/ with extension *.json
[2025-06-23T17:33:38.864+0000] {logging_mixin.py:190} INFO - Deleted all files in /opt/***/data/mercadolivre/shipping_cost_ml/prod/ with extension *.json
[2025-06-23T17:33:38.865+0000] {logging_mixin.py:190} INFO - Deleted all files in /opt/***/data/mercadolivre/shipping_cost_ml/prod/ with extension *.json
[2025-06-23T17:33:38.867+0000] {logging_mixin.py:190} INFO - Deleted all files in /opt/***/data/mercadolivre/shipping_cost_ml/prod/ with extension *.json
[2025-06-23T17:33:38.870+0000] {logging_mixin.py:190} INFO - Deleted all files in /opt/***/data/mercadolivre/shipping_cost_ml/prod/ with extension *.json
[2025-06-23T17:33:38.871+0000] {logging_mixin.py:190} INFO - Deleted all files in /opt/***/data/mercadolivre/shipping_cost_ml/prod/ with extension *.json
[2025-06-23T17:33:38.873+0000] {logging_mixin.py:190} INFO - Deleted all files in /opt/***/data/mercadolivre/shipping_cost_ml/prod/ with extension *.json
[2025-06-23T17:33:38.875+0000] {logging_mixin.py:190} INFO - Deleted all files in /opt/***/data/mercadolivre/shipping_cost_ml/prod/ with extension *.json
[2025-06-23T17:33:38.878+0000] {logging_mixin.py:190} INFO - Deleted all files in /opt/***/data/mercadolivre/shipping_cost_ml/prod/ with extension *.json
[2025-06-23T17:33:38.879+0000] {logging_mixin.py:190} INFO - Deleted all files in /opt/***/data/mercadolivre/shipping_cost_ml/prod/ with extension *.json
[2025-06-23T17:33:38.881+0000] {logging_mixin.py:190} INFO - Deleted all files in /opt/***/data/mercadolivre/shipping_cost_ml/prod/ with extension *.json
[2025-06-23T17:33:38.883+0000] {logging_mixin.py:190} INFO - Deleted all files in /opt/***/data/mercadolivre/shipping_cost_ml/prod/ with extension *.json
[2025-06-23T17:33:38.885+0000] {logging_mixin.py:190} INFO - Deleted all files in /opt/***/data/mercadolivre/shipping_cost_ml/prod/ with extension *.json
[2025-06-23T17:33:38.887+0000] {logging_mixin.py:190} INFO - Deleted all files in /opt/***/data/mercadolivre/shipping_cost_ml/prod/ with extension *.json
[2025-06-23T17:33:38.889+0000] {logging_mixin.py:190} INFO - Deleted all files in /opt/***/data/mercadolivre/shipping_cost_ml/prod/ with extension *.json
[2025-06-23T17:33:38.891+0000] {logging_mixin.py:190} INFO - Deleted all files in /opt/***/data/mercadolivre/shipping_cost_ml/prod/ with extension *.json
[2025-06-23T17:33:38.893+0000] {logging_mixin.py:190} INFO - Deleted all files in /opt/***/data/mercadolivre/shipping_cost_ml/prod/ with extension *.json
[2025-06-23T17:33:38.895+0000] {logging_mixin.py:190} INFO - Deleted all files in /opt/***/data/mercadolivre/shipping_cost_ml/prod/ with extension *.json
[2025-06-23T17:33:38.896+0000] {logging_mixin.py:190} INFO - Deleted all files in /opt/***/data/mercadolivre/shipping_cost_ml/prod/ with extension *.json
[2025-06-23T17:33:38.898+0000] {logging_mixin.py:190} INFO - Deleted all files in /opt/***/data/mercadolivre/shipping_cost_ml/prod/ with extension *.json
[2025-06-23T17:33:38.900+0000] {logging_mixin.py:190} INFO - Deleted all files in /opt/***/data/mercadolivre/shipping_cost_ml/prod/ with extension *.json
[2025-06-23T17:33:38.902+0000] {logging_mixin.py:190} INFO - Deleted all files in /opt/***/data/mercadolivre/shipping_cost_ml/prod/ with extension *.json
[2025-06-23T17:33:38.904+0000] {logging_mixin.py:190} INFO - Deleted all files in /opt/***/data/mercadolivre/shipping_cost_ml/prod/ with extension *.json
[2025-06-23T17:33:38.906+0000] {logging_mixin.py:190} INFO - Deleted all files in /opt/***/data/mercadolivre/shipping_cost_ml/prod/ with extension *.json
[2025-06-23T17:33:38.909+0000] {logging_mixin.py:190} INFO - Deleted all files in /opt/***/data/mercadolivre/shipping_cost_ml/prod/ with extension *.json
[2025-06-23T17:33:38.911+0000] {logging_mixin.py:190} INFO - Deleted all files in /opt/***/data/mercadolivre/shipping_cost_ml/prod/ with extension *.json
[2025-06-23T17:33:38.913+0000] {logging_mixin.py:190} INFO - Deleted all files in /opt/***/data/mercadolivre/shipping_cost_ml/prod/ with extension *.json
[2025-06-23T17:33:38.915+0000] {logging_mixin.py:190} INFO - Deleted all files in /opt/***/data/mercadolivre/shipping_cost_ml/prod/ with extension *.json
[2025-06-23T17:33:38.917+0000] {logging_mixin.py:190} INFO - Deleted all files in /opt/***/data/mercadolivre/shipping_cost_ml/prod/ with extension *.json
[2025-06-23T17:33:38.919+0000] {logging_mixin.py:190} INFO - Deleted all files in /opt/***/data/mercadolivre/shipping_cost_ml/prod/ with extension *.json
[2025-06-23T17:33:38.921+0000] {logging_mixin.py:190} INFO - Deleted all files in /opt/***/data/mercadolivre/shipping_cost_ml/prod/ with extension *.json
[2025-06-23T17:33:38.924+0000] {logging_mixin.py:190} INFO - Deleted all files in /opt/***/data/mercadolivre/shipping_cost_ml/prod/ with extension *.json
[2025-06-23T17:33:38.926+0000] {logging_mixin.py:190} INFO - Deleted all files in /opt/***/data/mercadolivre/shipping_cost_ml/prod/ with extension *.json
[2025-06-23T17:33:38.928+0000] {logging_mixin.py:190} INFO - Deleted all files in /opt/***/data/mercadolivre/shipping_cost_ml/prod/ with extension *.json
[2025-06-23T17:33:38.930+0000] {logging_mixin.py:190} INFO - Deleted all files in /opt/***/data/mercadolivre/shipping_cost_ml/prod/ with extension *.json
[2025-06-23T17:33:38.933+0000] {logging_mixin.py:190} INFO - Deleted all files in /opt/***/data/mercadolivre/shipping_cost_ml/prod/ with extension *.json
[2025-06-23T17:33:38.935+0000] {logging_mixin.py:190} INFO - Deleted all files in /opt/***/data/mercadolivre/shipping_cost_ml/prod/ with extension *.json
[2025-06-23T17:33:38.937+0000] {logging_mixin.py:190} INFO - Deleted all files in /opt/***/data/mercadolivre/shipping_cost_ml/prod/ with extension *.json
[2025-06-23T17:33:38.939+0000] {logging_mixin.py:190} INFO - Deleted all files in /opt/***/data/mercadolivre/shipping_cost_ml/prod/ with extension *.json
[2025-06-23T17:33:38.942+0000] {logging_mixin.py:190} INFO - Deleted all files in /opt/***/data/mercadolivre/shipping_cost_ml/prod/ with extension *.json
[2025-06-23T17:33:38.944+0000] {logging_mixin.py:190} INFO - Deleted all files in /opt/***/data/mercadolivre/shipping_cost_ml/prod/ with extension *.json
[2025-06-23T17:33:38.946+0000] {logging_mixin.py:190} INFO - Deleted all files in /opt/***/data/mercadolivre/shipping_cost_ml/prod/ with extension *.json
[2025-06-23T17:33:38.948+0000] {logging_mixin.py:190} INFO - Deleted all files in /opt/***/data/mercadolivre/shipping_cost_ml/prod/ with extension *.json
[2025-06-23T17:33:38.950+0000] {logging_mixin.py:190} INFO - Deleted all files in /opt/***/data/mercadolivre/shipping_cost_ml/prod/ with extension *.json
[2025-06-23T17:33:38.953+0000] {logging_mixin.py:190} INFO - Deleted all files in /opt/***/data/mercadolivre/shipping_cost_ml/prod/ with extension *.json
[2025-06-23T17:33:38.955+0000] {logging_mixin.py:190} INFO - Deleted all files in /opt/***/data/mercadolivre/shipping_cost_ml/prod/ with extension *.json
[2025-06-23T17:33:38.958+0000] {logging_mixin.py:190} INFO - Deleted all files in /opt/***/data/mercadolivre/shipping_cost_ml/prod/ with extension *.json
[2025-06-23T17:33:38.960+0000] {logging_mixin.py:190} INFO - Deleted all files in /opt/***/data/mercadolivre/shipping_cost_ml/prod/ with extension *.json
[2025-06-23T17:33:38.962+0000] {logging_mixin.py:190} INFO - Deleted all files in /opt/***/data/mercadolivre/shipping_cost_ml/prod/ with extension *.json
[2025-06-23T17:33:38.964+0000] {logging_mixin.py:190} INFO - Deleted all files in /opt/***/data/mercadolivre/shipping_cost_ml/prod/ with extension *.json
[2025-06-23T17:33:38.966+0000] {logging_mixin.py:190} INFO - Deleted all files in /opt/***/data/mercadolivre/shipping_cost_ml/prod/ with extension *.json
[2025-06-23T17:33:38.968+0000] {logging_mixin.py:190} INFO - Deleted all files in /opt/***/data/mercadolivre/shipping_cost_ml/prod/ with extension *.json
[2025-06-23T17:33:38.970+0000] {logging_mixin.py:190} INFO - Deleted all files in /opt/***/data/mercadolivre/shipping_cost_ml/prod/ with extension *.json
[2025-06-23T17:33:38.972+0000] {logging_mixin.py:190} INFO - Deleted all files in /opt/***/data/mercadolivre/shipping_cost_ml/prod/ with extension *.json
[2025-06-23T17:33:38.974+0000] {logging_mixin.py:190} INFO - Deleted all files in /opt/***/data/mercadolivre/shipping_cost_ml/prod/ with extension *.json
[2025-06-23T17:33:38.976+0000] {logging_mixin.py:190} INFO - Deleted all files in /opt/***/data/mercadolivre/shipping_cost_ml/prod/ with extension *.json
[2025-06-23T17:33:38.978+0000] {logging_mixin.py:190} INFO - Deleted all files in /opt/***/data/mercadolivre/shipping_cost_ml/prod/ with extension *.json
[2025-06-23T17:33:38.980+0000] {logging_mixin.py:190} INFO - Deleted all files in /opt/***/data/mercadolivre/shipping_cost_ml/prod/ with extension *.json
[2025-06-23T17:33:38.982+0000] {logging_mixin.py:190} INFO - Deleted all files in /opt/***/data/mercadolivre/shipping_cost_ml/prod/ with extension *.json
[2025-06-23T17:33:38.984+0000] {logging_mixin.py:190} INFO - Deleted all files in /opt/***/data/mercadolivre/shipping_cost_ml/prod/ with extension *.json
[2025-06-23T17:33:38.986+0000] {logging_mixin.py:190} INFO - Deleted all files in /opt/***/data/mercadolivre/shipping_cost_ml/prod/ with extension *.json
[2025-06-23T17:33:38.988+0000] {logging_mixin.py:190} INFO - Deleted all files in /opt/***/data/mercadolivre/shipping_cost_ml/prod/ with extension *.json
[2025-06-23T17:33:38.991+0000] {logging_mixin.py:190} INFO - Deleted all files in /opt/***/data/mercadolivre/shipping_cost_ml/prod/ with extension *.json
[2025-06-23T17:33:38.993+0000] {logging_mixin.py:190} INFO - Deleted all files in /opt/***/data/mercadolivre/shipping_cost_ml/prod/ with extension *.json
[2025-06-23T17:33:38.995+0000] {logging_mixin.py:190} INFO - Deleted all files in /opt/***/data/mercadolivre/shipping_cost_ml/prod/ with extension *.json
[2025-06-23T17:33:38.997+0000] {logging_mixin.py:190} INFO - Deleted all files in /opt/***/data/mercadolivre/shipping_cost_ml/prod/ with extension *.json
[2025-06-23T17:33:38.999+0000] {logging_mixin.py:190} INFO - Deleted all files in /opt/***/data/mercadolivre/shipping_cost_ml/prod/ with extension *.json
[2025-06-23T17:33:39.001+0000] {logging_mixin.py:190} INFO - Deleted all files in /opt/***/data/mercadolivre/shipping_cost_ml/prod/ with extension *.json
[2025-06-23T17:33:39.002+0000] {logging_mixin.py:190} INFO - Deleted all files in /opt/***/data/mercadolivre/shipping_cost_ml/prod/ with extension *.json
[2025-06-23T17:33:39.004+0000] {logging_mixin.py:190} INFO - Deleted all files in /opt/***/data/mercadolivre/shipping_cost_ml/prod/ with extension *.json
[2025-06-23T17:33:39.006+0000] {logging_mixin.py:190} INFO - Deleted all files in /opt/***/data/mercadolivre/shipping_cost_ml/prod/ with extension *.json
[2025-06-23T17:33:39.008+0000] {logging_mixin.py:190} INFO - Deleted all files in /opt/***/data/mercadolivre/shipping_cost_ml/prod/ with extension *.json
[2025-06-23T17:33:39.010+0000] {logging_mixin.py:190} INFO - Deleted all files in /opt/***/data/mercadolivre/shipping_cost_ml/prod/ with extension *.json
[2025-06-23T17:33:39.012+0000] {logging_mixin.py:190} INFO - Deleted all files in /opt/***/data/mercadolivre/shipping_cost_ml/prod/ with extension *.json
[2025-06-23T17:33:39.013+0000] {logging_mixin.py:190} INFO - Deleted all files in /opt/***/data/mercadolivre/shipping_cost_ml/prod/ with extension *.json
[2025-06-23T17:33:39.015+0000] {logging_mixin.py:190} INFO - Deleted all files in /opt/***/data/mercadolivre/shipping_cost_ml/prod/ with extension *.json
[2025-06-23T17:33:39.017+0000] {logging_mixin.py:190} INFO - Deleted all files in /opt/***/data/mercadolivre/shipping_cost_ml/prod/ with extension *.json
[2025-06-23T17:33:39.019+0000] {logging_mixin.py:190} INFO - Deleted all files in /opt/***/data/mercadolivre/shipping_cost_ml/prod/ with extension *.json
[2025-06-23T17:33:39.021+0000] {logging_mixin.py:190} INFO - Deleted all files in /opt/***/data/mercadolivre/shipping_cost_ml/prod/ with extension *.json
[2025-06-23T17:33:39.023+0000] {logging_mixin.py:190} INFO - Deleted all files in /opt/***/data/mercadolivre/shipping_cost_ml/prod/ with extension *.json
[2025-06-23T17:33:39.025+0000] {logging_mixin.py:190} INFO - Deleted all files in /opt/***/data/mercadolivre/shipping_cost_ml/prod/ with extension *.json
[2025-06-23T17:33:39.027+0000] {logging_mixin.py:190} INFO - Deleted all files in /opt/***/data/mercadolivre/shipping_cost_ml/prod/ with extension *.json
[2025-06-23T17:33:39.028+0000] {logging_mixin.py:190} INFO - Deleted all files in /opt/***/data/mercadolivre/shipping_cost_ml/prod/ with extension *.json
[2025-06-23T17:33:39.030+0000] {logging_mixin.py:190} INFO - Deleted all files in /opt/***/data/mercadolivre/shipping_cost_ml/prod/ with extension *.json
[2025-06-23T17:33:39.032+0000] {logging_mixin.py:190} INFO - Deleted all files in /opt/***/data/mercadolivre/shipping_cost_ml/prod/ with extension *.json
[2025-06-23T17:33:39.034+0000] {logging_mixin.py:190} INFO - Deleted all files in /opt/***/data/mercadolivre/shipping_cost_ml/prod/ with extension *.json
[2025-06-23T17:33:39.035+0000] {logging_mixin.py:190} INFO - Deleted all files in /opt/***/data/mercadolivre/shipping_cost_ml/prod/ with extension *.json
[2025-06-23T17:33:39.038+0000] {logging_mixin.py:190} INFO - Deleted all files in /opt/***/data/mercadolivre/shipping_cost_ml/prod/ with extension *.json
[2025-06-23T17:33:39.039+0000] {logging_mixin.py:190} INFO - Deleted all files in /opt/***/data/mercadolivre/shipping_cost_ml/prod/ with extension *.json
[2025-06-23T17:33:39.041+0000] {logging_mixin.py:190} INFO - Deleted all files in /opt/***/data/mercadolivre/shipping_cost_ml/prod/ with extension *.json
[2025-06-23T17:33:39.043+0000] {logging_mixin.py:190} INFO - Deleted all files in /opt/***/data/mercadolivre/shipping_cost_ml/prod/ with extension *.json
[2025-06-23T17:33:39.045+0000] {logging_mixin.py:190} INFO - Deleted all files in /opt/***/data/mercadolivre/shipping_cost_ml/prod/ with extension *.json
[2025-06-23T17:33:39.047+0000] {logging_mixin.py:190} INFO - Deleted all files in /opt/***/data/mercadolivre/shipping_cost_ml/prod/ with extension *.json
[2025-06-23T17:33:39.049+0000] {logging_mixin.py:190} INFO - Deleted all files in /opt/***/data/mercadolivre/shipping_cost_ml/prod/ with extension *.json
[2025-06-23T17:33:39.051+0000] {logging_mixin.py:190} INFO - Deleted all files in /opt/***/data/mercadolivre/shipping_cost_ml/prod/ with extension *.json
[2025-06-23T17:33:39.053+0000] {logging_mixin.py:190} INFO - Deleted all files in /opt/***/data/mercadolivre/shipping_cost_ml/prod/ with extension *.json
[2025-06-23T17:33:39.055+0000] {logging_mixin.py:190} INFO - Deleted all files in /opt/***/data/mercadolivre/shipping_cost_ml/prod/ with extension *.json
[2025-06-23T17:33:39.057+0000] {logging_mixin.py:190} INFO - Deleted all files in /opt/***/data/mercadolivre/shipping_cost_ml/prod/ with extension *.json
[2025-06-23T17:33:39.060+0000] {logging_mixin.py:190} INFO - Deleted all files in /opt/***/data/mercadolivre/shipping_cost_ml/prod/ with extension *.json
[2025-06-23T17:33:39.062+0000] {logging_mixin.py:190} INFO - Deleted all files in /opt/***/data/mercadolivre/shipping_cost_ml/prod/ with extension *.json
[2025-06-23T17:33:39.064+0000] {logging_mixin.py:190} INFO - Deleted all files in /opt/***/data/mercadolivre/shipping_cost_ml/prod/ with extension *.json
[2025-06-23T17:33:39.066+0000] {logging_mixin.py:190} INFO - Deleted all files in /opt/***/data/mercadolivre/shipping_cost_ml/prod/ with extension *.json
[2025-06-23T17:33:39.067+0000] {logging_mixin.py:190} INFO - Deleted all files in /opt/***/data/mercadolivre/shipping_cost_ml/prod/ with extension *.json
[2025-06-23T17:33:39.070+0000] {logging_mixin.py:190} INFO - Deleted all files in /opt/***/data/mercadolivre/shipping_cost_ml/prod/ with extension *.json
[2025-06-23T17:33:39.072+0000] {logging_mixin.py:190} INFO - Deleted all files in /opt/***/data/mercadolivre/shipping_cost_ml/prod/ with extension *.json
[2025-06-23T17:33:39.072+0000] {python.py:240} INFO - Done. Returned value was: None
[2025-06-23T17:33:39.082+0000] {taskinstance.py:340} INFO - ::group::Post task execution logs
[2025-06-23T17:33:39.083+0000] {taskinstance.py:352} INFO - Marking task as SUCCESS. dag_id=06_delete_entry_data_prod, task_id=delete_ml_sh_files, run_id=manual__2025-06-23T17:33:36.629182+00:00, execution_date=20250623T173336, start_date=20250623T173338, end_date=20250623T173339
[2025-06-23T17:33:39.106+0000] {local_task_job_runner.py:266} INFO - Task exited with return code 0
[2025-06-23T17:33:39.123+0000] {taskinstance.py:3895} INFO - 0 downstream tasks scheduled from follow-on schedule check
[2025-06-23T17:33:39.126+0000] {local_task_job_runner.py:245} INFO - ::endgroup::
