[2025-05-19T18:45:47.474+0000] {local_task_job_runner.py:123} INFO - ::group::Pre task execution logs
[2025-05-19T18:45:47.493+0000] {taskinstance.py:2613} INFO - Dependencies all met for dep_context=non-requeueable deps ti=<TaskInstance: 04_transform_data.run_dbt manual__2025-05-19T18:45:46.390206+00:00 [queued]>
[2025-05-19T18:45:47.503+0000] {taskinstance.py:2613} INFO - Dependencies all met for dep_context=requeueable deps ti=<TaskInstance: 04_transform_data.run_dbt manual__2025-05-19T18:45:46.390206+00:00 [queued]>
[2025-05-19T18:45:47.504+0000] {taskinstance.py:2866} INFO - Starting attempt 1 of 1
[2025-05-19T18:45:47.517+0000] {taskinstance.py:2889} INFO - Executing <Task(PythonOperator): run_dbt> on 2025-05-19 18:45:46.390206+00:00
[2025-05-19T18:45:47.521+0000] {standard_task_runner.py:72} INFO - Started process 2158 to run task
[2025-05-19T18:45:47.524+0000] {standard_task_runner.py:104} INFO - Running: ['***', 'tasks', 'run', '04_transform_data', 'run_dbt', 'manual__2025-05-19T18:45:46.390206+00:00', '--job-id', '37', '--raw', '--subdir', 'DAGS_FOLDER/04_transform_data.py', '--cfg-path', '/tmp/tmpd00x63pd']
[2025-05-19T18:45:47.526+0000] {standard_task_runner.py:105} INFO - Job 37: Subtask run_dbt
[2025-05-19T18:45:47.578+0000] {task_command.py:467} INFO - Running <TaskInstance: 04_transform_data.run_dbt manual__2025-05-19T18:45:46.390206+00:00 [running]> on host 68e8d748c575
[2025-05-19T18:45:47.672+0000] {taskinstance.py:3132} INFO - Exporting env vars: AIRFLOW_CTX_DAG_OWNER='***' AIRFLOW_CTX_DAG_ID='04_transform_data' AIRFLOW_CTX_TASK_ID='run_dbt' AIRFLOW_CTX_EXECUTION_DATE='2025-05-19T18:45:46.390206+00:00' AIRFLOW_CTX_TRY_NUMBER='1' AIRFLOW_CTX_DAG_RUN_ID='manual__2025-05-19T18:45:46.390206+00:00'
[2025-05-19T18:45:47.674+0000] {taskinstance.py:731} INFO - ::endgroup::
[2025-05-19T18:45:49.386+0000] {logging_mixin.py:190} INFO - 18:45:49  Running with dbt=1.9.4
[2025-05-19T18:45:49.740+0000] {logging_mixin.py:190} INFO - 18:45:49  Registered adapter: postgres=1.9.0
[2025-05-19T18:45:50.996+0000] {logging_mixin.py:190} INFO - 18:45:50  [WARNING]: Configuration paths exist in your dbt_project.yml file which do not apply to any resources.
There are 1 unused configuration paths:
- models.e_commerce_sales.example
[2025-05-19T18:45:51.160+0000] {logging_mixin.py:190} INFO - 18:45:51  Found 6 models, 12 sources, 433 macros
[2025-05-19T18:45:51.164+0000] {logging_mixin.py:190} INFO - 18:45:51
[2025-05-19T18:45:51.166+0000] {logging_mixin.py:190} INFO - 18:45:51  Concurrency: 4 threads (target='dev')
[2025-05-19T18:45:51.168+0000] {logging_mixin.py:190} INFO - 18:45:51
[2025-05-19T18:45:51.288+0000] {logging_mixin.py:190} INFO - 18:45:51  1 of 6 START sql incremental model sales.mercadolivre_orders_results ........... [RUN]
[2025-05-19T18:45:51.290+0000] {logging_mixin.py:190} INFO - 18:45:51  2 of 6 START sql incremental model sales.shopee_new_id ......................... [RUN]
[2025-05-19T18:45:51.668+0000] {logging_mixin.py:190} INFO - 18:45:51  2 of 6 OK created sql incremental model sales.shopee_new_id .................... [MERGE 0 in 0.37s]
[2025-05-19T18:45:51.670+0000] {logging_mixin.py:190} INFO - 18:45:51  1 of 6 OK created sql incremental model sales.mercadolivre_orders_results ...... [MERGE 255 in 0.37s]
[2025-05-19T18:45:51.679+0000] {logging_mixin.py:190} INFO - 18:45:51  3 of 6 START sql incremental model sales.shopee_orders_results ................. [RUN]
[2025-05-19T18:45:51.681+0000] {logging_mixin.py:190} INFO - 18:45:51  4 of 6 START sql incremental model sales.mercadolivre_profits .................. [RUN]
[2025-05-19T18:45:51.842+0000] {logging_mixin.py:190} INFO - 18:45:51  3 of 6 OK created sql incremental model sales.shopee_orders_results ............ [MERGE 0 in 0.16s]
[2025-05-19T18:45:51.844+0000] {logging_mixin.py:190} INFO - 18:45:51  4 of 6 OK created sql incremental model sales.mercadolivre_profits ............. [MERGE 250 in 0.16s]
[2025-05-19T18:45:51.849+0000] {logging_mixin.py:190} INFO - 18:45:51  5 of 6 START sql incremental model sales.dim_shopee_orders ..................... [RUN]
[2025-05-19T18:45:51.851+0000] {logging_mixin.py:190} INFO - 18:45:51  6 of 6 START sql incremental model sales.shopee_profits ........................ [RUN]
[2025-05-19T18:45:51.959+0000] {logging_mixin.py:190} INFO - 18:45:51  5 of 6 OK created sql incremental model sales.dim_shopee_orders ................ [SELECT 2727 in 0.10s]
[2025-05-19T18:45:52.010+0000] {logging_mixin.py:190} INFO - 18:45:52  6 of 6 OK created sql incremental model sales.shopee_profits ................... [MERGE 2727 in 0.15s]
[2025-05-19T18:45:52.036+0000] {logging_mixin.py:190} INFO - 18:45:52
[2025-05-19T18:45:52.037+0000] {logging_mixin.py:190} INFO - 18:45:52  Finished running 6 incremental models in 0 hours 0 minutes and 0.87 seconds (0.87s).
[2025-05-19T18:45:52.096+0000] {logging_mixin.py:190} INFO - 18:45:52
[2025-05-19T18:45:52.097+0000] {logging_mixin.py:190} INFO - 18:45:52  Completed successfully
[2025-05-19T18:45:52.099+0000] {logging_mixin.py:190} INFO - 18:45:52
[2025-05-19T18:45:52.100+0000] {logging_mixin.py:190} INFO - 18:45:52  Done. PASS=6 WARN=0 ERROR=0 SKIP=0 TOTAL=6
[2025-05-19T18:45:53.003+0000] {logging_mixin.py:190} INFO - Transformation sucessfully done.
[2025-05-19T18:45:53.006+0000] {python.py:240} INFO - Done. Returned value was: None
[2025-05-19T18:45:53.020+0000] {taskinstance.py:340} INFO - ::group::Post task execution logs
[2025-05-19T18:45:53.021+0000] {taskinstance.py:352} INFO - Marking task as SUCCESS. dag_id=04_transform_data, task_id=run_dbt, run_id=manual__2025-05-19T18:45:46.390206+00:00, execution_date=20250519T184546, start_date=20250519T184547, end_date=20250519T184553
[2025-05-19T18:45:53.081+0000] {local_task_job_runner.py:266} INFO - Task exited with return code 0
[2025-05-19T18:45:53.098+0000] {taskinstance.py:3895} INFO - 0 downstream tasks scheduled from follow-on schedule check
[2025-05-19T18:45:53.101+0000] {local_task_job_runner.py:245} INFO - ::endgroup::
