[2025-06-05T17:52:55.814+0000] {local_task_job_runner.py:123} INFO - ::group::Pre task execution logs
[2025-06-05T17:52:55.833+0000] {taskinstance.py:2613} INFO - Dependencies all met for dep_context=non-requeueable deps ti=<TaskInstance: 04_transform_data.install_dbt_deps manual__2025-06-05T17:52:53.853270+00:00 [queued]>
[2025-06-05T17:52:55.841+0000] {taskinstance.py:2613} INFO - Dependencies all met for dep_context=requeueable deps ti=<TaskInstance: 04_transform_data.install_dbt_deps manual__2025-06-05T17:52:53.853270+00:00 [queued]>
[2025-06-05T17:52:55.843+0000] {taskinstance.py:2866} INFO - Starting attempt 1 of 1
[2025-06-05T17:52:55.856+0000] {taskinstance.py:2889} INFO - Executing <Task(PythonOperator): install_dbt_deps> on 2025-06-05 17:52:53.853270+00:00
[2025-06-05T17:52:55.861+0000] {standard_task_runner.py:72} INFO - Started process 580 to run task
[2025-06-05T17:52:55.865+0000] {standard_task_runner.py:104} INFO - Running: ['***', 'tasks', 'run', '04_transform_data', 'install_dbt_deps', 'manual__2025-06-05T17:52:53.853270+00:00', '--job-id', '324', '--raw', '--subdir', 'DAGS_FOLDER/04_transform_data.py', '--cfg-path', '/tmp/tmpxmfy9j0d']
[2025-06-05T17:52:55.867+0000] {standard_task_runner.py:105} INFO - Job 324: Subtask install_dbt_deps
[2025-06-05T17:52:55.921+0000] {task_command.py:467} INFO - Running <TaskInstance: 04_transform_data.install_dbt_deps manual__2025-06-05T17:52:53.853270+00:00 [running]> on host 28e6a58e4107
[2025-06-05T17:52:56.005+0000] {taskinstance.py:3132} INFO - Exporting env vars: AIRFLOW_CTX_DAG_OWNER='***' AIRFLOW_CTX_DAG_ID='04_transform_data' AIRFLOW_CTX_TASK_ID='install_dbt_deps' AIRFLOW_CTX_EXECUTION_DATE='2025-06-05T17:52:53.853270+00:00' AIRFLOW_CTX_TRY_NUMBER='1' AIRFLOW_CTX_DAG_RUN_ID='manual__2025-06-05T17:52:53.853270+00:00'
[2025-06-05T17:52:56.007+0000] {taskinstance.py:731} INFO - ::endgroup::
[2025-06-05T17:52:57.684+0000] {logging_mixin.py:190} INFO - 17:52:57  Running with dbt=1.9.5
[2025-06-05T17:52:58.364+0000] {logging_mixin.py:190} INFO - 17:52:58  Installing dbt-labs/dbt_utils
[2025-06-05T17:53:01.712+0000] {logging_mixin.py:190} INFO - 17:53:01  Installed from version 1.2.0
[2025-06-05T17:53:01.713+0000] {logging_mixin.py:190} INFO - 17:53:01  Updated version available: 1.3.0
[2025-06-05T17:53:01.715+0000] {logging_mixin.py:190} INFO - 17:53:01
[2025-06-05T17:53:01.717+0000] {logging_mixin.py:190} INFO - 17:53:01  Updates available for packages: ['dbt-labs/dbt_utils']                 
Update your versions in packages.yml, then run dbt deps
[2025-06-05T17:53:02.393+0000] {logging_mixin.py:190} INFO - Dependencies sucessfully installed.
[2025-06-05T17:53:02.395+0000] {python.py:240} INFO - Done. Returned value was: None
[2025-06-05T17:53:02.410+0000] {taskinstance.py:340} INFO - ::group::Post task execution logs
[2025-06-05T17:53:02.412+0000] {taskinstance.py:352} INFO - Marking task as SUCCESS. dag_id=04_transform_data, task_id=install_dbt_deps, run_id=manual__2025-06-05T17:52:53.853270+00:00, execution_date=20250605T175253, start_date=20250605T175255, end_date=20250605T175302
[2025-06-05T17:53:02.460+0000] {local_task_job_runner.py:266} INFO - Task exited with return code 0
[2025-06-05T17:53:02.486+0000] {taskinstance.py:3895} INFO - 1 downstream tasks scheduled from follow-on schedule check
[2025-06-05T17:53:02.490+0000] {local_task_job_runner.py:245} INFO - ::endgroup::
