[2025-06-10T22:15:09.625+0000] {local_task_job_runner.py:123} INFO - ::group::Pre task execution logs
[2025-06-10T22:15:09.644+0000] {taskinstance.py:2613} INFO - Dependencies all met for dep_context=non-requeueable deps ti=<TaskInstance: 05_transform_data.install_dbt_deps manual__2025-06-10T22:15:07.590638+00:00 [queued]>
[2025-06-10T22:15:09.653+0000] {taskinstance.py:2613} INFO - Dependencies all met for dep_context=requeueable deps ti=<TaskInstance: 05_transform_data.install_dbt_deps manual__2025-06-10T22:15:07.590638+00:00 [queued]>
[2025-06-10T22:15:09.654+0000] {taskinstance.py:2866} INFO - Starting attempt 1 of 1
[2025-06-10T22:15:09.667+0000] {taskinstance.py:2889} INFO - Executing <Task(PythonOperator): install_dbt_deps> on 2025-06-10 22:15:07.590638+00:00
[2025-06-10T22:15:09.671+0000] {standard_task_runner.py:72} INFO - Started process 10434 to run task
[2025-06-10T22:15:09.675+0000] {standard_task_runner.py:104} INFO - Running: ['***', 'tasks', 'run', '05_transform_data', 'install_dbt_deps', 'manual__2025-06-10T22:15:07.590638+00:00', '--job-id', '781', '--raw', '--subdir', 'DAGS_FOLDER/05_transform_data.py', '--cfg-path', '/tmp/tmpzcmu6ogj']
[2025-06-10T22:15:09.677+0000] {standard_task_runner.py:105} INFO - Job 781: Subtask install_dbt_deps
[2025-06-10T22:15:09.730+0000] {task_command.py:467} INFO - Running <TaskInstance: 05_transform_data.install_dbt_deps manual__2025-06-10T22:15:07.590638+00:00 [running]> on host 28e6a58e4107
[2025-06-10T22:15:09.816+0000] {taskinstance.py:3132} INFO - Exporting env vars: AIRFLOW_CTX_DAG_OWNER='***' AIRFLOW_CTX_DAG_ID='05_transform_data' AIRFLOW_CTX_TASK_ID='install_dbt_deps' AIRFLOW_CTX_EXECUTION_DATE='2025-06-10T22:15:07.590638+00:00' AIRFLOW_CTX_TRY_NUMBER='1' AIRFLOW_CTX_DAG_RUN_ID='manual__2025-06-10T22:15:07.590638+00:00'
[2025-06-10T22:15:09.817+0000] {taskinstance.py:731} INFO - ::endgroup::
[2025-06-10T22:15:11.448+0000] {logging_mixin.py:190} INFO - 22:15:11  Running with dbt=1.9.5
[2025-06-10T22:15:12.747+0000] {logging_mixin.py:190} INFO - 22:15:12  Installing dbt-labs/dbt_utils
[2025-06-10T22:15:20.882+0000] {logging_mixin.py:190} INFO - 22:15:20  Installed from version 1.2.0
[2025-06-10T22:15:20.884+0000] {logging_mixin.py:190} INFO - 22:15:20  Updated version available: 1.3.0
[2025-06-10T22:15:20.888+0000] {logging_mixin.py:190} INFO - 22:15:20
[2025-06-10T22:15:20.889+0000] {logging_mixin.py:190} INFO - 22:15:20  Updates available for packages: ['dbt-labs/dbt_utils']                 
Update your versions in packages.yml, then run dbt deps
[2025-06-10T22:15:21.580+0000] {logging_mixin.py:190} INFO - Dependencies sucessfully installed.
[2025-06-10T22:15:21.581+0000] {python.py:240} INFO - Done. Returned value was: None
[2025-06-10T22:15:21.602+0000] {taskinstance.py:340} INFO - ::group::Post task execution logs
[2025-06-10T22:15:21.603+0000] {taskinstance.py:352} INFO - Marking task as SUCCESS. dag_id=05_transform_data, task_id=install_dbt_deps, run_id=manual__2025-06-10T22:15:07.590638+00:00, execution_date=20250610T221507, start_date=20250610T221509, end_date=20250610T221521
[2025-06-10T22:15:21.642+0000] {local_task_job_runner.py:266} INFO - Task exited with return code 0
[2025-06-10T22:15:21.677+0000] {taskinstance.py:3895} INFO - 1 downstream tasks scheduled from follow-on schedule check
[2025-06-10T22:15:21.680+0000] {local_task_job_runner.py:245} INFO - ::endgroup::
