[2025-06-16T14:21:52.816+0000] {local_task_job_runner.py:123} INFO - ::group::Pre task execution logs
[2025-06-16T14:21:52.837+0000] {taskinstance.py:2613} INFO - Dependencies all met for dep_context=non-requeueable deps ti=<TaskInstance: 00_create_IAC.create_schemas manual__2025-06-16T14:21:41.867632+00:00 [queued]>
[2025-06-16T14:21:52.847+0000] {taskinstance.py:2613} INFO - Dependencies all met for dep_context=requeueable deps ti=<TaskInstance: 00_create_IAC.create_schemas manual__2025-06-16T14:21:41.867632+00:00 [queued]>
[2025-06-16T14:21:52.868+0000] {taskinstance.py:2866} INFO - Starting attempt 1 of 1
[2025-06-16T14:21:52.891+0000] {taskinstance.py:2889} INFO - Executing <Task(PythonOperator): create_schemas> on 2025-06-16 14:21:41.867632+00:00
[2025-06-16T14:21:52.897+0000] {standard_task_runner.py:72} INFO - Started process 296 to run task
[2025-06-16T14:21:52.902+0000] {standard_task_runner.py:104} INFO - Running: ['***', 'tasks', 'run', '00_create_IAC', 'create_schemas', 'manual__2025-06-16T14:21:41.867632+00:00', '--job-id', '13', '--raw', '--subdir', 'DAGS_FOLDER/00_create_iac.py', '--cfg-path', '/tmp/tmpqcmwbmrc']
[2025-06-16T14:21:52.905+0000] {standard_task_runner.py:105} INFO - Job 13: Subtask create_schemas
[2025-06-16T14:21:52.992+0000] {task_command.py:467} INFO - Running <TaskInstance: 00_create_IAC.create_schemas manual__2025-06-16T14:21:41.867632+00:00 [running]> on host 5b7cdd28fdf5
[2025-06-16T14:21:53.125+0000] {taskinstance.py:3132} INFO - Exporting env vars: AIRFLOW_CTX_DAG_OWNER='***' AIRFLOW_CTX_DAG_ID='00_create_IAC' AIRFLOW_CTX_TASK_ID='create_schemas' AIRFLOW_CTX_EXECUTION_DATE='2025-06-16T14:21:41.867632+00:00' AIRFLOW_CTX_TRY_NUMBER='1' AIRFLOW_CTX_DAG_RUN_ID='manual__2025-06-16T14:21:41.867632+00:00'
[2025-06-16T14:21:53.126+0000] {taskinstance.py:731} INFO - ::endgroup::
[2025-06-16T14:21:53.142+0000] {logging_mixin.py:190} INFO - Running ['terraform', '--version']
[2025-06-16T14:21:53.227+0000] {logging_mixin.py:190} INFO - ['terraform', '--version'] ran successfully.
[2025-06-16T14:21:53.229+0000] {logging_mixin.py:190} INFO - Running ['terraform', 'init']
[2025-06-16T14:21:54.839+0000] {logging_mixin.py:190} INFO - ['terraform', 'init'] ran successfully.
[2025-06-16T14:21:54.840+0000] {logging_mixin.py:190} INFO - Running ['terraform', 'apply', '-auto-approve']
[2025-06-16T14:21:58.638+0000] {logging_mixin.py:190} INFO - ['terraform', 'apply', '-auto-approve'] ran successfully.
[2025-06-16T14:21:58.642+0000] {python.py:240} INFO - Done. Returned value was: None
[2025-06-16T14:21:58.664+0000] {taskinstance.py:340} INFO - ::group::Post task execution logs
[2025-06-16T14:21:58.666+0000] {taskinstance.py:352} INFO - Marking task as SUCCESS. dag_id=00_create_IAC, task_id=create_schemas, run_id=manual__2025-06-16T14:21:41.867632+00:00, execution_date=20250616T142141, start_date=20250616T142152, end_date=20250616T142158
[2025-06-16T14:21:58.705+0000] {local_task_job_runner.py:266} INFO - Task exited with return code 0
[2025-06-16T14:21:58.721+0000] {taskinstance.py:3895} INFO - 0 downstream tasks scheduled from follow-on schedule check
[2025-06-16T14:21:58.736+0000] {local_task_job_runner.py:245} INFO - ::endgroup::
