[2025-06-05T20:17:38.408+0000] {local_task_job_runner.py:123} INFO - ::group::Pre task execution logs
[2025-06-05T20:17:38.427+0000] {taskinstance.py:2613} INFO - Dependencies all met for dep_context=non-requeueable deps ti=<TaskInstance: 04_transform_data.run_dbt manual__2025-06-05T20:17:28.713928+00:00 [queued]>
[2025-06-05T20:17:38.437+0000] {taskinstance.py:2613} INFO - Dependencies all met for dep_context=requeueable deps ti=<TaskInstance: 04_transform_data.run_dbt manual__2025-06-05T20:17:28.713928+00:00 [queued]>
[2025-06-05T20:17:38.439+0000] {taskinstance.py:2866} INFO - Starting attempt 1 of 1
[2025-06-05T20:17:38.453+0000] {taskinstance.py:2889} INFO - Executing <Task(PythonOperator): run_dbt> on 2025-06-05 20:17:28.713928+00:00
[2025-06-05T20:17:38.457+0000] {standard_task_runner.py:72} INFO - Started process 2732 to run task
[2025-06-05T20:17:38.460+0000] {standard_task_runner.py:104} INFO - Running: ['***', 'tasks', 'run', '04_transform_data', 'run_dbt', 'manual__2025-06-05T20:17:28.713928+00:00', '--job-id', '353', '--raw', '--subdir', 'DAGS_FOLDER/04_transform_data.py', '--cfg-path', '/tmp/tmp873445bf']
[2025-06-05T20:17:38.462+0000] {standard_task_runner.py:105} INFO - Job 353: Subtask run_dbt
[2025-06-05T20:17:38.514+0000] {task_command.py:467} INFO - Running <TaskInstance: 04_transform_data.run_dbt manual__2025-06-05T20:17:28.713928+00:00 [running]> on host 28e6a58e4107
[2025-06-05T20:17:38.599+0000] {taskinstance.py:3132} INFO - Exporting env vars: AIRFLOW_CTX_DAG_OWNER='***' AIRFLOW_CTX_DAG_ID='04_transform_data' AIRFLOW_CTX_TASK_ID='run_dbt' AIRFLOW_CTX_EXECUTION_DATE='2025-06-05T20:17:28.713928+00:00' AIRFLOW_CTX_TRY_NUMBER='1' AIRFLOW_CTX_DAG_RUN_ID='manual__2025-06-05T20:17:28.713928+00:00'
[2025-06-05T20:17:38.600+0000] {taskinstance.py:731} INFO - ::endgroup::
[2025-06-05T20:17:40.323+0000] {logging_mixin.py:190} INFO - 20:17:40  Running with dbt=1.9.5
[2025-06-05T20:17:40.702+0000] {logging_mixin.py:190} INFO - 20:17:40  Registered adapter: postgres=1.9.0
[2025-06-05T20:17:41.945+0000] {logging_mixin.py:190} INFO - 20:17:41  [WARNING]: Configuration paths exist in your dbt_project.yml file which do not apply to any resources.
There are 1 unused configuration paths:
- models.e_commerce_sales.example
[2025-06-05T20:17:42.332+0000] {logging_mixin.py:190} INFO - 20:17:42  Found 11 models, 12 sources, 549 macros, 1 unit test
[2025-06-05T20:17:42.337+0000] {logging_mixin.py:190} INFO - 20:17:42
[2025-06-05T20:17:42.339+0000] {logging_mixin.py:190} INFO - 20:17:42  Concurrency: 4 threads (target='dev')
[2025-06-05T20:17:42.341+0000] {logging_mixin.py:190} INFO - 20:17:42
[2025-06-05T20:17:42.479+0000] {logging_mixin.py:190} INFO - 20:17:42  1 of 11 START sql incremental model sales.dim_shopee_product ................... [RUN]
[2025-06-05T20:17:42.480+0000] {logging_mixin.py:190} INFO - 20:17:42  2 of 11 START sql incremental model sales.mercadolivre_orders_results .......... [RUN]
[2025-06-05T20:17:42.482+0000] {logging_mixin.py:190} INFO - 20:17:42  3 of 11 START sql incremental model sales.shopee_new_id ........................ [RUN]
[2025-06-05T20:17:42.915+0000] {logging_mixin.py:190} INFO - 20:17:42  1 of 11 OK created sql incremental model sales.dim_shopee_product .............. [MERGE 0 in 0.43s]
[2025-06-05T20:17:42.922+0000] {logging_mixin.py:190} INFO - 20:17:42  3 of 11 OK created sql incremental model sales.shopee_new_id ................... [MERGE 0 in 0.43s]
[2025-06-05T20:17:42.924+0000] {logging_mixin.py:190} INFO - 20:17:42  2 of 11 OK created sql incremental model sales.mercadolivre_orders_results ..... [MERGE 190 in 0.43s]
[2025-06-05T20:17:42.932+0000] {logging_mixin.py:190} INFO - 20:17:42  4 of 11 START sql incremental model sales.shopee_orders_results ................ [RUN]
[2025-06-05T20:17:42.934+0000] {logging_mixin.py:190} INFO - 20:17:42  5 of 11 START sql incremental model sales.dim_mercadolivre_buyer ............... [RUN]
[2025-06-05T20:17:42.936+0000] {logging_mixin.py:190} INFO - 20:17:42  6 of 11 START sql incremental model sales.dim_mercadolivre_date ................ [RUN]
[2025-06-05T20:17:42.937+0000] {logging_mixin.py:190} INFO - 20:17:42  7 of 11 START sql incremental model sales.dim_mercadolivre_orders_status ....... [RUN]
[2025-06-05T20:17:43.229+0000] {logging_mixin.py:190} INFO - 20:17:43  4 of 11 OK created sql incremental model sales.shopee_orders_results ........... [MERGE 0 in 0.29s]
[2025-06-05T20:17:43.247+0000] {logging_mixin.py:190} INFO - 20:17:43  8 of 11 START sql incremental model sales.dim_mercadolivre_product ............. [RUN]
[2025-06-05T20:17:43.251+0000] {logging_mixin.py:190} INFO - 20:17:43  7 of 11 OK created sql incremental model sales.dim_mercadolivre_orders_status .. [MERGE 190 in 0.30s]
[2025-06-05T20:17:43.258+0000] {logging_mixin.py:190} INFO - 20:17:43  5 of 11 OK created sql incremental model sales.dim_mercadolivre_buyer .......... [MERGE 188 in 0.31s]
[2025-06-05T20:17:43.278+0000] {logging_mixin.py:190} INFO - 20:17:43  9 of 11 START sql incremental model sales.dim_shopee_buyer ..................... [RUN]
[2025-06-05T20:17:43.285+0000] {logging_mixin.py:190} INFO - 20:17:43  6 of 11 OK created sql incremental model sales.dim_mercadolivre_date ........... [MERGE 190 in 0.34s]
[2025-06-05T20:17:43.289+0000] {logging_mixin.py:190} INFO - 20:17:43  10 of 11 START sql incremental model sales.dim_shopee_date ..................... [RUN]
[2025-06-05T20:17:43.316+0000] {logging_mixin.py:190} INFO - 20:17:43  11 of 11 START sql incremental model sales.dim_shopee_orders_status ............ [RUN]
[2025-06-05T20:17:43.557+0000] {logging_mixin.py:190} INFO - 20:17:43  8 of 11 OK created sql incremental model sales.dim_mercadolivre_product ........ [MERGE 65 in 0.30s]
[2025-06-05T20:17:43.567+0000] {logging_mixin.py:190} INFO - 20:17:43  10 of 11 OK created sql incremental model sales.dim_shopee_date ................ [MERGE 0 in 0.27s]
[2025-06-05T20:17:43.570+0000] {logging_mixin.py:190} INFO - 20:17:43  9 of 11 OK created sql incremental model sales.dim_shopee_buyer ................ [MERGE 0 in 0.28s]
[2025-06-05T20:17:43.586+0000] {logging_mixin.py:190} INFO - 20:17:43  11 of 11 OK created sql incremental model sales.dim_shopee_orders_status ....... [MERGE 0 in 0.26s]
[2025-06-05T20:17:43.612+0000] {logging_mixin.py:190} INFO - 20:17:43
[2025-06-05T20:17:43.614+0000] {logging_mixin.py:190} INFO - 20:17:43  Finished running 11 incremental models in 0 hours 0 minutes and 1.27 seconds (1.27s).
[2025-06-05T20:17:43.693+0000] {logging_mixin.py:190} INFO - 20:17:43
[2025-06-05T20:17:43.695+0000] {logging_mixin.py:190} INFO - 20:17:43  Completed successfully
[2025-06-05T20:17:43.696+0000] {logging_mixin.py:190} INFO - 20:17:43
[2025-06-05T20:17:43.698+0000] {logging_mixin.py:190} INFO - 20:17:43  Done. PASS=11 WARN=0 ERROR=0 SKIP=0 TOTAL=11
[2025-06-05T20:17:44.550+0000] {logging_mixin.py:190} INFO - Transformation sucessfully done.
[2025-06-05T20:17:44.554+0000] {python.py:240} INFO - Done. Returned value was: None
[2025-06-05T20:17:44.580+0000] {taskinstance.py:340} INFO - ::group::Post task execution logs
[2025-06-05T20:17:44.582+0000] {taskinstance.py:352} INFO - Marking task as SUCCESS. dag_id=04_transform_data, task_id=run_dbt, run_id=manual__2025-06-05T20:17:28.713928+00:00, execution_date=20250605T201728, start_date=20250605T201738, end_date=20250605T201744
[2025-06-05T20:17:44.617+0000] {local_task_job_runner.py:266} INFO - Task exited with return code 0
[2025-06-05T20:17:44.634+0000] {taskinstance.py:3895} INFO - 0 downstream tasks scheduled from follow-on schedule check
[2025-06-05T20:17:44.637+0000] {local_task_job_runner.py:245} INFO - ::endgroup::
