[2025-06-06T21:13:12.883+0000] {local_task_job_runner.py:123} INFO - ::group::Pre task execution logs
[2025-06-06T21:13:12.900+0000] {taskinstance.py:2613} INFO - Dependencies all met for dep_context=non-requeueable deps ti=<TaskInstance: 05_transform_data.install_dbt_deps manual__2025-06-06T21:13:11.275573+00:00 [queued]>
[2025-06-06T21:13:12.908+0000] {taskinstance.py:2613} INFO - Dependencies all met for dep_context=requeueable deps ti=<TaskInstance: 05_transform_data.install_dbt_deps manual__2025-06-06T21:13:11.275573+00:00 [queued]>
[2025-06-06T21:13:12.909+0000] {taskinstance.py:2866} INFO - Starting attempt 1 of 1
[2025-06-06T21:13:12.920+0000] {taskinstance.py:2889} INFO - Executing <Task(PythonOperator): install_dbt_deps> on 2025-06-06 21:13:11.275573+00:00
[2025-06-06T21:13:12.925+0000] {standard_task_runner.py:72} INFO - Started process 5891 to run task
[2025-06-06T21:13:12.928+0000] {standard_task_runner.py:104} INFO - Running: ['***', 'tasks', 'run', '05_transform_data', 'install_dbt_deps', 'manual__2025-06-06T21:13:11.275573+00:00', '--job-id', '469', '--raw', '--subdir', 'DAGS_FOLDER/05_transform_data.py', '--cfg-path', '/tmp/tmpni5xiv2f']
[2025-06-06T21:13:12.929+0000] {standard_task_runner.py:105} INFO - Job 469: Subtask install_dbt_deps
[2025-06-06T21:13:12.979+0000] {task_command.py:467} INFO - Running <TaskInstance: 05_transform_data.install_dbt_deps manual__2025-06-06T21:13:11.275573+00:00 [running]> on host 28e6a58e4107
[2025-06-06T21:13:13.066+0000] {taskinstance.py:3132} INFO - Exporting env vars: AIRFLOW_CTX_DAG_OWNER='***' AIRFLOW_CTX_DAG_ID='05_transform_data' AIRFLOW_CTX_TASK_ID='install_dbt_deps' AIRFLOW_CTX_EXECUTION_DATE='2025-06-06T21:13:11.275573+00:00' AIRFLOW_CTX_TRY_NUMBER='1' AIRFLOW_CTX_DAG_RUN_ID='manual__2025-06-06T21:13:11.275573+00:00'
[2025-06-06T21:13:13.068+0000] {taskinstance.py:731} INFO - ::endgroup::
[2025-06-06T21:13:14.546+0000] {logging_mixin.py:190} INFO - 21:13:14  Running with dbt=1.9.5
[2025-06-06T21:13:15.272+0000] {logging_mixin.py:190} INFO - 21:13:15  Installing dbt-labs/dbt_utils
[2025-06-06T21:13:18.481+0000] {logging_mixin.py:190} INFO - 21:13:18  Installed from version 1.2.0
[2025-06-06T21:13:18.483+0000] {logging_mixin.py:190} INFO - 21:13:18  Updated version available: 1.3.0
[2025-06-06T21:13:18.485+0000] {logging_mixin.py:190} INFO - 21:13:18
[2025-06-06T21:13:18.486+0000] {logging_mixin.py:190} INFO - 21:13:18  Updates available for packages: ['dbt-labs/dbt_utils']                 
Update your versions in packages.yml, then run dbt deps
[2025-06-06T21:13:19.195+0000] {logging_mixin.py:190} INFO - Dependencies sucessfully installed.
[2025-06-06T21:13:19.196+0000] {python.py:240} INFO - Done. Returned value was: None
[2025-06-06T21:13:19.208+0000] {taskinstance.py:340} INFO - ::group::Post task execution logs
[2025-06-06T21:13:19.209+0000] {taskinstance.py:352} INFO - Marking task as SUCCESS. dag_id=05_transform_data, task_id=install_dbt_deps, run_id=manual__2025-06-06T21:13:11.275573+00:00, execution_date=20250606T211311, start_date=20250606T211312, end_date=20250606T211319
[2025-06-06T21:13:19.246+0000] {local_task_job_runner.py:266} INFO - Task exited with return code 0
[2025-06-06T21:13:19.269+0000] {taskinstance.py:3895} INFO - 1 downstream tasks scheduled from follow-on schedule check
[2025-06-06T21:13:19.272+0000] {local_task_job_runner.py:245} INFO - ::endgroup::
