[2025-06-06T18:35:12.302+0000] {local_task_job_runner.py:123} INFO - ::group::Pre task execution logs
[2025-06-06T18:35:12.322+0000] {taskinstance.py:2613} INFO - Dependencies all met for dep_context=non-requeueable deps ti=<TaskInstance: 04_transform_data.install_dbt_deps manual__2025-06-06T18:35:11.162024+00:00 [queued]>
[2025-06-06T18:35:12.330+0000] {taskinstance.py:2613} INFO - Dependencies all met for dep_context=requeueable deps ti=<TaskInstance: 04_transform_data.install_dbt_deps manual__2025-06-06T18:35:11.162024+00:00 [queued]>
[2025-06-06T18:35:12.332+0000] {taskinstance.py:2866} INFO - Starting attempt 1 of 1
[2025-06-06T18:35:12.345+0000] {taskinstance.py:2889} INFO - Executing <Task(PythonOperator): install_dbt_deps> on 2025-06-06 18:35:11.162024+00:00
[2025-06-06T18:35:12.350+0000] {standard_task_runner.py:72} INFO - Started process 1491 to run task
[2025-06-06T18:35:12.353+0000] {standard_task_runner.py:104} INFO - Running: ['***', 'tasks', 'run', '04_transform_data', 'install_dbt_deps', 'manual__2025-06-06T18:35:11.162024+00:00', '--job-id', '385', '--raw', '--subdir', 'DAGS_FOLDER/04_transform_data.py', '--cfg-path', '/tmp/tmpv_wphyi_']
[2025-06-06T18:35:12.354+0000] {standard_task_runner.py:105} INFO - Job 385: Subtask install_dbt_deps
[2025-06-06T18:35:12.415+0000] {task_command.py:467} INFO - Running <TaskInstance: 04_transform_data.install_dbt_deps manual__2025-06-06T18:35:11.162024+00:00 [running]> on host 28e6a58e4107
[2025-06-06T18:35:12.508+0000] {taskinstance.py:3132} INFO - Exporting env vars: AIRFLOW_CTX_DAG_OWNER='***' AIRFLOW_CTX_DAG_ID='04_transform_data' AIRFLOW_CTX_TASK_ID='install_dbt_deps' AIRFLOW_CTX_EXECUTION_DATE='2025-06-06T18:35:11.162024+00:00' AIRFLOW_CTX_TRY_NUMBER='1' AIRFLOW_CTX_DAG_RUN_ID='manual__2025-06-06T18:35:11.162024+00:00'
[2025-06-06T18:35:12.510+0000] {taskinstance.py:731} INFO - ::endgroup::
[2025-06-06T18:35:14.218+0000] {logging_mixin.py:190} INFO - 18:35:14  Running with dbt=1.9.5
[2025-06-06T18:35:15.082+0000] {logging_mixin.py:190} INFO - 18:35:15  Installing dbt-labs/dbt_utils
[2025-06-06T18:35:18.532+0000] {logging_mixin.py:190} INFO - 18:35:18  Installed from version 1.2.0
[2025-06-06T18:35:18.533+0000] {logging_mixin.py:190} INFO - 18:35:18  Updated version available: 1.3.0
[2025-06-06T18:35:18.536+0000] {logging_mixin.py:190} INFO - 18:35:18
[2025-06-06T18:35:18.537+0000] {logging_mixin.py:190} INFO - 18:35:18  Updates available for packages: ['dbt-labs/dbt_utils']                 
Update your versions in packages.yml, then run dbt deps
[2025-06-06T18:35:19.242+0000] {logging_mixin.py:190} INFO - Dependencies sucessfully installed.
[2025-06-06T18:35:19.243+0000] {python.py:240} INFO - Done. Returned value was: None
[2025-06-06T18:35:19.255+0000] {taskinstance.py:340} INFO - ::group::Post task execution logs
[2025-06-06T18:35:19.256+0000] {taskinstance.py:352} INFO - Marking task as SUCCESS. dag_id=04_transform_data, task_id=install_dbt_deps, run_id=manual__2025-06-06T18:35:11.162024+00:00, execution_date=20250606T183511, start_date=20250606T183512, end_date=20250606T183519
[2025-06-06T18:35:19.310+0000] {local_task_job_runner.py:266} INFO - Task exited with return code 0
[2025-06-06T18:35:19.341+0000] {taskinstance.py:3895} INFO - 1 downstream tasks scheduled from follow-on schedule check
[2025-06-06T18:35:19.344+0000] {local_task_job_runner.py:245} INFO - ::endgroup::
