[2025-06-16T14:29:29.733+0000] {local_task_job_runner.py:123} INFO - ::group::Pre task execution logs
[2025-06-16T14:29:29.754+0000] {taskinstance.py:2613} INFO - Dependencies all met for dep_context=non-requeueable deps ti=<TaskInstance: 03_load_data_prod.load_shopee manual__2025-06-16T14:29:27.547606+00:00 [queued]>
[2025-06-16T14:29:29.765+0000] {taskinstance.py:2613} INFO - Dependencies all met for dep_context=requeueable deps ti=<TaskInstance: 03_load_data_prod.load_shopee manual__2025-06-16T14:29:27.547606+00:00 [queued]>
[2025-06-16T14:29:29.766+0000] {taskinstance.py:2866} INFO - Starting attempt 1 of 1
[2025-06-16T14:29:29.780+0000] {taskinstance.py:2889} INFO - Executing <Task(PythonOperator): load_shopee> on 2025-06-16 14:29:27.547606+00:00
[2025-06-16T14:29:29.786+0000] {standard_task_runner.py:72} INFO - Started process 997 to run task
[2025-06-16T14:29:29.790+0000] {standard_task_runner.py:104} INFO - Running: ['***', 'tasks', 'run', '03_load_data_prod', 'load_shopee', 'manual__2025-06-16T14:29:27.547606+00:00', '--job-id', '34', '--raw', '--subdir', 'DAGS_FOLDER/03_load_data_prod.py', '--cfg-path', '/tmp/tmpkocmtk4u']
[2025-06-16T14:29:29.793+0000] {standard_task_runner.py:105} INFO - Job 34: Subtask load_shopee
[2025-06-16T14:29:29.858+0000] {task_command.py:467} INFO - Running <TaskInstance: 03_load_data_prod.load_shopee manual__2025-06-16T14:29:27.547606+00:00 [running]> on host 5b7cdd28fdf5
[2025-06-16T14:29:29.941+0000] {taskinstance.py:3132} INFO - Exporting env vars: AIRFLOW_CTX_DAG_OWNER='***' AIRFLOW_CTX_DAG_ID='03_load_data_prod' AIRFLOW_CTX_TASK_ID='load_shopee' AIRFLOW_CTX_EXECUTION_DATE='2025-06-16T14:29:27.547606+00:00' AIRFLOW_CTX_TRY_NUMBER='1' AIRFLOW_CTX_DAG_RUN_ID='manual__2025-06-16T14:29:27.547606+00:00'
[2025-06-16T14:29:29.942+0000] {taskinstance.py:731} INFO - ::endgroup::
[2025-06-16T14:29:30.691+0000] {logging_mixin.py:190} INFO - Loading file ./extraction/shopee/data/raw/prod/Order.completed.20240701_20240731.xlsx to prod sales_db
[2025-06-16T14:29:30.732+0000] {logging_mixin.py:190} INFO - Data in ./extraction/shopee/data/raw/prod/Order.completed.20240701_20240731.xlsx successfully loaded.
[2025-06-16T14:29:30.852+0000] {logging_mixin.py:190} INFO - Loading file ./extraction/shopee/data/raw/prod/Order.completed.20240801_20240831.xlsx to prod sales_db
[2025-06-16T14:29:30.914+0000] {logging_mixin.py:190} INFO - Data in ./extraction/shopee/data/raw/prod/Order.completed.20240801_20240831.xlsx successfully loaded.
[2025-06-16T14:29:31.026+0000] {logging_mixin.py:190} INFO - Loading file ./extraction/shopee/data/raw/prod/Order.completed.20240901_20240930.xlsx to prod sales_db
[2025-06-16T14:29:31.079+0000] {logging_mixin.py:190} INFO - Data in ./extraction/shopee/data/raw/prod/Order.completed.20240901_20240930.xlsx successfully loaded.
[2025-06-16T14:29:31.080+0000] {logging_mixin.py:190} INFO - [WARNING] - file ./extraction/shopee/data/raw/prod/temp.txt does not have .xlsx extension and could not be loaded.
[2025-06-16T14:29:31.081+0000] {logging_mixin.py:190} INFO - All data successfully loaded!
[2025-06-16T14:29:31.082+0000] {python.py:240} INFO - Done. Returned value was: 1
[2025-06-16T14:29:31.110+0000] {taskinstance.py:340} INFO - ::group::Post task execution logs
[2025-06-16T14:29:31.111+0000] {taskinstance.py:352} INFO - Marking task as SUCCESS. dag_id=03_load_data_prod, task_id=load_shopee, run_id=manual__2025-06-16T14:29:27.547606+00:00, execution_date=20250616T142927, start_date=20250616T142929, end_date=20250616T142931
[2025-06-16T14:29:31.168+0000] {local_task_job_runner.py:266} INFO - Task exited with return code 0
[2025-06-16T14:29:31.187+0000] {taskinstance.py:3895} INFO - 0 downstream tasks scheduled from follow-on schedule check
[2025-06-16T14:29:31.190+0000] {local_task_job_runner.py:245} INFO - ::endgroup::
