[2025-06-09T19:14:27.763+0000] {local_task_job_runner.py:123} INFO - ::group::Pre task execution logs
[2025-06-09T19:14:27.783+0000] {taskinstance.py:2613} INFO - Dependencies all met for dep_context=non-requeueable deps ti=<TaskInstance: 05_transform_data.install_dbt_deps manual__2025-06-09T19:14:26.449671+00:00 [queued]>
[2025-06-09T19:14:27.791+0000] {taskinstance.py:2613} INFO - Dependencies all met for dep_context=requeueable deps ti=<TaskInstance: 05_transform_data.install_dbt_deps manual__2025-06-09T19:14:26.449671+00:00 [queued]>
[2025-06-09T19:14:27.793+0000] {taskinstance.py:2866} INFO - Starting attempt 1 of 1
[2025-06-09T19:14:27.806+0000] {taskinstance.py:2889} INFO - Executing <Task(PythonOperator): install_dbt_deps> on 2025-06-09 19:14:26.449671+00:00
[2025-06-09T19:14:27.810+0000] {standard_task_runner.py:72} INFO - Started process 496 to run task
[2025-06-09T19:14:27.813+0000] {standard_task_runner.py:104} INFO - Running: ['***', 'tasks', 'run', '05_transform_data', 'install_dbt_deps', 'manual__2025-06-09T19:14:26.449671+00:00', '--job-id', '521', '--raw', '--subdir', 'DAGS_FOLDER/05_transform_data.py', '--cfg-path', '/tmp/tmpil653al3']
[2025-06-09T19:14:27.815+0000] {standard_task_runner.py:105} INFO - Job 521: Subtask install_dbt_deps
[2025-06-09T19:14:27.868+0000] {task_command.py:467} INFO - Running <TaskInstance: 05_transform_data.install_dbt_deps manual__2025-06-09T19:14:26.449671+00:00 [running]> on host 28e6a58e4107
[2025-06-09T19:14:27.953+0000] {taskinstance.py:3132} INFO - Exporting env vars: AIRFLOW_CTX_DAG_OWNER='***' AIRFLOW_CTX_DAG_ID='05_transform_data' AIRFLOW_CTX_TASK_ID='install_dbt_deps' AIRFLOW_CTX_EXECUTION_DATE='2025-06-09T19:14:26.449671+00:00' AIRFLOW_CTX_TRY_NUMBER='1' AIRFLOW_CTX_DAG_RUN_ID='manual__2025-06-09T19:14:26.449671+00:00'
[2025-06-09T19:14:27.955+0000] {taskinstance.py:731} INFO - ::endgroup::
[2025-06-09T19:14:29.587+0000] {logging_mixin.py:190} INFO - 19:14:29  Running with dbt=1.9.5
[2025-06-09T19:14:30.323+0000] {logging_mixin.py:190} INFO - 19:14:30  Installing dbt-labs/dbt_utils
[2025-06-09T19:14:33.872+0000] {logging_mixin.py:190} INFO - 19:14:33  Installed from version 1.2.0
[2025-06-09T19:14:33.873+0000] {logging_mixin.py:190} INFO - 19:14:33  Updated version available: 1.3.0
[2025-06-09T19:14:33.877+0000] {logging_mixin.py:190} INFO - 19:14:33
[2025-06-09T19:14:33.878+0000] {logging_mixin.py:190} INFO - 19:14:33  Updates available for packages: ['dbt-labs/dbt_utils']                 
Update your versions in packages.yml, then run dbt deps
[2025-06-09T19:14:34.570+0000] {logging_mixin.py:190} INFO - Dependencies sucessfully installed.
[2025-06-09T19:14:34.571+0000] {python.py:240} INFO - Done. Returned value was: None
[2025-06-09T19:14:34.583+0000] {taskinstance.py:340} INFO - ::group::Post task execution logs
[2025-06-09T19:14:34.584+0000] {taskinstance.py:352} INFO - Marking task as SUCCESS. dag_id=05_transform_data, task_id=install_dbt_deps, run_id=manual__2025-06-09T19:14:26.449671+00:00, execution_date=20250609T191426, start_date=20250609T191427, end_date=20250609T191434
[2025-06-09T19:14:34.615+0000] {local_task_job_runner.py:266} INFO - Task exited with return code 0
[2025-06-09T19:14:34.636+0000] {taskinstance.py:3895} INFO - 1 downstream tasks scheduled from follow-on schedule check
[2025-06-09T19:14:34.639+0000] {local_task_job_runner.py:245} INFO - ::endgroup::
