[2025-05-21T21:07:47.056+0000] {local_task_job_runner.py:123} INFO - ::group::Pre task execution logs
[2025-05-21T21:07:47.076+0000] {taskinstance.py:2613} INFO - Dependencies all met for dep_context=non-requeueable deps ti=<TaskInstance: 04_transform_data.run_dbt manual__2025-05-21T21:07:45.201588+00:00 [queued]>
[2025-05-21T21:07:47.086+0000] {taskinstance.py:2613} INFO - Dependencies all met for dep_context=requeueable deps ti=<TaskInstance: 04_transform_data.run_dbt manual__2025-05-21T21:07:45.201588+00:00 [queued]>
[2025-05-21T21:07:47.088+0000] {taskinstance.py:2866} INFO - Starting attempt 1 of 1
[2025-05-21T21:07:47.107+0000] {taskinstance.py:2889} INFO - Executing <Task(PythonOperator): run_dbt> on 2025-05-21 21:07:45.201588+00:00
[2025-05-21T21:07:47.112+0000] {standard_task_runner.py:72} INFO - Started process 5759 to run task
[2025-05-21T21:07:47.116+0000] {standard_task_runner.py:104} INFO - Running: ['***', 'tasks', 'run', '04_transform_data', 'run_dbt', 'manual__2025-05-21T21:07:45.201588+00:00', '--job-id', '139', '--raw', '--subdir', 'DAGS_FOLDER/04_transform_data.py', '--cfg-path', '/tmp/tmpc3z3jnbx']
[2025-05-21T21:07:47.118+0000] {standard_task_runner.py:105} INFO - Job 139: Subtask run_dbt
[2025-05-21T21:07:47.185+0000] {task_command.py:467} INFO - Running <TaskInstance: 04_transform_data.run_dbt manual__2025-05-21T21:07:45.201588+00:00 [running]> on host e27e96d1841a
[2025-05-21T21:07:47.283+0000] {taskinstance.py:3132} INFO - Exporting env vars: AIRFLOW_CTX_DAG_OWNER='***' AIRFLOW_CTX_DAG_ID='04_transform_data' AIRFLOW_CTX_TASK_ID='run_dbt' AIRFLOW_CTX_EXECUTION_DATE='2025-05-21T21:07:45.201588+00:00' AIRFLOW_CTX_TRY_NUMBER='1' AIRFLOW_CTX_DAG_RUN_ID='manual__2025-05-21T21:07:45.201588+00:00'
[2025-05-21T21:07:47.285+0000] {taskinstance.py:731} INFO - ::endgroup::
[2025-05-21T21:07:48.948+0000] {logging_mixin.py:190} INFO - 21:07:48  Running with dbt=1.9.4
[2025-05-21T21:07:49.327+0000] {logging_mixin.py:190} INFO - 21:07:49  Registered adapter: postgres=1.9.0
[2025-05-21T21:07:50.473+0000] {logging_mixin.py:190} INFO - 21:07:50  [WARNING]: Configuration paths exist in your dbt_project.yml file which do not apply to any resources.
There are 1 unused configuration paths:
- models.e_commerce_sales.example
[2025-05-21T21:07:50.641+0000] {logging_mixin.py:190} INFO - 21:07:50  Found 11 models, 12 sources, 433 macros
[2025-05-21T21:07:50.645+0000] {logging_mixin.py:190} INFO - 21:07:50
[2025-05-21T21:07:50.647+0000] {logging_mixin.py:190} INFO - 21:07:50  Concurrency: 4 threads (target='dev')
[2025-05-21T21:07:50.648+0000] {logging_mixin.py:190} INFO - 21:07:50
[2025-05-21T21:07:50.805+0000] {logging_mixin.py:190} INFO - 21:07:50  1 of 11 START sql incremental model sales.mercadolivre_orders_results .......... [RUN]
[2025-05-21T21:07:50.807+0000] {logging_mixin.py:190} INFO - 21:07:50  2 of 11 START sql incremental model sales.shopee_new_id ........................ [RUN]
[2025-05-21T21:07:51.184+0000] {logging_mixin.py:190} INFO - 21:07:51  2 of 11 OK created sql incremental model sales.shopee_new_id ................... [MERGE 0 in 0.37s]
[2025-05-21T21:07:51.187+0000] {logging_mixin.py:190} INFO - 21:07:51  1 of 11 OK created sql incremental model sales.mercadolivre_orders_results ..... [MERGE 255 in 0.37s]
[2025-05-21T21:07:51.192+0000] {logging_mixin.py:190} INFO - 21:07:51  3 of 11 START sql incremental model sales.shopee_orders_results ................ [RUN]
[2025-05-21T21:07:51.197+0000] {logging_mixin.py:190} INFO - 21:07:51  4 of 11 START sql incremental model sales.dim_mercadolivre_buyer ............... [RUN]
[2025-05-21T21:07:51.199+0000] {logging_mixin.py:190} INFO - 21:07:51  5 of 11 START sql incremental model sales.dim_mercadolivre_date ................ [RUN]
[2025-05-21T21:07:51.201+0000] {logging_mixin.py:190} INFO - 21:07:51  6 of 11 START sql incremental model sales.dim_mercadolivre_product ............. [RUN]
[2025-05-21T21:07:51.449+0000] {logging_mixin.py:190} INFO - 21:07:51  3 of 11 OK created sql incremental model sales.shopee_orders_results ........... [MERGE 0 in 0.25s]
[2025-05-21T21:07:51.460+0000] {logging_mixin.py:190} INFO - 21:07:51  7 of 11 START sql incremental model sales.mercadolivre_profits ................. [RUN]
[2025-05-21T21:07:51.515+0000] {logging_mixin.py:190} INFO - 21:07:51  5 of 11 OK created sql incremental model sales.dim_mercadolivre_date ........... [MERGE 272 in 0.31s]
[2025-05-21T21:07:51.526+0000] {logging_mixin.py:190} INFO - 21:07:51  6 of 11 OK created sql incremental model sales.dim_mercadolivre_product ........ [MERGE 250 in 0.30s]
[2025-05-21T21:07:51.529+0000] {logging_mixin.py:190} INFO - 21:07:51  4 of 11 OK created sql incremental model sales.dim_mercadolivre_buyer .......... [MERGE 252 in 0.31s]
[2025-05-21T21:07:51.537+0000] {logging_mixin.py:190} INFO - 21:07:51  8 of 11 START sql incremental model sales.dim_shopee_buyer_id .................. [RUN]
[2025-05-21T21:07:51.542+0000] {logging_mixin.py:190} INFO - 21:07:51  9 of 11 START sql incremental model sales.dim_shopee_date ...................... [RUN]
[2025-05-21T21:07:51.545+0000] {logging_mixin.py:190} INFO - 21:07:51  10 of 11 START sql incremental model sales.dim_shopee_orders_status ............ [RUN]
[2025-05-21T21:07:51.821+0000] {logging_mixin.py:190} INFO - 21:07:51  7 of 11 OK created sql incremental model sales.mercadolivre_profits ............ [MERGE 250 in 0.35s]
[2025-05-21T21:07:51.844+0000] {logging_mixin.py:190} INFO - 21:07:51  11 of 11 START sql incremental model sales.dim_shopee_product .................. [RUN]
[2025-05-21T21:07:51.874+0000] {logging_mixin.py:190} INFO - 21:07:51  8 of 11 OK created sql incremental model sales.dim_shopee_buyer_id ............. [MERGE 0 in 0.32s]
[2025-05-21T21:07:51.878+0000] {logging_mixin.py:190} INFO - 21:07:51  10 of 11 OK created sql incremental model sales.dim_shopee_orders_status ....... [MERGE 0 in 0.32s]
[2025-05-21T21:07:51.882+0000] {logging_mixin.py:190} INFO - 21:07:51  9 of 11 OK created sql incremental model sales.dim_shopee_date ................. [MERGE 0 in 0.33s]
[2025-05-21T21:07:51.976+0000] {logging_mixin.py:190} INFO - 21:07:51  11 of 11 OK created sql incremental model sales.dim_shopee_product ............. [MERGE 0 in 0.12s]
[2025-05-21T21:07:52.004+0000] {logging_mixin.py:190} INFO - 21:07:52
[2025-05-21T21:07:52.006+0000] {logging_mixin.py:190} INFO - 21:07:52  Finished running 11 incremental models in 0 hours 0 minutes and 1.35 seconds (1.35s).
[2025-05-21T21:07:52.073+0000] {logging_mixin.py:190} INFO - 21:07:52
[2025-05-21T21:07:52.075+0000] {logging_mixin.py:190} INFO - 21:07:52  Completed successfully
[2025-05-21T21:07:52.077+0000] {logging_mixin.py:190} INFO - 21:07:52
[2025-05-21T21:07:52.078+0000] {logging_mixin.py:190} INFO - 21:07:52  Done. PASS=11 WARN=0 ERROR=0 SKIP=0 TOTAL=11
[2025-05-21T21:07:52.947+0000] {logging_mixin.py:190} INFO - Transformation sucessfully done.
[2025-05-21T21:07:52.949+0000] {python.py:240} INFO - Done. Returned value was: None
[2025-05-21T21:07:52.962+0000] {taskinstance.py:340} INFO - ::group::Post task execution logs
[2025-05-21T21:07:52.964+0000] {taskinstance.py:352} INFO - Marking task as SUCCESS. dag_id=04_transform_data, task_id=run_dbt, run_id=manual__2025-05-21T21:07:45.201588+00:00, execution_date=20250521T210745, start_date=20250521T210747, end_date=20250521T210752
[2025-05-21T21:07:52.991+0000] {local_task_job_runner.py:266} INFO - Task exited with return code 0
[2025-05-21T21:07:53.011+0000] {taskinstance.py:3895} INFO - 0 downstream tasks scheduled from follow-on schedule check
[2025-05-21T21:07:53.013+0000] {local_task_job_runner.py:245} INFO - ::endgroup::
