[2025-06-09T19:11:30.701+0000] {local_task_job_runner.py:123} INFO - ::group::Pre task execution logs
[2025-06-09T19:11:30.718+0000] {taskinstance.py:2613} INFO - Dependencies all met for dep_context=non-requeueable deps ti=<TaskInstance: 05_transform_data.run_dbt manual__2025-06-09T19:11:20.977779+00:00 [queued]>
[2025-06-09T19:11:30.726+0000] {taskinstance.py:2613} INFO - Dependencies all met for dep_context=requeueable deps ti=<TaskInstance: 05_transform_data.run_dbt manual__2025-06-09T19:11:20.977779+00:00 [queued]>
[2025-06-09T19:11:30.727+0000] {taskinstance.py:2866} INFO - Starting attempt 1 of 1
[2025-06-09T19:11:30.738+0000] {taskinstance.py:2889} INFO - Executing <Task(PythonOperator): run_dbt> on 2025-06-09 19:11:20.977779+00:00
[2025-06-09T19:11:30.742+0000] {standard_task_runner.py:72} INFO - Started process 336 to run task
[2025-06-09T19:11:30.745+0000] {standard_task_runner.py:104} INFO - Running: ['***', 'tasks', 'run', '05_transform_data', 'run_dbt', 'manual__2025-06-09T19:11:20.977779+00:00', '--job-id', '514', '--raw', '--subdir', 'DAGS_FOLDER/05_transform_data.py', '--cfg-path', '/tmp/tmps70j5nus']
[2025-06-09T19:11:30.747+0000] {standard_task_runner.py:105} INFO - Job 514: Subtask run_dbt
[2025-06-09T19:11:30.795+0000] {task_command.py:467} INFO - Running <TaskInstance: 05_transform_data.run_dbt manual__2025-06-09T19:11:20.977779+00:00 [running]> on host 28e6a58e4107
[2025-06-09T19:11:30.872+0000] {taskinstance.py:3132} INFO - Exporting env vars: AIRFLOW_CTX_DAG_OWNER='***' AIRFLOW_CTX_DAG_ID='05_transform_data' AIRFLOW_CTX_TASK_ID='run_dbt' AIRFLOW_CTX_EXECUTION_DATE='2025-06-09T19:11:20.977779+00:00' AIRFLOW_CTX_TRY_NUMBER='1' AIRFLOW_CTX_DAG_RUN_ID='manual__2025-06-09T19:11:20.977779+00:00'
[2025-06-09T19:11:30.873+0000] {taskinstance.py:731} INFO - ::endgroup::
[2025-06-09T19:11:32.328+0000] {logging_mixin.py:190} INFO - 19:11:32  Running with dbt=1.9.5
[2025-06-09T19:11:32.689+0000] {logging_mixin.py:190} INFO - 19:11:32  Registered adapter: postgres=1.9.0
[2025-06-09T19:11:34.512+0000] {logging_mixin.py:190} INFO - 19:11:34  [WARNING]: Configuration paths exist in your dbt_project.yml file which do not apply to any resources.
There are 1 unused configuration paths:
- models.e_commerce_sales.example
[2025-06-09T19:11:34.728+0000] {logging_mixin.py:190} INFO - 19:11:34  Found 15 models, 12 sources, 549 macros, 1 unit test
[2025-06-09T19:11:34.732+0000] {logging_mixin.py:190} INFO - 19:11:34
[2025-06-09T19:11:34.734+0000] {logging_mixin.py:190} INFO - 19:11:34  Concurrency: 4 threads (target='dev')
[2025-06-09T19:11:34.735+0000] {logging_mixin.py:190} INFO - 19:11:34
[2025-06-09T19:11:34.874+0000] {logging_mixin.py:190} INFO - 19:11:34  1 of 15 START sql incremental model sales.mercadolivre_orders_results .......... [RUN]
[2025-06-09T19:11:34.875+0000] {logging_mixin.py:190} INFO - 19:11:34  2 of 15 START sql incremental model sales.stg_shopee ........................... [RUN]
[2025-06-09T19:11:35.205+0000] {logging_mixin.py:190} INFO - 19:11:35  2 of 15 OK created sql incremental model sales.stg_shopee ...................... [MERGE 0 in 0.32s]
[2025-06-09T19:11:35.212+0000] {logging_mixin.py:190} INFO - 19:11:35  3 of 15 START sql incremental model sales.shopee_new_id ........................ [RUN]
[2025-06-09T19:11:35.214+0000] {logging_mixin.py:190} INFO - 19:11:35  4 of 15 START sql incremental model sales.shopee_orders_results ................ [RUN]
[2025-06-09T19:11:35.380+0000] {logging_mixin.py:190} INFO - 19:11:35  4 of 15 OK created sql incremental model sales.shopee_orders_results ........... [MERGE 0 in 0.16s]
[2025-06-09T19:11:35.382+0000] {logging_mixin.py:190} INFO - 19:11:35  3 of 15 OK created sql incremental model sales.shopee_new_id ................... [MERGE 0 in 0.16s]
[2025-06-09T19:11:35.389+0000] {logging_mixin.py:190} INFO - 19:11:35  5 of 15 START sql incremental model sales.dim_shopee_buyer ..................... [RUN]
[2025-06-09T19:11:35.391+0000] {logging_mixin.py:190} INFO - 19:11:35  6 of 15 START sql incremental model sales.dim_shopee_date ...................... [RUN]
[2025-06-09T19:11:35.392+0000] {logging_mixin.py:190} INFO - 19:11:35  7 of 15 START sql incremental model sales.dim_shopee_orders_status ............. [RUN]
[2025-06-09T19:11:35.621+0000] {logging_mixin.py:190} INFO - 19:11:35  5 of 15 OK created sql incremental model sales.dim_shopee_buyer ................ [MERGE 0 in 0.22s]
[2025-06-09T19:11:35.627+0000] {logging_mixin.py:190} INFO - 19:11:35  7 of 15 OK created sql incremental model sales.dim_shopee_orders_status ........ [MERGE 0 in 0.23s]
[2025-06-09T19:11:35.629+0000] {logging_mixin.py:190} INFO - 19:11:35  6 of 15 OK created sql incremental model sales.dim_shopee_date ................. [MERGE 0 in 0.23s]
[2025-06-09T19:11:35.632+0000] {logging_mixin.py:190} INFO - 19:11:35  8 of 15 START sql incremental model sales.dim_shopee_product ................... [RUN]
[2025-06-09T19:11:35.639+0000] {logging_mixin.py:190} INFO - 19:11:35  9 of 15 START sql view model sales.sum_shopee_monthly_profit ................... [RUN]
[2025-06-09T19:11:35.641+0000] {logging_mixin.py:190} INFO - 19:11:35  10 of 15 START sql view model sales.sum_shopee_monthly_revenue ................. [RUN]
[2025-06-09T19:11:35.870+0000] {logging_mixin.py:190} INFO - 19:11:35  8 of 15 OK created sql incremental model sales.dim_shopee_product .............. [MERGE 0 in 0.23s]
[2025-06-09T19:11:35.880+0000] {logging_mixin.py:190} INFO - 19:11:35  10 of 15 OK created sql view model sales.sum_shopee_monthly_revenue ............ [CREATE VIEW in 0.22s]
[2025-06-09T19:11:35.883+0000] {logging_mixin.py:190} INFO - 19:11:35  9 of 15 OK created sql view model sales.sum_shopee_monthly_profit .............. [CREATE VIEW in 0.23s]
[2025-06-09T19:11:35.886+0000] {logging_mixin.py:190} INFO - 19:11:35  11 of 15 START sql view model sales.sum_shopee_products_sold ................... [RUN]
[2025-06-09T19:11:35.975+0000] {logging_mixin.py:190} INFO - 19:11:35  11 of 15 OK created sql view model sales.sum_shopee_products_sold .............. [CREATE VIEW in 0.08s]
[2025-06-09T19:11:38.108+0000] {logging_mixin.py:190} INFO - 19:11:38  1 of 15 OK created sql incremental model sales.mercadolivre_orders_results ..... [MERGE 190 in 3.23s]
[2025-06-09T19:11:38.116+0000] {logging_mixin.py:190} INFO - 19:11:38  12 of 15 START sql incremental model sales.dim_mercadolivre_buyer .............. [RUN]
[2025-06-09T19:11:38.118+0000] {logging_mixin.py:190} INFO - 19:11:38  13 of 15 START sql incremental model sales.dim_mercadolivre_date ............... [RUN]
[2025-06-09T19:11:38.120+0000] {logging_mixin.py:190} INFO - 19:11:38  14 of 15 START sql incremental model sales.dim_mercadolivre_orders_status ...... [RUN]
[2025-06-09T19:11:38.122+0000] {logging_mixin.py:190} INFO - 19:11:38  15 of 15 START sql incremental model sales.dim_mercadolivre_product ............ [RUN]
[2025-06-09T19:11:38.389+0000] {logging_mixin.py:190} INFO - 19:11:38  14 of 15 OK created sql incremental model sales.dim_mercadolivre_orders_status . [MERGE 190 in 0.26s]
[2025-06-09T19:11:38.413+0000] {logging_mixin.py:190} INFO - 19:11:38  12 of 15 OK created sql incremental model sales.dim_mercadolivre_buyer ......... [MERGE 188 in 0.29s]
[2025-06-09T19:11:40.215+0000] {logging_mixin.py:190} INFO - 19:11:40  13 of 15 OK created sql incremental model sales.dim_mercadolivre_date .......... [MERGE 190 in 2.09s]
[2025-06-09T19:11:42.381+0000] {logging_mixin.py:190} INFO - 19:11:42  15 of 15 OK created sql incremental model sales.dim_mercadolivre_product ....... [MERGE 65 in 4.25s]
[2025-06-09T19:11:42.406+0000] {logging_mixin.py:190} INFO - 19:11:42
[2025-06-09T19:11:42.408+0000] {logging_mixin.py:190} INFO - 19:11:42  Finished running 12 incremental models, 3 view models in 0 hours 0 minutes and 7.67 seconds (7.67s).
[2025-06-09T19:11:42.487+0000] {logging_mixin.py:190} INFO - 19:11:42
[2025-06-09T19:11:42.489+0000] {logging_mixin.py:190} INFO - 19:11:42  Completed successfully
[2025-06-09T19:11:42.490+0000] {logging_mixin.py:190} INFO - 19:11:42
[2025-06-09T19:11:42.492+0000] {logging_mixin.py:190} INFO - 19:11:42  Done. PASS=15 WARN=0 ERROR=0 SKIP=0 TOTAL=15
[2025-06-09T19:11:43.362+0000] {logging_mixin.py:190} INFO - Transformation sucessfully done.
[2025-06-09T19:11:43.365+0000] {python.py:240} INFO - Done. Returned value was: None
[2025-06-09T19:11:43.378+0000] {taskinstance.py:340} INFO - ::group::Post task execution logs
[2025-06-09T19:11:43.380+0000] {taskinstance.py:352} INFO - Marking task as SUCCESS. dag_id=05_transform_data, task_id=run_dbt, run_id=manual__2025-06-09T19:11:20.977779+00:00, execution_date=20250609T191120, start_date=20250609T191130, end_date=20250609T191143
[2025-06-09T19:11:43.440+0000] {local_task_job_runner.py:266} INFO - Task exited with return code 0
[2025-06-09T19:11:43.458+0000] {taskinstance.py:3895} INFO - 0 downstream tasks scheduled from follow-on schedule check
[2025-06-09T19:11:43.461+0000] {local_task_job_runner.py:245} INFO - ::endgroup::
