[2025-06-05T20:44:56.466+0000] {local_task_job_runner.py:123} INFO - ::group::Pre task execution logs
[2025-06-05T20:44:56.485+0000] {taskinstance.py:2613} INFO - Dependencies all met for dep_context=non-requeueable deps ti=<TaskInstance: 04_transform_data.install_dbt_deps manual__2025-06-05T20:44:54.158568+00:00 [queued]>
[2025-06-05T20:44:56.493+0000] {taskinstance.py:2613} INFO - Dependencies all met for dep_context=requeueable deps ti=<TaskInstance: 04_transform_data.install_dbt_deps manual__2025-06-05T20:44:54.158568+00:00 [queued]>
[2025-06-05T20:44:56.495+0000] {taskinstance.py:2866} INFO - Starting attempt 1 of 1
[2025-06-05T20:44:56.507+0000] {taskinstance.py:2889} INFO - Executing <Task(PythonOperator): install_dbt_deps> on 2025-06-05 20:44:54.158568+00:00
[2025-06-05T20:44:56.512+0000] {standard_task_runner.py:72} INFO - Started process 4362 to run task
[2025-06-05T20:44:56.515+0000] {standard_task_runner.py:104} INFO - Running: ['***', 'tasks', 'run', '04_transform_data', 'install_dbt_deps', 'manual__2025-06-05T20:44:54.158568+00:00', '--job-id', '361', '--raw', '--subdir', 'DAGS_FOLDER/04_transform_data.py', '--cfg-path', '/tmp/tmpg79j4jvf']
[2025-06-05T20:44:56.516+0000] {standard_task_runner.py:105} INFO - Job 361: Subtask install_dbt_deps
[2025-06-05T20:44:56.572+0000] {task_command.py:467} INFO - Running <TaskInstance: 04_transform_data.install_dbt_deps manual__2025-06-05T20:44:54.158568+00:00 [running]> on host 28e6a58e4107
[2025-06-05T20:44:56.659+0000] {taskinstance.py:3132} INFO - Exporting env vars: AIRFLOW_CTX_DAG_OWNER='***' AIRFLOW_CTX_DAG_ID='04_transform_data' AIRFLOW_CTX_TASK_ID='install_dbt_deps' AIRFLOW_CTX_EXECUTION_DATE='2025-06-05T20:44:54.158568+00:00' AIRFLOW_CTX_TRY_NUMBER='1' AIRFLOW_CTX_DAG_RUN_ID='manual__2025-06-05T20:44:54.158568+00:00'
[2025-06-05T20:44:56.660+0000] {taskinstance.py:731} INFO - ::endgroup::
[2025-06-05T20:44:58.295+0000] {logging_mixin.py:190} INFO - 20:44:58  Running with dbt=1.9.5
[2025-06-05T20:44:59.023+0000] {logging_mixin.py:190} INFO - 20:44:59  Installing dbt-labs/dbt_utils
[2025-06-05T20:45:02.341+0000] {logging_mixin.py:190} INFO - 20:45:02  Installed from version 1.2.0
[2025-06-05T20:45:02.343+0000] {logging_mixin.py:190} INFO - 20:45:02  Updated version available: 1.3.0
[2025-06-05T20:45:02.346+0000] {logging_mixin.py:190} INFO - 20:45:02
[2025-06-05T20:45:02.348+0000] {logging_mixin.py:190} INFO - 20:45:02  Updates available for packages: ['dbt-labs/dbt_utils']                 
Update your versions in packages.yml, then run dbt deps
[2025-06-05T20:45:03.060+0000] {logging_mixin.py:190} INFO - Dependencies sucessfully installed.
[2025-06-05T20:45:03.061+0000] {python.py:240} INFO - Done. Returned value was: None
[2025-06-05T20:45:03.075+0000] {taskinstance.py:340} INFO - ::group::Post task execution logs
[2025-06-05T20:45:03.077+0000] {taskinstance.py:352} INFO - Marking task as SUCCESS. dag_id=04_transform_data, task_id=install_dbt_deps, run_id=manual__2025-06-05T20:44:54.158568+00:00, execution_date=20250605T204454, start_date=20250605T204456, end_date=20250605T204503
[2025-06-05T20:45:03.113+0000] {local_task_job_runner.py:266} INFO - Task exited with return code 0
[2025-06-05T20:45:03.133+0000] {taskinstance.py:3895} INFO - 1 downstream tasks scheduled from follow-on schedule check
[2025-06-05T20:45:03.137+0000] {local_task_job_runner.py:245} INFO - ::endgroup::
