[2025-05-22T19:29:11.616+0000] {local_task_job_runner.py:123} INFO - ::group::Pre task execution logs
[2025-05-22T19:29:11.634+0000] {taskinstance.py:2613} INFO - Dependencies all met for dep_context=non-requeueable deps ti=<TaskInstance: 04_transform_data.run_dbt manual__2025-05-22T19:29:02.918794+00:00 [queued]>
[2025-05-22T19:29:11.643+0000] {taskinstance.py:2613} INFO - Dependencies all met for dep_context=requeueable deps ti=<TaskInstance: 04_transform_data.run_dbt manual__2025-05-22T19:29:02.918794+00:00 [queued]>
[2025-05-22T19:29:11.645+0000] {taskinstance.py:2866} INFO - Starting attempt 1 of 1
[2025-05-22T19:29:11.656+0000] {taskinstance.py:2889} INFO - Executing <Task(PythonOperator): run_dbt> on 2025-05-22 19:29:02.918794+00:00
[2025-05-22T19:29:11.661+0000] {standard_task_runner.py:72} INFO - Started process 4236 to run task
[2025-05-22T19:29:11.664+0000] {standard_task_runner.py:104} INFO - Running: ['***', 'tasks', 'run', '04_transform_data', 'run_dbt', 'manual__2025-05-22T19:29:02.918794+00:00', '--job-id', '228', '--raw', '--subdir', 'DAGS_FOLDER/04_transform_data.py', '--cfg-path', '/tmp/tmpl0fkinxk']
[2025-05-22T19:29:11.666+0000] {standard_task_runner.py:105} INFO - Job 228: Subtask run_dbt
[2025-05-22T19:29:11.719+0000] {task_command.py:467} INFO - Running <TaskInstance: 04_transform_data.run_dbt manual__2025-05-22T19:29:02.918794+00:00 [running]> on host e27e96d1841a
[2025-05-22T19:29:11.803+0000] {taskinstance.py:3132} INFO - Exporting env vars: AIRFLOW_CTX_DAG_OWNER='***' AIRFLOW_CTX_DAG_ID='04_transform_data' AIRFLOW_CTX_TASK_ID='run_dbt' AIRFLOW_CTX_EXECUTION_DATE='2025-05-22T19:29:02.918794+00:00' AIRFLOW_CTX_TRY_NUMBER='1' AIRFLOW_CTX_DAG_RUN_ID='manual__2025-05-22T19:29:02.918794+00:00'
[2025-05-22T19:29:11.804+0000] {taskinstance.py:731} INFO - ::endgroup::
[2025-05-22T19:29:13.366+0000] {logging_mixin.py:190} INFO - 19:29:13  Running with dbt=1.9.4
[2025-05-22T19:29:13.727+0000] {logging_mixin.py:190} INFO - 19:29:13  Registered adapter: postgres=1.9.0
[2025-05-22T19:29:14.961+0000] {logging_mixin.py:190} INFO - 19:29:14  [WARNING]: Configuration paths exist in your dbt_project.yml file which do not apply to any resources.
There are 1 unused configuration paths:
- models.e_commerce_sales.example
[2025-05-22T19:29:15.291+0000] {logging_mixin.py:190} INFO - 19:29:15  Found 11 models, 12 sources, 549 macros
[2025-05-22T19:29:15.295+0000] {logging_mixin.py:190} INFO - 19:29:15
[2025-05-22T19:29:15.296+0000] {logging_mixin.py:190} INFO - 19:29:15  Concurrency: 4 threads (target='dev')
[2025-05-22T19:29:15.298+0000] {logging_mixin.py:190} INFO - 19:29:15
[2025-05-22T19:29:15.442+0000] {logging_mixin.py:190} INFO - 19:29:15  1 of 11 START sql incremental model sales.mercadolivre_orders_results .......... [RUN]
[2025-05-22T19:29:15.444+0000] {logging_mixin.py:190} INFO - 19:29:15  2 of 11 START sql incremental model sales.shopee_new_id ........................ [RUN]
[2025-05-22T19:29:15.750+0000] {logging_mixin.py:190} INFO - 19:29:15  2 of 11 OK created sql incremental model sales.shopee_new_id ................... [SELECT 2875 in 0.29s]
[2025-05-22T19:29:15.758+0000] {logging_mixin.py:190} INFO - 19:29:15  3 of 11 START sql incremental model sales.shopee_orders_results ................ [RUN]
[2025-05-22T19:29:15.859+0000] {logging_mixin.py:190} INFO - 19:29:15  1 of 11 OK created sql incremental model sales.mercadolivre_orders_results ..... [MERGE 190 in 0.41s]
[2025-05-22T19:29:15.865+0000] {logging_mixin.py:190} INFO - 19:29:15  4 of 11 START sql incremental model sales.dim_mercadolivre_buyer ............... [RUN]
[2025-05-22T19:29:15.867+0000] {logging_mixin.py:190} INFO - 19:29:15  5 of 11 START sql incremental model sales.dim_mercadolivre_date ................ [RUN]
[2025-05-22T19:29:15.868+0000] {logging_mixin.py:190} INFO - 19:29:15  6 of 11 START sql incremental model sales.dim_mercadolivre_orders_status ....... [RUN]
[2025-05-22T19:29:15.978+0000] {logging_mixin.py:190} INFO - 19:29:15  3 of 11 OK created sql incremental model sales.shopee_orders_results ........... [SELECT 2727 in 0.19s]
[2025-05-22T19:29:15.992+0000] {logging_mixin.py:190} INFO - 19:29:15  7 of 11 START sql incremental model sales.dim_mercadolivre_product ............. [RUN]
[2025-05-22T19:29:16.151+0000] {logging_mixin.py:190} INFO - 19:29:16  6 of 11 OK created sql incremental model sales.dim_mercadolivre_orders_status .. [MERGE 190 in 0.27s]
[2025-05-22T19:29:16.158+0000] {logging_mixin.py:190} INFO - 19:29:16  4 of 11 OK created sql incremental model sales.dim_mercadolivre_buyer .......... [MERGE 188 in 0.28s]
[2025-05-22T19:29:16.160+0000] {logging_mixin.py:190} INFO - 19:29:16  5 of 11 OK created sql incremental model sales.dim_mercadolivre_date ........... [MERGE 190 in 0.28s]
[2025-05-22T19:29:16.168+0000] {logging_mixin.py:190} INFO - 19:29:16  8 of 11 START sql incremental model sales.dim_shopee_buyer ..................... [RUN]
[2025-05-22T19:29:16.176+0000] {logging_mixin.py:190} INFO - 19:29:16  9 of 11 START sql incremental model sales.dim_shopee_date ...................... [RUN]
[2025-05-22T19:29:16.178+0000] {logging_mixin.py:190} INFO - 19:29:16  10 of 11 START sql incremental model sales.dim_shopee_orders_status ............ [RUN]
[2025-05-22T19:29:16.255+0000] {logging_mixin.py:190} INFO - 19:29:16  7 of 11 OK created sql incremental model sales.dim_mercadolivre_product ........ [MERGE 186 in 0.25s]
[2025-05-22T19:29:16.265+0000] {logging_mixin.py:190} INFO - 19:29:16  11 of 11 START sql incremental model sales.dim_shopee_product .................. [RUN]
[2025-05-22T19:29:16.328+0000] {logging_mixin.py:190} INFO - 19:29:16  8 of 11 OK created sql incremental model sales.dim_shopee_buyer ................ [SELECT 2629 in 0.15s]
[2025-05-22T19:29:16.349+0000] {logging_mixin.py:190} INFO - 19:29:16  10 of 11 OK created sql incremental model sales.dim_shopee_orders_status ....... [SELECT 2731 in 0.16s]
[2025-05-22T19:29:16.351+0000] {logging_mixin.py:190} INFO - 19:29:16  9 of 11 OK created sql incremental model sales.dim_shopee_date ................. [SELECT 2727 in 0.16s]
[2025-05-22T19:29:16.385+0000] {logging_mixin.py:190} INFO - 19:29:16  11 of 11 OK created sql incremental model sales.dim_shopee_product ............. [SELECT 2702 in 0.11s]
[2025-05-22T19:29:16.413+0000] {logging_mixin.py:190} INFO - 19:29:16
[2025-05-22T19:29:16.414+0000] {logging_mixin.py:190} INFO - 19:29:16  Finished running 11 incremental models in 0 hours 0 minutes and 1.11 seconds (1.11s).
[2025-05-22T19:29:16.488+0000] {logging_mixin.py:190} INFO - 19:29:16
[2025-05-22T19:29:16.489+0000] {logging_mixin.py:190} INFO - 19:29:16  Completed successfully
[2025-05-22T19:29:16.491+0000] {logging_mixin.py:190} INFO - 19:29:16
[2025-05-22T19:29:16.492+0000] {logging_mixin.py:190} INFO - 19:29:16  Done. PASS=11 WARN=0 ERROR=0 SKIP=0 TOTAL=11
[2025-05-22T19:29:17.380+0000] {logging_mixin.py:190} INFO - Transformation sucessfully done.
[2025-05-22T19:29:17.381+0000] {python.py:240} INFO - Done. Returned value was: None
[2025-05-22T19:29:17.394+0000] {taskinstance.py:340} INFO - ::group::Post task execution logs
[2025-05-22T19:29:17.395+0000] {taskinstance.py:352} INFO - Marking task as SUCCESS. dag_id=04_transform_data, task_id=run_dbt, run_id=manual__2025-05-22T19:29:02.918794+00:00, execution_date=20250522T192902, start_date=20250522T192911, end_date=20250522T192917
[2025-05-22T19:29:17.437+0000] {local_task_job_runner.py:266} INFO - Task exited with return code 0
[2025-05-22T19:29:17.450+0000] {local_task_job_runner.py:245} INFO - ::endgroup::
