[2025-06-11T19:12:46.612+0000] {local_task_job_runner.py:123} INFO - ::group::Pre task execution logs
[2025-06-11T19:12:46.629+0000] {taskinstance.py:2613} INFO - Dependencies all met for dep_context=non-requeueable deps ti=<TaskInstance: 00_create_IAC.create_database manual__2025-06-11T19:12:44.550276+00:00 [queued]>
[2025-06-11T19:12:46.636+0000] {taskinstance.py:2613} INFO - Dependencies all met for dep_context=requeueable deps ti=<TaskInstance: 00_create_IAC.create_database manual__2025-06-11T19:12:44.550276+00:00 [queued]>
[2025-06-11T19:12:46.638+0000] {taskinstance.py:2866} INFO - Starting attempt 1 of 1
[2025-06-11T19:12:46.649+0000] {taskinstance.py:2889} INFO - Executing <Task(PythonOperator): create_database> on 2025-06-11 19:12:44.550276+00:00
[2025-06-11T19:12:46.653+0000] {standard_task_runner.py:72} INFO - Started process 1110 to run task
[2025-06-11T19:12:46.656+0000] {standard_task_runner.py:104} INFO - Running: ['***', 'tasks', 'run', '00_create_IAC', 'create_database', 'manual__2025-06-11T19:12:44.550276+00:00', '--job-id', '901', '--raw', '--subdir', 'DAGS_FOLDER/00_create_iac.py', '--cfg-path', '/tmp/tmpb66rn2n3']
[2025-06-11T19:12:46.658+0000] {standard_task_runner.py:105} INFO - Job 901: Subtask create_database
[2025-06-11T19:12:46.709+0000] {task_command.py:467} INFO - Running <TaskInstance: 00_create_IAC.create_database manual__2025-06-11T19:12:44.550276+00:00 [running]> on host 28e6a58e4107
[2025-06-11T19:12:46.795+0000] {taskinstance.py:3132} INFO - Exporting env vars: AIRFLOW_CTX_DAG_OWNER='***' AIRFLOW_CTX_DAG_ID='00_create_IAC' AIRFLOW_CTX_TASK_ID='create_database' AIRFLOW_CTX_EXECUTION_DATE='2025-06-11T19:12:44.550276+00:00' AIRFLOW_CTX_TRY_NUMBER='1' AIRFLOW_CTX_DAG_RUN_ID='manual__2025-06-11T19:12:44.550276+00:00'
[2025-06-11T19:12:46.797+0000] {taskinstance.py:731} INFO - ::endgroup::
[2025-06-11T19:12:46.811+0000] {logging_mixin.py:190} INFO - Running ['terraform', '--version']
[2025-06-11T19:12:47.173+0000] {logging_mixin.py:190} INFO - ['terraform', '--version'] ran successfully.
[2025-06-11T19:12:47.174+0000] {logging_mixin.py:190} INFO - Running ['terraform', 'init']
[2025-06-11T19:12:48.419+0000] {logging_mixin.py:190} INFO - ['terraform', 'init'] ran successfully.
[2025-06-11T19:12:48.420+0000] {logging_mixin.py:190} INFO - Running ['terraform', 'apply', '-auto-approve']
[2025-06-11T19:12:52.052+0000] {logging_mixin.py:190} INFO - ['terraform', 'apply', '-auto-approve'] ran successfully.
[2025-06-11T19:12:52.053+0000] {python.py:240} INFO - Done. Returned value was: None
[2025-06-11T19:12:52.065+0000] {taskinstance.py:340} INFO - ::group::Post task execution logs
[2025-06-11T19:12:52.067+0000] {taskinstance.py:352} INFO - Marking task as SUCCESS. dag_id=00_create_IAC, task_id=create_database, run_id=manual__2025-06-11T19:12:44.550276+00:00, execution_date=20250611T191244, start_date=20250611T191246, end_date=20250611T191252
[2025-06-11T19:12:52.087+0000] {local_task_job_runner.py:266} INFO - Task exited with return code 0
[2025-06-11T19:12:52.108+0000] {taskinstance.py:3895} INFO - 1 downstream tasks scheduled from follow-on schedule check
[2025-06-11T19:12:52.111+0000] {local_task_job_runner.py:245} INFO - ::endgroup::
