[2025-05-21T17:40:02.838+0000] {local_task_job_runner.py:123} INFO - ::group::Pre task execution logs
[2025-05-21T17:40:02.856+0000] {taskinstance.py:2613} INFO - Dependencies all met for dep_context=non-requeueable deps ti=<TaskInstance: 04_transform_data.run_dbt manual__2025-05-21T17:40:01.044458+00:00 [queued]>
[2025-05-21T17:40:02.864+0000] {taskinstance.py:2613} INFO - Dependencies all met for dep_context=requeueable deps ti=<TaskInstance: 04_transform_data.run_dbt manual__2025-05-21T17:40:01.044458+00:00 [queued]>
[2025-05-21T17:40:02.866+0000] {taskinstance.py:2866} INFO - Starting attempt 1 of 1
[2025-05-21T17:40:02.878+0000] {taskinstance.py:2889} INFO - Executing <Task(PythonOperator): run_dbt> on 2025-05-21 17:40:01.044458+00:00
[2025-05-21T17:40:02.882+0000] {standard_task_runner.py:72} INFO - Started process 2565 to run task
[2025-05-21T17:40:02.885+0000] {standard_task_runner.py:104} INFO - Running: ['***', 'tasks', 'run', '04_transform_data', 'run_dbt', 'manual__2025-05-21T17:40:01.044458+00:00', '--job-id', '100', '--raw', '--subdir', 'DAGS_FOLDER/04_transform_data.py', '--cfg-path', '/tmp/tmpi9vro7ap']
[2025-05-21T17:40:02.887+0000] {standard_task_runner.py:105} INFO - Job 100: Subtask run_dbt
[2025-05-21T17:40:02.941+0000] {task_command.py:467} INFO - Running <TaskInstance: 04_transform_data.run_dbt manual__2025-05-21T17:40:01.044458+00:00 [running]> on host e27e96d1841a
[2025-05-21T17:40:03.022+0000] {taskinstance.py:3132} INFO - Exporting env vars: AIRFLOW_CTX_DAG_OWNER='***' AIRFLOW_CTX_DAG_ID='04_transform_data' AIRFLOW_CTX_TASK_ID='run_dbt' AIRFLOW_CTX_EXECUTION_DATE='2025-05-21T17:40:01.044458+00:00' AIRFLOW_CTX_TRY_NUMBER='1' AIRFLOW_CTX_DAG_RUN_ID='manual__2025-05-21T17:40:01.044458+00:00'
[2025-05-21T17:40:03.024+0000] {taskinstance.py:731} INFO - ::endgroup::
[2025-05-21T17:40:04.714+0000] {logging_mixin.py:190} INFO - 17:40:04  Running with dbt=1.9.4
[2025-05-21T17:40:05.217+0000] {logging_mixin.py:190} INFO - 17:40:05  Registered adapter: postgres=1.9.0
[2025-05-21T17:40:06.599+0000] {logging_mixin.py:190} INFO - 17:40:06  [WARNING]: Configuration paths exist in your dbt_project.yml file which do not apply to any resources.
There are 1 unused configuration paths:
- models.e_commerce_sales.example
[2025-05-21T17:40:06.767+0000] {logging_mixin.py:190} INFO - 17:40:06  Found 9 models, 12 sources, 433 macros
[2025-05-21T17:40:06.771+0000] {logging_mixin.py:190} INFO - 17:40:06
[2025-05-21T17:40:06.773+0000] {logging_mixin.py:190} INFO - 17:40:06  Concurrency: 4 threads (target='dev')
[2025-05-21T17:40:06.774+0000] {logging_mixin.py:190} INFO - 17:40:06
[2025-05-21T17:40:06.908+0000] {logging_mixin.py:190} INFO - 17:40:06  1 of 9 START sql incremental model sales.mercadolivre_orders_results ........... [RUN]
[2025-05-21T17:40:06.910+0000] {logging_mixin.py:190} INFO - 17:40:06  2 of 9 START sql incremental model sales.shopee_new_id ......................... [RUN]
[2025-05-21T17:40:07.269+0000] {logging_mixin.py:190} INFO - 17:40:07  2 of 9 OK created sql incremental model sales.shopee_new_id .................... [MERGE 0 in 0.35s]
[2025-05-21T17:40:07.271+0000] {logging_mixin.py:190} INFO - 17:40:07  1 of 9 OK created sql incremental model sales.mercadolivre_orders_results ...... [MERGE 255 in 0.36s]
[2025-05-21T17:40:07.278+0000] {logging_mixin.py:190} INFO - 17:40:07  3 of 9 START sql incremental model sales.shopee_orders_results ................. [RUN]
[2025-05-21T17:40:07.283+0000] {logging_mixin.py:190} INFO - 17:40:07  4 of 9 START sql incremental model sales.dim_mercadolivre_product .............. [RUN]
[2025-05-21T17:40:07.285+0000] {logging_mixin.py:190} INFO - 17:40:07  5 of 9 START sql incremental model sales.mercadolivre_profits .................. [RUN]
[2025-05-21T17:40:07.546+0000] {logging_mixin.py:190} INFO - 17:40:07  4 of 9 OK created sql incremental model sales.dim_mercadolivre_product ......... [SELECT 250 in 0.24s]
[2025-05-21T17:40:07.592+0000] {logging_mixin.py:190} INFO - 17:40:07  3 of 9 OK created sql incremental model sales.shopee_orders_results ............ [MERGE 0 in 0.31s]
[2025-05-21T17:40:07.601+0000] {logging_mixin.py:190} INFO - 17:40:07  6 of 9 START sql incremental model sales.dim_shopee_buyer_id ................... [RUN]
[2025-05-21T17:40:07.603+0000] {logging_mixin.py:190} INFO - 17:40:07  7 of 9 START sql incremental model sales.dim_shopee_orders ..................... [RUN]
[2025-05-21T17:40:07.608+0000] {logging_mixin.py:190} INFO - 17:40:07  8 of 9 START sql incremental model sales.dim_shopee_orders_status .............. [RUN]
[2025-05-21T17:40:07.618+0000] {logging_mixin.py:190} INFO - 17:40:07  5 of 9 OK created sql incremental model sales.mercadolivre_profits ............. [MERGE 250 in 0.31s]
[2025-05-21T17:40:07.659+0000] {logging_mixin.py:190} INFO - 17:40:07  9 of 9 START sql incremental model sales.dim_shopee_product .................... [RUN]
[2025-05-21T17:40:07.871+0000] {logging_mixin.py:190} INFO - 17:40:07  6 of 9 OK created sql incremental model sales.dim_shopee_buyer_id .............. [MERGE 0 in 0.25s]
[2025-05-21T17:40:07.882+0000] {logging_mixin.py:190} INFO - 17:40:07  7 of 9 OK created sql incremental model sales.dim_shopee_orders ................ [MERGE 0 in 0.26s]
[2025-05-21T17:40:07.892+0000] {logging_mixin.py:190} INFO - 17:40:07  8 of 9 OK created sql incremental model sales.dim_shopee_orders_status ......... [MERGE 0 in 0.27s]
[2025-05-21T17:40:07.906+0000] {logging_mixin.py:190} INFO - 17:40:07  9 of 9 OK created sql incremental model sales.dim_shopee_product ............... [MERGE 0 in 0.23s]
[2025-05-21T17:40:07.932+0000] {logging_mixin.py:190} INFO - 17:40:07
[2025-05-21T17:40:07.934+0000] {logging_mixin.py:190} INFO - 17:40:07  Finished running 9 incremental models in 0 hours 0 minutes and 1.16 seconds (1.16s).
[2025-05-21T17:40:08.001+0000] {logging_mixin.py:190} INFO - 17:40:08
[2025-05-21T17:40:08.002+0000] {logging_mixin.py:190} INFO - 17:40:08  Completed successfully
[2025-05-21T17:40:08.004+0000] {logging_mixin.py:190} INFO - 17:40:08
[2025-05-21T17:40:08.006+0000] {logging_mixin.py:190} INFO - 17:40:08  Done. PASS=9 WARN=0 ERROR=0 SKIP=0 TOTAL=9
[2025-05-21T17:40:08.904+0000] {logging_mixin.py:190} INFO - Transformation sucessfully done.
[2025-05-21T17:40:08.905+0000] {python.py:240} INFO - Done. Returned value was: None
[2025-05-21T17:40:08.917+0000] {taskinstance.py:340} INFO - ::group::Post task execution logs
[2025-05-21T17:40:08.918+0000] {taskinstance.py:352} INFO - Marking task as SUCCESS. dag_id=04_transform_data, task_id=run_dbt, run_id=manual__2025-05-21T17:40:01.044458+00:00, execution_date=20250521T174001, start_date=20250521T174002, end_date=20250521T174008
[2025-05-21T17:40:08.970+0000] {local_task_job_runner.py:266} INFO - Task exited with return code 0
[2025-05-21T17:40:08.988+0000] {taskinstance.py:3895} INFO - 0 downstream tasks scheduled from follow-on schedule check
[2025-05-21T17:40:08.992+0000] {local_task_job_runner.py:245} INFO - ::endgroup::
