[2025-06-09T19:19:23.030+0000] {local_task_job_runner.py:123} INFO - ::group::Pre task execution logs
[2025-06-09T19:19:23.047+0000] {taskinstance.py:2613} INFO - Dependencies all met for dep_context=non-requeueable deps ti=<TaskInstance: 05_transform_data.run_dbt manual__2025-06-09T19:19:14.120181+00:00 [queued]>
[2025-06-09T19:19:23.056+0000] {taskinstance.py:2613} INFO - Dependencies all met for dep_context=requeueable deps ti=<TaskInstance: 05_transform_data.run_dbt manual__2025-06-09T19:19:14.120181+00:00 [queued]>
[2025-06-09T19:19:23.057+0000] {taskinstance.py:2866} INFO - Starting attempt 1 of 1
[2025-06-09T19:19:23.070+0000] {taskinstance.py:2889} INFO - Executing <Task(PythonOperator): run_dbt> on 2025-06-09 19:19:14.120181+00:00
[2025-06-09T19:19:23.074+0000] {standard_task_runner.py:72} INFO - Started process 731 to run task
[2025-06-09T19:19:23.077+0000] {standard_task_runner.py:104} INFO - Running: ['***', 'tasks', 'run', '05_transform_data', 'run_dbt', 'manual__2025-06-09T19:19:14.120181+00:00', '--job-id', '536', '--raw', '--subdir', 'DAGS_FOLDER/05_transform_data.py', '--cfg-path', '/tmp/tmpdkqx5x5c']
[2025-06-09T19:19:23.079+0000] {standard_task_runner.py:105} INFO - Job 536: Subtask run_dbt
[2025-06-09T19:19:23.129+0000] {task_command.py:467} INFO - Running <TaskInstance: 05_transform_data.run_dbt manual__2025-06-09T19:19:14.120181+00:00 [running]> on host 28e6a58e4107
[2025-06-09T19:19:23.207+0000] {taskinstance.py:3132} INFO - Exporting env vars: AIRFLOW_CTX_DAG_OWNER='***' AIRFLOW_CTX_DAG_ID='05_transform_data' AIRFLOW_CTX_TASK_ID='run_dbt' AIRFLOW_CTX_EXECUTION_DATE='2025-06-09T19:19:14.120181+00:00' AIRFLOW_CTX_TRY_NUMBER='1' AIRFLOW_CTX_DAG_RUN_ID='manual__2025-06-09T19:19:14.120181+00:00'
[2025-06-09T19:19:23.209+0000] {taskinstance.py:731} INFO - ::endgroup::
[2025-06-09T19:19:24.723+0000] {logging_mixin.py:190} INFO - 19:19:24  Running with dbt=1.9.5
[2025-06-09T19:19:25.075+0000] {logging_mixin.py:190} INFO - 19:19:25  Registered adapter: postgres=1.9.0
[2025-06-09T19:19:26.280+0000] {logging_mixin.py:190} INFO - 19:19:26  [WARNING]: Configuration paths exist in your dbt_project.yml file which do not apply to any resources.
There are 1 unused configuration paths:
- models.e_commerce_sales.example
[2025-06-09T19:19:26.668+0000] {logging_mixin.py:190} INFO - 19:19:26  Found 14 models, 12 sources, 549 macros, 1 unit test
[2025-06-09T19:19:26.673+0000] {logging_mixin.py:190} INFO - 19:19:26
[2025-06-09T19:19:26.674+0000] {logging_mixin.py:190} INFO - 19:19:26  Concurrency: 4 threads (target='dev')
[2025-06-09T19:19:26.676+0000] {logging_mixin.py:190} INFO - 19:19:26
[2025-06-09T19:19:26.834+0000] {logging_mixin.py:190} INFO - 19:19:26  1 of 14 START sql incremental model sales.mercadolivre_orders_results .......... [RUN]
[2025-06-09T19:19:26.835+0000] {logging_mixin.py:190} INFO - 19:19:26  2 of 14 START sql incremental model sales.stg_shopee ........................... [RUN]
[2025-06-09T19:19:27.182+0000] {logging_mixin.py:190} INFO - 19:19:27  2 of 14 OK created sql incremental model sales.stg_shopee ...................... [MERGE 0 in 0.34s]
[2025-06-09T19:19:27.187+0000] {logging_mixin.py:190} INFO - 19:19:27  3 of 14 START sql incremental model sales.shopee_orders_results ................ [RUN]
[2025-06-09T19:19:27.303+0000] {logging_mixin.py:190} INFO - 19:19:27  3 of 14 OK created sql incremental model sales.shopee_orders_results ........... [MERGE 0 in 0.11s]
[2025-06-09T19:19:27.309+0000] {logging_mixin.py:190} INFO - 19:19:27  4 of 14 START sql incremental model sales.dim_shopee_buyer ..................... [RUN]
[2025-06-09T19:19:27.311+0000] {logging_mixin.py:190} INFO - 19:19:27  5 of 14 START sql incremental model sales.dim_shopee_date ...................... [RUN]
[2025-06-09T19:19:27.313+0000] {logging_mixin.py:190} INFO - 19:19:27  6 of 14 START sql incremental model sales.dim_shopee_orders_status ............. [RUN]
[2025-06-09T19:19:27.548+0000] {logging_mixin.py:190} INFO - 19:19:27  6 of 14 OK created sql incremental model sales.dim_shopee_orders_status ........ [MERGE 0 in 0.23s]
[2025-06-09T19:19:27.551+0000] {logging_mixin.py:190} INFO - 19:19:27  4 of 14 OK created sql incremental model sales.dim_shopee_buyer ................ [MERGE 0 in 0.23s]
[2025-06-09T19:19:27.555+0000] {logging_mixin.py:190} INFO - 19:19:27  5 of 14 OK created sql incremental model sales.dim_shopee_date ................. [MERGE 0 in 0.23s]
[2025-06-09T19:19:27.561+0000] {logging_mixin.py:190} INFO - 19:19:27  7 of 14 START sql incremental model sales.dim_shopee_product ................... [RUN]
[2025-06-09T19:19:27.566+0000] {logging_mixin.py:190} INFO - 19:19:27  8 of 14 START sql view model sales.sum_shopee_monthly_profit ................... [RUN]
[2025-06-09T19:19:27.568+0000] {logging_mixin.py:190} INFO - 19:19:27  9 of 14 START sql view model sales.sum_shopee_monthly_revenue .................. [RUN]
[2025-06-09T19:19:27.805+0000] {logging_mixin.py:190} INFO - 19:19:27  8 of 14 OK created sql view model sales.sum_shopee_monthly_profit .............. [CREATE VIEW in 0.23s]
[2025-06-09T19:19:27.815+0000] {logging_mixin.py:190} INFO - 19:19:27  9 of 14 OK created sql view model sales.sum_shopee_monthly_revenue ............. [CREATE VIEW in 0.23s]
[2025-06-09T19:19:27.818+0000] {logging_mixin.py:190} INFO - 19:19:27  7 of 14 OK created sql incremental model sales.dim_shopee_product .............. [MERGE 0 in 0.25s]
[2025-06-09T19:19:27.824+0000] {logging_mixin.py:190} INFO - 19:19:27  10 of 14 START sql view model sales.sum_shopee_products_sold ................... [RUN]
[2025-06-09T19:19:27.912+0000] {logging_mixin.py:190} INFO - 19:19:27  10 of 14 OK created sql view model sales.sum_shopee_products_sold .............. [CREATE VIEW in 0.08s]
[2025-06-09T19:19:29.924+0000] {logging_mixin.py:190} INFO - 19:19:29  1 of 14 OK created sql incremental model sales.mercadolivre_orders_results ..... [MERGE 190 in 3.09s]
[2025-06-09T19:19:29.931+0000] {logging_mixin.py:190} INFO - 19:19:29  11 of 14 START sql incremental model sales.dim_mercadolivre_buyer .............. [RUN]
[2025-06-09T19:19:29.933+0000] {logging_mixin.py:190} INFO - 19:19:29  12 of 14 START sql incremental model sales.dim_mercadolivre_date ............... [RUN]
[2025-06-09T19:19:29.934+0000] {logging_mixin.py:190} INFO - 19:19:29  13 of 14 START sql incremental model sales.dim_mercadolivre_orders_status ...... [RUN]
[2025-06-09T19:19:29.936+0000] {logging_mixin.py:190} INFO - 19:19:29  14 of 14 START sql incremental model sales.dim_mercadolivre_product ............ [RUN]
[2025-06-09T19:19:30.169+0000] {logging_mixin.py:190} INFO - 19:19:30  13 of 14 OK created sql incremental model sales.dim_mercadolivre_orders_status . [MERGE 190 in 0.23s]
[2025-06-09T19:19:30.187+0000] {logging_mixin.py:190} INFO - 19:19:30  11 of 14 OK created sql incremental model sales.dim_mercadolivre_buyer ......... [MERGE 188 in 0.25s]
[2025-06-09T19:19:32.836+0000] {logging_mixin.py:190} INFO - 19:19:32  12 of 14 OK created sql incremental model sales.dim_mercadolivre_date .......... [MERGE 190 in 2.90s]
[2025-06-09T19:19:35.778+0000] {logging_mixin.py:190} INFO - 19:19:35  14 of 14 OK created sql incremental model sales.dim_mercadolivre_product ....... [MERGE 65 in 5.84s]
[2025-06-09T19:19:35.802+0000] {logging_mixin.py:190} INFO - 19:19:35
[2025-06-09T19:19:35.804+0000] {logging_mixin.py:190} INFO - 19:19:35  Finished running 11 incremental models, 3 view models in 0 hours 0 minutes and 9.12 seconds (9.12s).
[2025-06-09T19:19:35.874+0000] {logging_mixin.py:190} INFO - 19:19:35
[2025-06-09T19:19:35.876+0000] {logging_mixin.py:190} INFO - 19:19:35  Completed successfully
[2025-06-09T19:19:35.877+0000] {logging_mixin.py:190} INFO - 19:19:35
[2025-06-09T19:19:35.878+0000] {logging_mixin.py:190} INFO - 19:19:35  Done. PASS=14 WARN=0 ERROR=0 SKIP=0 TOTAL=14
[2025-06-09T19:19:36.735+0000] {logging_mixin.py:190} INFO - Transformation sucessfully done.
[2025-06-09T19:19:36.736+0000] {python.py:240} INFO - Done. Returned value was: None
[2025-06-09T19:19:36.748+0000] {taskinstance.py:340} INFO - ::group::Post task execution logs
[2025-06-09T19:19:36.749+0000] {taskinstance.py:352} INFO - Marking task as SUCCESS. dag_id=05_transform_data, task_id=run_dbt, run_id=manual__2025-06-09T19:19:14.120181+00:00, execution_date=20250609T191914, start_date=20250609T191923, end_date=20250609T191936
[2025-06-09T19:19:36.773+0000] {local_task_job_runner.py:266} INFO - Task exited with return code 0
[2025-06-09T19:19:36.792+0000] {taskinstance.py:3895} INFO - 0 downstream tasks scheduled from follow-on schedule check
[2025-06-09T19:19:36.795+0000] {local_task_job_runner.py:245} INFO - ::endgroup::
