[2025-06-10T19:42:05.987+0000] {local_task_job_runner.py:123} INFO - ::group::Pre task execution logs
[2025-06-10T19:42:06.009+0000] {taskinstance.py:2613} INFO - Dependencies all met for dep_context=non-requeueable deps ti=<TaskInstance: 03_load_data.load_prod_cost manual__2025-06-10T19:42:04.326772+00:00 [queued]>
[2025-06-10T19:42:06.019+0000] {taskinstance.py:2613} INFO - Dependencies all met for dep_context=requeueable deps ti=<TaskInstance: 03_load_data.load_prod_cost manual__2025-06-10T19:42:04.326772+00:00 [queued]>
[2025-06-10T19:42:06.020+0000] {taskinstance.py:2866} INFO - Starting attempt 1 of 1
[2025-06-10T19:42:06.033+0000] {taskinstance.py:2889} INFO - Executing <Task(PythonOperator): load_prod_cost> on 2025-06-10 19:42:04.326772+00:00
[2025-06-10T19:42:06.038+0000] {standard_task_runner.py:72} INFO - Started process 2383 to run task
[2025-06-10T19:42:06.042+0000] {standard_task_runner.py:104} INFO - Running: ['***', 'tasks', 'run', '03_load_data', 'load_prod_cost', 'manual__2025-06-10T19:42:04.326772+00:00', '--job-id', '706', '--raw', '--subdir', 'DAGS_FOLDER/03_load_data.py', '--cfg-path', '/tmp/tmpnd5rk80p']
[2025-06-10T19:42:06.044+0000] {standard_task_runner.py:105} INFO - Job 706: Subtask load_prod_cost
[2025-06-10T19:42:06.113+0000] {task_command.py:467} INFO - Running <TaskInstance: 03_load_data.load_prod_cost manual__2025-06-10T19:42:04.326772+00:00 [running]> on host 28e6a58e4107
[2025-06-10T19:42:06.200+0000] {taskinstance.py:3132} INFO - Exporting env vars: AIRFLOW_CTX_DAG_OWNER='***' AIRFLOW_CTX_DAG_ID='03_load_data' AIRFLOW_CTX_TASK_ID='load_prod_cost' AIRFLOW_CTX_EXECUTION_DATE='2025-06-10T19:42:04.326772+00:00' AIRFLOW_CTX_TRY_NUMBER='1' AIRFLOW_CTX_DAG_RUN_ID='manual__2025-06-10T19:42:04.326772+00:00'
[2025-06-10T19:42:06.201+0000] {taskinstance.py:731} INFO - ::endgroup::
[2025-06-10T19:42:06.679+0000] {logging_mixin.py:190} INFO - column begin_date is datetime64[ns, UTC]
[2025-06-10T19:42:06.680+0000] {logging_mixin.py:190} INFO - column end_date is datetime64[ns, UTC]
[2025-06-10T19:42:06.681+0000] {logging_mixin.py:190} INFO - Loading file /opt/***/cleaning/entry_data/clean/clean_cost_data.csv to sales_db
[2025-06-10T19:42:06.732+0000] {logging_mixin.py:190} INFO - Data in /opt/***/cleaning/entry_data/clean/clean_cost_data.csv successfully loaded.
[2025-06-10T19:42:06.733+0000] {python.py:240} INFO - Done. Returned value was: None
[2025-06-10T19:42:06.746+0000] {taskinstance.py:340} INFO - ::group::Post task execution logs
[2025-06-10T19:42:06.747+0000] {taskinstance.py:352} INFO - Marking task as SUCCESS. dag_id=03_load_data, task_id=load_prod_cost, run_id=manual__2025-06-10T19:42:04.326772+00:00, execution_date=20250610T194204, start_date=20250610T194206, end_date=20250610T194206
[2025-06-10T19:42:06.777+0000] {local_task_job_runner.py:266} INFO - Task exited with return code 0
[2025-06-10T19:42:06.798+0000] {taskinstance.py:3895} INFO - 0 downstream tasks scheduled from follow-on schedule check
[2025-06-10T19:42:06.800+0000] {local_task_job_runner.py:245} INFO - ::endgroup::
