[2025-06-12T00:13:02.307+0000] {local_task_job_runner.py:123} INFO - ::group::Pre task execution logs
[2025-06-12T00:13:02.324+0000] {taskinstance.py:2613} INFO - Dependencies all met for dep_context=non-requeueable deps ti=<TaskInstance: 05_transform_data_prod.install_dbt_deps manual__2025-06-12T00:13:00.043006+00:00 [queued]>
[2025-06-12T00:13:02.332+0000] {taskinstance.py:2613} INFO - Dependencies all met for dep_context=requeueable deps ti=<TaskInstance: 05_transform_data_prod.install_dbt_deps manual__2025-06-12T00:13:00.043006+00:00 [queued]>
[2025-06-12T00:13:02.333+0000] {taskinstance.py:2866} INFO - Starting attempt 1 of 1
[2025-06-12T00:13:02.345+0000] {taskinstance.py:2889} INFO - Executing <Task(PythonOperator): install_dbt_deps> on 2025-06-12 00:13:00.043006+00:00
[2025-06-12T00:13:02.349+0000] {standard_task_runner.py:72} INFO - Started process 8871 to run task
[2025-06-12T00:13:02.352+0000] {standard_task_runner.py:104} INFO - Running: ['***', 'tasks', 'run', '05_transform_data_prod', 'install_dbt_deps', 'manual__2025-06-12T00:13:00.043006+00:00', '--job-id', '990', '--raw', '--subdir', 'DAGS_FOLDER/05_transform_data_prod.py', '--cfg-path', '/tmp/tmpl8a4hjjw']
[2025-06-12T00:13:02.353+0000] {standard_task_runner.py:105} INFO - Job 990: Subtask install_dbt_deps
[2025-06-12T00:13:02.404+0000] {task_command.py:467} INFO - Running <TaskInstance: 05_transform_data_prod.install_dbt_deps manual__2025-06-12T00:13:00.043006+00:00 [running]> on host 28e6a58e4107
[2025-06-12T00:13:02.475+0000] {taskinstance.py:3132} INFO - Exporting env vars: AIRFLOW_CTX_DAG_OWNER='***' AIRFLOW_CTX_DAG_ID='05_transform_data_prod' AIRFLOW_CTX_TASK_ID='install_dbt_deps' AIRFLOW_CTX_EXECUTION_DATE='2025-06-12T00:13:00.043006+00:00' AIRFLOW_CTX_TRY_NUMBER='1' AIRFLOW_CTX_DAG_RUN_ID='manual__2025-06-12T00:13:00.043006+00:00'
[2025-06-12T00:13:02.476+0000] {taskinstance.py:731} INFO - ::endgroup::
[2025-06-12T00:13:03.991+0000] {logging_mixin.py:190} INFO - 00:13:03  Running with dbt=1.9.5
[2025-06-12T00:13:04.990+0000] {logging_mixin.py:190} INFO - 00:13:04  Installing dbt-labs/dbt_utils
[2025-06-12T00:13:08.538+0000] {logging_mixin.py:190} INFO - 00:13:08  Installed from version 1.2.0
[2025-06-12T00:13:08.540+0000] {logging_mixin.py:190} INFO - 00:13:08  Updated version available: 1.3.0
[2025-06-12T00:13:08.543+0000] {logging_mixin.py:190} INFO - 00:13:08
[2025-06-12T00:13:08.546+0000] {logging_mixin.py:190} INFO - 00:13:08  Updates available for packages: ['dbt-labs/dbt_utils']                 
Update your versions in packages.yml, then run dbt deps
[2025-06-12T00:13:09.270+0000] {logging_mixin.py:190} INFO - Dependencies sucessfully installed.
[2025-06-12T00:13:09.271+0000] {python.py:240} INFO - Done. Returned value was: None
[2025-06-12T00:13:09.283+0000] {taskinstance.py:340} INFO - ::group::Post task execution logs
[2025-06-12T00:13:09.284+0000] {taskinstance.py:352} INFO - Marking task as SUCCESS. dag_id=05_transform_data_prod, task_id=install_dbt_deps, run_id=manual__2025-06-12T00:13:00.043006+00:00, execution_date=20250612T001300, start_date=20250612T001302, end_date=20250612T001309
[2025-06-12T00:13:09.310+0000] {local_task_job_runner.py:266} INFO - Task exited with return code 0
[2025-06-12T00:13:09.330+0000] {taskinstance.py:3895} INFO - 1 downstream tasks scheduled from follow-on schedule check
[2025-06-12T00:13:09.333+0000] {local_task_job_runner.py:245} INFO - ::endgroup::
