[2025-06-23T17:12:49.133+0000] {local_task_job_runner.py:123} INFO - ::group::Pre task execution logs
[2025-06-23T17:12:49.153+0000] {taskinstance.py:2613} INFO - Dependencies all met for dep_context=non-requeueable deps ti=<TaskInstance: 03_load_data_prod.load_mercadolivre manual__2025-06-23T17:12:47.302776+00:00 [queued]>
[2025-06-23T17:12:49.162+0000] {taskinstance.py:2613} INFO - Dependencies all met for dep_context=requeueable deps ti=<TaskInstance: 03_load_data_prod.load_mercadolivre manual__2025-06-23T17:12:47.302776+00:00 [queued]>
[2025-06-23T17:12:49.163+0000] {taskinstance.py:2866} INFO - Starting attempt 1 of 1
[2025-06-23T17:12:49.175+0000] {taskinstance.py:2889} INFO - Executing <Task(PythonOperator): load_mercadolivre> on 2025-06-23 17:12:47.302776+00:00
[2025-06-23T17:12:49.180+0000] {standard_task_runner.py:72} INFO - Started process 703 to run task
[2025-06-23T17:12:49.185+0000] {standard_task_runner.py:104} INFO - Running: ['***', 'tasks', 'run', '03_load_data_prod', 'load_mercadolivre', 'manual__2025-06-23T17:12:47.302776+00:00', '--job-id', '15', '--raw', '--subdir', 'DAGS_FOLDER/03_load_data_prod.py', '--cfg-path', '/tmp/tmp2cv_8v0f']
[2025-06-23T17:12:49.187+0000] {standard_task_runner.py:105} INFO - Job 15: Subtask load_mercadolivre
[2025-06-23T17:12:49.253+0000] {task_command.py:467} INFO - Running <TaskInstance: 03_load_data_prod.load_mercadolivre manual__2025-06-23T17:12:47.302776+00:00 [running]> on host b208c9761688
[2025-06-23T17:12:49.333+0000] {taskinstance.py:3132} INFO - Exporting env vars: AIRFLOW_CTX_DAG_OWNER='***' AIRFLOW_CTX_DAG_ID='03_load_data_prod' AIRFLOW_CTX_TASK_ID='load_mercadolivre' AIRFLOW_CTX_EXECUTION_DATE='2025-06-23T17:12:47.302776+00:00' AIRFLOW_CTX_TRY_NUMBER='1' AIRFLOW_CTX_DAG_RUN_ID='manual__2025-06-23T17:12:47.302776+00:00'
[2025-06-23T17:12:49.335+0000] {taskinstance.py:731} INFO - ::endgroup::
[2025-06-23T17:12:50.251+0000] {warnings.py:109} WARNING - /home/***/.local/lib/python3.9/site-packages/dlt/helpers/dbt/__init__.py:3: UserWarning: pkg_resources is deprecated as an API. See https://setuptools.pypa.io/en/latest/pkg_resources.html. The pkg_resources package is slated for removal as early as 2025-11-30. Refrain from using this package or pin to Setuptools<81.
  import pkg_resources

[2025-06-23T17:12:50.561+0000] {config_providers_context.py:156} WARNING - Airflow variable 'dlt_secrets_toml' was not found. This Airflow variable is a recommended place to hold the content of secrets.toml.If you do not use Airflow variables to hold dlt configuration or use variables with other names you can ignore this warning.
[2025-06-23T17:12:52.634+0000] {logging_mixin.py:190} INFO - trying to load /opt/***/data/mercadolivre/raw/prod/ml_sell_data_2024-07-01T00:00:00.000-03:00_2025-05-01T00:00:00.000-03:00_0.json to sales_db
[2025-06-23T17:12:55.421+0000] {logging_mixin.py:190} INFO - Pipeline mercadolivre_data load step completed in 0.18 seconds
1 load package(s) were loaded to destination postgres and into dataset entry
The postgres destination used postgresql://***:***@pgdatabase:5432/sales_db location to store data
Load package 1750698773.7397165 is LOADED and contains no failed jobs
[2025-06-23T17:12:55.422+0000] {logging_mixin.py:190} INFO - Run started at 2025-06-23 17:12:52.636089+00:00 and COMPLETED in 2.78 seconds with 4 steps.
Step extract COMPLETED in 0.83 seconds.

Load package 1750698773.7397165 is EXTRACTED and NOT YET LOADED to the destination and contains no failed jobs

Step normalize COMPLETED in 0.43 seconds.
Normalized data for the following tables:
- entry_mercadolivre: 50 row(s)
- entry_mercadolivre__payments: 52 row(s)
- entry_mercadolivre__payments__available_actions: 52 row(s)
- entry_mercadolivre__order_items: 50 row(s)
- entry_mercadolivre__tags: 118 row(s)
- entry_mercadolivre__order_items__item__variation_attributes: 44 row(s)
- entry_mercadolivre__mediations: 2 row(s)
- entry_mercadolivre__context__flows: 9 row(s)
- _dlt_pipeline_state: 1 row(s)

Load package 1750698773.7397165 is NORMALIZED and NOT YET LOADED to the destination and contains no failed jobs

Step load COMPLETED in 0.43 seconds.
Pipeline mercadolivre_data load step completed in 0.18 seconds
1 load package(s) were loaded to destination postgres and into dataset entry
The postgres destination used postgresql://***:***@pgdatabase:5432/sales_db location to store data
Load package 1750698773.7397165 is LOADED and contains no failed jobs

Step run COMPLETED in 2.78 seconds.
Pipeline mercadolivre_data load step completed in 0.18 seconds
1 load package(s) were loaded to destination postgres and into dataset entry
The postgres destination used postgresql://***:***@pgdatabase:5432/sales_db location to store data
Load package 1750698773.7397165 is LOADED and contains no failed jobs
[2025-06-23T17:12:55.428+0000] {logging_mixin.py:190} INFO - trying to load /opt/***/data/mercadolivre/raw/prod/ml_sell_data_2024-07-01T00:00:00.000-03:00_2025-05-01T00:00:00.000-03:00_1.json to sales_db
[2025-06-23T17:12:55.790+0000] {logging_mixin.py:190} INFO - Pipeline mercadolivre_data load step completed in 0.11 seconds
1 load package(s) were loaded to destination postgres and into dataset entry
The postgres destination used postgresql://***:***@pgdatabase:5432/sales_db location to store data
Load package 1750698775.4932961 is LOADED and contains no failed jobs
[2025-06-23T17:12:55.791+0000] {logging_mixin.py:190} INFO - Run started at 2025-06-23 17:12:55.430058+00:00 and COMPLETED in 0.36 seconds with 4 steps.
Step extract COMPLETED in 0.07 seconds.

Load package 1750698775.4932961 is EXTRACTED and NOT YET LOADED to the destination and contains no failed jobs

Step normalize COMPLETED in 0.12 seconds.
Normalized data for the following tables:
- entry_mercadolivre: 50 row(s)
- entry_mercadolivre__payments: 53 row(s)
- entry_mercadolivre__payments__available_actions: 53 row(s)
- entry_mercadolivre__order_items: 50 row(s)
- entry_mercadolivre__tags: 135 row(s)
- entry_mercadolivre__context__flows: 19 row(s)
- entry_mercadolivre__order_items__item__variation_attributes: 27 row(s)
- entry_mercadolivre__mediations: 3 row(s)

Load package 1750698775.4932961 is NORMALIZED and NOT YET LOADED to the destination and contains no failed jobs

Step load COMPLETED in 0.15 seconds.
Pipeline mercadolivre_data load step completed in 0.11 seconds
1 load package(s) were loaded to destination postgres and into dataset entry
The postgres destination used postgresql://***:***@pgdatabase:5432/sales_db location to store data
Load package 1750698775.4932961 is LOADED and contains no failed jobs

Step run COMPLETED in 0.36 seconds.
Pipeline mercadolivre_data load step completed in 0.11 seconds
1 load package(s) were loaded to destination postgres and into dataset entry
The postgres destination used postgresql://***:***@pgdatabase:5432/sales_db location to store data
Load package 1750698775.4932961 is LOADED and contains no failed jobs
[2025-06-23T17:12:55.796+0000] {logging_mixin.py:190} INFO - trying to load /opt/***/data/mercadolivre/raw/prod/ml_sell_data_2024-07-01T00:00:00.000-03:00_2025-05-01T00:00:00.000-03:00_2.json to sales_db
[2025-06-23T17:12:56.149+0000] {logging_mixin.py:190} INFO - Pipeline mercadolivre_data load step completed in 0.11 seconds
1 load package(s) were loaded to destination postgres and into dataset entry
The postgres destination used postgresql://***:***@pgdatabase:5432/sales_db location to store data
Load package 1750698775.863551 is LOADED and contains no failed jobs
[2025-06-23T17:12:56.151+0000] {logging_mixin.py:190} INFO - Run started at 2025-06-23 17:12:55.798275+00:00 and COMPLETED in 0.35 seconds with 4 steps.
Step extract COMPLETED in 0.07 seconds.

Load package 1750698775.863551 is EXTRACTED and NOT YET LOADED to the destination and contains no failed jobs

Step normalize COMPLETED in 0.11 seconds.
Normalized data for the following tables:
- entry_mercadolivre: 50 row(s)
- entry_mercadolivre__payments: 55 row(s)
- entry_mercadolivre__payments__available_actions: 55 row(s)
- entry_mercadolivre__order_items: 50 row(s)
- entry_mercadolivre__order_items__item__variation_attributes: 43 row(s)
- entry_mercadolivre__tags: 144 row(s)
- entry_mercadolivre__mediations: 6 row(s)
- entry_mercadolivre__context__flows: 10 row(s)

Load package 1750698775.863551 is NORMALIZED and NOT YET LOADED to the destination and contains no failed jobs

Step load COMPLETED in 0.15 seconds.
Pipeline mercadolivre_data load step completed in 0.11 seconds
1 load package(s) were loaded to destination postgres and into dataset entry
The postgres destination used postgresql://***:***@pgdatabase:5432/sales_db location to store data
Load package 1750698775.863551 is LOADED and contains no failed jobs

Step run COMPLETED in 0.35 seconds.
Pipeline mercadolivre_data load step completed in 0.11 seconds
1 load package(s) were loaded to destination postgres and into dataset entry
The postgres destination used postgresql://***:***@pgdatabase:5432/sales_db location to store data
Load package 1750698775.863551 is LOADED and contains no failed jobs
[2025-06-23T17:12:56.158+0000] {logging_mixin.py:190} INFO - trying to load /opt/***/data/mercadolivre/raw/prod/ml_sell_data_2024-07-01T00:00:00.000-03:00_2025-05-01T00:00:00.000-03:00_3.json to sales_db
[2025-06-23T17:12:56.516+0000] {logging_mixin.py:190} INFO - Pipeline mercadolivre_data load step completed in 0.11 seconds
1 load package(s) were loaded to destination postgres and into dataset entry
The postgres destination used postgresql://***:***@pgdatabase:5432/sales_db location to store data
Load package 1750698776.2286828 is LOADED and contains no failed jobs
[2025-06-23T17:12:56.518+0000] {logging_mixin.py:190} INFO - Run started at 2025-06-23 17:12:56.159457+00:00 and COMPLETED in 0.36 seconds with 4 steps.
Step extract COMPLETED in 0.06 seconds.

Load package 1750698776.2286828 is EXTRACTED and NOT YET LOADED to the destination and contains no failed jobs

Step normalize COMPLETED in 0.11 seconds.
Normalized data for the following tables:
- entry_mercadolivre: 50 row(s)
- entry_mercadolivre__payments: 52 row(s)
- entry_mercadolivre__payments__available_actions: 52 row(s)
- entry_mercadolivre__order_items: 50 row(s)
- entry_mercadolivre__order_items__item__variation_attributes: 47 row(s)
- entry_mercadolivre__tags: 165 row(s)
- entry_mercadolivre__context__flows: 16 row(s)
- entry_mercadolivre__mediations: 9 row(s)

Load package 1750698776.2286828 is NORMALIZED and NOT YET LOADED to the destination and contains no failed jobs

Step load COMPLETED in 0.15 seconds.
Pipeline mercadolivre_data load step completed in 0.11 seconds
1 load package(s) were loaded to destination postgres and into dataset entry
The postgres destination used postgresql://***:***@pgdatabase:5432/sales_db location to store data
Load package 1750698776.2286828 is LOADED and contains no failed jobs

Step run COMPLETED in 0.35 seconds.
Pipeline mercadolivre_data load step completed in 0.11 seconds
1 load package(s) were loaded to destination postgres and into dataset entry
The postgres destination used postgresql://***:***@pgdatabase:5432/sales_db location to store data
Load package 1750698776.2286828 is LOADED and contains no failed jobs
[2025-06-23T17:12:56.524+0000] {logging_mixin.py:190} INFO - trying to load /opt/***/data/mercadolivre/raw/prod/ml_sell_data_2024-07-01T00:00:00.000-03:00_2025-05-01T00:00:00.000-03:00_4.json to sales_db
[2025-06-23T17:12:56.864+0000] {logging_mixin.py:190} INFO - Pipeline mercadolivre_data load step completed in 0.10 seconds
1 load package(s) were loaded to destination postgres and into dataset entry
The postgres destination used postgresql://***:***@pgdatabase:5432/sales_db location to store data
Load package 1750698776.585381 is LOADED and contains no failed jobs
[2025-06-23T17:12:56.865+0000] {logging_mixin.py:190} INFO - Run started at 2025-06-23 17:12:56.525430+00:00 and COMPLETED in 0.34 seconds with 4 steps.
Step extract COMPLETED in 0.07 seconds.

Load package 1750698776.585381 is EXTRACTED and NOT YET LOADED to the destination and contains no failed jobs

Step normalize COMPLETED in 0.11 seconds.
Normalized data for the following tables:
- entry_mercadolivre: 50 row(s)
- entry_mercadolivre__payments: 53 row(s)
- entry_mercadolivre__payments__available_actions: 53 row(s)
- entry_mercadolivre__order_items: 50 row(s)
- entry_mercadolivre__order_items__item__variation_attributes: 53 row(s)
- entry_mercadolivre__tags: 154 row(s)
- entry_mercadolivre__mediations: 5 row(s)
- entry_mercadolivre__context__flows: 5 row(s)

Load package 1750698776.585381 is NORMALIZED and NOT YET LOADED to the destination and contains no failed jobs

Step load COMPLETED in 0.14 seconds.
Pipeline mercadolivre_data load step completed in 0.10 seconds
1 load package(s) were loaded to destination postgres and into dataset entry
The postgres destination used postgresql://***:***@pgdatabase:5432/sales_db location to store data
Load package 1750698776.585381 is LOADED and contains no failed jobs

Step run COMPLETED in 0.34 seconds.
Pipeline mercadolivre_data load step completed in 0.10 seconds
1 load package(s) were loaded to destination postgres and into dataset entry
The postgres destination used postgresql://***:***@pgdatabase:5432/sales_db location to store data
Load package 1750698776.585381 is LOADED and contains no failed jobs
[2025-06-23T17:12:56.870+0000] {logging_mixin.py:190} INFO - trying to load /opt/***/data/mercadolivre/raw/prod/ml_sell_data_2024-07-01T00:00:00.000-03:00_2025-05-01T00:00:00.000-03:00_5.json to sales_db
[2025-06-23T17:12:57.209+0000] {logging_mixin.py:190} INFO - Pipeline mercadolivre_data load step completed in 0.10 seconds
1 load package(s) were loaded to destination postgres and into dataset entry
The postgres destination used postgresql://***:***@pgdatabase:5432/sales_db location to store data
Load package 1750698776.9300325 is LOADED and contains no failed jobs
[2025-06-23T17:12:57.211+0000] {logging_mixin.py:190} INFO - Run started at 2025-06-23 17:12:56.871532+00:00 and COMPLETED in 0.34 seconds with 4 steps.
Step extract COMPLETED in 0.06 seconds.

Load package 1750698776.9300325 is EXTRACTED and NOT YET LOADED to the destination and contains no failed jobs

Step normalize COMPLETED in 0.10 seconds.
Normalized data for the following tables:
- entry_mercadolivre: 47 row(s)
- entry_mercadolivre__payments: 49 row(s)
- entry_mercadolivre__payments__available_actions: 49 row(s)
- entry_mercadolivre__order_items: 47 row(s)
- entry_mercadolivre__order_items__item__variation_attributes: 48 row(s)
- entry_mercadolivre__tags: 127 row(s)
- entry_mercadolivre__context__flows: 6 row(s)
- entry_mercadolivre__mediations: 2 row(s)

Load package 1750698776.9300325 is NORMALIZED and NOT YET LOADED to the destination and contains no failed jobs

Step load COMPLETED in 0.15 seconds.
Pipeline mercadolivre_data load step completed in 0.10 seconds
1 load package(s) were loaded to destination postgres and into dataset entry
The postgres destination used postgresql://***:***@pgdatabase:5432/sales_db location to store data
Load package 1750698776.9300325 is LOADED and contains no failed jobs

Step run COMPLETED in 0.33 seconds.
Pipeline mercadolivre_data load step completed in 0.10 seconds
1 load package(s) were loaded to destination postgres and into dataset entry
The postgres destination used postgresql://***:***@pgdatabase:5432/sales_db location to store data
Load package 1750698776.9300325 is LOADED and contains no failed jobs
[2025-06-23T17:12:57.212+0000] {logging_mixin.py:190} INFO - [WARNING] - file /opt/***/data/mercadolivre/raw/prod/temp.txt does not have .json extension and could not be loaded.
[2025-06-23T17:12:57.213+0000] {python.py:240} INFO - Done. Returned value was: -1
[2025-06-23T17:12:57.237+0000] {taskinstance.py:340} INFO - ::group::Post task execution logs
[2025-06-23T17:12:57.238+0000] {taskinstance.py:352} INFO - Marking task as SUCCESS. dag_id=03_load_data_prod, task_id=load_mercadolivre, run_id=manual__2025-06-23T17:12:47.302776+00:00, execution_date=20250623T171247, start_date=20250623T171249, end_date=20250623T171257
[2025-06-23T17:12:57.270+0000] {local_task_job_runner.py:266} INFO - Task exited with return code 0
[2025-06-23T17:12:57.286+0000] {taskinstance.py:3895} INFO - 0 downstream tasks scheduled from follow-on schedule check
[2025-06-23T17:12:57.288+0000] {local_task_job_runner.py:245} INFO - ::endgroup::
