[2025-06-12T00:23:17.339+0000] {local_task_job_runner.py:123} INFO - ::group::Pre task execution logs
[2025-06-12T00:23:17.362+0000] {taskinstance.py:2613} INFO - Dependencies all met for dep_context=non-requeueable deps ti=<TaskInstance: 06_delete_entry_data_prod.delete_ml_files manual__2025-06-12T00:23:16.022879+00:00 [queued]>
[2025-06-12T00:23:17.372+0000] {taskinstance.py:2613} INFO - Dependencies all met for dep_context=requeueable deps ti=<TaskInstance: 06_delete_entry_data_prod.delete_ml_files manual__2025-06-12T00:23:16.022879+00:00 [queued]>
[2025-06-12T00:23:17.374+0000] {taskinstance.py:2866} INFO - Starting attempt 1 of 1
[2025-06-12T00:23:17.388+0000] {taskinstance.py:2889} INFO - Executing <Task(PythonOperator): delete_ml_files> on 2025-06-12 00:23:16.022879+00:00
[2025-06-12T00:23:17.394+0000] {standard_task_runner.py:72} INFO - Started process 10575 to run task
[2025-06-12T00:23:17.398+0000] {standard_task_runner.py:104} INFO - Running: ['***', 'tasks', 'run', '06_delete_entry_data_prod', 'delete_ml_files', 'manual__2025-06-12T00:23:16.022879+00:00', '--job-id', '1013', '--raw', '--subdir', 'DAGS_FOLDER/06_delete_files_tables_prod.py', '--cfg-path', '/tmp/tmp00vub1mz']
[2025-06-12T00:23:17.400+0000] {standard_task_runner.py:105} INFO - Job 1013: Subtask delete_ml_files
[2025-06-12T00:23:17.466+0000] {task_command.py:467} INFO - Running <TaskInstance: 06_delete_entry_data_prod.delete_ml_files manual__2025-06-12T00:23:16.022879+00:00 [running]> on host 28e6a58e4107
[2025-06-12T00:23:17.564+0000] {taskinstance.py:3132} INFO - Exporting env vars: AIRFLOW_CTX_DAG_OWNER='***' AIRFLOW_CTX_DAG_ID='06_delete_entry_data_prod' AIRFLOW_CTX_TASK_ID='delete_ml_files' AIRFLOW_CTX_EXECUTION_DATE='2025-06-12T00:23:16.022879+00:00' AIRFLOW_CTX_TRY_NUMBER='1' AIRFLOW_CTX_DAG_RUN_ID='manual__2025-06-12T00:23:16.022879+00:00'
[2025-06-12T00:23:17.566+0000] {taskinstance.py:731} INFO - ::endgroup::
[2025-06-12T00:23:17.586+0000] {logging_mixin.py:190} INFO - Deleted all files in /opt/***/extraction/mercadolivre/data/raw/prod/ with extension *.json
[2025-06-12T00:23:17.589+0000] {logging_mixin.py:190} INFO - Deleted all files in /opt/***/extraction/mercadolivre/data/raw/prod/ with extension *.json
[2025-06-12T00:23:17.592+0000] {logging_mixin.py:190} INFO - Deleted all files in /opt/***/extraction/mercadolivre/data/raw/prod/ with extension *.json
[2025-06-12T00:23:17.594+0000] {logging_mixin.py:190} INFO - Deleted all files in /opt/***/extraction/mercadolivre/data/raw/prod/ with extension *.json
[2025-06-12T00:23:17.597+0000] {logging_mixin.py:190} INFO - Deleted all files in /opt/***/extraction/mercadolivre/data/raw/prod/ with extension *.json
[2025-06-12T00:23:17.599+0000] {logging_mixin.py:190} INFO - Deleted all files in /opt/***/extraction/mercadolivre/data/raw/prod/ with extension *.json
[2025-06-12T00:23:17.602+0000] {logging_mixin.py:190} INFO - Deleted all files in /opt/***/extraction/mercadolivre/data/raw/prod/ with extension *.json
[2025-06-12T00:23:17.603+0000] {python.py:240} INFO - Done. Returned value was: None
[2025-06-12T00:23:17.618+0000] {taskinstance.py:340} INFO - ::group::Post task execution logs
[2025-06-12T00:23:17.619+0000] {taskinstance.py:352} INFO - Marking task as SUCCESS. dag_id=06_delete_entry_data_prod, task_id=delete_ml_files, run_id=manual__2025-06-12T00:23:16.022879+00:00, execution_date=20250612T002316, start_date=20250612T002317, end_date=20250612T002317
[2025-06-12T00:23:17.652+0000] {local_task_job_runner.py:266} INFO - Task exited with return code 0
[2025-06-12T00:23:17.669+0000] {local_task_job_runner.py:245} INFO - ::endgroup::
