[2025-06-09T19:13:12.995+0000] {local_task_job_runner.py:123} INFO - ::group::Pre task execution logs
[2025-06-09T19:13:13.012+0000] {taskinstance.py:2613} INFO - Dependencies all met for dep_context=non-requeueable deps ti=<TaskInstance: 05_transform_data.run_dbt manual__2025-06-09T19:13:03.862872+00:00 [queued]>
[2025-06-09T19:13:13.020+0000] {taskinstance.py:2613} INFO - Dependencies all met for dep_context=requeueable deps ti=<TaskInstance: 05_transform_data.run_dbt manual__2025-06-09T19:13:03.862872+00:00 [queued]>
[2025-06-09T19:13:13.021+0000] {taskinstance.py:2866} INFO - Starting attempt 1 of 1
[2025-06-09T19:13:13.033+0000] {taskinstance.py:2889} INFO - Executing <Task(PythonOperator): run_dbt> on 2025-06-09 19:13:03.862872+00:00
[2025-06-09T19:13:13.037+0000] {standard_task_runner.py:72} INFO - Started process 469 to run task
[2025-06-09T19:13:13.039+0000] {standard_task_runner.py:104} INFO - Running: ['***', 'tasks', 'run', '05_transform_data', 'run_dbt', 'manual__2025-06-09T19:13:03.862872+00:00', '--job-id', '520', '--raw', '--subdir', 'DAGS_FOLDER/05_transform_data.py', '--cfg-path', '/tmp/tmpjzbaxmww']
[2025-06-09T19:13:13.041+0000] {standard_task_runner.py:105} INFO - Job 520: Subtask run_dbt
[2025-06-09T19:13:13.092+0000] {task_command.py:467} INFO - Running <TaskInstance: 05_transform_data.run_dbt manual__2025-06-09T19:13:03.862872+00:00 [running]> on host 28e6a58e4107
[2025-06-09T19:13:13.169+0000] {taskinstance.py:3132} INFO - Exporting env vars: AIRFLOW_CTX_DAG_OWNER='***' AIRFLOW_CTX_DAG_ID='05_transform_data' AIRFLOW_CTX_TASK_ID='run_dbt' AIRFLOW_CTX_EXECUTION_DATE='2025-06-09T19:13:03.862872+00:00' AIRFLOW_CTX_TRY_NUMBER='1' AIRFLOW_CTX_DAG_RUN_ID='manual__2025-06-09T19:13:03.862872+00:00'
[2025-06-09T19:13:13.171+0000] {taskinstance.py:731} INFO - ::endgroup::
[2025-06-09T19:13:14.785+0000] {logging_mixin.py:190} INFO - 19:13:14  Running with dbt=1.9.5
[2025-06-09T19:13:15.144+0000] {logging_mixin.py:190} INFO - 19:13:15  Registered adapter: postgres=1.9.0
[2025-06-09T19:13:16.627+0000] {logging_mixin.py:190} INFO - 19:13:16  [WARNING]: Configuration paths exist in your dbt_project.yml file which do not apply to any resources.
There are 1 unused configuration paths:
- models.e_commerce_sales.example
[2025-06-09T19:13:16.846+0000] {logging_mixin.py:190} INFO - 19:13:16  Found 14 models, 12 sources, 549 macros, 1 unit test
[2025-06-09T19:13:16.850+0000] {logging_mixin.py:190} INFO - 19:13:16
[2025-06-09T19:13:16.852+0000] {logging_mixin.py:190} INFO - 19:13:16  Concurrency: 4 threads (target='dev')
[2025-06-09T19:13:16.854+0000] {logging_mixin.py:190} INFO - 19:13:16
[2025-06-09T19:13:16.994+0000] {logging_mixin.py:190} INFO - 19:13:16  1 of 14 START sql incremental model sales.mercadolivre_orders_results .......... [RUN]
[2025-06-09T19:13:16.996+0000] {logging_mixin.py:190} INFO - 19:13:16  2 of 14 START sql incremental model sales.stg_shopee ........................... [RUN]
[2025-06-09T19:13:17.401+0000] {logging_mixin.py:190} INFO - 19:13:17  2 of 14 OK created sql incremental model sales.stg_shopee ...................... [MERGE 2875 in 0.40s]
[2025-06-09T19:13:17.406+0000] {logging_mixin.py:190} INFO - 19:13:17  3 of 14 START sql incremental model sales.shopee_orders_results ................ [RUN]
[2025-06-09T19:13:17.521+0000] {logging_mixin.py:190} INFO - 19:13:17  3 of 14 OK created sql incremental model sales.shopee_orders_results ........... [MERGE 0 in 0.11s]
[2025-06-09T19:13:17.527+0000] {logging_mixin.py:190} INFO - 19:13:17  4 of 14 START sql incremental model sales.dim_shopee_buyer ..................... [RUN]
[2025-06-09T19:13:17.529+0000] {logging_mixin.py:190} INFO - 19:13:17  5 of 14 START sql incremental model sales.dim_shopee_date ...................... [RUN]
[2025-06-09T19:13:17.531+0000] {logging_mixin.py:190} INFO - 19:13:17  6 of 14 START sql incremental model sales.dim_shopee_orders_status ............. [RUN]
[2025-06-09T19:13:17.755+0000] {logging_mixin.py:190} INFO - 19:13:17  5 of 14 OK created sql incremental model sales.dim_shopee_date ................. [MERGE 0 in 0.22s]
[2025-06-09T19:13:17.764+0000] {logging_mixin.py:190} INFO - 19:13:17  4 of 14 OK created sql incremental model sales.dim_shopee_buyer ................ [MERGE 0 in 0.23s]
[2025-06-09T19:13:17.768+0000] {logging_mixin.py:190} INFO - 19:13:17  6 of 14 OK created sql incremental model sales.dim_shopee_orders_status ........ [MERGE 0 in 0.23s]
[2025-06-09T19:13:17.770+0000] {logging_mixin.py:190} INFO - 19:13:17  7 of 14 START sql incremental model sales.dim_shopee_product ................... [RUN]
[2025-06-09T19:13:17.774+0000] {logging_mixin.py:190} INFO - 19:13:17  8 of 14 START sql view model sales.sum_shopee_monthly_profit ................... [RUN]
[2025-06-09T19:13:17.780+0000] {logging_mixin.py:190} INFO - 19:13:17  9 of 14 START sql view model sales.sum_shopee_monthly_revenue .................. [RUN]
[2025-06-09T19:13:18.007+0000] {logging_mixin.py:190} INFO - 19:13:18  8 of 14 OK created sql view model sales.sum_shopee_monthly_profit .............. [CREATE VIEW in 0.22s]
[2025-06-09T19:13:18.009+0000] {logging_mixin.py:190} INFO - 19:13:18  9 of 14 OK created sql view model sales.sum_shopee_monthly_revenue ............. [CREATE VIEW in 0.21s]
[2025-06-09T19:13:18.021+0000] {logging_mixin.py:190} INFO - 19:13:18  7 of 14 OK created sql incremental model sales.dim_shopee_product .............. [MERGE 0 in 0.24s]
[2025-06-09T19:13:18.025+0000] {logging_mixin.py:190} INFO - 19:13:18  10 of 14 START sql view model sales.sum_shopee_products_sold ................... [RUN]
[2025-06-09T19:13:18.116+0000] {logging_mixin.py:190} INFO - 19:13:18  10 of 14 OK created sql view model sales.sum_shopee_products_sold .............. [CREATE VIEW in 0.09s]
[2025-06-09T19:13:20.039+0000] {logging_mixin.py:190} INFO - 19:13:20  1 of 14 OK created sql incremental model sales.mercadolivre_orders_results ..... [MERGE 190 in 3.04s]
[2025-06-09T19:13:20.046+0000] {logging_mixin.py:190} INFO - 19:13:20  11 of 14 START sql incremental model sales.dim_mercadolivre_buyer .............. [RUN]
[2025-06-09T19:13:20.048+0000] {logging_mixin.py:190} INFO - 19:13:20  12 of 14 START sql incremental model sales.dim_mercadolivre_date ............... [RUN]
[2025-06-09T19:13:20.050+0000] {logging_mixin.py:190} INFO - 19:13:20  13 of 14 START sql incremental model sales.dim_mercadolivre_orders_status ...... [RUN]
[2025-06-09T19:13:20.051+0000] {logging_mixin.py:190} INFO - 19:13:20  14 of 14 START sql incremental model sales.dim_mercadolivre_product ............ [RUN]
[2025-06-09T19:13:20.303+0000] {logging_mixin.py:190} INFO - 19:13:20  13 of 14 OK created sql incremental model sales.dim_mercadolivre_orders_status . [MERGE 190 in 0.24s]
[2025-06-09T19:13:20.332+0000] {logging_mixin.py:190} INFO - 19:13:20  11 of 14 OK created sql incremental model sales.dim_mercadolivre_buyer ......... [MERGE 188 in 0.28s]
[2025-06-09T19:13:22.690+0000] {logging_mixin.py:190} INFO - 19:13:22  12 of 14 OK created sql incremental model sales.dim_mercadolivre_date .......... [MERGE 190 in 2.63s]
[2025-06-09T19:13:25.123+0000] {logging_mixin.py:190} INFO - 19:13:25  14 of 14 OK created sql incremental model sales.dim_mercadolivre_product ....... [MERGE 65 in 5.06s]
[2025-06-09T19:13:25.147+0000] {logging_mixin.py:190} INFO - 19:13:25
[2025-06-09T19:13:25.149+0000] {logging_mixin.py:190} INFO - 19:13:25  Finished running 11 incremental models, 3 view models in 0 hours 0 minutes and 8.29 seconds (8.29s).
[2025-06-09T19:13:25.227+0000] {logging_mixin.py:190} INFO - 19:13:25
[2025-06-09T19:13:25.228+0000] {logging_mixin.py:190} INFO - 19:13:25  Completed successfully
[2025-06-09T19:13:25.230+0000] {logging_mixin.py:190} INFO - 19:13:25
[2025-06-09T19:13:25.232+0000] {logging_mixin.py:190} INFO - 19:13:25  Done. PASS=14 WARN=0 ERROR=0 SKIP=0 TOTAL=14
[2025-06-09T19:13:27.038+0000] {logging_mixin.py:190} INFO - Transformation sucessfully done.
[2025-06-09T19:13:27.039+0000] {python.py:240} INFO - Done. Returned value was: None
[2025-06-09T19:13:27.053+0000] {taskinstance.py:340} INFO - ::group::Post task execution logs
[2025-06-09T19:13:27.054+0000] {taskinstance.py:352} INFO - Marking task as SUCCESS. dag_id=05_transform_data, task_id=run_dbt, run_id=manual__2025-06-09T19:13:03.862872+00:00, execution_date=20250609T191303, start_date=20250609T191313, end_date=20250609T191327
[2025-06-09T19:13:27.103+0000] {local_task_job_runner.py:266} INFO - Task exited with return code 0
[2025-06-09T19:13:27.120+0000] {taskinstance.py:3895} INFO - 0 downstream tasks scheduled from follow-on schedule check
[2025-06-09T19:13:27.123+0000] {local_task_job_runner.py:245} INFO - ::endgroup::
