[2025-06-06T21:33:39.226+0000] {local_task_job_runner.py:123} INFO - ::group::Pre task execution logs
[2025-06-06T21:33:39.245+0000] {taskinstance.py:2613} INFO - Dependencies all met for dep_context=non-requeueable deps ti=<TaskInstance: 05_transform_data.install_dbt_deps manual__2025-06-06T21:33:37.616118+00:00 [queued]>
[2025-06-06T21:33:39.253+0000] {taskinstance.py:2613} INFO - Dependencies all met for dep_context=requeueable deps ti=<TaskInstance: 05_transform_data.install_dbt_deps manual__2025-06-06T21:33:37.616118+00:00 [queued]>
[2025-06-06T21:33:39.254+0000] {taskinstance.py:2866} INFO - Starting attempt 1 of 1
[2025-06-06T21:33:39.267+0000] {taskinstance.py:2889} INFO - Executing <Task(PythonOperator): install_dbt_deps> on 2025-06-06 21:33:37.616118+00:00
[2025-06-06T21:33:39.272+0000] {standard_task_runner.py:72} INFO - Started process 6433 to run task
[2025-06-06T21:33:39.275+0000] {standard_task_runner.py:104} INFO - Running: ['***', 'tasks', 'run', '05_transform_data', 'install_dbt_deps', 'manual__2025-06-06T21:33:37.616118+00:00', '--job-id', '489', '--raw', '--subdir', 'DAGS_FOLDER/05_transform_data.py', '--cfg-path', '/tmp/tmp95nljb_0']
[2025-06-06T21:33:39.277+0000] {standard_task_runner.py:105} INFO - Job 489: Subtask install_dbt_deps
[2025-06-06T21:33:39.328+0000] {task_command.py:467} INFO - Running <TaskInstance: 05_transform_data.install_dbt_deps manual__2025-06-06T21:33:37.616118+00:00 [running]> on host 28e6a58e4107
[2025-06-06T21:33:39.413+0000] {taskinstance.py:3132} INFO - Exporting env vars: AIRFLOW_CTX_DAG_OWNER='***' AIRFLOW_CTX_DAG_ID='05_transform_data' AIRFLOW_CTX_TASK_ID='install_dbt_deps' AIRFLOW_CTX_EXECUTION_DATE='2025-06-06T21:33:37.616118+00:00' AIRFLOW_CTX_TRY_NUMBER='1' AIRFLOW_CTX_DAG_RUN_ID='manual__2025-06-06T21:33:37.616118+00:00'
[2025-06-06T21:33:39.415+0000] {taskinstance.py:731} INFO - ::endgroup::
[2025-06-06T21:33:41.026+0000] {logging_mixin.py:190} INFO - 21:33:41  Running with dbt=1.9.5
[2025-06-06T21:33:41.853+0000] {logging_mixin.py:190} INFO - 21:33:41  Installing dbt-labs/dbt_utils
[2025-06-06T21:33:45.235+0000] {logging_mixin.py:190} INFO - 21:33:45  Installed from version 1.2.0
[2025-06-06T21:33:45.236+0000] {logging_mixin.py:190} INFO - 21:33:45  Updated version available: 1.3.0
[2025-06-06T21:33:45.239+0000] {logging_mixin.py:190} INFO - 21:33:45
[2025-06-06T21:33:45.240+0000] {logging_mixin.py:190} INFO - 21:33:45  Updates available for packages: ['dbt-labs/dbt_utils']                 
Update your versions in packages.yml, then run dbt deps
[2025-06-06T21:33:45.938+0000] {logging_mixin.py:190} INFO - Dependencies sucessfully installed.
[2025-06-06T21:33:45.939+0000] {python.py:240} INFO - Done. Returned value was: None
[2025-06-06T21:33:45.952+0000] {taskinstance.py:340} INFO - ::group::Post task execution logs
[2025-06-06T21:33:45.953+0000] {taskinstance.py:352} INFO - Marking task as SUCCESS. dag_id=05_transform_data, task_id=install_dbt_deps, run_id=manual__2025-06-06T21:33:37.616118+00:00, execution_date=20250606T213337, start_date=20250606T213339, end_date=20250606T213345
[2025-06-06T21:33:45.992+0000] {local_task_job_runner.py:266} INFO - Task exited with return code 0
[2025-06-06T21:33:46.014+0000] {taskinstance.py:3895} INFO - 1 downstream tasks scheduled from follow-on schedule check
[2025-06-06T21:33:46.017+0000] {local_task_job_runner.py:245} INFO - ::endgroup::
