[2025-06-09T19:10:22.201+0000] {local_task_job_runner.py:123} INFO - ::group::Pre task execution logs
[2025-06-09T19:10:22.221+0000] {taskinstance.py:2613} INFO - Dependencies all met for dep_context=non-requeueable deps ti=<TaskInstance: 05_transform_data.run_dbt manual__2025-06-09T19:10:13.602334+00:00 [queued]>
[2025-06-09T19:10:22.229+0000] {taskinstance.py:2613} INFO - Dependencies all met for dep_context=requeueable deps ti=<TaskInstance: 05_transform_data.run_dbt manual__2025-06-09T19:10:13.602334+00:00 [queued]>
[2025-06-09T19:10:22.230+0000] {taskinstance.py:2866} INFO - Starting attempt 1 of 1
[2025-06-09T19:10:22.244+0000] {taskinstance.py:2889} INFO - Executing <Task(PythonOperator): run_dbt> on 2025-06-09 19:10:13.602334+00:00
[2025-06-09T19:10:22.248+0000] {standard_task_runner.py:72} INFO - Started process 290 to run task
[2025-06-09T19:10:22.252+0000] {standard_task_runner.py:104} INFO - Running: ['***', 'tasks', 'run', '05_transform_data', 'run_dbt', 'manual__2025-06-09T19:10:13.602334+00:00', '--job-id', '510', '--raw', '--subdir', 'DAGS_FOLDER/05_transform_data.py', '--cfg-path', '/tmp/tmp5r5uhpou']
[2025-06-09T19:10:22.254+0000] {standard_task_runner.py:105} INFO - Job 510: Subtask run_dbt
[2025-06-09T19:10:22.307+0000] {task_command.py:467} INFO - Running <TaskInstance: 05_transform_data.run_dbt manual__2025-06-09T19:10:13.602334+00:00 [running]> on host 28e6a58e4107
[2025-06-09T19:10:22.391+0000] {taskinstance.py:3132} INFO - Exporting env vars: AIRFLOW_CTX_DAG_OWNER='***' AIRFLOW_CTX_DAG_ID='05_transform_data' AIRFLOW_CTX_TASK_ID='run_dbt' AIRFLOW_CTX_EXECUTION_DATE='2025-06-09T19:10:13.602334+00:00' AIRFLOW_CTX_TRY_NUMBER='1' AIRFLOW_CTX_DAG_RUN_ID='manual__2025-06-09T19:10:13.602334+00:00'
[2025-06-09T19:10:22.393+0000] {taskinstance.py:731} INFO - ::endgroup::
[2025-06-09T19:10:24.008+0000] {logging_mixin.py:190} INFO - 19:10:24  Running with dbt=1.9.5
[2025-06-09T19:10:24.396+0000] {logging_mixin.py:190} INFO - 19:10:24  Registered adapter: postgres=1.9.0
[2025-06-09T19:10:26.271+0000] {logging_mixin.py:190} INFO - 19:10:26  [WARNING]: Configuration paths exist in your dbt_project.yml file which do not apply to any resources.
There are 1 unused configuration paths:
- models.e_commerce_sales.example
[2025-06-09T19:10:26.511+0000] {logging_mixin.py:190} INFO - 19:10:26  Found 15 models, 12 sources, 549 macros, 1 unit test
[2025-06-09T19:10:26.515+0000] {logging_mixin.py:190} INFO - 19:10:26
[2025-06-09T19:10:26.517+0000] {logging_mixin.py:190} INFO - 19:10:26  Concurrency: 4 threads (target='dev')
[2025-06-09T19:10:26.518+0000] {logging_mixin.py:190} INFO - 19:10:26
[2025-06-09T19:10:26.645+0000] {logging_mixin.py:190} INFO - 19:10:26  1 of 15 START sql incremental model sales.mercadolivre_orders_results .......... [RUN]
[2025-06-09T19:10:26.647+0000] {logging_mixin.py:190} INFO - 19:10:26  2 of 15 START sql incremental model sales.stg_shopee ........................... [RUN]
[2025-06-09T19:10:26.991+0000] {logging_mixin.py:190} INFO - 19:10:26  2 of 15 OK created sql incremental model sales.stg_shopee ...................... [MERGE 0 in 0.34s]
[2025-06-09T19:10:26.997+0000] {logging_mixin.py:190} INFO - 19:10:26  3 of 15 START sql incremental model sales.shopee_new_id ........................ [RUN]
[2025-06-09T19:10:26.999+0000] {logging_mixin.py:190} INFO - 19:10:26  4 of 15 START sql incremental model sales.shopee_orders_results ................ [RUN]
[2025-06-09T19:10:27.122+0000] {logging_mixin.py:190} INFO - 19:10:27  4 of 15 OK created sql incremental model sales.shopee_orders_results ........... [SELECT 0 in 0.12s]
[2025-06-09T19:10:27.132+0000] {logging_mixin.py:190} INFO - 19:10:27  5 of 15 START sql incremental model sales.dim_shopee_buyer ..................... [RUN]
[2025-06-09T19:10:27.134+0000] {logging_mixin.py:190} INFO - 19:10:27  6 of 15 START sql incremental model sales.dim_shopee_date ...................... [RUN]
[2025-06-09T19:10:27.162+0000] {logging_mixin.py:190} INFO - 19:10:27  3 of 15 OK created sql incremental model sales.shopee_new_id ................... [MERGE 0 in 0.16s]
[2025-06-09T19:10:27.168+0000] {logging_mixin.py:190} INFO - 19:10:27  7 of 15 START sql incremental model sales.dim_shopee_orders_status ............. [RUN]
[2025-06-09T19:10:27.255+0000] {logging_mixin.py:190} INFO - 19:10:27  6 of 15 OK created sql incremental model sales.dim_shopee_date ................. [SELECT 0 in 0.11s]
[2025-06-09T19:10:27.267+0000] {logging_mixin.py:190} INFO - 19:10:27  5 of 15 OK created sql incremental model sales.dim_shopee_buyer ................ [SELECT 0 in 0.12s]
[2025-06-09T19:10:27.269+0000] {logging_mixin.py:190} INFO - 19:10:27  8 of 15 START sql incremental model sales.dim_shopee_product ................... [RUN]
[2025-06-09T19:10:27.276+0000] {logging_mixin.py:190} INFO - 19:10:27  9 of 15 START sql view model sales.sum_shopee_monthly_profit ................... [RUN]
[2025-06-09T19:10:27.295+0000] {logging_mixin.py:190} INFO - 19:10:27  7 of 15 OK created sql incremental model sales.dim_shopee_orders_status ........ [SELECT 0 in 0.10s]
[2025-06-09T19:10:27.343+0000] {logging_mixin.py:190} INFO - 19:10:27  10 of 15 START sql view model sales.sum_shopee_monthly_revenue ................. [RUN]
[2025-06-09T19:10:27.422+0000] {logging_mixin.py:190} INFO - 19:10:27  8 of 15 OK created sql incremental model sales.dim_shopee_product .............. [SELECT 0 in 0.14s]
[2025-06-09T19:10:27.452+0000] {logging_mixin.py:190} INFO - 19:10:27  11 of 15 START sql view model sales.sum_shopee_products_sold ................... [RUN]
[2025-06-09T19:10:27.475+0000] {logging_mixin.py:190} INFO - 19:10:27  9 of 15 OK created sql view model sales.sum_shopee_monthly_profit .............. [CREATE VIEW in 0.18s]
[2025-06-09T19:10:27.496+0000] {logging_mixin.py:190} INFO - 19:10:27  10 of 15 OK created sql view model sales.sum_shopee_monthly_revenue ............ [CREATE VIEW in 0.15s]
[2025-06-09T19:10:27.546+0000] {logging_mixin.py:190} INFO - 19:10:27  11 of 15 OK created sql view model sales.sum_shopee_products_sold .............. [CREATE VIEW in 0.09s]
[2025-06-09T19:10:29.756+0000] {logging_mixin.py:190} INFO - 19:10:29  1 of 15 OK created sql incremental model sales.mercadolivre_orders_results ..... [MERGE 190 in 3.11s]
[2025-06-09T19:10:29.763+0000] {logging_mixin.py:190} INFO - 19:10:29  12 of 15 START sql incremental model sales.dim_mercadolivre_buyer .............. [RUN]
[2025-06-09T19:10:29.765+0000] {logging_mixin.py:190} INFO - 19:10:29  13 of 15 START sql incremental model sales.dim_mercadolivre_date ............... [RUN]
[2025-06-09T19:10:29.767+0000] {logging_mixin.py:190} INFO - 19:10:29  14 of 15 START sql incremental model sales.dim_mercadolivre_orders_status ...... [RUN]
[2025-06-09T19:10:29.768+0000] {logging_mixin.py:190} INFO - 19:10:29  15 of 15 START sql incremental model sales.dim_mercadolivre_product ............ [RUN]
[2025-06-09T19:10:30.017+0000] {logging_mixin.py:190} INFO - 19:10:30  14 of 15 OK created sql incremental model sales.dim_mercadolivre_orders_status . [MERGE 190 in 0.24s]
[2025-06-09T19:10:30.038+0000] {logging_mixin.py:190} INFO - 19:10:30  12 of 15 OK created sql incremental model sales.dim_mercadolivre_buyer ......... [MERGE 188 in 0.27s]
[2025-06-09T19:10:32.141+0000] {logging_mixin.py:190} INFO - 19:10:32  13 of 15 OK created sql incremental model sales.dim_mercadolivre_date .......... [MERGE 190 in 2.37s]
[2025-06-09T19:10:34.414+0000] {logging_mixin.py:190} INFO - 19:10:34  15 of 15 OK created sql incremental model sales.dim_mercadolivre_product ....... [MERGE 65 in 4.64s]
[2025-06-09T19:10:34.437+0000] {logging_mixin.py:190} INFO - 19:10:34
[2025-06-09T19:10:34.439+0000] {logging_mixin.py:190} INFO - 19:10:34  Finished running 12 incremental models, 3 view models in 0 hours 0 minutes and 7.92 seconds (7.92s).
[2025-06-09T19:10:34.514+0000] {logging_mixin.py:190} INFO - 19:10:34
[2025-06-09T19:10:34.516+0000] {logging_mixin.py:190} INFO - 19:10:34  Completed successfully
[2025-06-09T19:10:34.517+0000] {logging_mixin.py:190} INFO - 19:10:34
[2025-06-09T19:10:34.519+0000] {logging_mixin.py:190} INFO - 19:10:34  Done. PASS=15 WARN=0 ERROR=0 SKIP=0 TOTAL=15
[2025-06-09T19:10:35.366+0000] {logging_mixin.py:190} INFO - Transformation sucessfully done.
[2025-06-09T19:10:35.368+0000] {python.py:240} INFO - Done. Returned value was: None
[2025-06-09T19:10:35.381+0000] {taskinstance.py:340} INFO - ::group::Post task execution logs
[2025-06-09T19:10:35.382+0000] {taskinstance.py:352} INFO - Marking task as SUCCESS. dag_id=05_transform_data, task_id=run_dbt, run_id=manual__2025-06-09T19:10:13.602334+00:00, execution_date=20250609T191013, start_date=20250609T191022, end_date=20250609T191035
[2025-06-09T19:10:35.432+0000] {local_task_job_runner.py:266} INFO - Task exited with return code 0
[2025-06-09T19:10:35.449+0000] {taskinstance.py:3895} INFO - 0 downstream tasks scheduled from follow-on schedule check
[2025-06-09T19:10:35.452+0000] {local_task_job_runner.py:245} INFO - ::endgroup::
