[2025-06-16T14:47:51.670+0000] {local_task_job_runner.py:123} INFO - ::group::Pre task execution logs
[2025-06-16T14:47:51.689+0000] {taskinstance.py:2613} INFO - Dependencies all met for dep_context=non-requeueable deps ti=<TaskInstance: 03_load_data_prod.load_shopee manual__2025-06-16T14:47:49.898738+00:00 [queued]>
[2025-06-16T14:47:51.698+0000] {taskinstance.py:2613} INFO - Dependencies all met for dep_context=requeueable deps ti=<TaskInstance: 03_load_data_prod.load_shopee manual__2025-06-16T14:47:49.898738+00:00 [queued]>
[2025-06-16T14:47:51.699+0000] {taskinstance.py:2866} INFO - Starting attempt 1 of 1
[2025-06-16T14:47:51.711+0000] {taskinstance.py:2889} INFO - Executing <Task(PythonOperator): load_shopee> on 2025-06-16 14:47:49.898738+00:00
[2025-06-16T14:47:51.716+0000] {standard_task_runner.py:72} INFO - Started process 2774 to run task
[2025-06-16T14:47:51.721+0000] {standard_task_runner.py:104} INFO - Running: ['***', 'tasks', 'run', '03_load_data_prod', 'load_shopee', 'manual__2025-06-16T14:47:49.898738+00:00', '--job-id', '55', '--raw', '--subdir', 'DAGS_FOLDER/03_load_data_prod.py', '--cfg-path', '/tmp/tmpt0bhd7_r']
[2025-06-16T14:47:51.723+0000] {standard_task_runner.py:105} INFO - Job 55: Subtask load_shopee
[2025-06-16T14:47:51.785+0000] {task_command.py:467} INFO - Running <TaskInstance: 03_load_data_prod.load_shopee manual__2025-06-16T14:47:49.898738+00:00 [running]> on host 5b7cdd28fdf5
[2025-06-16T14:47:51.870+0000] {taskinstance.py:3132} INFO - Exporting env vars: AIRFLOW_CTX_DAG_OWNER='***' AIRFLOW_CTX_DAG_ID='03_load_data_prod' AIRFLOW_CTX_TASK_ID='load_shopee' AIRFLOW_CTX_EXECUTION_DATE='2025-06-16T14:47:49.898738+00:00' AIRFLOW_CTX_TRY_NUMBER='1' AIRFLOW_CTX_DAG_RUN_ID='manual__2025-06-16T14:47:49.898738+00:00'
[2025-06-16T14:47:51.872+0000] {taskinstance.py:731} INFO - ::endgroup::
[2025-06-16T14:47:52.821+0000] {logging_mixin.py:190} INFO - Loading file ./extraction/shopee/data/raw/prod/Order.completed.20241001_20241031.xlsx to prod sales_db
[2025-06-16T14:47:52.938+0000] {logging_mixin.py:190} INFO - Data in ./extraction/shopee/data/raw/prod/Order.completed.20241001_20241031.xlsx successfully loaded.
[2025-06-16T14:47:53.263+0000] {logging_mixin.py:190} INFO - Loading file ./extraction/shopee/data/raw/prod/Order.completed.20241101_20241130.xlsx to prod sales_db
[2025-06-16T14:47:53.378+0000] {logging_mixin.py:190} INFO - Data in ./extraction/shopee/data/raw/prod/Order.completed.20241101_20241130.xlsx successfully loaded.
[2025-06-16T14:47:53.620+0000] {logging_mixin.py:190} INFO - Loading file ./extraction/shopee/data/raw/prod/Order.completed.20241201_20241231.xlsx to prod sales_db
[2025-06-16T14:47:53.722+0000] {logging_mixin.py:190} INFO - Data in ./extraction/shopee/data/raw/prod/Order.completed.20241201_20241231.xlsx successfully loaded.
[2025-06-16T14:47:53.723+0000] {logging_mixin.py:190} INFO - [WARNING] - file ./extraction/shopee/data/raw/prod/temp.txt does not have .xlsx extension and could not be loaded.
[2025-06-16T14:47:53.724+0000] {logging_mixin.py:190} INFO - All data successfully loaded!
[2025-06-16T14:47:53.725+0000] {python.py:240} INFO - Done. Returned value was: 1
[2025-06-16T14:47:53.752+0000] {taskinstance.py:340} INFO - ::group::Post task execution logs
[2025-06-16T14:47:53.753+0000] {taskinstance.py:352} INFO - Marking task as SUCCESS. dag_id=03_load_data_prod, task_id=load_shopee, run_id=manual__2025-06-16T14:47:49.898738+00:00, execution_date=20250616T144749, start_date=20250616T144751, end_date=20250616T144753
[2025-06-16T14:47:53.781+0000] {local_task_job_runner.py:266} INFO - Task exited with return code 0
[2025-06-16T14:47:53.801+0000] {taskinstance.py:3895} INFO - 0 downstream tasks scheduled from follow-on schedule check
[2025-06-16T14:47:53.804+0000] {local_task_job_runner.py:245} INFO - ::endgroup::
