[2025-05-23T14:19:47.262+0000] {local_task_job_runner.py:123} INFO - ::group::Pre task execution logs
[2025-05-23T14:19:47.279+0000] {taskinstance.py:2613} INFO - Dependencies all met for dep_context=non-requeueable deps ti=<TaskInstance: 04_transform_data.run_dbt manual__2025-05-23T14:19:38.395342+00:00 [queued]>
[2025-05-23T14:19:47.286+0000] {taskinstance.py:2613} INFO - Dependencies all met for dep_context=requeueable deps ti=<TaskInstance: 04_transform_data.run_dbt manual__2025-05-23T14:19:38.395342+00:00 [queued]>
[2025-05-23T14:19:47.288+0000] {taskinstance.py:2866} INFO - Starting attempt 1 of 1
[2025-05-23T14:19:47.299+0000] {taskinstance.py:2889} INFO - Executing <Task(PythonOperator): run_dbt> on 2025-05-23 14:19:38.395342+00:00
[2025-05-23T14:19:47.304+0000] {standard_task_runner.py:72} INFO - Started process 176 to run task
[2025-05-23T14:19:47.307+0000] {standard_task_runner.py:104} INFO - Running: ['***', 'tasks', 'run', '04_transform_data', 'run_dbt', 'manual__2025-05-23T14:19:38.395342+00:00', '--job-id', '232', '--raw', '--subdir', 'DAGS_FOLDER/04_transform_data.py', '--cfg-path', '/tmp/tmp6rt8_php']
[2025-05-23T14:19:47.308+0000] {standard_task_runner.py:105} INFO - Job 232: Subtask run_dbt
[2025-05-23T14:19:47.358+0000] {task_command.py:467} INFO - Running <TaskInstance: 04_transform_data.run_dbt manual__2025-05-23T14:19:38.395342+00:00 [running]> on host e27e96d1841a
[2025-05-23T14:19:47.456+0000] {taskinstance.py:3132} INFO - Exporting env vars: AIRFLOW_CTX_DAG_OWNER='***' AIRFLOW_CTX_DAG_ID='04_transform_data' AIRFLOW_CTX_TASK_ID='run_dbt' AIRFLOW_CTX_EXECUTION_DATE='2025-05-23T14:19:38.395342+00:00' AIRFLOW_CTX_TRY_NUMBER='1' AIRFLOW_CTX_DAG_RUN_ID='manual__2025-05-23T14:19:38.395342+00:00'
[2025-05-23T14:19:47.458+0000] {taskinstance.py:731} INFO - ::endgroup::
[2025-05-23T14:19:49.259+0000] {logging_mixin.py:190} INFO - 14:19:49  Running with dbt=1.9.4
[2025-05-23T14:19:49.766+0000] {logging_mixin.py:190} INFO - 14:19:49  Registered adapter: postgres=1.9.0
[2025-05-23T14:19:51.757+0000] {logging_mixin.py:190} INFO - 14:19:51  [WARNING]: Configuration paths exist in your dbt_project.yml file which do not apply to any resources.
There are 1 unused configuration paths:
- models.e_commerce_sales.example
[2025-05-23T14:19:51.964+0000] {logging_mixin.py:190} INFO - 14:19:51  Found 11 models, 12 sources, 549 macros
[2025-05-23T14:19:51.970+0000] {logging_mixin.py:190} INFO - 14:19:51
[2025-05-23T14:19:51.972+0000] {logging_mixin.py:190} INFO - 14:19:51  Concurrency: 4 threads (target='dev')
[2025-05-23T14:19:51.974+0000] {logging_mixin.py:190} INFO - 14:19:51
[2025-05-23T14:19:52.151+0000] {logging_mixin.py:190} INFO - 14:19:52  1 of 11 START sql incremental model sales.mercadolivre_orders_results .......... [RUN]
[2025-05-23T14:19:52.153+0000] {logging_mixin.py:190} INFO - 14:19:52  2 of 11 START sql incremental model sales.shopee_new_id ........................ [RUN]
[2025-05-23T14:19:52.627+0000] {logging_mixin.py:190} INFO - 14:19:52  2 of 11 OK created sql incremental model sales.shopee_new_id ................... [MERGE 0 in 0.46s]
[2025-05-23T14:19:52.635+0000] {logging_mixin.py:190} INFO - 14:19:52  3 of 11 START sql incremental model sales.shopee_orders_results ................ [RUN]
[2025-05-23T14:19:52.644+0000] {logging_mixin.py:190} INFO - 14:19:52  1 of 11 OK created sql incremental model sales.mercadolivre_orders_results ..... [MERGE 190 in 0.48s]
[2025-05-23T14:19:52.672+0000] {logging_mixin.py:190} INFO - 14:19:52  4 of 11 START sql incremental model sales.dim_mercadolivre_buyer ............... [RUN]
[2025-05-23T14:19:52.675+0000] {logging_mixin.py:190} INFO - 14:19:52  5 of 11 START sql incremental model sales.dim_mercadolivre_date ................ [RUN]
[2025-05-23T14:19:52.677+0000] {logging_mixin.py:190} INFO - 14:19:52  6 of 11 START sql incremental model sales.dim_mercadolivre_orders_status ....... [RUN]
[2025-05-23T14:19:52.938+0000] {logging_mixin.py:190} INFO - 14:19:52  3 of 11 OK created sql incremental model sales.shopee_orders_results ........... [SELECT 2727 in 0.29s]
[2025-05-23T14:19:52.963+0000] {logging_mixin.py:190} INFO - 14:19:52  7 of 11 START sql incremental model sales.dim_mercadolivre_product ............. [RUN]
[2025-05-23T14:19:53.034+0000] {logging_mixin.py:190} INFO - 14:19:53  6 of 11 OK created sql incremental model sales.dim_mercadolivre_orders_status .. [MERGE 190 in 0.34s]
[2025-05-23T14:19:53.043+0000] {logging_mixin.py:190} INFO - 14:19:53  4 of 11 OK created sql incremental model sales.dim_mercadolivre_buyer .......... [MERGE 188 in 0.36s]
[2025-05-23T14:19:53.045+0000] {logging_mixin.py:190} INFO - 14:19:53  5 of 11 OK created sql incremental model sales.dim_mercadolivre_date ........... [MERGE 190 in 0.36s]
[2025-05-23T14:19:53.050+0000] {logging_mixin.py:190} INFO - 14:19:53  8 of 11 START sql incremental model sales.dim_shopee_buyer ..................... [RUN]
[2025-05-23T14:19:53.064+0000] {logging_mixin.py:190} INFO - 14:19:53  9 of 11 START sql incremental model sales.dim_shopee_date ...................... [RUN]
[2025-05-23T14:19:53.065+0000] {logging_mixin.py:190} INFO - 14:19:53  10 of 11 START sql incremental model sales.dim_shopee_orders_status ............ [RUN]
[2025-05-23T14:19:53.266+0000] {logging_mixin.py:190} INFO - 14:19:53  7 of 11 OK created sql incremental model sales.dim_mercadolivre_product ........ [MERGE 186 in 0.29s]
[2025-05-23T14:19:53.288+0000] {logging_mixin.py:190} INFO - 14:19:53  11 of 11 START sql incremental model sales.dim_shopee_product .................. [RUN]
[2025-05-23T14:19:53.343+0000] {logging_mixin.py:190} INFO - 14:19:53  8 of 11 OK created sql incremental model sales.dim_shopee_buyer ................ [MERGE 0 in 0.28s]
[2025-05-23T14:19:53.345+0000] {logging_mixin.py:190} INFO - 14:19:53  10 of 11 OK created sql incremental model sales.dim_shopee_orders_status ....... [MERGE 0 in 0.26s]
[2025-05-23T14:19:53.358+0000] {logging_mixin.py:190} INFO - 14:19:53  9 of 11 OK created sql incremental model sales.dim_shopee_date ................. [MERGE 0 in 0.28s]
[2025-05-23T14:19:53.406+0000] {logging_mixin.py:190} INFO - 14:19:53  11 of 11 OK created sql incremental model sales.dim_shopee_product ............. [SELECT 795 in 0.11s]
[2025-05-23T14:19:53.432+0000] {logging_mixin.py:190} INFO - 14:19:53
[2025-05-23T14:19:53.434+0000] {logging_mixin.py:190} INFO - 14:19:53  Finished running 11 incremental models in 0 hours 0 minutes and 1.46 seconds (1.46s).
[2025-05-23T14:19:53.533+0000] {logging_mixin.py:190} INFO - 14:19:53
[2025-05-23T14:19:53.536+0000] {logging_mixin.py:190} INFO - 14:19:53  Completed successfully
[2025-05-23T14:19:53.539+0000] {logging_mixin.py:190} INFO - 14:19:53
[2025-05-23T14:19:53.542+0000] {logging_mixin.py:190} INFO - 14:19:53  Done. PASS=11 WARN=0 ERROR=0 SKIP=0 TOTAL=11
[2025-05-23T14:19:54.436+0000] {logging_mixin.py:190} INFO - Transformation sucessfully done.
[2025-05-23T14:19:54.437+0000] {python.py:240} INFO - Done. Returned value was: None
[2025-05-23T14:19:54.450+0000] {taskinstance.py:340} INFO - ::group::Post task execution logs
[2025-05-23T14:19:54.451+0000] {taskinstance.py:352} INFO - Marking task as SUCCESS. dag_id=04_transform_data, task_id=run_dbt, run_id=manual__2025-05-23T14:19:38.395342+00:00, execution_date=20250523T141938, start_date=20250523T141947, end_date=20250523T141954
[2025-05-23T14:19:54.516+0000] {local_task_job_runner.py:266} INFO - Task exited with return code 0
[2025-05-23T14:19:54.537+0000] {taskinstance.py:3895} INFO - 0 downstream tasks scheduled from follow-on schedule check
[2025-05-23T14:19:54.539+0000] {local_task_job_runner.py:245} INFO - ::endgroup::
