[2025-06-06T19:58:22.246+0000] {local_task_job_runner.py:123} INFO - ::group::Pre task execution logs
[2025-06-06T19:58:22.265+0000] {taskinstance.py:2613} INFO - Dependencies all met for dep_context=non-requeueable deps ti=<TaskInstance: 05_transform_data.run_dbt manual__2025-06-06T19:58:11.922820+00:00 [queued]>
[2025-06-06T19:58:22.273+0000] {taskinstance.py:2613} INFO - Dependencies all met for dep_context=requeueable deps ti=<TaskInstance: 05_transform_data.run_dbt manual__2025-06-06T19:58:11.922820+00:00 [queued]>
[2025-06-06T19:58:22.275+0000] {taskinstance.py:2866} INFO - Starting attempt 1 of 1
[2025-06-06T19:58:22.287+0000] {taskinstance.py:2889} INFO - Executing <Task(PythonOperator): run_dbt> on 2025-06-06 19:58:11.922820+00:00
[2025-06-06T19:58:22.292+0000] {standard_task_runner.py:72} INFO - Started process 4117 to run task
[2025-06-06T19:58:22.295+0000] {standard_task_runner.py:104} INFO - Running: ['***', 'tasks', 'run', '05_transform_data', 'run_dbt', 'manual__2025-06-06T19:58:11.922820+00:00', '--job-id', '422', '--raw', '--subdir', 'DAGS_FOLDER/05_transform_data.py', '--cfg-path', '/tmp/tmpq6womh7h']
[2025-06-06T19:58:22.297+0000] {standard_task_runner.py:105} INFO - Job 422: Subtask run_dbt
[2025-06-06T19:58:22.351+0000] {task_command.py:467} INFO - Running <TaskInstance: 05_transform_data.run_dbt manual__2025-06-06T19:58:11.922820+00:00 [running]> on host 28e6a58e4107
[2025-06-06T19:58:22.434+0000] {taskinstance.py:3132} INFO - Exporting env vars: AIRFLOW_CTX_DAG_OWNER='***' AIRFLOW_CTX_DAG_ID='05_transform_data' AIRFLOW_CTX_TASK_ID='run_dbt' AIRFLOW_CTX_EXECUTION_DATE='2025-06-06T19:58:11.922820+00:00' AIRFLOW_CTX_TRY_NUMBER='1' AIRFLOW_CTX_DAG_RUN_ID='manual__2025-06-06T19:58:11.922820+00:00'
[2025-06-06T19:58:22.436+0000] {taskinstance.py:731} INFO - ::endgroup::
[2025-06-06T19:58:24.088+0000] {logging_mixin.py:190} INFO - 19:58:24  Running with dbt=1.9.5
[2025-06-06T19:58:24.480+0000] {logging_mixin.py:190} INFO - 19:58:24  Registered adapter: postgres=1.9.0
[2025-06-06T19:58:26.391+0000] {logging_mixin.py:190} INFO - 19:58:26  [WARNING]: Configuration paths exist in your dbt_project.yml file which do not apply to any resources.
There are 1 unused configuration paths:
- models.e_commerce_sales.example
[2025-06-06T19:58:26.607+0000] {logging_mixin.py:190} INFO - 19:58:26  Found 15 models, 12 sources, 549 macros, 1 unit test
[2025-06-06T19:58:26.612+0000] {logging_mixin.py:190} INFO - 19:58:26
[2025-06-06T19:58:26.613+0000] {logging_mixin.py:190} INFO - 19:58:26  Concurrency: 4 threads (target='dev')
[2025-06-06T19:58:26.615+0000] {logging_mixin.py:190} INFO - 19:58:26
[2025-06-06T19:58:26.749+0000] {logging_mixin.py:190} INFO - 19:58:26  1 of 15 START sql incremental model sales.mercadolivre_orders_results .......... [RUN]
[2025-06-06T19:58:26.751+0000] {logging_mixin.py:190} INFO - 19:58:26  2 of 15 START sql incremental model sales.stg_shopee ........................... [RUN]
[2025-06-06T19:58:27.330+0000] {logging_mixin.py:190} INFO - 19:58:27  1 of 15 OK created sql incremental model sales.mercadolivre_orders_results ..... [MERGE 190 in 0.57s]
[2025-06-06T19:58:27.338+0000] {logging_mixin.py:190} INFO - 19:58:27  3 of 15 START sql incremental model sales.dim_mercadolivre_buyer ............... [RUN]
[2025-06-06T19:58:27.340+0000] {logging_mixin.py:190} INFO - 19:58:27  4 of 15 START sql incremental model sales.dim_mercadolivre_date ................ [RUN]
[2025-06-06T19:58:27.342+0000] {logging_mixin.py:190} INFO - 19:58:27  5 of 15 START sql incremental model sales.dim_mercadolivre_orders_status ....... [RUN]
[2025-06-06T19:58:27.453+0000] {logging_mixin.py:190} INFO - 19:58:27  2 of 15 OK created sql incremental model sales.stg_shopee ...................... [SELECT 8625 in 0.70s]
[2025-06-06T19:58:27.461+0000] {logging_mixin.py:190} INFO - 19:58:27  6 of 15 START sql incremental model sales.dim_mercadolivre_product ............. [RUN]
[2025-06-06T19:58:27.632+0000] {logging_mixin.py:190} INFO - 19:58:27  5 of 15 OK created sql incremental model sales.dim_mercadolivre_orders_status .. [MERGE 190 in 0.28s]
[2025-06-06T19:58:27.635+0000] {logging_mixin.py:190} INFO - 19:58:27  3 of 15 OK created sql incremental model sales.dim_mercadolivre_buyer .......... [MERGE 188 in 0.29s]
[2025-06-06T19:58:27.644+0000] {logging_mixin.py:190} INFO - 19:58:27  7 of 15 START sql incremental model sales.shopee_new_id ........................ [RUN]
[2025-06-06T19:58:27.776+0000] {logging_mixin.py:190} INFO - 19:58:27  4 of 15 OK created sql incremental model sales.dim_mercadolivre_date ........... [MERGE 190 in 0.43s]
[2025-06-06T19:58:27.799+0000] {logging_mixin.py:190} INFO - 19:58:27  7 of 15 OK created sql incremental model sales.shopee_new_id ................... [SELECT 2875 in 0.15s]
[2025-06-06T19:58:27.805+0000] {logging_mixin.py:190} INFO - 19:58:27  8 of 15 START sql incremental model sales.shopee_orders_results ................ [RUN]
[2025-06-06T19:58:27.991+0000] {logging_mixin.py:190} INFO - 19:58:27  6 of 15 OK created sql incremental model sales.dim_mercadolivre_product ........ [MERGE 65 in 0.53s]
[2025-06-06T19:58:28.057+0000] {logging_mixin.py:190} INFO - 19:58:28  8 of 15 OK created sql incremental model sales.shopee_orders_results ........... [SELECT 2727 in 0.25s]
[2025-06-06T19:58:28.065+0000] {logging_mixin.py:190} INFO - 19:58:28  9 of 15 START sql incremental model sales.dim_shopee_buyer ..................... [RUN]
[2025-06-06T19:58:28.067+0000] {logging_mixin.py:190} INFO - 19:58:28  10 of 15 START sql incremental model sales.dim_shopee_date ..................... [RUN]
[2025-06-06T19:58:28.068+0000] {logging_mixin.py:190} INFO - 19:58:28  11 of 15 START sql incremental model sales.dim_shopee_orders_status ............ [RUN]
[2025-06-06T19:58:28.070+0000] {logging_mixin.py:190} INFO - 19:58:28  12 of 15 START sql incremental model sales.dim_shopee_product .................. [RUN]
[2025-06-06T19:58:28.243+0000] {logging_mixin.py:190} INFO - 19:58:28  12 of 15 OK created sql incremental model sales.dim_shopee_product ............. [SELECT 218 in 0.16s]
[2025-06-06T19:58:28.251+0000] {logging_mixin.py:190} INFO - 19:58:28  9 of 15 OK created sql incremental model sales.dim_shopee_buyer ................ [SELECT 7887 in 0.18s]
[2025-06-06T19:58:28.285+0000] {logging_mixin.py:190} INFO - 19:58:28  11 of 15 OK created sql incremental model sales.dim_shopee_orders_status ....... [SELECT 8193 in 0.21s]
[2025-06-06T19:58:31.634+0000] {logging_mixin.py:190} INFO - 19:58:31  10 of 15 OK created sql incremental model sales.dim_shopee_date ................ [SELECT 8181 in 3.56s]
[2025-06-06T19:58:31.640+0000] {logging_mixin.py:190} INFO - 19:58:31  13 of 15 START sql view model sales.sum_shopee_monthly_profit .................. [RUN]
[2025-06-06T19:58:31.642+0000] {logging_mixin.py:190} INFO - 19:58:31  14 of 15 START sql view model sales.sum_shopee_monthly_revenue ................. [RUN]
[2025-06-06T19:58:31.644+0000] {logging_mixin.py:190} INFO - 19:58:31  15 of 15 START sql view model sales.sum_shopee_products_sold ................... [RUN]
[2025-06-06T19:58:31.843+0000] {logging_mixin.py:190} INFO - 19:58:31  13 of 15 OK created sql view model sales.sum_shopee_monthly_profit ............. [CREATE VIEW in 0.19s]
[2025-06-06T19:58:31.851+0000] {logging_mixin.py:190} INFO - 19:58:31  15 of 15 OK created sql view model sales.sum_shopee_products_sold .............. [CREATE VIEW in 0.20s]
[2025-06-06T19:58:31.853+0000] {logging_mixin.py:190} INFO - 19:58:31  14 of 15 OK created sql view model sales.sum_shopee_monthly_revenue ............ [CREATE VIEW in 0.20s]
[2025-06-06T19:58:31.880+0000] {logging_mixin.py:190} INFO - 19:58:31
[2025-06-06T19:58:31.882+0000] {logging_mixin.py:190} INFO - 19:58:31  Finished running 12 incremental models, 3 view models in 0 hours 0 minutes and 5.26 seconds (5.26s).
[2025-06-06T19:58:31.962+0000] {logging_mixin.py:190} INFO - 19:58:31
[2025-06-06T19:58:31.964+0000] {logging_mixin.py:190} INFO - 19:58:31  Completed successfully
[2025-06-06T19:58:31.965+0000] {logging_mixin.py:190} INFO - 19:58:31
[2025-06-06T19:58:31.967+0000] {logging_mixin.py:190} INFO - 19:58:31  Done. PASS=15 WARN=0 ERROR=0 SKIP=0 TOTAL=15
[2025-06-06T19:58:32.839+0000] {logging_mixin.py:190} INFO - Transformation sucessfully done.
[2025-06-06T19:58:32.840+0000] {python.py:240} INFO - Done. Returned value was: None
[2025-06-06T19:58:32.852+0000] {taskinstance.py:340} INFO - ::group::Post task execution logs
[2025-06-06T19:58:32.853+0000] {taskinstance.py:352} INFO - Marking task as SUCCESS. dag_id=05_transform_data, task_id=run_dbt, run_id=manual__2025-06-06T19:58:11.922820+00:00, execution_date=20250606T195811, start_date=20250606T195822, end_date=20250606T195832
[2025-06-06T19:58:32.898+0000] {local_task_job_runner.py:266} INFO - Task exited with return code 0
[2025-06-06T19:58:32.917+0000] {taskinstance.py:3895} INFO - 0 downstream tasks scheduled from follow-on schedule check
[2025-06-06T19:58:32.920+0000] {local_task_job_runner.py:245} INFO - ::endgroup::
