[2025-06-16T14:52:05.922+0000] {local_task_job_runner.py:123} INFO - ::group::Pre task execution logs
[2025-06-16T14:52:05.944+0000] {taskinstance.py:2613} INFO - Dependencies all met for dep_context=non-requeueable deps ti=<TaskInstance: 06_delete_entry_data_prod.delete_tables manual__2025-06-16T14:52:03.541112+00:00 [queued]>
[2025-06-16T14:52:05.954+0000] {taskinstance.py:2613} INFO - Dependencies all met for dep_context=requeueable deps ti=<TaskInstance: 06_delete_entry_data_prod.delete_tables manual__2025-06-16T14:52:03.541112+00:00 [queued]>
[2025-06-16T14:52:05.956+0000] {taskinstance.py:2866} INFO - Starting attempt 1 of 1
[2025-06-16T14:52:05.968+0000] {taskinstance.py:2889} INFO - Executing <Task(PythonOperator): delete_tables> on 2025-06-16 14:52:03.541112+00:00
[2025-06-16T14:52:05.974+0000] {standard_task_runner.py:72} INFO - Started process 4322 to run task
[2025-06-16T14:52:05.978+0000] {standard_task_runner.py:104} INFO - Running: ['***', 'tasks', 'run', '06_delete_entry_data_prod', 'delete_tables', 'manual__2025-06-16T14:52:03.541112+00:00', '--job-id', '64', '--raw', '--subdir', 'DAGS_FOLDER/06_delete_files_tables_prod.py', '--cfg-path', '/tmp/tmpkvwj5cx6']
[2025-06-16T14:52:05.980+0000] {standard_task_runner.py:105} INFO - Job 64: Subtask delete_tables
[2025-06-16T14:52:06.042+0000] {task_command.py:467} INFO - Running <TaskInstance: 06_delete_entry_data_prod.delete_tables manual__2025-06-16T14:52:03.541112+00:00 [running]> on host 5b7cdd28fdf5
[2025-06-16T14:52:06.139+0000] {taskinstance.py:3132} INFO - Exporting env vars: AIRFLOW_CTX_DAG_OWNER='***' AIRFLOW_CTX_DAG_ID='06_delete_entry_data_prod' AIRFLOW_CTX_TASK_ID='delete_tables' AIRFLOW_CTX_EXECUTION_DATE='2025-06-16T14:52:03.541112+00:00' AIRFLOW_CTX_TRY_NUMBER='1' AIRFLOW_CTX_DAG_RUN_ID='manual__2025-06-16T14:52:03.541112+00:00'
[2025-06-16T14:52:06.140+0000] {taskinstance.py:731} INFO - ::endgroup::
[2025-06-16T14:52:06.162+0000] {logging_mixin.py:190} INFO - Table entry.entry_mercadolivre successfully deleted.
[2025-06-16T14:52:06.164+0000] {logging_mixin.py:190} INFO - Table entry.entry_mercadolivre__context__flows successfully deleted.
[2025-06-16T14:52:06.165+0000] {logging_mixin.py:190} INFO - Table entry.entry_mercadolivre__mediations successfully deleted.
[2025-06-16T14:52:06.166+0000] {logging_mixin.py:190} INFO - Table entry.entry_mercadolivre__order_items successfully deleted.
[2025-06-16T14:52:06.167+0000] {logging_mixin.py:190} INFO - Table entry.entry_mercadolivre__order_items__item__variation_attributes successfully deleted.
[2025-06-16T14:52:06.169+0000] {logging_mixin.py:190} INFO - Table entry.entry_mercadolivre__payments successfully deleted.
[2025-06-16T14:52:06.170+0000] {logging_mixin.py:190} INFO - Table entry.entry_mercadolivre__payments__available_actions successfully deleted.
[2025-06-16T14:52:06.171+0000] {logging_mixin.py:190} INFO - Table entry.entry_mercadolivre__tags successfully deleted.
[2025-06-16T14:52:06.172+0000] {logging_mixin.py:190} INFO - Table entry.entry_mercadolivre_sh successfully deleted.
[2025-06-16T14:52:06.174+0000] {logging_mixin.py:190} INFO - Table entry.entry_mercadolivre_sh__destination__shipping_address__types successfully deleted.
[2025-06-16T14:52:06.175+0000] {logging_mixin.py:190} INFO - Table entry.entry_mercadolivre_sh__items_types successfully deleted.
[2025-06-16T14:52:06.176+0000] {logging_mixin.py:190} INFO - Table entry.entry_mercadolivre_sh__origin__shipping_address__types successfully deleted.
[2025-06-16T14:52:06.177+0000] {logging_mixin.py:190} INFO - Table entry.entry_mercadolivre_sh__tags successfully deleted.
[2025-06-16T14:52:06.178+0000] {logging_mixin.py:190} INFO - Table entry.entry_shopee successfully deleted.
[2025-06-16T14:52:06.179+0000] {logging_mixin.py:190} INFO - Table entry._dlt_loads successfully deleted.
[2025-06-16T14:52:06.181+0000] {logging_mixin.py:190} INFO - Table entry._dlt_pipeline_state successfully deleted.
[2025-06-16T14:52:06.182+0000] {logging_mixin.py:190} INFO - Table entry._dlt_version successfully deleted.
[2025-06-16T14:52:06.188+0000] {python.py:240} INFO - Done. Returned value was: None
[2025-06-16T14:52:06.199+0000] {taskinstance.py:340} INFO - ::group::Post task execution logs
[2025-06-16T14:52:06.200+0000] {taskinstance.py:352} INFO - Marking task as SUCCESS. dag_id=06_delete_entry_data_prod, task_id=delete_tables, run_id=manual__2025-06-16T14:52:03.541112+00:00, execution_date=20250616T145203, start_date=20250616T145205, end_date=20250616T145206
[2025-06-16T14:52:06.232+0000] {local_task_job_runner.py:266} INFO - Task exited with return code 0
[2025-06-16T14:52:06.249+0000] {taskinstance.py:3895} INFO - 0 downstream tasks scheduled from follow-on schedule check
[2025-06-16T14:52:06.252+0000] {local_task_job_runner.py:245} INFO - ::endgroup::
