[2025-05-22T17:38:56.303+0000] {local_task_job_runner.py:123} INFO - ::group::Pre task execution logs
[2025-05-22T17:38:56.321+0000] {taskinstance.py:2613} INFO - Dependencies all met for dep_context=non-requeueable deps ti=<TaskInstance: 04_transform_data.run_dbt manual__2025-05-22T17:38:54.091484+00:00 [queued]>
[2025-05-22T17:38:56.329+0000] {taskinstance.py:2613} INFO - Dependencies all met for dep_context=requeueable deps ti=<TaskInstance: 04_transform_data.run_dbt manual__2025-05-22T17:38:54.091484+00:00 [queued]>
[2025-05-22T17:38:56.332+0000] {taskinstance.py:2866} INFO - Starting attempt 1 of 1
[2025-05-22T17:38:56.344+0000] {taskinstance.py:2889} INFO - Executing <Task(PythonOperator): run_dbt> on 2025-05-22 17:38:54.091484+00:00
[2025-05-22T17:38:56.349+0000] {standard_task_runner.py:72} INFO - Started process 2584 to run task
[2025-05-22T17:38:56.352+0000] {standard_task_runner.py:104} INFO - Running: ['***', 'tasks', 'run', '04_transform_data', 'run_dbt', 'manual__2025-05-22T17:38:54.091484+00:00', '--job-id', '189', '--raw', '--subdir', 'DAGS_FOLDER/04_transform_data.py', '--cfg-path', '/tmp/tmpiz946e7x']
[2025-05-22T17:38:56.354+0000] {standard_task_runner.py:105} INFO - Job 189: Subtask run_dbt
[2025-05-22T17:38:56.406+0000] {task_command.py:467} INFO - Running <TaskInstance: 04_transform_data.run_dbt manual__2025-05-22T17:38:54.091484+00:00 [running]> on host e27e96d1841a
[2025-05-22T17:38:56.486+0000] {taskinstance.py:3132} INFO - Exporting env vars: AIRFLOW_CTX_DAG_OWNER='***' AIRFLOW_CTX_DAG_ID='04_transform_data' AIRFLOW_CTX_TASK_ID='run_dbt' AIRFLOW_CTX_EXECUTION_DATE='2025-05-22T17:38:54.091484+00:00' AIRFLOW_CTX_TRY_NUMBER='1' AIRFLOW_CTX_DAG_RUN_ID='manual__2025-05-22T17:38:54.091484+00:00'
[2025-05-22T17:38:56.487+0000] {taskinstance.py:731} INFO - ::endgroup::
[2025-05-22T17:38:58.077+0000] {logging_mixin.py:190} INFO - 17:38:58  Running with dbt=1.9.4
[2025-05-22T17:38:58.435+0000] {logging_mixin.py:190} INFO - 17:38:58  Registered adapter: postgres=1.9.0
[2025-05-22T17:38:59.052+0000] {logging_mixin.py:190} INFO - 17:38:59  [WARNING]: Configuration paths exist in your dbt_project.yml file which do not apply to any resources.
There are 1 unused configuration paths:
- models.e_commerce_sales.example
[2025-05-22T17:38:59.378+0000] {logging_mixin.py:190} INFO - 17:38:59  Found 11 models, 12 sources, 433 macros
[2025-05-22T17:38:59.382+0000] {logging_mixin.py:190} INFO - 17:38:59
[2025-05-22T17:38:59.384+0000] {logging_mixin.py:190} INFO - 17:38:59  Concurrency: 4 threads (target='dev')
[2025-05-22T17:38:59.385+0000] {logging_mixin.py:190} INFO - 17:38:59
[2025-05-22T17:38:59.523+0000] {logging_mixin.py:190} INFO - 17:38:59  1 of 11 START sql incremental model sales.mercadolivre_orders_results .......... [RUN]
[2025-05-22T17:38:59.525+0000] {logging_mixin.py:190} INFO - 17:38:59  2 of 11 START sql incremental model sales.shopee_new_id ........................ [RUN]
[2025-05-22T17:38:59.912+0000] {logging_mixin.py:190} INFO - 17:38:59  2 of 11 OK created sql incremental model sales.shopee_new_id ................... [MERGE 0 in 0.38s]
[2025-05-22T17:38:59.914+0000] {logging_mixin.py:190} INFO - 17:38:59  1 of 11 OK created sql incremental model sales.mercadolivre_orders_results ..... [MERGE 292 in 0.38s]
[2025-05-22T17:38:59.922+0000] {logging_mixin.py:190} INFO - 17:38:59  3 of 11 START sql incremental model sales.shopee_orders_results ................ [RUN]
[2025-05-22T17:38:59.924+0000] {logging_mixin.py:190} INFO - 17:38:59  4 of 11 START sql incremental model sales.dim_mercadolivre_buyer ............... [RUN]
[2025-05-22T17:38:59.926+0000] {logging_mixin.py:190} INFO - 17:38:59  5 of 11 START sql incremental model sales.dim_mercadolivre_date ................ [RUN]
[2025-05-22T17:38:59.927+0000] {logging_mixin.py:190} INFO - 17:38:59  6 of 11 START sql incremental model sales.dim_mercadolivre_orders_status ....... [RUN]
[2025-05-22T17:39:00.215+0000] {logging_mixin.py:190} INFO - 17:39:00  3 of 11 OK created sql incremental model sales.shopee_orders_results ........... [MERGE 0 in 0.28s]
[2025-05-22T17:39:00.216+0000] {logging_mixin.py:190} INFO - 17:39:00  4 of 11 OK created sql incremental model sales.dim_mercadolivre_buyer .......... [MERGE 188 in 0.28s]
[2025-05-22T17:39:00.225+0000] {logging_mixin.py:190} INFO - 17:39:00  6 of 11 OK created sql incremental model sales.dim_mercadolivre_orders_status .. [MERGE 190 in 0.29s]
[2025-05-22T17:39:00.228+0000] {logging_mixin.py:190} INFO - 17:39:00  5 of 11 OK created sql incremental model sales.dim_mercadolivre_date ........... [MERGE 203 in 0.29s]
[2025-05-22T17:39:00.231+0000] {logging_mixin.py:190} INFO - 17:39:00  7 of 11 START sql incremental model sales.dim_mercadolivre_product ............. [RUN]
[2025-05-22T17:39:00.234+0000] {logging_mixin.py:190} INFO - 17:39:00  8 of 11 START sql incremental model sales.dim_shopee_buyer_id .................. [RUN]
[2025-05-22T17:39:00.242+0000] {logging_mixin.py:190} INFO - 17:39:00  9 of 11 START sql incremental model sales.dim_shopee_date ...................... [RUN]
[2025-05-22T17:39:00.243+0000] {logging_mixin.py:190} INFO - 17:39:00  10 of 11 START sql incremental model sales.dim_shopee_orders_status ............ [RUN]
[2025-05-22T17:39:00.523+0000] {logging_mixin.py:190} INFO - 17:39:00  8 of 11 OK created sql incremental model sales.dim_shopee_buyer_id ............. [MERGE 0 in 0.28s]
[2025-05-22T17:39:00.525+0000] {logging_mixin.py:190} INFO - 17:39:00  7 of 11 OK created sql incremental model sales.dim_mercadolivre_product ........ [MERGE 186 in 0.28s]
[2025-05-22T17:39:00.527+0000] {logging_mixin.py:190} INFO - 17:39:00  10 of 11 OK created sql incremental model sales.dim_shopee_orders_status ....... [MERGE 0 in 0.26s]
[2025-05-22T17:39:00.538+0000] {logging_mixin.py:190} INFO - 17:39:00  9 of 11 OK created sql incremental model sales.dim_shopee_date ................. [MERGE 0 in 0.28s]
[2025-05-22T17:39:00.541+0000] {logging_mixin.py:190} INFO - 17:39:00  11 of 11 START sql incremental model sales.dim_shopee_product .................. [RUN]
[2025-05-22T17:39:00.653+0000] {logging_mixin.py:190} INFO - 17:39:00  11 of 11 OK created sql incremental model sales.dim_shopee_product ............. [MERGE 0 in 0.11s]
[2025-05-22T17:39:00.676+0000] {logging_mixin.py:190} INFO - 17:39:00
[2025-05-22T17:39:00.678+0000] {logging_mixin.py:190} INFO - 17:39:00  Finished running 11 incremental models in 0 hours 0 minutes and 1.29 seconds (1.29s).
[2025-05-22T17:39:00.743+0000] {logging_mixin.py:190} INFO - 17:39:00
[2025-05-22T17:39:00.744+0000] {logging_mixin.py:190} INFO - 17:39:00  Completed successfully
[2025-05-22T17:39:00.746+0000] {logging_mixin.py:190} INFO - 17:39:00
[2025-05-22T17:39:00.747+0000] {logging_mixin.py:190} INFO - 17:39:00  Done. PASS=11 WARN=0 ERROR=0 SKIP=0 TOTAL=11
[2025-05-22T17:39:01.657+0000] {logging_mixin.py:190} INFO - Transformation sucessfully done.
[2025-05-22T17:39:01.658+0000] {python.py:240} INFO - Done. Returned value was: None
[2025-05-22T17:39:01.670+0000] {taskinstance.py:340} INFO - ::group::Post task execution logs
[2025-05-22T17:39:01.671+0000] {taskinstance.py:352} INFO - Marking task as SUCCESS. dag_id=04_transform_data, task_id=run_dbt, run_id=manual__2025-05-22T17:38:54.091484+00:00, execution_date=20250522T173854, start_date=20250522T173856, end_date=20250522T173901
[2025-05-22T17:39:01.701+0000] {local_task_job_runner.py:266} INFO - Task exited with return code 0
[2025-05-22T17:39:01.717+0000] {taskinstance.py:3895} INFO - 0 downstream tasks scheduled from follow-on schedule check
[2025-05-22T17:39:01.720+0000] {local_task_job_runner.py:245} INFO - ::endgroup::
