[2025-06-06T20:19:04.715+0000] {local_task_job_runner.py:123} INFO - ::group::Pre task execution logs
[2025-06-06T20:19:04.732+0000] {taskinstance.py:2613} INFO - Dependencies all met for dep_context=non-requeueable deps ti=<TaskInstance: 05_transform_data.run_dbt manual__2025-06-06T20:18:55.698291+00:00 [queued]>
[2025-06-06T20:19:04.740+0000] {taskinstance.py:2613} INFO - Dependencies all met for dep_context=requeueable deps ti=<TaskInstance: 05_transform_data.run_dbt manual__2025-06-06T20:18:55.698291+00:00 [queued]>
[2025-06-06T20:19:04.741+0000] {taskinstance.py:2866} INFO - Starting attempt 1 of 1
[2025-06-06T20:19:04.753+0000] {taskinstance.py:2889} INFO - Executing <Task(PythonOperator): run_dbt> on 2025-06-06 20:18:55.698291+00:00
[2025-06-06T20:19:04.757+0000] {standard_task_runner.py:72} INFO - Started process 4601 to run task
[2025-06-06T20:19:04.760+0000] {standard_task_runner.py:104} INFO - Running: ['***', 'tasks', 'run', '05_transform_data', 'run_dbt', 'manual__2025-06-06T20:18:55.698291+00:00', '--job-id', '434', '--raw', '--subdir', 'DAGS_FOLDER/05_transform_data.py', '--cfg-path', '/tmp/tmpdmey267g']
[2025-06-06T20:19:04.762+0000] {standard_task_runner.py:105} INFO - Job 434: Subtask run_dbt
[2025-06-06T20:19:04.813+0000] {task_command.py:467} INFO - Running <TaskInstance: 05_transform_data.run_dbt manual__2025-06-06T20:18:55.698291+00:00 [running]> on host 28e6a58e4107
[2025-06-06T20:19:04.891+0000] {taskinstance.py:3132} INFO - Exporting env vars: AIRFLOW_CTX_DAG_OWNER='***' AIRFLOW_CTX_DAG_ID='05_transform_data' AIRFLOW_CTX_TASK_ID='run_dbt' AIRFLOW_CTX_EXECUTION_DATE='2025-06-06T20:18:55.698291+00:00' AIRFLOW_CTX_TRY_NUMBER='1' AIRFLOW_CTX_DAG_RUN_ID='manual__2025-06-06T20:18:55.698291+00:00'
[2025-06-06T20:19:04.893+0000] {taskinstance.py:731} INFO - ::endgroup::
[2025-06-06T20:19:06.361+0000] {logging_mixin.py:190} INFO - 20:19:06  Running with dbt=1.9.5
[2025-06-06T20:19:06.718+0000] {logging_mixin.py:190} INFO - 20:19:06  Registered adapter: postgres=1.9.0
[2025-06-06T20:19:08.684+0000] {logging_mixin.py:190} INFO - 20:19:08  [WARNING]: Configuration paths exist in your dbt_project.yml file which do not apply to any resources.
There are 1 unused configuration paths:
- models.e_commerce_sales.example
[2025-06-06T20:19:08.908+0000] {logging_mixin.py:190} INFO - 20:19:08  Found 15 models, 12 sources, 549 macros, 1 unit test
[2025-06-06T20:19:08.912+0000] {logging_mixin.py:190} INFO - 20:19:08
[2025-06-06T20:19:08.914+0000] {logging_mixin.py:190} INFO - 20:19:08  Concurrency: 4 threads (target='dev')
[2025-06-06T20:19:08.916+0000] {logging_mixin.py:190} INFO - 20:19:08
[2025-06-06T20:19:09.055+0000] {logging_mixin.py:190} INFO - 20:19:09  1 of 15 START sql incremental model sales.mercadolivre_orders_results .......... [RUN]
[2025-06-06T20:19:09.056+0000] {logging_mixin.py:190} INFO - 20:19:09  2 of 15 START sql incremental model sales.stg_shopee ........................... [RUN]
[2025-06-06T20:19:09.344+0000] {logging_mixin.py:190} INFO - 20:19:09  2 of 15 OK created sql incremental model sales.stg_shopee ...................... [SELECT 2875 in 0.28s]
[2025-06-06T20:19:09.349+0000] {logging_mixin.py:190} INFO - 20:19:09  3 of 15 START sql incremental model sales.shopee_new_id ........................ [RUN]
[2025-06-06T20:19:09.427+0000] {logging_mixin.py:190} INFO - 20:19:09  3 of 15 OK created sql incremental model sales.shopee_new_id ................... [SELECT 2875 in 0.07s]
[2025-06-06T20:19:09.431+0000] {logging_mixin.py:190} INFO - 20:19:09  4 of 15 START sql incremental model sales.shopee_orders_results ................ [RUN]
[2025-06-06T20:19:09.561+0000] {logging_mixin.py:190} INFO - 20:19:09  4 of 15 OK created sql incremental model sales.shopee_orders_results ........... [SELECT 2727 in 0.13s]
[2025-06-06T20:19:09.568+0000] {logging_mixin.py:190} INFO - 20:19:09  5 of 15 START sql incremental model sales.dim_shopee_buyer ..................... [RUN]
[2025-06-06T20:19:09.569+0000] {logging_mixin.py:190} INFO - 20:19:09  6 of 15 START sql incremental model sales.dim_shopee_date ...................... [RUN]
[2025-06-06T20:19:09.571+0000] {logging_mixin.py:190} INFO - 20:19:09  7 of 15 START sql incremental model sales.dim_shopee_orders_status ............. [RUN]
[2025-06-06T20:19:09.702+0000] {logging_mixin.py:190} INFO - 20:19:09  5 of 15 OK created sql incremental model sales.dim_shopee_buyer ................ [SELECT 2629 in 0.13s]
[2025-06-06T20:19:09.707+0000] {logging_mixin.py:190} INFO - 20:19:09  8 of 15 START sql incremental model sales.dim_shopee_product ................... [RUN]
[2025-06-06T20:19:09.750+0000] {logging_mixin.py:190} INFO - 20:19:09  7 of 15 OK created sql incremental model sales.dim_shopee_orders_status ........ [SELECT 2731 in 0.17s]
[2025-06-06T20:19:09.788+0000] {logging_mixin.py:190} INFO - 20:19:09  8 of 15 OK created sql incremental model sales.dim_shopee_product .............. [SELECT 218 in 0.08s]
[2025-06-06T20:19:10.423+0000] {logging_mixin.py:190} INFO - 20:19:10  6 of 15 OK created sql incremental model sales.dim_shopee_date ................. [SELECT 2727 in 0.85s]
[2025-06-06T20:19:10.430+0000] {logging_mixin.py:190} INFO - 20:19:10  9 of 15 START sql view model sales.sum_shopee_monthly_profit ................... [RUN]
[2025-06-06T20:19:10.432+0000] {logging_mixin.py:190} INFO - 20:19:10  10 of 15 START sql view model sales.sum_shopee_monthly_revenue ................. [RUN]
[2025-06-06T20:19:10.434+0000] {logging_mixin.py:190} INFO - 20:19:10  11 of 15 START sql view model sales.sum_shopee_products_sold ................... [RUN]
[2025-06-06T20:19:10.641+0000] {logging_mixin.py:190} INFO - 20:19:10  9 of 15 OK created sql view model sales.sum_shopee_monthly_profit .............. [CREATE VIEW in 0.20s]
[2025-06-06T20:19:10.643+0000] {logging_mixin.py:190} INFO - 20:19:10  10 of 15 OK created sql view model sales.sum_shopee_monthly_revenue ............ [CREATE VIEW in 0.20s]
[2025-06-06T20:19:10.645+0000] {logging_mixin.py:190} INFO - 20:19:10  11 of 15 OK created sql view model sales.sum_shopee_products_sold .............. [CREATE VIEW in 0.20s]
[2025-06-06T20:19:12.247+0000] {logging_mixin.py:190} INFO - 20:19:12  1 of 15 OK created sql incremental model sales.mercadolivre_orders_results ..... [MERGE 190 in 3.19s]
[2025-06-06T20:19:12.255+0000] {logging_mixin.py:190} INFO - 20:19:12  12 of 15 START sql incremental model sales.dim_mercadolivre_buyer .............. [RUN]
[2025-06-06T20:19:12.257+0000] {logging_mixin.py:190} INFO - 20:19:12  13 of 15 START sql incremental model sales.dim_mercadolivre_date ............... [RUN]
[2025-06-06T20:19:12.258+0000] {logging_mixin.py:190} INFO - 20:19:12  14 of 15 START sql incremental model sales.dim_mercadolivre_orders_status ...... [RUN]
[2025-06-06T20:19:12.260+0000] {logging_mixin.py:190} INFO - 20:19:12  15 of 15 START sql incremental model sales.dim_mercadolivre_product ............ [RUN]
[2025-06-06T20:19:12.479+0000] {logging_mixin.py:190} INFO - 20:19:12  14 of 15 OK created sql incremental model sales.dim_mercadolivre_orders_status . [MERGE 190 in 0.21s]
[2025-06-06T20:19:12.493+0000] {logging_mixin.py:190} INFO - 20:19:12  12 of 15 OK created sql incremental model sales.dim_mercadolivre_buyer ......... [MERGE 188 in 0.23s]
[2025-06-06T20:19:12.857+0000] {logging_mixin.py:190} INFO - 20:19:12  13 of 15 OK created sql incremental model sales.dim_mercadolivre_date .......... [MERGE 190 in 0.59s]
[2025-06-06T20:19:13.098+0000] {logging_mixin.py:190} INFO - 20:19:13  15 of 15 OK created sql incremental model sales.dim_mercadolivre_product ....... [MERGE 65 in 0.83s]
[2025-06-06T20:19:13.124+0000] {logging_mixin.py:190} INFO - 20:19:13
[2025-06-06T20:19:13.126+0000] {logging_mixin.py:190} INFO - 20:19:13  Finished running 12 incremental models, 3 view models in 0 hours 0 minutes and 4.21 seconds (4.21s).
[2025-06-06T20:19:13.203+0000] {logging_mixin.py:190} INFO - 20:19:13
[2025-06-06T20:19:13.204+0000] {logging_mixin.py:190} INFO - 20:19:13  Completed successfully
[2025-06-06T20:19:13.206+0000] {logging_mixin.py:190} INFO - 20:19:13
[2025-06-06T20:19:13.207+0000] {logging_mixin.py:190} INFO - 20:19:13  Done. PASS=15 WARN=0 ERROR=0 SKIP=0 TOTAL=15
[2025-06-06T20:19:14.073+0000] {logging_mixin.py:190} INFO - Transformation sucessfully done.
[2025-06-06T20:19:14.076+0000] {python.py:240} INFO - Done. Returned value was: None
[2025-06-06T20:19:14.089+0000] {taskinstance.py:340} INFO - ::group::Post task execution logs
[2025-06-06T20:19:14.091+0000] {taskinstance.py:352} INFO - Marking task as SUCCESS. dag_id=05_transform_data, task_id=run_dbt, run_id=manual__2025-06-06T20:18:55.698291+00:00, execution_date=20250606T201855, start_date=20250606T201904, end_date=20250606T201914
[2025-06-06T20:19:14.128+0000] {local_task_job_runner.py:266} INFO - Task exited with return code 0
[2025-06-06T20:19:14.145+0000] {taskinstance.py:3895} INFO - 0 downstream tasks scheduled from follow-on schedule check
[2025-06-06T20:19:14.148+0000] {local_task_job_runner.py:245} INFO - ::endgroup::
