[2025-05-16T13:51:45.147+0000] {local_task_job_runner.py:123} INFO - ::group::Pre task execution logs
[2025-05-16T13:51:45.169+0000] {taskinstance.py:2613} INFO - Dependencies all met for dep_context=non-requeueable deps ti=<TaskInstance: 03_load_data.load_shopee manual__2025-05-16T13:51:42.537144+00:00 [queued]>
[2025-05-16T13:51:45.179+0000] {taskinstance.py:2613} INFO - Dependencies all met for dep_context=requeueable deps ti=<TaskInstance: 03_load_data.load_shopee manual__2025-05-16T13:51:42.537144+00:00 [queued]>
[2025-05-16T13:51:45.180+0000] {taskinstance.py:2866} INFO - Starting attempt 1 of 1
[2025-05-16T13:51:45.197+0000] {taskinstance.py:2889} INFO - Executing <Task(PythonOperator): load_shopee> on 2025-05-16 13:51:42.537144+00:00
[2025-05-16T13:51:45.202+0000] {standard_task_runner.py:72} INFO - Started process 3224 to run task
[2025-05-16T13:51:45.207+0000] {standard_task_runner.py:104} INFO - Running: ['***', 'tasks', 'run', '03_load_data', 'load_shopee', 'manual__2025-05-16T13:51:42.537144+00:00', '--job-id', '44', '--raw', '--subdir', 'DAGS_FOLDER/03_load_data.py', '--cfg-path', '/tmp/tmp2cskwwnc']
[2025-05-16T13:51:45.210+0000] {standard_task_runner.py:105} INFO - Job 44: Subtask load_shopee
[2025-05-16T13:51:45.283+0000] {task_command.py:467} INFO - Running <TaskInstance: 03_load_data.load_shopee manual__2025-05-16T13:51:42.537144+00:00 [running]> on host b43b94ab59b1
[2025-05-16T13:51:45.389+0000] {taskinstance.py:3132} INFO - Exporting env vars: AIRFLOW_CTX_DAG_OWNER='***' AIRFLOW_CTX_DAG_ID='03_load_data' AIRFLOW_CTX_TASK_ID='load_shopee' AIRFLOW_CTX_EXECUTION_DATE='2025-05-16T13:51:42.537144+00:00' AIRFLOW_CTX_TRY_NUMBER='1' AIRFLOW_CTX_DAG_RUN_ID='manual__2025-05-16T13:51:42.537144+00:00'
[2025-05-16T13:51:45.391+0000] {taskinstance.py:731} INFO - ::endgroup::
[2025-05-16T13:51:46.136+0000] {logging_mixin.py:190} INFO - Loading file ./extraction/shopee/data/raw/Order.completed.20240701_20240731.xlsx to sales_db
[2025-05-16T13:51:46.172+0000] {logging_mixin.py:190} INFO - Data in ./extraction/shopee/data/raw/Order.completed.20240701_20240731.xlsx successfully loaded.
[2025-05-16T13:51:46.298+0000] {logging_mixin.py:190} INFO - Loading file ./extraction/shopee/data/raw/Order.completed.20240801_20240831.xlsx to sales_db
[2025-05-16T13:51:46.347+0000] {logging_mixin.py:190} INFO - Data in ./extraction/shopee/data/raw/Order.completed.20240801_20240831.xlsx successfully loaded.
[2025-05-16T13:51:46.485+0000] {logging_mixin.py:190} INFO - Loading file ./extraction/shopee/data/raw/Order.completed.20240901_20240930.xlsx to sales_db
[2025-05-16T13:51:46.537+0000] {logging_mixin.py:190} INFO - Data in ./extraction/shopee/data/raw/Order.completed.20240901_20240930.xlsx successfully loaded.
[2025-05-16T13:51:46.789+0000] {logging_mixin.py:190} INFO - Loading file ./extraction/shopee/data/raw/Order.completed.20241001_20241031.xlsx to sales_db
[2025-05-16T13:51:46.887+0000] {logging_mixin.py:190} INFO - Data in ./extraction/shopee/data/raw/Order.completed.20241001_20241031.xlsx successfully loaded.
[2025-05-16T13:51:47.262+0000] {logging_mixin.py:190} INFO - Loading file ./extraction/shopee/data/raw/Order.completed.20241101_20241130.xlsx to sales_db
[2025-05-16T13:51:47.370+0000] {logging_mixin.py:190} INFO - Data in ./extraction/shopee/data/raw/Order.completed.20241101_20241130.xlsx successfully loaded.
[2025-05-16T13:51:47.765+0000] {logging_mixin.py:190} INFO - Loading file ./extraction/shopee/data/raw/Order.completed.20241201_20241231.xlsx to sales_db
[2025-05-16T13:51:47.874+0000] {logging_mixin.py:190} INFO - Data in ./extraction/shopee/data/raw/Order.completed.20241201_20241231.xlsx successfully loaded.
[2025-05-16T13:51:48.094+0000] {logging_mixin.py:190} INFO - Loading file ./extraction/shopee/data/raw/Order.completed.20250101_20250131.xlsx to sales_db
[2025-05-16T13:51:48.191+0000] {logging_mixin.py:190} INFO - Data in ./extraction/shopee/data/raw/Order.completed.20250101_20250131.xlsx successfully loaded.
[2025-05-16T13:51:48.491+0000] {logging_mixin.py:190} INFO - Loading file ./extraction/shopee/data/raw/Order.completed.20250201_20250228.xlsx to sales_db
[2025-05-16T13:51:48.631+0000] {logging_mixin.py:190} INFO - Data in ./extraction/shopee/data/raw/Order.completed.20250201_20250228.xlsx successfully loaded.
[2025-05-16T13:51:49.078+0000] {logging_mixin.py:190} INFO - Loading file ./extraction/shopee/data/raw/Order.completed.20250301_20250331.xlsx to sales_db
[2025-05-16T13:51:49.225+0000] {logging_mixin.py:190} INFO - Data in ./extraction/shopee/data/raw/Order.completed.20250301_20250331.xlsx successfully loaded.
[2025-05-16T13:51:49.449+0000] {logging_mixin.py:190} INFO - Loading file ./extraction/shopee/data/raw/Order.completed.20250401_20250430.xlsx to sales_db
[2025-05-16T13:51:49.537+0000] {logging_mixin.py:190} INFO - Data in ./extraction/shopee/data/raw/Order.completed.20250401_20250430.xlsx successfully loaded.
[2025-05-16T13:51:49.538+0000] {python.py:240} INFO - Done. Returned value was: None
[2025-05-16T13:51:49.550+0000] {taskinstance.py:340} INFO - ::group::Post task execution logs
[2025-05-16T13:51:49.551+0000] {taskinstance.py:352} INFO - Marking task as SUCCESS. dag_id=03_load_data, task_id=load_shopee, run_id=manual__2025-05-16T13:51:42.537144+00:00, execution_date=20250516T135142, start_date=20250516T135145, end_date=20250516T135149
[2025-05-16T13:51:49.596+0000] {local_task_job_runner.py:266} INFO - Task exited with return code 0
[2025-05-16T13:51:49.617+0000] {taskinstance.py:3895} INFO - 0 downstream tasks scheduled from follow-on schedule check
[2025-05-16T13:51:49.620+0000] {local_task_job_runner.py:245} INFO - ::endgroup::
