[2025-06-10T20:08:08.547+0000] {local_task_job_runner.py:123} INFO - ::group::Pre task execution logs
[2025-06-10T20:08:08.565+0000] {taskinstance.py:2613} INFO - Dependencies all met for dep_context=non-requeueable deps ti=<TaskInstance: 05_transform_data.install_dbt_deps manual__2025-06-10T20:08:06.198580+00:00 [queued]>
[2025-06-10T20:08:08.572+0000] {taskinstance.py:2613} INFO - Dependencies all met for dep_context=requeueable deps ti=<TaskInstance: 05_transform_data.install_dbt_deps manual__2025-06-10T20:08:06.198580+00:00 [queued]>
[2025-06-10T20:08:08.574+0000] {taskinstance.py:2866} INFO - Starting attempt 1 of 1
[2025-06-10T20:08:08.586+0000] {taskinstance.py:2889} INFO - Executing <Task(PythonOperator): install_dbt_deps> on 2025-06-10 20:08:06.198580+00:00
[2025-06-10T20:08:08.590+0000] {standard_task_runner.py:72} INFO - Started process 4210 to run task
[2025-06-10T20:08:08.593+0000] {standard_task_runner.py:104} INFO - Running: ['***', 'tasks', 'run', '05_transform_data', 'install_dbt_deps', 'manual__2025-06-10T20:08:06.198580+00:00', '--job-id', '724', '--raw', '--subdir', 'DAGS_FOLDER/05_transform_data.py', '--cfg-path', '/tmp/tmp3m2ioetu']
[2025-06-10T20:08:08.595+0000] {standard_task_runner.py:105} INFO - Job 724: Subtask install_dbt_deps
[2025-06-10T20:08:08.646+0000] {task_command.py:467} INFO - Running <TaskInstance: 05_transform_data.install_dbt_deps manual__2025-06-10T20:08:06.198580+00:00 [running]> on host 28e6a58e4107
[2025-06-10T20:08:08.724+0000] {taskinstance.py:3132} INFO - Exporting env vars: AIRFLOW_CTX_DAG_OWNER='***' AIRFLOW_CTX_DAG_ID='05_transform_data' AIRFLOW_CTX_TASK_ID='install_dbt_deps' AIRFLOW_CTX_EXECUTION_DATE='2025-06-10T20:08:06.198580+00:00' AIRFLOW_CTX_TRY_NUMBER='1' AIRFLOW_CTX_DAG_RUN_ID='manual__2025-06-10T20:08:06.198580+00:00'
[2025-06-10T20:08:08.725+0000] {taskinstance.py:731} INFO - ::endgroup::
[2025-06-10T20:08:10.207+0000] {logging_mixin.py:190} INFO - 20:08:10  Running with dbt=1.9.5
[2025-06-10T20:08:10.919+0000] {logging_mixin.py:190} INFO - 20:08:10  Installing dbt-labs/dbt_utils
[2025-06-10T20:08:14.139+0000] {logging_mixin.py:190} INFO - 20:08:14  Installed from version 1.2.0
[2025-06-10T20:08:14.141+0000] {logging_mixin.py:190} INFO - 20:08:14  Updated version available: 1.3.0
[2025-06-10T20:08:14.143+0000] {logging_mixin.py:190} INFO - 20:08:14
[2025-06-10T20:08:14.145+0000] {logging_mixin.py:190} INFO - 20:08:14  Updates available for packages: ['dbt-labs/dbt_utils']                 
Update your versions in packages.yml, then run dbt deps
[2025-06-10T20:08:14.875+0000] {logging_mixin.py:190} INFO - Dependencies sucessfully installed.
[2025-06-10T20:08:14.877+0000] {python.py:240} INFO - Done. Returned value was: None
[2025-06-10T20:08:14.889+0000] {taskinstance.py:340} INFO - ::group::Post task execution logs
[2025-06-10T20:08:14.891+0000] {taskinstance.py:352} INFO - Marking task as SUCCESS. dag_id=05_transform_data, task_id=install_dbt_deps, run_id=manual__2025-06-10T20:08:06.198580+00:00, execution_date=20250610T200806, start_date=20250610T200808, end_date=20250610T200814
[2025-06-10T20:08:14.917+0000] {local_task_job_runner.py:266} INFO - Task exited with return code 0
[2025-06-10T20:08:14.938+0000] {taskinstance.py:3895} INFO - 1 downstream tasks scheduled from follow-on schedule check
[2025-06-10T20:08:14.940+0000] {local_task_job_runner.py:245} INFO - ::endgroup::
