[2025-06-10T22:05:15.052+0000] {local_task_job_runner.py:123} INFO - ::group::Pre task execution logs
[2025-06-10T22:05:15.082+0000] {taskinstance.py:2613} INFO - Dependencies all met for dep_context=non-requeueable deps ti=<TaskInstance: 03_load_data.load_mercadolivre manual__2025-06-10T22:05:12.332820+00:00 [queued]>
[2025-06-10T22:05:15.096+0000] {taskinstance.py:2613} INFO - Dependencies all met for dep_context=requeueable deps ti=<TaskInstance: 03_load_data.load_mercadolivre manual__2025-06-10T22:05:12.332820+00:00 [queued]>
[2025-06-10T22:05:15.098+0000] {taskinstance.py:2866} INFO - Starting attempt 1 of 1
[2025-06-10T22:05:15.115+0000] {taskinstance.py:2889} INFO - Executing <Task(PythonOperator): load_mercadolivre> on 2025-06-10 22:05:12.332820+00:00
[2025-06-10T22:05:15.121+0000] {standard_task_runner.py:72} INFO - Started process 8846 to run task
[2025-06-10T22:05:15.126+0000] {standard_task_runner.py:104} INFO - Running: ['***', 'tasks', 'run', '03_load_data', 'load_mercadolivre', 'manual__2025-06-10T22:05:12.332820+00:00', '--job-id', '773', '--raw', '--subdir', 'DAGS_FOLDER/03_load_data.py', '--cfg-path', '/tmp/tmpnqv5578d']
[2025-06-10T22:05:15.128+0000] {standard_task_runner.py:105} INFO - Job 773: Subtask load_mercadolivre
[2025-06-10T22:05:15.194+0000] {task_command.py:467} INFO - Running <TaskInstance: 03_load_data.load_mercadolivre manual__2025-06-10T22:05:12.332820+00:00 [running]> on host 28e6a58e4107
[2025-06-10T22:05:15.313+0000] {taskinstance.py:3132} INFO - Exporting env vars: AIRFLOW_CTX_DAG_OWNER='***' AIRFLOW_CTX_DAG_ID='03_load_data' AIRFLOW_CTX_TASK_ID='load_mercadolivre' AIRFLOW_CTX_EXECUTION_DATE='2025-06-10T22:05:12.332820+00:00' AIRFLOW_CTX_TRY_NUMBER='1' AIRFLOW_CTX_DAG_RUN_ID='manual__2025-06-10T22:05:12.332820+00:00'
[2025-06-10T22:05:15.314+0000] {taskinstance.py:731} INFO - ::endgroup::
[2025-06-10T22:05:16.302+0000] {warnings.py:109} WARNING - /home/***/.local/lib/python3.9/site-packages/dlt/helpers/dbt/__init__.py:3: UserWarning: pkg_resources is deprecated as an API. See https://setuptools.pypa.io/en/latest/pkg_resources.html. The pkg_resources package is slated for removal as early as 2025-11-30. Refrain from using this package or pin to Setuptools<81.
  import pkg_resources

[2025-06-10T22:05:16.736+0000] {config_providers_context.py:156} WARNING - Airflow variable 'dlt_secrets_toml' was not found. This Airflow variable is a recommended place to hold the content of secrets.toml.If you do not use Airflow variables to hold dlt configuration or use variables with other names you can ignore this warning.
[2025-06-10T22:05:19.993+0000] {logging_mixin.py:190} INFO - trying to load ./extraction/mercadolivre/data/raw/ml_sell_data_2024-07-01T00:00:00.000-03:00_2025-04-01T00:00:00.000-03:00_0.json to sales_db
[2025-06-10T22:05:23.125+0000] {logging_mixin.py:190} INFO - Pipeline mercadolivre_data load step completed in 0.21 seconds
1 load package(s) were loaded to destination postgres and into dataset entry
The postgres destination used postgresql://***:***@pgdatabase:5432/sales_db location to store data
Load package 1749593121.2659705 is LOADED and contains no failed jobs
[2025-06-10T22:05:23.127+0000] {logging_mixin.py:190} INFO - Run started at 2025-06-10 22:05:19.995328+00:00 and COMPLETED in 3.13 seconds with 4 steps.
Step extract COMPLETED in 0.84 seconds.

Load package 1749593121.2659705 is EXTRACTED and NOT YET LOADED to the destination and contains no failed jobs

Step normalize COMPLETED in 0.58 seconds.
Normalized data for the following tables:
- entry_mercadolivre: 50 row(s)
- entry_mercadolivre__payments: 52 row(s)
- entry_mercadolivre__payments__available_actions: 52 row(s)
- entry_mercadolivre__order_items: 50 row(s)
- entry_mercadolivre__tags: 118 row(s)
- entry_mercadolivre__order_items__item__variation_attributes: 44 row(s)
- entry_mercadolivre__mediations: 2 row(s)
- entry_mercadolivre__context__flows: 9 row(s)

Load package 1749593121.2659705 is NORMALIZED and NOT YET LOADED to the destination and contains no failed jobs

Step load COMPLETED in 0.47 seconds.
Pipeline mercadolivre_data load step completed in 0.21 seconds
1 load package(s) were loaded to destination postgres and into dataset entry
The postgres destination used postgresql://***:***@pgdatabase:5432/sales_db location to store data
Load package 1749593121.2659705 is LOADED and contains no failed jobs

Step run COMPLETED in 3.13 seconds.
Pipeline mercadolivre_data load step completed in 0.21 seconds
1 load package(s) were loaded to destination postgres and into dataset entry
The postgres destination used postgresql://***:***@pgdatabase:5432/sales_db location to store data
Load package 1749593121.2659705 is LOADED and contains no failed jobs
[2025-06-10T22:05:23.134+0000] {logging_mixin.py:190} INFO - trying to load ./extraction/mercadolivre/data/raw/ml_sell_data_2024-07-01T00:00:00.000-03:00_2025-04-01T00:00:00.000-03:00_1.json to sales_db
[2025-06-10T22:05:23.546+0000] {logging_mixin.py:190} INFO - Pipeline mercadolivre_data load step completed in 0.13 seconds
1 load package(s) were loaded to destination postgres and into dataset entry
The postgres destination used postgresql://***:***@pgdatabase:5432/sales_db location to store data
Load package 1749593123.2055554 is LOADED and contains no failed jobs
[2025-06-10T22:05:23.547+0000] {logging_mixin.py:190} INFO - Run started at 2025-06-10 22:05:23.136049+00:00 and COMPLETED in 0.41 seconds with 4 steps.
Step extract COMPLETED in 0.08 seconds.

Load package 1749593123.2055554 is EXTRACTED and NOT YET LOADED to the destination and contains no failed jobs

Step normalize COMPLETED in 0.13 seconds.
Normalized data for the following tables:
- entry_mercadolivre: 50 row(s)
- entry_mercadolivre__payments: 53 row(s)
- entry_mercadolivre__payments__available_actions: 53 row(s)
- entry_mercadolivre__order_items: 50 row(s)
- entry_mercadolivre__tags: 135 row(s)
- entry_mercadolivre__context__flows: 19 row(s)
- entry_mercadolivre__order_items__item__variation_attributes: 27 row(s)
- entry_mercadolivre__mediations: 3 row(s)

Load package 1749593123.2055554 is NORMALIZED and NOT YET LOADED to the destination and contains no failed jobs

Step load COMPLETED in 0.17 seconds.
Pipeline mercadolivre_data load step completed in 0.13 seconds
1 load package(s) were loaded to destination postgres and into dataset entry
The postgres destination used postgresql://***:***@pgdatabase:5432/sales_db location to store data
Load package 1749593123.2055554 is LOADED and contains no failed jobs

Step run COMPLETED in 0.41 seconds.
Pipeline mercadolivre_data load step completed in 0.13 seconds
1 load package(s) were loaded to destination postgres and into dataset entry
The postgres destination used postgresql://***:***@pgdatabase:5432/sales_db location to store data
Load package 1749593123.2055554 is LOADED and contains no failed jobs
[2025-06-10T22:05:23.554+0000] {logging_mixin.py:190} INFO - trying to load ./extraction/mercadolivre/data/raw/ml_sell_data_2024-07-01T00:00:00.000-03:00_2025-04-01T00:00:00.000-03:00_2.json to sales_db
[2025-06-10T22:05:25.000+0000] {logging_mixin.py:190} INFO - Pipeline mercadolivre_data load step completed in 1.13 seconds
1 load package(s) were loaded to destination postgres and into dataset entry
The postgres destination used postgresql://***:***@pgdatabase:5432/sales_db location to store data
Load package 1749593123.6282098 is LOADED and contains no failed jobs
[2025-06-10T22:05:25.002+0000] {logging_mixin.py:190} INFO - Run started at 2025-06-10 22:05:23.556482+00:00 and COMPLETED in 1.44 seconds with 4 steps.
Step extract COMPLETED in 0.08 seconds.

Load package 1749593123.6282098 is EXTRACTED and NOT YET LOADED to the destination and contains no failed jobs

Step normalize COMPLETED in 0.16 seconds.
Normalized data for the following tables:
- entry_mercadolivre: 50 row(s)
- entry_mercadolivre__payments: 55 row(s)
- entry_mercadolivre__payments__available_actions: 55 row(s)
- entry_mercadolivre__order_items: 50 row(s)
- entry_mercadolivre__order_items__item__variation_attributes: 43 row(s)
- entry_mercadolivre__tags: 144 row(s)
- entry_mercadolivre__mediations: 6 row(s)
- entry_mercadolivre__context__flows: 10 row(s)

Load package 1749593123.6282098 is NORMALIZED and NOT YET LOADED to the destination and contains no failed jobs

Step load COMPLETED in 1.17 seconds.
Pipeline mercadolivre_data load step completed in 1.13 seconds
1 load package(s) were loaded to destination postgres and into dataset entry
The postgres destination used postgresql://***:***@pgdatabase:5432/sales_db location to store data
Load package 1749593123.6282098 is LOADED and contains no failed jobs

Step run COMPLETED in 1.44 seconds.
Pipeline mercadolivre_data load step completed in 1.13 seconds
1 load package(s) were loaded to destination postgres and into dataset entry
The postgres destination used postgresql://***:***@pgdatabase:5432/sales_db location to store data
Load package 1749593123.6282098 is LOADED and contains no failed jobs
[2025-06-10T22:05:25.008+0000] {logging_mixin.py:190} INFO - trying to load ./extraction/mercadolivre/data/raw/ml_sell_data_2024-07-01T00:00:00.000-03:00_2025-04-01T00:00:00.000-03:00_3.json to sales_db
[2025-06-10T22:05:25.378+0000] {logging_mixin.py:190} INFO - Pipeline mercadolivre_data load step completed in 0.11 seconds
1 load package(s) were loaded to destination postgres and into dataset entry
The postgres destination used postgresql://***:***@pgdatabase:5432/sales_db location to store data
Load package 1749593125.0742872 is LOADED and contains no failed jobs
[2025-06-10T22:05:25.380+0000] {logging_mixin.py:190} INFO - Run started at 2025-06-10 22:05:25.010223+00:00 and COMPLETED in 0.37 seconds with 4 steps.
Step extract COMPLETED in 0.07 seconds.

Load package 1749593125.0742872 is EXTRACTED and NOT YET LOADED to the destination and contains no failed jobs

Step normalize COMPLETED in 0.13 seconds.
Normalized data for the following tables:
- entry_mercadolivre: 50 row(s)
- entry_mercadolivre__payments: 52 row(s)
- entry_mercadolivre__payments__available_actions: 52 row(s)
- entry_mercadolivre__order_items: 50 row(s)
- entry_mercadolivre__order_items__item__variation_attributes: 47 row(s)
- entry_mercadolivre__tags: 165 row(s)
- entry_mercadolivre__context__flows: 16 row(s)
- entry_mercadolivre__mediations: 9 row(s)

Load package 1749593125.0742872 is NORMALIZED and NOT YET LOADED to the destination and contains no failed jobs

Step load COMPLETED in 0.15 seconds.
Pipeline mercadolivre_data load step completed in 0.11 seconds
1 load package(s) were loaded to destination postgres and into dataset entry
The postgres destination used postgresql://***:***@pgdatabase:5432/sales_db location to store data
Load package 1749593125.0742872 is LOADED and contains no failed jobs

Step run COMPLETED in 0.37 seconds.
Pipeline mercadolivre_data load step completed in 0.11 seconds
1 load package(s) were loaded to destination postgres and into dataset entry
The postgres destination used postgresql://***:***@pgdatabase:5432/sales_db location to store data
Load package 1749593125.0742872 is LOADED and contains no failed jobs
[2025-06-10T22:05:25.386+0000] {logging_mixin.py:190} INFO - trying to load ./extraction/mercadolivre/data/raw/ml_sell_data_2024-07-01T00:00:00.000-03:00_2025-04-01T00:00:00.000-03:00_4.json to sales_db
[2025-06-10T22:05:25.739+0000] {logging_mixin.py:190} INFO - Pipeline mercadolivre_data load step completed in 0.11 seconds
1 load package(s) were loaded to destination postgres and into dataset entry
The postgres destination used postgresql://***:***@pgdatabase:5432/sales_db location to store data
Load package 1749593125.4520752 is LOADED and contains no failed jobs
[2025-06-10T22:05:25.741+0000] {logging_mixin.py:190} INFO - Run started at 2025-06-10 22:05:25.388254+00:00 and COMPLETED in 0.35 seconds with 4 steps.
Step extract COMPLETED in 0.07 seconds.

Load package 1749593125.4520752 is EXTRACTED and NOT YET LOADED to the destination and contains no failed jobs

Step normalize COMPLETED in 0.11 seconds.
Normalized data for the following tables:
- entry_mercadolivre: 50 row(s)
- entry_mercadolivre__payments: 53 row(s)
- entry_mercadolivre__payments__available_actions: 53 row(s)
- entry_mercadolivre__order_items: 50 row(s)
- entry_mercadolivre__order_items__item__variation_attributes: 53 row(s)
- entry_mercadolivre__tags: 154 row(s)
- entry_mercadolivre__mediations: 5 row(s)
- entry_mercadolivre__context__flows: 5 row(s)

Load package 1749593125.4520752 is NORMALIZED and NOT YET LOADED to the destination and contains no failed jobs

Step load COMPLETED in 0.15 seconds.
Pipeline mercadolivre_data load step completed in 0.11 seconds
1 load package(s) were loaded to destination postgres and into dataset entry
The postgres destination used postgresql://***:***@pgdatabase:5432/sales_db location to store data
Load package 1749593125.4520752 is LOADED and contains no failed jobs

Step run COMPLETED in 0.35 seconds.
Pipeline mercadolivre_data load step completed in 0.11 seconds
1 load package(s) were loaded to destination postgres and into dataset entry
The postgres destination used postgresql://***:***@pgdatabase:5432/sales_db location to store data
Load package 1749593125.4520752 is LOADED and contains no failed jobs
[2025-06-10T22:05:25.748+0000] {logging_mixin.py:190} INFO - trying to load ./extraction/mercadolivre/data/raw/ml_sell_data_2024-07-01T00:00:00.000-03:00_2025-04-01T00:00:00.000-03:00_5.json to sales_db
[2025-06-10T22:05:27.092+0000] {logging_mixin.py:190} INFO - Pipeline mercadolivre_data load step completed in 1.11 seconds
1 load package(s) were loaded to destination postgres and into dataset entry
The postgres destination used postgresql://***:***@pgdatabase:5432/sales_db location to store data
Load package 1749593125.8180075 is LOADED and contains no failed jobs
[2025-06-10T22:05:27.093+0000] {logging_mixin.py:190} INFO - Run started at 2025-06-10 22:05:25.749453+00:00 and COMPLETED in 1.34 seconds with 4 steps.
Step extract COMPLETED in 0.08 seconds.

Load package 1749593125.8180075 is EXTRACTED and NOT YET LOADED to the destination and contains no failed jobs

Step normalize COMPLETED in 0.09 seconds.
Normalized data for the following tables:
- entry_mercadolivre: 35 row(s)
- entry_mercadolivre__payments: 36 row(s)
- entry_mercadolivre__payments__available_actions: 36 row(s)
- entry_mercadolivre__order_items: 35 row(s)
- entry_mercadolivre__order_items__item__variation_attributes: 33 row(s)
- entry_mercadolivre__tags: 96 row(s)
- entry_mercadolivre__context__flows: 4 row(s)
- entry_mercadolivre__mediations: 1 row(s)

Load package 1749593125.8180075 is NORMALIZED and NOT YET LOADED to the destination and contains no failed jobs

Step load COMPLETED in 1.14 seconds.
Pipeline mercadolivre_data load step completed in 1.11 seconds
1 load package(s) were loaded to destination postgres and into dataset entry
The postgres destination used postgresql://***:***@pgdatabase:5432/sales_db location to store data
Load package 1749593125.8180075 is LOADED and contains no failed jobs

Step run COMPLETED in 1.34 seconds.
Pipeline mercadolivre_data load step completed in 1.11 seconds
1 load package(s) were loaded to destination postgres and into dataset entry
The postgres destination used postgresql://***:***@pgdatabase:5432/sales_db location to store data
Load package 1749593125.8180075 is LOADED and contains no failed jobs
[2025-06-10T22:05:27.097+0000] {logging_mixin.py:190} INFO - trying to load ./extraction/mercadolivre/data/raw/ml_sell_data_2025-05-01T00:00:00.000-03:00_2025-06-01T00:00:00.000-03:00_0.json to sales_db
[2025-06-10T22:05:28.404+0000] {logging_mixin.py:190} INFO - Pipeline mercadolivre_data load step completed in 1.09 seconds
1 load package(s) were loaded to destination postgres and into dataset entry
The postgres destination used postgresql://***:***@pgdatabase:5432/sales_db location to store data
Load package 1749593127.176384 is LOADED and contains no failed jobs
[2025-06-10T22:05:28.406+0000] {logging_mixin.py:190} INFO - Run started at 2025-06-10 22:05:27.099699+00:00 and COMPLETED in 1.30 seconds with 4 steps.
Step extract COMPLETED in 0.08 seconds.

Load package 1749593127.176384 is EXTRACTED and NOT YET LOADED to the destination and contains no failed jobs

Step normalize COMPLETED in 0.06 seconds.
Normalized data for the following tables:
- entry_mercadolivre: 5 row(s)
- entry_mercadolivre__payments: 5 row(s)
- entry_mercadolivre__payments__available_actions: 5 row(s)
- entry_mercadolivre__order_items: 5 row(s)
- entry_mercadolivre__tags: 15 row(s)
- entry_mercadolivre__order_items__item__variation_attributes: 4 row(s)

Load package 1749593127.176384 is NORMALIZED and NOT YET LOADED to the destination and contains no failed jobs

Step load COMPLETED in 1.13 seconds.
Pipeline mercadolivre_data load step completed in 1.09 seconds
1 load package(s) were loaded to destination postgres and into dataset entry
The postgres destination used postgresql://***:***@pgdatabase:5432/sales_db location to store data
Load package 1749593127.176384 is LOADED and contains no failed jobs

Step run COMPLETED in 1.30 seconds.
Pipeline mercadolivre_data load step completed in 1.09 seconds
1 load package(s) were loaded to destination postgres and into dataset entry
The postgres destination used postgresql://***:***@pgdatabase:5432/sales_db location to store data
Load package 1749593127.176384 is LOADED and contains no failed jobs
[2025-06-10T22:05:28.407+0000] {python.py:240} INFO - Done. Returned value was: 1
[2025-06-10T22:05:28.433+0000] {taskinstance.py:340} INFO - ::group::Post task execution logs
[2025-06-10T22:05:28.434+0000] {taskinstance.py:352} INFO - Marking task as SUCCESS. dag_id=03_load_data, task_id=load_mercadolivre, run_id=manual__2025-06-10T22:05:12.332820+00:00, execution_date=20250610T220512, start_date=20250610T220515, end_date=20250610T220528
[2025-06-10T22:05:28.469+0000] {local_task_job_runner.py:266} INFO - Task exited with return code 0
[2025-06-10T22:05:28.489+0000] {taskinstance.py:3895} INFO - 0 downstream tasks scheduled from follow-on schedule check
[2025-06-10T22:05:28.492+0000] {local_task_job_runner.py:245} INFO - ::endgroup::
