[2025-05-22T19:20:46.389+0000] {local_task_job_runner.py:123} INFO - ::group::Pre task execution logs
[2025-05-22T19:20:46.408+0000] {taskinstance.py:2613} INFO - Dependencies all met for dep_context=non-requeueable deps ti=<TaskInstance: 04_transform_data.install_dbt_deps manual__2025-05-22T19:20:44.447246+00:00 [queued]>
[2025-05-22T19:20:46.416+0000] {taskinstance.py:2613} INFO - Dependencies all met for dep_context=requeueable deps ti=<TaskInstance: 04_transform_data.install_dbt_deps manual__2025-05-22T19:20:44.447246+00:00 [queued]>
[2025-05-22T19:20:46.418+0000] {taskinstance.py:2866} INFO - Starting attempt 1 of 1
[2025-05-22T19:20:46.430+0000] {taskinstance.py:2889} INFO - Executing <Task(PythonOperator): install_dbt_deps> on 2025-05-22 19:20:44.447246+00:00
[2025-05-22T19:20:46.435+0000] {standard_task_runner.py:72} INFO - Started process 4057 to run task
[2025-05-22T19:20:46.438+0000] {standard_task_runner.py:104} INFO - Running: ['***', 'tasks', 'run', '04_transform_data', 'install_dbt_deps', 'manual__2025-05-22T19:20:44.447246+00:00', '--job-id', '219', '--raw', '--subdir', 'DAGS_FOLDER/04_transform_data.py', '--cfg-path', '/tmp/tmpgajtdh5_']
[2025-05-22T19:20:46.439+0000] {standard_task_runner.py:105} INFO - Job 219: Subtask install_dbt_deps
[2025-05-22T19:20:46.491+0000] {task_command.py:467} INFO - Running <TaskInstance: 04_transform_data.install_dbt_deps manual__2025-05-22T19:20:44.447246+00:00 [running]> on host e27e96d1841a
[2025-05-22T19:20:46.575+0000] {taskinstance.py:3132} INFO - Exporting env vars: AIRFLOW_CTX_DAG_OWNER='***' AIRFLOW_CTX_DAG_ID='04_transform_data' AIRFLOW_CTX_TASK_ID='install_dbt_deps' AIRFLOW_CTX_EXECUTION_DATE='2025-05-22T19:20:44.447246+00:00' AIRFLOW_CTX_TRY_NUMBER='1' AIRFLOW_CTX_DAG_RUN_ID='manual__2025-05-22T19:20:44.447246+00:00'
[2025-05-22T19:20:46.577+0000] {taskinstance.py:731} INFO - ::endgroup::
[2025-05-22T19:20:48.188+0000] {logging_mixin.py:190} INFO - 19:20:48  Running with dbt=1.9.4
[2025-05-22T19:20:48.937+0000] {logging_mixin.py:190} INFO - 19:20:48  Installing dbt-labs/dbt_utils
[2025-05-22T19:20:51.179+0000] {logging_mixin.py:190} INFO - 19:20:51  Installed from version 1.2.0
[2025-05-22T19:20:51.181+0000] {logging_mixin.py:190} INFO - 19:20:51  Updated version available: 1.3.0
[2025-05-22T19:20:51.184+0000] {logging_mixin.py:190} INFO - 19:20:51
[2025-05-22T19:20:51.186+0000] {logging_mixin.py:190} INFO - 19:20:51  Updates available for packages: ['dbt-labs/dbt_utils']                 
Update your versions in packages.yml, then run dbt deps
[2025-05-22T19:20:52.431+0000] {logging_mixin.py:190} INFO - Dependencies sucessfully installed.
[2025-05-22T19:20:52.432+0000] {python.py:240} INFO - Done. Returned value was: None
[2025-05-22T19:20:52.443+0000] {taskinstance.py:340} INFO - ::group::Post task execution logs
[2025-05-22T19:20:52.444+0000] {taskinstance.py:352} INFO - Marking task as SUCCESS. dag_id=04_transform_data, task_id=install_dbt_deps, run_id=manual__2025-05-22T19:20:44.447246+00:00, execution_date=20250522T192044, start_date=20250522T192046, end_date=20250522T192052
[2025-05-22T19:20:52.476+0000] {local_task_job_runner.py:266} INFO - Task exited with return code 0
[2025-05-22T19:20:52.497+0000] {taskinstance.py:3895} INFO - 1 downstream tasks scheduled from follow-on schedule check
[2025-05-22T19:20:52.500+0000] {local_task_job_runner.py:245} INFO - ::endgroup::
