[2025-05-29T14:22:51.735+0000] {local_task_job_runner.py:123} INFO - ::group::Pre task execution logs
[2025-05-29T14:22:51.757+0000] {taskinstance.py:2613} INFO - Dependencies all met for dep_context=non-requeueable deps ti=<TaskInstance: 03_load_data.load_shopee manual__2025-05-29T14:22:49.782744+00:00 [queued]>
[2025-05-29T14:22:51.767+0000] {taskinstance.py:2613} INFO - Dependencies all met for dep_context=requeueable deps ti=<TaskInstance: 03_load_data.load_shopee manual__2025-05-29T14:22:49.782744+00:00 [queued]>
[2025-05-29T14:22:51.768+0000] {taskinstance.py:2866} INFO - Starting attempt 1 of 1
[2025-05-29T14:22:51.782+0000] {taskinstance.py:2889} INFO - Executing <Task(PythonOperator): load_shopee> on 2025-05-29 14:22:49.782744+00:00
[2025-05-29T14:22:51.787+0000] {standard_task_runner.py:72} INFO - Started process 156 to run task
[2025-05-29T14:22:51.792+0000] {standard_task_runner.py:104} INFO - Running: ['***', 'tasks', 'run', '03_load_data', 'load_shopee', 'manual__2025-05-29T14:22:49.782744+00:00', '--job-id', '302', '--raw', '--subdir', 'DAGS_FOLDER/03_load_data.py', '--cfg-path', '/tmp/tmpta4fapov']
[2025-05-29T14:22:51.794+0000] {standard_task_runner.py:105} INFO - Job 302: Subtask load_shopee
[2025-05-29T14:22:51.858+0000] {task_command.py:467} INFO - Running <TaskInstance: 03_load_data.load_shopee manual__2025-05-29T14:22:49.782744+00:00 [running]> on host 28e6a58e4107
[2025-05-29T14:22:51.949+0000] {taskinstance.py:3132} INFO - Exporting env vars: AIRFLOW_CTX_DAG_OWNER='***' AIRFLOW_CTX_DAG_ID='03_load_data' AIRFLOW_CTX_TASK_ID='load_shopee' AIRFLOW_CTX_EXECUTION_DATE='2025-05-29T14:22:49.782744+00:00' AIRFLOW_CTX_TRY_NUMBER='1' AIRFLOW_CTX_DAG_RUN_ID='manual__2025-05-29T14:22:49.782744+00:00'
[2025-05-29T14:22:51.950+0000] {taskinstance.py:731} INFO - ::endgroup::
[2025-05-29T14:22:52.673+0000] {logging_mixin.py:190} INFO - Loading file ./extraction/shopee/data/raw/Order.completed.20240701_20240731.xlsx to sales_db
[2025-05-29T14:22:52.709+0000] {logging_mixin.py:190} INFO - Data in ./extraction/shopee/data/raw/Order.completed.20240701_20240731.xlsx successfully loaded.
[2025-05-29T14:22:52.837+0000] {logging_mixin.py:190} INFO - Loading file ./extraction/shopee/data/raw/Order.completed.20240801_20240831.xlsx to sales_db
[2025-05-29T14:22:52.887+0000] {logging_mixin.py:190} INFO - Data in ./extraction/shopee/data/raw/Order.completed.20240801_20240831.xlsx successfully loaded.
[2025-05-29T14:22:53.005+0000] {logging_mixin.py:190} INFO - Loading file ./extraction/shopee/data/raw/Order.completed.20240901_20240930.xlsx to sales_db
[2025-05-29T14:22:53.055+0000] {logging_mixin.py:190} INFO - Data in ./extraction/shopee/data/raw/Order.completed.20240901_20240930.xlsx successfully loaded.
[2025-05-29T14:22:53.269+0000] {logging_mixin.py:190} INFO - Loading file ./extraction/shopee/data/raw/Order.completed.20241001_20241031.xlsx to sales_db
[2025-05-29T14:22:53.368+0000] {logging_mixin.py:190} INFO - Data in ./extraction/shopee/data/raw/Order.completed.20241001_20241031.xlsx successfully loaded.
[2025-05-29T14:22:53.694+0000] {logging_mixin.py:190} INFO - Loading file ./extraction/shopee/data/raw/Order.completed.20241101_20241130.xlsx to sales_db
[2025-05-29T14:22:53.795+0000] {logging_mixin.py:190} INFO - Data in ./extraction/shopee/data/raw/Order.completed.20241101_20241130.xlsx successfully loaded.
[2025-05-29T14:22:54.231+0000] {logging_mixin.py:190} INFO - Loading file ./extraction/shopee/data/raw/Order.completed.20241201_20241231.xlsx to sales_db
[2025-05-29T14:22:54.335+0000] {logging_mixin.py:190} INFO - Data in ./extraction/shopee/data/raw/Order.completed.20241201_20241231.xlsx successfully loaded.
[2025-05-29T14:22:54.533+0000] {logging_mixin.py:190} INFO - Loading file ./extraction/shopee/data/raw/Order.completed.20250101_20250131.xlsx to sales_db
[2025-05-29T14:22:54.614+0000] {logging_mixin.py:190} INFO - Data in ./extraction/shopee/data/raw/Order.completed.20250101_20250131.xlsx successfully loaded.
[2025-05-29T14:22:54.887+0000] {logging_mixin.py:190} INFO - Loading file ./extraction/shopee/data/raw/Order.completed.20250201_20250228.xlsx to sales_db
[2025-05-29T14:22:54.985+0000] {logging_mixin.py:190} INFO - Data in ./extraction/shopee/data/raw/Order.completed.20250201_20250228.xlsx successfully loaded.
[2025-05-29T14:22:55.338+0000] {logging_mixin.py:190} INFO - Loading file ./extraction/shopee/data/raw/Order.completed.20250301_20250331.xlsx to sales_db
[2025-05-29T14:22:55.462+0000] {logging_mixin.py:190} INFO - Data in ./extraction/shopee/data/raw/Order.completed.20250301_20250331.xlsx successfully loaded.
[2025-05-29T14:22:55.657+0000] {logging_mixin.py:190} INFO - Loading file ./extraction/shopee/data/raw/Order.completed.20250401_20250430.xlsx to sales_db
[2025-05-29T14:22:55.734+0000] {logging_mixin.py:190} INFO - Data in ./extraction/shopee/data/raw/Order.completed.20250401_20250430.xlsx successfully loaded.
[2025-05-29T14:22:55.735+0000] {logging_mixin.py:190} INFO - [WARNING] - file ./extraction/shopee/data/raw/tests.txt does not have .xlsx extension and could not be loaded.
[2025-05-29T14:22:55.736+0000] {logging_mixin.py:190} INFO - All data successfully loaded!
[2025-05-29T14:22:55.737+0000] {python.py:240} INFO - Done. Returned value was: 1
[2025-05-29T14:22:55.764+0000] {taskinstance.py:340} INFO - ::group::Post task execution logs
[2025-05-29T14:22:55.765+0000] {taskinstance.py:352} INFO - Marking task as SUCCESS. dag_id=03_load_data, task_id=load_shopee, run_id=manual__2025-05-29T14:22:49.782744+00:00, execution_date=20250529T142249, start_date=20250529T142251, end_date=20250529T142255
[2025-05-29T14:22:55.821+0000] {local_task_job_runner.py:266} INFO - Task exited with return code 0
[2025-05-29T14:22:55.839+0000] {taskinstance.py:3895} INFO - 0 downstream tasks scheduled from follow-on schedule check
[2025-05-29T14:22:55.842+0000] {local_task_job_runner.py:245} INFO - ::endgroup::
