[2025-05-29T14:30:23.479+0000] {local_task_job_runner.py:123} INFO - ::group::Pre task execution logs
[2025-05-29T14:30:23.496+0000] {taskinstance.py:2613} INFO - Dependencies all met for dep_context=non-requeueable deps ti=<TaskInstance: 04_transform_data.install_dbt_deps manual__2025-05-29T14:30:21.390596+00:00 [queued]>
[2025-05-29T14:30:23.504+0000] {taskinstance.py:2613} INFO - Dependencies all met for dep_context=requeueable deps ti=<TaskInstance: 04_transform_data.install_dbt_deps manual__2025-05-29T14:30:21.390596+00:00 [queued]>
[2025-05-29T14:30:23.507+0000] {taskinstance.py:2866} INFO - Starting attempt 1 of 1
[2025-05-29T14:30:23.519+0000] {taskinstance.py:2889} INFO - Executing <Task(PythonOperator): install_dbt_deps> on 2025-05-29 14:30:21.390596+00:00
[2025-05-29T14:30:23.524+0000] {standard_task_runner.py:72} INFO - Started process 2742 to run task
[2025-05-29T14:30:23.528+0000] {standard_task_runner.py:104} INFO - Running: ['***', 'tasks', 'run', '04_transform_data', 'install_dbt_deps', 'manual__2025-05-29T14:30:21.390596+00:00', '--job-id', '308', '--raw', '--subdir', 'DAGS_FOLDER/04_transform_data.py', '--cfg-path', '/tmp/tmpzi_mttm6']
[2025-05-29T14:30:23.530+0000] {standard_task_runner.py:105} INFO - Job 308: Subtask install_dbt_deps
[2025-05-29T14:30:23.580+0000] {task_command.py:467} INFO - Running <TaskInstance: 04_transform_data.install_dbt_deps manual__2025-05-29T14:30:21.390596+00:00 [running]> on host 28e6a58e4107
[2025-05-29T14:30:23.662+0000] {taskinstance.py:3132} INFO - Exporting env vars: AIRFLOW_CTX_DAG_OWNER='***' AIRFLOW_CTX_DAG_ID='04_transform_data' AIRFLOW_CTX_TASK_ID='install_dbt_deps' AIRFLOW_CTX_EXECUTION_DATE='2025-05-29T14:30:21.390596+00:00' AIRFLOW_CTX_TRY_NUMBER='1' AIRFLOW_CTX_DAG_RUN_ID='manual__2025-05-29T14:30:21.390596+00:00'
[2025-05-29T14:30:23.664+0000] {taskinstance.py:731} INFO - ::endgroup::
[2025-05-29T14:30:25.394+0000] {logging_mixin.py:190} INFO - 14:30:25  Running with dbt=1.9.5
[2025-05-29T14:30:26.191+0000] {logging_mixin.py:190} INFO - 14:30:26  Installing dbt-labs/dbt_utils
[2025-05-29T14:30:29.383+0000] {logging_mixin.py:190} INFO - 14:30:29  Installed from version 1.2.0
[2025-05-29T14:30:29.385+0000] {logging_mixin.py:190} INFO - 14:30:29  Updated version available: 1.3.0
[2025-05-29T14:30:29.387+0000] {logging_mixin.py:190} INFO - 14:30:29
[2025-05-29T14:30:29.389+0000] {logging_mixin.py:190} INFO - 14:30:29  Updates available for packages: ['dbt-labs/dbt_utils']                 
Update your versions in packages.yml, then run dbt deps
[2025-05-29T14:30:30.144+0000] {logging_mixin.py:190} INFO - Dependencies sucessfully installed.
[2025-05-29T14:30:30.147+0000] {python.py:240} INFO - Done. Returned value was: None
[2025-05-29T14:30:30.160+0000] {taskinstance.py:340} INFO - ::group::Post task execution logs
[2025-05-29T14:30:30.161+0000] {taskinstance.py:352} INFO - Marking task as SUCCESS. dag_id=04_transform_data, task_id=install_dbt_deps, run_id=manual__2025-05-29T14:30:21.390596+00:00, execution_date=20250529T143021, start_date=20250529T143023, end_date=20250529T143030
[2025-05-29T14:30:30.209+0000] {local_task_job_runner.py:266} INFO - Task exited with return code 0
[2025-05-29T14:30:30.260+0000] {taskinstance.py:3895} INFO - 1 downstream tasks scheduled from follow-on schedule check
[2025-05-29T14:30:30.264+0000] {local_task_job_runner.py:245} INFO - ::endgroup::
