[2025-06-10T19:13:14.807+0000] {local_task_job_runner.py:123} INFO - ::group::Pre task execution logs
[2025-06-10T19:13:14.829+0000] {taskinstance.py:2613} INFO - Dependencies all met for dep_context=non-requeueable deps ti=<TaskInstance: 03_load_data.load_shopee manual__2025-06-10T19:13:12.594481+00:00 [queued]>
[2025-06-10T19:13:14.840+0000] {taskinstance.py:2613} INFO - Dependencies all met for dep_context=requeueable deps ti=<TaskInstance: 03_load_data.load_shopee manual__2025-06-10T19:13:12.594481+00:00 [queued]>
[2025-06-10T19:13:14.841+0000] {taskinstance.py:2866} INFO - Starting attempt 1 of 1
[2025-06-10T19:13:14.853+0000] {taskinstance.py:2889} INFO - Executing <Task(PythonOperator): load_shopee> on 2025-06-10 19:13:12.594481+00:00
[2025-06-10T19:13:14.857+0000] {standard_task_runner.py:72} INFO - Started process 393 to run task
[2025-06-10T19:13:14.861+0000] {standard_task_runner.py:104} INFO - Running: ['***', 'tasks', 'run', '03_load_data', 'load_shopee', 'manual__2025-06-10T19:13:12.594481+00:00', '--job-id', '692', '--raw', '--subdir', 'DAGS_FOLDER/03_load_data.py', '--cfg-path', '/tmp/tmpeap_u3wu']
[2025-06-10T19:13:14.863+0000] {standard_task_runner.py:105} INFO - Job 692: Subtask load_shopee
[2025-06-10T19:13:14.927+0000] {task_command.py:467} INFO - Running <TaskInstance: 03_load_data.load_shopee manual__2025-06-10T19:13:12.594481+00:00 [running]> on host 28e6a58e4107
[2025-06-10T19:13:15.015+0000] {taskinstance.py:3132} INFO - Exporting env vars: AIRFLOW_CTX_DAG_OWNER='***' AIRFLOW_CTX_DAG_ID='03_load_data' AIRFLOW_CTX_TASK_ID='load_shopee' AIRFLOW_CTX_EXECUTION_DATE='2025-06-10T19:13:12.594481+00:00' AIRFLOW_CTX_TRY_NUMBER='1' AIRFLOW_CTX_DAG_RUN_ID='manual__2025-06-10T19:13:12.594481+00:00'
[2025-06-10T19:13:15.017+0000] {taskinstance.py:731} INFO - ::endgroup::
[2025-06-10T19:13:15.690+0000] {logging_mixin.py:190} INFO - Loading file ./extraction/shopee/data/raw/Order.completed.20240701_20240731.xlsx to sales_db
[2025-06-10T19:13:15.730+0000] {logging_mixin.py:190} INFO - Data in ./extraction/shopee/data/raw/Order.completed.20240701_20240731.xlsx successfully loaded.
[2025-06-10T19:13:15.846+0000] {logging_mixin.py:190} INFO - Loading file ./extraction/shopee/data/raw/Order.completed.20240801_20240831.xlsx to sales_db
[2025-06-10T19:13:15.893+0000] {logging_mixin.py:190} INFO - Data in ./extraction/shopee/data/raw/Order.completed.20240801_20240831.xlsx successfully loaded.
[2025-06-10T19:13:16.009+0000] {logging_mixin.py:190} INFO - Loading file ./extraction/shopee/data/raw/Order.completed.20240901_20240930.xlsx to sales_db
[2025-06-10T19:13:16.054+0000] {logging_mixin.py:190} INFO - Data in ./extraction/shopee/data/raw/Order.completed.20240901_20240930.xlsx successfully loaded.
[2025-06-10T19:13:16.259+0000] {logging_mixin.py:190} INFO - Loading file ./extraction/shopee/data/raw/Order.completed.20241001_20241031.xlsx to sales_db
[2025-06-10T19:13:16.347+0000] {logging_mixin.py:190} INFO - Data in ./extraction/shopee/data/raw/Order.completed.20241001_20241031.xlsx successfully loaded.
[2025-06-10T19:13:16.656+0000] {logging_mixin.py:190} INFO - Loading file ./extraction/shopee/data/raw/Order.completed.20241101_20241130.xlsx to sales_db
[2025-06-10T19:13:16.753+0000] {logging_mixin.py:190} INFO - Data in ./extraction/shopee/data/raw/Order.completed.20241101_20241130.xlsx successfully loaded.
[2025-06-10T19:13:17.083+0000] {logging_mixin.py:190} INFO - Loading file ./extraction/shopee/data/raw/Order.completed.20241201_20241231.xlsx to sales_db
[2025-06-10T19:13:17.181+0000] {logging_mixin.py:190} INFO - Data in ./extraction/shopee/data/raw/Order.completed.20241201_20241231.xlsx successfully loaded.
[2025-06-10T19:13:17.382+0000] {logging_mixin.py:190} INFO - Loading file ./extraction/shopee/data/raw/Order.completed.20250101_20250131.xlsx to sales_db
[2025-06-10T19:13:17.459+0000] {logging_mixin.py:190} INFO - Data in ./extraction/shopee/data/raw/Order.completed.20250101_20250131.xlsx successfully loaded.
[2025-06-10T19:13:17.712+0000] {logging_mixin.py:190} INFO - Loading file ./extraction/shopee/data/raw/Order.completed.20250201_20250228.xlsx to sales_db
[2025-06-10T19:13:17.805+0000] {logging_mixin.py:190} INFO - Data in ./extraction/shopee/data/raw/Order.completed.20250201_20250228.xlsx successfully loaded.
[2025-06-10T19:13:18.161+0000] {logging_mixin.py:190} INFO - Loading file ./extraction/shopee/data/raw/Order.completed.20250301_20250331.xlsx to sales_db
[2025-06-10T19:13:18.299+0000] {logging_mixin.py:190} INFO - Data in ./extraction/shopee/data/raw/Order.completed.20250301_20250331.xlsx successfully loaded.
[2025-06-10T19:13:18.479+0000] {logging_mixin.py:190} INFO - Loading file ./extraction/shopee/data/raw/Order.completed.20250401_20250430.xlsx to sales_db
[2025-06-10T19:13:18.552+0000] {logging_mixin.py:190} INFO - Data in ./extraction/shopee/data/raw/Order.completed.20250401_20250430.xlsx successfully loaded.
[2025-06-10T19:13:18.553+0000] {logging_mixin.py:190} INFO - [WARNING] - file ./extraction/shopee/data/raw/tests.txt does not have .xlsx extension and could not be loaded.
[2025-06-10T19:13:18.554+0000] {logging_mixin.py:190} INFO - All data successfully loaded!
[2025-06-10T19:13:18.555+0000] {python.py:240} INFO - Done. Returned value was: 1
[2025-06-10T19:13:18.579+0000] {taskinstance.py:340} INFO - ::group::Post task execution logs
[2025-06-10T19:13:18.580+0000] {taskinstance.py:352} INFO - Marking task as SUCCESS. dag_id=03_load_data, task_id=load_shopee, run_id=manual__2025-06-10T19:13:12.594481+00:00, execution_date=20250610T191312, start_date=20250610T191314, end_date=20250610T191318
[2025-06-10T19:13:18.606+0000] {local_task_job_runner.py:266} INFO - Task exited with return code 0
[2025-06-10T19:13:18.624+0000] {taskinstance.py:3895} INFO - 0 downstream tasks scheduled from follow-on schedule check
[2025-06-10T19:13:18.628+0000] {local_task_job_runner.py:245} INFO - ::endgroup::
