[2025-06-06T17:35:33.806+0000] {local_task_job_runner.py:123} INFO - ::group::Pre task execution logs
[2025-06-06T17:35:33.823+0000] {taskinstance.py:2613} INFO - Dependencies all met for dep_context=non-requeueable deps ti=<TaskInstance: 04_transform_data.run_dbt manual__2025-06-06T17:35:24.110579+00:00 [queued]>
[2025-06-06T17:35:33.830+0000] {taskinstance.py:2613} INFO - Dependencies all met for dep_context=requeueable deps ti=<TaskInstance: 04_transform_data.run_dbt manual__2025-06-06T17:35:24.110579+00:00 [queued]>
[2025-06-06T17:35:33.832+0000] {taskinstance.py:2866} INFO - Starting attempt 1 of 1
[2025-06-06T17:35:33.847+0000] {taskinstance.py:2889} INFO - Executing <Task(PythonOperator): run_dbt> on 2025-06-06 17:35:24.110579+00:00
[2025-06-06T17:35:33.852+0000] {standard_task_runner.py:72} INFO - Started process 556 to run task
[2025-06-06T17:35:33.855+0000] {standard_task_runner.py:104} INFO - Running: ['***', 'tasks', 'run', '04_transform_data', 'run_dbt', 'manual__2025-06-06T17:35:24.110579+00:00', '--job-id', '374', '--raw', '--subdir', 'DAGS_FOLDER/04_transform_data.py', '--cfg-path', '/tmp/tmp08jvh5vs']
[2025-06-06T17:35:33.857+0000] {standard_task_runner.py:105} INFO - Job 374: Subtask run_dbt
[2025-06-06T17:35:33.911+0000] {task_command.py:467} INFO - Running <TaskInstance: 04_transform_data.run_dbt manual__2025-06-06T17:35:24.110579+00:00 [running]> on host 28e6a58e4107
[2025-06-06T17:35:33.998+0000] {taskinstance.py:3132} INFO - Exporting env vars: AIRFLOW_CTX_DAG_OWNER='***' AIRFLOW_CTX_DAG_ID='04_transform_data' AIRFLOW_CTX_TASK_ID='run_dbt' AIRFLOW_CTX_EXECUTION_DATE='2025-06-06T17:35:24.110579+00:00' AIRFLOW_CTX_TRY_NUMBER='1' AIRFLOW_CTX_DAG_RUN_ID='manual__2025-06-06T17:35:24.110579+00:00'
[2025-06-06T17:35:34.000+0000] {taskinstance.py:731} INFO - ::endgroup::
[2025-06-06T17:35:35.527+0000] {logging_mixin.py:190} INFO - 17:35:35  Running with dbt=1.9.5
[2025-06-06T17:35:35.924+0000] {logging_mixin.py:190} INFO - 17:35:35  Registered adapter: postgres=1.9.0
[2025-06-06T17:35:37.912+0000] {logging_mixin.py:190} INFO - 17:35:37  [WARNING]: Configuration paths exist in your dbt_project.yml file which do not apply to any resources.
There are 1 unused configuration paths:
- models.e_commerce_sales.example
[2025-06-06T17:35:38.154+0000] {logging_mixin.py:190} INFO - 17:35:38  Found 13 models, 12 sources, 549 macros, 1 unit test
[2025-06-06T17:35:38.160+0000] {logging_mixin.py:190} INFO - 17:35:38
[2025-06-06T17:35:38.162+0000] {logging_mixin.py:190} INFO - 17:35:38  Concurrency: 4 threads (target='dev')
[2025-06-06T17:35:38.164+0000] {logging_mixin.py:190} INFO - 17:35:38
[2025-06-06T17:35:38.333+0000] {logging_mixin.py:190} INFO - 17:35:38  1 of 13 START sql incremental model sales.mercadolivre_orders_results .......... [RUN]
[2025-06-06T17:35:38.335+0000] {logging_mixin.py:190} INFO - 17:35:38  2 of 13 START sql incremental model sales.stg_shopee ........................... [RUN]
[2025-06-06T17:35:38.750+0000] {logging_mixin.py:190} INFO - 17:35:38  2 of 13 OK created sql incremental model sales.stg_shopee ...................... [MERGE 0 in 0.41s]
[2025-06-06T17:35:38.752+0000] {logging_mixin.py:190} INFO - 17:35:38  1 of 13 OK created sql incremental model sales.mercadolivre_orders_results ..... [MERGE 190 in 0.41s]
[2025-06-06T17:35:38.758+0000] {logging_mixin.py:190} INFO - 17:35:38  3 of 13 START sql incremental model sales.shopee_new_id ........................ [RUN]
[2025-06-06T17:35:38.763+0000] {logging_mixin.py:190} INFO - 17:35:38  4 of 13 START sql incremental model sales.dim_mercadolivre_buyer ............... [RUN]
[2025-06-06T17:35:38.764+0000] {logging_mixin.py:190} INFO - 17:35:38  5 of 13 START sql incremental model sales.dim_mercadolivre_date ................ [RUN]
[2025-06-06T17:35:38.766+0000] {logging_mixin.py:190} INFO - 17:35:38  6 of 13 START sql incremental model sales.dim_mercadolivre_orders_status ....... [RUN]
[2025-06-06T17:35:38.994+0000] {logging_mixin.py:190} INFO - 17:35:38  3 of 13 OK created sql incremental model sales.shopee_new_id ................... [MERGE 0 in 0.23s]
[2025-06-06T17:35:39.011+0000] {logging_mixin.py:190} INFO - 17:35:39  7 of 13 START sql incremental model sales.dim_mercadolivre_product ............. [RUN]
[2025-06-06T17:35:39.055+0000] {logging_mixin.py:190} INFO - 17:35:39  6 of 13 OK created sql incremental model sales.dim_mercadolivre_orders_status .. [MERGE 190 in 0.28s]
[2025-06-06T17:35:39.071+0000] {logging_mixin.py:190} INFO - 17:35:39  4 of 13 OK created sql incremental model sales.dim_mercadolivre_buyer .......... [MERGE 188 in 0.29s]
[2025-06-06T17:35:39.075+0000] {logging_mixin.py:190} INFO - 17:35:39  8 of 13 START sql incremental model sales.shopee_orders_results ................ [RUN]
[2025-06-06T17:35:39.111+0000] {logging_mixin.py:190} INFO - 17:35:39  5 of 13 OK created sql incremental model sales.dim_mercadolivre_date ........... [MERGE 190 in 0.34s]
[2025-06-06T17:35:39.229+0000] {logging_mixin.py:190} INFO - 17:35:39  8 of 13 OK created sql incremental model sales.shopee_orders_results ........... [MERGE 0 in 0.15s]
[2025-06-06T17:35:39.238+0000] {logging_mixin.py:190} INFO - 17:35:39  9 of 13 START sql incremental model sales.dim_shopee_buyer ..................... [RUN]
[2025-06-06T17:35:39.240+0000] {logging_mixin.py:190} INFO - 17:35:39  10 of 13 START sql incremental model sales.dim_shopee_date ..................... [RUN]
[2025-06-06T17:35:39.242+0000] {logging_mixin.py:190} INFO - 17:35:39  11 of 13 START sql incremental model sales.dim_shopee_orders_status ............ [RUN]
[2025-06-06T17:35:39.276+0000] {logging_mixin.py:190} INFO - 17:35:39  7 of 13 OK created sql incremental model sales.dim_mercadolivre_product ........ [MERGE 65 in 0.24s]
[2025-06-06T17:35:39.282+0000] {logging_mixin.py:190} INFO - 17:35:39  12 of 13 START sql incremental model sales.dim_shopee_product .................. [RUN]
[2025-06-06T17:35:39.513+0000] {logging_mixin.py:190} INFO - 17:35:39  10 of 13 OK created sql incremental model sales.dim_shopee_date ................ [MERGE 0 in 0.26s]
[2025-06-06T17:35:39.516+0000] {logging_mixin.py:190} INFO - 17:35:39  11 of 13 OK created sql incremental model sales.dim_shopee_orders_status ....... [MERGE 0 in 0.26s]
[2025-06-06T17:35:39.520+0000] {logging_mixin.py:190} INFO - 17:35:39  9 of 13 OK created sql incremental model sales.dim_shopee_buyer ................ [MERGE 0 in 0.27s]
[2025-06-06T17:35:39.532+0000] {logging_mixin.py:190} INFO - 17:35:39  12 of 13 OK created sql incremental model sales.dim_shopee_product ............. [MERGE 0 in 0.22s]
[2025-06-06T17:35:39.537+0000] {logging_mixin.py:190} INFO - 17:35:39  13 of 13 START sql view model sales.sum_shopee_products_sold ................... [RUN]
[2025-06-06T17:35:39.644+0000] {logging_mixin.py:190} INFO - 17:35:39  13 of 13 OK created sql view model sales.sum_shopee_products_sold .............. [CREATE VIEW in 0.10s]
[2025-06-06T17:35:39.672+0000] {logging_mixin.py:190} INFO - 17:35:39
[2025-06-06T17:35:39.673+0000] {logging_mixin.py:190} INFO - 17:35:39  Finished running 12 incremental models, 1 view model in 0 hours 0 minutes and 1.51 seconds (1.51s).
[2025-06-06T17:35:39.748+0000] {logging_mixin.py:190} INFO - 17:35:39
[2025-06-06T17:35:39.750+0000] {logging_mixin.py:190} INFO - 17:35:39  Completed successfully
[2025-06-06T17:35:39.751+0000] {logging_mixin.py:190} INFO - 17:35:39
[2025-06-06T17:35:39.752+0000] {logging_mixin.py:190} INFO - 17:35:39  Done. PASS=13 WARN=0 ERROR=0 SKIP=0 TOTAL=13
[2025-06-06T17:35:40.621+0000] {logging_mixin.py:190} INFO - Transformation sucessfully done.
[2025-06-06T17:35:40.623+0000] {python.py:240} INFO - Done. Returned value was: None
[2025-06-06T17:35:40.642+0000] {taskinstance.py:340} INFO - ::group::Post task execution logs
[2025-06-06T17:35:40.643+0000] {taskinstance.py:352} INFO - Marking task as SUCCESS. dag_id=04_transform_data, task_id=run_dbt, run_id=manual__2025-06-06T17:35:24.110579+00:00, execution_date=20250606T173524, start_date=20250606T173533, end_date=20250606T173540
[2025-06-06T17:35:40.696+0000] {local_task_job_runner.py:266} INFO - Task exited with return code 0
[2025-06-06T17:35:40.716+0000] {taskinstance.py:3895} INFO - 0 downstream tasks scheduled from follow-on schedule check
[2025-06-06T17:35:40.719+0000] {local_task_job_runner.py:245} INFO - ::endgroup::
