[2025-06-10T21:12:30.297+0000] {local_task_job_runner.py:123} INFO - ::group::Pre task execution logs
[2025-06-10T21:12:30.314+0000] {taskinstance.py:2613} INFO - Dependencies all met for dep_context=non-requeueable deps ti=<TaskInstance: 05_transform_data.run_dbt manual__2025-06-10T21:12:21.917826+00:00 [queued]>
[2025-06-10T21:12:30.321+0000] {taskinstance.py:2613} INFO - Dependencies all met for dep_context=requeueable deps ti=<TaskInstance: 05_transform_data.run_dbt manual__2025-06-10T21:12:21.917826+00:00 [queued]>
[2025-06-10T21:12:30.323+0000] {taskinstance.py:2866} INFO - Starting attempt 1 of 1
[2025-06-10T21:12:30.334+0000] {taskinstance.py:2889} INFO - Executing <Task(PythonOperator): run_dbt> on 2025-06-10 21:12:21.917826+00:00
[2025-06-10T21:12:30.338+0000] {standard_task_runner.py:72} INFO - Started process 5067 to run task
[2025-06-10T21:12:30.341+0000] {standard_task_runner.py:104} INFO - Running: ['***', 'tasks', 'run', '05_transform_data', 'run_dbt', 'manual__2025-06-10T21:12:21.917826+00:00', '--job-id', '735', '--raw', '--subdir', 'DAGS_FOLDER/05_transform_data.py', '--cfg-path', '/tmp/tmpao7r0nhm']
[2025-06-10T21:12:30.343+0000] {standard_task_runner.py:105} INFO - Job 735: Subtask run_dbt
[2025-06-10T21:12:30.391+0000] {task_command.py:467} INFO - Running <TaskInstance: 05_transform_data.run_dbt manual__2025-06-10T21:12:21.917826+00:00 [running]> on host 28e6a58e4107
[2025-06-10T21:12:30.466+0000] {taskinstance.py:3132} INFO - Exporting env vars: AIRFLOW_CTX_DAG_OWNER='***' AIRFLOW_CTX_DAG_ID='05_transform_data' AIRFLOW_CTX_TASK_ID='run_dbt' AIRFLOW_CTX_EXECUTION_DATE='2025-06-10T21:12:21.917826+00:00' AIRFLOW_CTX_TRY_NUMBER='1' AIRFLOW_CTX_DAG_RUN_ID='manual__2025-06-10T21:12:21.917826+00:00'
[2025-06-10T21:12:30.467+0000] {taskinstance.py:731} INFO - ::endgroup::
[2025-06-10T21:12:31.908+0000] {logging_mixin.py:190} INFO - 21:12:31  Running with dbt=1.9.5
[2025-06-10T21:12:32.275+0000] {logging_mixin.py:190} INFO - 21:12:32  Registered adapter: postgres=1.9.0
[2025-06-10T21:12:33.546+0000] {logging_mixin.py:190} INFO - 21:12:33  [WARNING]: Configuration paths exist in your dbt_project.yml file which do not apply to any resources.
There are 1 unused configuration paths:
- models.e_commerce_sales.example
[2025-06-10T21:12:33.904+0000] {logging_mixin.py:190} INFO - 21:12:33  Found 21 models, 12 sources, 549 macros, 1 unit test
[2025-06-10T21:12:33.908+0000] {logging_mixin.py:190} INFO - 21:12:33
[2025-06-10T21:12:33.910+0000] {logging_mixin.py:190} INFO - 21:12:33  Concurrency: 4 threads (target='dev')
[2025-06-10T21:12:33.911+0000] {logging_mixin.py:190} INFO - 21:12:33
[2025-06-10T21:12:34.109+0000] {logging_mixin.py:190} INFO - 21:12:34  1 of 21 START sql incremental model sales_stg.stg_mercadolivre ................. [RUN]
[2025-06-10T21:12:34.112+0000] {logging_mixin.py:190} INFO - 21:12:34  2 of 21 START sql incremental model sales_stg.stg_mercadolivre__order_items .... [RUN]
[2025-06-10T21:12:34.115+0000] {logging_mixin.py:190} INFO - 21:12:34  3 of 21 START sql incremental model sales_stg.stg_mercadolivre__payments ....... [RUN]
[2025-06-10T21:12:34.118+0000] {logging_mixin.py:190} INFO - 21:12:34  4 of 21 START sql incremental model sales_stg.stg_mercadolivre_sh .............. [RUN]
[2025-06-10T21:12:34.692+0000] {logging_mixin.py:190} INFO - 21:12:34  1 of 21 OK created sql incremental model sales_stg.stg_mercadolivre ............ [MERGE 285 in 0.56s]
[2025-06-10T21:12:34.695+0000] {logging_mixin.py:190} INFO - 21:12:34  2 of 21 OK created sql incremental model sales_stg.stg_mercadolivre__order_items  [MERGE 285 in 0.57s]
[2025-06-10T21:12:34.697+0000] {logging_mixin.py:190} INFO - 21:12:34  3 of 21 OK created sql incremental model sales_stg.stg_mercadolivre__payments .. [MERGE 301 in 0.57s]
[2025-06-10T21:12:34.700+0000] {logging_mixin.py:190} INFO - 21:12:34  4 of 21 OK created sql incremental model sales_stg.stg_mercadolivre_sh ......... [MERGE 263 in 0.57s]
[2025-06-10T21:12:34.707+0000] {logging_mixin.py:190} INFO - 21:12:34  5 of 21 START sql incremental model sales_stg.stg_shopee ....................... [RUN]
[2025-06-10T21:12:34.711+0000] {logging_mixin.py:190} INFO - 21:12:34  6 of 21 START sql incremental model sales.mercadolivre_orders_results .......... [RUN]
[2025-06-10T21:12:34.887+0000] {logging_mixin.py:190} INFO - 21:12:34  5 of 21 OK created sql incremental model sales_stg.stg_shopee .................. [MERGE 0 in 0.17s]
[2025-06-10T21:12:34.893+0000] {logging_mixin.py:190} INFO - 21:12:34  7 of 21 START sql incremental model sales.shopee_orders_results ................ [RUN]
[2025-06-10T21:12:34.920+0000] {logging_mixin.py:190} INFO - 21:12:34  6 of 21 OK created sql incremental model sales.mercadolivre_orders_results ..... [MERGE 190 in 0.20s]
[2025-06-10T21:12:34.927+0000] {logging_mixin.py:190} INFO - 21:12:34  8 of 21 START sql incremental model sales.dim_mercadolivre_buyer ............... [RUN]
[2025-06-10T21:12:34.929+0000] {logging_mixin.py:190} INFO - 21:12:34  9 of 21 START sql incremental model sales.dim_mercadolivre_date ................ [RUN]
[2025-06-10T21:12:34.939+0000] {logging_mixin.py:190} INFO - 21:12:34  10 of 21 START sql incremental model sales.dim_mercadolivre_orders_status ...... [RUN]
[2025-06-10T21:12:35.185+0000] {logging_mixin.py:190} INFO - 21:12:35  7 of 21 OK created sql incremental model sales.shopee_orders_results ........... [MERGE 0 in 0.28s]
[2025-06-10T21:12:35.201+0000] {logging_mixin.py:190} INFO - 21:12:35  11 of 21 START sql incremental model sales.dim_mercadolivre_product ............ [RUN]
[2025-06-10T21:12:35.206+0000] {logging_mixin.py:190} INFO - 21:12:35  8 of 21 OK created sql incremental model sales.dim_mercadolivre_buyer .......... [MERGE 188 in 0.26s]
[2025-06-10T21:12:35.231+0000] {logging_mixin.py:190} INFO - 21:12:35  10 of 21 OK created sql incremental model sales.dim_mercadolivre_orders_status . [MERGE 190 in 0.27s]
[2025-06-10T21:12:35.233+0000] {logging_mixin.py:190} INFO - 21:12:35  9 of 21 OK created sql incremental model sales.dim_mercadolivre_date ........... [MERGE 190 in 0.27s]
[2025-06-10T21:12:35.234+0000] {logging_mixin.py:190} INFO - 21:12:35  12 of 21 START sql incremental model sales.dim_shopee_buyer .................... [RUN]
[2025-06-10T21:12:35.245+0000] {logging_mixin.py:190} INFO - 21:12:35  13 of 21 START sql incremental model sales.dim_shopee_date ..................... [RUN]
[2025-06-10T21:12:35.254+0000] {logging_mixin.py:190} INFO - 21:12:35  14 of 21 START sql incremental model sales.dim_shopee_orders_status ............ [RUN]
[2025-06-10T21:12:35.500+0000] {logging_mixin.py:190} INFO - 21:12:35  11 of 21 OK created sql incremental model sales.dim_mercadolivre_product ....... [MERGE 65 in 0.29s]
[2025-06-10T21:12:35.516+0000] {logging_mixin.py:190} INFO - 21:12:35  15 of 21 START sql incremental model sales.dim_shopee_product .................. [RUN]
[2025-06-10T21:12:35.529+0000] {logging_mixin.py:190} INFO - 21:12:35  12 of 21 OK created sql incremental model sales.dim_shopee_buyer ............... [MERGE 0 in 0.28s]
[2025-06-10T21:12:35.532+0000] {logging_mixin.py:190} INFO - 21:12:35  14 of 21 OK created sql incremental model sales.dim_shopee_orders_status ....... [MERGE 0 in 0.26s]
[2025-06-10T21:12:35.543+0000] {logging_mixin.py:190} INFO - 21:12:35  13 of 21 OK created sql incremental model sales.dim_shopee_date ................ [MERGE 0 in 0.27s]
[2025-06-10T21:12:35.550+0000] {logging_mixin.py:190} INFO - 21:12:35  16 of 21 START sql view model sales.sum_mercadolivre_monthly_profit ............ [RUN]
[2025-06-10T21:12:35.553+0000] {logging_mixin.py:190} INFO - 21:12:35  17 of 21 START sql view model sales.sum_mercadolivre_monthly_revenue ........... [RUN]
[2025-06-10T21:12:35.564+0000] {logging_mixin.py:190} INFO - 21:12:35  18 of 21 START sql view model sales.sum_mercadolivre_monthly_sold .............. [RUN]
[2025-06-10T21:12:35.812+0000] {logging_mixin.py:190} INFO - 21:12:35  15 of 21 OK created sql incremental model sales.dim_shopee_product ............. [MERGE 0 in 0.28s]
[2025-06-10T21:12:35.826+0000] {logging_mixin.py:190} INFO - 21:12:35  19 of 21 START sql view model sales.sum_shopee_monthly_profit .................. [RUN]
[2025-06-10T21:12:35.833+0000] {logging_mixin.py:190} INFO - 21:12:35  16 of 21 OK created sql view model sales.sum_mercadolivre_monthly_profit ....... [CREATE VIEW in 0.27s]
[2025-06-10T21:12:35.835+0000] {logging_mixin.py:190} INFO - 21:12:35  17 of 21 OK created sql view model sales.sum_mercadolivre_monthly_revenue ...... [CREATE VIEW in 0.26s]
[2025-06-10T21:12:35.837+0000] {logging_mixin.py:190} INFO - 21:12:35  18 of 21 OK created sql view model sales.sum_mercadolivre_monthly_sold ......... [CREATE VIEW in 0.26s]
[2025-06-10T21:12:35.853+0000] {logging_mixin.py:190} INFO - 21:12:35  20 of 21 START sql view model sales.sum_shopee_monthly_revenue ................. [RUN]
[2025-06-10T21:12:35.855+0000] {logging_mixin.py:190} INFO - 21:12:35  21 of 21 START sql view model sales.sum_shopee_products_sold ................... [RUN]
[2025-06-10T21:12:36.199+0000] {logging_mixin.py:190} INFO - 21:12:36  19 of 21 OK created sql view model sales.sum_shopee_monthly_profit ............. [CREATE VIEW in 0.36s]
[2025-06-10T21:12:36.216+0000] {logging_mixin.py:190} INFO - 21:12:36  20 of 21 OK created sql view model sales.sum_shopee_monthly_revenue ............ [CREATE VIEW in 0.36s]
[2025-06-10T21:12:36.218+0000] {logging_mixin.py:190} INFO - 21:12:36  21 of 21 OK created sql view model sales.sum_shopee_products_sold .............. [CREATE VIEW in 0.36s]
[2025-06-10T21:12:36.242+0000] {logging_mixin.py:190} INFO - 21:12:36
[2025-06-10T21:12:36.244+0000] {logging_mixin.py:190} INFO - 21:12:36  Finished running 15 incremental models, 6 view models in 0 hours 0 minutes and 2.33 seconds (2.33s).
[2025-06-10T21:12:36.322+0000] {logging_mixin.py:190} INFO - 21:12:36
[2025-06-10T21:12:36.323+0000] {logging_mixin.py:190} INFO - 21:12:36  Completed successfully
[2025-06-10T21:12:36.325+0000] {logging_mixin.py:190} INFO - 21:12:36
[2025-06-10T21:12:36.326+0000] {logging_mixin.py:190} INFO - 21:12:36  Done. PASS=21 WARN=0 ERROR=0 SKIP=0 TOTAL=21
[2025-06-10T21:12:37.185+0000] {logging_mixin.py:190} INFO - Transformation sucessfully done.
[2025-06-10T21:12:37.186+0000] {python.py:240} INFO - Done. Returned value was: None
[2025-06-10T21:12:37.198+0000] {taskinstance.py:340} INFO - ::group::Post task execution logs
[2025-06-10T21:12:37.199+0000] {taskinstance.py:352} INFO - Marking task as SUCCESS. dag_id=05_transform_data, task_id=run_dbt, run_id=manual__2025-06-10T21:12:21.917826+00:00, execution_date=20250610T211221, start_date=20250610T211230, end_date=20250610T211237
[2025-06-10T21:12:37.229+0000] {local_task_job_runner.py:266} INFO - Task exited with return code 0
[2025-06-10T21:12:37.248+0000] {taskinstance.py:3895} INFO - 0 downstream tasks scheduled from follow-on schedule check
[2025-06-10T21:12:37.250+0000] {local_task_job_runner.py:245} INFO - ::endgroup::
