[2025-06-12T00:10:26.030+0000] {local_task_job_runner.py:123} INFO - ::group::Pre task execution logs
[2025-06-12T00:10:26.052+0000] {taskinstance.py:2613} INFO - Dependencies all met for dep_context=non-requeueable deps ti=<TaskInstance: 05_transform_data_prod.install_dbt_deps manual__2025-06-12T00:10:24.923409+00:00 [queued]>
[2025-06-12T00:10:26.062+0000] {taskinstance.py:2613} INFO - Dependencies all met for dep_context=requeueable deps ti=<TaskInstance: 05_transform_data_prod.install_dbt_deps manual__2025-06-12T00:10:24.923409+00:00 [queued]>
[2025-06-12T00:10:26.064+0000] {taskinstance.py:2866} INFO - Starting attempt 1 of 1
[2025-06-12T00:10:26.078+0000] {taskinstance.py:2889} INFO - Executing <Task(PythonOperator): install_dbt_deps> on 2025-06-12 00:10:24.923409+00:00
[2025-06-12T00:10:26.084+0000] {standard_task_runner.py:72} INFO - Started process 8831 to run task
[2025-06-12T00:10:26.087+0000] {standard_task_runner.py:104} INFO - Running: ['***', 'tasks', 'run', '05_transform_data_prod', 'install_dbt_deps', 'manual__2025-06-12T00:10:24.923409+00:00', '--job-id', '988', '--raw', '--subdir', 'DAGS_FOLDER/05_transform_data_prod.py', '--cfg-path', '/tmp/tmp8dhetk34']
[2025-06-12T00:10:26.089+0000] {standard_task_runner.py:105} INFO - Job 988: Subtask install_dbt_deps
[2025-06-12T00:10:26.152+0000] {task_command.py:467} INFO - Running <TaskInstance: 05_transform_data_prod.install_dbt_deps manual__2025-06-12T00:10:24.923409+00:00 [running]> on host 28e6a58e4107
[2025-06-12T00:10:26.237+0000] {taskinstance.py:3132} INFO - Exporting env vars: AIRFLOW_CTX_DAG_OWNER='***' AIRFLOW_CTX_DAG_ID='05_transform_data_prod' AIRFLOW_CTX_TASK_ID='install_dbt_deps' AIRFLOW_CTX_EXECUTION_DATE='2025-06-12T00:10:24.923409+00:00' AIRFLOW_CTX_TRY_NUMBER='1' AIRFLOW_CTX_DAG_RUN_ID='manual__2025-06-12T00:10:24.923409+00:00'
[2025-06-12T00:10:26.238+0000] {taskinstance.py:731} INFO - ::endgroup::
[2025-06-12T00:10:28.051+0000] {logging_mixin.py:190} INFO - 00:10:28  Running with dbt=1.9.5
[2025-06-12T00:10:29.676+0000] {logging_mixin.py:190} INFO - 00:10:29  Installing dbt-labs/dbt_utils
[2025-06-12T00:10:33.033+0000] {logging_mixin.py:190} INFO - 00:10:33  Installed from version 1.2.0
[2025-06-12T00:10:33.035+0000] {logging_mixin.py:190} INFO - 00:10:33  Updated version available: 1.3.0
[2025-06-12T00:10:33.038+0000] {logging_mixin.py:190} INFO - 00:10:33
[2025-06-12T00:10:33.040+0000] {logging_mixin.py:190} INFO - 00:10:33  Updates available for packages: ['dbt-labs/dbt_utils']                 
Update your versions in packages.yml, then run dbt deps
[2025-06-12T00:10:33.759+0000] {logging_mixin.py:190} INFO - Dependencies sucessfully installed.
[2025-06-12T00:10:33.760+0000] {python.py:240} INFO - Done. Returned value was: None
[2025-06-12T00:10:33.772+0000] {taskinstance.py:340} INFO - ::group::Post task execution logs
[2025-06-12T00:10:33.773+0000] {taskinstance.py:352} INFO - Marking task as SUCCESS. dag_id=05_transform_data_prod, task_id=install_dbt_deps, run_id=manual__2025-06-12T00:10:24.923409+00:00, execution_date=20250612T001024, start_date=20250612T001026, end_date=20250612T001033
[2025-06-12T00:10:33.822+0000] {local_task_job_runner.py:266} INFO - Task exited with return code 0
[2025-06-12T00:10:33.843+0000] {taskinstance.py:3895} INFO - 1 downstream tasks scheduled from follow-on schedule check
[2025-06-12T00:10:33.847+0000] {local_task_job_runner.py:245} INFO - ::endgroup::
