[2025-06-05T20:43:30.671+0000] {local_task_job_runner.py:123} INFO - ::group::Pre task execution logs
[2025-06-05T20:43:30.691+0000] {taskinstance.py:2613} INFO - Dependencies all met for dep_context=non-requeueable deps ti=<TaskInstance: 04_transform_data.install_dbt_deps manual__2025-06-05T20:43:28.379937+00:00 [queued]>
[2025-06-05T20:43:30.700+0000] {taskinstance.py:2613} INFO - Dependencies all met for dep_context=requeueable deps ti=<TaskInstance: 04_transform_data.install_dbt_deps manual__2025-06-05T20:43:28.379937+00:00 [queued]>
[2025-06-05T20:43:30.701+0000] {taskinstance.py:2866} INFO - Starting attempt 1 of 1
[2025-06-05T20:43:30.714+0000] {taskinstance.py:2889} INFO - Executing <Task(PythonOperator): install_dbt_deps> on 2025-06-05 20:43:28.379937+00:00
[2025-06-05T20:43:30.718+0000] {standard_task_runner.py:72} INFO - Started process 4334 to run task
[2025-06-05T20:43:30.721+0000] {standard_task_runner.py:104} INFO - Running: ['***', 'tasks', 'run', '04_transform_data', 'install_dbt_deps', 'manual__2025-06-05T20:43:28.379937+00:00', '--job-id', '359', '--raw', '--subdir', 'DAGS_FOLDER/04_transform_data.py', '--cfg-path', '/tmp/tmpgckl1hbo']
[2025-06-05T20:43:30.723+0000] {standard_task_runner.py:105} INFO - Job 359: Subtask install_dbt_deps
[2025-06-05T20:43:30.783+0000] {task_command.py:467} INFO - Running <TaskInstance: 04_transform_data.install_dbt_deps manual__2025-06-05T20:43:28.379937+00:00 [running]> on host 28e6a58e4107
[2025-06-05T20:43:30.873+0000] {taskinstance.py:3132} INFO - Exporting env vars: AIRFLOW_CTX_DAG_OWNER='***' AIRFLOW_CTX_DAG_ID='04_transform_data' AIRFLOW_CTX_TASK_ID='install_dbt_deps' AIRFLOW_CTX_EXECUTION_DATE='2025-06-05T20:43:28.379937+00:00' AIRFLOW_CTX_TRY_NUMBER='1' AIRFLOW_CTX_DAG_RUN_ID='manual__2025-06-05T20:43:28.379937+00:00'
[2025-06-05T20:43:30.875+0000] {taskinstance.py:731} INFO - ::endgroup::
[2025-06-05T20:43:32.530+0000] {logging_mixin.py:190} INFO - 20:43:32  Running with dbt=1.9.5
[2025-06-05T20:43:33.357+0000] {logging_mixin.py:190} INFO - 20:43:33  Installing dbt-labs/dbt_utils
[2025-06-05T20:43:36.668+0000] {logging_mixin.py:190} INFO - 20:43:36  Installed from version 1.2.0
[2025-06-05T20:43:36.669+0000] {logging_mixin.py:190} INFO - 20:43:36  Updated version available: 1.3.0
[2025-06-05T20:43:36.672+0000] {logging_mixin.py:190} INFO - 20:43:36
[2025-06-05T20:43:36.673+0000] {logging_mixin.py:190} INFO - 20:43:36  Updates available for packages: ['dbt-labs/dbt_utils']                 
Update your versions in packages.yml, then run dbt deps
[2025-06-05T20:43:37.369+0000] {logging_mixin.py:190} INFO - Dependencies sucessfully installed.
[2025-06-05T20:43:37.370+0000] {python.py:240} INFO - Done. Returned value was: None
[2025-06-05T20:43:37.382+0000] {taskinstance.py:340} INFO - ::group::Post task execution logs
[2025-06-05T20:43:37.383+0000] {taskinstance.py:352} INFO - Marking task as SUCCESS. dag_id=04_transform_data, task_id=install_dbt_deps, run_id=manual__2025-06-05T20:43:28.379937+00:00, execution_date=20250605T204328, start_date=20250605T204330, end_date=20250605T204337
[2025-06-05T20:43:37.405+0000] {local_task_job_runner.py:266} INFO - Task exited with return code 0
[2025-06-05T20:43:37.427+0000] {taskinstance.py:3895} INFO - 1 downstream tasks scheduled from follow-on schedule check
[2025-06-05T20:43:37.430+0000] {local_task_job_runner.py:245} INFO - ::endgroup::
