[2025-06-06T19:55:36.564+0000] {local_task_job_runner.py:123} INFO - ::group::Pre task execution logs
[2025-06-06T19:55:36.583+0000] {taskinstance.py:2613} INFO - Dependencies all met for dep_context=non-requeueable deps ti=<TaskInstance: 05_transform_data.run_dbt manual__2025-06-06T19:55:27.121476+00:00 [queued]>
[2025-06-06T19:55:36.592+0000] {taskinstance.py:2613} INFO - Dependencies all met for dep_context=requeueable deps ti=<TaskInstance: 05_transform_data.run_dbt manual__2025-06-06T19:55:27.121476+00:00 [queued]>
[2025-06-06T19:55:36.594+0000] {taskinstance.py:2866} INFO - Starting attempt 1 of 1
[2025-06-06T19:55:36.606+0000] {taskinstance.py:2889} INFO - Executing <Task(PythonOperator): run_dbt> on 2025-06-06 19:55:27.121476+00:00
[2025-06-06T19:55:36.611+0000] {standard_task_runner.py:72} INFO - Started process 3961 to run task
[2025-06-06T19:55:36.614+0000] {standard_task_runner.py:104} INFO - Running: ['***', 'tasks', 'run', '05_transform_data', 'run_dbt', 'manual__2025-06-06T19:55:27.121476+00:00', '--job-id', '414', '--raw', '--subdir', 'DAGS_FOLDER/05_transform_data.py', '--cfg-path', '/tmp/tmp_z_voh3b']
[2025-06-06T19:55:36.616+0000] {standard_task_runner.py:105} INFO - Job 414: Subtask run_dbt
[2025-06-06T19:55:36.670+0000] {task_command.py:467} INFO - Running <TaskInstance: 05_transform_data.run_dbt manual__2025-06-06T19:55:27.121476+00:00 [running]> on host 28e6a58e4107
[2025-06-06T19:55:36.757+0000] {taskinstance.py:3132} INFO - Exporting env vars: AIRFLOW_CTX_DAG_OWNER='***' AIRFLOW_CTX_DAG_ID='05_transform_data' AIRFLOW_CTX_TASK_ID='run_dbt' AIRFLOW_CTX_EXECUTION_DATE='2025-06-06T19:55:27.121476+00:00' AIRFLOW_CTX_TRY_NUMBER='1' AIRFLOW_CTX_DAG_RUN_ID='manual__2025-06-06T19:55:27.121476+00:00'
[2025-06-06T19:55:36.759+0000] {taskinstance.py:731} INFO - ::endgroup::
[2025-06-06T19:55:38.592+0000] {logging_mixin.py:190} INFO - 19:55:38  Running with dbt=1.9.5
[2025-06-06T19:55:38.974+0000] {logging_mixin.py:190} INFO - 19:55:38  Registered adapter: postgres=1.9.0
[2025-06-06T19:55:40.367+0000] {logging_mixin.py:190} INFO - 19:55:40  [WARNING]: Configuration paths exist in your dbt_project.yml file which do not apply to any resources.
There are 1 unused configuration paths:
- models.e_commerce_sales.example
[2025-06-06T19:55:40.760+0000] {logging_mixin.py:190} INFO - 19:55:40  Found 15 models, 12 sources, 549 macros, 1 unit test
[2025-06-06T19:55:40.764+0000] {logging_mixin.py:190} INFO - 19:55:40
[2025-06-06T19:55:40.766+0000] {logging_mixin.py:190} INFO - 19:55:40  Concurrency: 4 threads (target='dev')
[2025-06-06T19:55:40.768+0000] {logging_mixin.py:190} INFO - 19:55:40
[2025-06-06T19:55:40.907+0000] {logging_mixin.py:190} INFO - 19:55:40  1 of 15 START sql incremental model sales.mercadolivre_orders_results .......... [RUN]
[2025-06-06T19:55:40.909+0000] {logging_mixin.py:190} INFO - 19:55:40  2 of 15 START sql incremental model sales.stg_shopee ........................... [RUN]
[2025-06-06T19:55:41.310+0000] {logging_mixin.py:190} INFO - 19:55:41  2 of 15 OK created sql incremental model sales.stg_shopee ...................... [MERGE 0 in 0.39s]
[2025-06-06T19:55:41.317+0000] {logging_mixin.py:190} INFO - 19:55:41  3 of 15 START sql incremental model sales.shopee_new_id ........................ [RUN]
[2025-06-06T19:55:41.323+0000] {logging_mixin.py:190} INFO - 19:55:41  1 of 15 OK created sql incremental model sales.mercadolivre_orders_results ..... [MERGE 190 in 0.41s]
[2025-06-06T19:55:41.338+0000] {logging_mixin.py:190} INFO - 19:55:41  4 of 15 START sql incremental model sales.dim_mercadolivre_buyer ............... [RUN]
[2025-06-06T19:55:41.340+0000] {logging_mixin.py:190} INFO - 19:55:41  5 of 15 START sql incremental model sales.dim_mercadolivre_date ................ [RUN]
[2025-06-06T19:55:41.342+0000] {logging_mixin.py:190} INFO - 19:55:41  6 of 15 START sql incremental model sales.dim_mercadolivre_orders_status ....... [RUN]
[2025-06-06T19:55:41.553+0000] {logging_mixin.py:190} INFO - 19:55:41  3 of 15 OK created sql incremental model sales.shopee_new_id ................... [MERGE 0 in 0.23s]
[2025-06-06T19:55:41.574+0000] {logging_mixin.py:190} INFO - 19:55:41  7 of 15 START sql incremental model sales.dim_mercadolivre_product ............. [RUN]
[2025-06-06T19:55:41.639+0000] {logging_mixin.py:190} INFO - 19:55:41  4 of 15 OK created sql incremental model sales.dim_mercadolivre_buyer .......... [MERGE 188 in 0.29s]
[2025-06-06T19:55:41.643+0000] {logging_mixin.py:190} INFO - 19:55:41  6 of 15 OK created sql incremental model sales.dim_mercadolivre_orders_status .. [MERGE 190 in 0.28s]
[2025-06-06T19:55:41.657+0000] {logging_mixin.py:190} INFO - 19:55:41  8 of 15 START sql incremental model sales.shopee_orders_results ................ [RUN]
[2025-06-06T19:55:41.726+0000] {logging_mixin.py:190} INFO - 19:55:41  5 of 15 OK created sql incremental model sales.dim_mercadolivre_date ........... [MERGE 190 in 0.37s]
[2025-06-06T19:55:41.802+0000] {logging_mixin.py:190} INFO - 19:55:41  8 of 15 OK created sql incremental model sales.shopee_orders_results ........... [MERGE 0 in 0.13s]
[2025-06-06T19:55:41.809+0000] {logging_mixin.py:190} INFO - 19:55:41  9 of 15 START sql incremental model sales.dim_shopee_buyer ..................... [RUN]
[2025-06-06T19:55:41.810+0000] {logging_mixin.py:190} INFO - 19:55:41  10 of 15 START sql incremental model sales.dim_shopee_date ..................... [RUN]
[2025-06-06T19:55:41.812+0000] {logging_mixin.py:190} INFO - 19:55:41  11 of 15 START sql incremental model sales.dim_shopee_orders_status ............ [RUN]
[2025-06-06T19:55:42.042+0000] {logging_mixin.py:190} INFO - 19:55:42  7 of 15 OK created sql incremental model sales.dim_mercadolivre_product ........ [MERGE 65 in 0.46s]
[2025-06-06T19:55:42.061+0000] {logging_mixin.py:190} INFO - 19:55:42  12 of 15 START sql incremental model sales.dim_shopee_product .................. [RUN]
[2025-06-06T19:55:42.085+0000] {logging_mixin.py:190} INFO - 19:55:42  9 of 15 OK created sql incremental model sales.dim_shopee_buyer ................ [MERGE 0 in 0.26s]
[2025-06-06T19:55:42.090+0000] {logging_mixin.py:190} INFO - 19:55:42  10 of 15 OK created sql incremental model sales.dim_shopee_date ................ [MERGE 0 in 0.27s]
[2025-06-06T19:55:42.094+0000] {logging_mixin.py:190} INFO - 19:55:42  11 of 15 OK created sql incremental model sales.dim_shopee_orders_status ....... [MERGE 0 in 0.27s]
[2025-06-06T19:55:42.112+0000] {logging_mixin.py:190} INFO - 19:55:42  13 of 15 START sql view model sales.sum_shopee_monthly_profit .................. [RUN]
[2025-06-06T19:55:42.114+0000] {logging_mixin.py:190} INFO - 19:55:42  14 of 15 START sql view model sales.sum_shopee_monthly_revenue ................. [RUN]
[2025-06-06T19:55:42.306+0000] {logging_mixin.py:190} INFO - 19:55:42  12 of 15 OK created sql incremental model sales.dim_shopee_product ............. [MERGE 0 in 0.24s]
[2025-06-06T19:55:42.324+0000] {logging_mixin.py:190} INFO - 19:55:42  15 of 15 START sql view model sales.sum_shopee_products_sold ................... [RUN]
[2025-06-06T19:55:42.362+0000] {logging_mixin.py:190} INFO - 19:55:42  14 of 15 OK created sql view model sales.sum_shopee_monthly_revenue ............ [CREATE VIEW in 0.24s]
[2025-06-06T19:55:42.372+0000] {logging_mixin.py:190} INFO - 19:55:42  13 of 15 OK created sql view model sales.sum_shopee_monthly_profit ............. [CREATE VIEW in 0.24s]
[2025-06-06T19:55:42.439+0000] {logging_mixin.py:190} INFO - 19:55:42  15 of 15 OK created sql view model sales.sum_shopee_products_sold .............. [CREATE VIEW in 0.10s]
[2025-06-06T19:55:42.465+0000] {logging_mixin.py:190} INFO - 19:55:42
[2025-06-06T19:55:42.466+0000] {logging_mixin.py:190} INFO - 19:55:42  Finished running 12 incremental models, 3 view models in 0 hours 0 minutes and 1.70 seconds (1.70s).
[2025-06-06T19:55:42.547+0000] {logging_mixin.py:190} INFO - 19:55:42
[2025-06-06T19:55:42.549+0000] {logging_mixin.py:190} INFO - 19:55:42  Completed successfully
[2025-06-06T19:55:42.552+0000] {logging_mixin.py:190} INFO - 19:55:42
[2025-06-06T19:55:42.553+0000] {logging_mixin.py:190} INFO - 19:55:42  Done. PASS=15 WARN=0 ERROR=0 SKIP=0 TOTAL=15
[2025-06-06T19:55:43.417+0000] {logging_mixin.py:190} INFO - Transformation sucessfully done.
[2025-06-06T19:55:43.418+0000] {python.py:240} INFO - Done. Returned value was: None
[2025-06-06T19:55:43.430+0000] {taskinstance.py:340} INFO - ::group::Post task execution logs
[2025-06-06T19:55:43.432+0000] {taskinstance.py:352} INFO - Marking task as SUCCESS. dag_id=05_transform_data, task_id=run_dbt, run_id=manual__2025-06-06T19:55:27.121476+00:00, execution_date=20250606T195527, start_date=20250606T195536, end_date=20250606T195543
[2025-06-06T19:55:43.455+0000] {local_task_job_runner.py:266} INFO - Task exited with return code 0
[2025-06-06T19:55:43.472+0000] {taskinstance.py:3895} INFO - 0 downstream tasks scheduled from follow-on schedule check
[2025-06-06T19:55:43.476+0000] {local_task_job_runner.py:245} INFO - ::endgroup::
