[2025-06-23T17:20:53.501+0000] {local_task_job_runner.py:123} INFO - ::group::Pre task execution logs
[2025-06-23T17:20:53.520+0000] {taskinstance.py:2613} INFO - Dependencies all met for dep_context=non-requeueable deps ti=<TaskInstance: 03_load_data_prod.load_mercadolivre manual__2025-06-23T17:20:51.826398+00:00 [queued]>
[2025-06-23T17:20:53.529+0000] {taskinstance.py:2613} INFO - Dependencies all met for dep_context=requeueable deps ti=<TaskInstance: 03_load_data_prod.load_mercadolivre manual__2025-06-23T17:20:51.826398+00:00 [queued]>
[2025-06-23T17:20:53.531+0000] {taskinstance.py:2866} INFO - Starting attempt 1 of 1
[2025-06-23T17:20:53.544+0000] {taskinstance.py:2889} INFO - Executing <Task(PythonOperator): load_mercadolivre> on 2025-06-23 17:20:51.826398+00:00
[2025-06-23T17:20:53.551+0000] {standard_task_runner.py:72} INFO - Started process 878 to run task
[2025-06-23T17:20:53.557+0000] {standard_task_runner.py:104} INFO - Running: ['***', 'tasks', 'run', '03_load_data_prod', 'load_mercadolivre', 'manual__2025-06-23T17:20:51.826398+00:00', '--job-id', '18', '--raw', '--subdir', 'DAGS_FOLDER/03_load_data_prod.py', '--cfg-path', '/tmp/tmp42o27sut']
[2025-06-23T17:20:53.559+0000] {standard_task_runner.py:105} INFO - Job 18: Subtask load_mercadolivre
[2025-06-23T17:20:53.624+0000] {task_command.py:467} INFO - Running <TaskInstance: 03_load_data_prod.load_mercadolivre manual__2025-06-23T17:20:51.826398+00:00 [running]> on host b208c9761688
[2025-06-23T17:20:53.710+0000] {taskinstance.py:3132} INFO - Exporting env vars: AIRFLOW_CTX_DAG_OWNER='***' AIRFLOW_CTX_DAG_ID='03_load_data_prod' AIRFLOW_CTX_TASK_ID='load_mercadolivre' AIRFLOW_CTX_EXECUTION_DATE='2025-06-23T17:20:51.826398+00:00' AIRFLOW_CTX_TRY_NUMBER='1' AIRFLOW_CTX_DAG_RUN_ID='manual__2025-06-23T17:20:51.826398+00:00'
[2025-06-23T17:20:53.712+0000] {taskinstance.py:731} INFO - ::endgroup::
[2025-06-23T17:20:54.525+0000] {warnings.py:109} WARNING - /home/***/.local/lib/python3.9/site-packages/dlt/helpers/dbt/__init__.py:3: UserWarning: pkg_resources is deprecated as an API. See https://setuptools.pypa.io/en/latest/pkg_resources.html. The pkg_resources package is slated for removal as early as 2025-11-30. Refrain from using this package or pin to Setuptools<81.
  import pkg_resources

[2025-06-23T17:20:54.852+0000] {config_providers_context.py:156} WARNING - Airflow variable 'dlt_secrets_toml' was not found. This Airflow variable is a recommended place to hold the content of secrets.toml.If you do not use Airflow variables to hold dlt configuration or use variables with other names you can ignore this warning.
[2025-06-23T17:20:57.017+0000] {logging_mixin.py:190} INFO - trying to load /opt/***/data/mercadolivre/raw/prod/ml_sell_data_2024-07-01T00:00:00.000-03:00_2025-05-01T00:00:00.000-03:00_0.json to sales_db
[2025-06-23T17:20:59.730+0000] {logging_mixin.py:190} INFO - Pipeline mercadolivre_data load step completed in 0.17 seconds
1 load package(s) were loaded to destination postgres and into dataset entry
The postgres destination used postgresql://***:***@pgdatabase:5432/sales_db location to store data
Load package 1750699258.1330159 is LOADED and contains no failed jobs
[2025-06-23T17:20:59.732+0000] {logging_mixin.py:190} INFO - Run started at 2025-06-23 17:20:57.019148+00:00 and COMPLETED in 2.71 seconds with 4 steps.
Step extract COMPLETED in 0.77 seconds.

Load package 1750699258.1330159 is EXTRACTED and NOT YET LOADED to the destination and contains no failed jobs

Step normalize COMPLETED in 0.44 seconds.
Normalized data for the following tables:
- entry_mercadolivre: 50 row(s)
- entry_mercadolivre__payments: 52 row(s)
- entry_mercadolivre__payments__available_actions: 52 row(s)
- entry_mercadolivre__order_items: 50 row(s)
- entry_mercadolivre__tags: 118 row(s)
- entry_mercadolivre__order_items__item__variation_attributes: 44 row(s)
- entry_mercadolivre__mediations: 2 row(s)
- entry_mercadolivre__context__flows: 9 row(s)

Load package 1750699258.1330159 is NORMALIZED and NOT YET LOADED to the destination and contains no failed jobs

Step load COMPLETED in 0.41 seconds.
Pipeline mercadolivre_data load step completed in 0.17 seconds
1 load package(s) were loaded to destination postgres and into dataset entry
The postgres destination used postgresql://***:***@pgdatabase:5432/sales_db location to store data
Load package 1750699258.1330159 is LOADED and contains no failed jobs

Step run COMPLETED in 2.71 seconds.
Pipeline mercadolivre_data load step completed in 0.17 seconds
1 load package(s) were loaded to destination postgres and into dataset entry
The postgres destination used postgresql://***:***@pgdatabase:5432/sales_db location to store data
Load package 1750699258.1330159 is LOADED and contains no failed jobs
[2025-06-23T17:20:59.737+0000] {logging_mixin.py:190} INFO - trying to load /opt/***/data/mercadolivre/raw/prod/ml_sell_data_2024-07-01T00:00:00.000-03:00_2025-05-01T00:00:00.000-03:00_1.json to sales_db
[2025-06-23T17:21:01.089+0000] {logging_mixin.py:190} INFO - Pipeline mercadolivre_data load step completed in 1.11 seconds
1 load package(s) were loaded to destination postgres and into dataset entry
The postgres destination used postgresql://***:***@pgdatabase:5432/sales_db location to store data
Load package 1750699259.8004313 is LOADED and contains no failed jobs
[2025-06-23T17:21:01.091+0000] {logging_mixin.py:190} INFO - Run started at 2025-06-23 17:20:59.738692+00:00 and COMPLETED in 1.35 seconds with 4 steps.
Step extract COMPLETED in 0.07 seconds.

Load package 1750699259.8004313 is EXTRACTED and NOT YET LOADED to the destination and contains no failed jobs

Step normalize COMPLETED in 0.10 seconds.
Normalized data for the following tables:
- entry_mercadolivre: 50 row(s)
- entry_mercadolivre__payments: 53 row(s)
- entry_mercadolivre__payments__available_actions: 53 row(s)
- entry_mercadolivre__order_items: 50 row(s)
- entry_mercadolivre__tags: 135 row(s)
- entry_mercadolivre__context__flows: 19 row(s)
- entry_mercadolivre__order_items__item__variation_attributes: 27 row(s)
- entry_mercadolivre__mediations: 3 row(s)

Load package 1750699259.8004313 is NORMALIZED and NOT YET LOADED to the destination and contains no failed jobs

Step load COMPLETED in 1.15 seconds.
Pipeline mercadolivre_data load step completed in 1.11 seconds
1 load package(s) were loaded to destination postgres and into dataset entry
The postgres destination used postgresql://***:***@pgdatabase:5432/sales_db location to store data
Load package 1750699259.8004313 is LOADED and contains no failed jobs

Step run COMPLETED in 1.35 seconds.
Pipeline mercadolivre_data load step completed in 1.11 seconds
1 load package(s) were loaded to destination postgres and into dataset entry
The postgres destination used postgresql://***:***@pgdatabase:5432/sales_db location to store data
Load package 1750699259.8004313 is LOADED and contains no failed jobs
[2025-06-23T17:21:01.096+0000] {logging_mixin.py:190} INFO - trying to load /opt/***/data/mercadolivre/raw/prod/ml_sell_data_2024-07-01T00:00:00.000-03:00_2025-05-01T00:00:00.000-03:00_2.json to sales_db
[2025-06-23T17:21:01.433+0000] {logging_mixin.py:190} INFO - Pipeline mercadolivre_data load step completed in 0.09 seconds
1 load package(s) were loaded to destination postgres and into dataset entry
The postgres destination used postgresql://***:***@pgdatabase:5432/sales_db location to store data
Load package 1750699261.1600838 is LOADED and contains no failed jobs
[2025-06-23T17:21:01.434+0000] {logging_mixin.py:190} INFO - Run started at 2025-06-23 17:21:01.097725+00:00 and COMPLETED in 0.33 seconds with 4 steps.
Step extract COMPLETED in 0.08 seconds.

Load package 1750699261.1600838 is EXTRACTED and NOT YET LOADED to the destination and contains no failed jobs

Step normalize COMPLETED in 0.10 seconds.
Normalized data for the following tables:
- entry_mercadolivre: 50 row(s)
- entry_mercadolivre__payments: 55 row(s)
- entry_mercadolivre__payments__available_actions: 55 row(s)
- entry_mercadolivre__order_items: 50 row(s)
- entry_mercadolivre__order_items__item__variation_attributes: 43 row(s)
- entry_mercadolivre__tags: 144 row(s)
- entry_mercadolivre__mediations: 6 row(s)
- entry_mercadolivre__context__flows: 10 row(s)

Load package 1750699261.1600838 is NORMALIZED and NOT YET LOADED to the destination and contains no failed jobs

Step load COMPLETED in 0.13 seconds.
Pipeline mercadolivre_data load step completed in 0.09 seconds
1 load package(s) were loaded to destination postgres and into dataset entry
The postgres destination used postgresql://***:***@pgdatabase:5432/sales_db location to store data
Load package 1750699261.1600838 is LOADED and contains no failed jobs

Step run COMPLETED in 0.33 seconds.
Pipeline mercadolivre_data load step completed in 0.09 seconds
1 load package(s) were loaded to destination postgres and into dataset entry
The postgres destination used postgresql://***:***@pgdatabase:5432/sales_db location to store data
Load package 1750699261.1600838 is LOADED and contains no failed jobs
[2025-06-23T17:21:01.439+0000] {logging_mixin.py:190} INFO - trying to load /opt/***/data/mercadolivre/raw/prod/ml_sell_data_2024-07-01T00:00:00.000-03:00_2025-05-01T00:00:00.000-03:00_3.json to sales_db
[2025-06-23T17:21:01.788+0000] {logging_mixin.py:190} INFO - Pipeline mercadolivre_data load step completed in 0.10 seconds
1 load package(s) were loaded to destination postgres and into dataset entry
The postgres destination used postgresql://***:***@pgdatabase:5432/sales_db location to store data
Load package 1750699261.5024996 is LOADED and contains no failed jobs
[2025-06-23T17:21:01.790+0000] {logging_mixin.py:190} INFO - Run started at 2025-06-23 17:21:01.441129+00:00 and COMPLETED in 0.35 seconds with 4 steps.
Step extract COMPLETED in 0.07 seconds.

Load package 1750699261.5024996 is EXTRACTED and NOT YET LOADED to the destination and contains no failed jobs

Step normalize COMPLETED in 0.12 seconds.
Normalized data for the following tables:
- entry_mercadolivre: 50 row(s)
- entry_mercadolivre__payments: 52 row(s)
- entry_mercadolivre__payments__available_actions: 52 row(s)
- entry_mercadolivre__order_items: 50 row(s)
- entry_mercadolivre__order_items__item__variation_attributes: 47 row(s)
- entry_mercadolivre__tags: 165 row(s)
- entry_mercadolivre__context__flows: 16 row(s)
- entry_mercadolivre__mediations: 9 row(s)

Load package 1750699261.5024996 is NORMALIZED and NOT YET LOADED to the destination and contains no failed jobs

Step load COMPLETED in 0.14 seconds.
Pipeline mercadolivre_data load step completed in 0.10 seconds
1 load package(s) were loaded to destination postgres and into dataset entry
The postgres destination used postgresql://***:***@pgdatabase:5432/sales_db location to store data
Load package 1750699261.5024996 is LOADED and contains no failed jobs

Step run COMPLETED in 0.35 seconds.
Pipeline mercadolivre_data load step completed in 0.10 seconds
1 load package(s) were loaded to destination postgres and into dataset entry
The postgres destination used postgresql://***:***@pgdatabase:5432/sales_db location to store data
Load package 1750699261.5024996 is LOADED and contains no failed jobs
[2025-06-23T17:21:01.795+0000] {logging_mixin.py:190} INFO - trying to load /opt/***/data/mercadolivre/raw/prod/ml_sell_data_2024-07-01T00:00:00.000-03:00_2025-05-01T00:00:00.000-03:00_4.json to sales_db
[2025-06-23T17:21:02.120+0000] {logging_mixin.py:190} INFO - Pipeline mercadolivre_data load step completed in 0.09 seconds
1 load package(s) were loaded to destination postgres and into dataset entry
The postgres destination used postgresql://***:***@pgdatabase:5432/sales_db location to store data
Load package 1750699261.8569028 is LOADED and contains no failed jobs
[2025-06-23T17:21:02.122+0000] {logging_mixin.py:190} INFO - Run started at 2025-06-23 17:21:01.797360+00:00 and COMPLETED in 0.32 seconds with 4 steps.
Step extract COMPLETED in 0.07 seconds.

Load package 1750699261.8569028 is EXTRACTED and NOT YET LOADED to the destination and contains no failed jobs

Step normalize COMPLETED in 0.10 seconds.
Normalized data for the following tables:
- entry_mercadolivre: 50 row(s)
- entry_mercadolivre__payments: 53 row(s)
- entry_mercadolivre__payments__available_actions: 53 row(s)
- entry_mercadolivre__order_items: 50 row(s)
- entry_mercadolivre__order_items__item__variation_attributes: 53 row(s)
- entry_mercadolivre__tags: 154 row(s)
- entry_mercadolivre__mediations: 5 row(s)
- entry_mercadolivre__context__flows: 5 row(s)

Load package 1750699261.8569028 is NORMALIZED and NOT YET LOADED to the destination and contains no failed jobs

Step load COMPLETED in 0.13 seconds.
Pipeline mercadolivre_data load step completed in 0.09 seconds
1 load package(s) were loaded to destination postgres and into dataset entry
The postgres destination used postgresql://***:***@pgdatabase:5432/sales_db location to store data
Load package 1750699261.8569028 is LOADED and contains no failed jobs

Step run COMPLETED in 0.32 seconds.
Pipeline mercadolivre_data load step completed in 0.09 seconds
1 load package(s) were loaded to destination postgres and into dataset entry
The postgres destination used postgresql://***:***@pgdatabase:5432/sales_db location to store data
Load package 1750699261.8569028 is LOADED and contains no failed jobs
[2025-06-23T17:21:02.129+0000] {logging_mixin.py:190} INFO - trying to load /opt/***/data/mercadolivre/raw/prod/ml_sell_data_2024-07-01T00:00:00.000-03:00_2025-05-01T00:00:00.000-03:00_5.json to sales_db
[2025-06-23T17:21:02.447+0000] {logging_mixin.py:190} INFO - Pipeline mercadolivre_data load step completed in 0.09 seconds
1 load package(s) were loaded to destination postgres and into dataset entry
The postgres destination used postgresql://***:***@pgdatabase:5432/sales_db location to store data
Load package 1750699262.1926608 is LOADED and contains no failed jobs
[2025-06-23T17:21:02.449+0000] {logging_mixin.py:190} INFO - Run started at 2025-06-23 17:21:02.131219+00:00 and COMPLETED in 0.31 seconds with 4 steps.
Step extract COMPLETED in 0.07 seconds.

Load package 1750699262.1926608 is EXTRACTED and NOT YET LOADED to the destination and contains no failed jobs

Step normalize COMPLETED in 0.10 seconds.
Normalized data for the following tables:
- entry_mercadolivre: 47 row(s)
- entry_mercadolivre__payments: 49 row(s)
- entry_mercadolivre__payments__available_actions: 49 row(s)
- entry_mercadolivre__order_items: 47 row(s)
- entry_mercadolivre__order_items__item__variation_attributes: 48 row(s)
- entry_mercadolivre__tags: 127 row(s)
- entry_mercadolivre__context__flows: 6 row(s)
- entry_mercadolivre__mediations: 2 row(s)

Load package 1750699262.1926608 is NORMALIZED and NOT YET LOADED to the destination and contains no failed jobs

Step load COMPLETED in 0.13 seconds.
Pipeline mercadolivre_data load step completed in 0.09 seconds
1 load package(s) were loaded to destination postgres and into dataset entry
The postgres destination used postgresql://***:***@pgdatabase:5432/sales_db location to store data
Load package 1750699262.1926608 is LOADED and contains no failed jobs

Step run COMPLETED in 0.31 seconds.
Pipeline mercadolivre_data load step completed in 0.09 seconds
1 load package(s) were loaded to destination postgres and into dataset entry
The postgres destination used postgresql://***:***@pgdatabase:5432/sales_db location to store data
Load package 1750699262.1926608 is LOADED and contains no failed jobs
[2025-06-23T17:21:02.450+0000] {logging_mixin.py:190} INFO - [WARNING] - file /opt/***/data/mercadolivre/raw/prod/temp.txt does not have .json extension and could not be loaded.
[2025-06-23T17:21:02.450+0000] {python.py:240} INFO - Done. Returned value was: -1
[2025-06-23T17:21:02.474+0000] {taskinstance.py:340} INFO - ::group::Post task execution logs
[2025-06-23T17:21:02.475+0000] {taskinstance.py:352} INFO - Marking task as SUCCESS. dag_id=03_load_data_prod, task_id=load_mercadolivre, run_id=manual__2025-06-23T17:20:51.826398+00:00, execution_date=20250623T172051, start_date=20250623T172053, end_date=20250623T172102
[2025-06-23T17:21:02.523+0000] {local_task_job_runner.py:266} INFO - Task exited with return code 0
[2025-06-23T17:21:02.537+0000] {taskinstance.py:3895} INFO - 0 downstream tasks scheduled from follow-on schedule check
[2025-06-23T17:21:02.540+0000] {local_task_job_runner.py:245} INFO - ::endgroup::
