[2025-05-21T21:40:31.706+0000] {local_task_job_runner.py:123} INFO - ::group::Pre task execution logs
[2025-05-21T21:40:31.727+0000] {taskinstance.py:2613} INFO - Dependencies all met for dep_context=non-requeueable deps ti=<TaskInstance: 04_transform_data.run_dbt manual__2025-05-21T21:40:29.895542+00:00 [queued]>
[2025-05-21T21:40:31.736+0000] {taskinstance.py:2613} INFO - Dependencies all met for dep_context=requeueable deps ti=<TaskInstance: 04_transform_data.run_dbt manual__2025-05-21T21:40:29.895542+00:00 [queued]>
[2025-05-21T21:40:31.738+0000] {taskinstance.py:2866} INFO - Starting attempt 1 of 1
[2025-05-21T21:40:31.751+0000] {taskinstance.py:2889} INFO - Executing <Task(PythonOperator): run_dbt> on 2025-05-21 21:40:29.895542+00:00
[2025-05-21T21:40:31.757+0000] {standard_task_runner.py:72} INFO - Started process 6257 to run task
[2025-05-21T21:40:31.762+0000] {standard_task_runner.py:104} INFO - Running: ['***', 'tasks', 'run', '04_transform_data', 'run_dbt', 'manual__2025-05-21T21:40:29.895542+00:00', '--job-id', '145', '--raw', '--subdir', 'DAGS_FOLDER/04_transform_data.py', '--cfg-path', '/tmp/tmpuersyacg']
[2025-05-21T21:40:31.765+0000] {standard_task_runner.py:105} INFO - Job 145: Subtask run_dbt
[2025-05-21T21:40:31.822+0000] {task_command.py:467} INFO - Running <TaskInstance: 04_transform_data.run_dbt manual__2025-05-21T21:40:29.895542+00:00 [running]> on host e27e96d1841a
[2025-05-21T21:40:31.908+0000] {taskinstance.py:3132} INFO - Exporting env vars: AIRFLOW_CTX_DAG_OWNER='***' AIRFLOW_CTX_DAG_ID='04_transform_data' AIRFLOW_CTX_TASK_ID='run_dbt' AIRFLOW_CTX_EXECUTION_DATE='2025-05-21T21:40:29.895542+00:00' AIRFLOW_CTX_TRY_NUMBER='1' AIRFLOW_CTX_DAG_RUN_ID='manual__2025-05-21T21:40:29.895542+00:00'
[2025-05-21T21:40:31.910+0000] {taskinstance.py:731} INFO - ::endgroup::
[2025-05-21T21:40:33.568+0000] {logging_mixin.py:190} INFO - 21:40:33  Running with dbt=1.9.4
[2025-05-21T21:40:33.913+0000] {logging_mixin.py:190} INFO - 21:40:33  Registered adapter: postgres=1.9.0
[2025-05-21T21:40:34.547+0000] {logging_mixin.py:190} INFO - 21:40:34  [WARNING]: Configuration paths exist in your dbt_project.yml file which do not apply to any resources.
There are 1 unused configuration paths:
- models.e_commerce_sales.example
[2025-05-21T21:40:34.876+0000] {logging_mixin.py:190} INFO - 21:40:34  Found 12 models, 12 sources, 433 macros
[2025-05-21T21:40:34.880+0000] {logging_mixin.py:190} INFO - 21:40:34
[2025-05-21T21:40:34.882+0000] {logging_mixin.py:190} INFO - 21:40:34  Concurrency: 4 threads (target='dev')
[2025-05-21T21:40:34.884+0000] {logging_mixin.py:190} INFO - 21:40:34
[2025-05-21T21:40:35.025+0000] {logging_mixin.py:190} INFO - 21:40:35  1 of 12 START sql incremental model sales.mercadolivre_orders_results .......... [RUN]
[2025-05-21T21:40:35.027+0000] {logging_mixin.py:190} INFO - 21:40:35  2 of 12 START sql incremental model sales.shopee_new_id ........................ [RUN]
[2025-05-21T21:40:35.396+0000] {logging_mixin.py:190} INFO - 21:40:35  2 of 12 OK created sql incremental model sales.shopee_new_id ................... [MERGE 0 in 0.36s]
[2025-05-21T21:40:35.398+0000] {logging_mixin.py:190} INFO - 21:40:35  1 of 12 OK created sql incremental model sales.mercadolivre_orders_results ..... [MERGE 255 in 0.37s]
[2025-05-21T21:40:35.403+0000] {logging_mixin.py:190} INFO - 21:40:35  3 of 12 START sql incremental model sales.shopee_orders_results ................ [RUN]
[2025-05-21T21:40:35.408+0000] {logging_mixin.py:190} INFO - 21:40:35  4 of 12 START sql incremental model sales.dim_mercadolivre_buyer ............... [RUN]
[2025-05-21T21:40:35.409+0000] {logging_mixin.py:190} INFO - 21:40:35  5 of 12 START sql incremental model sales.dim_mercadolivre_date ................ [RUN]
[2025-05-21T21:40:35.411+0000] {logging_mixin.py:190} INFO - 21:40:35  6 of 12 START sql incremental model sales.dim_mercadolivre_orders_status ....... [RUN]
[2025-05-21T21:40:35.665+0000] {logging_mixin.py:190} INFO - 21:40:35  3 of 12 OK created sql incremental model sales.shopee_orders_results ........... [MERGE 0 in 0.26s]
[2025-05-21T21:40:35.676+0000] {logging_mixin.py:190} INFO - 21:40:35  7 of 12 START sql incremental model sales.dim_mercadolivre_product ............. [RUN]
[2025-05-21T21:40:35.715+0000] {logging_mixin.py:190} INFO - 21:40:35  4 of 12 OK created sql incremental model sales.dim_mercadolivre_buyer .......... [MERGE 252 in 0.30s]
[2025-05-21T21:40:35.727+0000] {logging_mixin.py:190} INFO - 21:40:35  5 of 12 OK created sql incremental model sales.dim_mercadolivre_date ........... [MERGE 272 in 0.30s]
[2025-05-21T21:40:35.730+0000] {logging_mixin.py:190} INFO - 21:40:35  6 of 12 OK created sql incremental model sales.dim_mercadolivre_orders_status .. [MERGE 255 in 0.29s]
[2025-05-21T21:40:35.738+0000] {logging_mixin.py:190} INFO - 21:40:35  8 of 12 START sql incremental model sales.mercadolivre_profits ................. [RUN]
[2025-05-21T21:40:35.743+0000] {logging_mixin.py:190} INFO - 21:40:35  9 of 12 START sql incremental model sales.dim_shopee_buyer_id .................. [RUN]
[2025-05-21T21:40:35.745+0000] {logging_mixin.py:190} INFO - 21:40:35  10 of 12 START sql incremental model sales.dim_shopee_date ..................... [RUN]
[2025-05-21T21:40:35.964+0000] {logging_mixin.py:190} INFO - 21:40:35  7 of 12 OK created sql incremental model sales.dim_mercadolivre_product ........ [MERGE 250 in 0.28s]
[2025-05-21T21:40:35.972+0000] {logging_mixin.py:190} INFO - 21:40:35  11 of 12 START sql incremental model sales.dim_shopee_orders_status ............ [RUN]
[2025-05-21T21:40:36.023+0000] {logging_mixin.py:190} INFO - 21:40:36  9 of 12 OK created sql incremental model sales.dim_shopee_buyer_id ............. [MERGE 0 in 0.26s]
[2025-05-21T21:40:36.028+0000] {logging_mixin.py:190} INFO - 21:40:36  10 of 12 OK created sql incremental model sales.dim_shopee_date ................ [MERGE 0 in 0.26s]
[2025-05-21T21:40:36.031+0000] {logging_mixin.py:190} INFO - 21:40:36  8 of 12 OK created sql incremental model sales.mercadolivre_profits ............ [MERGE 250 in 0.28s]
[2025-05-21T21:40:36.039+0000] {logging_mixin.py:190} INFO - 21:40:36  12 of 12 START sql incremental model sales.dim_shopee_product .................. [RUN]
[2025-05-21T21:40:36.139+0000] {logging_mixin.py:190} INFO - 21:40:36  11 of 12 OK created sql incremental model sales.dim_shopee_orders_status ....... [MERGE 0 in 0.16s]
[2025-05-21T21:40:36.171+0000] {logging_mixin.py:190} INFO - 21:40:36  12 of 12 OK created sql incremental model sales.dim_shopee_product ............. [MERGE 0 in 0.13s]
[2025-05-21T21:40:36.197+0000] {logging_mixin.py:190} INFO - 21:40:36
[2025-05-21T21:40:36.198+0000] {logging_mixin.py:190} INFO - 21:40:36  Finished running 12 incremental models in 0 hours 0 minutes and 1.31 seconds (1.31s).
[2025-05-21T21:40:36.265+0000] {logging_mixin.py:190} INFO - 21:40:36
[2025-05-21T21:40:36.267+0000] {logging_mixin.py:190} INFO - 21:40:36  Completed successfully
[2025-05-21T21:40:36.270+0000] {logging_mixin.py:190} INFO - 21:40:36
[2025-05-21T21:40:36.272+0000] {logging_mixin.py:190} INFO - 21:40:36  Done. PASS=12 WARN=0 ERROR=0 SKIP=0 TOTAL=12
[2025-05-21T21:40:37.155+0000] {logging_mixin.py:190} INFO - Transformation sucessfully done.
[2025-05-21T21:40:37.156+0000] {python.py:240} INFO - Done. Returned value was: None
[2025-05-21T21:40:37.169+0000] {taskinstance.py:340} INFO - ::group::Post task execution logs
[2025-05-21T21:40:37.170+0000] {taskinstance.py:352} INFO - Marking task as SUCCESS. dag_id=04_transform_data, task_id=run_dbt, run_id=manual__2025-05-21T21:40:29.895542+00:00, execution_date=20250521T214029, start_date=20250521T214031, end_date=20250521T214037
[2025-05-21T21:40:37.226+0000] {local_task_job_runner.py:266} INFO - Task exited with return code 0
[2025-05-21T21:40:37.243+0000] {taskinstance.py:3895} INFO - 0 downstream tasks scheduled from follow-on schedule check
[2025-05-21T21:40:37.246+0000] {local_task_job_runner.py:245} INFO - ::endgroup::
