[2025-06-05T20:39:38.698+0000] {local_task_job_runner.py:123} INFO - ::group::Pre task execution logs
[2025-06-05T20:39:38.725+0000] {taskinstance.py:2613} INFO - Dependencies all met for dep_context=non-requeueable deps ti=<TaskInstance: 03_load_data.load_prod_cost manual__2025-06-05T20:39:36.206420+00:00 [queued]>
[2025-06-05T20:39:38.735+0000] {taskinstance.py:2613} INFO - Dependencies all met for dep_context=requeueable deps ti=<TaskInstance: 03_load_data.load_prod_cost manual__2025-06-05T20:39:36.206420+00:00 [queued]>
[2025-06-05T20:39:38.736+0000] {taskinstance.py:2866} INFO - Starting attempt 1 of 1
[2025-06-05T20:39:38.753+0000] {taskinstance.py:2889} INFO - Executing <Task(PythonOperator): load_prod_cost> on 2025-06-05 20:39:36.206420+00:00
[2025-06-05T20:39:38.758+0000] {standard_task_runner.py:72} INFO - Started process 3043 to run task
[2025-06-05T20:39:38.763+0000] {standard_task_runner.py:104} INFO - Running: ['***', 'tasks', 'run', '03_load_data', 'load_prod_cost', 'manual__2025-06-05T20:39:36.206420+00:00', '--job-id', '357', '--raw', '--subdir', 'DAGS_FOLDER/03_load_data.py', '--cfg-path', '/tmp/tmp8qvcn3l0']
[2025-06-05T20:39:38.767+0000] {standard_task_runner.py:105} INFO - Job 357: Subtask load_prod_cost
[2025-06-05T20:39:38.835+0000] {task_command.py:467} INFO - Running <TaskInstance: 03_load_data.load_prod_cost manual__2025-06-05T20:39:36.206420+00:00 [running]> on host 28e6a58e4107
[2025-06-05T20:39:38.945+0000] {taskinstance.py:3132} INFO - Exporting env vars: AIRFLOW_CTX_DAG_OWNER='***' AIRFLOW_CTX_DAG_ID='03_load_data' AIRFLOW_CTX_TASK_ID='load_prod_cost' AIRFLOW_CTX_EXECUTION_DATE='2025-06-05T20:39:36.206420+00:00' AIRFLOW_CTX_TRY_NUMBER='1' AIRFLOW_CTX_DAG_RUN_ID='manual__2025-06-05T20:39:36.206420+00:00'
[2025-06-05T20:39:38.946+0000] {taskinstance.py:731} INFO - ::endgroup::
[2025-06-05T20:39:39.854+0000] {logging_mixin.py:190} INFO - column begin_date is datetime64[ns, UTC]
[2025-06-05T20:39:39.855+0000] {logging_mixin.py:190} INFO - column end_date is datetime64[ns, UTC]
[2025-06-05T20:39:39.857+0000] {logging_mixin.py:190} INFO - Loading file /opt/***/cleaning/entry_data/clean/clean_cost_data.csv to sales_db
[2025-06-05T20:39:39.916+0000] {logging_mixin.py:190} INFO - Data in /opt/***/cleaning/entry_data/clean/clean_cost_data.csv successfully loaded.
[2025-06-05T20:39:39.917+0000] {python.py:240} INFO - Done. Returned value was: None
[2025-06-05T20:39:39.934+0000] {taskinstance.py:340} INFO - ::group::Post task execution logs
[2025-06-05T20:39:39.935+0000] {taskinstance.py:352} INFO - Marking task as SUCCESS. dag_id=03_load_data, task_id=load_prod_cost, run_id=manual__2025-06-05T20:39:36.206420+00:00, execution_date=20250605T203936, start_date=20250605T203938, end_date=20250605T203939
[2025-06-05T20:39:39.982+0000] {local_task_job_runner.py:266} INFO - Task exited with return code 0
[2025-06-05T20:39:40.015+0000] {taskinstance.py:3895} INFO - 0 downstream tasks scheduled from follow-on schedule check
[2025-06-05T20:39:40.019+0000] {local_task_job_runner.py:245} INFO - ::endgroup::
