[2025-06-12T00:22:56.715+0000] {local_task_job_runner.py:123} INFO - ::group::Pre task execution logs
[2025-06-12T00:22:56.733+0000] {taskinstance.py:2613} INFO - Dependencies all met for dep_context=non-requeueable deps ti=<TaskInstance: 05_transform_data_prod.install_dbt_deps manual__2025-06-12T00:22:54.661735+00:00 [queued]>
[2025-06-12T00:22:56.740+0000] {taskinstance.py:2613} INFO - Dependencies all met for dep_context=requeueable deps ti=<TaskInstance: 05_transform_data_prod.install_dbt_deps manual__2025-06-12T00:22:54.661735+00:00 [queued]>
[2025-06-12T00:22:56.742+0000] {taskinstance.py:2866} INFO - Starting attempt 1 of 1
[2025-06-12T00:22:56.754+0000] {taskinstance.py:2889} INFO - Executing <Task(PythonOperator): install_dbt_deps> on 2025-06-12 00:22:54.661735+00:00
[2025-06-12T00:22:56.759+0000] {standard_task_runner.py:72} INFO - Started process 10549 to run task
[2025-06-12T00:22:56.762+0000] {standard_task_runner.py:104} INFO - Running: ['***', 'tasks', 'run', '05_transform_data_prod', 'install_dbt_deps', 'manual__2025-06-12T00:22:54.661735+00:00', '--job-id', '1009', '--raw', '--subdir', 'DAGS_FOLDER/05_transform_data_prod.py', '--cfg-path', '/tmp/tmpg3namu6_']
[2025-06-12T00:22:56.764+0000] {standard_task_runner.py:105} INFO - Job 1009: Subtask install_dbt_deps
[2025-06-12T00:22:56.815+0000] {task_command.py:467} INFO - Running <TaskInstance: 05_transform_data_prod.install_dbt_deps manual__2025-06-12T00:22:54.661735+00:00 [running]> on host 28e6a58e4107
[2025-06-12T00:22:56.892+0000] {taskinstance.py:3132} INFO - Exporting env vars: AIRFLOW_CTX_DAG_OWNER='***' AIRFLOW_CTX_DAG_ID='05_transform_data_prod' AIRFLOW_CTX_TASK_ID='install_dbt_deps' AIRFLOW_CTX_EXECUTION_DATE='2025-06-12T00:22:54.661735+00:00' AIRFLOW_CTX_TRY_NUMBER='1' AIRFLOW_CTX_DAG_RUN_ID='manual__2025-06-12T00:22:54.661735+00:00'
[2025-06-12T00:22:56.894+0000] {taskinstance.py:731} INFO - ::endgroup::
[2025-06-12T00:22:58.364+0000] {logging_mixin.py:190} INFO - 00:22:58  Running with dbt=1.9.5
[2025-06-12T00:22:59.220+0000] {logging_mixin.py:190} INFO - 00:22:59  Installing dbt-labs/dbt_utils
[2025-06-12T00:23:02.585+0000] {logging_mixin.py:190} INFO - 00:23:02  Installed from version 1.2.0
[2025-06-12T00:23:02.587+0000] {logging_mixin.py:190} INFO - 00:23:02  Updated version available: 1.3.0
[2025-06-12T00:23:02.590+0000] {logging_mixin.py:190} INFO - 00:23:02
[2025-06-12T00:23:02.591+0000] {logging_mixin.py:190} INFO - 00:23:02  Updates available for packages: ['dbt-labs/dbt_utils']                 
Update your versions in packages.yml, then run dbt deps
[2025-06-12T00:23:03.399+0000] {logging_mixin.py:190} INFO - Dependencies sucessfully installed.
[2025-06-12T00:23:03.400+0000] {python.py:240} INFO - Done. Returned value was: None
[2025-06-12T00:23:03.411+0000] {taskinstance.py:340} INFO - ::group::Post task execution logs
[2025-06-12T00:23:03.412+0000] {taskinstance.py:352} INFO - Marking task as SUCCESS. dag_id=05_transform_data_prod, task_id=install_dbt_deps, run_id=manual__2025-06-12T00:22:54.661735+00:00, execution_date=20250612T002254, start_date=20250612T002256, end_date=20250612T002303
[2025-06-12T00:23:03.443+0000] {local_task_job_runner.py:266} INFO - Task exited with return code 0
[2025-06-12T00:23:03.463+0000] {taskinstance.py:3895} INFO - 1 downstream tasks scheduled from follow-on schedule check
[2025-06-12T00:23:03.466+0000] {local_task_job_runner.py:245} INFO - ::endgroup::
