[2025-06-05T20:17:30.511+0000] {local_task_job_runner.py:123} INFO - ::group::Pre task execution logs
[2025-06-05T20:17:30.530+0000] {taskinstance.py:2613} INFO - Dependencies all met for dep_context=non-requeueable deps ti=<TaskInstance: 04_transform_data.install_dbt_deps manual__2025-06-05T20:17:28.713928+00:00 [queued]>
[2025-06-05T20:17:30.538+0000] {taskinstance.py:2613} INFO - Dependencies all met for dep_context=requeueable deps ti=<TaskInstance: 04_transform_data.install_dbt_deps manual__2025-06-05T20:17:28.713928+00:00 [queued]>
[2025-06-05T20:17:30.540+0000] {taskinstance.py:2866} INFO - Starting attempt 1 of 1
[2025-06-05T20:17:30.552+0000] {taskinstance.py:2889} INFO - Executing <Task(PythonOperator): install_dbt_deps> on 2025-06-05 20:17:28.713928+00:00
[2025-06-05T20:17:30.557+0000] {standard_task_runner.py:72} INFO - Started process 2722 to run task
[2025-06-05T20:17:30.560+0000] {standard_task_runner.py:104} INFO - Running: ['***', 'tasks', 'run', '04_transform_data', 'install_dbt_deps', 'manual__2025-06-05T20:17:28.713928+00:00', '--job-id', '352', '--raw', '--subdir', 'DAGS_FOLDER/04_transform_data.py', '--cfg-path', '/tmp/tmp1nhd7ym1']
[2025-06-05T20:17:30.562+0000] {standard_task_runner.py:105} INFO - Job 352: Subtask install_dbt_deps
[2025-06-05T20:17:30.618+0000] {task_command.py:467} INFO - Running <TaskInstance: 04_transform_data.install_dbt_deps manual__2025-06-05T20:17:28.713928+00:00 [running]> on host 28e6a58e4107
[2025-06-05T20:17:30.710+0000] {taskinstance.py:3132} INFO - Exporting env vars: AIRFLOW_CTX_DAG_OWNER='***' AIRFLOW_CTX_DAG_ID='04_transform_data' AIRFLOW_CTX_TASK_ID='install_dbt_deps' AIRFLOW_CTX_EXECUTION_DATE='2025-06-05T20:17:28.713928+00:00' AIRFLOW_CTX_TRY_NUMBER='1' AIRFLOW_CTX_DAG_RUN_ID='manual__2025-06-05T20:17:28.713928+00:00'
[2025-06-05T20:17:30.711+0000] {taskinstance.py:731} INFO - ::endgroup::
[2025-06-05T20:17:32.476+0000] {logging_mixin.py:190} INFO - 20:17:32  Running with dbt=1.9.5
[2025-06-05T20:17:33.189+0000] {logging_mixin.py:190} INFO - 20:17:33  Installing dbt-labs/dbt_utils
[2025-06-05T20:17:36.511+0000] {logging_mixin.py:190} INFO - 20:17:36  Installed from version 1.2.0
[2025-06-05T20:17:36.512+0000] {logging_mixin.py:190} INFO - 20:17:36  Updated version available: 1.3.0
[2025-06-05T20:17:36.515+0000] {logging_mixin.py:190} INFO - 20:17:36
[2025-06-05T20:17:36.517+0000] {logging_mixin.py:190} INFO - 20:17:36  Updates available for packages: ['dbt-labs/dbt_utils']                 
Update your versions in packages.yml, then run dbt deps
[2025-06-05T20:17:37.200+0000] {logging_mixin.py:190} INFO - Dependencies sucessfully installed.
[2025-06-05T20:17:37.202+0000] {python.py:240} INFO - Done. Returned value was: None
[2025-06-05T20:17:37.213+0000] {taskinstance.py:340} INFO - ::group::Post task execution logs
[2025-06-05T20:17:37.214+0000] {taskinstance.py:352} INFO - Marking task as SUCCESS. dag_id=04_transform_data, task_id=install_dbt_deps, run_id=manual__2025-06-05T20:17:28.713928+00:00, execution_date=20250605T201728, start_date=20250605T201730, end_date=20250605T201737
[2025-06-05T20:17:37.238+0000] {local_task_job_runner.py:266} INFO - Task exited with return code 0
[2025-06-05T20:17:37.271+0000] {taskinstance.py:3895} INFO - 1 downstream tasks scheduled from follow-on schedule check
[2025-06-05T20:17:37.274+0000] {local_task_job_runner.py:245} INFO - ::endgroup::
