[2025-06-10T20:08:15.747+0000] {local_task_job_runner.py:123} INFO - ::group::Pre task execution logs
[2025-06-10T20:08:15.764+0000] {taskinstance.py:2613} INFO - Dependencies all met for dep_context=non-requeueable deps ti=<TaskInstance: 05_transform_data.run_dbt manual__2025-06-10T20:08:06.198580+00:00 [queued]>
[2025-06-10T20:08:15.772+0000] {taskinstance.py:2613} INFO - Dependencies all met for dep_context=requeueable deps ti=<TaskInstance: 05_transform_data.run_dbt manual__2025-06-10T20:08:06.198580+00:00 [queued]>
[2025-06-10T20:08:15.773+0000] {taskinstance.py:2866} INFO - Starting attempt 1 of 1
[2025-06-10T20:08:15.784+0000] {taskinstance.py:2889} INFO - Executing <Task(PythonOperator): run_dbt> on 2025-06-10 20:08:06.198580+00:00
[2025-06-10T20:08:15.789+0000] {standard_task_runner.py:72} INFO - Started process 4213 to run task
[2025-06-10T20:08:15.792+0000] {standard_task_runner.py:104} INFO - Running: ['***', 'tasks', 'run', '05_transform_data', 'run_dbt', 'manual__2025-06-10T20:08:06.198580+00:00', '--job-id', '725', '--raw', '--subdir', 'DAGS_FOLDER/05_transform_data.py', '--cfg-path', '/tmp/tmps9jfkwgw']
[2025-06-10T20:08:15.794+0000] {standard_task_runner.py:105} INFO - Job 725: Subtask run_dbt
[2025-06-10T20:08:15.843+0000] {task_command.py:467} INFO - Running <TaskInstance: 05_transform_data.run_dbt manual__2025-06-10T20:08:06.198580+00:00 [running]> on host 28e6a58e4107
[2025-06-10T20:08:15.919+0000] {taskinstance.py:3132} INFO - Exporting env vars: AIRFLOW_CTX_DAG_OWNER='***' AIRFLOW_CTX_DAG_ID='05_transform_data' AIRFLOW_CTX_TASK_ID='run_dbt' AIRFLOW_CTX_EXECUTION_DATE='2025-06-10T20:08:06.198580+00:00' AIRFLOW_CTX_TRY_NUMBER='1' AIRFLOW_CTX_DAG_RUN_ID='manual__2025-06-10T20:08:06.198580+00:00'
[2025-06-10T20:08:15.920+0000] {taskinstance.py:731} INFO - ::endgroup::
[2025-06-10T20:08:17.333+0000] {logging_mixin.py:190} INFO - 20:08:17  Running with dbt=1.9.5
[2025-06-10T20:08:17.682+0000] {logging_mixin.py:190} INFO - 20:08:17  Registered adapter: postgres=1.9.0
[2025-06-10T20:08:18.968+0000] {logging_mixin.py:190} INFO - 20:08:18  [WARNING]: Configuration paths exist in your dbt_project.yml file which do not apply to any resources.
There are 1 unused configuration paths:
- models.e_commerce_sales.example
[2025-06-10T20:08:19.347+0000] {logging_mixin.py:190} INFO - 20:08:19  Found 18 models, 12 sources, 549 macros, 1 unit test
[2025-06-10T20:08:19.351+0000] {logging_mixin.py:190} INFO - 20:08:19
[2025-06-10T20:08:19.353+0000] {logging_mixin.py:190} INFO - 20:08:19  Concurrency: 4 threads (target='dev')
[2025-06-10T20:08:19.354+0000] {logging_mixin.py:190} INFO - 20:08:19
[2025-06-10T20:08:19.520+0000] {logging_mixin.py:190} INFO - 20:08:19  1 of 18 START sql incremental model sales_stg.stg_mercadolivre ................. [RUN]
[2025-06-10T20:08:19.522+0000] {logging_mixin.py:190} INFO - 20:08:19  2 of 18 START sql incremental model sales_stg.stg_mercadolivre__order_items .... [RUN]
[2025-06-10T20:08:19.523+0000] {logging_mixin.py:190} INFO - 20:08:19  3 of 18 START sql incremental model sales_stg.stg_mercadolivre__payments ....... [RUN]
[2025-06-10T20:08:19.525+0000] {logging_mixin.py:190} INFO - 20:08:19  4 of 18 START sql incremental model sales_stg.stg_mercadolivre_sh .............. [RUN]
[2025-06-10T20:08:20.026+0000] {logging_mixin.py:190} INFO - 20:08:20  3 of 18 OK created sql incremental model sales_stg.stg_mercadolivre__payments .. [MERGE 301 in 0.49s]
[2025-06-10T20:08:20.034+0000] {logging_mixin.py:190} INFO - 20:08:20  4 of 18 OK created sql incremental model sales_stg.stg_mercadolivre_sh ......... [MERGE 263 in 0.50s]
[2025-06-10T20:08:20.036+0000] {logging_mixin.py:190} INFO - 20:08:20  1 of 18 OK created sql incremental model sales_stg.stg_mercadolivre ............ [MERGE 285 in 0.50s]
[2025-06-10T20:08:20.038+0000] {logging_mixin.py:190} INFO - 20:08:20  2 of 18 OK created sql incremental model sales_stg.stg_mercadolivre__order_items  [MERGE 285 in 0.50s]
[2025-06-10T20:08:20.043+0000] {logging_mixin.py:190} INFO - 20:08:20  5 of 18 START sql incremental model sales_stg.stg_shopee ....................... [RUN]
[2025-06-10T20:08:20.051+0000] {logging_mixin.py:190} INFO - 20:08:20  6 of 18 START sql incremental model sales.mercadolivre_orders_results .......... [RUN]
[2025-06-10T20:08:20.232+0000] {logging_mixin.py:190} INFO - 20:08:20  5 of 18 OK created sql incremental model sales_stg.stg_shopee .................. [MERGE 0 in 0.18s]
[2025-06-10T20:08:20.239+0000] {logging_mixin.py:190} INFO - 20:08:20  7 of 18 START sql incremental model sales.shopee_orders_results ................ [RUN]
[2025-06-10T20:08:20.279+0000] {logging_mixin.py:190} INFO - 20:08:20  6 of 18 OK created sql incremental model sales.mercadolivre_orders_results ..... [MERGE 190 in 0.22s]
[2025-06-10T20:08:20.298+0000] {logging_mixin.py:190} INFO - 20:08:20  8 of 18 START sql incremental model sales.dim_mercadolivre_buyer ............... [RUN]
[2025-06-10T20:08:20.300+0000] {logging_mixin.py:190} INFO - 20:08:20  9 of 18 START sql incremental model sales.dim_mercadolivre_date ................ [RUN]
[2025-06-10T20:08:20.302+0000] {logging_mixin.py:190} INFO - 20:08:20  10 of 18 START sql incremental model sales.dim_mercadolivre_orders_status ...... [RUN]
[2025-06-10T20:08:20.527+0000] {logging_mixin.py:190} INFO - 20:08:20  7 of 18 OK created sql incremental model sales.shopee_orders_results ........... [MERGE 0 in 0.28s]
[2025-06-10T20:08:20.542+0000] {logging_mixin.py:190} INFO - 20:08:20  11 of 18 START sql incremental model sales.dim_mercadolivre_product ............ [RUN]
[2025-06-10T20:08:20.584+0000] {logging_mixin.py:190} INFO - 20:08:20  8 of 18 OK created sql incremental model sales.dim_mercadolivre_buyer .......... [MERGE 188 in 0.28s]
[2025-06-10T20:08:20.587+0000] {logging_mixin.py:190} INFO - 20:08:20  9 of 18 OK created sql incremental model sales.dim_mercadolivre_date ........... [MERGE 190 in 0.28s]
[2025-06-10T20:08:20.605+0000] {logging_mixin.py:190} INFO - 20:08:20  10 of 18 OK created sql incremental model sales.dim_mercadolivre_orders_status . [MERGE 190 in 0.29s]
[2025-06-10T20:08:20.608+0000] {logging_mixin.py:190} INFO - 20:08:20  12 of 18 START sql incremental model sales.dim_shopee_buyer .................... [RUN]
[2025-06-10T20:08:20.610+0000] {logging_mixin.py:190} INFO - 20:08:20  13 of 18 START sql incremental model sales.dim_shopee_date ..................... [RUN]
[2025-06-10T20:08:20.618+0000] {logging_mixin.py:190} INFO - 20:08:20  14 of 18 START sql incremental model sales.dim_shopee_orders_status ............ [RUN]
[2025-06-10T20:08:20.825+0000] {logging_mixin.py:190} INFO - 20:08:20  11 of 18 OK created sql incremental model sales.dim_mercadolivre_product ....... [MERGE 65 in 0.27s]
[2025-06-10T20:08:20.831+0000] {logging_mixin.py:190} INFO - 20:08:20  15 of 18 START sql incremental model sales.dim_shopee_product .................. [RUN]
[2025-06-10T20:08:20.885+0000] {logging_mixin.py:190} INFO - 20:08:20  12 of 18 OK created sql incremental model sales.dim_shopee_buyer ............... [MERGE 0 in 0.26s]
[2025-06-10T20:08:20.889+0000] {logging_mixin.py:190} INFO - 20:08:20  14 of 18 OK created sql incremental model sales.dim_shopee_orders_status ....... [MERGE 0 in 0.24s]
[2025-06-10T20:08:20.894+0000] {logging_mixin.py:190} INFO - 20:08:20  13 of 18 OK created sql incremental model sales.dim_shopee_date ................ [MERGE 0 in 0.27s]
[2025-06-10T20:08:20.904+0000] {logging_mixin.py:190} INFO - 20:08:20  16 of 18 START sql view model sales.sum_shopee_monthly_profit .................. [RUN]
[2025-06-10T20:08:20.905+0000] {logging_mixin.py:190} INFO - 20:08:20  17 of 18 START sql view model sales.sum_shopee_monthly_revenue ................. [RUN]
[2025-06-10T20:08:21.093+0000] {logging_mixin.py:190} INFO - 20:08:21  16 of 18 OK created sql view model sales.sum_shopee_monthly_profit ............. [CREATE VIEW in 0.18s]
[2025-06-10T20:08:21.096+0000] {logging_mixin.py:190} INFO - 20:08:21  15 of 18 OK created sql incremental model sales.dim_shopee_product ............. [MERGE 0 in 0.25s]
[2025-06-10T20:08:21.107+0000] {logging_mixin.py:190} INFO - 20:08:21  17 of 18 OK created sql view model sales.sum_shopee_monthly_revenue ............ [CREATE VIEW in 0.19s]
[2025-06-10T20:08:21.109+0000] {logging_mixin.py:190} INFO - 20:08:21  18 of 18 START sql view model sales.sum_shopee_products_sold ................... [RUN]
[2025-06-10T20:08:21.188+0000] {logging_mixin.py:190} INFO - 20:08:21  18 of 18 OK created sql view model sales.sum_shopee_products_sold .............. [CREATE VIEW in 0.07s]
[2025-06-10T20:08:21.211+0000] {logging_mixin.py:190} INFO - 20:08:21
[2025-06-10T20:08:21.212+0000] {logging_mixin.py:190} INFO - 20:08:21  Finished running 15 incremental models, 3 view models in 0 hours 0 minutes and 1.86 seconds (1.86s).
[2025-06-10T20:08:21.288+0000] {logging_mixin.py:190} INFO - 20:08:21
[2025-06-10T20:08:21.290+0000] {logging_mixin.py:190} INFO - 20:08:21  Completed successfully
[2025-06-10T20:08:21.291+0000] {logging_mixin.py:190} INFO - 20:08:21
[2025-06-10T20:08:21.293+0000] {logging_mixin.py:190} INFO - 20:08:21  Done. PASS=18 WARN=0 ERROR=0 SKIP=0 TOTAL=18
[2025-06-10T20:08:22.237+0000] {logging_mixin.py:190} INFO - Transformation sucessfully done.
[2025-06-10T20:08:22.238+0000] {python.py:240} INFO - Done. Returned value was: None
[2025-06-10T20:08:22.251+0000] {taskinstance.py:340} INFO - ::group::Post task execution logs
[2025-06-10T20:08:22.252+0000] {taskinstance.py:352} INFO - Marking task as SUCCESS. dag_id=05_transform_data, task_id=run_dbt, run_id=manual__2025-06-10T20:08:06.198580+00:00, execution_date=20250610T200806, start_date=20250610T200815, end_date=20250610T200822
[2025-06-10T20:08:22.310+0000] {local_task_job_runner.py:266} INFO - Task exited with return code 0
[2025-06-10T20:08:22.328+0000] {taskinstance.py:3895} INFO - 0 downstream tasks scheduled from follow-on schedule check
[2025-06-10T20:08:22.331+0000] {local_task_job_runner.py:245} INFO - ::endgroup::
