[2025-06-06T21:12:53.938+0000] {local_task_job_runner.py:123} INFO - ::group::Pre task execution logs
[2025-06-06T21:12:53.961+0000] {taskinstance.py:2613} INFO - Dependencies all met for dep_context=non-requeueable deps ti=<TaskInstance: 03_load_data.load_mercadolivre manual__2025-06-06T21:12:51.530916+00:00 [queued]>
[2025-06-06T21:12:53.970+0000] {taskinstance.py:2613} INFO - Dependencies all met for dep_context=requeueable deps ti=<TaskInstance: 03_load_data.load_mercadolivre manual__2025-06-06T21:12:51.530916+00:00 [queued]>
[2025-06-06T21:12:53.971+0000] {taskinstance.py:2866} INFO - Starting attempt 1 of 1
[2025-06-06T21:12:53.984+0000] {taskinstance.py:2889} INFO - Executing <Task(PythonOperator): load_mercadolivre> on 2025-06-06 21:12:51.530916+00:00
[2025-06-06T21:12:53.989+0000] {standard_task_runner.py:72} INFO - Started process 5802 to run task
[2025-06-06T21:12:53.994+0000] {standard_task_runner.py:104} INFO - Running: ['***', 'tasks', 'run', '03_load_data', 'load_mercadolivre', 'manual__2025-06-06T21:12:51.530916+00:00', '--job-id', '467', '--raw', '--subdir', 'DAGS_FOLDER/03_load_data.py', '--cfg-path', '/tmp/tmp9i54ke_9']
[2025-06-06T21:12:53.996+0000] {standard_task_runner.py:105} INFO - Job 467: Subtask load_mercadolivre
[2025-06-06T21:12:54.060+0000] {task_command.py:467} INFO - Running <TaskInstance: 03_load_data.load_mercadolivre manual__2025-06-06T21:12:51.530916+00:00 [running]> on host 28e6a58e4107
[2025-06-06T21:12:54.165+0000] {taskinstance.py:3132} INFO - Exporting env vars: AIRFLOW_CTX_DAG_OWNER='***' AIRFLOW_CTX_DAG_ID='03_load_data' AIRFLOW_CTX_TASK_ID='load_mercadolivre' AIRFLOW_CTX_EXECUTION_DATE='2025-06-06T21:12:51.530916+00:00' AIRFLOW_CTX_TRY_NUMBER='1' AIRFLOW_CTX_DAG_RUN_ID='manual__2025-06-06T21:12:51.530916+00:00'
[2025-06-06T21:12:54.166+0000] {taskinstance.py:731} INFO - ::endgroup::
[2025-06-06T21:12:55.093+0000] {warnings.py:109} WARNING - /home/***/.local/lib/python3.9/site-packages/dlt/helpers/dbt/__init__.py:3: UserWarning: pkg_resources is deprecated as an API. See https://setuptools.pypa.io/en/latest/pkg_resources.html. The pkg_resources package is slated for removal as early as 2025-11-30. Refrain from using this package or pin to Setuptools<81.
  import pkg_resources

[2025-06-06T21:12:55.433+0000] {config_providers_context.py:156} WARNING - Airflow variable 'dlt_secrets_toml' was not found. This Airflow variable is a recommended place to hold the content of secrets.toml.If you do not use Airflow variables to hold dlt configuration or use variables with other names you can ignore this warning.
[2025-06-06T21:12:57.723+0000] {logging_mixin.py:190} INFO - trying to load ./extraction/mercadolivre/data/raw/ml_sell_data_2024-07-01T00:00:00.000-03:00_2024-10-01T00:00:00.000-03:00_0.json to sales_db
[2025-06-06T21:13:01.622+0000] {logging_mixin.py:190} INFO - Pipeline mercadolivre_data load step completed in 1.15 seconds
1 load package(s) were loaded to destination postgres and into dataset stg
The postgres destination used postgresql://***:***@pgdatabase:5432/sales_db location to store data
Load package 1749244378.9638236 is LOADED and contains no failed jobs
[2025-06-06T21:13:01.623+0000] {logging_mixin.py:190} INFO - Run started at 2025-06-06 21:12:57.725426+00:00 and COMPLETED in 3.89 seconds with 4 steps.
Step extract COMPLETED in 0.82 seconds.

Load package 1749244378.9638236 is EXTRACTED and NOT YET LOADED to the destination and contains no failed jobs

Step normalize COMPLETED in 0.44 seconds.
Normalized data for the following tables:
- stg_mercadolivre: 50 row(s)
- stg_mercadolivre__payments: 52 row(s)
- stg_mercadolivre__payments__available_actions: 52 row(s)
- stg_mercadolivre__order_items: 50 row(s)
- stg_mercadolivre__tags: 118 row(s)
- stg_mercadolivre__order_items__item__variation_attributes: 44 row(s)
- stg_mercadolivre__mediations: 2 row(s)
- stg_mercadolivre__context__flows: 9 row(s)

Load package 1749244378.9638236 is NORMALIZED and NOT YET LOADED to the destination and contains no failed jobs

Step load COMPLETED in 1.43 seconds.
Pipeline mercadolivre_data load step completed in 1.15 seconds
1 load package(s) were loaded to destination postgres and into dataset stg
The postgres destination used postgresql://***:***@pgdatabase:5432/sales_db location to store data
Load package 1749244378.9638236 is LOADED and contains no failed jobs

Step run COMPLETED in 3.89 seconds.
Pipeline mercadolivre_data load step completed in 1.15 seconds
1 load package(s) were loaded to destination postgres and into dataset stg
The postgres destination used postgresql://***:***@pgdatabase:5432/sales_db location to store data
Load package 1749244378.9638236 is LOADED and contains no failed jobs
[2025-06-06T21:13:01.627+0000] {logging_mixin.py:190} INFO - trying to load ./extraction/mercadolivre/data/raw/ml_sell_data_2024-07-01T00:00:00.000-03:00_2024-10-01T00:00:00.000-03:00_1.json to sales_db
[2025-06-06T21:13:02.945+0000] {logging_mixin.py:190} INFO - Pipeline mercadolivre_data load step completed in 1.10 seconds
1 load package(s) were loaded to destination postgres and into dataset stg
The postgres destination used postgresql://***:***@pgdatabase:5432/sales_db location to store data
Load package 1749244381.6884727 is LOADED and contains no failed jobs
[2025-06-06T21:13:02.947+0000] {logging_mixin.py:190} INFO - Run started at 2025-06-06 21:13:01.628505+00:00 and COMPLETED in 1.31 seconds with 4 steps.
Step extract COMPLETED in 0.07 seconds.

Load package 1749244381.6884727 is EXTRACTED and NOT YET LOADED to the destination and contains no failed jobs

Step normalize COMPLETED in 0.09 seconds.
Normalized data for the following tables:
- stg_mercadolivre: 30 row(s)
- stg_mercadolivre__payments: 32 row(s)
- stg_mercadolivre__payments__available_actions: 32 row(s)
- stg_mercadolivre__order_items: 30 row(s)
- stg_mercadolivre__tags: 83 row(s)
- stg_mercadolivre__context__flows: 14 row(s)
- stg_mercadolivre__order_items__item__variation_attributes: 13 row(s)
- stg_mercadolivre__mediations: 2 row(s)

Load package 1749244381.6884727 is NORMALIZED and NOT YET LOADED to the destination and contains no failed jobs

Step load COMPLETED in 1.14 seconds.
Pipeline mercadolivre_data load step completed in 1.10 seconds
1 load package(s) were loaded to destination postgres and into dataset stg
The postgres destination used postgresql://***:***@pgdatabase:5432/sales_db location to store data
Load package 1749244381.6884727 is LOADED and contains no failed jobs

Step run COMPLETED in 1.31 seconds.
Pipeline mercadolivre_data load step completed in 1.10 seconds
1 load package(s) were loaded to destination postgres and into dataset stg
The postgres destination used postgresql://***:***@pgdatabase:5432/sales_db location to store data
Load package 1749244381.6884727 is LOADED and contains no failed jobs
[2025-06-06T21:13:02.954+0000] {logging_mixin.py:190} INFO - trying to load ./extraction/mercadolivre/data/raw/ml_sell_data_2024-07-01T00:00:00.000-03:00_2025-04-01T00:00:00.000-03:00_0.json to sales_db
[2025-06-06T21:13:03.304+0000] {logging_mixin.py:190} INFO - Pipeline mercadolivre_data load step completed in 0.10 seconds
1 load package(s) were loaded to destination postgres and into dataset stg
The postgres destination used postgresql://***:***@pgdatabase:5432/sales_db location to store data
Load package 1749244383.015076 is LOADED and contains no failed jobs
[2025-06-06T21:13:03.306+0000] {logging_mixin.py:190} INFO - Run started at 2025-06-06 21:13:02.955581+00:00 and COMPLETED in 0.35 seconds with 4 steps.
Step extract COMPLETED in 0.07 seconds.

Load package 1749244383.015076 is EXTRACTED and NOT YET LOADED to the destination and contains no failed jobs

Step normalize COMPLETED in 0.12 seconds.
Normalized data for the following tables:
- stg_mercadolivre: 50 row(s)
- stg_mercadolivre__payments: 52 row(s)
- stg_mercadolivre__payments__available_actions: 52 row(s)
- stg_mercadolivre__order_items: 50 row(s)
- stg_mercadolivre__tags: 118 row(s)
- stg_mercadolivre__order_items__item__variation_attributes: 44 row(s)
- stg_mercadolivre__mediations: 2 row(s)
- stg_mercadolivre__context__flows: 9 row(s)

Load package 1749244383.015076 is NORMALIZED and NOT YET LOADED to the destination and contains no failed jobs

Step load COMPLETED in 0.14 seconds.
Pipeline mercadolivre_data load step completed in 0.10 seconds
1 load package(s) were loaded to destination postgres and into dataset stg
The postgres destination used postgresql://***:***@pgdatabase:5432/sales_db location to store data
Load package 1749244383.015076 is LOADED and contains no failed jobs

Step run COMPLETED in 0.35 seconds.
Pipeline mercadolivre_data load step completed in 0.10 seconds
1 load package(s) were loaded to destination postgres and into dataset stg
The postgres destination used postgresql://***:***@pgdatabase:5432/sales_db location to store data
Load package 1749244383.015076 is LOADED and contains no failed jobs
[2025-06-06T21:13:03.312+0000] {logging_mixin.py:190} INFO - trying to load ./extraction/mercadolivre/data/raw/ml_sell_data_2024-07-01T00:00:00.000-03:00_2025-04-01T00:00:00.000-03:00_1.json to sales_db
[2025-06-06T21:13:03.643+0000] {logging_mixin.py:190} INFO - Pipeline mercadolivre_data load step completed in 0.10 seconds
1 load package(s) were loaded to destination postgres and into dataset stg
The postgres destination used postgresql://***:***@pgdatabase:5432/sales_db location to store data
Load package 1749244383.3731449 is LOADED and contains no failed jobs
[2025-06-06T21:13:03.645+0000] {logging_mixin.py:190} INFO - Run started at 2025-06-06 21:13:03.313890+00:00 and COMPLETED in 0.33 seconds with 4 steps.
Step extract COMPLETED in 0.07 seconds.

Load package 1749244383.3731449 is EXTRACTED and NOT YET LOADED to the destination and contains no failed jobs

Step normalize COMPLETED in 0.10 seconds.
Normalized data for the following tables:
- stg_mercadolivre: 50 row(s)
- stg_mercadolivre__payments: 53 row(s)
- stg_mercadolivre__payments__available_actions: 53 row(s)
- stg_mercadolivre__order_items: 50 row(s)
- stg_mercadolivre__tags: 135 row(s)
- stg_mercadolivre__context__flows: 19 row(s)
- stg_mercadolivre__order_items__item__variation_attributes: 27 row(s)
- stg_mercadolivre__mediations: 3 row(s)

Load package 1749244383.3731449 is NORMALIZED and NOT YET LOADED to the destination and contains no failed jobs

Step load COMPLETED in 0.14 seconds.
Pipeline mercadolivre_data load step completed in 0.10 seconds
1 load package(s) were loaded to destination postgres and into dataset stg
The postgres destination used postgresql://***:***@pgdatabase:5432/sales_db location to store data
Load package 1749244383.3731449 is LOADED and contains no failed jobs

Step run COMPLETED in 0.33 seconds.
Pipeline mercadolivre_data load step completed in 0.10 seconds
1 load package(s) were loaded to destination postgres and into dataset stg
The postgres destination used postgresql://***:***@pgdatabase:5432/sales_db location to store data
Load package 1749244383.3731449 is LOADED and contains no failed jobs
[2025-06-06T21:13:03.651+0000] {logging_mixin.py:190} INFO - trying to load ./extraction/mercadolivre/data/raw/ml_sell_data_2024-07-01T00:00:00.000-03:00_2025-04-01T00:00:00.000-03:00_2.json to sales_db
[2025-06-06T21:13:05.011+0000] {logging_mixin.py:190} INFO - Pipeline mercadolivre_data load step completed in 1.10 seconds
1 load package(s) were loaded to destination postgres and into dataset stg
The postgres destination used postgresql://***:***@pgdatabase:5432/sales_db location to store data
Load package 1749244383.725582 is LOADED and contains no failed jobs
[2025-06-06T21:13:05.013+0000] {logging_mixin.py:190} INFO - Run started at 2025-06-06 21:13:03.652467+00:00 and COMPLETED in 1.36 seconds with 4 steps.
Step extract COMPLETED in 0.08 seconds.

Load package 1749244383.725582 is EXTRACTED and NOT YET LOADED to the destination and contains no failed jobs

Step normalize COMPLETED in 0.11 seconds.
Normalized data for the following tables:
- stg_mercadolivre: 50 row(s)
- stg_mercadolivre__payments: 55 row(s)
- stg_mercadolivre__payments__available_actions: 55 row(s)
- stg_mercadolivre__order_items: 50 row(s)
- stg_mercadolivre__order_items__item__variation_attributes: 43 row(s)
- stg_mercadolivre__tags: 144 row(s)
- stg_mercadolivre__mediations: 6 row(s)
- stg_mercadolivre__context__flows: 10 row(s)

Load package 1749244383.725582 is NORMALIZED and NOT YET LOADED to the destination and contains no failed jobs

Step load COMPLETED in 1.14 seconds.
Pipeline mercadolivre_data load step completed in 1.10 seconds
1 load package(s) were loaded to destination postgres and into dataset stg
The postgres destination used postgresql://***:***@pgdatabase:5432/sales_db location to store data
Load package 1749244383.725582 is LOADED and contains no failed jobs

Step run COMPLETED in 1.36 seconds.
Pipeline mercadolivre_data load step completed in 1.10 seconds
1 load package(s) were loaded to destination postgres and into dataset stg
The postgres destination used postgresql://***:***@pgdatabase:5432/sales_db location to store data
Load package 1749244383.725582 is LOADED and contains no failed jobs
[2025-06-06T21:13:05.019+0000] {logging_mixin.py:190} INFO - trying to load ./extraction/mercadolivre/data/raw/ml_sell_data_2024-07-01T00:00:00.000-03:00_2025-04-01T00:00:00.000-03:00_3.json to sales_db
[2025-06-06T21:13:06.373+0000] {logging_mixin.py:190} INFO - Pipeline mercadolivre_data load step completed in 1.11 seconds
1 load package(s) were loaded to destination postgres and into dataset stg
The postgres destination used postgresql://***:***@pgdatabase:5432/sales_db location to store data
Load package 1749244385.0822096 is LOADED and contains no failed jobs
[2025-06-06T21:13:06.375+0000] {logging_mixin.py:190} INFO - Run started at 2025-06-06 21:13:05.021272+00:00 and COMPLETED in 1.35 seconds with 4 steps.
Step extract COMPLETED in 0.07 seconds.

Load package 1749244385.0822096 is EXTRACTED and NOT YET LOADED to the destination and contains no failed jobs

Step normalize COMPLETED in 0.11 seconds.
Normalized data for the following tables:
- stg_mercadolivre: 50 row(s)
- stg_mercadolivre__payments: 52 row(s)
- stg_mercadolivre__payments__available_actions: 52 row(s)
- stg_mercadolivre__order_items: 50 row(s)
- stg_mercadolivre__order_items__item__variation_attributes: 47 row(s)
- stg_mercadolivre__tags: 165 row(s)
- stg_mercadolivre__context__flows: 16 row(s)
- stg_mercadolivre__mediations: 9 row(s)

Load package 1749244385.0822096 is NORMALIZED and NOT YET LOADED to the destination and contains no failed jobs

Step load COMPLETED in 1.15 seconds.
Pipeline mercadolivre_data load step completed in 1.11 seconds
1 load package(s) were loaded to destination postgres and into dataset stg
The postgres destination used postgresql://***:***@pgdatabase:5432/sales_db location to store data
Load package 1749244385.0822096 is LOADED and contains no failed jobs

Step run COMPLETED in 1.35 seconds.
Pipeline mercadolivre_data load step completed in 1.11 seconds
1 load package(s) were loaded to destination postgres and into dataset stg
The postgres destination used postgresql://***:***@pgdatabase:5432/sales_db location to store data
Load package 1749244385.0822096 is LOADED and contains no failed jobs
[2025-06-06T21:13:06.382+0000] {logging_mixin.py:190} INFO - trying to load ./extraction/mercadolivre/data/raw/ml_sell_data_2024-07-01T00:00:00.000-03:00_2025-04-01T00:00:00.000-03:00_4.json to sales_db
[2025-06-06T21:13:07.726+0000] {logging_mixin.py:190} INFO - Pipeline mercadolivre_data load step completed in 1.10 seconds
1 load package(s) were loaded to destination postgres and into dataset stg
The postgres destination used postgresql://***:***@pgdatabase:5432/sales_db location to store data
Load package 1749244386.4408193 is LOADED and contains no failed jobs
[2025-06-06T21:13:07.728+0000] {logging_mixin.py:190} INFO - Run started at 2025-06-06 21:13:06.383381+00:00 and COMPLETED in 1.34 seconds with 4 steps.
Step extract COMPLETED in 0.06 seconds.

Load package 1749244386.4408193 is EXTRACTED and NOT YET LOADED to the destination and contains no failed jobs

Step normalize COMPLETED in 0.12 seconds.
Normalized data for the following tables:
- stg_mercadolivre: 50 row(s)
- stg_mercadolivre__payments: 53 row(s)
- stg_mercadolivre__payments__available_actions: 53 row(s)
- stg_mercadolivre__order_items: 50 row(s)
- stg_mercadolivre__order_items__item__variation_attributes: 53 row(s)
- stg_mercadolivre__tags: 154 row(s)
- stg_mercadolivre__mediations: 5 row(s)
- stg_mercadolivre__context__flows: 5 row(s)

Load package 1749244386.4408193 is NORMALIZED and NOT YET LOADED to the destination and contains no failed jobs

Step load COMPLETED in 1.14 seconds.
Pipeline mercadolivre_data load step completed in 1.10 seconds
1 load package(s) were loaded to destination postgres and into dataset stg
The postgres destination used postgresql://***:***@pgdatabase:5432/sales_db location to store data
Load package 1749244386.4408193 is LOADED and contains no failed jobs

Step run COMPLETED in 1.34 seconds.
Pipeline mercadolivre_data load step completed in 1.10 seconds
1 load package(s) were loaded to destination postgres and into dataset stg
The postgres destination used postgresql://***:***@pgdatabase:5432/sales_db location to store data
Load package 1749244386.4408193 is LOADED and contains no failed jobs
[2025-06-06T21:13:07.734+0000] {logging_mixin.py:190} INFO - trying to load ./extraction/mercadolivre/data/raw/ml_sell_data_2024-07-01T00:00:00.000-03:00_2025-04-01T00:00:00.000-03:00_5.json to sales_db
[2025-06-06T21:13:08.051+0000] {logging_mixin.py:190} INFO - Pipeline mercadolivre_data load step completed in 0.10 seconds
1 load package(s) were loaded to destination postgres and into dataset stg
The postgres destination used postgresql://***:***@pgdatabase:5432/sales_db location to store data
Load package 1749244387.7950048 is LOADED and contains no failed jobs
[2025-06-06T21:13:08.053+0000] {logging_mixin.py:190} INFO - Run started at 2025-06-06 21:13:07.735610+00:00 and COMPLETED in 0.31 seconds with 4 steps.
Step extract COMPLETED in 0.07 seconds.

Load package 1749244387.7950048 is EXTRACTED and NOT YET LOADED to the destination and contains no failed jobs

Step normalize COMPLETED in 0.09 seconds.
Normalized data for the following tables:
- stg_mercadolivre: 35 row(s)
- stg_mercadolivre__payments: 36 row(s)
- stg_mercadolivre__payments__available_actions: 36 row(s)
- stg_mercadolivre__order_items: 35 row(s)
- stg_mercadolivre__order_items__item__variation_attributes: 33 row(s)
- stg_mercadolivre__tags: 96 row(s)
- stg_mercadolivre__context__flows: 4 row(s)
- stg_mercadolivre__mediations: 1 row(s)

Load package 1749244387.7950048 is NORMALIZED and NOT YET LOADED to the destination and contains no failed jobs

Step load COMPLETED in 0.13 seconds.
Pipeline mercadolivre_data load step completed in 0.10 seconds
1 load package(s) were loaded to destination postgres and into dataset stg
The postgres destination used postgresql://***:***@pgdatabase:5432/sales_db location to store data
Load package 1749244387.7950048 is LOADED and contains no failed jobs

Step run COMPLETED in 0.31 seconds.
Pipeline mercadolivre_data load step completed in 0.10 seconds
1 load package(s) were loaded to destination postgres and into dataset stg
The postgres destination used postgresql://***:***@pgdatabase:5432/sales_db location to store data
Load package 1749244387.7950048 is LOADED and contains no failed jobs
[2025-06-06T21:13:08.059+0000] {logging_mixin.py:190} INFO - trying to load ./extraction/mercadolivre/data/raw/sample.json to sales_db
[2025-06-06T21:13:09.390+0000] {logging_mixin.py:190} INFO - Pipeline mercadolivre_data load step completed in 1.10 seconds
1 load package(s) were loaded to destination postgres and into dataset stg
The postgres destination used postgresql://***:***@pgdatabase:5432/sales_db location to store data
Load package 1749244388.1196558 is LOADED and contains no failed jobs
[2025-06-06T21:13:09.392+0000] {logging_mixin.py:190} INFO - Run started at 2025-06-06 21:13:08.060515+00:00 and COMPLETED in 1.33 seconds with 4 steps.
Step extract COMPLETED in 0.07 seconds.

Load package 1749244388.1196558 is EXTRACTED and NOT YET LOADED to the destination and contains no failed jobs

Step normalize COMPLETED in 0.11 seconds.
Normalized data for the following tables:
- stg_mercadolivre: 50 row(s)
- stg_mercadolivre__payments: 52 row(s)
- stg_mercadolivre__payments__available_actions: 52 row(s)
- stg_mercadolivre__order_items: 50 row(s)
- stg_mercadolivre__tags: 118 row(s)
- stg_mercadolivre__order_items__item__variation_attributes: 44 row(s)
- stg_mercadolivre__mediations: 2 row(s)
- stg_mercadolivre__context__flows: 9 row(s)

Load package 1749244388.1196558 is NORMALIZED and NOT YET LOADED to the destination and contains no failed jobs

Step load COMPLETED in 1.13 seconds.
Pipeline mercadolivre_data load step completed in 1.10 seconds
1 load package(s) were loaded to destination postgres and into dataset stg
The postgres destination used postgresql://***:***@pgdatabase:5432/sales_db location to store data
Load package 1749244388.1196558 is LOADED and contains no failed jobs

Step run COMPLETED in 1.33 seconds.
Pipeline mercadolivre_data load step completed in 1.10 seconds
1 load package(s) were loaded to destination postgres and into dataset stg
The postgres destination used postgresql://***:***@pgdatabase:5432/sales_db location to store data
Load package 1749244388.1196558 is LOADED and contains no failed jobs
[2025-06-06T21:13:09.393+0000] {python.py:240} INFO - Done. Returned value was: 1
[2025-06-06T21:13:09.419+0000] {taskinstance.py:340} INFO - ::group::Post task execution logs
[2025-06-06T21:13:09.420+0000] {taskinstance.py:352} INFO - Marking task as SUCCESS. dag_id=03_load_data, task_id=load_mercadolivre, run_id=manual__2025-06-06T21:12:51.530916+00:00, execution_date=20250606T211251, start_date=20250606T211253, end_date=20250606T211309
[2025-06-06T21:13:09.453+0000] {local_task_job_runner.py:266} INFO - Task exited with return code 0
[2025-06-06T21:13:09.470+0000] {taskinstance.py:3895} INFO - 0 downstream tasks scheduled from follow-on schedule check
[2025-06-06T21:13:09.473+0000] {local_task_job_runner.py:245} INFO - ::endgroup::
