[2025-06-10T19:53:02.262+0000] {local_task_job_runner.py:123} INFO - ::group::Pre task execution logs
[2025-06-10T19:53:02.281+0000] {taskinstance.py:2613} INFO - Dependencies all met for dep_context=non-requeueable deps ti=<TaskInstance: 05_transform_data.run_dbt manual__2025-06-10T19:52:53.563288+00:00 [queued]>
[2025-06-10T19:53:02.290+0000] {taskinstance.py:2613} INFO - Dependencies all met for dep_context=requeueable deps ti=<TaskInstance: 05_transform_data.run_dbt manual__2025-06-10T19:52:53.563288+00:00 [queued]>
[2025-06-10T19:53:02.292+0000] {taskinstance.py:2866} INFO - Starting attempt 1 of 1
[2025-06-10T19:53:02.304+0000] {taskinstance.py:2889} INFO - Executing <Task(PythonOperator): run_dbt> on 2025-06-10 19:52:53.563288+00:00
[2025-06-10T19:53:02.309+0000] {standard_task_runner.py:72} INFO - Started process 3971 to run task
[2025-06-10T19:53:02.312+0000] {standard_task_runner.py:104} INFO - Running: ['***', 'tasks', 'run', '05_transform_data', 'run_dbt', 'manual__2025-06-10T19:52:53.563288+00:00', '--job-id', '721', '--raw', '--subdir', 'DAGS_FOLDER/05_transform_data.py', '--cfg-path', '/tmp/tmpn1phd5gj']
[2025-06-10T19:53:02.314+0000] {standard_task_runner.py:105} INFO - Job 721: Subtask run_dbt
[2025-06-10T19:53:02.367+0000] {task_command.py:467} INFO - Running <TaskInstance: 05_transform_data.run_dbt manual__2025-06-10T19:52:53.563288+00:00 [running]> on host 28e6a58e4107
[2025-06-10T19:53:02.460+0000] {taskinstance.py:3132} INFO - Exporting env vars: AIRFLOW_CTX_DAG_OWNER='***' AIRFLOW_CTX_DAG_ID='05_transform_data' AIRFLOW_CTX_TASK_ID='run_dbt' AIRFLOW_CTX_EXECUTION_DATE='2025-06-10T19:52:53.563288+00:00' AIRFLOW_CTX_TRY_NUMBER='1' AIRFLOW_CTX_DAG_RUN_ID='manual__2025-06-10T19:52:53.563288+00:00'
[2025-06-10T19:53:02.462+0000] {taskinstance.py:731} INFO - ::endgroup::
[2025-06-10T19:53:04.051+0000] {logging_mixin.py:190} INFO - 19:53:04  Running with dbt=1.9.5
[2025-06-10T19:53:04.432+0000] {logging_mixin.py:190} INFO - 19:53:04  Registered adapter: postgres=1.9.0
[2025-06-10T19:53:05.782+0000] {logging_mixin.py:190} INFO - 19:53:05  [WARNING]: Configuration paths exist in your dbt_project.yml file which do not apply to any resources.
There are 1 unused configuration paths:
- models.e_commerce_sales.example
[2025-06-10T19:53:06.194+0000] {logging_mixin.py:190} INFO - 19:53:06  Found 18 models, 12 sources, 549 macros, 1 unit test
[2025-06-10T19:53:06.199+0000] {logging_mixin.py:190} INFO - 19:53:06
[2025-06-10T19:53:06.200+0000] {logging_mixin.py:190} INFO - 19:53:06  Concurrency: 4 threads (target='dev')
[2025-06-10T19:53:06.202+0000] {logging_mixin.py:190} INFO - 19:53:06
[2025-06-10T19:53:06.372+0000] {logging_mixin.py:190} INFO - 19:53:06  1 of 18 START sql incremental model sales_stg.stg_mercadolivre ................. [RUN]
[2025-06-10T19:53:06.374+0000] {logging_mixin.py:190} INFO - 19:53:06  2 of 18 START sql incremental model sales_stg.stg_mercadolivre__order_items .... [RUN]
[2025-06-10T19:53:06.377+0000] {logging_mixin.py:190} INFO - 19:53:06  3 of 18 START sql incremental model sales_stg.stg_mercadolivre__payments ....... [RUN]
[2025-06-10T19:53:06.379+0000] {logging_mixin.py:190} INFO - 19:53:06  4 of 18 START sql incremental model sales_stg.stg_mercadolivre_sh .............. [RUN]
[2025-06-10T19:53:06.877+0000] {logging_mixin.py:190} INFO - 19:53:06  2 of 18 OK created sql incremental model sales_stg.stg_mercadolivre__order_items  [MERGE 285 in 0.49s]
[2025-06-10T19:53:06.879+0000] {logging_mixin.py:190} INFO - 19:53:06  3 of 18 OK created sql incremental model sales_stg.stg_mercadolivre__payments .. [MERGE 301 in 0.49s]
[2025-06-10T19:53:06.881+0000] {logging_mixin.py:190} INFO - 19:53:06  1 of 18 OK created sql incremental model sales_stg.stg_mercadolivre ............ [MERGE 285 in 0.50s]
[2025-06-10T19:53:06.883+0000] {logging_mixin.py:190} INFO - 19:53:06  4 of 18 OK created sql incremental model sales_stg.stg_mercadolivre_sh ......... [MERGE 263 in 0.49s]
[2025-06-10T19:53:06.894+0000] {logging_mixin.py:190} INFO - 19:53:06  5 of 18 START sql incremental model sales_stg.stg_shopee ....................... [RUN]
[2025-06-10T19:53:06.896+0000] {logging_mixin.py:190} INFO - 19:53:06  6 of 18 START sql incremental model sales.mercadolivre_orders_results .......... [RUN]
[2025-06-10T19:53:07.047+0000] {logging_mixin.py:190} INFO - 19:53:07  5 of 18 OK created sql incremental model sales_stg.stg_shopee .................. [MERGE 0 in 0.15s]
[2025-06-10T19:53:07.053+0000] {logging_mixin.py:190} INFO - 19:53:07  7 of 18 START sql incremental model sales.shopee_orders_results ................ [RUN]
[2025-06-10T19:53:07.170+0000] {logging_mixin.py:190} INFO - 19:53:07  7 of 18 OK created sql incremental model sales.shopee_orders_results ........... [MERGE 0 in 0.11s]
[2025-06-10T19:53:07.175+0000] {logging_mixin.py:190} INFO - 19:53:07  8 of 18 START sql incremental model sales.dim_shopee_buyer ..................... [RUN]
[2025-06-10T19:53:07.177+0000] {logging_mixin.py:190} INFO - 19:53:07  9 of 18 START sql incremental model sales.dim_shopee_date ...................... [RUN]
[2025-06-10T19:53:07.179+0000] {logging_mixin.py:190} INFO - 19:53:07  10 of 18 START sql incremental model sales.dim_shopee_orders_status ............ [RUN]
[2025-06-10T19:53:07.414+0000] {logging_mixin.py:190} INFO - 19:53:07  6 of 18 OK created sql incremental model sales.mercadolivre_orders_results ..... [MERGE 190 in 0.51s]
[2025-06-10T19:53:07.430+0000] {logging_mixin.py:190} INFO - 19:53:07  11 of 18 START sql incremental model sales.dim_shopee_product .................. [RUN]
[2025-06-10T19:53:07.464+0000] {logging_mixin.py:190} INFO - 19:53:07  8 of 18 OK created sql incremental model sales.dim_shopee_buyer ................ [MERGE 0 in 0.28s]
[2025-06-10T19:53:07.472+0000] {logging_mixin.py:190} INFO - 19:53:07  9 of 18 OK created sql incremental model sales.dim_shopee_date ................. [MERGE 0 in 0.29s]
[2025-06-10T19:53:07.474+0000] {logging_mixin.py:190} INFO - 19:53:07  10 of 18 OK created sql incremental model sales.dim_shopee_orders_status ....... [MERGE 0 in 0.29s]
[2025-06-10T19:53:07.489+0000] {logging_mixin.py:190} INFO - 19:53:07  12 of 18 START sql incremental model sales.dim_mercadolivre_buyer .............. [RUN]
[2025-06-10T19:53:07.494+0000] {logging_mixin.py:190} INFO - 19:53:07  13 of 18 START sql incremental model sales.dim_mercadolivre_date ............... [RUN]
[2025-06-10T19:53:07.497+0000] {logging_mixin.py:190} INFO - 19:53:07  14 of 18 START sql incremental model sales.dim_mercadolivre_orders_status ...... [RUN]
[2025-06-10T19:53:07.729+0000] {logging_mixin.py:190} INFO - 19:53:07  11 of 18 OK created sql incremental model sales.dim_shopee_product ............. [MERGE 0 in 0.29s]
[2025-06-10T19:53:07.746+0000] {logging_mixin.py:190} INFO - 19:53:07  15 of 18 START sql incremental model sales.dim_mercadolivre_product ............ [RUN]
[2025-06-10T19:53:07.777+0000] {logging_mixin.py:190} INFO - 19:53:07  12 of 18 OK created sql incremental model sales.dim_mercadolivre_buyer ......... [MERGE 188 in 0.26s]
[2025-06-10T19:53:07.785+0000] {logging_mixin.py:190} INFO - 19:53:07  13 of 18 OK created sql incremental model sales.dim_mercadolivre_date .......... [MERGE 190 in 0.28s]
[2025-06-10T19:53:07.792+0000] {logging_mixin.py:190} INFO - 19:53:07  14 of 18 OK created sql incremental model sales.dim_mercadolivre_orders_status . [MERGE 190 in 0.29s]
[2025-06-10T19:53:07.802+0000] {logging_mixin.py:190} INFO - 19:53:07  16 of 18 START sql view model sales.sum_shopee_monthly_profit .................. [RUN]
[2025-06-10T19:53:07.809+0000] {logging_mixin.py:190} INFO - 19:53:07  17 of 18 START sql view model sales.sum_shopee_monthly_revenue ................. [RUN]
[2025-06-10T19:53:07.815+0000] {logging_mixin.py:190} INFO - 19:53:07  18 of 18 START sql view model sales.sum_shopee_products_sold ................... [RUN]
[2025-06-10T19:53:08.045+0000] {logging_mixin.py:190} INFO - 19:53:08  15 of 18 OK created sql incremental model sales.dim_mercadolivre_product ....... [MERGE 65 in 0.28s]
[2025-06-10T19:53:08.090+0000] {logging_mixin.py:190} INFO - 19:53:08  16 of 18 OK created sql view model sales.sum_shopee_monthly_profit ............. [CREATE VIEW in 0.28s]
[2025-06-10T19:53:08.091+0000] {logging_mixin.py:190} INFO - 19:53:08  17 of 18 OK created sql view model sales.sum_shopee_monthly_revenue ............ [CREATE VIEW in 0.27s]
[2025-06-10T19:53:08.103+0000] {logging_mixin.py:190} INFO - 19:53:08  18 of 18 OK created sql view model sales.sum_shopee_products_sold .............. [CREATE VIEW in 0.28s]
[2025-06-10T19:53:08.127+0000] {logging_mixin.py:190} INFO - 19:53:08
[2025-06-10T19:53:08.129+0000] {logging_mixin.py:190} INFO - 19:53:08  Finished running 15 incremental models, 3 view models in 0 hours 0 minutes and 1.92 seconds (1.92s).
[2025-06-10T19:53:08.208+0000] {logging_mixin.py:190} INFO - 19:53:08
[2025-06-10T19:53:08.210+0000] {logging_mixin.py:190} INFO - 19:53:08  Completed successfully
[2025-06-10T19:53:08.211+0000] {logging_mixin.py:190} INFO - 19:53:08
[2025-06-10T19:53:08.213+0000] {logging_mixin.py:190} INFO - 19:53:08  Done. PASS=18 WARN=0 ERROR=0 SKIP=0 TOTAL=18
[2025-06-10T19:53:09.067+0000] {logging_mixin.py:190} INFO - Transformation sucessfully done.
[2025-06-10T19:53:09.068+0000] {python.py:240} INFO - Done. Returned value was: None
[2025-06-10T19:53:09.081+0000] {taskinstance.py:340} INFO - ::group::Post task execution logs
[2025-06-10T19:53:09.082+0000] {taskinstance.py:352} INFO - Marking task as SUCCESS. dag_id=05_transform_data, task_id=run_dbt, run_id=manual__2025-06-10T19:52:53.563288+00:00, execution_date=20250610T195253, start_date=20250610T195302, end_date=20250610T195309
[2025-06-10T19:53:09.110+0000] {local_task_job_runner.py:266} INFO - Task exited with return code 0
[2025-06-10T19:53:09.129+0000] {taskinstance.py:3895} INFO - 0 downstream tasks scheduled from follow-on schedule check
[2025-06-10T19:53:09.132+0000] {local_task_job_runner.py:245} INFO - ::endgroup::
