[2025-06-05T19:08:39.027+0000] {local_task_job_runner.py:123} INFO - ::group::Pre task execution logs
[2025-06-05T19:08:39.048+0000] {taskinstance.py:2613} INFO - Dependencies all met for dep_context=non-requeueable deps ti=<TaskInstance: 04_transform_data.install_dbt_deps manual__2025-06-05T19:08:36.502869+00:00 [queued]>
[2025-06-05T19:08:39.057+0000] {taskinstance.py:2613} INFO - Dependencies all met for dep_context=requeueable deps ti=<TaskInstance: 04_transform_data.install_dbt_deps manual__2025-06-05T19:08:36.502869+00:00 [queued]>
[2025-06-05T19:08:39.059+0000] {taskinstance.py:2866} INFO - Starting attempt 1 of 1
[2025-06-05T19:08:39.071+0000] {taskinstance.py:2889} INFO - Executing <Task(PythonOperator): install_dbt_deps> on 2025-06-05 19:08:36.502869+00:00
[2025-06-05T19:08:39.075+0000] {standard_task_runner.py:72} INFO - Started process 1681 to run task
[2025-06-05T19:08:39.078+0000] {standard_task_runner.py:104} INFO - Running: ['***', 'tasks', 'run', '04_transform_data', 'install_dbt_deps', 'manual__2025-06-05T19:08:36.502869+00:00', '--job-id', '336', '--raw', '--subdir', 'DAGS_FOLDER/04_transform_data.py', '--cfg-path', '/tmp/tmp4g7i7gmu']
[2025-06-05T19:08:39.081+0000] {standard_task_runner.py:105} INFO - Job 336: Subtask install_dbt_deps
[2025-06-05T19:08:39.130+0000] {task_command.py:467} INFO - Running <TaskInstance: 04_transform_data.install_dbt_deps manual__2025-06-05T19:08:36.502869+00:00 [running]> on host 28e6a58e4107
[2025-06-05T19:08:39.217+0000] {taskinstance.py:3132} INFO - Exporting env vars: AIRFLOW_CTX_DAG_OWNER='***' AIRFLOW_CTX_DAG_ID='04_transform_data' AIRFLOW_CTX_TASK_ID='install_dbt_deps' AIRFLOW_CTX_EXECUTION_DATE='2025-06-05T19:08:36.502869+00:00' AIRFLOW_CTX_TRY_NUMBER='1' AIRFLOW_CTX_DAG_RUN_ID='manual__2025-06-05T19:08:36.502869+00:00'
[2025-06-05T19:08:39.222+0000] {taskinstance.py:731} INFO - ::endgroup::
[2025-06-05T19:08:41.186+0000] {logging_mixin.py:190} INFO - 19:08:41  Running with dbt=1.9.5
[2025-06-05T19:08:42.104+0000] {logging_mixin.py:190} INFO - 19:08:42  Installing dbt-labs/dbt_utils
[2025-06-05T19:08:45.234+0000] {logging_mixin.py:190} INFO - 19:08:45  Installed from version 1.2.0
[2025-06-05T19:08:45.236+0000] {logging_mixin.py:190} INFO - 19:08:45  Updated version available: 1.3.0
[2025-06-05T19:08:45.238+0000] {logging_mixin.py:190} INFO - 19:08:45
[2025-06-05T19:08:45.240+0000] {logging_mixin.py:190} INFO - 19:08:45  Updates available for packages: ['dbt-labs/dbt_utils']                 
Update your versions in packages.yml, then run dbt deps
[2025-06-05T19:08:45.929+0000] {logging_mixin.py:190} INFO - Dependencies sucessfully installed.
[2025-06-05T19:08:45.930+0000] {python.py:240} INFO - Done. Returned value was: None
[2025-06-05T19:08:45.941+0000] {taskinstance.py:340} INFO - ::group::Post task execution logs
[2025-06-05T19:08:45.942+0000] {taskinstance.py:352} INFO - Marking task as SUCCESS. dag_id=04_transform_data, task_id=install_dbt_deps, run_id=manual__2025-06-05T19:08:36.502869+00:00, execution_date=20250605T190836, start_date=20250605T190839, end_date=20250605T190845
[2025-06-05T19:08:45.995+0000] {local_task_job_runner.py:266} INFO - Task exited with return code 0
[2025-06-05T19:08:46.016+0000] {taskinstance.py:3895} INFO - 1 downstream tasks scheduled from follow-on schedule check
[2025-06-05T19:08:46.019+0000] {local_task_job_runner.py:245} INFO - ::endgroup::
