[2025-06-09T20:11:54.669+0000] {local_task_job_runner.py:123} INFO - ::group::Pre task execution logs
[2025-06-09T20:11:54.686+0000] {taskinstance.py:2613} INFO - Dependencies all met for dep_context=non-requeueable deps ti=<TaskInstance: 05_transform_data.install_dbt_deps manual__2025-06-09T20:11:52.772980+00:00 [queued]>
[2025-06-09T20:11:54.693+0000] {taskinstance.py:2613} INFO - Dependencies all met for dep_context=requeueable deps ti=<TaskInstance: 05_transform_data.install_dbt_deps manual__2025-06-09T20:11:52.772980+00:00 [queued]>
[2025-06-09T20:11:54.696+0000] {taskinstance.py:2866} INFO - Starting attempt 1 of 1
[2025-06-09T20:11:54.707+0000] {taskinstance.py:2889} INFO - Executing <Task(PythonOperator): install_dbt_deps> on 2025-06-09 20:11:52.772980+00:00
[2025-06-09T20:11:54.712+0000] {standard_task_runner.py:72} INFO - Started process 2401 to run task
[2025-06-09T20:11:54.714+0000] {standard_task_runner.py:104} INFO - Running: ['***', 'tasks', 'run', '05_transform_data', 'install_dbt_deps', 'manual__2025-06-09T20:11:52.772980+00:00', '--job-id', '554', '--raw', '--subdir', 'DAGS_FOLDER/05_transform_data.py', '--cfg-path', '/tmp/tmp_y2c3bzp']
[2025-06-09T20:11:54.716+0000] {standard_task_runner.py:105} INFO - Job 554: Subtask install_dbt_deps
[2025-06-09T20:11:54.765+0000] {task_command.py:467} INFO - Running <TaskInstance: 05_transform_data.install_dbt_deps manual__2025-06-09T20:11:52.772980+00:00 [running]> on host 28e6a58e4107
[2025-06-09T20:11:54.843+0000] {taskinstance.py:3132} INFO - Exporting env vars: AIRFLOW_CTX_DAG_OWNER='***' AIRFLOW_CTX_DAG_ID='05_transform_data' AIRFLOW_CTX_TASK_ID='install_dbt_deps' AIRFLOW_CTX_EXECUTION_DATE='2025-06-09T20:11:52.772980+00:00' AIRFLOW_CTX_TRY_NUMBER='1' AIRFLOW_CTX_DAG_RUN_ID='manual__2025-06-09T20:11:52.772980+00:00'
[2025-06-09T20:11:54.844+0000] {taskinstance.py:731} INFO - ::endgroup::
[2025-06-09T20:11:56.493+0000] {logging_mixin.py:190} INFO - 20:11:56  Running with dbt=1.9.5
[2025-06-09T20:11:57.384+0000] {logging_mixin.py:190} INFO - 20:11:57  Installing dbt-labs/dbt_utils
[2025-06-09T20:12:00.757+0000] {logging_mixin.py:190} INFO - 20:12:00  Installed from version 1.2.0
[2025-06-09T20:12:00.759+0000] {logging_mixin.py:190} INFO - 20:12:00  Updated version available: 1.3.0
[2025-06-09T20:12:00.762+0000] {logging_mixin.py:190} INFO - 20:12:00
[2025-06-09T20:12:00.764+0000] {logging_mixin.py:190} INFO - 20:12:00  Updates available for packages: ['dbt-labs/dbt_utils']                 
Update your versions in packages.yml, then run dbt deps
[2025-06-09T20:12:01.466+0000] {logging_mixin.py:190} INFO - Dependencies sucessfully installed.
[2025-06-09T20:12:01.467+0000] {python.py:240} INFO - Done. Returned value was: None
[2025-06-09T20:12:01.482+0000] {taskinstance.py:340} INFO - ::group::Post task execution logs
[2025-06-09T20:12:01.484+0000] {taskinstance.py:352} INFO - Marking task as SUCCESS. dag_id=05_transform_data, task_id=install_dbt_deps, run_id=manual__2025-06-09T20:11:52.772980+00:00, execution_date=20250609T201152, start_date=20250609T201154, end_date=20250609T201201
[2025-06-09T20:12:01.522+0000] {local_task_job_runner.py:266} INFO - Task exited with return code 0
[2025-06-09T20:12:01.578+0000] {taskinstance.py:3895} INFO - 1 downstream tasks scheduled from follow-on schedule check
[2025-06-09T20:12:01.582+0000] {local_task_job_runner.py:245} INFO - ::endgroup::
