[2025-06-09T22:49:06.486+0000] {local_task_job_runner.py:123} INFO - ::group::Pre task execution logs
[2025-06-09T22:49:06.509+0000] {taskinstance.py:2613} INFO - Dependencies all met for dep_context=non-requeueable deps ti=<TaskInstance: 03_load_data.load_prod_cost manual__2025-06-09T22:49:04.182815+00:00 [queued]>
[2025-06-09T22:49:06.521+0000] {taskinstance.py:2613} INFO - Dependencies all met for dep_context=requeueable deps ti=<TaskInstance: 03_load_data.load_prod_cost manual__2025-06-09T22:49:04.182815+00:00 [queued]>
[2025-06-09T22:49:06.522+0000] {taskinstance.py:2866} INFO - Starting attempt 1 of 1
[2025-06-09T22:49:06.537+0000] {taskinstance.py:2889} INFO - Executing <Task(PythonOperator): load_prod_cost> on 2025-06-09 22:49:04.182815+00:00
[2025-06-09T22:49:06.542+0000] {standard_task_runner.py:72} INFO - Started process 7426 to run task
[2025-06-09T22:49:06.547+0000] {standard_task_runner.py:104} INFO - Running: ['***', 'tasks', 'run', '03_load_data', 'load_prod_cost', 'manual__2025-06-09T22:49:04.182815+00:00', '--job-id', '654', '--raw', '--subdir', 'DAGS_FOLDER/03_load_data.py', '--cfg-path', '/tmp/tmpy9j5ngf0']
[2025-06-09T22:49:06.549+0000] {standard_task_runner.py:105} INFO - Job 654: Subtask load_prod_cost
[2025-06-09T22:49:06.613+0000] {task_command.py:467} INFO - Running <TaskInstance: 03_load_data.load_prod_cost manual__2025-06-09T22:49:04.182815+00:00 [running]> on host 28e6a58e4107
[2025-06-09T22:49:06.707+0000] {taskinstance.py:3132} INFO - Exporting env vars: AIRFLOW_CTX_DAG_OWNER='***' AIRFLOW_CTX_DAG_ID='03_load_data' AIRFLOW_CTX_TASK_ID='load_prod_cost' AIRFLOW_CTX_EXECUTION_DATE='2025-06-09T22:49:04.182815+00:00' AIRFLOW_CTX_TRY_NUMBER='1' AIRFLOW_CTX_DAG_RUN_ID='manual__2025-06-09T22:49:04.182815+00:00'
[2025-06-09T22:49:06.709+0000] {taskinstance.py:731} INFO - ::endgroup::
[2025-06-09T22:49:07.239+0000] {logging_mixin.py:190} INFO - column begin_date is datetime64[ns, UTC]
[2025-06-09T22:49:07.240+0000] {logging_mixin.py:190} INFO - column end_date is datetime64[ns, UTC]
[2025-06-09T22:49:07.241+0000] {logging_mixin.py:190} INFO - Loading file /opt/***/cleaning/entry_data/clean/clean_cost_data.csv to sales_db
[2025-06-09T22:49:07.288+0000] {logging_mixin.py:190} INFO - Data in /opt/***/cleaning/entry_data/clean/clean_cost_data.csv successfully loaded.
[2025-06-09T22:49:07.289+0000] {python.py:240} INFO - Done. Returned value was: None
[2025-06-09T22:49:07.300+0000] {taskinstance.py:340} INFO - ::group::Post task execution logs
[2025-06-09T22:49:07.301+0000] {taskinstance.py:352} INFO - Marking task as SUCCESS. dag_id=03_load_data, task_id=load_prod_cost, run_id=manual__2025-06-09T22:49:04.182815+00:00, execution_date=20250609T224904, start_date=20250609T224906, end_date=20250609T224907
[2025-06-09T22:49:07.323+0000] {local_task_job_runner.py:266} INFO - Task exited with return code 0
[2025-06-09T22:49:07.343+0000] {taskinstance.py:3895} INFO - 0 downstream tasks scheduled from follow-on schedule check
[2025-06-09T22:49:07.345+0000] {local_task_job_runner.py:245} INFO - ::endgroup::
