[2025-05-29T18:45:47.322+0000] {local_task_job_runner.py:123} INFO - ::group::Pre task execution logs
[2025-05-29T18:45:47.340+0000] {taskinstance.py:2613} INFO - Dependencies all met for dep_context=non-requeueable deps ti=<TaskInstance: 00_create_IAC.create_schemas manual__2025-05-29T18:45:39+00:00 [queued]>
[2025-05-29T18:45:47.348+0000] {taskinstance.py:2613} INFO - Dependencies all met for dep_context=requeueable deps ti=<TaskInstance: 00_create_IAC.create_schemas manual__2025-05-29T18:45:39+00:00 [queued]>
[2025-05-29T18:45:47.350+0000] {taskinstance.py:2866} INFO - Starting attempt 1 of 1
[2025-05-29T18:45:47.362+0000] {taskinstance.py:2889} INFO - Executing <Task(PythonOperator): create_schemas> on 2025-05-29 18:45:39+00:00
[2025-05-29T18:45:47.369+0000] {standard_task_runner.py:72} INFO - Started process 4619 to run task
[2025-05-29T18:45:47.373+0000] {standard_task_runner.py:104} INFO - Running: ['***', 'tasks', 'run', '00_create_IAC', 'create_schemas', 'manual__2025-05-29T18:45:39+00:00', '--job-id', '313', '--raw', '--subdir', 'DAGS_FOLDER/00_create_iac.py', '--cfg-path', '/tmp/tmpjhf7m5hy']
[2025-05-29T18:45:47.375+0000] {standard_task_runner.py:105} INFO - Job 313: Subtask create_schemas
[2025-05-29T18:45:47.435+0000] {task_command.py:467} INFO - Running <TaskInstance: 00_create_IAC.create_schemas manual__2025-05-29T18:45:39+00:00 [running]> on host 28e6a58e4107
[2025-05-29T18:45:47.522+0000] {taskinstance.py:3132} INFO - Exporting env vars: AIRFLOW_CTX_DAG_OWNER='***' AIRFLOW_CTX_DAG_ID='00_create_IAC' AIRFLOW_CTX_TASK_ID='create_schemas' AIRFLOW_CTX_EXECUTION_DATE='2025-05-29T18:45:39+00:00' AIRFLOW_CTX_TRY_NUMBER='1' AIRFLOW_CTX_DAG_RUN_ID='manual__2025-05-29T18:45:39+00:00'
[2025-05-29T18:45:47.523+0000] {taskinstance.py:731} INFO - ::endgroup::
[2025-05-29T18:45:47.536+0000] {logging_mixin.py:190} INFO - Running ['terraform', '--version']
[2025-05-29T18:45:47.576+0000] {logging_mixin.py:190} INFO - ['terraform', '--version'] ran successfully.
[2025-05-29T18:45:47.577+0000] {logging_mixin.py:190} INFO - Running ['terraform', 'init']
[2025-05-29T18:45:48.421+0000] {logging_mixin.py:190} INFO - ['terraform', 'init'] ran successfully.
[2025-05-29T18:45:48.422+0000] {logging_mixin.py:190} INFO - Running ['terraform', 'apply', '-auto-approve']
[2025-05-29T18:45:51.457+0000] {logging_mixin.py:190} INFO - ['terraform', 'apply', '-auto-approve'] ran successfully.
[2025-05-29T18:45:51.458+0000] {python.py:240} INFO - Done. Returned value was: None
[2025-05-29T18:45:51.470+0000] {taskinstance.py:340} INFO - ::group::Post task execution logs
[2025-05-29T18:45:51.471+0000] {taskinstance.py:352} INFO - Marking task as SUCCESS. dag_id=00_create_IAC, task_id=create_schemas, run_id=manual__2025-05-29T18:45:39+00:00, execution_date=20250529T184539, start_date=20250529T184547, end_date=20250529T184551
[2025-05-29T18:45:51.519+0000] {local_task_job_runner.py:266} INFO - Task exited with return code 0
[2025-05-29T18:45:51.536+0000] {taskinstance.py:3895} INFO - 0 downstream tasks scheduled from follow-on schedule check
[2025-05-29T18:45:51.540+0000] {local_task_job_runner.py:245} INFO - ::endgroup::
