[2025-06-10T22:29:31.437+0000] {local_task_job_runner.py:123} INFO - ::group::Pre task execution logs
[2025-06-10T22:29:31.456+0000] {taskinstance.py:2613} INFO - Dependencies all met for dep_context=non-requeueable deps ti=<TaskInstance: 05_transform_data.install_dbt_deps manual__2025-06-10T22:29:29.260932+00:00 [queued]>
[2025-06-10T22:29:31.465+0000] {taskinstance.py:2613} INFO - Dependencies all met for dep_context=requeueable deps ti=<TaskInstance: 05_transform_data.install_dbt_deps manual__2025-06-10T22:29:29.260932+00:00 [queued]>
[2025-06-10T22:29:31.467+0000] {taskinstance.py:2866} INFO - Starting attempt 1 of 1
[2025-06-10T22:29:31.480+0000] {taskinstance.py:2889} INFO - Executing <Task(PythonOperator): install_dbt_deps> on 2025-06-10 22:29:29.260932+00:00
[2025-06-10T22:29:31.490+0000] {standard_task_runner.py:72} INFO - Started process 12118 to run task
[2025-06-10T22:29:31.496+0000] {standard_task_runner.py:104} INFO - Running: ['***', 'tasks', 'run', '05_transform_data', 'install_dbt_deps', 'manual__2025-06-10T22:29:29.260932+00:00', '--job-id', '796', '--raw', '--subdir', 'DAGS_FOLDER/05_transform_data.py', '--cfg-path', '/tmp/tmpzm7cnysy']
[2025-06-10T22:29:31.499+0000] {standard_task_runner.py:105} INFO - Job 796: Subtask install_dbt_deps
[2025-06-10T22:29:31.561+0000] {task_command.py:467} INFO - Running <TaskInstance: 05_transform_data.install_dbt_deps manual__2025-06-10T22:29:29.260932+00:00 [running]> on host 28e6a58e4107
[2025-06-10T22:29:31.654+0000] {taskinstance.py:3132} INFO - Exporting env vars: AIRFLOW_CTX_DAG_OWNER='***' AIRFLOW_CTX_DAG_ID='05_transform_data' AIRFLOW_CTX_TASK_ID='install_dbt_deps' AIRFLOW_CTX_EXECUTION_DATE='2025-06-10T22:29:29.260932+00:00' AIRFLOW_CTX_TRY_NUMBER='1' AIRFLOW_CTX_DAG_RUN_ID='manual__2025-06-10T22:29:29.260932+00:00'
[2025-06-10T22:29:31.655+0000] {taskinstance.py:731} INFO - ::endgroup::
[2025-06-10T22:29:33.299+0000] {logging_mixin.py:190} INFO - 22:29:33  Running with dbt=1.9.5
[2025-06-10T22:29:34.168+0000] {logging_mixin.py:190} INFO - 22:29:34  Installing dbt-labs/dbt_utils
[2025-06-10T22:29:37.399+0000] {logging_mixin.py:190} INFO - 22:29:37  Installed from version 1.2.0
[2025-06-10T22:29:37.401+0000] {logging_mixin.py:190} INFO - 22:29:37  Updated version available: 1.3.0
[2025-06-10T22:29:37.404+0000] {logging_mixin.py:190} INFO - 22:29:37
[2025-06-10T22:29:37.406+0000] {logging_mixin.py:190} INFO - 22:29:37  Updates available for packages: ['dbt-labs/dbt_utils']                 
Update your versions in packages.yml, then run dbt deps
[2025-06-10T22:29:38.086+0000] {logging_mixin.py:190} INFO - Dependencies sucessfully installed.
[2025-06-10T22:29:38.086+0000] {python.py:240} INFO - Done. Returned value was: None
[2025-06-10T22:29:38.098+0000] {taskinstance.py:340} INFO - ::group::Post task execution logs
[2025-06-10T22:29:38.099+0000] {taskinstance.py:352} INFO - Marking task as SUCCESS. dag_id=05_transform_data, task_id=install_dbt_deps, run_id=manual__2025-06-10T22:29:29.260932+00:00, execution_date=20250610T222929, start_date=20250610T222931, end_date=20250610T222938
[2025-06-10T22:29:38.134+0000] {local_task_job_runner.py:266} INFO - Task exited with return code 0
[2025-06-10T22:29:38.157+0000] {taskinstance.py:3895} INFO - 1 downstream tasks scheduled from follow-on schedule check
[2025-06-10T22:29:38.161+0000] {local_task_job_runner.py:245} INFO - ::endgroup::
