[2025-06-10T19:33:04.317+0000] {local_task_job_runner.py:123} INFO - ::group::Pre task execution logs
[2025-06-10T19:33:04.336+0000] {taskinstance.py:2613} INFO - Dependencies all met for dep_context=non-requeueable deps ti=<TaskInstance: 05_transform_data.run_dbt manual__2025-06-10T19:32:54.823208+00:00 [queued]>
[2025-06-10T19:33:04.345+0000] {taskinstance.py:2613} INFO - Dependencies all met for dep_context=requeueable deps ti=<TaskInstance: 05_transform_data.run_dbt manual__2025-06-10T19:32:54.823208+00:00 [queued]>
[2025-06-10T19:33:04.347+0000] {taskinstance.py:2866} INFO - Starting attempt 1 of 1
[2025-06-10T19:33:04.359+0000] {taskinstance.py:2889} INFO - Executing <Task(PythonOperator): run_dbt> on 2025-06-10 19:32:54.823208+00:00
[2025-06-10T19:33:04.364+0000] {standard_task_runner.py:72} INFO - Started process 2245 to run task
[2025-06-10T19:33:04.367+0000] {standard_task_runner.py:104} INFO - Running: ['***', 'tasks', 'run', '05_transform_data', 'run_dbt', 'manual__2025-06-10T19:32:54.823208+00:00', '--job-id', '705', '--raw', '--subdir', 'DAGS_FOLDER/05_transform_data.py', '--cfg-path', '/tmp/tmplfxcvett']
[2025-06-10T19:33:04.369+0000] {standard_task_runner.py:105} INFO - Job 705: Subtask run_dbt
[2025-06-10T19:33:04.424+0000] {task_command.py:467} INFO - Running <TaskInstance: 05_transform_data.run_dbt manual__2025-06-10T19:32:54.823208+00:00 [running]> on host 28e6a58e4107
[2025-06-10T19:33:04.510+0000] {taskinstance.py:3132} INFO - Exporting env vars: AIRFLOW_CTX_DAG_OWNER='***' AIRFLOW_CTX_DAG_ID='05_transform_data' AIRFLOW_CTX_TASK_ID='run_dbt' AIRFLOW_CTX_EXECUTION_DATE='2025-06-10T19:32:54.823208+00:00' AIRFLOW_CTX_TRY_NUMBER='1' AIRFLOW_CTX_DAG_RUN_ID='manual__2025-06-10T19:32:54.823208+00:00'
[2025-06-10T19:33:04.511+0000] {taskinstance.py:731} INFO - ::endgroup::
[2025-06-10T19:33:06.234+0000] {logging_mixin.py:190} INFO - 19:33:06  Running with dbt=1.9.5
[2025-06-10T19:33:06.622+0000] {logging_mixin.py:190} INFO - 19:33:06  Registered adapter: postgres=1.9.0
[2025-06-10T19:33:08.610+0000] {logging_mixin.py:190} INFO - 19:33:08  [WARNING]: Configuration paths exist in your dbt_project.yml file which do not apply to any resources.
There are 1 unused configuration paths:
- models.e_commerce_sales.example
[2025-06-10T19:33:08.832+0000] {logging_mixin.py:190} INFO - 19:33:08  Found 18 models, 12 sources, 549 macros, 1 unit test
[2025-06-10T19:33:08.837+0000] {logging_mixin.py:190} INFO - 19:33:08
[2025-06-10T19:33:08.839+0000] {logging_mixin.py:190} INFO - 19:33:08  Concurrency: 4 threads (target='dev')
[2025-06-10T19:33:08.840+0000] {logging_mixin.py:190} INFO - 19:33:08
[2025-06-10T19:33:09.027+0000] {logging_mixin.py:190} INFO - 19:33:09  1 of 18 START sql incremental model sales_stg.stg_mercadolivre ................. [RUN]
[2025-06-10T19:33:09.029+0000] {logging_mixin.py:190} INFO - 19:33:09  2 of 18 START sql incremental model sales_stg.stg_mercadolivre__order_items .... [RUN]
[2025-06-10T19:33:09.031+0000] {logging_mixin.py:190} INFO - 19:33:09  3 of 18 START sql incremental model sales_stg.stg_mercadolivre__payments ....... [RUN]
[2025-06-10T19:33:09.033+0000] {logging_mixin.py:190} INFO - 19:33:09  4 of 18 START sql incremental model sales_stg.stg_mercadolivre_sh .............. [RUN]
[2025-06-10T19:33:09.534+0000] {logging_mixin.py:190} INFO - 19:33:09  4 of 18 ERROR creating sql incremental model sales_stg.stg_mercadolivre_sh ..... [ERROR in 0.48s]
[2025-06-10T19:33:09.545+0000] {logging_mixin.py:190} INFO - 19:33:09  3 of 18 OK created sql incremental model sales_stg.stg_mercadolivre__payments .. [MERGE 301 in 0.50s]
[2025-06-10T19:33:09.547+0000] {logging_mixin.py:190} INFO - 19:33:09  1 of 18 OK created sql incremental model sales_stg.stg_mercadolivre ............ [MERGE 285 in 0.50s]
[2025-06-10T19:33:09.549+0000] {logging_mixin.py:190} INFO - 19:33:09  2 of 18 OK created sql incremental model sales_stg.stg_mercadolivre__order_items  [MERGE 285 in 0.50s]
[2025-06-10T19:33:09.554+0000] {logging_mixin.py:190} INFO - 19:33:09  5 of 18 START sql incremental model sales_stg.stg_shopee ....................... [RUN]
[2025-06-10T19:33:09.562+0000] {logging_mixin.py:190} INFO - 19:33:09  6 of 18 SKIP relation sales.mercadolivre_orders_results ........................ [SKIP]
[2025-06-10T19:33:09.576+0000] {logging_mixin.py:190} INFO - 19:33:09  7 of 18 SKIP relation sales.dim_mercadolivre_buyer ............................. [SKIP]
[2025-06-10T19:33:09.578+0000] {logging_mixin.py:190} INFO - 19:33:09  8 of 18 SKIP relation sales.dim_mercadolivre_date .............................. [SKIP]
[2025-06-10T19:33:09.580+0000] {logging_mixin.py:190} INFO - 19:33:09  9 of 18 SKIP relation sales.dim_mercadolivre_orders_status ..................... [SKIP]
[2025-06-10T19:33:09.596+0000] {logging_mixin.py:190} INFO - 19:33:09  10 of 18 SKIP relation sales.dim_mercadolivre_product .......................... [SKIP]
[2025-06-10T19:33:09.691+0000] {logging_mixin.py:190} INFO - 19:33:09  5 of 18 OK created sql incremental model sales_stg.stg_shopee .................. [MERGE 0 in 0.13s]
[2025-06-10T19:33:09.696+0000] {logging_mixin.py:190} INFO - 19:33:09  11 of 18 START sql incremental model sales.shopee_orders_results ............... [RUN]
[2025-06-10T19:33:09.811+0000] {logging_mixin.py:190} INFO - 19:33:09  11 of 18 OK created sql incremental model sales.shopee_orders_results .......... [MERGE 0 in 0.11s]
[2025-06-10T19:33:09.818+0000] {logging_mixin.py:190} INFO - 19:33:09  12 of 18 START sql incremental model sales.dim_shopee_buyer .................... [RUN]
[2025-06-10T19:33:09.819+0000] {logging_mixin.py:190} INFO - 19:33:09  13 of 18 START sql incremental model sales.dim_shopee_date ..................... [RUN]
[2025-06-10T19:33:09.821+0000] {logging_mixin.py:190} INFO - 19:33:09  14 of 18 START sql incremental model sales.dim_shopee_orders_status ............ [RUN]
[2025-06-10T19:33:09.823+0000] {logging_mixin.py:190} INFO - 19:33:09  15 of 18 START sql incremental model sales.dim_shopee_product .................. [RUN]
[2025-06-10T19:33:10.109+0000] {logging_mixin.py:190} INFO - 19:33:10  15 of 18 OK created sql incremental model sales.dim_shopee_product ............. [MERGE 0 in 0.28s]
[2025-06-10T19:33:10.125+0000] {logging_mixin.py:190} INFO - 19:33:10  14 of 18 OK created sql incremental model sales.dim_shopee_orders_status ....... [MERGE 0 in 0.29s]
[2025-06-10T19:33:10.128+0000] {logging_mixin.py:190} INFO - 19:33:10  12 of 18 OK created sql incremental model sales.dim_shopee_buyer ............... [MERGE 0 in 0.30s]
[2025-06-10T19:33:10.130+0000] {logging_mixin.py:190} INFO - 19:33:10  13 of 18 OK created sql incremental model sales.dim_shopee_date ................ [MERGE 0 in 0.30s]
[2025-06-10T19:33:10.140+0000] {logging_mixin.py:190} INFO - 19:33:10  16 of 18 START sql view model sales.sum_shopee_monthly_profit .................. [RUN]
[2025-06-10T19:33:10.142+0000] {logging_mixin.py:190} INFO - 19:33:10  17 of 18 START sql view model sales.sum_shopee_monthly_revenue ................. [RUN]
[2025-06-10T19:33:10.143+0000] {logging_mixin.py:190} INFO - 19:33:10  18 of 18 START sql view model sales.sum_shopee_products_sold ................... [RUN]
[2025-06-10T19:33:10.380+0000] {logging_mixin.py:190} INFO - 19:33:10  16 of 18 OK created sql view model sales.sum_shopee_monthly_profit ............. [CREATE VIEW in 0.23s]
[2025-06-10T19:33:10.382+0000] {logging_mixin.py:190} INFO - 19:33:10  18 of 18 OK created sql view model sales.sum_shopee_products_sold .............. [CREATE VIEW in 0.23s]
[2025-06-10T19:33:10.384+0000] {logging_mixin.py:190} INFO - 19:33:10  17 of 18 OK created sql view model sales.sum_shopee_monthly_revenue ............ [CREATE VIEW in 0.23s]
[2025-06-10T19:33:10.412+0000] {logging_mixin.py:190} INFO - 19:33:10
[2025-06-10T19:33:10.413+0000] {logging_mixin.py:190} INFO - 19:33:10  Finished running 15 incremental models, 3 view models in 0 hours 0 minutes and 1.57 seconds (1.57s).
[2025-06-10T19:33:10.492+0000] {logging_mixin.py:190} INFO - 19:33:10
[2025-06-10T19:33:10.493+0000] {logging_mixin.py:190} INFO - 19:33:10  Completed with 1 error, 0 partial successes, and 0 warnings:
[2025-06-10T19:33:10.495+0000] {logging_mixin.py:190} INFO - 19:33:10
[2025-06-10T19:33:10.496+0000] {logging_mixin.py:190} INFO - 19:33:10    Database Error in model stg_mercadolivre_sh (models/staging/stg_mercadolivre_sh.sql)
  MERGE command cannot affect row a second time
  HINT:  Ensure that not more than one source row matches any one target row.
  compiled code at target/run/e_commerce_sales/models/staging/stg_mercadolivre_sh.sql
[2025-06-10T19:33:10.498+0000] {logging_mixin.py:190} INFO - 19:33:10
[2025-06-10T19:33:10.499+0000] {logging_mixin.py:190} INFO - 19:33:10  Done. PASS=12 WARN=0 ERROR=1 SKIP=5 TOTAL=18
[2025-06-10T19:33:11.354+0000] {logging_mixin.py:190} INFO - dbt run failed!
[2025-06-10T19:33:11.359+0000] {logging_mixin.py:190} INFO - None
[2025-06-10T19:33:11.361+0000] {taskinstance.py:3311} ERROR - Task failed with exception
Traceback (most recent call last):
  File "/home/airflow/.local/lib/python3.9/site-packages/airflow/models/taskinstance.py", line 767, in _execute_task
    result = _execute_callable(context=context, **execute_callable_kwargs)
  File "/home/airflow/.local/lib/python3.9/site-packages/airflow/models/taskinstance.py", line 733, in _execute_callable
    return ExecutionCallableRunner(
  File "/home/airflow/.local/lib/python3.9/site-packages/airflow/utils/operator_helpers.py", line 252, in run
    return self.func(*args, **kwargs)
  File "/home/airflow/.local/lib/python3.9/site-packages/airflow/models/baseoperator.py", line 422, in wrapper
    return func(self, *args, **kwargs)
  File "/home/airflow/.local/lib/python3.9/site-packages/airflow/operators/python.py", line 238, in execute
    return_value = self.execute_callable()
  File "/home/airflow/.local/lib/python3.9/site-packages/airflow/operators/python.py", line 256, in execute_callable
    return runner.run(*self.op_args, **self.op_kwargs)
  File "/home/airflow/.local/lib/python3.9/site-packages/airflow/utils/operator_helpers.py", line 252, in run
    return self.func(*args, **kwargs)
  File "/opt/airflow/dbt_files/run_dbt.py", line 22, in transform_data
    raise RuntimeError("dbt run failed")
RuntimeError: dbt run failed
[2025-06-10T19:33:11.373+0000] {taskinstance.py:1225} INFO - Marking task as FAILED. dag_id=05_transform_data, task_id=run_dbt, run_id=manual__2025-06-10T19:32:54.823208+00:00, execution_date=20250610T193254, start_date=20250610T193304, end_date=20250610T193311
[2025-06-10T19:33:11.385+0000] {taskinstance.py:340} INFO - ::group::Post task execution logs
[2025-06-10T19:33:11.386+0000] {standard_task_runner.py:124} ERROR - Failed to execute job 705 for task run_dbt (dbt run failed; 2245)
Traceback (most recent call last):
  File "/home/airflow/.local/lib/python3.9/site-packages/airflow/task/task_runner/standard_task_runner.py", line 117, in _start_by_fork
    ret = args.func(args, dag=self.dag)
  File "/home/airflow/.local/lib/python3.9/site-packages/airflow/cli/cli_config.py", line 49, in command
    return func(*args, **kwargs)
  File "/home/airflow/.local/lib/python3.9/site-packages/airflow/utils/cli.py", line 116, in wrapper
    return f(*args, **kwargs)
  File "/home/airflow/.local/lib/python3.9/site-packages/airflow/cli/commands/task_command.py", line 483, in task_run
    task_return_code = _run_task_by_selected_method(args, _dag, ti)
  File "/home/airflow/.local/lib/python3.9/site-packages/airflow/cli/commands/task_command.py", line 256, in _run_task_by_selected_method
    return _run_raw_task(args, ti)
  File "/home/airflow/.local/lib/python3.9/site-packages/airflow/cli/commands/task_command.py", line 341, in _run_raw_task
    return ti._run_raw_task(
  File "/home/airflow/.local/lib/python3.9/site-packages/airflow/utils/session.py", line 97, in wrapper
    return func(*args, session=session, **kwargs)
  File "/home/airflow/.local/lib/python3.9/site-packages/airflow/models/taskinstance.py", line 3005, in _run_raw_task
    return _run_raw_task(
  File "/home/airflow/.local/lib/python3.9/site-packages/airflow/models/taskinstance.py", line 273, in _run_raw_task
    TaskInstance._execute_task_with_callbacks(
  File "/home/airflow/.local/lib/python3.9/site-packages/airflow/models/taskinstance.py", line 3159, in _execute_task_with_callbacks
    result = self._execute_task(context, task_orig)
  File "/home/airflow/.local/lib/python3.9/site-packages/airflow/models/taskinstance.py", line 3183, in _execute_task
    return _execute_task(self, context, task_orig)
  File "/home/airflow/.local/lib/python3.9/site-packages/airflow/models/taskinstance.py", line 767, in _execute_task
    result = _execute_callable(context=context, **execute_callable_kwargs)
  File "/home/airflow/.local/lib/python3.9/site-packages/airflow/models/taskinstance.py", line 733, in _execute_callable
    return ExecutionCallableRunner(
  File "/home/airflow/.local/lib/python3.9/site-packages/airflow/utils/operator_helpers.py", line 252, in run
    return self.func(*args, **kwargs)
  File "/home/airflow/.local/lib/python3.9/site-packages/airflow/models/baseoperator.py", line 422, in wrapper
    return func(self, *args, **kwargs)
  File "/home/airflow/.local/lib/python3.9/site-packages/airflow/operators/python.py", line 238, in execute
    return_value = self.execute_callable()
  File "/home/airflow/.local/lib/python3.9/site-packages/airflow/operators/python.py", line 256, in execute_callable
    return runner.run(*self.op_args, **self.op_kwargs)
  File "/home/airflow/.local/lib/python3.9/site-packages/airflow/utils/operator_helpers.py", line 252, in run
    return self.func(*args, **kwargs)
  File "/opt/airflow/dbt_files/run_dbt.py", line 22, in transform_data
    raise RuntimeError("dbt run failed")
RuntimeError: dbt run failed
[2025-06-10T19:33:11.414+0000] {local_task_job_runner.py:266} INFO - Task exited with return code 1
[2025-06-10T19:33:11.434+0000] {taskinstance.py:3895} INFO - 0 downstream tasks scheduled from follow-on schedule check
[2025-06-10T19:33:11.437+0000] {local_task_job_runner.py:245} INFO - ::endgroup::
