[2025-05-16T14:50:12.145+0000] {local_task_job_runner.py:123} INFO - ::group::Pre task execution logs
[2025-05-16T14:50:12.167+0000] {taskinstance.py:2613} INFO - Dependencies all met for dep_context=non-requeueable deps ti=<TaskInstance: 00_create_IAC.create_database manual__2025-05-16T14:50:09.285301+00:00 [queued]>
[2025-05-16T14:50:12.178+0000] {taskinstance.py:2613} INFO - Dependencies all met for dep_context=requeueable deps ti=<TaskInstance: 00_create_IAC.create_database manual__2025-05-16T14:50:09.285301+00:00 [queued]>
[2025-05-16T14:50:12.179+0000] {taskinstance.py:2866} INFO - Starting attempt 1 of 1
[2025-05-16T14:50:12.191+0000] {taskinstance.py:2889} INFO - Executing <Task(PythonOperator): create_database> on 2025-05-16 14:50:09.285301+00:00
[2025-05-16T14:50:12.196+0000] {standard_task_runner.py:72} INFO - Started process 94 to run task
[2025-05-16T14:50:12.211+0000] {standard_task_runner.py:104} INFO - Running: ['***', 'tasks', 'run', '00_create_IAC', 'create_database', 'manual__2025-05-16T14:50:09.285301+00:00', '--job-id', '3', '--raw', '--subdir', 'DAGS_FOLDER/00_create_iac.py', '--cfg-path', '/tmp/tmpyt2vtvwa']
[2025-05-16T14:50:12.213+0000] {standard_task_runner.py:105} INFO - Job 3: Subtask create_database
[2025-05-16T14:50:12.297+0000] {task_command.py:467} INFO - Running <TaskInstance: 00_create_IAC.create_database manual__2025-05-16T14:50:09.285301+00:00 [running]> on host 68e8d748c575
[2025-05-16T14:50:12.410+0000] {taskinstance.py:3132} INFO - Exporting env vars: AIRFLOW_CTX_DAG_OWNER='***' AIRFLOW_CTX_DAG_ID='00_create_IAC' AIRFLOW_CTX_TASK_ID='create_database' AIRFLOW_CTX_EXECUTION_DATE='2025-05-16T14:50:09.285301+00:00' AIRFLOW_CTX_TRY_NUMBER='1' AIRFLOW_CTX_DAG_RUN_ID='manual__2025-05-16T14:50:09.285301+00:00'
[2025-05-16T14:50:12.412+0000] {taskinstance.py:731} INFO - ::endgroup::
[2025-05-16T14:50:12.445+0000] {logging_mixin.py:190} INFO - Running ['terraform', '--version']
[2025-05-16T14:50:13.115+0000] {logging_mixin.py:190} INFO - ['terraform', '--version'] ran successfully.
[2025-05-16T14:50:13.116+0000] {logging_mixin.py:190} INFO - Running ['terraform', 'init']
[2025-05-16T14:50:17.305+0000] {logging_mixin.py:190} INFO - ['terraform', 'init'] ran successfully.
[2025-05-16T14:50:17.306+0000] {logging_mixin.py:190} INFO - Running ['terraform', 'apply', '-auto-approve']
[2025-05-16T14:50:20.155+0000] {logging_mixin.py:190} INFO - ['terraform', 'apply', '-auto-approve'] ran successfully.
[2025-05-16T14:50:20.156+0000] {python.py:240} INFO - Done. Returned value was: None
[2025-05-16T14:50:20.168+0000] {taskinstance.py:340} INFO - ::group::Post task execution logs
[2025-05-16T14:50:20.169+0000] {taskinstance.py:352} INFO - Marking task as SUCCESS. dag_id=00_create_IAC, task_id=create_database, run_id=manual__2025-05-16T14:50:09.285301+00:00, execution_date=20250516T145009, start_date=20250516T145012, end_date=20250516T145020
[2025-05-16T14:50:20.185+0000] {local_task_job_runner.py:266} INFO - Task exited with return code 0
[2025-05-16T14:50:20.217+0000] {taskinstance.py:3895} INFO - 1 downstream tasks scheduled from follow-on schedule check
[2025-05-16T14:50:20.221+0000] {local_task_job_runner.py:245} INFO - ::endgroup::
