[2025-06-09T22:08:49.414+0000] {local_task_job_runner.py:123} INFO - ::group::Pre task execution logs
[2025-06-09T22:08:49.433+0000] {taskinstance.py:2613} INFO - Dependencies all met for dep_context=non-requeueable deps ti=<TaskInstance: 05_transform_data.install_dbt_deps manual__2025-06-09T22:08:47.898152+00:00 [queued]>
[2025-06-09T22:08:49.441+0000] {taskinstance.py:2613} INFO - Dependencies all met for dep_context=requeueable deps ti=<TaskInstance: 05_transform_data.install_dbt_deps manual__2025-06-09T22:08:47.898152+00:00 [queued]>
[2025-06-09T22:08:49.444+0000] {taskinstance.py:2866} INFO - Starting attempt 1 of 1
[2025-06-09T22:08:49.456+0000] {taskinstance.py:2889} INFO - Executing <Task(PythonOperator): install_dbt_deps> on 2025-06-09 22:08:47.898152+00:00
[2025-06-09T22:08:49.460+0000] {standard_task_runner.py:72} INFO - Started process 5608 to run task
[2025-06-09T22:08:49.463+0000] {standard_task_runner.py:104} INFO - Running: ['***', 'tasks', 'run', '05_transform_data', 'install_dbt_deps', 'manual__2025-06-09T22:08:47.898152+00:00', '--job-id', '622', '--raw', '--subdir', 'DAGS_FOLDER/05_transform_data.py', '--cfg-path', '/tmp/tmp3_9hk66n']
[2025-06-09T22:08:49.465+0000] {standard_task_runner.py:105} INFO - Job 622: Subtask install_dbt_deps
[2025-06-09T22:08:49.520+0000] {task_command.py:467} INFO - Running <TaskInstance: 05_transform_data.install_dbt_deps manual__2025-06-09T22:08:47.898152+00:00 [running]> on host 28e6a58e4107
[2025-06-09T22:08:49.600+0000] {taskinstance.py:3132} INFO - Exporting env vars: AIRFLOW_CTX_DAG_OWNER='***' AIRFLOW_CTX_DAG_ID='05_transform_data' AIRFLOW_CTX_TASK_ID='install_dbt_deps' AIRFLOW_CTX_EXECUTION_DATE='2025-06-09T22:08:47.898152+00:00' AIRFLOW_CTX_TRY_NUMBER='1' AIRFLOW_CTX_DAG_RUN_ID='manual__2025-06-09T22:08:47.898152+00:00'
[2025-06-09T22:08:49.601+0000] {taskinstance.py:731} INFO - ::endgroup::
[2025-06-09T22:08:51.294+0000] {logging_mixin.py:190} INFO - 22:08:51  Running with dbt=1.9.5
[2025-06-09T22:08:52.078+0000] {logging_mixin.py:190} INFO - 22:08:52  Installing dbt-labs/dbt_utils
[2025-06-09T22:08:55.523+0000] {logging_mixin.py:190} INFO - 22:08:55  Installed from version 1.2.0
[2025-06-09T22:08:55.525+0000] {logging_mixin.py:190} INFO - 22:08:55  Updated version available: 1.3.0
[2025-06-09T22:08:55.527+0000] {logging_mixin.py:190} INFO - 22:08:55
[2025-06-09T22:08:55.529+0000] {logging_mixin.py:190} INFO - 22:08:55  Updates available for packages: ['dbt-labs/dbt_utils']                 
Update your versions in packages.yml, then run dbt deps
[2025-06-09T22:08:56.298+0000] {logging_mixin.py:190} INFO - Dependencies sucessfully installed.
[2025-06-09T22:08:56.299+0000] {python.py:240} INFO - Done. Returned value was: None
[2025-06-09T22:08:56.311+0000] {taskinstance.py:340} INFO - ::group::Post task execution logs
[2025-06-09T22:08:56.312+0000] {taskinstance.py:352} INFO - Marking task as SUCCESS. dag_id=05_transform_data, task_id=install_dbt_deps, run_id=manual__2025-06-09T22:08:47.898152+00:00, execution_date=20250609T220847, start_date=20250609T220849, end_date=20250609T220856
[2025-06-09T22:08:56.348+0000] {local_task_job_runner.py:266} INFO - Task exited with return code 0
[2025-06-09T22:08:56.370+0000] {taskinstance.py:3895} INFO - 1 downstream tasks scheduled from follow-on schedule check
[2025-06-09T22:08:56.373+0000] {local_task_job_runner.py:245} INFO - ::endgroup::
