[2025-06-23T17:20:53.501+0000] {local_task_job_runner.py:123} INFO - ::group::Pre task execution logs
[2025-06-23T17:20:53.520+0000] {taskinstance.py:2613} INFO - Dependencies all met for dep_context=non-requeueable deps ti=<TaskInstance: 03_load_data_prod.load_shopee manual__2025-06-23T17:20:51.826398+00:00 [queued]>
[2025-06-23T17:20:53.530+0000] {taskinstance.py:2613} INFO - Dependencies all met for dep_context=requeueable deps ti=<TaskInstance: 03_load_data_prod.load_shopee manual__2025-06-23T17:20:51.826398+00:00 [queued]>
[2025-06-23T17:20:53.531+0000] {taskinstance.py:2866} INFO - Starting attempt 1 of 1
[2025-06-23T17:20:53.545+0000] {taskinstance.py:2889} INFO - Executing <Task(PythonOperator): load_shopee> on 2025-06-23 17:20:51.826398+00:00
[2025-06-23T17:20:53.551+0000] {standard_task_runner.py:72} INFO - Started process 879 to run task
[2025-06-23T17:20:53.558+0000] {standard_task_runner.py:104} INFO - Running: ['***', 'tasks', 'run', '03_load_data_prod', 'load_shopee', 'manual__2025-06-23T17:20:51.826398+00:00', '--job-id', '19', '--raw', '--subdir', 'DAGS_FOLDER/03_load_data_prod.py', '--cfg-path', '/tmp/tmp1p719efv']
[2025-06-23T17:20:53.560+0000] {standard_task_runner.py:105} INFO - Job 19: Subtask load_shopee
[2025-06-23T17:20:53.624+0000] {task_command.py:467} INFO - Running <TaskInstance: 03_load_data_prod.load_shopee manual__2025-06-23T17:20:51.826398+00:00 [running]> on host b208c9761688
[2025-06-23T17:20:53.714+0000] {taskinstance.py:3132} INFO - Exporting env vars: AIRFLOW_CTX_DAG_OWNER='***' AIRFLOW_CTX_DAG_ID='03_load_data_prod' AIRFLOW_CTX_TASK_ID='load_shopee' AIRFLOW_CTX_EXECUTION_DATE='2025-06-23T17:20:51.826398+00:00' AIRFLOW_CTX_TRY_NUMBER='1' AIRFLOW_CTX_DAG_RUN_ID='manual__2025-06-23T17:20:51.826398+00:00'
[2025-06-23T17:20:53.715+0000] {taskinstance.py:731} INFO - ::endgroup::
[2025-06-23T17:20:54.396+0000] {logging_mixin.py:190} INFO - Loading file /opt/***/data/shopee/raw/prod/Order.completed.20240701_20240731.xlsx to prod sales_db
[2025-06-23T17:20:54.434+0000] {logging_mixin.py:190} INFO - Data in /opt/***/data/shopee/raw/prod/Order.completed.20240701_20240731.xlsx successfully loaded.
[2025-06-23T17:20:54.552+0000] {logging_mixin.py:190} INFO - Loading file /opt/***/data/shopee/raw/prod/Order.completed.20240801_20240831.xlsx to prod sales_db
[2025-06-23T17:20:54.599+0000] {logging_mixin.py:190} INFO - Data in /opt/***/data/shopee/raw/prod/Order.completed.20240801_20240831.xlsx successfully loaded.
[2025-06-23T17:20:54.711+0000] {logging_mixin.py:190} INFO - Loading file /opt/***/data/shopee/raw/prod/Order.completed.20240901_20240930.xlsx to prod sales_db
[2025-06-23T17:20:54.759+0000] {logging_mixin.py:190} INFO - Data in /opt/***/data/shopee/raw/prod/Order.completed.20240901_20240930.xlsx successfully loaded.
[2025-06-23T17:20:54.969+0000] {logging_mixin.py:190} INFO - Loading file /opt/***/data/shopee/raw/prod/Order.completed.20241001_20241031.xlsx to prod sales_db
[2025-06-23T17:20:55.051+0000] {logging_mixin.py:190} INFO - Data in /opt/***/data/shopee/raw/prod/Order.completed.20241001_20241031.xlsx successfully loaded.
[2025-06-23T17:20:55.385+0000] {logging_mixin.py:190} INFO - Loading file /opt/***/data/shopee/raw/prod/Order.completed.20241101_20241130.xlsx to prod sales_db
[2025-06-23T17:20:55.481+0000] {logging_mixin.py:190} INFO - Data in /opt/***/data/shopee/raw/prod/Order.completed.20241101_20241130.xlsx successfully loaded.
[2025-06-23T17:20:55.814+0000] {logging_mixin.py:190} INFO - Loading file /opt/***/data/shopee/raw/prod/Order.completed.20241201_20241231.xlsx to prod sales_db
[2025-06-23T17:20:55.906+0000] {logging_mixin.py:190} INFO - Data in /opt/***/data/shopee/raw/prod/Order.completed.20241201_20241231.xlsx successfully loaded.
[2025-06-23T17:20:56.106+0000] {logging_mixin.py:190} INFO - Loading file /opt/***/data/shopee/raw/prod/Order.completed.20250101_20250131.xlsx to prod sales_db
[2025-06-23T17:20:56.187+0000] {logging_mixin.py:190} INFO - Data in /opt/***/data/shopee/raw/prod/Order.completed.20250101_20250131.xlsx successfully loaded.
[2025-06-23T17:20:56.442+0000] {logging_mixin.py:190} INFO - Loading file /opt/***/data/shopee/raw/prod/Order.completed.20250201_20250228.xlsx to prod sales_db
[2025-06-23T17:20:56.539+0000] {logging_mixin.py:190} INFO - Data in /opt/***/data/shopee/raw/prod/Order.completed.20250201_20250228.xlsx successfully loaded.
[2025-06-23T17:20:56.862+0000] {logging_mixin.py:190} INFO - Loading file /opt/***/data/shopee/raw/prod/Order.completed.20250301_20250331.xlsx to prod sales_db
[2025-06-23T17:20:56.980+0000] {logging_mixin.py:190} INFO - Data in /opt/***/data/shopee/raw/prod/Order.completed.20250301_20250331.xlsx successfully loaded.
[2025-06-23T17:20:56.981+0000] {logging_mixin.py:190} INFO - [WARNING] - file /opt/***/data/shopee/raw/prod/temp.txt does not have .xlsx extension and could not be loaded.
[2025-06-23T17:20:56.982+0000] {logging_mixin.py:190} INFO - All data successfully loaded!
[2025-06-23T17:20:56.983+0000] {python.py:240} INFO - Done. Returned value was: 1
[2025-06-23T17:20:57.007+0000] {taskinstance.py:340} INFO - ::group::Post task execution logs
[2025-06-23T17:20:57.008+0000] {taskinstance.py:352} INFO - Marking task as SUCCESS. dag_id=03_load_data_prod, task_id=load_shopee, run_id=manual__2025-06-23T17:20:51.826398+00:00, execution_date=20250623T172051, start_date=20250623T172053, end_date=20250623T172057
[2025-06-23T17:20:57.059+0000] {local_task_job_runner.py:266} INFO - Task exited with return code 0
[2025-06-23T17:20:57.075+0000] {taskinstance.py:3895} INFO - 0 downstream tasks scheduled from follow-on schedule check
[2025-06-23T17:20:57.078+0000] {local_task_job_runner.py:245} INFO - ::endgroup::
