[2025-06-23T16:44:10.347+0000] {local_task_job_runner.py:123} INFO - ::group::Pre task execution logs
[2025-06-23T16:44:10.365+0000] {taskinstance.py:2613} INFO - Dependencies all met for dep_context=non-requeueable deps ti=<TaskInstance: 01_extract_data_prod.extract_ml manual__2025-06-23T16:44:06.970474+00:00 [queued]>
[2025-06-23T16:44:10.374+0000] {taskinstance.py:2613} INFO - Dependencies all met for dep_context=requeueable deps ti=<TaskInstance: 01_extract_data_prod.extract_ml manual__2025-06-23T16:44:06.970474+00:00 [queued]>
[2025-06-23T16:44:10.376+0000] {taskinstance.py:2866} INFO - Starting attempt 1 of 1
[2025-06-23T16:44:10.388+0000] {taskinstance.py:2889} INFO - Executing <Task(PythonOperator): extract_ml> on 2025-06-23 16:44:06.970474+00:00
[2025-06-23T16:44:10.393+0000] {standard_task_runner.py:72} INFO - Started process 348 to run task
[2025-06-23T16:44:10.396+0000] {standard_task_runner.py:104} INFO - Running: ['***', 'tasks', 'run', '01_extract_data_prod', 'extract_ml', 'manual__2025-06-23T16:44:06.970474+00:00', '--job-id', '6', '--raw', '--subdir', 'DAGS_FOLDER/01_extract_dag_prod.py', '--cfg-path', '/tmp/tmpy7c_2d88']
[2025-06-23T16:44:10.398+0000] {standard_task_runner.py:105} INFO - Job 6: Subtask extract_ml
[2025-06-23T16:44:10.449+0000] {task_command.py:467} INFO - Running <TaskInstance: 01_extract_data_prod.extract_ml manual__2025-06-23T16:44:06.970474+00:00 [running]> on host b208c9761688
[2025-06-23T16:44:10.523+0000] {taskinstance.py:3132} INFO - Exporting env vars: AIRFLOW_CTX_DAG_OWNER='***' AIRFLOW_CTX_DAG_ID='01_extract_data_prod' AIRFLOW_CTX_TASK_ID='extract_ml' AIRFLOW_CTX_EXECUTION_DATE='2025-06-23T16:44:06.970474+00:00' AIRFLOW_CTX_TRY_NUMBER='1' AIRFLOW_CTX_DAG_RUN_ID='manual__2025-06-23T16:44:06.970474+00:00'
[2025-06-23T16:44:10.525+0000] {taskinstance.py:731} INFO - ::endgroup::
[2025-06-23T16:44:11.007+0000] {taskinstance.py:3311} ERROR - Task failed with exception
Traceback (most recent call last):
  File "/home/airflow/.local/lib/python3.9/site-packages/airflow/models/taskinstance.py", line 767, in _execute_task
    result = _execute_callable(context=context, **execute_callable_kwargs)
  File "/home/airflow/.local/lib/python3.9/site-packages/airflow/models/taskinstance.py", line 733, in _execute_callable
    return ExecutionCallableRunner(
  File "/home/airflow/.local/lib/python3.9/site-packages/airflow/utils/operator_helpers.py", line 252, in run
    return self.func(*args, **kwargs)
  File "/home/airflow/.local/lib/python3.9/site-packages/airflow/models/baseoperator.py", line 422, in wrapper
    return func(self, *args, **kwargs)
  File "/home/airflow/.local/lib/python3.9/site-packages/airflow/operators/python.py", line 238, in execute
    return_value = self.execute_callable()
  File "/home/airflow/.local/lib/python3.9/site-packages/airflow/operators/python.py", line 256, in execute_callable
    return runner.run(*self.op_args, **self.op_kwargs)
  File "/home/airflow/.local/lib/python3.9/site-packages/airflow/utils/operator_helpers.py", line 252, in run
    return self.func(*args, **kwargs)
  File "/opt/airflow/scripts/extraction/mercadolivre/extract_ml_data.py", line 55, in extract_mercado
    with open(download_path, "w", encoding="utf-8") as data_json:
FileNotFoundError: [Errno 2] No such file or directory: '/opt/airflow/data/mercadolivre/prod/ml_sell_data_2024-05-01T00:00:00.000-03:00_2025-06-01T00:00:00.000-03:00_0.json'
[2025-06-23T16:44:11.022+0000] {taskinstance.py:1225} INFO - Marking task as FAILED. dag_id=01_extract_data_prod, task_id=extract_ml, run_id=manual__2025-06-23T16:44:06.970474+00:00, execution_date=20250623T164406, start_date=20250623T164410, end_date=20250623T164411
[2025-06-23T16:44:11.032+0000] {taskinstance.py:340} INFO - ::group::Post task execution logs
[2025-06-23T16:44:11.034+0000] {standard_task_runner.py:124} ERROR - Failed to execute job 6 for task extract_ml ([Errno 2] No such file or directory: '/opt/airflow/data/mercadolivre/prod/ml_sell_data_2024-05-01T00:00:00.000-03:00_2025-06-01T00:00:00.000-03:00_0.json'; 348)
Traceback (most recent call last):
  File "/home/airflow/.local/lib/python3.9/site-packages/airflow/task/task_runner/standard_task_runner.py", line 117, in _start_by_fork
    ret = args.func(args, dag=self.dag)
  File "/home/airflow/.local/lib/python3.9/site-packages/airflow/cli/cli_config.py", line 49, in command
    return func(*args, **kwargs)
  File "/home/airflow/.local/lib/python3.9/site-packages/airflow/utils/cli.py", line 116, in wrapper
    return f(*args, **kwargs)
  File "/home/airflow/.local/lib/python3.9/site-packages/airflow/cli/commands/task_command.py", line 483, in task_run
    task_return_code = _run_task_by_selected_method(args, _dag, ti)
  File "/home/airflow/.local/lib/python3.9/site-packages/airflow/cli/commands/task_command.py", line 256, in _run_task_by_selected_method
    return _run_raw_task(args, ti)
  File "/home/airflow/.local/lib/python3.9/site-packages/airflow/cli/commands/task_command.py", line 341, in _run_raw_task
    return ti._run_raw_task(
  File "/home/airflow/.local/lib/python3.9/site-packages/airflow/utils/session.py", line 97, in wrapper
    return func(*args, session=session, **kwargs)
  File "/home/airflow/.local/lib/python3.9/site-packages/airflow/models/taskinstance.py", line 3005, in _run_raw_task
    return _run_raw_task(
  File "/home/airflow/.local/lib/python3.9/site-packages/airflow/models/taskinstance.py", line 273, in _run_raw_task
    TaskInstance._execute_task_with_callbacks(
  File "/home/airflow/.local/lib/python3.9/site-packages/airflow/models/taskinstance.py", line 3159, in _execute_task_with_callbacks
    result = self._execute_task(context, task_orig)
  File "/home/airflow/.local/lib/python3.9/site-packages/airflow/models/taskinstance.py", line 3183, in _execute_task
    return _execute_task(self, context, task_orig)
  File "/home/airflow/.local/lib/python3.9/site-packages/airflow/models/taskinstance.py", line 767, in _execute_task
    result = _execute_callable(context=context, **execute_callable_kwargs)
  File "/home/airflow/.local/lib/python3.9/site-packages/airflow/models/taskinstance.py", line 733, in _execute_callable
    return ExecutionCallableRunner(
  File "/home/airflow/.local/lib/python3.9/site-packages/airflow/utils/operator_helpers.py", line 252, in run
    return self.func(*args, **kwargs)
  File "/home/airflow/.local/lib/python3.9/site-packages/airflow/models/baseoperator.py", line 422, in wrapper
    return func(self, *args, **kwargs)
  File "/home/airflow/.local/lib/python3.9/site-packages/airflow/operators/python.py", line 238, in execute
    return_value = self.execute_callable()
  File "/home/airflow/.local/lib/python3.9/site-packages/airflow/operators/python.py", line 256, in execute_callable
    return runner.run(*self.op_args, **self.op_kwargs)
  File "/home/airflow/.local/lib/python3.9/site-packages/airflow/utils/operator_helpers.py", line 252, in run
    return self.func(*args, **kwargs)
  File "/opt/airflow/scripts/extraction/mercadolivre/extract_ml_data.py", line 55, in extract_mercado
    with open(download_path, "w", encoding="utf-8") as data_json:
FileNotFoundError: [Errno 2] No such file or directory: '/opt/airflow/data/mercadolivre/prod/ml_sell_data_2024-05-01T00:00:00.000-03:00_2025-06-01T00:00:00.000-03:00_0.json'
[2025-06-23T16:44:11.054+0000] {local_task_job_runner.py:266} INFO - Task exited with return code 1
[2025-06-23T16:44:11.072+0000] {taskinstance.py:3895} INFO - 0 downstream tasks scheduled from follow-on schedule check
[2025-06-23T16:44:11.074+0000] {local_task_job_runner.py:245} INFO - ::endgroup::
