[2025-06-12T00:23:17.346+0000] {local_task_job_runner.py:123} INFO - ::group::Pre task execution logs
[2025-06-12T00:23:17.367+0000] {taskinstance.py:2613} INFO - Dependencies all met for dep_context=non-requeueable deps ti=<TaskInstance: 06_delete_entry_data_prod.delete_ml_sh_files manual__2025-06-12T00:23:16.022879+00:00 [queued]>
[2025-06-12T00:23:17.377+0000] {taskinstance.py:2613} INFO - Dependencies all met for dep_context=requeueable deps ti=<TaskInstance: 06_delete_entry_data_prod.delete_ml_sh_files manual__2025-06-12T00:23:16.022879+00:00 [queued]>
[2025-06-12T00:23:17.378+0000] {taskinstance.py:2866} INFO - Starting attempt 1 of 1
[2025-06-12T00:23:17.393+0000] {taskinstance.py:2889} INFO - Executing <Task(PythonOperator): delete_ml_sh_files> on 2025-06-12 00:23:16.022879+00:00
[2025-06-12T00:23:17.400+0000] {standard_task_runner.py:72} INFO - Started process 10577 to run task
[2025-06-12T00:23:17.404+0000] {standard_task_runner.py:104} INFO - Running: ['***', 'tasks', 'run', '06_delete_entry_data_prod', 'delete_ml_sh_files', 'manual__2025-06-12T00:23:16.022879+00:00', '--job-id', '1014', '--raw', '--subdir', 'DAGS_FOLDER/06_delete_files_tables_prod.py', '--cfg-path', '/tmp/tmpfbpq8xl1']
[2025-06-12T00:23:17.406+0000] {standard_task_runner.py:105} INFO - Job 1014: Subtask delete_ml_sh_files
[2025-06-12T00:23:17.471+0000] {task_command.py:467} INFO - Running <TaskInstance: 06_delete_entry_data_prod.delete_ml_sh_files manual__2025-06-12T00:23:16.022879+00:00 [running]> on host 28e6a58e4107
[2025-06-12T00:23:17.567+0000] {taskinstance.py:3132} INFO - Exporting env vars: AIRFLOW_CTX_DAG_OWNER='***' AIRFLOW_CTX_DAG_ID='06_delete_entry_data_prod' AIRFLOW_CTX_TASK_ID='delete_ml_sh_files' AIRFLOW_CTX_EXECUTION_DATE='2025-06-12T00:23:16.022879+00:00' AIRFLOW_CTX_TRY_NUMBER='1' AIRFLOW_CTX_DAG_RUN_ID='manual__2025-06-12T00:23:16.022879+00:00'
[2025-06-12T00:23:17.568+0000] {taskinstance.py:731} INFO - ::endgroup::
[2025-06-12T00:23:17.593+0000] {logging_mixin.py:190} INFO - Deleted all files in /opt/***/extraction/mercadolivre/data/shipping_cost_ml/prod/ with extension *.json
[2025-06-12T00:23:17.595+0000] {logging_mixin.py:190} INFO - Deleted all files in /opt/***/extraction/mercadolivre/data/shipping_cost_ml/prod/ with extension *.json
[2025-06-12T00:23:17.598+0000] {logging_mixin.py:190} INFO - Deleted all files in /opt/***/extraction/mercadolivre/data/shipping_cost_ml/prod/ with extension *.json
[2025-06-12T00:23:17.601+0000] {logging_mixin.py:190} INFO - Deleted all files in /opt/***/extraction/mercadolivre/data/shipping_cost_ml/prod/ with extension *.json
[2025-06-12T00:23:17.604+0000] {logging_mixin.py:190} INFO - Deleted all files in /opt/***/extraction/mercadolivre/data/shipping_cost_ml/prod/ with extension *.json
[2025-06-12T00:23:17.607+0000] {logging_mixin.py:190} INFO - Deleted all files in /opt/***/extraction/mercadolivre/data/shipping_cost_ml/prod/ with extension *.json
[2025-06-12T00:23:17.610+0000] {logging_mixin.py:190} INFO - Deleted all files in /opt/***/extraction/mercadolivre/data/shipping_cost_ml/prod/ with extension *.json
[2025-06-12T00:23:17.613+0000] {logging_mixin.py:190} INFO - Deleted all files in /opt/***/extraction/mercadolivre/data/shipping_cost_ml/prod/ with extension *.json
[2025-06-12T00:23:17.616+0000] {logging_mixin.py:190} INFO - Deleted all files in /opt/***/extraction/mercadolivre/data/shipping_cost_ml/prod/ with extension *.json
[2025-06-12T00:23:17.619+0000] {logging_mixin.py:190} INFO - Deleted all files in /opt/***/extraction/mercadolivre/data/shipping_cost_ml/prod/ with extension *.json
[2025-06-12T00:23:17.621+0000] {logging_mixin.py:190} INFO - Deleted all files in /opt/***/extraction/mercadolivre/data/shipping_cost_ml/prod/ with extension *.json
[2025-06-12T00:23:17.624+0000] {logging_mixin.py:190} INFO - Deleted all files in /opt/***/extraction/mercadolivre/data/shipping_cost_ml/prod/ with extension *.json
[2025-06-12T00:23:17.626+0000] {logging_mixin.py:190} INFO - Deleted all files in /opt/***/extraction/mercadolivre/data/shipping_cost_ml/prod/ with extension *.json
[2025-06-12T00:23:17.629+0000] {logging_mixin.py:190} INFO - Deleted all files in /opt/***/extraction/mercadolivre/data/shipping_cost_ml/prod/ with extension *.json
[2025-06-12T00:23:17.632+0000] {logging_mixin.py:190} INFO - Deleted all files in /opt/***/extraction/mercadolivre/data/shipping_cost_ml/prod/ with extension *.json
[2025-06-12T00:23:17.635+0000] {logging_mixin.py:190} INFO - Deleted all files in /opt/***/extraction/mercadolivre/data/shipping_cost_ml/prod/ with extension *.json
[2025-06-12T00:23:17.637+0000] {logging_mixin.py:190} INFO - Deleted all files in /opt/***/extraction/mercadolivre/data/shipping_cost_ml/prod/ with extension *.json
[2025-06-12T00:23:17.640+0000] {logging_mixin.py:190} INFO - Deleted all files in /opt/***/extraction/mercadolivre/data/shipping_cost_ml/prod/ with extension *.json
[2025-06-12T00:23:17.643+0000] {logging_mixin.py:190} INFO - Deleted all files in /opt/***/extraction/mercadolivre/data/shipping_cost_ml/prod/ with extension *.json
[2025-06-12T00:23:17.645+0000] {logging_mixin.py:190} INFO - Deleted all files in /opt/***/extraction/mercadolivre/data/shipping_cost_ml/prod/ with extension *.json
[2025-06-12T00:23:17.648+0000] {logging_mixin.py:190} INFO - Deleted all files in /opt/***/extraction/mercadolivre/data/shipping_cost_ml/prod/ with extension *.json
[2025-06-12T00:23:17.651+0000] {logging_mixin.py:190} INFO - Deleted all files in /opt/***/extraction/mercadolivre/data/shipping_cost_ml/prod/ with extension *.json
[2025-06-12T00:23:17.653+0000] {logging_mixin.py:190} INFO - Deleted all files in /opt/***/extraction/mercadolivre/data/shipping_cost_ml/prod/ with extension *.json
[2025-06-12T00:23:17.658+0000] {logging_mixin.py:190} INFO - Deleted all files in /opt/***/extraction/mercadolivre/data/shipping_cost_ml/prod/ with extension *.json
[2025-06-12T00:23:17.661+0000] {logging_mixin.py:190} INFO - Deleted all files in /opt/***/extraction/mercadolivre/data/shipping_cost_ml/prod/ with extension *.json
[2025-06-12T00:23:17.665+0000] {logging_mixin.py:190} INFO - Deleted all files in /opt/***/extraction/mercadolivre/data/shipping_cost_ml/prod/ with extension *.json
[2025-06-12T00:23:17.669+0000] {logging_mixin.py:190} INFO - Deleted all files in /opt/***/extraction/mercadolivre/data/shipping_cost_ml/prod/ with extension *.json
[2025-06-12T00:23:17.673+0000] {logging_mixin.py:190} INFO - Deleted all files in /opt/***/extraction/mercadolivre/data/shipping_cost_ml/prod/ with extension *.json
[2025-06-12T00:23:17.677+0000] {logging_mixin.py:190} INFO - Deleted all files in /opt/***/extraction/mercadolivre/data/shipping_cost_ml/prod/ with extension *.json
[2025-06-12T00:23:17.681+0000] {logging_mixin.py:190} INFO - Deleted all files in /opt/***/extraction/mercadolivre/data/shipping_cost_ml/prod/ with extension *.json
[2025-06-12T00:23:17.685+0000] {logging_mixin.py:190} INFO - Deleted all files in /opt/***/extraction/mercadolivre/data/shipping_cost_ml/prod/ with extension *.json
[2025-06-12T00:23:17.688+0000] {logging_mixin.py:190} INFO - Deleted all files in /opt/***/extraction/mercadolivre/data/shipping_cost_ml/prod/ with extension *.json
[2025-06-12T00:23:17.692+0000] {logging_mixin.py:190} INFO - Deleted all files in /opt/***/extraction/mercadolivre/data/shipping_cost_ml/prod/ with extension *.json
[2025-06-12T00:23:17.695+0000] {logging_mixin.py:190} INFO - Deleted all files in /opt/***/extraction/mercadolivre/data/shipping_cost_ml/prod/ with extension *.json
[2025-06-12T00:23:17.701+0000] {logging_mixin.py:190} INFO - Deleted all files in /opt/***/extraction/mercadolivre/data/shipping_cost_ml/prod/ with extension *.json
[2025-06-12T00:23:17.703+0000] {logging_mixin.py:190} INFO - Deleted all files in /opt/***/extraction/mercadolivre/data/shipping_cost_ml/prod/ with extension *.json
[2025-06-12T00:23:17.706+0000] {logging_mixin.py:190} INFO - Deleted all files in /opt/***/extraction/mercadolivre/data/shipping_cost_ml/prod/ with extension *.json
[2025-06-12T00:23:17.710+0000] {logging_mixin.py:190} INFO - Deleted all files in /opt/***/extraction/mercadolivre/data/shipping_cost_ml/prod/ with extension *.json
[2025-06-12T00:23:17.712+0000] {logging_mixin.py:190} INFO - Deleted all files in /opt/***/extraction/mercadolivre/data/shipping_cost_ml/prod/ with extension *.json
[2025-06-12T00:23:17.715+0000] {logging_mixin.py:190} INFO - Deleted all files in /opt/***/extraction/mercadolivre/data/shipping_cost_ml/prod/ with extension *.json
[2025-06-12T00:23:17.719+0000] {logging_mixin.py:190} INFO - Deleted all files in /opt/***/extraction/mercadolivre/data/shipping_cost_ml/prod/ with extension *.json
[2025-06-12T00:23:17.722+0000] {logging_mixin.py:190} INFO - Deleted all files in /opt/***/extraction/mercadolivre/data/shipping_cost_ml/prod/ with extension *.json
[2025-06-12T00:23:17.725+0000] {logging_mixin.py:190} INFO - Deleted all files in /opt/***/extraction/mercadolivre/data/shipping_cost_ml/prod/ with extension *.json
[2025-06-12T00:23:17.728+0000] {logging_mixin.py:190} INFO - Deleted all files in /opt/***/extraction/mercadolivre/data/shipping_cost_ml/prod/ with extension *.json
[2025-06-12T00:23:17.731+0000] {logging_mixin.py:190} INFO - Deleted all files in /opt/***/extraction/mercadolivre/data/shipping_cost_ml/prod/ with extension *.json
[2025-06-12T00:23:17.733+0000] {logging_mixin.py:190} INFO - Deleted all files in /opt/***/extraction/mercadolivre/data/shipping_cost_ml/prod/ with extension *.json
[2025-06-12T00:23:17.736+0000] {logging_mixin.py:190} INFO - Deleted all files in /opt/***/extraction/mercadolivre/data/shipping_cost_ml/prod/ with extension *.json
[2025-06-12T00:23:17.738+0000] {logging_mixin.py:190} INFO - Deleted all files in /opt/***/extraction/mercadolivre/data/shipping_cost_ml/prod/ with extension *.json
[2025-06-12T00:23:17.740+0000] {logging_mixin.py:190} INFO - Deleted all files in /opt/***/extraction/mercadolivre/data/shipping_cost_ml/prod/ with extension *.json
[2025-06-12T00:23:17.743+0000] {logging_mixin.py:190} INFO - Deleted all files in /opt/***/extraction/mercadolivre/data/shipping_cost_ml/prod/ with extension *.json
[2025-06-12T00:23:17.745+0000] {logging_mixin.py:190} INFO - Deleted all files in /opt/***/extraction/mercadolivre/data/shipping_cost_ml/prod/ with extension *.json
[2025-06-12T00:23:17.747+0000] {logging_mixin.py:190} INFO - Deleted all files in /opt/***/extraction/mercadolivre/data/shipping_cost_ml/prod/ with extension *.json
[2025-06-12T00:23:17.749+0000] {logging_mixin.py:190} INFO - Deleted all files in /opt/***/extraction/mercadolivre/data/shipping_cost_ml/prod/ with extension *.json
[2025-06-12T00:23:17.752+0000] {logging_mixin.py:190} INFO - Deleted all files in /opt/***/extraction/mercadolivre/data/shipping_cost_ml/prod/ with extension *.json
[2025-06-12T00:23:17.754+0000] {logging_mixin.py:190} INFO - Deleted all files in /opt/***/extraction/mercadolivre/data/shipping_cost_ml/prod/ with extension *.json
[2025-06-12T00:23:17.756+0000] {logging_mixin.py:190} INFO - Deleted all files in /opt/***/extraction/mercadolivre/data/shipping_cost_ml/prod/ with extension *.json
[2025-06-12T00:23:17.759+0000] {logging_mixin.py:190} INFO - Deleted all files in /opt/***/extraction/mercadolivre/data/shipping_cost_ml/prod/ with extension *.json
[2025-06-12T00:23:17.762+0000] {logging_mixin.py:190} INFO - Deleted all files in /opt/***/extraction/mercadolivre/data/shipping_cost_ml/prod/ with extension *.json
[2025-06-12T00:23:17.765+0000] {logging_mixin.py:190} INFO - Deleted all files in /opt/***/extraction/mercadolivre/data/shipping_cost_ml/prod/ with extension *.json
[2025-06-12T00:23:17.768+0000] {logging_mixin.py:190} INFO - Deleted all files in /opt/***/extraction/mercadolivre/data/shipping_cost_ml/prod/ with extension *.json
[2025-06-12T00:23:17.770+0000] {logging_mixin.py:190} INFO - Deleted all files in /opt/***/extraction/mercadolivre/data/shipping_cost_ml/prod/ with extension *.json
[2025-06-12T00:23:17.773+0000] {logging_mixin.py:190} INFO - Deleted all files in /opt/***/extraction/mercadolivre/data/shipping_cost_ml/prod/ with extension *.json
[2025-06-12T00:23:17.775+0000] {logging_mixin.py:190} INFO - Deleted all files in /opt/***/extraction/mercadolivre/data/shipping_cost_ml/prod/ with extension *.json
[2025-06-12T00:23:17.778+0000] {logging_mixin.py:190} INFO - Deleted all files in /opt/***/extraction/mercadolivre/data/shipping_cost_ml/prod/ with extension *.json
[2025-06-12T00:23:17.781+0000] {logging_mixin.py:190} INFO - Deleted all files in /opt/***/extraction/mercadolivre/data/shipping_cost_ml/prod/ with extension *.json
[2025-06-12T00:23:17.783+0000] {logging_mixin.py:190} INFO - Deleted all files in /opt/***/extraction/mercadolivre/data/shipping_cost_ml/prod/ with extension *.json
[2025-06-12T00:23:17.786+0000] {logging_mixin.py:190} INFO - Deleted all files in /opt/***/extraction/mercadolivre/data/shipping_cost_ml/prod/ with extension *.json
[2025-06-12T00:23:17.789+0000] {logging_mixin.py:190} INFO - Deleted all files in /opt/***/extraction/mercadolivre/data/shipping_cost_ml/prod/ with extension *.json
[2025-06-12T00:23:17.791+0000] {logging_mixin.py:190} INFO - Deleted all files in /opt/***/extraction/mercadolivre/data/shipping_cost_ml/prod/ with extension *.json
[2025-06-12T00:23:17.794+0000] {logging_mixin.py:190} INFO - Deleted all files in /opt/***/extraction/mercadolivre/data/shipping_cost_ml/prod/ with extension *.json
[2025-06-12T00:23:17.796+0000] {logging_mixin.py:190} INFO - Deleted all files in /opt/***/extraction/mercadolivre/data/shipping_cost_ml/prod/ with extension *.json
[2025-06-12T00:23:17.799+0000] {logging_mixin.py:190} INFO - Deleted all files in /opt/***/extraction/mercadolivre/data/shipping_cost_ml/prod/ with extension *.json
[2025-06-12T00:23:17.801+0000] {logging_mixin.py:190} INFO - Deleted all files in /opt/***/extraction/mercadolivre/data/shipping_cost_ml/prod/ with extension *.json
[2025-06-12T00:23:17.804+0000] {logging_mixin.py:190} INFO - Deleted all files in /opt/***/extraction/mercadolivre/data/shipping_cost_ml/prod/ with extension *.json
[2025-06-12T00:23:17.806+0000] {logging_mixin.py:190} INFO - Deleted all files in /opt/***/extraction/mercadolivre/data/shipping_cost_ml/prod/ with extension *.json
[2025-06-12T00:23:17.809+0000] {logging_mixin.py:190} INFO - Deleted all files in /opt/***/extraction/mercadolivre/data/shipping_cost_ml/prod/ with extension *.json
[2025-06-12T00:23:17.812+0000] {logging_mixin.py:190} INFO - Deleted all files in /opt/***/extraction/mercadolivre/data/shipping_cost_ml/prod/ with extension *.json
[2025-06-12T00:23:17.814+0000] {logging_mixin.py:190} INFO - Deleted all files in /opt/***/extraction/mercadolivre/data/shipping_cost_ml/prod/ with extension *.json
[2025-06-12T00:23:17.817+0000] {logging_mixin.py:190} INFO - Deleted all files in /opt/***/extraction/mercadolivre/data/shipping_cost_ml/prod/ with extension *.json
[2025-06-12T00:23:17.820+0000] {logging_mixin.py:190} INFO - Deleted all files in /opt/***/extraction/mercadolivre/data/shipping_cost_ml/prod/ with extension *.json
[2025-06-12T00:23:17.823+0000] {logging_mixin.py:190} INFO - Deleted all files in /opt/***/extraction/mercadolivre/data/shipping_cost_ml/prod/ with extension *.json
[2025-06-12T00:23:17.825+0000] {logging_mixin.py:190} INFO - Deleted all files in /opt/***/extraction/mercadolivre/data/shipping_cost_ml/prod/ with extension *.json
[2025-06-12T00:23:17.828+0000] {logging_mixin.py:190} INFO - Deleted all files in /opt/***/extraction/mercadolivre/data/shipping_cost_ml/prod/ with extension *.json
[2025-06-12T00:23:17.830+0000] {logging_mixin.py:190} INFO - Deleted all files in /opt/***/extraction/mercadolivre/data/shipping_cost_ml/prod/ with extension *.json
[2025-06-12T00:23:17.833+0000] {logging_mixin.py:190} INFO - Deleted all files in /opt/***/extraction/mercadolivre/data/shipping_cost_ml/prod/ with extension *.json
[2025-06-12T00:23:17.835+0000] {logging_mixin.py:190} INFO - Deleted all files in /opt/***/extraction/mercadolivre/data/shipping_cost_ml/prod/ with extension *.json
[2025-06-12T00:23:17.838+0000] {logging_mixin.py:190} INFO - Deleted all files in /opt/***/extraction/mercadolivre/data/shipping_cost_ml/prod/ with extension *.json
[2025-06-12T00:23:17.841+0000] {logging_mixin.py:190} INFO - Deleted all files in /opt/***/extraction/mercadolivre/data/shipping_cost_ml/prod/ with extension *.json
[2025-06-12T00:23:17.843+0000] {logging_mixin.py:190} INFO - Deleted all files in /opt/***/extraction/mercadolivre/data/shipping_cost_ml/prod/ with extension *.json
[2025-06-12T00:23:17.846+0000] {logging_mixin.py:190} INFO - Deleted all files in /opt/***/extraction/mercadolivre/data/shipping_cost_ml/prod/ with extension *.json
[2025-06-12T00:23:17.848+0000] {logging_mixin.py:190} INFO - Deleted all files in /opt/***/extraction/mercadolivre/data/shipping_cost_ml/prod/ with extension *.json
[2025-06-12T00:23:17.850+0000] {logging_mixin.py:190} INFO - Deleted all files in /opt/***/extraction/mercadolivre/data/shipping_cost_ml/prod/ with extension *.json
[2025-06-12T00:23:17.853+0000] {logging_mixin.py:190} INFO - Deleted all files in /opt/***/extraction/mercadolivre/data/shipping_cost_ml/prod/ with extension *.json
[2025-06-12T00:23:17.855+0000] {logging_mixin.py:190} INFO - Deleted all files in /opt/***/extraction/mercadolivre/data/shipping_cost_ml/prod/ with extension *.json
[2025-06-12T00:23:17.857+0000] {logging_mixin.py:190} INFO - Deleted all files in /opt/***/extraction/mercadolivre/data/shipping_cost_ml/prod/ with extension *.json
[2025-06-12T00:23:17.860+0000] {logging_mixin.py:190} INFO - Deleted all files in /opt/***/extraction/mercadolivre/data/shipping_cost_ml/prod/ with extension *.json
[2025-06-12T00:23:17.863+0000] {logging_mixin.py:190} INFO - Deleted all files in /opt/***/extraction/mercadolivre/data/shipping_cost_ml/prod/ with extension *.json
[2025-06-12T00:23:17.865+0000] {logging_mixin.py:190} INFO - Deleted all files in /opt/***/extraction/mercadolivre/data/shipping_cost_ml/prod/ with extension *.json
[2025-06-12T00:23:17.867+0000] {logging_mixin.py:190} INFO - Deleted all files in /opt/***/extraction/mercadolivre/data/shipping_cost_ml/prod/ with extension *.json
[2025-06-12T00:23:17.871+0000] {logging_mixin.py:190} INFO - Deleted all files in /opt/***/extraction/mercadolivre/data/shipping_cost_ml/prod/ with extension *.json
[2025-06-12T00:23:17.873+0000] {logging_mixin.py:190} INFO - Deleted all files in /opt/***/extraction/mercadolivre/data/shipping_cost_ml/prod/ with extension *.json
[2025-06-12T00:23:17.876+0000] {logging_mixin.py:190} INFO - Deleted all files in /opt/***/extraction/mercadolivre/data/shipping_cost_ml/prod/ with extension *.json
[2025-06-12T00:23:17.878+0000] {logging_mixin.py:190} INFO - Deleted all files in /opt/***/extraction/mercadolivre/data/shipping_cost_ml/prod/ with extension *.json
[2025-06-12T00:23:17.881+0000] {logging_mixin.py:190} INFO - Deleted all files in /opt/***/extraction/mercadolivre/data/shipping_cost_ml/prod/ with extension *.json
[2025-06-12T00:23:17.883+0000] {logging_mixin.py:190} INFO - Deleted all files in /opt/***/extraction/mercadolivre/data/shipping_cost_ml/prod/ with extension *.json
[2025-06-12T00:23:17.886+0000] {logging_mixin.py:190} INFO - Deleted all files in /opt/***/extraction/mercadolivre/data/shipping_cost_ml/prod/ with extension *.json
[2025-06-12T00:23:17.889+0000] {logging_mixin.py:190} INFO - Deleted all files in /opt/***/extraction/mercadolivre/data/shipping_cost_ml/prod/ with extension *.json
[2025-06-12T00:23:17.891+0000] {logging_mixin.py:190} INFO - Deleted all files in /opt/***/extraction/mercadolivre/data/shipping_cost_ml/prod/ with extension *.json
[2025-06-12T00:23:17.894+0000] {logging_mixin.py:190} INFO - Deleted all files in /opt/***/extraction/mercadolivre/data/shipping_cost_ml/prod/ with extension *.json
[2025-06-12T00:23:17.896+0000] {logging_mixin.py:190} INFO - Deleted all files in /opt/***/extraction/mercadolivre/data/shipping_cost_ml/prod/ with extension *.json
[2025-06-12T00:23:17.899+0000] {logging_mixin.py:190} INFO - Deleted all files in /opt/***/extraction/mercadolivre/data/shipping_cost_ml/prod/ with extension *.json
[2025-06-12T00:23:17.902+0000] {logging_mixin.py:190} INFO - Deleted all files in /opt/***/extraction/mercadolivre/data/shipping_cost_ml/prod/ with extension *.json
[2025-06-12T00:23:17.904+0000] {logging_mixin.py:190} INFO - Deleted all files in /opt/***/extraction/mercadolivre/data/shipping_cost_ml/prod/ with extension *.json
[2025-06-12T00:23:17.907+0000] {logging_mixin.py:190} INFO - Deleted all files in /opt/***/extraction/mercadolivre/data/shipping_cost_ml/prod/ with extension *.json
[2025-06-12T00:23:17.909+0000] {logging_mixin.py:190} INFO - Deleted all files in /opt/***/extraction/mercadolivre/data/shipping_cost_ml/prod/ with extension *.json
[2025-06-12T00:23:17.912+0000] {logging_mixin.py:190} INFO - Deleted all files in /opt/***/extraction/mercadolivre/data/shipping_cost_ml/prod/ with extension *.json
[2025-06-12T00:23:17.914+0000] {logging_mixin.py:190} INFO - Deleted all files in /opt/***/extraction/mercadolivre/data/shipping_cost_ml/prod/ with extension *.json
[2025-06-12T00:23:17.917+0000] {logging_mixin.py:190} INFO - Deleted all files in /opt/***/extraction/mercadolivre/data/shipping_cost_ml/prod/ with extension *.json
[2025-06-12T00:23:17.920+0000] {logging_mixin.py:190} INFO - Deleted all files in /opt/***/extraction/mercadolivre/data/shipping_cost_ml/prod/ with extension *.json
[2025-06-12T00:23:17.924+0000] {logging_mixin.py:190} INFO - Deleted all files in /opt/***/extraction/mercadolivre/data/shipping_cost_ml/prod/ with extension *.json
[2025-06-12T00:23:17.926+0000] {logging_mixin.py:190} INFO - Deleted all files in /opt/***/extraction/mercadolivre/data/shipping_cost_ml/prod/ with extension *.json
[2025-06-12T00:23:17.929+0000] {logging_mixin.py:190} INFO - Deleted all files in /opt/***/extraction/mercadolivre/data/shipping_cost_ml/prod/ with extension *.json
[2025-06-12T00:23:17.931+0000] {logging_mixin.py:190} INFO - Deleted all files in /opt/***/extraction/mercadolivre/data/shipping_cost_ml/prod/ with extension *.json
[2025-06-12T00:23:17.934+0000] {logging_mixin.py:190} INFO - Deleted all files in /opt/***/extraction/mercadolivre/data/shipping_cost_ml/prod/ with extension *.json
[2025-06-12T00:23:17.936+0000] {logging_mixin.py:190} INFO - Deleted all files in /opt/***/extraction/mercadolivre/data/shipping_cost_ml/prod/ with extension *.json
[2025-06-12T00:23:17.938+0000] {logging_mixin.py:190} INFO - Deleted all files in /opt/***/extraction/mercadolivre/data/shipping_cost_ml/prod/ with extension *.json
[2025-06-12T00:23:17.940+0000] {logging_mixin.py:190} INFO - Deleted all files in /opt/***/extraction/mercadolivre/data/shipping_cost_ml/prod/ with extension *.json
[2025-06-12T00:23:17.944+0000] {logging_mixin.py:190} INFO - Deleted all files in /opt/***/extraction/mercadolivre/data/shipping_cost_ml/prod/ with extension *.json
[2025-06-12T00:23:17.947+0000] {logging_mixin.py:190} INFO - Deleted all files in /opt/***/extraction/mercadolivre/data/shipping_cost_ml/prod/ with extension *.json
[2025-06-12T00:23:17.949+0000] {logging_mixin.py:190} INFO - Deleted all files in /opt/***/extraction/mercadolivre/data/shipping_cost_ml/prod/ with extension *.json
[2025-06-12T00:23:17.952+0000] {logging_mixin.py:190} INFO - Deleted all files in /opt/***/extraction/mercadolivre/data/shipping_cost_ml/prod/ with extension *.json
[2025-06-12T00:23:17.955+0000] {logging_mixin.py:190} INFO - Deleted all files in /opt/***/extraction/mercadolivre/data/shipping_cost_ml/prod/ with extension *.json
[2025-06-12T00:23:17.957+0000] {logging_mixin.py:190} INFO - Deleted all files in /opt/***/extraction/mercadolivre/data/shipping_cost_ml/prod/ with extension *.json
[2025-06-12T00:23:17.961+0000] {logging_mixin.py:190} INFO - Deleted all files in /opt/***/extraction/mercadolivre/data/shipping_cost_ml/prod/ with extension *.json
[2025-06-12T00:23:17.963+0000] {logging_mixin.py:190} INFO - Deleted all files in /opt/***/extraction/mercadolivre/data/shipping_cost_ml/prod/ with extension *.json
[2025-06-12T00:23:17.966+0000] {logging_mixin.py:190} INFO - Deleted all files in /opt/***/extraction/mercadolivre/data/shipping_cost_ml/prod/ with extension *.json
[2025-06-12T00:23:17.969+0000] {logging_mixin.py:190} INFO - Deleted all files in /opt/***/extraction/mercadolivre/data/shipping_cost_ml/prod/ with extension *.json
[2025-06-12T00:23:17.972+0000] {logging_mixin.py:190} INFO - Deleted all files in /opt/***/extraction/mercadolivre/data/shipping_cost_ml/prod/ with extension *.json
[2025-06-12T00:23:17.975+0000] {logging_mixin.py:190} INFO - Deleted all files in /opt/***/extraction/mercadolivre/data/shipping_cost_ml/prod/ with extension *.json
[2025-06-12T00:23:17.977+0000] {logging_mixin.py:190} INFO - Deleted all files in /opt/***/extraction/mercadolivre/data/shipping_cost_ml/prod/ with extension *.json
[2025-06-12T00:23:17.980+0000] {logging_mixin.py:190} INFO - Deleted all files in /opt/***/extraction/mercadolivre/data/shipping_cost_ml/prod/ with extension *.json
[2025-06-12T00:23:17.983+0000] {logging_mixin.py:190} INFO - Deleted all files in /opt/***/extraction/mercadolivre/data/shipping_cost_ml/prod/ with extension *.json
[2025-06-12T00:23:17.987+0000] {logging_mixin.py:190} INFO - Deleted all files in /opt/***/extraction/mercadolivre/data/shipping_cost_ml/prod/ with extension *.json
[2025-06-12T00:23:17.990+0000] {logging_mixin.py:190} INFO - Deleted all files in /opt/***/extraction/mercadolivre/data/shipping_cost_ml/prod/ with extension *.json
[2025-06-12T00:23:17.993+0000] {logging_mixin.py:190} INFO - Deleted all files in /opt/***/extraction/mercadolivre/data/shipping_cost_ml/prod/ with extension *.json
[2025-06-12T00:23:17.997+0000] {logging_mixin.py:190} INFO - Deleted all files in /opt/***/extraction/mercadolivre/data/shipping_cost_ml/prod/ with extension *.json
[2025-06-12T00:23:17.999+0000] {logging_mixin.py:190} INFO - Deleted all files in /opt/***/extraction/mercadolivre/data/shipping_cost_ml/prod/ with extension *.json
[2025-06-12T00:23:18.002+0000] {logging_mixin.py:190} INFO - Deleted all files in /opt/***/extraction/mercadolivre/data/shipping_cost_ml/prod/ with extension *.json
[2025-06-12T00:23:18.004+0000] {logging_mixin.py:190} INFO - Deleted all files in /opt/***/extraction/mercadolivre/data/shipping_cost_ml/prod/ with extension *.json
[2025-06-12T00:23:18.007+0000] {logging_mixin.py:190} INFO - Deleted all files in /opt/***/extraction/mercadolivre/data/shipping_cost_ml/prod/ with extension *.json
[2025-06-12T00:23:18.010+0000] {logging_mixin.py:190} INFO - Deleted all files in /opt/***/extraction/mercadolivre/data/shipping_cost_ml/prod/ with extension *.json
[2025-06-12T00:23:18.013+0000] {logging_mixin.py:190} INFO - Deleted all files in /opt/***/extraction/mercadolivre/data/shipping_cost_ml/prod/ with extension *.json
[2025-06-12T00:23:18.016+0000] {logging_mixin.py:190} INFO - Deleted all files in /opt/***/extraction/mercadolivre/data/shipping_cost_ml/prod/ with extension *.json
[2025-06-12T00:23:18.018+0000] {logging_mixin.py:190} INFO - Deleted all files in /opt/***/extraction/mercadolivre/data/shipping_cost_ml/prod/ with extension *.json
[2025-06-12T00:23:18.021+0000] {logging_mixin.py:190} INFO - Deleted all files in /opt/***/extraction/mercadolivre/data/shipping_cost_ml/prod/ with extension *.json
[2025-06-12T00:23:18.024+0000] {logging_mixin.py:190} INFO - Deleted all files in /opt/***/extraction/mercadolivre/data/shipping_cost_ml/prod/ with extension *.json
[2025-06-12T00:23:18.026+0000] {logging_mixin.py:190} INFO - Deleted all files in /opt/***/extraction/mercadolivre/data/shipping_cost_ml/prod/ with extension *.json
[2025-06-12T00:23:18.029+0000] {logging_mixin.py:190} INFO - Deleted all files in /opt/***/extraction/mercadolivre/data/shipping_cost_ml/prod/ with extension *.json
[2025-06-12T00:23:18.031+0000] {logging_mixin.py:190} INFO - Deleted all files in /opt/***/extraction/mercadolivre/data/shipping_cost_ml/prod/ with extension *.json
[2025-06-12T00:23:18.034+0000] {logging_mixin.py:190} INFO - Deleted all files in /opt/***/extraction/mercadolivre/data/shipping_cost_ml/prod/ with extension *.json
[2025-06-12T00:23:18.036+0000] {logging_mixin.py:190} INFO - Deleted all files in /opt/***/extraction/mercadolivre/data/shipping_cost_ml/prod/ with extension *.json
[2025-06-12T00:23:18.039+0000] {logging_mixin.py:190} INFO - Deleted all files in /opt/***/extraction/mercadolivre/data/shipping_cost_ml/prod/ with extension *.json
[2025-06-12T00:23:18.042+0000] {logging_mixin.py:190} INFO - Deleted all files in /opt/***/extraction/mercadolivre/data/shipping_cost_ml/prod/ with extension *.json
[2025-06-12T00:23:18.045+0000] {logging_mixin.py:190} INFO - Deleted all files in /opt/***/extraction/mercadolivre/data/shipping_cost_ml/prod/ with extension *.json
[2025-06-12T00:23:18.048+0000] {logging_mixin.py:190} INFO - Deleted all files in /opt/***/extraction/mercadolivre/data/shipping_cost_ml/prod/ with extension *.json
[2025-06-12T00:23:18.051+0000] {logging_mixin.py:190} INFO - Deleted all files in /opt/***/extraction/mercadolivre/data/shipping_cost_ml/prod/ with extension *.json
[2025-06-12T00:23:18.054+0000] {logging_mixin.py:190} INFO - Deleted all files in /opt/***/extraction/mercadolivre/data/shipping_cost_ml/prod/ with extension *.json
[2025-06-12T00:23:18.057+0000] {logging_mixin.py:190} INFO - Deleted all files in /opt/***/extraction/mercadolivre/data/shipping_cost_ml/prod/ with extension *.json
[2025-06-12T00:23:18.060+0000] {logging_mixin.py:190} INFO - Deleted all files in /opt/***/extraction/mercadolivre/data/shipping_cost_ml/prod/ with extension *.json
[2025-06-12T00:23:18.062+0000] {logging_mixin.py:190} INFO - Deleted all files in /opt/***/extraction/mercadolivre/data/shipping_cost_ml/prod/ with extension *.json
[2025-06-12T00:23:18.065+0000] {logging_mixin.py:190} INFO - Deleted all files in /opt/***/extraction/mercadolivre/data/shipping_cost_ml/prod/ with extension *.json
[2025-06-12T00:23:18.068+0000] {logging_mixin.py:190} INFO - Deleted all files in /opt/***/extraction/mercadolivre/data/shipping_cost_ml/prod/ with extension *.json
[2025-06-12T00:23:18.070+0000] {logging_mixin.py:190} INFO - Deleted all files in /opt/***/extraction/mercadolivre/data/shipping_cost_ml/prod/ with extension *.json
[2025-06-12T00:23:18.073+0000] {logging_mixin.py:190} INFO - Deleted all files in /opt/***/extraction/mercadolivre/data/shipping_cost_ml/prod/ with extension *.json
[2025-06-12T00:23:18.075+0000] {logging_mixin.py:190} INFO - Deleted all files in /opt/***/extraction/mercadolivre/data/shipping_cost_ml/prod/ with extension *.json
[2025-06-12T00:23:18.078+0000] {logging_mixin.py:190} INFO - Deleted all files in /opt/***/extraction/mercadolivre/data/shipping_cost_ml/prod/ with extension *.json
[2025-06-12T00:23:18.080+0000] {logging_mixin.py:190} INFO - Deleted all files in /opt/***/extraction/mercadolivre/data/shipping_cost_ml/prod/ with extension *.json
[2025-06-12T00:23:18.083+0000] {logging_mixin.py:190} INFO - Deleted all files in /opt/***/extraction/mercadolivre/data/shipping_cost_ml/prod/ with extension *.json
[2025-06-12T00:23:18.086+0000] {logging_mixin.py:190} INFO - Deleted all files in /opt/***/extraction/mercadolivre/data/shipping_cost_ml/prod/ with extension *.json
[2025-06-12T00:23:18.088+0000] {logging_mixin.py:190} INFO - Deleted all files in /opt/***/extraction/mercadolivre/data/shipping_cost_ml/prod/ with extension *.json
[2025-06-12T00:23:18.091+0000] {logging_mixin.py:190} INFO - Deleted all files in /opt/***/extraction/mercadolivre/data/shipping_cost_ml/prod/ with extension *.json
[2025-06-12T00:23:18.093+0000] {logging_mixin.py:190} INFO - Deleted all files in /opt/***/extraction/mercadolivre/data/shipping_cost_ml/prod/ with extension *.json
[2025-06-12T00:23:18.096+0000] {logging_mixin.py:190} INFO - Deleted all files in /opt/***/extraction/mercadolivre/data/shipping_cost_ml/prod/ with extension *.json
[2025-06-12T00:23:18.098+0000] {logging_mixin.py:190} INFO - Deleted all files in /opt/***/extraction/mercadolivre/data/shipping_cost_ml/prod/ with extension *.json
[2025-06-12T00:23:18.101+0000] {logging_mixin.py:190} INFO - Deleted all files in /opt/***/extraction/mercadolivre/data/shipping_cost_ml/prod/ with extension *.json
[2025-06-12T00:23:18.104+0000] {logging_mixin.py:190} INFO - Deleted all files in /opt/***/extraction/mercadolivre/data/shipping_cost_ml/prod/ with extension *.json
[2025-06-12T00:23:18.106+0000] {logging_mixin.py:190} INFO - Deleted all files in /opt/***/extraction/mercadolivre/data/shipping_cost_ml/prod/ with extension *.json
[2025-06-12T00:23:18.109+0000] {logging_mixin.py:190} INFO - Deleted all files in /opt/***/extraction/mercadolivre/data/shipping_cost_ml/prod/ with extension *.json
[2025-06-12T00:23:18.111+0000] {logging_mixin.py:190} INFO - Deleted all files in /opt/***/extraction/mercadolivre/data/shipping_cost_ml/prod/ with extension *.json
[2025-06-12T00:23:18.114+0000] {logging_mixin.py:190} INFO - Deleted all files in /opt/***/extraction/mercadolivre/data/shipping_cost_ml/prod/ with extension *.json
[2025-06-12T00:23:18.117+0000] {logging_mixin.py:190} INFO - Deleted all files in /opt/***/extraction/mercadolivre/data/shipping_cost_ml/prod/ with extension *.json
[2025-06-12T00:23:18.120+0000] {logging_mixin.py:190} INFO - Deleted all files in /opt/***/extraction/mercadolivre/data/shipping_cost_ml/prod/ with extension *.json
[2025-06-12T00:23:18.122+0000] {logging_mixin.py:190} INFO - Deleted all files in /opt/***/extraction/mercadolivre/data/shipping_cost_ml/prod/ with extension *.json
[2025-06-12T00:23:18.125+0000] {logging_mixin.py:190} INFO - Deleted all files in /opt/***/extraction/mercadolivre/data/shipping_cost_ml/prod/ with extension *.json
[2025-06-12T00:23:18.127+0000] {logging_mixin.py:190} INFO - Deleted all files in /opt/***/extraction/mercadolivre/data/shipping_cost_ml/prod/ with extension *.json
[2025-06-12T00:23:18.130+0000] {logging_mixin.py:190} INFO - Deleted all files in /opt/***/extraction/mercadolivre/data/shipping_cost_ml/prod/ with extension *.json
[2025-06-12T00:23:18.132+0000] {logging_mixin.py:190} INFO - Deleted all files in /opt/***/extraction/mercadolivre/data/shipping_cost_ml/prod/ with extension *.json
[2025-06-12T00:23:18.135+0000] {logging_mixin.py:190} INFO - Deleted all files in /opt/***/extraction/mercadolivre/data/shipping_cost_ml/prod/ with extension *.json
[2025-06-12T00:23:18.137+0000] {logging_mixin.py:190} INFO - Deleted all files in /opt/***/extraction/mercadolivre/data/shipping_cost_ml/prod/ with extension *.json
[2025-06-12T00:23:18.140+0000] {logging_mixin.py:190} INFO - Deleted all files in /opt/***/extraction/mercadolivre/data/shipping_cost_ml/prod/ with extension *.json
[2025-06-12T00:23:18.143+0000] {logging_mixin.py:190} INFO - Deleted all files in /opt/***/extraction/mercadolivre/data/shipping_cost_ml/prod/ with extension *.json
[2025-06-12T00:23:18.145+0000] {logging_mixin.py:190} INFO - Deleted all files in /opt/***/extraction/mercadolivre/data/shipping_cost_ml/prod/ with extension *.json
[2025-06-12T00:23:18.148+0000] {logging_mixin.py:190} INFO - Deleted all files in /opt/***/extraction/mercadolivre/data/shipping_cost_ml/prod/ with extension *.json
[2025-06-12T00:23:18.150+0000] {logging_mixin.py:190} INFO - Deleted all files in /opt/***/extraction/mercadolivre/data/shipping_cost_ml/prod/ with extension *.json
[2025-06-12T00:23:18.153+0000] {logging_mixin.py:190} INFO - Deleted all files in /opt/***/extraction/mercadolivre/data/shipping_cost_ml/prod/ with extension *.json
[2025-06-12T00:23:18.156+0000] {logging_mixin.py:190} INFO - Deleted all files in /opt/***/extraction/mercadolivre/data/shipping_cost_ml/prod/ with extension *.json
[2025-06-12T00:23:18.159+0000] {logging_mixin.py:190} INFO - Deleted all files in /opt/***/extraction/mercadolivre/data/shipping_cost_ml/prod/ with extension *.json
[2025-06-12T00:23:18.161+0000] {logging_mixin.py:190} INFO - Deleted all files in /opt/***/extraction/mercadolivre/data/shipping_cost_ml/prod/ with extension *.json
[2025-06-12T00:23:18.163+0000] {logging_mixin.py:190} INFO - Deleted all files in /opt/***/extraction/mercadolivre/data/shipping_cost_ml/prod/ with extension *.json
[2025-06-12T00:23:18.165+0000] {logging_mixin.py:190} INFO - Deleted all files in /opt/***/extraction/mercadolivre/data/shipping_cost_ml/prod/ with extension *.json
[2025-06-12T00:23:18.167+0000] {logging_mixin.py:190} INFO - Deleted all files in /opt/***/extraction/mercadolivre/data/shipping_cost_ml/prod/ with extension *.json
[2025-06-12T00:23:18.169+0000] {logging_mixin.py:190} INFO - Deleted all files in /opt/***/extraction/mercadolivre/data/shipping_cost_ml/prod/ with extension *.json
[2025-06-12T00:23:18.171+0000] {logging_mixin.py:190} INFO - Deleted all files in /opt/***/extraction/mercadolivre/data/shipping_cost_ml/prod/ with extension *.json
[2025-06-12T00:23:18.173+0000] {logging_mixin.py:190} INFO - Deleted all files in /opt/***/extraction/mercadolivre/data/shipping_cost_ml/prod/ with extension *.json
[2025-06-12T00:23:18.175+0000] {logging_mixin.py:190} INFO - Deleted all files in /opt/***/extraction/mercadolivre/data/shipping_cost_ml/prod/ with extension *.json
[2025-06-12T00:23:18.177+0000] {logging_mixin.py:190} INFO - Deleted all files in /opt/***/extraction/mercadolivre/data/shipping_cost_ml/prod/ with extension *.json
[2025-06-12T00:23:18.179+0000] {logging_mixin.py:190} INFO - Deleted all files in /opt/***/extraction/mercadolivre/data/shipping_cost_ml/prod/ with extension *.json
[2025-06-12T00:23:18.181+0000] {logging_mixin.py:190} INFO - Deleted all files in /opt/***/extraction/mercadolivre/data/shipping_cost_ml/prod/ with extension *.json
[2025-06-12T00:23:18.184+0000] {logging_mixin.py:190} INFO - Deleted all files in /opt/***/extraction/mercadolivre/data/shipping_cost_ml/prod/ with extension *.json
[2025-06-12T00:23:18.186+0000] {logging_mixin.py:190} INFO - Deleted all files in /opt/***/extraction/mercadolivre/data/shipping_cost_ml/prod/ with extension *.json
[2025-06-12T00:23:18.189+0000] {logging_mixin.py:190} INFO - Deleted all files in /opt/***/extraction/mercadolivre/data/shipping_cost_ml/prod/ with extension *.json
[2025-06-12T00:23:18.191+0000] {logging_mixin.py:190} INFO - Deleted all files in /opt/***/extraction/mercadolivre/data/shipping_cost_ml/prod/ with extension *.json
[2025-06-12T00:23:18.193+0000] {logging_mixin.py:190} INFO - Deleted all files in /opt/***/extraction/mercadolivre/data/shipping_cost_ml/prod/ with extension *.json
[2025-06-12T00:23:18.195+0000] {logging_mixin.py:190} INFO - Deleted all files in /opt/***/extraction/mercadolivre/data/shipping_cost_ml/prod/ with extension *.json
[2025-06-12T00:23:18.197+0000] {logging_mixin.py:190} INFO - Deleted all files in /opt/***/extraction/mercadolivre/data/shipping_cost_ml/prod/ with extension *.json
[2025-06-12T00:23:18.199+0000] {logging_mixin.py:190} INFO - Deleted all files in /opt/***/extraction/mercadolivre/data/shipping_cost_ml/prod/ with extension *.json
[2025-06-12T00:23:18.202+0000] {logging_mixin.py:190} INFO - Deleted all files in /opt/***/extraction/mercadolivre/data/shipping_cost_ml/prod/ with extension *.json
[2025-06-12T00:23:18.204+0000] {logging_mixin.py:190} INFO - Deleted all files in /opt/***/extraction/mercadolivre/data/shipping_cost_ml/prod/ with extension *.json
[2025-06-12T00:23:18.206+0000] {logging_mixin.py:190} INFO - Deleted all files in /opt/***/extraction/mercadolivre/data/shipping_cost_ml/prod/ with extension *.json
[2025-06-12T00:23:18.208+0000] {logging_mixin.py:190} INFO - Deleted all files in /opt/***/extraction/mercadolivre/data/shipping_cost_ml/prod/ with extension *.json
[2025-06-12T00:23:18.211+0000] {logging_mixin.py:190} INFO - Deleted all files in /opt/***/extraction/mercadolivre/data/shipping_cost_ml/prod/ with extension *.json
[2025-06-12T00:23:18.213+0000] {logging_mixin.py:190} INFO - Deleted all files in /opt/***/extraction/mercadolivre/data/shipping_cost_ml/prod/ with extension *.json
[2025-06-12T00:23:18.215+0000] {logging_mixin.py:190} INFO - Deleted all files in /opt/***/extraction/mercadolivre/data/shipping_cost_ml/prod/ with extension *.json
[2025-06-12T00:23:18.217+0000] {logging_mixin.py:190} INFO - Deleted all files in /opt/***/extraction/mercadolivre/data/shipping_cost_ml/prod/ with extension *.json
[2025-06-12T00:23:18.219+0000] {logging_mixin.py:190} INFO - Deleted all files in /opt/***/extraction/mercadolivre/data/shipping_cost_ml/prod/ with extension *.json
[2025-06-12T00:23:18.221+0000] {logging_mixin.py:190} INFO - Deleted all files in /opt/***/extraction/mercadolivre/data/shipping_cost_ml/prod/ with extension *.json
[2025-06-12T00:23:18.223+0000] {logging_mixin.py:190} INFO - Deleted all files in /opt/***/extraction/mercadolivre/data/shipping_cost_ml/prod/ with extension *.json
[2025-06-12T00:23:18.225+0000] {logging_mixin.py:190} INFO - Deleted all files in /opt/***/extraction/mercadolivre/data/shipping_cost_ml/prod/ with extension *.json
[2025-06-12T00:23:18.227+0000] {logging_mixin.py:190} INFO - Deleted all files in /opt/***/extraction/mercadolivre/data/shipping_cost_ml/prod/ with extension *.json
[2025-06-12T00:23:18.229+0000] {logging_mixin.py:190} INFO - Deleted all files in /opt/***/extraction/mercadolivre/data/shipping_cost_ml/prod/ with extension *.json
[2025-06-12T00:23:18.231+0000] {logging_mixin.py:190} INFO - Deleted all files in /opt/***/extraction/mercadolivre/data/shipping_cost_ml/prod/ with extension *.json
[2025-06-12T00:23:18.233+0000] {logging_mixin.py:190} INFO - Deleted all files in /opt/***/extraction/mercadolivre/data/shipping_cost_ml/prod/ with extension *.json
[2025-06-12T00:23:18.235+0000] {logging_mixin.py:190} INFO - Deleted all files in /opt/***/extraction/mercadolivre/data/shipping_cost_ml/prod/ with extension *.json
[2025-06-12T00:23:18.237+0000] {logging_mixin.py:190} INFO - Deleted all files in /opt/***/extraction/mercadolivre/data/shipping_cost_ml/prod/ with extension *.json
[2025-06-12T00:23:18.240+0000] {logging_mixin.py:190} INFO - Deleted all files in /opt/***/extraction/mercadolivre/data/shipping_cost_ml/prod/ with extension *.json
[2025-06-12T00:23:18.242+0000] {logging_mixin.py:190} INFO - Deleted all files in /opt/***/extraction/mercadolivre/data/shipping_cost_ml/prod/ with extension *.json
[2025-06-12T00:23:18.244+0000] {logging_mixin.py:190} INFO - Deleted all files in /opt/***/extraction/mercadolivre/data/shipping_cost_ml/prod/ with extension *.json
[2025-06-12T00:23:18.246+0000] {logging_mixin.py:190} INFO - Deleted all files in /opt/***/extraction/mercadolivre/data/shipping_cost_ml/prod/ with extension *.json
[2025-06-12T00:23:18.248+0000] {logging_mixin.py:190} INFO - Deleted all files in /opt/***/extraction/mercadolivre/data/shipping_cost_ml/prod/ with extension *.json
[2025-06-12T00:23:18.250+0000] {logging_mixin.py:190} INFO - Deleted all files in /opt/***/extraction/mercadolivre/data/shipping_cost_ml/prod/ with extension *.json
[2025-06-12T00:23:18.252+0000] {logging_mixin.py:190} INFO - Deleted all files in /opt/***/extraction/mercadolivre/data/shipping_cost_ml/prod/ with extension *.json
[2025-06-12T00:23:18.254+0000] {logging_mixin.py:190} INFO - Deleted all files in /opt/***/extraction/mercadolivre/data/shipping_cost_ml/prod/ with extension *.json
[2025-06-12T00:23:18.256+0000] {logging_mixin.py:190} INFO - Deleted all files in /opt/***/extraction/mercadolivre/data/shipping_cost_ml/prod/ with extension *.json
[2025-06-12T00:23:18.259+0000] {logging_mixin.py:190} INFO - Deleted all files in /opt/***/extraction/mercadolivre/data/shipping_cost_ml/prod/ with extension *.json
[2025-06-12T00:23:18.261+0000] {logging_mixin.py:190} INFO - Deleted all files in /opt/***/extraction/mercadolivre/data/shipping_cost_ml/prod/ with extension *.json
[2025-06-12T00:23:18.263+0000] {logging_mixin.py:190} INFO - Deleted all files in /opt/***/extraction/mercadolivre/data/shipping_cost_ml/prod/ with extension *.json
[2025-06-12T00:23:18.265+0000] {logging_mixin.py:190} INFO - Deleted all files in /opt/***/extraction/mercadolivre/data/shipping_cost_ml/prod/ with extension *.json
[2025-06-12T00:23:18.267+0000] {logging_mixin.py:190} INFO - Deleted all files in /opt/***/extraction/mercadolivre/data/shipping_cost_ml/prod/ with extension *.json
[2025-06-12T00:23:18.269+0000] {logging_mixin.py:190} INFO - Deleted all files in /opt/***/extraction/mercadolivre/data/shipping_cost_ml/prod/ with extension *.json
[2025-06-12T00:23:18.271+0000] {logging_mixin.py:190} INFO - Deleted all files in /opt/***/extraction/mercadolivre/data/shipping_cost_ml/prod/ with extension *.json
[2025-06-12T00:23:18.274+0000] {logging_mixin.py:190} INFO - Deleted all files in /opt/***/extraction/mercadolivre/data/shipping_cost_ml/prod/ with extension *.json
[2025-06-12T00:23:18.276+0000] {logging_mixin.py:190} INFO - Deleted all files in /opt/***/extraction/mercadolivre/data/shipping_cost_ml/prod/ with extension *.json
[2025-06-12T00:23:18.278+0000] {logging_mixin.py:190} INFO - Deleted all files in /opt/***/extraction/mercadolivre/data/shipping_cost_ml/prod/ with extension *.json
[2025-06-12T00:23:18.280+0000] {logging_mixin.py:190} INFO - Deleted all files in /opt/***/extraction/mercadolivre/data/shipping_cost_ml/prod/ with extension *.json
[2025-06-12T00:23:18.282+0000] {logging_mixin.py:190} INFO - Deleted all files in /opt/***/extraction/mercadolivre/data/shipping_cost_ml/prod/ with extension *.json
[2025-06-12T00:23:18.284+0000] {logging_mixin.py:190} INFO - Deleted all files in /opt/***/extraction/mercadolivre/data/shipping_cost_ml/prod/ with extension *.json
[2025-06-12T00:23:18.286+0000] {logging_mixin.py:190} INFO - Deleted all files in /opt/***/extraction/mercadolivre/data/shipping_cost_ml/prod/ with extension *.json
[2025-06-12T00:23:18.288+0000] {logging_mixin.py:190} INFO - Deleted all files in /opt/***/extraction/mercadolivre/data/shipping_cost_ml/prod/ with extension *.json
[2025-06-12T00:23:18.290+0000] {logging_mixin.py:190} INFO - Deleted all files in /opt/***/extraction/mercadolivre/data/shipping_cost_ml/prod/ with extension *.json
[2025-06-12T00:23:18.292+0000] {logging_mixin.py:190} INFO - Deleted all files in /opt/***/extraction/mercadolivre/data/shipping_cost_ml/prod/ with extension *.json
[2025-06-12T00:23:18.294+0000] {logging_mixin.py:190} INFO - Deleted all files in /opt/***/extraction/mercadolivre/data/shipping_cost_ml/prod/ with extension *.json
[2025-06-12T00:23:18.297+0000] {logging_mixin.py:190} INFO - Deleted all files in /opt/***/extraction/mercadolivre/data/shipping_cost_ml/prod/ with extension *.json
[2025-06-12T00:23:18.299+0000] {logging_mixin.py:190} INFO - Deleted all files in /opt/***/extraction/mercadolivre/data/shipping_cost_ml/prod/ with extension *.json
[2025-06-12T00:23:18.301+0000] {logging_mixin.py:190} INFO - Deleted all files in /opt/***/extraction/mercadolivre/data/shipping_cost_ml/prod/ with extension *.json
[2025-06-12T00:23:18.303+0000] {logging_mixin.py:190} INFO - Deleted all files in /opt/***/extraction/mercadolivre/data/shipping_cost_ml/prod/ with extension *.json
[2025-06-12T00:23:18.305+0000] {logging_mixin.py:190} INFO - Deleted all files in /opt/***/extraction/mercadolivre/data/shipping_cost_ml/prod/ with extension *.json
[2025-06-12T00:23:18.307+0000] {logging_mixin.py:190} INFO - Deleted all files in /opt/***/extraction/mercadolivre/data/shipping_cost_ml/prod/ with extension *.json
[2025-06-12T00:23:18.310+0000] {logging_mixin.py:190} INFO - Deleted all files in /opt/***/extraction/mercadolivre/data/shipping_cost_ml/prod/ with extension *.json
[2025-06-12T00:23:18.310+0000] {python.py:240} INFO - Done. Returned value was: None
[2025-06-12T00:23:18.321+0000] {taskinstance.py:340} INFO - ::group::Post task execution logs
[2025-06-12T00:23:18.322+0000] {taskinstance.py:352} INFO - Marking task as SUCCESS. dag_id=06_delete_entry_data_prod, task_id=delete_ml_sh_files, run_id=manual__2025-06-12T00:23:16.022879+00:00, execution_date=20250612T002316, start_date=20250612T002317, end_date=20250612T002318
[2025-06-12T00:23:18.339+0000] {local_task_job_runner.py:266} INFO - Task exited with return code 0
[2025-06-12T00:23:18.356+0000] {taskinstance.py:3895} INFO - 0 downstream tasks scheduled from follow-on schedule check
[2025-06-12T00:23:18.359+0000] {local_task_job_runner.py:245} INFO - ::endgroup::
