[2025-06-09T20:12:45.195+0000] {local_task_job_runner.py:123} INFO - ::group::Pre task execution logs
[2025-06-09T20:12:45.214+0000] {taskinstance.py:2613} INFO - Dependencies all met for dep_context=non-requeueable deps ti=<TaskInstance: 05_transform_data.install_dbt_deps manual__2025-06-09T20:12:43.029750+00:00 [queued]>
[2025-06-09T20:12:45.222+0000] {taskinstance.py:2613} INFO - Dependencies all met for dep_context=requeueable deps ti=<TaskInstance: 05_transform_data.install_dbt_deps manual__2025-06-09T20:12:43.029750+00:00 [queued]>
[2025-06-09T20:12:45.223+0000] {taskinstance.py:2866} INFO - Starting attempt 1 of 1
[2025-06-09T20:12:45.236+0000] {taskinstance.py:2889} INFO - Executing <Task(PythonOperator): install_dbt_deps> on 2025-06-09 20:12:43.029750+00:00
[2025-06-09T20:12:45.241+0000] {standard_task_runner.py:72} INFO - Started process 2434 to run task
[2025-06-09T20:12:45.244+0000] {standard_task_runner.py:104} INFO - Running: ['***', 'tasks', 'run', '05_transform_data', 'install_dbt_deps', 'manual__2025-06-09T20:12:43.029750+00:00', '--job-id', '556', '--raw', '--subdir', 'DAGS_FOLDER/05_transform_data.py', '--cfg-path', '/tmp/tmpdi6dqmxz']
[2025-06-09T20:12:45.246+0000] {standard_task_runner.py:105} INFO - Job 556: Subtask install_dbt_deps
[2025-06-09T20:12:45.297+0000] {task_command.py:467} INFO - Running <TaskInstance: 05_transform_data.install_dbt_deps manual__2025-06-09T20:12:43.029750+00:00 [running]> on host 28e6a58e4107
[2025-06-09T20:12:45.378+0000] {taskinstance.py:3132} INFO - Exporting env vars: AIRFLOW_CTX_DAG_OWNER='***' AIRFLOW_CTX_DAG_ID='05_transform_data' AIRFLOW_CTX_TASK_ID='install_dbt_deps' AIRFLOW_CTX_EXECUTION_DATE='2025-06-09T20:12:43.029750+00:00' AIRFLOW_CTX_TRY_NUMBER='1' AIRFLOW_CTX_DAG_RUN_ID='manual__2025-06-09T20:12:43.029750+00:00'
[2025-06-09T20:12:45.380+0000] {taskinstance.py:731} INFO - ::endgroup::
[2025-06-09T20:12:47.080+0000] {logging_mixin.py:190} INFO - 20:12:47  Running with dbt=1.9.5
[2025-06-09T20:12:47.832+0000] {logging_mixin.py:190} INFO - 20:12:47  Installing dbt-labs/dbt_utils
[2025-06-09T20:12:50.894+0000] {logging_mixin.py:190} INFO - 20:12:50  Installed from version 1.2.0
[2025-06-09T20:12:50.895+0000] {logging_mixin.py:190} INFO - 20:12:50  Updated version available: 1.3.0
[2025-06-09T20:12:50.897+0000] {logging_mixin.py:190} INFO - 20:12:50
[2025-06-09T20:12:50.899+0000] {logging_mixin.py:190} INFO - 20:12:50  Updates available for packages: ['dbt-labs/dbt_utils']                 
Update your versions in packages.yml, then run dbt deps
[2025-06-09T20:12:51.646+0000] {logging_mixin.py:190} INFO - Dependencies sucessfully installed.
[2025-06-09T20:12:51.648+0000] {python.py:240} INFO - Done. Returned value was: None
[2025-06-09T20:12:51.662+0000] {taskinstance.py:340} INFO - ::group::Post task execution logs
[2025-06-09T20:12:51.663+0000] {taskinstance.py:352} INFO - Marking task as SUCCESS. dag_id=05_transform_data, task_id=install_dbt_deps, run_id=manual__2025-06-09T20:12:43.029750+00:00, execution_date=20250609T201243, start_date=20250609T201245, end_date=20250609T201251
[2025-06-09T20:12:51.719+0000] {local_task_job_runner.py:266} INFO - Task exited with return code 0
[2025-06-09T20:12:51.742+0000] {taskinstance.py:3895} INFO - 1 downstream tasks scheduled from follow-on schedule check
[2025-06-09T20:12:51.745+0000] {local_task_job_runner.py:245} INFO - ::endgroup::
