[2025-06-09T22:49:06.505+0000] {local_task_job_runner.py:123} INFO - ::group::Pre task execution logs
[2025-06-09T22:49:06.529+0000] {taskinstance.py:2613} INFO - Dependencies all met for dep_context=non-requeueable deps ti=<TaskInstance: 03_load_data.load_mercadolivre manual__2025-06-09T22:49:04.182815+00:00 [queued]>
[2025-06-09T22:49:06.540+0000] {taskinstance.py:2613} INFO - Dependencies all met for dep_context=requeueable deps ti=<TaskInstance: 03_load_data.load_mercadolivre manual__2025-06-09T22:49:04.182815+00:00 [queued]>
[2025-06-09T22:49:06.542+0000] {taskinstance.py:2866} INFO - Starting attempt 1 of 1
[2025-06-09T22:49:06.557+0000] {taskinstance.py:2889} INFO - Executing <Task(PythonOperator): load_mercadolivre> on 2025-06-09 22:49:04.182815+00:00
[2025-06-09T22:49:06.561+0000] {standard_task_runner.py:72} INFO - Started process 7428 to run task
[2025-06-09T22:49:06.566+0000] {standard_task_runner.py:104} INFO - Running: ['***', 'tasks', 'run', '03_load_data', 'load_mercadolivre', 'manual__2025-06-09T22:49:04.182815+00:00', '--job-id', '655', '--raw', '--subdir', 'DAGS_FOLDER/03_load_data.py', '--cfg-path', '/tmp/tmprk8fcm6r']
[2025-06-09T22:49:06.569+0000] {standard_task_runner.py:105} INFO - Job 655: Subtask load_mercadolivre
[2025-06-09T22:49:06.633+0000] {task_command.py:467} INFO - Running <TaskInstance: 03_load_data.load_mercadolivre manual__2025-06-09T22:49:04.182815+00:00 [running]> on host 28e6a58e4107
[2025-06-09T22:49:06.728+0000] {taskinstance.py:3132} INFO - Exporting env vars: AIRFLOW_CTX_DAG_OWNER='***' AIRFLOW_CTX_DAG_ID='03_load_data' AIRFLOW_CTX_TASK_ID='load_mercadolivre' AIRFLOW_CTX_EXECUTION_DATE='2025-06-09T22:49:04.182815+00:00' AIRFLOW_CTX_TRY_NUMBER='1' AIRFLOW_CTX_DAG_RUN_ID='manual__2025-06-09T22:49:04.182815+00:00'
[2025-06-09T22:49:06.729+0000] {taskinstance.py:731} INFO - ::endgroup::
[2025-06-09T22:49:07.525+0000] {warnings.py:109} WARNING - /home/***/.local/lib/python3.9/site-packages/dlt/helpers/dbt/__init__.py:3: UserWarning: pkg_resources is deprecated as an API. See https://setuptools.pypa.io/en/latest/pkg_resources.html. The pkg_resources package is slated for removal as early as 2025-11-30. Refrain from using this package or pin to Setuptools<81.
  import pkg_resources

[2025-06-09T22:49:07.835+0000] {config_providers_context.py:156} WARNING - Airflow variable 'dlt_secrets_toml' was not found. This Airflow variable is a recommended place to hold the content of secrets.toml.If you do not use Airflow variables to hold dlt configuration or use variables with other names you can ignore this warning.
[2025-06-09T22:49:09.954+0000] {logging_mixin.py:190} INFO - trying to load ./extraction/mercadolivre/data/raw/ml_sell_data_2024-07-01T00:00:00.000-03:00_2024-10-01T00:00:00.000-03:00_0.json to sales_db
[2025-06-09T22:49:12.796+0000] {logging_mixin.py:190} INFO - Pipeline mercadolivre_data load step completed in 0.19 seconds
1 load package(s) were loaded to destination postgres and into dataset entry
The postgres destination used postgresql://***:***@pgdatabase:5432/sales_db location to store data
Load package 1749509351.1585188 is LOADED and contains no failed jobs
[2025-06-09T22:49:12.797+0000] {logging_mixin.py:190} INFO - Run started at 2025-06-09 22:49:09.956054+00:00 and COMPLETED in 2.84 seconds with 4 steps.
Step extract COMPLETED in 0.81 seconds.

Load package 1749509351.1585188 is EXTRACTED and NOT YET LOADED to the destination and contains no failed jobs

Step normalize COMPLETED in 0.45 seconds.
Normalized data for the following tables:
- entry_mercadolivre: 50 row(s)
- entry_mercadolivre__payments: 52 row(s)
- entry_mercadolivre__payments__available_actions: 52 row(s)
- entry_mercadolivre__order_items: 50 row(s)
- entry_mercadolivre__tags: 118 row(s)
- entry_mercadolivre__order_items__item__variation_attributes: 44 row(s)
- entry_mercadolivre__mediations: 2 row(s)
- entry_mercadolivre__context__flows: 9 row(s)

Load package 1749509351.1585188 is NORMALIZED and NOT YET LOADED to the destination and contains no failed jobs

Step load COMPLETED in 0.41 seconds.
Pipeline mercadolivre_data load step completed in 0.19 seconds
1 load package(s) were loaded to destination postgres and into dataset entry
The postgres destination used postgresql://***:***@pgdatabase:5432/sales_db location to store data
Load package 1749509351.1585188 is LOADED and contains no failed jobs

Step run COMPLETED in 2.84 seconds.
Pipeline mercadolivre_data load step completed in 0.19 seconds
1 load package(s) were loaded to destination postgres and into dataset entry
The postgres destination used postgresql://***:***@pgdatabase:5432/sales_db location to store data
Load package 1749509351.1585188 is LOADED and contains no failed jobs
[2025-06-09T22:49:12.805+0000] {logging_mixin.py:190} INFO - trying to load ./extraction/mercadolivre/data/raw/ml_sell_data_2024-07-01T00:00:00.000-03:00_2024-10-01T00:00:00.000-03:00_1.json to sales_db
[2025-06-09T22:49:13.155+0000] {logging_mixin.py:190} INFO - Pipeline mercadolivre_data load step completed in 0.10 seconds
1 load package(s) were loaded to destination postgres and into dataset entry
The postgres destination used postgresql://***:***@pgdatabase:5432/sales_db location to store data
Load package 1749509352.887951 is LOADED and contains no failed jobs
[2025-06-09T22:49:13.156+0000] {logging_mixin.py:190} INFO - Run started at 2025-06-09 22:49:12.807383+00:00 and COMPLETED in 0.35 seconds with 4 steps.
Step extract COMPLETED in 0.08 seconds.

Load package 1749509352.887951 is EXTRACTED and NOT YET LOADED to the destination and contains no failed jobs

Step normalize COMPLETED in 0.10 seconds.
Normalized data for the following tables:
- entry_mercadolivre: 30 row(s)
- entry_mercadolivre__payments: 32 row(s)
- entry_mercadolivre__payments__available_actions: 32 row(s)
- entry_mercadolivre__order_items: 30 row(s)
- entry_mercadolivre__tags: 83 row(s)
- entry_mercadolivre__context__flows: 14 row(s)
- entry_mercadolivre__order_items__item__variation_attributes: 13 row(s)
- entry_mercadolivre__mediations: 2 row(s)

Load package 1749509352.887951 is NORMALIZED and NOT YET LOADED to the destination and contains no failed jobs

Step load COMPLETED in 0.14 seconds.
Pipeline mercadolivre_data load step completed in 0.10 seconds
1 load package(s) were loaded to destination postgres and into dataset entry
The postgres destination used postgresql://***:***@pgdatabase:5432/sales_db location to store data
Load package 1749509352.887951 is LOADED and contains no failed jobs

Step run COMPLETED in 0.35 seconds.
Pipeline mercadolivre_data load step completed in 0.10 seconds
1 load package(s) were loaded to destination postgres and into dataset entry
The postgres destination used postgresql://***:***@pgdatabase:5432/sales_db location to store data
Load package 1749509352.887951 is LOADED and contains no failed jobs
[2025-06-09T22:49:13.162+0000] {logging_mixin.py:190} INFO - trying to load ./extraction/mercadolivre/data/raw/ml_sell_data_2024-07-01T00:00:00.000-03:00_2025-04-01T00:00:00.000-03:00_0.json to sales_db
[2025-06-09T22:49:14.524+0000] {logging_mixin.py:190} INFO - Pipeline mercadolivre_data load step completed in 1.11 seconds
1 load package(s) were loaded to destination postgres and into dataset entry
The postgres destination used postgresql://***:***@pgdatabase:5432/sales_db location to store data
Load package 1749509353.226361 is LOADED and contains no failed jobs
[2025-06-09T22:49:14.526+0000] {logging_mixin.py:190} INFO - Run started at 2025-06-09 22:49:13.163315+00:00 and COMPLETED in 1.36 seconds with 4 steps.
Step extract COMPLETED in 0.07 seconds.

Load package 1749509353.226361 is EXTRACTED and NOT YET LOADED to the destination and contains no failed jobs

Step normalize COMPLETED in 0.12 seconds.
Normalized data for the following tables:
- entry_mercadolivre: 50 row(s)
- entry_mercadolivre__payments: 52 row(s)
- entry_mercadolivre__payments__available_actions: 52 row(s)
- entry_mercadolivre__order_items: 50 row(s)
- entry_mercadolivre__tags: 118 row(s)
- entry_mercadolivre__order_items__item__variation_attributes: 44 row(s)
- entry_mercadolivre__mediations: 2 row(s)
- entry_mercadolivre__context__flows: 9 row(s)

Load package 1749509353.226361 is NORMALIZED and NOT YET LOADED to the destination and contains no failed jobs

Step load COMPLETED in 1.15 seconds.
Pipeline mercadolivre_data load step completed in 1.11 seconds
1 load package(s) were loaded to destination postgres and into dataset entry
The postgres destination used postgresql://***:***@pgdatabase:5432/sales_db location to store data
Load package 1749509353.226361 is LOADED and contains no failed jobs

Step run COMPLETED in 1.36 seconds.
Pipeline mercadolivre_data load step completed in 1.11 seconds
1 load package(s) were loaded to destination postgres and into dataset entry
The postgres destination used postgresql://***:***@pgdatabase:5432/sales_db location to store data
Load package 1749509353.226361 is LOADED and contains no failed jobs
[2025-06-09T22:49:14.533+0000] {logging_mixin.py:190} INFO - trying to load ./extraction/mercadolivre/data/raw/ml_sell_data_2024-07-01T00:00:00.000-03:00_2025-04-01T00:00:00.000-03:00_1.json to sales_db
[2025-06-09T22:49:15.896+0000] {logging_mixin.py:190} INFO - Pipeline mercadolivre_data load step completed in 1.11 seconds
1 load package(s) were loaded to destination postgres and into dataset entry
The postgres destination used postgresql://***:***@pgdatabase:5432/sales_db location to store data
Load package 1749509354.5969348 is LOADED and contains no failed jobs
[2025-06-09T22:49:15.898+0000] {logging_mixin.py:190} INFO - Run started at 2025-06-09 22:49:14.534462+00:00 and COMPLETED in 1.36 seconds with 4 steps.
Step extract COMPLETED in 0.07 seconds.

Load package 1749509354.5969348 is EXTRACTED and NOT YET LOADED to the destination and contains no failed jobs

Step normalize COMPLETED in 0.12 seconds.
Normalized data for the following tables:
- entry_mercadolivre: 50 row(s)
- entry_mercadolivre__payments: 53 row(s)
- entry_mercadolivre__payments__available_actions: 53 row(s)
- entry_mercadolivre__order_items: 50 row(s)
- entry_mercadolivre__tags: 135 row(s)
- entry_mercadolivre__context__flows: 19 row(s)
- entry_mercadolivre__order_items__item__variation_attributes: 27 row(s)
- entry_mercadolivre__mediations: 3 row(s)

Load package 1749509354.5969348 is NORMALIZED and NOT YET LOADED to the destination and contains no failed jobs

Step load COMPLETED in 1.15 seconds.
Pipeline mercadolivre_data load step completed in 1.11 seconds
1 load package(s) were loaded to destination postgres and into dataset entry
The postgres destination used postgresql://***:***@pgdatabase:5432/sales_db location to store data
Load package 1749509354.5969348 is LOADED and contains no failed jobs

Step run COMPLETED in 1.36 seconds.
Pipeline mercadolivre_data load step completed in 1.11 seconds
1 load package(s) were loaded to destination postgres and into dataset entry
The postgres destination used postgresql://***:***@pgdatabase:5432/sales_db location to store data
Load package 1749509354.5969348 is LOADED and contains no failed jobs
[2025-06-09T22:49:15.903+0000] {logging_mixin.py:190} INFO - trying to load ./extraction/mercadolivre/data/raw/ml_sell_data_2024-07-01T00:00:00.000-03:00_2025-04-01T00:00:00.000-03:00_2.json to sales_db
[2025-06-09T22:49:17.260+0000] {logging_mixin.py:190} INFO - Pipeline mercadolivre_data load step completed in 1.11 seconds
1 load package(s) were loaded to destination postgres and into dataset entry
The postgres destination used postgresql://***:***@pgdatabase:5432/sales_db location to store data
Load package 1749509355.9661708 is LOADED and contains no failed jobs
[2025-06-09T22:49:17.262+0000] {logging_mixin.py:190} INFO - Run started at 2025-06-09 22:49:15.904255+00:00 and COMPLETED in 1.35 seconds with 4 steps.
Step extract COMPLETED in 0.07 seconds.

Load package 1749509355.9661708 is EXTRACTED and NOT YET LOADED to the destination and contains no failed jobs

Step normalize COMPLETED in 0.12 seconds.
Normalized data for the following tables:
- entry_mercadolivre: 50 row(s)
- entry_mercadolivre__payments: 55 row(s)
- entry_mercadolivre__payments__available_actions: 55 row(s)
- entry_mercadolivre__order_items: 50 row(s)
- entry_mercadolivre__order_items__item__variation_attributes: 43 row(s)
- entry_mercadolivre__tags: 144 row(s)
- entry_mercadolivre__mediations: 6 row(s)
- entry_mercadolivre__context__flows: 10 row(s)

Load package 1749509355.9661708 is NORMALIZED and NOT YET LOADED to the destination and contains no failed jobs

Step load COMPLETED in 1.14 seconds.
Pipeline mercadolivre_data load step completed in 1.11 seconds
1 load package(s) were loaded to destination postgres and into dataset entry
The postgres destination used postgresql://***:***@pgdatabase:5432/sales_db location to store data
Load package 1749509355.9661708 is LOADED and contains no failed jobs

Step run COMPLETED in 1.35 seconds.
Pipeline mercadolivre_data load step completed in 1.11 seconds
1 load package(s) were loaded to destination postgres and into dataset entry
The postgres destination used postgresql://***:***@pgdatabase:5432/sales_db location to store data
Load package 1749509355.9661708 is LOADED and contains no failed jobs
[2025-06-09T22:49:17.269+0000] {logging_mixin.py:190} INFO - trying to load ./extraction/mercadolivre/data/raw/ml_sell_data_2024-07-01T00:00:00.000-03:00_2025-04-01T00:00:00.000-03:00_3.json to sales_db
[2025-06-09T22:49:18.664+0000] {logging_mixin.py:190} INFO - Pipeline mercadolivre_data load step completed in 1.12 seconds
1 load package(s) were loaded to destination postgres and into dataset entry
The postgres destination used postgresql://***:***@pgdatabase:5432/sales_db location to store data
Load package 1749509357.3401334 is LOADED and contains no failed jobs
[2025-06-09T22:49:18.666+0000] {logging_mixin.py:190} INFO - Run started at 2025-06-09 22:49:17.270643+00:00 and COMPLETED in 1.39 seconds with 4 steps.
Step extract COMPLETED in 0.08 seconds.

Load package 1749509357.3401334 is EXTRACTED and NOT YET LOADED to the destination and contains no failed jobs

Step normalize COMPLETED in 0.13 seconds.
Normalized data for the following tables:
- entry_mercadolivre: 50 row(s)
- entry_mercadolivre__payments: 52 row(s)
- entry_mercadolivre__payments__available_actions: 52 row(s)
- entry_mercadolivre__order_items: 50 row(s)
- entry_mercadolivre__order_items__item__variation_attributes: 47 row(s)
- entry_mercadolivre__tags: 165 row(s)
- entry_mercadolivre__context__flows: 16 row(s)
- entry_mercadolivre__mediations: 9 row(s)

Load package 1749509357.3401334 is NORMALIZED and NOT YET LOADED to the destination and contains no failed jobs

Step load COMPLETED in 1.16 seconds.
Pipeline mercadolivre_data load step completed in 1.12 seconds
1 load package(s) were loaded to destination postgres and into dataset entry
The postgres destination used postgresql://***:***@pgdatabase:5432/sales_db location to store data
Load package 1749509357.3401334 is LOADED and contains no failed jobs

Step run COMPLETED in 1.39 seconds.
Pipeline mercadolivre_data load step completed in 1.12 seconds
1 load package(s) were loaded to destination postgres and into dataset entry
The postgres destination used postgresql://***:***@pgdatabase:5432/sales_db location to store data
Load package 1749509357.3401334 is LOADED and contains no failed jobs
[2025-06-09T22:49:18.671+0000] {logging_mixin.py:190} INFO - trying to load ./extraction/mercadolivre/data/raw/ml_sell_data_2024-07-01T00:00:00.000-03:00_2025-04-01T00:00:00.000-03:00_4.json to sales_db
[2025-06-09T22:49:20.027+0000] {logging_mixin.py:190} INFO - Pipeline mercadolivre_data load step completed in 1.10 seconds
1 load package(s) were loaded to destination postgres and into dataset entry
The postgres destination used postgresql://***:***@pgdatabase:5432/sales_db location to store data
Load package 1749509358.73709 is LOADED and contains no failed jobs
[2025-06-09T22:49:20.029+0000] {logging_mixin.py:190} INFO - Run started at 2025-06-09 22:49:18.673067+00:00 and COMPLETED in 1.35 seconds with 4 steps.
Step extract COMPLETED in 0.07 seconds.

Load package 1749509358.73709 is EXTRACTED and NOT YET LOADED to the destination and contains no failed jobs

Step normalize COMPLETED in 0.12 seconds.
Normalized data for the following tables:
- entry_mercadolivre: 50 row(s)
- entry_mercadolivre__payments: 53 row(s)
- entry_mercadolivre__payments__available_actions: 53 row(s)
- entry_mercadolivre__order_items: 50 row(s)
- entry_mercadolivre__order_items__item__variation_attributes: 53 row(s)
- entry_mercadolivre__tags: 154 row(s)
- entry_mercadolivre__mediations: 5 row(s)
- entry_mercadolivre__context__flows: 5 row(s)

Load package 1749509358.73709 is NORMALIZED and NOT YET LOADED to the destination and contains no failed jobs

Step load COMPLETED in 1.14 seconds.
Pipeline mercadolivre_data load step completed in 1.10 seconds
1 load package(s) were loaded to destination postgres and into dataset entry
The postgres destination used postgresql://***:***@pgdatabase:5432/sales_db location to store data
Load package 1749509358.73709 is LOADED and contains no failed jobs

Step run COMPLETED in 1.35 seconds.
Pipeline mercadolivre_data load step completed in 1.10 seconds
1 load package(s) were loaded to destination postgres and into dataset entry
The postgres destination used postgresql://***:***@pgdatabase:5432/sales_db location to store data
Load package 1749509358.73709 is LOADED and contains no failed jobs
[2025-06-09T22:49:20.035+0000] {logging_mixin.py:190} INFO - trying to load ./extraction/mercadolivre/data/raw/ml_sell_data_2024-07-01T00:00:00.000-03:00_2025-04-01T00:00:00.000-03:00_5.json to sales_db
[2025-06-09T22:49:21.372+0000] {logging_mixin.py:190} INFO - Pipeline mercadolivre_data load step completed in 1.11 seconds
1 load package(s) were loaded to destination postgres and into dataset entry
The postgres destination used postgresql://***:***@pgdatabase:5432/sales_db location to store data
Load package 1749509360.0991788 is LOADED and contains no failed jobs
[2025-06-09T22:49:21.373+0000] {logging_mixin.py:190} INFO - Run started at 2025-06-09 22:49:20.036753+00:00 and COMPLETED in 1.33 seconds with 4 steps.
Step extract COMPLETED in 0.07 seconds.

Load package 1749509360.0991788 is EXTRACTED and NOT YET LOADED to the destination and contains no failed jobs

Step normalize COMPLETED in 0.10 seconds.
Normalized data for the following tables:
- entry_mercadolivre: 35 row(s)
- entry_mercadolivre__payments: 36 row(s)
- entry_mercadolivre__payments__available_actions: 36 row(s)
- entry_mercadolivre__order_items: 35 row(s)
- entry_mercadolivre__order_items__item__variation_attributes: 33 row(s)
- entry_mercadolivre__tags: 96 row(s)
- entry_mercadolivre__context__flows: 4 row(s)
- entry_mercadolivre__mediations: 1 row(s)

Load package 1749509360.0991788 is NORMALIZED and NOT YET LOADED to the destination and contains no failed jobs

Step load COMPLETED in 1.14 seconds.
Pipeline mercadolivre_data load step completed in 1.11 seconds
1 load package(s) were loaded to destination postgres and into dataset entry
The postgres destination used postgresql://***:***@pgdatabase:5432/sales_db location to store data
Load package 1749509360.0991788 is LOADED and contains no failed jobs

Step run COMPLETED in 1.33 seconds.
Pipeline mercadolivre_data load step completed in 1.11 seconds
1 load package(s) were loaded to destination postgres and into dataset entry
The postgres destination used postgresql://***:***@pgdatabase:5432/sales_db location to store data
Load package 1749509360.0991788 is LOADED and contains no failed jobs
[2025-06-09T22:49:21.379+0000] {logging_mixin.py:190} INFO - trying to load ./extraction/mercadolivre/data/raw/sample.json to sales_db
[2025-06-09T22:49:21.877+0000] {logging_mixin.py:190} INFO - Pipeline mercadolivre_data load step completed in 0.12 seconds
1 load package(s) were loaded to destination postgres and into dataset entry
The postgres destination used postgresql://***:***@pgdatabase:5432/sales_db location to store data
Load package 1749509361.443405 is LOADED and contains no failed jobs
[2025-06-09T22:49:21.879+0000] {logging_mixin.py:190} INFO - Run started at 2025-06-09 22:49:21.380439+00:00 and COMPLETED in 0.49 seconds with 4 steps.
Step extract COMPLETED in 0.07 seconds.

Load package 1749509361.443405 is EXTRACTED and NOT YET LOADED to the destination and contains no failed jobs

Step normalize COMPLETED in 0.23 seconds.
Normalized data for the following tables:
- entry_mercadolivre: 50 row(s)
- entry_mercadolivre__payments: 52 row(s)
- entry_mercadolivre__payments__available_actions: 52 row(s)
- entry_mercadolivre__order_items: 50 row(s)
- entry_mercadolivre__tags: 118 row(s)
- entry_mercadolivre__order_items__item__variation_attributes: 44 row(s)
- entry_mercadolivre__mediations: 2 row(s)
- entry_mercadolivre__context__flows: 9 row(s)

Load package 1749509361.443405 is NORMALIZED and NOT YET LOADED to the destination and contains no failed jobs

Step load COMPLETED in 0.17 seconds.
Pipeline mercadolivre_data load step completed in 0.12 seconds
1 load package(s) were loaded to destination postgres and into dataset entry
The postgres destination used postgresql://***:***@pgdatabase:5432/sales_db location to store data
Load package 1749509361.443405 is LOADED and contains no failed jobs

Step run COMPLETED in 0.49 seconds.
Pipeline mercadolivre_data load step completed in 0.12 seconds
1 load package(s) were loaded to destination postgres and into dataset entry
The postgres destination used postgresql://***:***@pgdatabase:5432/sales_db location to store data
Load package 1749509361.443405 is LOADED and contains no failed jobs
[2025-06-09T22:49:21.881+0000] {python.py:240} INFO - Done. Returned value was: 1
[2025-06-09T22:49:21.917+0000] {taskinstance.py:340} INFO - ::group::Post task execution logs
[2025-06-09T22:49:21.918+0000] {taskinstance.py:352} INFO - Marking task as SUCCESS. dag_id=03_load_data, task_id=load_mercadolivre, run_id=manual__2025-06-09T22:49:04.182815+00:00, execution_date=20250609T224904, start_date=20250609T224906, end_date=20250609T224921
[2025-06-09T22:49:21.977+0000] {local_task_job_runner.py:266} INFO - Task exited with return code 0
[2025-06-09T22:49:21.997+0000] {taskinstance.py:3895} INFO - 0 downstream tasks scheduled from follow-on schedule check
[2025-06-09T22:49:22.000+0000] {local_task_job_runner.py:245} INFO - ::endgroup::
