[2025-05-28T19:07:32.302+0000] {local_task_job_runner.py:123} INFO - ::group::Pre task execution logs
[2025-05-28T19:07:32.320+0000] {taskinstance.py:2613} INFO - Dependencies all met for dep_context=non-requeueable deps ti=<TaskInstance: 04_transform_data.run_dbt manual__2025-05-28T19:07:23.189787+00:00 [queued]>
[2025-05-28T19:07:32.328+0000] {taskinstance.py:2613} INFO - Dependencies all met for dep_context=requeueable deps ti=<TaskInstance: 04_transform_data.run_dbt manual__2025-05-28T19:07:23.189787+00:00 [queued]>
[2025-05-28T19:07:32.329+0000] {taskinstance.py:2866} INFO - Starting attempt 1 of 1
[2025-05-28T19:07:32.341+0000] {taskinstance.py:2889} INFO - Executing <Task(PythonOperator): run_dbt> on 2025-05-28 19:07:23.189787+00:00
[2025-05-28T19:07:32.345+0000] {standard_task_runner.py:72} INFO - Started process 1035 to run task
[2025-05-28T19:07:32.348+0000] {standard_task_runner.py:104} INFO - Running: ['***', 'tasks', 'run', '04_transform_data', 'run_dbt', 'manual__2025-05-28T19:07:23.189787+00:00', '--job-id', '253', '--raw', '--subdir', 'DAGS_FOLDER/04_transform_data.py', '--cfg-path', '/tmp/tmp1t265_tm']
[2025-05-28T19:07:32.350+0000] {standard_task_runner.py:105} INFO - Job 253: Subtask run_dbt
[2025-05-28T19:07:32.401+0000] {task_command.py:467} INFO - Running <TaskInstance: 04_transform_data.run_dbt manual__2025-05-28T19:07:23.189787+00:00 [running]> on host 950204866fda
[2025-05-28T19:07:32.484+0000] {taskinstance.py:3132} INFO - Exporting env vars: AIRFLOW_CTX_DAG_OWNER='***' AIRFLOW_CTX_DAG_ID='04_transform_data' AIRFLOW_CTX_TASK_ID='run_dbt' AIRFLOW_CTX_EXECUTION_DATE='2025-05-28T19:07:23.189787+00:00' AIRFLOW_CTX_TRY_NUMBER='1' AIRFLOW_CTX_DAG_RUN_ID='manual__2025-05-28T19:07:23.189787+00:00'
[2025-05-28T19:07:32.486+0000] {taskinstance.py:731} INFO - ::endgroup::
[2025-05-28T19:07:34.173+0000] {logging_mixin.py:190} INFO - 19:07:34  Running with dbt=1.9.4
[2025-05-28T19:07:34.513+0000] {logging_mixin.py:190} INFO - 19:07:34  Registered adapter: postgres=1.9.0
[2025-05-28T19:07:36.507+0000] {logging_mixin.py:190} INFO - 19:07:36  [WARNING]: Configuration paths exist in your dbt_project.yml file which do not apply to any resources.
There are 1 unused configuration paths:
- models.e_commerce_sales.example
[2025-05-28T19:07:36.717+0000] {logging_mixin.py:190} INFO - 19:07:36  Found 11 models, 12 sources, 549 macros, 1 unit test
[2025-05-28T19:07:36.721+0000] {logging_mixin.py:190} INFO - 19:07:36
[2025-05-28T19:07:36.723+0000] {logging_mixin.py:190} INFO - 19:07:36  Concurrency: 4 threads (target='dev')
[2025-05-28T19:07:36.724+0000] {logging_mixin.py:190} INFO - 19:07:36
[2025-05-28T19:07:36.870+0000] {logging_mixin.py:190} INFO - 19:07:36  1 of 11 START sql incremental model sales.mercadolivre_orders_results .......... [RUN]
[2025-05-28T19:07:36.872+0000] {logging_mixin.py:190} INFO - 19:07:36  2 of 11 START sql incremental model sales.shopee_new_id ........................ [RUN]
[2025-05-28T19:07:37.151+0000] {logging_mixin.py:190} INFO - 19:07:37  1 of 11 OK created sql incremental model sales.mercadolivre_orders_results ..... [SELECT 190 in 0.27s]
[2025-05-28T19:07:37.153+0000] {logging_mixin.py:190} INFO - 19:07:37  2 of 11 OK created sql incremental model sales.shopee_new_id ................... [SELECT 2875 in 0.27s]
[2025-05-28T19:07:37.160+0000] {logging_mixin.py:190} INFO - 19:07:37  3 of 11 START sql incremental model sales.dim_mercadolivre_buyer ............... [RUN]
[2025-05-28T19:07:37.162+0000] {logging_mixin.py:190} INFO - 19:07:37  4 of 11 START sql incremental model sales.dim_mercadolivre_date ................ [RUN]
[2025-05-28T19:07:37.163+0000] {logging_mixin.py:190} INFO - 19:07:37  5 of 11 START sql incremental model sales.dim_mercadolivre_orders_status ....... [RUN]
[2025-05-28T19:07:37.168+0000] {logging_mixin.py:190} INFO - 19:07:37  6 of 11 START sql incremental model sales.dim_mercadolivre_product ............. [RUN]
[2025-05-28T19:07:37.315+0000] {logging_mixin.py:190} INFO - 19:07:37  4 of 11 OK created sql incremental model sales.dim_mercadolivre_date ........... [SELECT 190 in 0.14s]
[2025-05-28T19:07:37.329+0000] {logging_mixin.py:190} INFO - 19:07:37  3 of 11 OK created sql incremental model sales.dim_mercadolivre_buyer .......... [SELECT 188 in 0.16s]
[2025-05-28T19:07:37.331+0000] {logging_mixin.py:190} INFO - 19:07:37  5 of 11 OK created sql incremental model sales.dim_mercadolivre_orders_status .. [SELECT 190 in 0.16s]
[2025-05-28T19:07:37.334+0000] {logging_mixin.py:190} INFO - 19:07:37  7 of 11 START sql incremental model sales.shopee_orders_results ................ [RUN]
[2025-05-28T19:07:37.341+0000] {logging_mixin.py:190} INFO - 19:07:37  6 of 11 OK created sql incremental model sales.dim_mercadolivre_product ........ [SELECT 65 in 0.16s]
[2025-05-28T19:07:37.465+0000] {logging_mixin.py:190} INFO - 19:07:37  7 of 11 OK created sql incremental model sales.shopee_orders_results ........... [SELECT 2727 in 0.12s]
[2025-05-28T19:07:37.472+0000] {logging_mixin.py:190} INFO - 19:07:37  8 of 11 START sql incremental model sales.dim_shopee_buyer ..................... [RUN]
[2025-05-28T19:07:37.474+0000] {logging_mixin.py:190} INFO - 19:07:37  9 of 11 START sql incremental model sales.dim_shopee_date ...................... [RUN]
[2025-05-28T19:07:37.475+0000] {logging_mixin.py:190} INFO - 19:07:37  10 of 11 START sql incremental model sales.dim_shopee_orders_status ............ [RUN]
[2025-05-28T19:07:37.477+0000] {logging_mixin.py:190} INFO - 19:07:37  11 of 11 START sql incremental model sales.dim_shopee_product .................. [RUN]
[2025-05-28T19:07:37.636+0000] {logging_mixin.py:190} INFO - 19:07:37  8 of 11 OK created sql incremental model sales.dim_shopee_buyer ................ [SELECT 2629 in 0.15s]
[2025-05-28T19:07:37.680+0000] {logging_mixin.py:190} INFO - 19:07:37  9 of 11 OK created sql incremental model sales.dim_shopee_date ................. [SELECT 2727 in 0.19s]
[2025-05-28T19:07:37.686+0000] {logging_mixin.py:190} INFO - 19:07:37  10 of 11 OK created sql incremental model sales.dim_shopee_orders_status ....... [SELECT 2731 in 0.20s]
[2025-05-28T19:07:37.698+0000] {logging_mixin.py:190} INFO - 19:07:37  11 of 11 OK created sql incremental model sales.dim_shopee_product ............. [SELECT 795 in 0.21s]
[2025-05-28T19:07:37.739+0000] {logging_mixin.py:190} INFO - 19:07:37
[2025-05-28T19:07:37.743+0000] {logging_mixin.py:190} INFO - 19:07:37  Finished running 11 incremental models in 0 hours 0 minutes and 1.01 seconds (1.01s).
[2025-05-28T19:07:37.845+0000] {logging_mixin.py:190} INFO - 19:07:37
[2025-05-28T19:07:37.848+0000] {logging_mixin.py:190} INFO - 19:07:37  Completed successfully
[2025-05-28T19:07:37.850+0000] {logging_mixin.py:190} INFO - 19:07:37
[2025-05-28T19:07:37.852+0000] {logging_mixin.py:190} INFO - 19:07:37  Done. PASS=11 WARN=0 ERROR=0 SKIP=0 TOTAL=11
[2025-05-28T19:07:38.742+0000] {logging_mixin.py:190} INFO - Transformation sucessfully done.
[2025-05-28T19:07:38.743+0000] {python.py:240} INFO - Done. Returned value was: None
[2025-05-28T19:07:38.755+0000] {taskinstance.py:340} INFO - ::group::Post task execution logs
[2025-05-28T19:07:38.756+0000] {taskinstance.py:352} INFO - Marking task as SUCCESS. dag_id=04_transform_data, task_id=run_dbt, run_id=manual__2025-05-28T19:07:23.189787+00:00, execution_date=20250528T190723, start_date=20250528T190732, end_date=20250528T190738
[2025-05-28T19:07:38.785+0000] {local_task_job_runner.py:266} INFO - Task exited with return code 0
[2025-05-28T19:07:38.802+0000] {taskinstance.py:3895} INFO - 0 downstream tasks scheduled from follow-on schedule check
[2025-05-28T19:07:38.804+0000] {local_task_job_runner.py:245} INFO - ::endgroup::
