[2025-06-10T21:12:23.523+0000] {local_task_job_runner.py:123} INFO - ::group::Pre task execution logs
[2025-06-10T21:12:23.539+0000] {taskinstance.py:2613} INFO - Dependencies all met for dep_context=non-requeueable deps ti=<TaskInstance: 05_transform_data.install_dbt_deps manual__2025-06-10T21:12:21.917826+00:00 [queued]>
[2025-06-10T21:12:23.546+0000] {taskinstance.py:2613} INFO - Dependencies all met for dep_context=requeueable deps ti=<TaskInstance: 05_transform_data.install_dbt_deps manual__2025-06-10T21:12:21.917826+00:00 [queued]>
[2025-06-10T21:12:23.547+0000] {taskinstance.py:2866} INFO - Starting attempt 1 of 1
[2025-06-10T21:12:23.558+0000] {taskinstance.py:2889} INFO - Executing <Task(PythonOperator): install_dbt_deps> on 2025-06-10 21:12:21.917826+00:00
[2025-06-10T21:12:23.563+0000] {standard_task_runner.py:72} INFO - Started process 5064 to run task
[2025-06-10T21:12:23.565+0000] {standard_task_runner.py:104} INFO - Running: ['***', 'tasks', 'run', '05_transform_data', 'install_dbt_deps', 'manual__2025-06-10T21:12:21.917826+00:00', '--job-id', '734', '--raw', '--subdir', 'DAGS_FOLDER/05_transform_data.py', '--cfg-path', '/tmp/tmpzyw5lqty']
[2025-06-10T21:12:23.567+0000] {standard_task_runner.py:105} INFO - Job 734: Subtask install_dbt_deps
[2025-06-10T21:12:23.617+0000] {task_command.py:467} INFO - Running <TaskInstance: 05_transform_data.install_dbt_deps manual__2025-06-10T21:12:21.917826+00:00 [running]> on host 28e6a58e4107
[2025-06-10T21:12:23.696+0000] {taskinstance.py:3132} INFO - Exporting env vars: AIRFLOW_CTX_DAG_OWNER='***' AIRFLOW_CTX_DAG_ID='05_transform_data' AIRFLOW_CTX_TASK_ID='install_dbt_deps' AIRFLOW_CTX_EXECUTION_DATE='2025-06-10T21:12:21.917826+00:00' AIRFLOW_CTX_TRY_NUMBER='1' AIRFLOW_CTX_DAG_RUN_ID='manual__2025-06-10T21:12:21.917826+00:00'
[2025-06-10T21:12:23.697+0000] {taskinstance.py:731} INFO - ::endgroup::
[2025-06-10T21:12:25.172+0000] {logging_mixin.py:190} INFO - 21:12:25  Running with dbt=1.9.5
[2025-06-10T21:12:25.853+0000] {logging_mixin.py:190} INFO - 21:12:25  Installing dbt-labs/dbt_utils
[2025-06-10T21:12:29.046+0000] {logging_mixin.py:190} INFO - 21:12:29  Installed from version 1.2.0
[2025-06-10T21:12:29.048+0000] {logging_mixin.py:190} INFO - 21:12:29  Updated version available: 1.3.0
[2025-06-10T21:12:29.050+0000] {logging_mixin.py:190} INFO - 21:12:29
[2025-06-10T21:12:29.052+0000] {logging_mixin.py:190} INFO - 21:12:29  Updates available for packages: ['dbt-labs/dbt_utils']                 
Update your versions in packages.yml, then run dbt deps
[2025-06-10T21:12:29.739+0000] {logging_mixin.py:190} INFO - Dependencies sucessfully installed.
[2025-06-10T21:12:29.740+0000] {python.py:240} INFO - Done. Returned value was: None
[2025-06-10T21:12:29.756+0000] {taskinstance.py:340} INFO - ::group::Post task execution logs
[2025-06-10T21:12:29.758+0000] {taskinstance.py:352} INFO - Marking task as SUCCESS. dag_id=05_transform_data, task_id=install_dbt_deps, run_id=manual__2025-06-10T21:12:21.917826+00:00, execution_date=20250610T211221, start_date=20250610T211223, end_date=20250610T211229
[2025-06-10T21:12:29.802+0000] {local_task_job_runner.py:266} INFO - Task exited with return code 0
[2025-06-10T21:12:29.825+0000] {taskinstance.py:3895} INFO - 1 downstream tasks scheduled from follow-on schedule check
[2025-06-10T21:12:29.828+0000] {local_task_job_runner.py:245} INFO - ::endgroup::
