[2025-06-09T19:54:43.579+0000] {local_task_job_runner.py:123} INFO - ::group::Pre task execution logs
[2025-06-09T19:54:43.600+0000] {taskinstance.py:2613} INFO - Dependencies all met for dep_context=non-requeueable deps ti=<TaskInstance: 03_load_data.load_prod_cost manual__2025-06-09T19:54:41.526021+00:00 [queued]>
[2025-06-09T19:54:43.610+0000] {taskinstance.py:2613} INFO - Dependencies all met for dep_context=requeueable deps ti=<TaskInstance: 03_load_data.load_prod_cost manual__2025-06-09T19:54:41.526021+00:00 [queued]>
[2025-06-09T19:54:43.612+0000] {taskinstance.py:2866} INFO - Starting attempt 1 of 1
[2025-06-09T19:54:43.627+0000] {taskinstance.py:2889} INFO - Executing <Task(PythonOperator): load_prod_cost> on 2025-06-09 19:54:41.526021+00:00
[2025-06-09T19:54:43.631+0000] {standard_task_runner.py:72} INFO - Started process 1419 to run task
[2025-06-09T19:54:43.637+0000] {standard_task_runner.py:104} INFO - Running: ['***', 'tasks', 'run', '03_load_data', 'load_prod_cost', 'manual__2025-06-09T19:54:41.526021+00:00', '--job-id', '540', '--raw', '--subdir', 'DAGS_FOLDER/03_load_data.py', '--cfg-path', '/tmp/tmpp6itbw46']
[2025-06-09T19:54:43.640+0000] {standard_task_runner.py:105} INFO - Job 540: Subtask load_prod_cost
[2025-06-09T19:54:43.705+0000] {task_command.py:467} INFO - Running <TaskInstance: 03_load_data.load_prod_cost manual__2025-06-09T19:54:41.526021+00:00 [running]> on host 28e6a58e4107
[2025-06-09T19:54:43.799+0000] {taskinstance.py:3132} INFO - Exporting env vars: AIRFLOW_CTX_DAG_OWNER='***' AIRFLOW_CTX_DAG_ID='03_load_data' AIRFLOW_CTX_TASK_ID='load_prod_cost' AIRFLOW_CTX_EXECUTION_DATE='2025-06-09T19:54:41.526021+00:00' AIRFLOW_CTX_TRY_NUMBER='1' AIRFLOW_CTX_DAG_RUN_ID='manual__2025-06-09T19:54:41.526021+00:00'
[2025-06-09T19:54:43.800+0000] {taskinstance.py:731} INFO - ::endgroup::
[2025-06-09T19:54:44.678+0000] {logging_mixin.py:190} INFO - column begin_date is datetime64[ns, UTC]
[2025-06-09T19:54:44.679+0000] {logging_mixin.py:190} INFO - column end_date is datetime64[ns, UTC]
[2025-06-09T19:54:44.680+0000] {logging_mixin.py:190} INFO - Loading file /opt/***/cleaning/entry_data/clean/clean_cost_data.csv to sales_db
[2025-06-09T19:54:44.731+0000] {logging_mixin.py:190} INFO - Data in /opt/***/cleaning/entry_data/clean/clean_cost_data.csv successfully loaded.
[2025-06-09T19:54:44.732+0000] {python.py:240} INFO - Done. Returned value was: None
[2025-06-09T19:54:44.744+0000] {taskinstance.py:340} INFO - ::group::Post task execution logs
[2025-06-09T19:54:44.745+0000] {taskinstance.py:352} INFO - Marking task as SUCCESS. dag_id=03_load_data, task_id=load_prod_cost, run_id=manual__2025-06-09T19:54:41.526021+00:00, execution_date=20250609T195441, start_date=20250609T195443, end_date=20250609T195444
[2025-06-09T19:54:44.774+0000] {local_task_job_runner.py:266} INFO - Task exited with return code 0
[2025-06-09T19:54:44.792+0000] {taskinstance.py:3895} INFO - 0 downstream tasks scheduled from follow-on schedule check
[2025-06-09T19:54:44.795+0000] {local_task_job_runner.py:245} INFO - ::endgroup::
