[2025-06-06T19:42:12.662+0000] {local_task_job_runner.py:123} INFO - ::group::Pre task execution logs
[2025-06-06T19:42:12.679+0000] {taskinstance.py:2613} INFO - Dependencies all met for dep_context=non-requeueable deps ti=<TaskInstance: 05_transform_data.run_dbt manual__2025-06-06T19:42:02.984910+00:00 [queued]>
[2025-06-06T19:42:12.687+0000] {taskinstance.py:2613} INFO - Dependencies all met for dep_context=requeueable deps ti=<TaskInstance: 05_transform_data.run_dbt manual__2025-06-06T19:42:02.984910+00:00 [queued]>
[2025-06-06T19:42:12.689+0000] {taskinstance.py:2866} INFO - Starting attempt 1 of 1
[2025-06-06T19:42:12.701+0000] {taskinstance.py:2889} INFO - Executing <Task(PythonOperator): run_dbt> on 2025-06-06 19:42:02.984910+00:00
[2025-06-06T19:42:12.705+0000] {standard_task_runner.py:72} INFO - Started process 3730 to run task
[2025-06-06T19:42:12.708+0000] {standard_task_runner.py:104} INFO - Running: ['***', 'tasks', 'run', '05_transform_data', 'run_dbt', 'manual__2025-06-06T19:42:02.984910+00:00', '--job-id', '408', '--raw', '--subdir', 'DAGS_FOLDER/05_transform_data.py', '--cfg-path', '/tmp/tmpg_5g3a16']
[2025-06-06T19:42:12.710+0000] {standard_task_runner.py:105} INFO - Job 408: Subtask run_dbt
[2025-06-06T19:42:12.762+0000] {task_command.py:467} INFO - Running <TaskInstance: 05_transform_data.run_dbt manual__2025-06-06T19:42:02.984910+00:00 [running]> on host 28e6a58e4107
[2025-06-06T19:42:12.838+0000] {taskinstance.py:3132} INFO - Exporting env vars: AIRFLOW_CTX_DAG_OWNER='***' AIRFLOW_CTX_DAG_ID='05_transform_data' AIRFLOW_CTX_TASK_ID='run_dbt' AIRFLOW_CTX_EXECUTION_DATE='2025-06-06T19:42:02.984910+00:00' AIRFLOW_CTX_TRY_NUMBER='1' AIRFLOW_CTX_DAG_RUN_ID='manual__2025-06-06T19:42:02.984910+00:00'
[2025-06-06T19:42:12.840+0000] {taskinstance.py:731} INFO - ::endgroup::
[2025-06-06T19:42:14.338+0000] {logging_mixin.py:190} INFO - 19:42:14  Running with dbt=1.9.5
[2025-06-06T19:42:14.690+0000] {logging_mixin.py:190} INFO - 19:42:14  Registered adapter: postgres=1.9.0
[2025-06-06T19:42:15.976+0000] {logging_mixin.py:190} INFO - 19:42:15  [WARNING]: Configuration paths exist in your dbt_project.yml file which do not apply to any resources.
There are 1 unused configuration paths:
- models.e_commerce_sales.example
[2025-06-06T19:42:16.347+0000] {logging_mixin.py:190} INFO - 19:42:16  Found 15 models, 12 sources, 549 macros, 1 unit test
[2025-06-06T19:42:16.352+0000] {logging_mixin.py:190} INFO - 19:42:16
[2025-06-06T19:42:16.354+0000] {logging_mixin.py:190} INFO - 19:42:16  Concurrency: 4 threads (target='dev')
[2025-06-06T19:42:16.355+0000] {logging_mixin.py:190} INFO - 19:42:16
[2025-06-06T19:42:16.509+0000] {logging_mixin.py:190} INFO - 19:42:16  1 of 15 START sql incremental model sales.mercadolivre_orders_results .......... [RUN]
[2025-06-06T19:42:16.510+0000] {logging_mixin.py:190} INFO - 19:42:16  2 of 15 START sql incremental model sales.stg_shopee ........................... [RUN]
[2025-06-06T19:42:16.965+0000] {logging_mixin.py:190} INFO - 19:42:16  2 of 15 ERROR creating sql incremental model sales.stg_shopee .................. [ERROR in 0.44s]
[2025-06-06T19:42:16.970+0000] {logging_mixin.py:190} INFO - 19:42:16  1 of 15 OK created sql incremental model sales.mercadolivre_orders_results ..... [MERGE 190 in 0.46s]
[2025-06-06T19:42:16.976+0000] {logging_mixin.py:190} INFO - 19:42:16  3 of 15 SKIP relation sales.shopee_new_id ...................................... [SKIP]
[2025-06-06T19:42:16.982+0000] {logging_mixin.py:190} INFO - 19:42:16  4 of 15 START sql incremental model sales.dim_mercadolivre_buyer ............... [RUN]
[2025-06-06T19:42:16.983+0000] {logging_mixin.py:190} INFO - 19:42:16  5 of 15 START sql incremental model sales.dim_mercadolivre_date ................ [RUN]
[2025-06-06T19:42:16.985+0000] {logging_mixin.py:190} INFO - 19:42:16  6 of 15 START sql incremental model sales.dim_mercadolivre_orders_status ....... [RUN]
[2025-06-06T19:42:16.990+0000] {logging_mixin.py:190} INFO - 19:42:16  7 of 15 START sql incremental model sales.dim_mercadolivre_product ............. [RUN]
[2025-06-06T19:42:17.289+0000] {logging_mixin.py:190} INFO - 19:42:17  4 of 15 OK created sql incremental model sales.dim_mercadolivre_buyer .......... [MERGE 188 in 0.30s]
[2025-06-06T19:42:17.292+0000] {logging_mixin.py:190} INFO - 19:42:17  6 of 15 OK created sql incremental model sales.dim_mercadolivre_orders_status .. [MERGE 190 in 0.30s]
[2025-06-06T19:42:17.309+0000] {logging_mixin.py:190} INFO - 19:42:17  8 of 15 SKIP relation sales.shopee_orders_results .............................. [SKIP]
[2025-06-06T19:42:17.320+0000] {logging_mixin.py:190} INFO - 19:42:17  9 of 15 SKIP relation sales.dim_shopee_buyer ................................... [SKIP]
[2025-06-06T19:42:17.322+0000] {logging_mixin.py:190} INFO - 19:42:17  10 of 15 SKIP relation sales.dim_shopee_date ................................... [SKIP]
[2025-06-06T19:42:17.348+0000] {logging_mixin.py:190} INFO - 19:42:17  11 of 15 SKIP relation sales.dim_shopee_orders_status .......................... [SKIP]
[2025-06-06T19:42:17.352+0000] {logging_mixin.py:190} INFO - 19:42:17  12 of 15 SKIP relation sales.dim_shopee_product ................................ [SKIP]
[2025-06-06T19:42:17.367+0000] {logging_mixin.py:190} INFO - 19:42:17  13 of 15 SKIP relation sales.sum_shopee_monthly_profit ......................... [SKIP]
[2025-06-06T19:42:17.370+0000] {logging_mixin.py:190} INFO - 19:42:17  14 of 15 SKIP relation sales.sum_shopee_monthly_revenue ........................ [SKIP]
[2025-06-06T19:42:17.381+0000] {logging_mixin.py:190} INFO - 19:42:17  15 of 15 SKIP relation sales.sum_shopee_products_sold .......................... [SKIP]
[2025-06-06T19:42:17.424+0000] {logging_mixin.py:190} INFO - 19:42:17  7 of 15 OK created sql incremental model sales.dim_mercadolivre_product ........ [MERGE 65 in 0.43s]
[2025-06-06T19:42:17.437+0000] {logging_mixin.py:190} INFO - 19:42:17  5 of 15 OK created sql incremental model sales.dim_mercadolivre_date ........... [MERGE 190 in 0.45s]
[2025-06-06T19:42:17.460+0000] {logging_mixin.py:190} INFO - 19:42:17
[2025-06-06T19:42:17.461+0000] {logging_mixin.py:190} INFO - 19:42:17  Finished running 12 incremental models, 3 view models in 0 hours 0 minutes and 1.10 seconds (1.10s).
[2025-06-06T19:42:17.532+0000] {logging_mixin.py:190} INFO - 19:42:17
[2025-06-06T19:42:17.533+0000] {logging_mixin.py:190} INFO - 19:42:17  Completed with 1 error, 0 partial successes, and 0 warnings:
[2025-06-06T19:42:17.535+0000] {logging_mixin.py:190} INFO - 19:42:17
[2025-06-06T19:42:17.538+0000] {logging_mixin.py:190} INFO - 19:42:17    Database Error in model stg_shopee (models/staging/stg_shopee.sql)
  MERGE command cannot affect row a second time
  HINT:  Ensure that not more than one source row matches any one target row.
  compiled code at target/run/e_commerce_sales/models/staging/stg_shopee.sql
[2025-06-06T19:42:17.540+0000] {logging_mixin.py:190} INFO - 19:42:17
[2025-06-06T19:42:17.541+0000] {logging_mixin.py:190} INFO - 19:42:17  Done. PASS=5 WARN=0 ERROR=1 SKIP=9 TOTAL=15
[2025-06-06T19:42:18.401+0000] {logging_mixin.py:190} INFO - dbt run failed!
[2025-06-06T19:42:18.404+0000] {logging_mixin.py:190} INFO - None
[2025-06-06T19:42:18.407+0000] {taskinstance.py:3311} ERROR - Task failed with exception
Traceback (most recent call last):
  File "/home/airflow/.local/lib/python3.9/site-packages/airflow/models/taskinstance.py", line 767, in _execute_task
    result = _execute_callable(context=context, **execute_callable_kwargs)
  File "/home/airflow/.local/lib/python3.9/site-packages/airflow/models/taskinstance.py", line 733, in _execute_callable
    return ExecutionCallableRunner(
  File "/home/airflow/.local/lib/python3.9/site-packages/airflow/utils/operator_helpers.py", line 252, in run
    return self.func(*args, **kwargs)
  File "/home/airflow/.local/lib/python3.9/site-packages/airflow/models/baseoperator.py", line 422, in wrapper
    return func(self, *args, **kwargs)
  File "/home/airflow/.local/lib/python3.9/site-packages/airflow/operators/python.py", line 238, in execute
    return_value = self.execute_callable()
  File "/home/airflow/.local/lib/python3.9/site-packages/airflow/operators/python.py", line 256, in execute_callable
    return runner.run(*self.op_args, **self.op_kwargs)
  File "/home/airflow/.local/lib/python3.9/site-packages/airflow/utils/operator_helpers.py", line 252, in run
    return self.func(*args, **kwargs)
  File "/opt/airflow/dbt_files/run_dbt.py", line 22, in transform_data
    raise RuntimeError("dbt run failed")
RuntimeError: dbt run failed
[2025-06-06T19:42:18.421+0000] {taskinstance.py:1225} INFO - Marking task as FAILED. dag_id=05_transform_data, task_id=run_dbt, run_id=manual__2025-06-06T19:42:02.984910+00:00, execution_date=20250606T194202, start_date=20250606T194212, end_date=20250606T194218
[2025-06-06T19:42:18.433+0000] {taskinstance.py:340} INFO - ::group::Post task execution logs
[2025-06-06T19:42:18.435+0000] {standard_task_runner.py:124} ERROR - Failed to execute job 408 for task run_dbt (dbt run failed; 3730)
Traceback (most recent call last):
  File "/home/airflow/.local/lib/python3.9/site-packages/airflow/task/task_runner/standard_task_runner.py", line 117, in _start_by_fork
    ret = args.func(args, dag=self.dag)
  File "/home/airflow/.local/lib/python3.9/site-packages/airflow/cli/cli_config.py", line 49, in command
    return func(*args, **kwargs)
  File "/home/airflow/.local/lib/python3.9/site-packages/airflow/utils/cli.py", line 116, in wrapper
    return f(*args, **kwargs)
  File "/home/airflow/.local/lib/python3.9/site-packages/airflow/cli/commands/task_command.py", line 483, in task_run
    task_return_code = _run_task_by_selected_method(args, _dag, ti)
  File "/home/airflow/.local/lib/python3.9/site-packages/airflow/cli/commands/task_command.py", line 256, in _run_task_by_selected_method
    return _run_raw_task(args, ti)
  File "/home/airflow/.local/lib/python3.9/site-packages/airflow/cli/commands/task_command.py", line 341, in _run_raw_task
    return ti._run_raw_task(
  File "/home/airflow/.local/lib/python3.9/site-packages/airflow/utils/session.py", line 97, in wrapper
    return func(*args, session=session, **kwargs)
  File "/home/airflow/.local/lib/python3.9/site-packages/airflow/models/taskinstance.py", line 3005, in _run_raw_task
    return _run_raw_task(
  File "/home/airflow/.local/lib/python3.9/site-packages/airflow/models/taskinstance.py", line 273, in _run_raw_task
    TaskInstance._execute_task_with_callbacks(
  File "/home/airflow/.local/lib/python3.9/site-packages/airflow/models/taskinstance.py", line 3159, in _execute_task_with_callbacks
    result = self._execute_task(context, task_orig)
  File "/home/airflow/.local/lib/python3.9/site-packages/airflow/models/taskinstance.py", line 3183, in _execute_task
    return _execute_task(self, context, task_orig)
  File "/home/airflow/.local/lib/python3.9/site-packages/airflow/models/taskinstance.py", line 767, in _execute_task
    result = _execute_callable(context=context, **execute_callable_kwargs)
  File "/home/airflow/.local/lib/python3.9/site-packages/airflow/models/taskinstance.py", line 733, in _execute_callable
    return ExecutionCallableRunner(
  File "/home/airflow/.local/lib/python3.9/site-packages/airflow/utils/operator_helpers.py", line 252, in run
    return self.func(*args, **kwargs)
  File "/home/airflow/.local/lib/python3.9/site-packages/airflow/models/baseoperator.py", line 422, in wrapper
    return func(self, *args, **kwargs)
  File "/home/airflow/.local/lib/python3.9/site-packages/airflow/operators/python.py", line 238, in execute
    return_value = self.execute_callable()
  File "/home/airflow/.local/lib/python3.9/site-packages/airflow/operators/python.py", line 256, in execute_callable
    return runner.run(*self.op_args, **self.op_kwargs)
  File "/home/airflow/.local/lib/python3.9/site-packages/airflow/utils/operator_helpers.py", line 252, in run
    return self.func(*args, **kwargs)
  File "/opt/airflow/dbt_files/run_dbt.py", line 22, in transform_data
    raise RuntimeError("dbt run failed")
RuntimeError: dbt run failed
[2025-06-06T19:42:18.470+0000] {local_task_job_runner.py:266} INFO - Task exited with return code 1
[2025-06-06T19:42:18.486+0000] {taskinstance.py:3895} INFO - 0 downstream tasks scheduled from follow-on schedule check
[2025-06-06T19:42:18.489+0000] {local_task_job_runner.py:245} INFO - ::endgroup::
