[2025-05-29T18:07:04.046+0000] {local_task_job_runner.py:123} INFO - ::group::Pre task execution logs
[2025-05-29T18:07:04.061+0000] {taskinstance.py:2613} INFO - Dependencies all met for dep_context=non-requeueable deps ti=<TaskInstance: 00_create_IAC.create_schemas manual__2025-05-29T18:06:55+00:00 [queued]>
[2025-05-29T18:07:04.068+0000] {taskinstance.py:2613} INFO - Dependencies all met for dep_context=requeueable deps ti=<TaskInstance: 00_create_IAC.create_schemas manual__2025-05-29T18:06:55+00:00 [queued]>
[2025-05-29T18:07:04.069+0000] {taskinstance.py:2866} INFO - Starting attempt 1 of 1
[2025-05-29T18:07:04.080+0000] {taskinstance.py:2889} INFO - Executing <Task(PythonOperator): create_schemas> on 2025-05-29 18:06:55+00:00
[2025-05-29T18:07:04.084+0000] {standard_task_runner.py:72} INFO - Started process 3905 to run task
[2025-05-29T18:07:04.087+0000] {standard_task_runner.py:104} INFO - Running: ['***', 'tasks', 'run', '00_create_IAC', 'create_schemas', 'manual__2025-05-29T18:06:55+00:00', '--job-id', '311', '--raw', '--subdir', 'DAGS_FOLDER/00_create_iac.py', '--cfg-path', '/tmp/tmpchym0vw1']
[2025-05-29T18:07:04.089+0000] {standard_task_runner.py:105} INFO - Job 311: Subtask create_schemas
[2025-05-29T18:07:04.137+0000] {task_command.py:467} INFO - Running <TaskInstance: 00_create_IAC.create_schemas manual__2025-05-29T18:06:55+00:00 [running]> on host 28e6a58e4107
[2025-05-29T18:07:04.213+0000] {taskinstance.py:3132} INFO - Exporting env vars: AIRFLOW_CTX_DAG_OWNER='***' AIRFLOW_CTX_DAG_ID='00_create_IAC' AIRFLOW_CTX_TASK_ID='create_schemas' AIRFLOW_CTX_EXECUTION_DATE='2025-05-29T18:06:55+00:00' AIRFLOW_CTX_TRY_NUMBER='1' AIRFLOW_CTX_DAG_RUN_ID='manual__2025-05-29T18:06:55+00:00'
[2025-05-29T18:07:04.214+0000] {taskinstance.py:731} INFO - ::endgroup::
[2025-05-29T18:07:04.225+0000] {logging_mixin.py:190} INFO - Running ['terraform', '--version']
[2025-05-29T18:07:04.262+0000] {logging_mixin.py:190} INFO - ['terraform', '--version'] ran successfully.
[2025-05-29T18:07:04.263+0000] {logging_mixin.py:190} INFO - Running ['terraform', 'init']
[2025-05-29T18:07:05.292+0000] {logging_mixin.py:190} INFO - ['terraform', 'init'] ran successfully.
[2025-05-29T18:07:05.293+0000] {logging_mixin.py:190} INFO - Running ['terraform', 'apply', '-auto-approve']
[2025-05-29T18:07:08.497+0000] {logging_mixin.py:190} INFO - ['terraform', 'apply', '-auto-approve'] ran successfully.
[2025-05-29T18:07:08.498+0000] {python.py:240} INFO - Done. Returned value was: None
[2025-05-29T18:07:08.510+0000] {taskinstance.py:340} INFO - ::group::Post task execution logs
[2025-05-29T18:07:08.511+0000] {taskinstance.py:352} INFO - Marking task as SUCCESS. dag_id=00_create_IAC, task_id=create_schemas, run_id=manual__2025-05-29T18:06:55+00:00, execution_date=20250529T180655, start_date=20250529T180704, end_date=20250529T180708
[2025-05-29T18:07:08.553+0000] {local_task_job_runner.py:266} INFO - Task exited with return code 0
[2025-05-29T18:07:08.571+0000] {taskinstance.py:3895} INFO - 0 downstream tasks scheduled from follow-on schedule check
[2025-05-29T18:07:08.574+0000] {local_task_job_runner.py:245} INFO - ::endgroup::
