[2025-06-23T17:20:53.504+0000] {local_task_job_runner.py:123} INFO - ::group::Pre task execution logs
[2025-06-23T17:20:53.523+0000] {taskinstance.py:2613} INFO - Dependencies all met for dep_context=non-requeueable deps ti=<TaskInstance: 03_load_data_prod.load_prod_cost manual__2025-06-23T17:20:51.826398+00:00 [queued]>
[2025-06-23T17:20:53.532+0000] {taskinstance.py:2613} INFO - Dependencies all met for dep_context=requeueable deps ti=<TaskInstance: 03_load_data_prod.load_prod_cost manual__2025-06-23T17:20:51.826398+00:00 [queued]>
[2025-06-23T17:20:53.533+0000] {taskinstance.py:2866} INFO - Starting attempt 1 of 1
[2025-06-23T17:20:53.545+0000] {taskinstance.py:2889} INFO - Executing <Task(PythonOperator): load_prod_cost> on 2025-06-23 17:20:51.826398+00:00
[2025-06-23T17:20:53.551+0000] {standard_task_runner.py:72} INFO - Started process 881 to run task
[2025-06-23T17:20:53.555+0000] {standard_task_runner.py:104} INFO - Running: ['***', 'tasks', 'run', '03_load_data_prod', 'load_prod_cost', 'manual__2025-06-23T17:20:51.826398+00:00', '--job-id', '20', '--raw', '--subdir', 'DAGS_FOLDER/03_load_data_prod.py', '--cfg-path', '/tmp/tmpivqowset']
[2025-06-23T17:20:53.558+0000] {standard_task_runner.py:105} INFO - Job 20: Subtask load_prod_cost
[2025-06-23T17:20:53.624+0000] {task_command.py:467} INFO - Running <TaskInstance: 03_load_data_prod.load_prod_cost manual__2025-06-23T17:20:51.826398+00:00 [running]> on host b208c9761688
[2025-06-23T17:20:53.712+0000] {taskinstance.py:3132} INFO - Exporting env vars: AIRFLOW_CTX_DAG_OWNER='***' AIRFLOW_CTX_DAG_ID='03_load_data_prod' AIRFLOW_CTX_TASK_ID='load_prod_cost' AIRFLOW_CTX_EXECUTION_DATE='2025-06-23T17:20:51.826398+00:00' AIRFLOW_CTX_TRY_NUMBER='1' AIRFLOW_CTX_DAG_RUN_ID='manual__2025-06-23T17:20:51.826398+00:00'
[2025-06-23T17:20:53.714+0000] {taskinstance.py:731} INFO - ::endgroup::
[2025-06-23T17:20:54.220+0000] {logging_mixin.py:190} INFO - column begin_date is datetime64[ns, UTC]
[2025-06-23T17:20:54.221+0000] {logging_mixin.py:190} INFO - column end_date is datetime64[ns, UTC]
[2025-06-23T17:20:54.223+0000] {logging_mixin.py:190} INFO - Loading file /opt/***/data/supplies/clean/prod/clean_cost_data.csv to prod sales_db
[2025-06-23T17:20:54.274+0000] {logging_mixin.py:190} INFO - Data in /opt/***/data/supplies/clean/prod/clean_cost_data.csv successfully loaded.
[2025-06-23T17:20:54.275+0000] {python.py:240} INFO - Done. Returned value was: None
[2025-06-23T17:20:54.287+0000] {taskinstance.py:340} INFO - ::group::Post task execution logs
[2025-06-23T17:20:54.288+0000] {taskinstance.py:352} INFO - Marking task as SUCCESS. dag_id=03_load_data_prod, task_id=load_prod_cost, run_id=manual__2025-06-23T17:20:51.826398+00:00, execution_date=20250623T172051, start_date=20250623T172053, end_date=20250623T172054
[2025-06-23T17:20:54.331+0000] {local_task_job_runner.py:266} INFO - Task exited with return code 0
[2025-06-23T17:20:54.343+0000] {local_task_job_runner.py:245} INFO - ::endgroup::
