[2025-05-28T19:07:25.221+0000] {local_task_job_runner.py:123} INFO - ::group::Pre task execution logs
[2025-05-28T19:07:25.241+0000] {taskinstance.py:2613} INFO - Dependencies all met for dep_context=non-requeueable deps ti=<TaskInstance: 04_transform_data.install_dbt_deps manual__2025-05-28T19:07:23.189787+00:00 [queued]>
[2025-05-28T19:07:25.250+0000] {taskinstance.py:2613} INFO - Dependencies all met for dep_context=requeueable deps ti=<TaskInstance: 04_transform_data.install_dbt_deps manual__2025-05-28T19:07:23.189787+00:00 [queued]>
[2025-05-28T19:07:25.251+0000] {taskinstance.py:2866} INFO - Starting attempt 1 of 1
[2025-05-28T19:07:25.263+0000] {taskinstance.py:2889} INFO - Executing <Task(PythonOperator): install_dbt_deps> on 2025-05-28 19:07:23.189787+00:00
[2025-05-28T19:07:25.268+0000] {standard_task_runner.py:72} INFO - Started process 1032 to run task
[2025-05-28T19:07:25.270+0000] {standard_task_runner.py:104} INFO - Running: ['***', 'tasks', 'run', '04_transform_data', 'install_dbt_deps', 'manual__2025-05-28T19:07:23.189787+00:00', '--job-id', '252', '--raw', '--subdir', 'DAGS_FOLDER/04_transform_data.py', '--cfg-path', '/tmp/tmpnf19r79p']
[2025-05-28T19:07:25.273+0000] {standard_task_runner.py:105} INFO - Job 252: Subtask install_dbt_deps
[2025-05-28T19:07:25.326+0000] {task_command.py:467} INFO - Running <TaskInstance: 04_transform_data.install_dbt_deps manual__2025-05-28T19:07:23.189787+00:00 [running]> on host 950204866fda
[2025-05-28T19:07:25.412+0000] {taskinstance.py:3132} INFO - Exporting env vars: AIRFLOW_CTX_DAG_OWNER='***' AIRFLOW_CTX_DAG_ID='04_transform_data' AIRFLOW_CTX_TASK_ID='install_dbt_deps' AIRFLOW_CTX_EXECUTION_DATE='2025-05-28T19:07:23.189787+00:00' AIRFLOW_CTX_TRY_NUMBER='1' AIRFLOW_CTX_DAG_RUN_ID='manual__2025-05-28T19:07:23.189787+00:00'
[2025-05-28T19:07:25.414+0000] {taskinstance.py:731} INFO - ::endgroup::
[2025-05-28T19:07:27.373+0000] {logging_mixin.py:190} INFO - 19:07:27  Running with dbt=1.9.4
[2025-05-28T19:07:28.272+0000] {logging_mixin.py:190} INFO - 19:07:28  Installing dbt-labs/dbt_utils
[2025-05-28T19:07:30.889+0000] {logging_mixin.py:190} INFO - 19:07:30  Installed from version 1.2.0
[2025-05-28T19:07:30.891+0000] {logging_mixin.py:190} INFO - 19:07:30  Updated version available: 1.3.0
[2025-05-28T19:07:30.893+0000] {logging_mixin.py:190} INFO - 19:07:30
[2025-05-28T19:07:30.894+0000] {logging_mixin.py:190} INFO - 19:07:30  Updates available for packages: ['dbt-labs/dbt_utils']                 
Update your versions in packages.yml, then run dbt deps
[2025-05-28T19:07:31.646+0000] {logging_mixin.py:190} INFO - Dependencies sucessfully installed.
[2025-05-28T19:07:31.647+0000] {python.py:240} INFO - Done. Returned value was: None
[2025-05-28T19:07:31.658+0000] {taskinstance.py:340} INFO - ::group::Post task execution logs
[2025-05-28T19:07:31.660+0000] {taskinstance.py:352} INFO - Marking task as SUCCESS. dag_id=04_transform_data, task_id=install_dbt_deps, run_id=manual__2025-05-28T19:07:23.189787+00:00, execution_date=20250528T190723, start_date=20250528T190725, end_date=20250528T190731
[2025-05-28T19:07:31.710+0000] {local_task_job_runner.py:266} INFO - Task exited with return code 0
[2025-05-28T19:07:31.728+0000] {taskinstance.py:3895} INFO - 0 downstream tasks scheduled from follow-on schedule check
[2025-05-28T19:07:31.731+0000] {local_task_job_runner.py:245} INFO - ::endgroup::
