[2025-06-12T00:18:42.809+0000] {local_task_job_runner.py:123} INFO - ::group::Pre task execution logs
[2025-06-12T00:18:42.828+0000] {taskinstance.py:2613} INFO - Dependencies all met for dep_context=non-requeueable deps ti=<TaskInstance: 03_load_data_prod.load_shopee manual__2025-06-12T00:18:40.334150+00:00 [queued]>
[2025-06-12T00:18:42.838+0000] {taskinstance.py:2613} INFO - Dependencies all met for dep_context=requeueable deps ti=<TaskInstance: 03_load_data_prod.load_shopee manual__2025-06-12T00:18:40.334150+00:00 [queued]>
[2025-06-12T00:18:42.840+0000] {taskinstance.py:2866} INFO - Starting attempt 1 of 1
[2025-06-12T00:18:42.853+0000] {taskinstance.py:2889} INFO - Executing <Task(PythonOperator): load_shopee> on 2025-06-12 00:18:40.334150+00:00
[2025-06-12T00:18:42.859+0000] {standard_task_runner.py:72} INFO - Started process 9024 to run task
[2025-06-12T00:18:42.863+0000] {standard_task_runner.py:104} INFO - Running: ['***', 'tasks', 'run', '03_load_data_prod', 'load_shopee', 'manual__2025-06-12T00:18:40.334150+00:00', '--job-id', '1002', '--raw', '--subdir', 'DAGS_FOLDER/03_load_data_prod.py', '--cfg-path', '/tmp/tmpfwb5drsv']
[2025-06-12T00:18:42.866+0000] {standard_task_runner.py:105} INFO - Job 1002: Subtask load_shopee
[2025-06-12T00:18:42.932+0000] {task_command.py:467} INFO - Running <TaskInstance: 03_load_data_prod.load_shopee manual__2025-06-12T00:18:40.334150+00:00 [running]> on host 28e6a58e4107
[2025-06-12T00:18:43.026+0000] {taskinstance.py:3132} INFO - Exporting env vars: AIRFLOW_CTX_DAG_OWNER='***' AIRFLOW_CTX_DAG_ID='03_load_data_prod' AIRFLOW_CTX_TASK_ID='load_shopee' AIRFLOW_CTX_EXECUTION_DATE='2025-06-12T00:18:40.334150+00:00' AIRFLOW_CTX_TRY_NUMBER='1' AIRFLOW_CTX_DAG_RUN_ID='manual__2025-06-12T00:18:40.334150+00:00'
[2025-06-12T00:18:43.027+0000] {taskinstance.py:731} INFO - ::endgroup::
[2025-06-12T00:18:43.946+0000] {logging_mixin.py:190} INFO - Loading file ./extraction/shopee/data/raw/prod/Order.completed.20250501_20250531.xlsx to prod sales_db
[2025-06-12T00:18:44.052+0000] {logging_mixin.py:190} INFO - Data in ./extraction/shopee/data/raw/prod/Order.completed.20250501_20250531.xlsx successfully loaded.
[2025-06-12T00:18:44.053+0000] {logging_mixin.py:190} INFO - [WARNING] - file ./extraction/shopee/data/raw/prod/temp.txt does not have .xlsx extension and could not be loaded.
[2025-06-12T00:18:44.054+0000] {logging_mixin.py:190} INFO - All data successfully loaded!
[2025-06-12T00:18:44.055+0000] {python.py:240} INFO - Done. Returned value was: 1
[2025-06-12T00:18:44.082+0000] {taskinstance.py:340} INFO - ::group::Post task execution logs
[2025-06-12T00:18:44.083+0000] {taskinstance.py:352} INFO - Marking task as SUCCESS. dag_id=03_load_data_prod, task_id=load_shopee, run_id=manual__2025-06-12T00:18:40.334150+00:00, execution_date=20250612T001840, start_date=20250612T001842, end_date=20250612T001844
[2025-06-12T00:18:44.121+0000] {local_task_job_runner.py:266} INFO - Task exited with return code 0
[2025-06-12T00:18:44.138+0000] {taskinstance.py:3895} INFO - 0 downstream tasks scheduled from follow-on schedule check
[2025-06-12T00:18:44.140+0000] {local_task_job_runner.py:245} INFO - ::endgroup::
