[2025-06-06T20:55:22.846+0000] {local_task_job_runner.py:123} INFO - ::group::Pre task execution logs
[2025-06-06T20:55:22.864+0000] {taskinstance.py:2613} INFO - Dependencies all met for dep_context=non-requeueable deps ti=<TaskInstance: 05_transform_data.run_dbt manual__2025-06-06T20:55:08.386400+00:00 [queued]>
[2025-06-06T20:55:22.871+0000] {taskinstance.py:2613} INFO - Dependencies all met for dep_context=requeueable deps ti=<TaskInstance: 05_transform_data.run_dbt manual__2025-06-06T20:55:08.386400+00:00 [queued]>
[2025-06-06T20:55:22.872+0000] {taskinstance.py:2866} INFO - Starting attempt 1 of 1
[2025-06-06T20:55:22.883+0000] {taskinstance.py:2889} INFO - Executing <Task(PythonOperator): run_dbt> on 2025-06-06 20:55:08.386400+00:00
[2025-06-06T20:55:22.887+0000] {standard_task_runner.py:72} INFO - Started process 5324 to run task
[2025-06-06T20:55:22.890+0000] {standard_task_runner.py:104} INFO - Running: ['***', 'tasks', 'run', '05_transform_data', 'run_dbt', 'manual__2025-06-06T20:55:08.386400+00:00', '--job-id', '450', '--raw', '--subdir', 'DAGS_FOLDER/05_transform_data.py', '--cfg-path', '/tmp/tmpsujbew92']
[2025-06-06T20:55:22.892+0000] {standard_task_runner.py:105} INFO - Job 450: Subtask run_dbt
[2025-06-06T20:55:22.942+0000] {task_command.py:467} INFO - Running <TaskInstance: 05_transform_data.run_dbt manual__2025-06-06T20:55:08.386400+00:00 [running]> on host 28e6a58e4107
[2025-06-06T20:55:23.025+0000] {taskinstance.py:3132} INFO - Exporting env vars: AIRFLOW_CTX_DAG_OWNER='***' AIRFLOW_CTX_DAG_ID='05_transform_data' AIRFLOW_CTX_TASK_ID='run_dbt' AIRFLOW_CTX_EXECUTION_DATE='2025-06-06T20:55:08.386400+00:00' AIRFLOW_CTX_TRY_NUMBER='1' AIRFLOW_CTX_DAG_RUN_ID='manual__2025-06-06T20:55:08.386400+00:00'
[2025-06-06T20:55:23.027+0000] {taskinstance.py:731} INFO - ::endgroup::
[2025-06-06T20:55:24.514+0000] {logging_mixin.py:190} INFO - 20:55:24  Running with dbt=1.9.5
[2025-06-06T20:55:24.875+0000] {logging_mixin.py:190} INFO - 20:55:24  Registered adapter: postgres=1.9.0
[2025-06-06T20:55:26.169+0000] {logging_mixin.py:190} INFO - 20:55:26  [WARNING]: Configuration paths exist in your dbt_project.yml file which do not apply to any resources.
There are 1 unused configuration paths:
- models.e_commerce_sales.example
[2025-06-06T20:55:26.521+0000] {logging_mixin.py:190} INFO - 20:55:26  Found 15 models, 12 sources, 549 macros, 1 unit test
[2025-06-06T20:55:26.526+0000] {logging_mixin.py:190} INFO - 20:55:26
[2025-06-06T20:55:26.528+0000] {logging_mixin.py:190} INFO - 20:55:26  Concurrency: 4 threads (target='dev')
[2025-06-06T20:55:26.529+0000] {logging_mixin.py:190} INFO - 20:55:26
[2025-06-06T20:55:26.684+0000] {logging_mixin.py:190} INFO - 20:55:26  1 of 15 START sql incremental model sales.mercadolivre_orders_results .......... [RUN]
[2025-06-06T20:55:26.686+0000] {logging_mixin.py:190} INFO - 20:55:26  2 of 15 START sql incremental model sales.stg_shopee ........................... [RUN]
[2025-06-06T20:55:26.985+0000] {logging_mixin.py:190} INFO - 20:55:26  2 of 15 OK created sql incremental model sales.stg_shopee ...................... [SELECT 2875 in 0.29s]
[2025-06-06T20:55:26.991+0000] {logging_mixin.py:190} INFO - 20:55:26  3 of 15 START sql incremental model sales.shopee_new_id ........................ [RUN]
[2025-06-06T20:55:27.074+0000] {logging_mixin.py:190} INFO - 20:55:27  3 of 15 OK created sql incremental model sales.shopee_new_id ................... [SELECT 2875 in 0.08s]
[2025-06-06T20:55:27.079+0000] {logging_mixin.py:190} INFO - 20:55:27  4 of 15 START sql incremental model sales.shopee_orders_results ................ [RUN]
[2025-06-06T20:55:27.819+0000] {logging_mixin.py:190} INFO - 20:55:27  4 of 15 OK created sql incremental model sales.shopee_orders_results ........... [SELECT 2679 in 0.74s]
[2025-06-06T20:55:27.827+0000] {logging_mixin.py:190} INFO - 20:55:27  5 of 15 START sql incremental model sales.dim_shopee_buyer ..................... [RUN]
[2025-06-06T20:55:27.829+0000] {logging_mixin.py:190} INFO - 20:55:27  6 of 15 START sql incremental model sales.dim_shopee_date ...................... [RUN]
[2025-06-06T20:55:27.830+0000] {logging_mixin.py:190} INFO - 20:55:27  7 of 15 START sql incremental model sales.dim_shopee_orders_status ............. [RUN]
[2025-06-06T20:55:27.964+0000] {logging_mixin.py:190} INFO - 20:55:27  5 of 15 OK created sql incremental model sales.dim_shopee_buyer ................ [SELECT 2571 in 0.13s]
[2025-06-06T20:55:27.966+0000] {logging_mixin.py:190} INFO - 20:55:27  7 of 15 OK created sql incremental model sales.dim_shopee_orders_status ........ [SELECT 2679 in 0.13s]
[2025-06-06T20:55:27.972+0000] {logging_mixin.py:190} INFO - 20:55:27  8 of 15 START sql incremental model sales.dim_shopee_product ................... [RUN]
[2025-06-06T20:55:28.042+0000] {logging_mixin.py:190} INFO - 20:55:28  8 of 15 OK created sql incremental model sales.dim_shopee_product .............. [SELECT 180 in 0.07s]
[2025-06-06T20:55:28.615+0000] {logging_mixin.py:190} INFO - 20:55:28  6 of 15 OK created sql incremental model sales.dim_shopee_date ................. [SELECT 2679 in 0.78s]
[2025-06-06T20:55:28.622+0000] {logging_mixin.py:190} INFO - 20:55:28  9 of 15 START sql view model sales.sum_shopee_monthly_profit ................... [RUN]
[2025-06-06T20:55:28.624+0000] {logging_mixin.py:190} INFO - 20:55:28  10 of 15 START sql view model sales.sum_shopee_monthly_revenue ................. [RUN]
[2025-06-06T20:55:28.626+0000] {logging_mixin.py:190} INFO - 20:55:28  11 of 15 START sql view model sales.sum_shopee_products_sold ................... [RUN]
[2025-06-06T20:55:28.832+0000] {logging_mixin.py:190} INFO - 20:55:28  9 of 15 OK created sql view model sales.sum_shopee_monthly_profit .............. [CREATE VIEW in 0.20s]
[2025-06-06T20:55:28.835+0000] {logging_mixin.py:190} INFO - 20:55:28  10 of 15 OK created sql view model sales.sum_shopee_monthly_revenue ............ [CREATE VIEW in 0.20s]
[2025-06-06T20:55:28.836+0000] {logging_mixin.py:190} INFO - 20:55:28  11 of 15 OK created sql view model sales.sum_shopee_products_sold .............. [CREATE VIEW in 0.20s]
[2025-06-06T20:55:29.967+0000] {logging_mixin.py:190} INFO - 20:55:29  1 of 15 OK created sql incremental model sales.mercadolivre_orders_results ..... [MERGE 190 in 3.28s]
[2025-06-06T20:55:29.974+0000] {logging_mixin.py:190} INFO - 20:55:29  12 of 15 START sql incremental model sales.dim_mercadolivre_buyer .............. [RUN]
[2025-06-06T20:55:29.976+0000] {logging_mixin.py:190} INFO - 20:55:29  13 of 15 START sql incremental model sales.dim_mercadolivre_date ............... [RUN]
[2025-06-06T20:55:29.978+0000] {logging_mixin.py:190} INFO - 20:55:29  14 of 15 START sql incremental model sales.dim_mercadolivre_orders_status ...... [RUN]
[2025-06-06T20:55:29.979+0000] {logging_mixin.py:190} INFO - 20:55:29  15 of 15 START sql incremental model sales.dim_mercadolivre_product ............ [RUN]
[2025-06-06T20:55:30.200+0000] {logging_mixin.py:190} INFO - 20:55:30  14 of 15 OK created sql incremental model sales.dim_mercadolivre_orders_status . [MERGE 190 in 0.21s]
[2025-06-06T20:55:30.214+0000] {logging_mixin.py:190} INFO - 20:55:30  12 of 15 OK created sql incremental model sales.dim_mercadolivre_buyer ......... [MERGE 188 in 0.23s]
[2025-06-06T20:55:30.900+0000] {logging_mixin.py:190} INFO - 20:55:30  13 of 15 OK created sql incremental model sales.dim_mercadolivre_date .......... [MERGE 190 in 0.92s]
[2025-06-06T20:55:31.713+0000] {logging_mixin.py:190} INFO - 20:55:31  15 of 15 OK created sql incremental model sales.dim_mercadolivre_product ....... [MERGE 65 in 1.73s]
[2025-06-06T20:55:31.739+0000] {logging_mixin.py:190} INFO - 20:55:31
[2025-06-06T20:55:31.740+0000] {logging_mixin.py:190} INFO - 20:55:31  Finished running 12 incremental models, 3 view models in 0 hours 0 minutes and 5.21 seconds (5.21s).
[2025-06-06T20:55:31.825+0000] {logging_mixin.py:190} INFO - 20:55:31
[2025-06-06T20:55:31.827+0000] {logging_mixin.py:190} INFO - 20:55:31  Completed successfully
[2025-06-06T20:55:31.828+0000] {logging_mixin.py:190} INFO - 20:55:31
[2025-06-06T20:55:31.829+0000] {logging_mixin.py:190} INFO - 20:55:31  Done. PASS=15 WARN=0 ERROR=0 SKIP=0 TOTAL=15
[2025-06-06T20:55:32.699+0000] {logging_mixin.py:190} INFO - Transformation sucessfully done.
[2025-06-06T20:55:32.703+0000] {python.py:240} INFO - Done. Returned value was: None
[2025-06-06T20:55:32.716+0000] {taskinstance.py:340} INFO - ::group::Post task execution logs
[2025-06-06T20:55:32.718+0000] {taskinstance.py:352} INFO - Marking task as SUCCESS. dag_id=05_transform_data, task_id=run_dbt, run_id=manual__2025-06-06T20:55:08.386400+00:00, execution_date=20250606T205508, start_date=20250606T205522, end_date=20250606T205532
[2025-06-06T20:55:32.749+0000] {local_task_job_runner.py:266} INFO - Task exited with return code 0
[2025-06-06T20:55:32.767+0000] {taskinstance.py:3895} INFO - 0 downstream tasks scheduled from follow-on schedule check
[2025-06-06T20:55:32.770+0000] {local_task_job_runner.py:245} INFO - ::endgroup::
