[2025-06-23T17:30:33.873+0000] {local_task_job_runner.py:123} INFO - ::group::Pre task execution logs
[2025-06-23T17:30:33.891+0000] {taskinstance.py:2613} INFO - Dependencies all met for dep_context=non-requeueable deps ti=<TaskInstance: 05_transform_data_prod.install_dbt_deps manual__2025-06-23T17:30:32.521308+00:00 [queued]>
[2025-06-23T17:30:33.899+0000] {taskinstance.py:2613} INFO - Dependencies all met for dep_context=requeueable deps ti=<TaskInstance: 05_transform_data_prod.install_dbt_deps manual__2025-06-23T17:30:32.521308+00:00 [queued]>
[2025-06-23T17:30:33.900+0000] {taskinstance.py:2866} INFO - Starting attempt 1 of 1
[2025-06-23T17:30:33.911+0000] {taskinstance.py:2889} INFO - Executing <Task(PythonOperator): install_dbt_deps> on 2025-06-23 17:30:32.521308+00:00
[2025-06-23T17:30:33.915+0000] {standard_task_runner.py:72} INFO - Started process 2468 to run task
[2025-06-23T17:30:33.918+0000] {standard_task_runner.py:104} INFO - Running: ['***', 'tasks', 'run', '05_transform_data_prod', 'install_dbt_deps', 'manual__2025-06-23T17:30:32.521308+00:00', '--job-id', '30', '--raw', '--subdir', 'DAGS_FOLDER/05_transform_data_prod.py', '--cfg-path', '/tmp/tmppzkjiip2']
[2025-06-23T17:30:33.920+0000] {standard_task_runner.py:105} INFO - Job 30: Subtask install_dbt_deps
[2025-06-23T17:30:33.971+0000] {task_command.py:467} INFO - Running <TaskInstance: 05_transform_data_prod.install_dbt_deps manual__2025-06-23T17:30:32.521308+00:00 [running]> on host b208c9761688
[2025-06-23T17:30:34.050+0000] {taskinstance.py:3132} INFO - Exporting env vars: AIRFLOW_CTX_DAG_OWNER='***' AIRFLOW_CTX_DAG_ID='05_transform_data_prod' AIRFLOW_CTX_TASK_ID='install_dbt_deps' AIRFLOW_CTX_EXECUTION_DATE='2025-06-23T17:30:32.521308+00:00' AIRFLOW_CTX_TRY_NUMBER='1' AIRFLOW_CTX_DAG_RUN_ID='manual__2025-06-23T17:30:32.521308+00:00'
[2025-06-23T17:30:34.052+0000] {taskinstance.py:731} INFO - ::endgroup::
[2025-06-23T17:30:35.763+0000] {logging_mixin.py:190} INFO - 17:30:35  Running with dbt=1.9.5
[2025-06-23T17:30:36.663+0000] {logging_mixin.py:190} INFO - 17:30:36  Installing dbt-labs/dbt_utils
[2025-06-23T17:30:39.397+0000] {logging_mixin.py:190} INFO - 17:30:39  Installed from version 1.2.0
[2025-06-23T17:30:39.399+0000] {logging_mixin.py:190} INFO - 17:30:39  Updated version available: 1.3.0
[2025-06-23T17:30:39.401+0000] {logging_mixin.py:190} INFO - 17:30:39
[2025-06-23T17:30:39.402+0000] {logging_mixin.py:190} INFO - 17:30:39  Updates available for packages: ['dbt-labs/dbt_utils']                 
Update your versions in packages.yml, then run dbt deps
[2025-06-23T17:30:40.074+0000] {logging_mixin.py:190} INFO - Dependencies sucessfully installed.
[2025-06-23T17:30:40.075+0000] {python.py:240} INFO - Done. Returned value was: None
[2025-06-23T17:30:40.088+0000] {taskinstance.py:340} INFO - ::group::Post task execution logs
[2025-06-23T17:30:40.089+0000] {taskinstance.py:352} INFO - Marking task as SUCCESS. dag_id=05_transform_data_prod, task_id=install_dbt_deps, run_id=manual__2025-06-23T17:30:32.521308+00:00, execution_date=20250623T173032, start_date=20250623T173033, end_date=20250623T173040
[2025-06-23T17:30:40.116+0000] {local_task_job_runner.py:266} INFO - Task exited with return code 0
[2025-06-23T17:30:40.136+0000] {taskinstance.py:3895} INFO - 1 downstream tasks scheduled from follow-on schedule check
[2025-06-23T17:30:40.139+0000] {local_task_job_runner.py:245} INFO - ::endgroup::
