[2025-06-23T17:38:00.776+0000] {local_task_job_runner.py:123} INFO - ::group::Pre task execution logs
[2025-06-23T17:38:00.796+0000] {taskinstance.py:2613} INFO - Dependencies all met for dep_context=non-requeueable deps ti=<TaskInstance: 03_load_data_prod.load_mercadolivre manual__2025-06-23T17:37:58.288392+00:00 [queued]>
[2025-06-23T17:38:00.805+0000] {taskinstance.py:2613} INFO - Dependencies all met for dep_context=requeueable deps ti=<TaskInstance: 03_load_data_prod.load_mercadolivre manual__2025-06-23T17:37:58.288392+00:00 [queued]>
[2025-06-23T17:38:00.806+0000] {taskinstance.py:2866} INFO - Starting attempt 1 of 1
[2025-06-23T17:38:00.820+0000] {taskinstance.py:2889} INFO - Executing <Task(PythonOperator): load_mercadolivre> on 2025-06-23 17:37:58.288392+00:00
[2025-06-23T17:38:00.825+0000] {standard_task_runner.py:72} INFO - Started process 2650 to run task
[2025-06-23T17:38:00.828+0000] {standard_task_runner.py:104} INFO - Running: ['***', 'tasks', 'run', '03_load_data_prod', 'load_mercadolivre', 'manual__2025-06-23T17:37:58.288392+00:00', '--job-id', '47', '--raw', '--subdir', 'DAGS_FOLDER/03_load_data_prod.py', '--cfg-path', '/tmp/tmp_3adqu0o']
[2025-06-23T17:38:00.831+0000] {standard_task_runner.py:105} INFO - Job 47: Subtask load_mercadolivre
[2025-06-23T17:38:00.903+0000] {task_command.py:467} INFO - Running <TaskInstance: 03_load_data_prod.load_mercadolivre manual__2025-06-23T17:37:58.288392+00:00 [running]> on host b208c9761688
[2025-06-23T17:38:01.006+0000] {taskinstance.py:3132} INFO - Exporting env vars: AIRFLOW_CTX_DAG_OWNER='***' AIRFLOW_CTX_DAG_ID='03_load_data_prod' AIRFLOW_CTX_TASK_ID='load_mercadolivre' AIRFLOW_CTX_EXECUTION_DATE='2025-06-23T17:37:58.288392+00:00' AIRFLOW_CTX_TRY_NUMBER='1' AIRFLOW_CTX_DAG_RUN_ID='manual__2025-06-23T17:37:58.288392+00:00'
[2025-06-23T17:38:01.007+0000] {taskinstance.py:731} INFO - ::endgroup::
[2025-06-23T17:38:01.785+0000] {warnings.py:109} WARNING - /home/***/.local/lib/python3.9/site-packages/dlt/helpers/dbt/__init__.py:3: UserWarning: pkg_resources is deprecated as an API. See https://setuptools.pypa.io/en/latest/pkg_resources.html. The pkg_resources package is slated for removal as early as 2025-11-30. Refrain from using this package or pin to Setuptools<81.
  import pkg_resources

[2025-06-23T17:38:02.094+0000] {config_providers_context.py:156} WARNING - Airflow variable 'dlt_secrets_toml' was not found. This Airflow variable is a recommended place to hold the content of secrets.toml.If you do not use Airflow variables to hold dlt configuration or use variables with other names you can ignore this warning.
[2025-06-23T17:38:04.155+0000] {logging_mixin.py:190} INFO - trying to load /opt/***/data/mercadolivre/raw/prod/ml_sell_data_2024-05-01T00:00:00.000-03:00_2025-06-01T00:00:00.000-03:00_0.json to sales_db
[2025-06-23T17:38:06.987+0000] {logging_mixin.py:190} INFO - Pipeline mercadolivre_data load step completed in 0.17 seconds
1 load package(s) were loaded to destination postgres and into dataset entry
The postgres destination used postgresql://***:***@pgdatabase:5432/sales_db location to store data
Load package 1750700285.3321726 is LOADED and contains no failed jobs
[2025-06-23T17:38:06.989+0000] {logging_mixin.py:190} INFO - Run started at 2025-06-23 17:38:04.156274+00:00 and COMPLETED in 2.83 seconds with 4 steps.
Step extract COMPLETED in 0.81 seconds.

Load package 1750700285.3321726 is EXTRACTED and NOT YET LOADED to the destination and contains no failed jobs

Step normalize COMPLETED in 0.46 seconds.
Normalized data for the following tables:
- entry_mercadolivre: 50 row(s)
- entry_mercadolivre__payments: 52 row(s)
- entry_mercadolivre__payments__available_actions: 52 row(s)
- entry_mercadolivre__order_items: 50 row(s)
- entry_mercadolivre__tags: 118 row(s)
- entry_mercadolivre__order_items__item__variation_attributes: 44 row(s)
- entry_mercadolivre__mediations: 2 row(s)
- entry_mercadolivre__context__flows: 9 row(s)

Load package 1750700285.3321726 is NORMALIZED and NOT YET LOADED to the destination and contains no failed jobs

Step load COMPLETED in 0.41 seconds.
Pipeline mercadolivre_data load step completed in 0.17 seconds
1 load package(s) were loaded to destination postgres and into dataset entry
The postgres destination used postgresql://***:***@pgdatabase:5432/sales_db location to store data
Load package 1750700285.3321726 is LOADED and contains no failed jobs

Step run COMPLETED in 2.83 seconds.
Pipeline mercadolivre_data load step completed in 0.17 seconds
1 load package(s) were loaded to destination postgres and into dataset entry
The postgres destination used postgresql://***:***@pgdatabase:5432/sales_db location to store data
Load package 1750700285.3321726 is LOADED and contains no failed jobs
[2025-06-23T17:38:06.995+0000] {logging_mixin.py:190} INFO - trying to load /opt/***/data/mercadolivre/raw/prod/ml_sell_data_2024-05-01T00:00:00.000-03:00_2025-06-01T00:00:00.000-03:00_1.json to sales_db
[2025-06-23T17:38:08.320+0000] {logging_mixin.py:190} INFO - Pipeline mercadolivre_data load step completed in 1.10 seconds
1 load package(s) were loaded to destination postgres and into dataset entry
The postgres destination used postgresql://***:***@pgdatabase:5432/sales_db location to store data
Load package 1750700287.0560825 is LOADED and contains no failed jobs
[2025-06-23T17:38:08.322+0000] {logging_mixin.py:190} INFO - Run started at 2025-06-23 17:38:06.996771+00:00 and COMPLETED in 1.32 seconds with 4 steps.
Step extract COMPLETED in 0.06 seconds.

Load package 1750700287.0560825 is EXTRACTED and NOT YET LOADED to the destination and contains no failed jobs

Step normalize COMPLETED in 0.10 seconds.
Normalized data for the following tables:
- entry_mercadolivre: 50 row(s)
- entry_mercadolivre__payments: 53 row(s)
- entry_mercadolivre__payments__available_actions: 53 row(s)
- entry_mercadolivre__order_items: 50 row(s)
- entry_mercadolivre__tags: 135 row(s)
- entry_mercadolivre__context__flows: 19 row(s)
- entry_mercadolivre__order_items__item__variation_attributes: 27 row(s)
- entry_mercadolivre__mediations: 3 row(s)

Load package 1750700287.0560825 is NORMALIZED and NOT YET LOADED to the destination and contains no failed jobs

Step load COMPLETED in 1.14 seconds.
Pipeline mercadolivre_data load step completed in 1.10 seconds
1 load package(s) were loaded to destination postgres and into dataset entry
The postgres destination used postgresql://***:***@pgdatabase:5432/sales_db location to store data
Load package 1750700287.0560825 is LOADED and contains no failed jobs

Step run COMPLETED in 1.32 seconds.
Pipeline mercadolivre_data load step completed in 1.10 seconds
1 load package(s) were loaded to destination postgres and into dataset entry
The postgres destination used postgresql://***:***@pgdatabase:5432/sales_db location to store data
Load package 1750700287.0560825 is LOADED and contains no failed jobs
[2025-06-23T17:38:08.327+0000] {logging_mixin.py:190} INFO - trying to load /opt/***/data/mercadolivre/raw/prod/ml_sell_data_2024-05-01T00:00:00.000-03:00_2025-06-01T00:00:00.000-03:00_2.json to sales_db
[2025-06-23T17:38:08.658+0000] {logging_mixin.py:190} INFO - Pipeline mercadolivre_data load step completed in 0.10 seconds
1 load package(s) were loaded to destination postgres and into dataset entry
The postgres destination used postgresql://***:***@pgdatabase:5432/sales_db location to store data
Load package 1750700288.3870661 is LOADED and contains no failed jobs
[2025-06-23T17:38:08.660+0000] {logging_mixin.py:190} INFO - Run started at 2025-06-23 17:38:08.329122+00:00 and COMPLETED in 0.33 seconds with 4 steps.
Step extract COMPLETED in 0.06 seconds.

Load package 1750700288.3870661 is EXTRACTED and NOT YET LOADED to the destination and contains no failed jobs

Step normalize COMPLETED in 0.10 seconds.
Normalized data for the following tables:
- entry_mercadolivre: 50 row(s)
- entry_mercadolivre__payments: 55 row(s)
- entry_mercadolivre__payments__available_actions: 55 row(s)
- entry_mercadolivre__order_items: 50 row(s)
- entry_mercadolivre__order_items__item__variation_attributes: 43 row(s)
- entry_mercadolivre__tags: 144 row(s)
- entry_mercadolivre__mediations: 6 row(s)
- entry_mercadolivre__context__flows: 10 row(s)

Load package 1750700288.3870661 is NORMALIZED and NOT YET LOADED to the destination and contains no failed jobs

Step load COMPLETED in 0.14 seconds.
Pipeline mercadolivre_data load step completed in 0.10 seconds
1 load package(s) were loaded to destination postgres and into dataset entry
The postgres destination used postgresql://***:***@pgdatabase:5432/sales_db location to store data
Load package 1750700288.3870661 is LOADED and contains no failed jobs

Step run COMPLETED in 0.33 seconds.
Pipeline mercadolivre_data load step completed in 0.10 seconds
1 load package(s) were loaded to destination postgres and into dataset entry
The postgres destination used postgresql://***:***@pgdatabase:5432/sales_db location to store data
Load package 1750700288.3870661 is LOADED and contains no failed jobs
[2025-06-23T17:38:08.665+0000] {logging_mixin.py:190} INFO - trying to load /opt/***/data/mercadolivre/raw/prod/ml_sell_data_2024-05-01T00:00:00.000-03:00_2025-06-01T00:00:00.000-03:00_3.json to sales_db
[2025-06-23T17:38:09.001+0000] {logging_mixin.py:190} INFO - Pipeline mercadolivre_data load step completed in 0.10 seconds
1 load package(s) were loaded to destination postgres and into dataset entry
The postgres destination used postgresql://***:***@pgdatabase:5432/sales_db location to store data
Load package 1750700288.7267148 is LOADED and contains no failed jobs
[2025-06-23T17:38:09.003+0000] {logging_mixin.py:190} INFO - Run started at 2025-06-23 17:38:08.666563+00:00 and COMPLETED in 0.33 seconds with 4 steps.
Step extract COMPLETED in 0.06 seconds.

Load package 1750700288.7267148 is EXTRACTED and NOT YET LOADED to the destination and contains no failed jobs

Step normalize COMPLETED in 0.11 seconds.
Normalized data for the following tables:
- entry_mercadolivre: 50 row(s)
- entry_mercadolivre__payments: 52 row(s)
- entry_mercadolivre__payments__available_actions: 52 row(s)
- entry_mercadolivre__order_items: 50 row(s)
- entry_mercadolivre__order_items__item__variation_attributes: 47 row(s)
- entry_mercadolivre__tags: 165 row(s)
- entry_mercadolivre__context__flows: 16 row(s)
- entry_mercadolivre__mediations: 9 row(s)

Load package 1750700288.7267148 is NORMALIZED and NOT YET LOADED to the destination and contains no failed jobs

Step load COMPLETED in 0.14 seconds.
Pipeline mercadolivre_data load step completed in 0.10 seconds
1 load package(s) were loaded to destination postgres and into dataset entry
The postgres destination used postgresql://***:***@pgdatabase:5432/sales_db location to store data
Load package 1750700288.7267148 is LOADED and contains no failed jobs

Step run COMPLETED in 0.33 seconds.
Pipeline mercadolivre_data load step completed in 0.10 seconds
1 load package(s) were loaded to destination postgres and into dataset entry
The postgres destination used postgresql://***:***@pgdatabase:5432/sales_db location to store data
Load package 1750700288.7267148 is LOADED and contains no failed jobs
[2025-06-23T17:38:09.008+0000] {logging_mixin.py:190} INFO - trying to load /opt/***/data/mercadolivre/raw/prod/ml_sell_data_2024-05-01T00:00:00.000-03:00_2025-06-01T00:00:00.000-03:00_4.json to sales_db
[2025-06-23T17:38:10.335+0000] {logging_mixin.py:190} INFO - Pipeline mercadolivre_data load step completed in 1.10 seconds
1 load package(s) were loaded to destination postgres and into dataset entry
The postgres destination used postgresql://***:***@pgdatabase:5432/sales_db location to store data
Load package 1750700289.0671613 is LOADED and contains no failed jobs
[2025-06-23T17:38:10.337+0000] {logging_mixin.py:190} INFO - Run started at 2025-06-23 17:38:09.009168+00:00 and COMPLETED in 1.32 seconds with 4 steps.
Step extract COMPLETED in 0.06 seconds.

Load package 1750700289.0671613 is EXTRACTED and NOT YET LOADED to the destination and contains no failed jobs

Step normalize COMPLETED in 0.10 seconds.
Normalized data for the following tables:
- entry_mercadolivre: 50 row(s)
- entry_mercadolivre__payments: 53 row(s)
- entry_mercadolivre__payments__available_actions: 53 row(s)
- entry_mercadolivre__order_items: 50 row(s)
- entry_mercadolivre__order_items__item__variation_attributes: 53 row(s)
- entry_mercadolivre__tags: 154 row(s)
- entry_mercadolivre__mediations: 5 row(s)
- entry_mercadolivre__context__flows: 5 row(s)

Load package 1750700289.0671613 is NORMALIZED and NOT YET LOADED to the destination and contains no failed jobs

Step load COMPLETED in 1.13 seconds.
Pipeline mercadolivre_data load step completed in 1.10 seconds
1 load package(s) were loaded to destination postgres and into dataset entry
The postgres destination used postgresql://***:***@pgdatabase:5432/sales_db location to store data
Load package 1750700289.0671613 is LOADED and contains no failed jobs

Step run COMPLETED in 1.32 seconds.
Pipeline mercadolivre_data load step completed in 1.10 seconds
1 load package(s) were loaded to destination postgres and into dataset entry
The postgres destination used postgresql://***:***@pgdatabase:5432/sales_db location to store data
Load package 1750700289.0671613 is LOADED and contains no failed jobs
[2025-06-23T17:38:10.341+0000] {logging_mixin.py:190} INFO - trying to load /opt/***/data/mercadolivre/raw/prod/ml_sell_data_2024-05-01T00:00:00.000-03:00_2025-06-01T00:00:00.000-03:00_5.json to sales_db
[2025-06-23T17:38:11.694+0000] {logging_mixin.py:190} INFO - Pipeline mercadolivre_data load step completed in 1.11 seconds
1 load package(s) were loaded to destination postgres and into dataset entry
The postgres destination used postgresql://***:***@pgdatabase:5432/sales_db location to store data
Load package 1750700290.4007988 is LOADED and contains no failed jobs
[2025-06-23T17:38:11.695+0000] {logging_mixin.py:190} INFO - Run started at 2025-06-23 17:38:10.343091+00:00 and COMPLETED in 1.35 seconds with 4 steps.
Step extract COMPLETED in 0.06 seconds.

Load package 1750700290.4007988 is EXTRACTED and NOT YET LOADED to the destination and contains no failed jobs

Step normalize COMPLETED in 0.12 seconds.
Normalized data for the following tables:
- entry_mercadolivre: 50 row(s)
- entry_mercadolivre__payments: 52 row(s)
- entry_mercadolivre__payments__available_actions: 52 row(s)
- entry_mercadolivre__order_items: 50 row(s)
- entry_mercadolivre__order_items__item__variation_attributes: 49 row(s)
- entry_mercadolivre__tags: 134 row(s)
- entry_mercadolivre__context__flows: 6 row(s)
- entry_mercadolivre__mediations: 2 row(s)

Load package 1750700290.4007988 is NORMALIZED and NOT YET LOADED to the destination and contains no failed jobs

Step load COMPLETED in 1.14 seconds.
Pipeline mercadolivre_data load step completed in 1.11 seconds
1 load package(s) were loaded to destination postgres and into dataset entry
The postgres destination used postgresql://***:***@pgdatabase:5432/sales_db location to store data
Load package 1750700290.4007988 is LOADED and contains no failed jobs

Step run COMPLETED in 1.35 seconds.
Pipeline mercadolivre_data load step completed in 1.11 seconds
1 load package(s) were loaded to destination postgres and into dataset entry
The postgres destination used postgresql://***:***@pgdatabase:5432/sales_db location to store data
Load package 1750700290.4007988 is LOADED and contains no failed jobs
[2025-06-23T17:38:11.699+0000] {logging_mixin.py:190} INFO - trying to load /opt/***/data/mercadolivre/raw/prod/ml_sell_data_2024-05-01T00:00:00.000-03:00_2025-06-01T00:00:00.000-03:00_6.json to sales_db
[2025-06-23T17:38:12.991+0000] {logging_mixin.py:190} INFO - Pipeline mercadolivre_data load step completed in 1.10 seconds
1 load package(s) were loaded to destination postgres and into dataset entry
The postgres destination used postgresql://***:***@pgdatabase:5432/sales_db location to store data
Load package 1750700291.7633758 is LOADED and contains no failed jobs
[2025-06-23T17:38:12.993+0000] {logging_mixin.py:190} INFO - Run started at 2025-06-23 17:38:11.700413+00:00 and COMPLETED in 1.29 seconds with 4 steps.
Step extract COMPLETED in 0.07 seconds.

Load package 1750700291.7633758 is EXTRACTED and NOT YET LOADED to the destination and contains no failed jobs

Step normalize COMPLETED in 0.06 seconds.
Normalized data for the following tables:
- entry_mercadolivre: 2 row(s)
- entry_mercadolivre__payments: 2 row(s)
- entry_mercadolivre__payments__available_actions: 2 row(s)
- entry_mercadolivre__order_items: 2 row(s)
- entry_mercadolivre__order_items__item__variation_attributes: 3 row(s)
- entry_mercadolivre__tags: 8 row(s)

Load package 1750700291.7633758 is NORMALIZED and NOT YET LOADED to the destination and contains no failed jobs

Step load COMPLETED in 1.14 seconds.
Pipeline mercadolivre_data load step completed in 1.10 seconds
1 load package(s) were loaded to destination postgres and into dataset entry
The postgres destination used postgresql://***:***@pgdatabase:5432/sales_db location to store data
Load package 1750700291.7633758 is LOADED and contains no failed jobs

Step run COMPLETED in 1.29 seconds.
Pipeline mercadolivre_data load step completed in 1.10 seconds
1 load package(s) were loaded to destination postgres and into dataset entry
The postgres destination used postgresql://***:***@pgdatabase:5432/sales_db location to store data
Load package 1750700291.7633758 is LOADED and contains no failed jobs
[2025-06-23T17:38:12.993+0000] {logging_mixin.py:190} INFO - [WARNING] - file /opt/***/data/mercadolivre/raw/prod/temp.txt does not have .json extension and could not be loaded.
[2025-06-23T17:38:12.994+0000] {python.py:240} INFO - Done. Returned value was: -1
[2025-06-23T17:38:13.017+0000] {taskinstance.py:340} INFO - ::group::Post task execution logs
[2025-06-23T17:38:13.018+0000] {taskinstance.py:352} INFO - Marking task as SUCCESS. dag_id=03_load_data_prod, task_id=load_mercadolivre, run_id=manual__2025-06-23T17:37:58.288392+00:00, execution_date=20250623T173758, start_date=20250623T173800, end_date=20250623T173813
[2025-06-23T17:38:13.042+0000] {local_task_job_runner.py:266} INFO - Task exited with return code 0
[2025-06-23T17:38:13.059+0000] {taskinstance.py:3895} INFO - 0 downstream tasks scheduled from follow-on schedule check
[2025-06-23T17:38:13.061+0000] {local_task_job_runner.py:245} INFO - ::endgroup::
