[2025-05-29T14:22:51.645+0000] {local_task_job_runner.py:123} INFO - ::group::Pre task execution logs
[2025-05-29T14:22:51.669+0000] {taskinstance.py:2613} INFO - Dependencies all met for dep_context=non-requeueable deps ti=<TaskInstance: 03_load_data.load_mercadolivre manual__2025-05-29T14:22:49.782744+00:00 [queued]>
[2025-05-29T14:22:51.679+0000] {taskinstance.py:2613} INFO - Dependencies all met for dep_context=requeueable deps ti=<TaskInstance: 03_load_data.load_mercadolivre manual__2025-05-29T14:22:49.782744+00:00 [queued]>
[2025-05-29T14:22:51.680+0000] {taskinstance.py:2866} INFO - Starting attempt 1 of 1
[2025-05-29T14:22:51.696+0000] {taskinstance.py:2889} INFO - Executing <Task(PythonOperator): load_mercadolivre> on 2025-05-29 14:22:49.782744+00:00
[2025-05-29T14:22:51.702+0000] {standard_task_runner.py:72} INFO - Started process 153 to run task
[2025-05-29T14:22:51.707+0000] {standard_task_runner.py:104} INFO - Running: ['***', 'tasks', 'run', '03_load_data', 'load_mercadolivre', 'manual__2025-05-29T14:22:49.782744+00:00', '--job-id', '300', '--raw', '--subdir', 'DAGS_FOLDER/03_load_data.py', '--cfg-path', '/tmp/tmpupx09f51']
[2025-05-29T14:22:51.709+0000] {standard_task_runner.py:105} INFO - Job 300: Subtask load_mercadolivre
[2025-05-29T14:22:51.773+0000] {task_command.py:467} INFO - Running <TaskInstance: 03_load_data.load_mercadolivre manual__2025-05-29T14:22:49.782744+00:00 [running]> on host 28e6a58e4107
[2025-05-29T14:22:51.862+0000] {taskinstance.py:3132} INFO - Exporting env vars: AIRFLOW_CTX_DAG_OWNER='***' AIRFLOW_CTX_DAG_ID='03_load_data' AIRFLOW_CTX_TASK_ID='load_mercadolivre' AIRFLOW_CTX_EXECUTION_DATE='2025-05-29T14:22:49.782744+00:00' AIRFLOW_CTX_TRY_NUMBER='1' AIRFLOW_CTX_DAG_RUN_ID='manual__2025-05-29T14:22:49.782744+00:00'
[2025-05-29T14:22:51.863+0000] {taskinstance.py:731} INFO - ::endgroup::
[2025-05-29T14:22:52.911+0000] {warnings.py:109} WARNING - /home/***/.local/lib/python3.9/site-packages/dlt/helpers/dbt/__init__.py:3: UserWarning: pkg_resources is deprecated as an API. See https://setuptools.pypa.io/en/latest/pkg_resources.html. The pkg_resources package is slated for removal as early as 2025-11-30. Refrain from using this package or pin to Setuptools<81.
  import pkg_resources

[2025-05-29T14:22:53.235+0000] {config_providers_context.py:156} WARNING - Airflow variable 'dlt_secrets_toml' was not found. This Airflow variable is a recommended place to hold the content of secrets.toml.If you do not use Airflow variables to hold dlt configuration or use variables with other names you can ignore this warning.
[2025-05-29T14:22:55.550+0000] {logging_mixin.py:190} INFO - trying to load ./extraction/mercadolivre/data/raw/ml_sell_data_2024-07-01T00:00:00.000-03:00_2024-10-01T00:00:00.000-03:00_0.json to sales_db
[2025-05-29T14:22:59.568+0000] {logging_mixin.py:190} INFO - Pipeline mercadolivre_data load step completed in 1.10 seconds
1 load package(s) were loaded to destination postgres and into dataset stg
The postgres destination used postgresql://***:***@pgdatabase:5432/sales_db location to store data
Load package 1748528576.908872 is LOADED and contains no failed jobs
[2025-05-29T14:22:59.570+0000] {logging_mixin.py:190} INFO - Run started at 2025-05-29 14:22:55.551832+00:00 and COMPLETED in 4.01 seconds with 4 steps.
Step extract COMPLETED in 0.87 seconds.

Load package 1748528576.908872 is EXTRACTED and NOT YET LOADED to the destination and contains no failed jobs

Step normalize COMPLETED in 0.46 seconds.
Normalized data for the following tables:
- stg_mercadolivre: 50 row(s)
- stg_mercadolivre__payments: 52 row(s)
- stg_mercadolivre__payments__available_actions: 52 row(s)
- stg_mercadolivre__order_items: 50 row(s)
- stg_mercadolivre__tags: 118 row(s)
- stg_mercadolivre__order_items__item__variation_attributes: 44 row(s)
- stg_mercadolivre__mediations: 2 row(s)
- stg_mercadolivre__context__flows: 9 row(s)

Load package 1748528576.908872 is NORMALIZED and NOT YET LOADED to the destination and contains no failed jobs

Step load COMPLETED in 1.37 seconds.
Pipeline mercadolivre_data load step completed in 1.10 seconds
1 load package(s) were loaded to destination postgres and into dataset stg
The postgres destination used postgresql://***:***@pgdatabase:5432/sales_db location to store data
Load package 1748528576.908872 is LOADED and contains no failed jobs

Step run COMPLETED in 4.01 seconds.
Pipeline mercadolivre_data load step completed in 1.10 seconds
1 load package(s) were loaded to destination postgres and into dataset stg
The postgres destination used postgresql://***:***@pgdatabase:5432/sales_db location to store data
Load package 1748528576.908872 is LOADED and contains no failed jobs
[2025-05-29T14:22:59.576+0000] {logging_mixin.py:190} INFO - trying to load ./extraction/mercadolivre/data/raw/ml_sell_data_2024-07-01T00:00:00.000-03:00_2024-10-01T00:00:00.000-03:00_1.json to sales_db
[2025-05-29T14:22:59.880+0000] {logging_mixin.py:190} INFO - Pipeline mercadolivre_data load step completed in 0.10 seconds
1 load package(s) were loaded to destination postgres and into dataset stg
The postgres destination used postgresql://***:***@pgdatabase:5432/sales_db location to store data
Load package 1748528579.6367896 is LOADED and contains no failed jobs
[2025-05-29T14:22:59.881+0000] {logging_mixin.py:190} INFO - Run started at 2025-05-29 14:22:59.578084+00:00 and COMPLETED in 0.30 seconds with 4 steps.
Step extract COMPLETED in 0.06 seconds.

Load package 1748528579.6367896 is EXTRACTED and NOT YET LOADED to the destination and contains no failed jobs

Step normalize COMPLETED in 0.08 seconds.
Normalized data for the following tables:
- stg_mercadolivre: 30 row(s)
- stg_mercadolivre__payments: 32 row(s)
- stg_mercadolivre__payments__available_actions: 32 row(s)
- stg_mercadolivre__order_items: 30 row(s)
- stg_mercadolivre__tags: 83 row(s)
- stg_mercadolivre__context__flows: 14 row(s)
- stg_mercadolivre__order_items__item__variation_attributes: 13 row(s)
- stg_mercadolivre__mediations: 2 row(s)

Load package 1748528579.6367896 is NORMALIZED and NOT YET LOADED to the destination and contains no failed jobs

Step load COMPLETED in 0.13 seconds.
Pipeline mercadolivre_data load step completed in 0.10 seconds
1 load package(s) were loaded to destination postgres and into dataset stg
The postgres destination used postgresql://***:***@pgdatabase:5432/sales_db location to store data
Load package 1748528579.6367896 is LOADED and contains no failed jobs

Step run COMPLETED in 0.30 seconds.
Pipeline mercadolivre_data load step completed in 0.10 seconds
1 load package(s) were loaded to destination postgres and into dataset stg
The postgres destination used postgresql://***:***@pgdatabase:5432/sales_db location to store data
Load package 1748528579.6367896 is LOADED and contains no failed jobs
[2025-05-29T14:22:59.888+0000] {logging_mixin.py:190} INFO - trying to load ./extraction/mercadolivre/data/raw/ml_sell_data_2024-07-01T00:00:00.000-03:00_2025-04-01T00:00:00.000-03:00_0.json to sales_db
[2025-05-29T14:23:01.248+0000] {logging_mixin.py:190} INFO - Pipeline mercadolivre_data load step completed in 1.10 seconds
1 load package(s) were loaded to destination postgres and into dataset stg
The postgres destination used postgresql://***:***@pgdatabase:5432/sales_db location to store data
Load package 1748528579.953094 is LOADED and contains no failed jobs
[2025-05-29T14:23:01.249+0000] {logging_mixin.py:190} INFO - Run started at 2025-05-29 14:22:59.890236+00:00 and COMPLETED in 1.36 seconds with 4 steps.
Step extract COMPLETED in 0.07 seconds.

Load package 1748528579.953094 is EXTRACTED and NOT YET LOADED to the destination and contains no failed jobs

Step normalize COMPLETED in 0.12 seconds.
Normalized data for the following tables:
- stg_mercadolivre: 50 row(s)
- stg_mercadolivre__payments: 52 row(s)
- stg_mercadolivre__payments__available_actions: 52 row(s)
- stg_mercadolivre__order_items: 50 row(s)
- stg_mercadolivre__tags: 118 row(s)
- stg_mercadolivre__order_items__item__variation_attributes: 44 row(s)
- stg_mercadolivre__mediations: 2 row(s)
- stg_mercadolivre__context__flows: 9 row(s)

Load package 1748528579.953094 is NORMALIZED and NOT YET LOADED to the destination and contains no failed jobs

Step load COMPLETED in 1.14 seconds.
Pipeline mercadolivre_data load step completed in 1.10 seconds
1 load package(s) were loaded to destination postgres and into dataset stg
The postgres destination used postgresql://***:***@pgdatabase:5432/sales_db location to store data
Load package 1748528579.953094 is LOADED and contains no failed jobs

Step run COMPLETED in 1.36 seconds.
Pipeline mercadolivre_data load step completed in 1.10 seconds
1 load package(s) were loaded to destination postgres and into dataset stg
The postgres destination used postgresql://***:***@pgdatabase:5432/sales_db location to store data
Load package 1748528579.953094 is LOADED and contains no failed jobs
[2025-05-29T14:23:01.257+0000] {logging_mixin.py:190} INFO - trying to load ./extraction/mercadolivre/data/raw/ml_sell_data_2024-07-01T00:00:00.000-03:00_2025-04-01T00:00:00.000-03:00_1.json to sales_db
[2025-05-29T14:23:02.608+0000] {logging_mixin.py:190} INFO - Pipeline mercadolivre_data load step completed in 1.11 seconds
1 load package(s) were loaded to destination postgres and into dataset stg
The postgres destination used postgresql://***:***@pgdatabase:5432/sales_db location to store data
Load package 1748528581.320585 is LOADED and contains no failed jobs
[2025-05-29T14:23:02.610+0000] {logging_mixin.py:190} INFO - Run started at 2025-05-29 14:23:01.258807+00:00 and COMPLETED in 1.35 seconds with 4 steps.
Step extract COMPLETED in 0.07 seconds.

Load package 1748528581.320585 is EXTRACTED and NOT YET LOADED to the destination and contains no failed jobs

Step normalize COMPLETED in 0.10 seconds.
Normalized data for the following tables:
- stg_mercadolivre: 50 row(s)
- stg_mercadolivre__payments: 53 row(s)
- stg_mercadolivre__payments__available_actions: 53 row(s)
- stg_mercadolivre__order_items: 50 row(s)
- stg_mercadolivre__tags: 135 row(s)
- stg_mercadolivre__context__flows: 19 row(s)
- stg_mercadolivre__order_items__item__variation_attributes: 27 row(s)
- stg_mercadolivre__mediations: 3 row(s)

Load package 1748528581.320585 is NORMALIZED and NOT YET LOADED to the destination and contains no failed jobs

Step load COMPLETED in 1.16 seconds.
Pipeline mercadolivre_data load step completed in 1.11 seconds
1 load package(s) were loaded to destination postgres and into dataset stg
The postgres destination used postgresql://***:***@pgdatabase:5432/sales_db location to store data
Load package 1748528581.320585 is LOADED and contains no failed jobs

Step run COMPLETED in 1.35 seconds.
Pipeline mercadolivre_data load step completed in 1.11 seconds
1 load package(s) were loaded to destination postgres and into dataset stg
The postgres destination used postgresql://***:***@pgdatabase:5432/sales_db location to store data
Load package 1748528581.320585 is LOADED and contains no failed jobs
[2025-05-29T14:23:02.618+0000] {logging_mixin.py:190} INFO - trying to load ./extraction/mercadolivre/data/raw/ml_sell_data_2024-07-01T00:00:00.000-03:00_2025-04-01T00:00:00.000-03:00_2.json to sales_db
[2025-05-29T14:23:03.967+0000] {logging_mixin.py:190} INFO - Pipeline mercadolivre_data load step completed in 1.10 seconds
1 load package(s) were loaded to destination postgres and into dataset stg
The postgres destination used postgresql://***:***@pgdatabase:5432/sales_db location to store data
Load package 1748528582.6806698 is LOADED and contains no failed jobs
[2025-05-29T14:23:03.970+0000] {logging_mixin.py:190} INFO - Run started at 2025-05-29 14:23:02.619481+00:00 and COMPLETED in 1.35 seconds with 4 steps.
Step extract COMPLETED in 0.07 seconds.

Load package 1748528582.6806698 is EXTRACTED and NOT YET LOADED to the destination and contains no failed jobs

Step normalize COMPLETED in 0.11 seconds.
Normalized data for the following tables:
- stg_mercadolivre: 50 row(s)
- stg_mercadolivre__payments: 55 row(s)
- stg_mercadolivre__payments__available_actions: 55 row(s)
- stg_mercadolivre__order_items: 50 row(s)
- stg_mercadolivre__order_items__item__variation_attributes: 43 row(s)
- stg_mercadolivre__tags: 144 row(s)
- stg_mercadolivre__mediations: 6 row(s)
- stg_mercadolivre__context__flows: 10 row(s)

Load package 1748528582.6806698 is NORMALIZED and NOT YET LOADED to the destination and contains no failed jobs

Step load COMPLETED in 1.14 seconds.
Pipeline mercadolivre_data load step completed in 1.10 seconds
1 load package(s) were loaded to destination postgres and into dataset stg
The postgres destination used postgresql://***:***@pgdatabase:5432/sales_db location to store data
Load package 1748528582.6806698 is LOADED and contains no failed jobs

Step run COMPLETED in 1.34 seconds.
Pipeline mercadolivre_data load step completed in 1.10 seconds
1 load package(s) were loaded to destination postgres and into dataset stg
The postgres destination used postgresql://***:***@pgdatabase:5432/sales_db location to store data
Load package 1748528582.6806698 is LOADED and contains no failed jobs
[2025-05-29T14:23:03.980+0000] {logging_mixin.py:190} INFO - trying to load ./extraction/mercadolivre/data/raw/ml_sell_data_2024-07-01T00:00:00.000-03:00_2025-04-01T00:00:00.000-03:00_3.json to sales_db
[2025-05-29T14:23:05.409+0000] {logging_mixin.py:190} INFO - Pipeline mercadolivre_data load step completed in 1.10 seconds
1 load package(s) were loaded to destination postgres and into dataset stg
The postgres destination used postgresql://***:***@pgdatabase:5432/sales_db location to store data
Load package 1748528584.0696752 is LOADED and contains no failed jobs
[2025-05-29T14:23:05.412+0000] {logging_mixin.py:190} INFO - Run started at 2025-05-29 14:23:03.983050+00:00 and COMPLETED in 1.42 seconds with 4 steps.
Step extract COMPLETED in 0.09 seconds.

Load package 1748528584.0696752 is EXTRACTED and NOT YET LOADED to the destination and contains no failed jobs

Step normalize COMPLETED in 0.15 seconds.
Normalized data for the following tables:
- stg_mercadolivre: 50 row(s)
- stg_mercadolivre__payments: 52 row(s)
- stg_mercadolivre__payments__available_actions: 52 row(s)
- stg_mercadolivre__order_items: 50 row(s)
- stg_mercadolivre__order_items__item__variation_attributes: 47 row(s)
- stg_mercadolivre__tags: 165 row(s)
- stg_mercadolivre__context__flows: 16 row(s)
- stg_mercadolivre__mediations: 9 row(s)

Load package 1748528584.0696752 is NORMALIZED and NOT YET LOADED to the destination and contains no failed jobs

Step load COMPLETED in 1.14 seconds.
Pipeline mercadolivre_data load step completed in 1.10 seconds
1 load package(s) were loaded to destination postgres and into dataset stg
The postgres destination used postgresql://***:***@pgdatabase:5432/sales_db location to store data
Load package 1748528584.0696752 is LOADED and contains no failed jobs

Step run COMPLETED in 1.42 seconds.
Pipeline mercadolivre_data load step completed in 1.10 seconds
1 load package(s) were loaded to destination postgres and into dataset stg
The postgres destination used postgresql://***:***@pgdatabase:5432/sales_db location to store data
Load package 1748528584.0696752 is LOADED and contains no failed jobs
[2025-05-29T14:23:05.419+0000] {logging_mixin.py:190} INFO - trying to load ./extraction/mercadolivre/data/raw/ml_sell_data_2024-07-01T00:00:00.000-03:00_2025-04-01T00:00:00.000-03:00_4.json to sales_db
[2025-05-29T14:23:06.792+0000] {logging_mixin.py:190} INFO - Pipeline mercadolivre_data load step completed in 1.11 seconds
1 load package(s) were loaded to destination postgres and into dataset stg
The postgres destination used postgresql://***:***@pgdatabase:5432/sales_db location to store data
Load package 1748528585.5001187 is LOADED and contains no failed jobs
[2025-05-29T14:23:06.794+0000] {logging_mixin.py:190} INFO - Run started at 2025-05-29 14:23:05.420992+00:00 and COMPLETED in 1.37 seconds with 4 steps.
Step extract COMPLETED in 0.08 seconds.

Load package 1748528585.5001187 is EXTRACTED and NOT YET LOADED to the destination and contains no failed jobs

Step normalize COMPLETED in 0.11 seconds.
Normalized data for the following tables:
- stg_mercadolivre: 50 row(s)
- stg_mercadolivre__payments: 53 row(s)
- stg_mercadolivre__payments__available_actions: 53 row(s)
- stg_mercadolivre__order_items: 50 row(s)
- stg_mercadolivre__order_items__item__variation_attributes: 53 row(s)
- stg_mercadolivre__tags: 154 row(s)
- stg_mercadolivre__mediations: 5 row(s)
- stg_mercadolivre__context__flows: 5 row(s)

Load package 1748528585.5001187 is NORMALIZED and NOT YET LOADED to the destination and contains no failed jobs

Step load COMPLETED in 1.15 seconds.
Pipeline mercadolivre_data load step completed in 1.11 seconds
1 load package(s) were loaded to destination postgres and into dataset stg
The postgres destination used postgresql://***:***@pgdatabase:5432/sales_db location to store data
Load package 1748528585.5001187 is LOADED and contains no failed jobs

Step run COMPLETED in 1.37 seconds.
Pipeline mercadolivre_data load step completed in 1.11 seconds
1 load package(s) were loaded to destination postgres and into dataset stg
The postgres destination used postgresql://***:***@pgdatabase:5432/sales_db location to store data
Load package 1748528585.5001187 is LOADED and contains no failed jobs
[2025-05-29T14:23:06.801+0000] {logging_mixin.py:190} INFO - trying to load ./extraction/mercadolivre/data/raw/ml_sell_data_2024-07-01T00:00:00.000-03:00_2025-04-01T00:00:00.000-03:00_5.json to sales_db
[2025-05-29T14:23:08.179+0000] {logging_mixin.py:190} INFO - Pipeline mercadolivre_data load step completed in 1.12 seconds
1 load package(s) were loaded to destination postgres and into dataset stg
The postgres destination used postgresql://***:***@pgdatabase:5432/sales_db location to store data
Load package 1748528586.889153 is LOADED and contains no failed jobs
[2025-05-29T14:23:08.181+0000] {logging_mixin.py:190} INFO - Run started at 2025-05-29 14:23:06.803310+00:00 and COMPLETED in 1.37 seconds with 4 steps.
Step extract COMPLETED in 0.09 seconds.

Load package 1748528586.889153 is EXTRACTED and NOT YET LOADED to the destination and contains no failed jobs

Step normalize COMPLETED in 0.10 seconds.
Normalized data for the following tables:
- stg_mercadolivre: 35 row(s)
- stg_mercadolivre__payments: 36 row(s)
- stg_mercadolivre__payments__available_actions: 36 row(s)
- stg_mercadolivre__order_items: 35 row(s)
- stg_mercadolivre__order_items__item__variation_attributes: 33 row(s)
- stg_mercadolivre__tags: 96 row(s)
- stg_mercadolivre__context__flows: 4 row(s)
- stg_mercadolivre__mediations: 1 row(s)

Load package 1748528586.889153 is NORMALIZED and NOT YET LOADED to the destination and contains no failed jobs

Step load COMPLETED in 1.16 seconds.
Pipeline mercadolivre_data load step completed in 1.12 seconds
1 load package(s) were loaded to destination postgres and into dataset stg
The postgres destination used postgresql://***:***@pgdatabase:5432/sales_db location to store data
Load package 1748528586.889153 is LOADED and contains no failed jobs

Step run COMPLETED in 1.37 seconds.
Pipeline mercadolivre_data load step completed in 1.12 seconds
1 load package(s) were loaded to destination postgres and into dataset stg
The postgres destination used postgresql://***:***@pgdatabase:5432/sales_db location to store data
Load package 1748528586.889153 is LOADED and contains no failed jobs
[2025-05-29T14:23:08.190+0000] {logging_mixin.py:190} INFO - trying to load ./extraction/mercadolivre/data/raw/sample.json to sales_db
[2025-05-29T14:23:09.627+0000] {logging_mixin.py:190} INFO - Pipeline mercadolivre_data load step completed in 1.11 seconds
1 load package(s) were loaded to destination postgres and into dataset stg
The postgres destination used postgresql://***:***@pgdatabase:5432/sales_db location to store data
Load package 1748528588.2852266 is LOADED and contains no failed jobs
[2025-05-29T14:23:09.629+0000] {logging_mixin.py:190} INFO - Run started at 2025-05-29 14:23:08.192532+00:00 and COMPLETED in 1.43 seconds with 4 steps.
Step extract COMPLETED in 0.10 seconds.

Load package 1748528588.2852266 is EXTRACTED and NOT YET LOADED to the destination and contains no failed jobs

Step normalize COMPLETED in 0.15 seconds.
Normalized data for the following tables:
- stg_mercadolivre: 50 row(s)
- stg_mercadolivre__payments: 52 row(s)
- stg_mercadolivre__payments__available_actions: 52 row(s)
- stg_mercadolivre__order_items: 50 row(s)
- stg_mercadolivre__tags: 118 row(s)
- stg_mercadolivre__order_items__item__variation_attributes: 44 row(s)
- stg_mercadolivre__mediations: 2 row(s)
- stg_mercadolivre__context__flows: 9 row(s)

Load package 1748528588.2852266 is NORMALIZED and NOT YET LOADED to the destination and contains no failed jobs

Step load COMPLETED in 1.15 seconds.
Pipeline mercadolivre_data load step completed in 1.11 seconds
1 load package(s) were loaded to destination postgres and into dataset stg
The postgres destination used postgresql://***:***@pgdatabase:5432/sales_db location to store data
Load package 1748528588.2852266 is LOADED and contains no failed jobs

Step run COMPLETED in 1.43 seconds.
Pipeline mercadolivre_data load step completed in 1.11 seconds
1 load package(s) were loaded to destination postgres and into dataset stg
The postgres destination used postgresql://***:***@pgdatabase:5432/sales_db location to store data
Load package 1748528588.2852266 is LOADED and contains no failed jobs
[2025-05-29T14:23:09.631+0000] {python.py:240} INFO - Done. Returned value was: 1
[2025-05-29T14:23:09.668+0000] {taskinstance.py:340} INFO - ::group::Post task execution logs
[2025-05-29T14:23:09.669+0000] {taskinstance.py:352} INFO - Marking task as SUCCESS. dag_id=03_load_data, task_id=load_mercadolivre, run_id=manual__2025-05-29T14:22:49.782744+00:00, execution_date=20250529T142249, start_date=20250529T142251, end_date=20250529T142309
[2025-05-29T14:23:09.710+0000] {local_task_job_runner.py:266} INFO - Task exited with return code 0
[2025-05-29T14:23:09.738+0000] {taskinstance.py:3895} INFO - 0 downstream tasks scheduled from follow-on schedule check
[2025-05-29T14:23:09.741+0000] {local_task_job_runner.py:245} INFO - ::endgroup::
