[2025-06-11T18:23:29.819+0000] {local_task_job_runner.py:123} INFO - ::group::Pre task execution logs
[2025-06-11T18:23:29.842+0000] {taskinstance.py:2613} INFO - Dependencies all met for dep_context=non-requeueable deps ti=<TaskInstance: 06_delete_entry_data.delete_ml_sh_files manual__2025-06-11T18:23:27.423834+00:00 [queued]>
[2025-06-11T18:23:29.854+0000] {taskinstance.py:2613} INFO - Dependencies all met for dep_context=requeueable deps ti=<TaskInstance: 06_delete_entry_data.delete_ml_sh_files manual__2025-06-11T18:23:27.423834+00:00 [queued]>
[2025-06-11T18:23:29.855+0000] {taskinstance.py:2866} INFO - Starting attempt 1 of 1
[2025-06-11T18:23:29.869+0000] {taskinstance.py:2889} INFO - Executing <Task(PythonOperator): delete_ml_sh_files> on 2025-06-11 18:23:27.423834+00:00
[2025-06-11T18:23:29.875+0000] {standard_task_runner.py:72} INFO - Started process 331 to run task
[2025-06-11T18:23:29.880+0000] {standard_task_runner.py:104} INFO - Running: ['***', 'tasks', 'run', '06_delete_entry_data', 'delete_ml_sh_files', 'manual__2025-06-11T18:23:27.423834+00:00', '--job-id', '859', '--raw', '--subdir', 'DAGS_FOLDER/06_delete_files_tables.py', '--cfg-path', '/tmp/tmp3c6948ji']
[2025-06-11T18:23:29.882+0000] {standard_task_runner.py:105} INFO - Job 859: Subtask delete_ml_sh_files
[2025-06-11T18:23:29.944+0000] {task_command.py:467} INFO - Running <TaskInstance: 06_delete_entry_data.delete_ml_sh_files manual__2025-06-11T18:23:27.423834+00:00 [running]> on host 28e6a58e4107
[2025-06-11T18:23:30.037+0000] {taskinstance.py:3132} INFO - Exporting env vars: AIRFLOW_CTX_DAG_OWNER='***' AIRFLOW_CTX_DAG_ID='06_delete_entry_data' AIRFLOW_CTX_TASK_ID='delete_ml_sh_files' AIRFLOW_CTX_EXECUTION_DATE='2025-06-11T18:23:27.423834+00:00' AIRFLOW_CTX_TRY_NUMBER='1' AIRFLOW_CTX_DAG_RUN_ID='manual__2025-06-11T18:23:27.423834+00:00'
[2025-06-11T18:23:30.038+0000] {taskinstance.py:731} INFO - ::endgroup::
[2025-06-11T18:23:30.059+0000] {logging_mixin.py:190} INFO - Failed to delete files in /opt/***/extraction/mercadolivre/data/shipping_cost_ml/sh_cost_0.json with error: [Errno 21] Is a directory: '/opt/***/extraction/mercadolivre/data/shipping_cost_ml'
[2025-06-11T18:23:30.061+0000] {logging_mixin.py:190} INFO - Failed to delete files in /opt/***/extraction/mercadolivre/data/shipping_cost_ml/sh_cost_1.json with error: [Errno 21] Is a directory: '/opt/***/extraction/mercadolivre/data/shipping_cost_ml'
[2025-06-11T18:23:30.062+0000] {logging_mixin.py:190} INFO - Failed to delete files in /opt/***/extraction/mercadolivre/data/shipping_cost_ml/sh_cost_10.json with error: [Errno 21] Is a directory: '/opt/***/extraction/mercadolivre/data/shipping_cost_ml'
[2025-06-11T18:23:30.064+0000] {logging_mixin.py:190} INFO - Failed to delete files in /opt/***/extraction/mercadolivre/data/shipping_cost_ml/sh_cost_100.json with error: [Errno 21] Is a directory: '/opt/***/extraction/mercadolivre/data/shipping_cost_ml'
[2025-06-11T18:23:30.065+0000] {logging_mixin.py:190} INFO - Failed to delete files in /opt/***/extraction/mercadolivre/data/shipping_cost_ml/sh_cost_101.json with error: [Errno 21] Is a directory: '/opt/***/extraction/mercadolivre/data/shipping_cost_ml'
[2025-06-11T18:23:30.067+0000] {logging_mixin.py:190} INFO - Failed to delete files in /opt/***/extraction/mercadolivre/data/shipping_cost_ml/sh_cost_102.json with error: [Errno 21] Is a directory: '/opt/***/extraction/mercadolivre/data/shipping_cost_ml'
[2025-06-11T18:23:30.068+0000] {logging_mixin.py:190} INFO - Failed to delete files in /opt/***/extraction/mercadolivre/data/shipping_cost_ml/sh_cost_103.json with error: [Errno 21] Is a directory: '/opt/***/extraction/mercadolivre/data/shipping_cost_ml'
[2025-06-11T18:23:30.070+0000] {logging_mixin.py:190} INFO - Failed to delete files in /opt/***/extraction/mercadolivre/data/shipping_cost_ml/sh_cost_104.json with error: [Errno 21] Is a directory: '/opt/***/extraction/mercadolivre/data/shipping_cost_ml'
[2025-06-11T18:23:30.071+0000] {logging_mixin.py:190} INFO - Failed to delete files in /opt/***/extraction/mercadolivre/data/shipping_cost_ml/sh_cost_105.json with error: [Errno 21] Is a directory: '/opt/***/extraction/mercadolivre/data/shipping_cost_ml'
[2025-06-11T18:23:30.073+0000] {logging_mixin.py:190} INFO - Failed to delete files in /opt/***/extraction/mercadolivre/data/shipping_cost_ml/sh_cost_106.json with error: [Errno 21] Is a directory: '/opt/***/extraction/mercadolivre/data/shipping_cost_ml'
[2025-06-11T18:23:30.075+0000] {logging_mixin.py:190} INFO - Failed to delete files in /opt/***/extraction/mercadolivre/data/shipping_cost_ml/sh_cost_107.json with error: [Errno 21] Is a directory: '/opt/***/extraction/mercadolivre/data/shipping_cost_ml'
[2025-06-11T18:23:30.076+0000] {logging_mixin.py:190} INFO - Failed to delete files in /opt/***/extraction/mercadolivre/data/shipping_cost_ml/sh_cost_108.json with error: [Errno 21] Is a directory: '/opt/***/extraction/mercadolivre/data/shipping_cost_ml'
[2025-06-11T18:23:30.078+0000] {logging_mixin.py:190} INFO - Failed to delete files in /opt/***/extraction/mercadolivre/data/shipping_cost_ml/sh_cost_109.json with error: [Errno 21] Is a directory: '/opt/***/extraction/mercadolivre/data/shipping_cost_ml'
[2025-06-11T18:23:30.080+0000] {logging_mixin.py:190} INFO - Failed to delete files in /opt/***/extraction/mercadolivre/data/shipping_cost_ml/sh_cost_11.json with error: [Errno 21] Is a directory: '/opt/***/extraction/mercadolivre/data/shipping_cost_ml'
[2025-06-11T18:23:30.081+0000] {logging_mixin.py:190} INFO - Failed to delete files in /opt/***/extraction/mercadolivre/data/shipping_cost_ml/sh_cost_110.json with error: [Errno 21] Is a directory: '/opt/***/extraction/mercadolivre/data/shipping_cost_ml'
[2025-06-11T18:23:30.083+0000] {logging_mixin.py:190} INFO - Failed to delete files in /opt/***/extraction/mercadolivre/data/shipping_cost_ml/sh_cost_111.json with error: [Errno 21] Is a directory: '/opt/***/extraction/mercadolivre/data/shipping_cost_ml'
[2025-06-11T18:23:30.084+0000] {logging_mixin.py:190} INFO - Failed to delete files in /opt/***/extraction/mercadolivre/data/shipping_cost_ml/sh_cost_112.json with error: [Errno 21] Is a directory: '/opt/***/extraction/mercadolivre/data/shipping_cost_ml'
[2025-06-11T18:23:30.086+0000] {logging_mixin.py:190} INFO - Failed to delete files in /opt/***/extraction/mercadolivre/data/shipping_cost_ml/sh_cost_113.json with error: [Errno 21] Is a directory: '/opt/***/extraction/mercadolivre/data/shipping_cost_ml'
[2025-06-11T18:23:30.087+0000] {logging_mixin.py:190} INFO - Failed to delete files in /opt/***/extraction/mercadolivre/data/shipping_cost_ml/sh_cost_114.json with error: [Errno 21] Is a directory: '/opt/***/extraction/mercadolivre/data/shipping_cost_ml'
[2025-06-11T18:23:30.088+0000] {logging_mixin.py:190} INFO - Failed to delete files in /opt/***/extraction/mercadolivre/data/shipping_cost_ml/sh_cost_115.json with error: [Errno 21] Is a directory: '/opt/***/extraction/mercadolivre/data/shipping_cost_ml'
[2025-06-11T18:23:30.090+0000] {logging_mixin.py:190} INFO - Failed to delete files in /opt/***/extraction/mercadolivre/data/shipping_cost_ml/sh_cost_116.json with error: [Errno 21] Is a directory: '/opt/***/extraction/mercadolivre/data/shipping_cost_ml'
[2025-06-11T18:23:30.092+0000] {logging_mixin.py:190} INFO - Failed to delete files in /opt/***/extraction/mercadolivre/data/shipping_cost_ml/sh_cost_117.json with error: [Errno 21] Is a directory: '/opt/***/extraction/mercadolivre/data/shipping_cost_ml'
[2025-06-11T18:23:30.093+0000] {logging_mixin.py:190} INFO - Failed to delete files in /opt/***/extraction/mercadolivre/data/shipping_cost_ml/sh_cost_118.json with error: [Errno 21] Is a directory: '/opt/***/extraction/mercadolivre/data/shipping_cost_ml'
[2025-06-11T18:23:30.095+0000] {logging_mixin.py:190} INFO - Failed to delete files in /opt/***/extraction/mercadolivre/data/shipping_cost_ml/sh_cost_119.json with error: [Errno 21] Is a directory: '/opt/***/extraction/mercadolivre/data/shipping_cost_ml'
[2025-06-11T18:23:30.096+0000] {logging_mixin.py:190} INFO - Failed to delete files in /opt/***/extraction/mercadolivre/data/shipping_cost_ml/sh_cost_12.json with error: [Errno 21] Is a directory: '/opt/***/extraction/mercadolivre/data/shipping_cost_ml'
[2025-06-11T18:23:30.098+0000] {logging_mixin.py:190} INFO - Failed to delete files in /opt/***/extraction/mercadolivre/data/shipping_cost_ml/sh_cost_120.json with error: [Errno 21] Is a directory: '/opt/***/extraction/mercadolivre/data/shipping_cost_ml'
[2025-06-11T18:23:30.100+0000] {logging_mixin.py:190} INFO - Failed to delete files in /opt/***/extraction/mercadolivre/data/shipping_cost_ml/sh_cost_121.json with error: [Errno 21] Is a directory: '/opt/***/extraction/mercadolivre/data/shipping_cost_ml'
[2025-06-11T18:23:30.102+0000] {logging_mixin.py:190} INFO - Failed to delete files in /opt/***/extraction/mercadolivre/data/shipping_cost_ml/sh_cost_122.json with error: [Errno 21] Is a directory: '/opt/***/extraction/mercadolivre/data/shipping_cost_ml'
[2025-06-11T18:23:30.104+0000] {logging_mixin.py:190} INFO - Failed to delete files in /opt/***/extraction/mercadolivre/data/shipping_cost_ml/sh_cost_123.json with error: [Errno 21] Is a directory: '/opt/***/extraction/mercadolivre/data/shipping_cost_ml'
[2025-06-11T18:23:30.106+0000] {logging_mixin.py:190} INFO - Failed to delete files in /opt/***/extraction/mercadolivre/data/shipping_cost_ml/sh_cost_124.json with error: [Errno 21] Is a directory: '/opt/***/extraction/mercadolivre/data/shipping_cost_ml'
[2025-06-11T18:23:30.107+0000] {logging_mixin.py:190} INFO - Failed to delete files in /opt/***/extraction/mercadolivre/data/shipping_cost_ml/sh_cost_125.json with error: [Errno 21] Is a directory: '/opt/***/extraction/mercadolivre/data/shipping_cost_ml'
[2025-06-11T18:23:30.109+0000] {logging_mixin.py:190} INFO - Failed to delete files in /opt/***/extraction/mercadolivre/data/shipping_cost_ml/sh_cost_126.json with error: [Errno 21] Is a directory: '/opt/***/extraction/mercadolivre/data/shipping_cost_ml'
[2025-06-11T18:23:30.111+0000] {logging_mixin.py:190} INFO - Failed to delete files in /opt/***/extraction/mercadolivre/data/shipping_cost_ml/sh_cost_127.json with error: [Errno 21] Is a directory: '/opt/***/extraction/mercadolivre/data/shipping_cost_ml'
[2025-06-11T18:23:30.113+0000] {logging_mixin.py:190} INFO - Failed to delete files in /opt/***/extraction/mercadolivre/data/shipping_cost_ml/sh_cost_128.json with error: [Errno 21] Is a directory: '/opt/***/extraction/mercadolivre/data/shipping_cost_ml'
[2025-06-11T18:23:30.115+0000] {logging_mixin.py:190} INFO - Failed to delete files in /opt/***/extraction/mercadolivre/data/shipping_cost_ml/sh_cost_129.json with error: [Errno 21] Is a directory: '/opt/***/extraction/mercadolivre/data/shipping_cost_ml'
[2025-06-11T18:23:30.116+0000] {logging_mixin.py:190} INFO - Failed to delete files in /opt/***/extraction/mercadolivre/data/shipping_cost_ml/sh_cost_13.json with error: [Errno 21] Is a directory: '/opt/***/extraction/mercadolivre/data/shipping_cost_ml'
[2025-06-11T18:23:30.118+0000] {logging_mixin.py:190} INFO - Failed to delete files in /opt/***/extraction/mercadolivre/data/shipping_cost_ml/sh_cost_130.json with error: [Errno 21] Is a directory: '/opt/***/extraction/mercadolivre/data/shipping_cost_ml'
[2025-06-11T18:23:30.120+0000] {logging_mixin.py:190} INFO - Failed to delete files in /opt/***/extraction/mercadolivre/data/shipping_cost_ml/sh_cost_131.json with error: [Errno 21] Is a directory: '/opt/***/extraction/mercadolivre/data/shipping_cost_ml'
[2025-06-11T18:23:30.122+0000] {logging_mixin.py:190} INFO - Failed to delete files in /opt/***/extraction/mercadolivre/data/shipping_cost_ml/sh_cost_132.json with error: [Errno 21] Is a directory: '/opt/***/extraction/mercadolivre/data/shipping_cost_ml'
[2025-06-11T18:23:30.124+0000] {logging_mixin.py:190} INFO - Failed to delete files in /opt/***/extraction/mercadolivre/data/shipping_cost_ml/sh_cost_133.json with error: [Errno 21] Is a directory: '/opt/***/extraction/mercadolivre/data/shipping_cost_ml'
[2025-06-11T18:23:30.126+0000] {logging_mixin.py:190} INFO - Failed to delete files in /opt/***/extraction/mercadolivre/data/shipping_cost_ml/sh_cost_134.json with error: [Errno 21] Is a directory: '/opt/***/extraction/mercadolivre/data/shipping_cost_ml'
[2025-06-11T18:23:30.127+0000] {logging_mixin.py:190} INFO - Failed to delete files in /opt/***/extraction/mercadolivre/data/shipping_cost_ml/sh_cost_135.json with error: [Errno 21] Is a directory: '/opt/***/extraction/mercadolivre/data/shipping_cost_ml'
[2025-06-11T18:23:30.129+0000] {logging_mixin.py:190} INFO - Failed to delete files in /opt/***/extraction/mercadolivre/data/shipping_cost_ml/sh_cost_136.json with error: [Errno 21] Is a directory: '/opt/***/extraction/mercadolivre/data/shipping_cost_ml'
[2025-06-11T18:23:30.131+0000] {logging_mixin.py:190} INFO - Failed to delete files in /opt/***/extraction/mercadolivre/data/shipping_cost_ml/sh_cost_137.json with error: [Errno 21] Is a directory: '/opt/***/extraction/mercadolivre/data/shipping_cost_ml'
[2025-06-11T18:23:30.133+0000] {logging_mixin.py:190} INFO - Failed to delete files in /opt/***/extraction/mercadolivre/data/shipping_cost_ml/sh_cost_138.json with error: [Errno 21] Is a directory: '/opt/***/extraction/mercadolivre/data/shipping_cost_ml'
[2025-06-11T18:23:30.136+0000] {logging_mixin.py:190} INFO - Failed to delete files in /opt/***/extraction/mercadolivre/data/shipping_cost_ml/sh_cost_139.json with error: [Errno 21] Is a directory: '/opt/***/extraction/mercadolivre/data/shipping_cost_ml'
[2025-06-11T18:23:30.138+0000] {logging_mixin.py:190} INFO - Failed to delete files in /opt/***/extraction/mercadolivre/data/shipping_cost_ml/sh_cost_14.json with error: [Errno 21] Is a directory: '/opt/***/extraction/mercadolivre/data/shipping_cost_ml'
[2025-06-11T18:23:30.140+0000] {logging_mixin.py:190} INFO - Failed to delete files in /opt/***/extraction/mercadolivre/data/shipping_cost_ml/sh_cost_140.json with error: [Errno 21] Is a directory: '/opt/***/extraction/mercadolivre/data/shipping_cost_ml'
[2025-06-11T18:23:30.143+0000] {logging_mixin.py:190} INFO - Failed to delete files in /opt/***/extraction/mercadolivre/data/shipping_cost_ml/sh_cost_141.json with error: [Errno 21] Is a directory: '/opt/***/extraction/mercadolivre/data/shipping_cost_ml'
[2025-06-11T18:23:30.145+0000] {logging_mixin.py:190} INFO - Failed to delete files in /opt/***/extraction/mercadolivre/data/shipping_cost_ml/sh_cost_142.json with error: [Errno 21] Is a directory: '/opt/***/extraction/mercadolivre/data/shipping_cost_ml'
[2025-06-11T18:23:30.147+0000] {logging_mixin.py:190} INFO - Failed to delete files in /opt/***/extraction/mercadolivre/data/shipping_cost_ml/sh_cost_143.json with error: [Errno 21] Is a directory: '/opt/***/extraction/mercadolivre/data/shipping_cost_ml'
[2025-06-11T18:23:30.149+0000] {logging_mixin.py:190} INFO - Failed to delete files in /opt/***/extraction/mercadolivre/data/shipping_cost_ml/sh_cost_144.json with error: [Errno 21] Is a directory: '/opt/***/extraction/mercadolivre/data/shipping_cost_ml'
[2025-06-11T18:23:30.151+0000] {logging_mixin.py:190} INFO - Failed to delete files in /opt/***/extraction/mercadolivre/data/shipping_cost_ml/sh_cost_145.json with error: [Errno 21] Is a directory: '/opt/***/extraction/mercadolivre/data/shipping_cost_ml'
[2025-06-11T18:23:30.153+0000] {logging_mixin.py:190} INFO - Failed to delete files in /opt/***/extraction/mercadolivre/data/shipping_cost_ml/sh_cost_146.json with error: [Errno 21] Is a directory: '/opt/***/extraction/mercadolivre/data/shipping_cost_ml'
[2025-06-11T18:23:30.155+0000] {logging_mixin.py:190} INFO - Failed to delete files in /opt/***/extraction/mercadolivre/data/shipping_cost_ml/sh_cost_147.json with error: [Errno 21] Is a directory: '/opt/***/extraction/mercadolivre/data/shipping_cost_ml'
[2025-06-11T18:23:30.157+0000] {logging_mixin.py:190} INFO - Failed to delete files in /opt/***/extraction/mercadolivre/data/shipping_cost_ml/sh_cost_148.json with error: [Errno 21] Is a directory: '/opt/***/extraction/mercadolivre/data/shipping_cost_ml'
[2025-06-11T18:23:30.159+0000] {logging_mixin.py:190} INFO - Failed to delete files in /opt/***/extraction/mercadolivre/data/shipping_cost_ml/sh_cost_149.json with error: [Errno 21] Is a directory: '/opt/***/extraction/mercadolivre/data/shipping_cost_ml'
[2025-06-11T18:23:30.160+0000] {logging_mixin.py:190} INFO - Failed to delete files in /opt/***/extraction/mercadolivre/data/shipping_cost_ml/sh_cost_15.json with error: [Errno 21] Is a directory: '/opt/***/extraction/mercadolivre/data/shipping_cost_ml'
[2025-06-11T18:23:30.162+0000] {logging_mixin.py:190} INFO - Failed to delete files in /opt/***/extraction/mercadolivre/data/shipping_cost_ml/sh_cost_150.json with error: [Errno 21] Is a directory: '/opt/***/extraction/mercadolivre/data/shipping_cost_ml'
[2025-06-11T18:23:30.164+0000] {logging_mixin.py:190} INFO - Failed to delete files in /opt/***/extraction/mercadolivre/data/shipping_cost_ml/sh_cost_151.json with error: [Errno 21] Is a directory: '/opt/***/extraction/mercadolivre/data/shipping_cost_ml'
[2025-06-11T18:23:30.165+0000] {logging_mixin.py:190} INFO - Failed to delete files in /opt/***/extraction/mercadolivre/data/shipping_cost_ml/sh_cost_152.json with error: [Errno 21] Is a directory: '/opt/***/extraction/mercadolivre/data/shipping_cost_ml'
[2025-06-11T18:23:30.167+0000] {logging_mixin.py:190} INFO - Failed to delete files in /opt/***/extraction/mercadolivre/data/shipping_cost_ml/sh_cost_153.json with error: [Errno 21] Is a directory: '/opt/***/extraction/mercadolivre/data/shipping_cost_ml'
[2025-06-11T18:23:30.169+0000] {logging_mixin.py:190} INFO - Failed to delete files in /opt/***/extraction/mercadolivre/data/shipping_cost_ml/sh_cost_154.json with error: [Errno 21] Is a directory: '/opt/***/extraction/mercadolivre/data/shipping_cost_ml'
[2025-06-11T18:23:30.171+0000] {logging_mixin.py:190} INFO - Failed to delete files in /opt/***/extraction/mercadolivre/data/shipping_cost_ml/sh_cost_155.json with error: [Errno 21] Is a directory: '/opt/***/extraction/mercadolivre/data/shipping_cost_ml'
[2025-06-11T18:23:30.173+0000] {logging_mixin.py:190} INFO - Failed to delete files in /opt/***/extraction/mercadolivre/data/shipping_cost_ml/sh_cost_156.json with error: [Errno 21] Is a directory: '/opt/***/extraction/mercadolivre/data/shipping_cost_ml'
[2025-06-11T18:23:30.174+0000] {logging_mixin.py:190} INFO - Failed to delete files in /opt/***/extraction/mercadolivre/data/shipping_cost_ml/sh_cost_157.json with error: [Errno 21] Is a directory: '/opt/***/extraction/mercadolivre/data/shipping_cost_ml'
[2025-06-11T18:23:30.176+0000] {logging_mixin.py:190} INFO - Failed to delete files in /opt/***/extraction/mercadolivre/data/shipping_cost_ml/sh_cost_158.json with error: [Errno 21] Is a directory: '/opt/***/extraction/mercadolivre/data/shipping_cost_ml'
[2025-06-11T18:23:30.178+0000] {logging_mixin.py:190} INFO - Failed to delete files in /opt/***/extraction/mercadolivre/data/shipping_cost_ml/sh_cost_159.json with error: [Errno 21] Is a directory: '/opt/***/extraction/mercadolivre/data/shipping_cost_ml'
[2025-06-11T18:23:30.180+0000] {logging_mixin.py:190} INFO - Failed to delete files in /opt/***/extraction/mercadolivre/data/shipping_cost_ml/sh_cost_16.json with error: [Errno 21] Is a directory: '/opt/***/extraction/mercadolivre/data/shipping_cost_ml'
[2025-06-11T18:23:30.181+0000] {logging_mixin.py:190} INFO - Failed to delete files in /opt/***/extraction/mercadolivre/data/shipping_cost_ml/sh_cost_160.json with error: [Errno 21] Is a directory: '/opt/***/extraction/mercadolivre/data/shipping_cost_ml'
[2025-06-11T18:23:30.183+0000] {logging_mixin.py:190} INFO - Failed to delete files in /opt/***/extraction/mercadolivre/data/shipping_cost_ml/sh_cost_161.json with error: [Errno 21] Is a directory: '/opt/***/extraction/mercadolivre/data/shipping_cost_ml'
[2025-06-11T18:23:30.184+0000] {logging_mixin.py:190} INFO - Failed to delete files in /opt/***/extraction/mercadolivre/data/shipping_cost_ml/sh_cost_162.json with error: [Errno 21] Is a directory: '/opt/***/extraction/mercadolivre/data/shipping_cost_ml'
[2025-06-11T18:23:30.186+0000] {logging_mixin.py:190} INFO - Failed to delete files in /opt/***/extraction/mercadolivre/data/shipping_cost_ml/sh_cost_163.json with error: [Errno 21] Is a directory: '/opt/***/extraction/mercadolivre/data/shipping_cost_ml'
[2025-06-11T18:23:30.187+0000] {logging_mixin.py:190} INFO - Failed to delete files in /opt/***/extraction/mercadolivre/data/shipping_cost_ml/sh_cost_164.json with error: [Errno 21] Is a directory: '/opt/***/extraction/mercadolivre/data/shipping_cost_ml'
[2025-06-11T18:23:30.189+0000] {logging_mixin.py:190} INFO - Failed to delete files in /opt/***/extraction/mercadolivre/data/shipping_cost_ml/sh_cost_165.json with error: [Errno 21] Is a directory: '/opt/***/extraction/mercadolivre/data/shipping_cost_ml'
[2025-06-11T18:23:30.191+0000] {logging_mixin.py:190} INFO - Failed to delete files in /opt/***/extraction/mercadolivre/data/shipping_cost_ml/sh_cost_166.json with error: [Errno 21] Is a directory: '/opt/***/extraction/mercadolivre/data/shipping_cost_ml'
[2025-06-11T18:23:30.192+0000] {logging_mixin.py:190} INFO - Failed to delete files in /opt/***/extraction/mercadolivre/data/shipping_cost_ml/sh_cost_167.json with error: [Errno 21] Is a directory: '/opt/***/extraction/mercadolivre/data/shipping_cost_ml'
[2025-06-11T18:23:30.194+0000] {logging_mixin.py:190} INFO - Failed to delete files in /opt/***/extraction/mercadolivre/data/shipping_cost_ml/sh_cost_168.json with error: [Errno 21] Is a directory: '/opt/***/extraction/mercadolivre/data/shipping_cost_ml'
[2025-06-11T18:23:30.196+0000] {logging_mixin.py:190} INFO - Failed to delete files in /opt/***/extraction/mercadolivre/data/shipping_cost_ml/sh_cost_169.json with error: [Errno 21] Is a directory: '/opt/***/extraction/mercadolivre/data/shipping_cost_ml'
[2025-06-11T18:23:30.197+0000] {logging_mixin.py:190} INFO - Failed to delete files in /opt/***/extraction/mercadolivre/data/shipping_cost_ml/sh_cost_17.json with error: [Errno 21] Is a directory: '/opt/***/extraction/mercadolivre/data/shipping_cost_ml'
[2025-06-11T18:23:30.199+0000] {logging_mixin.py:190} INFO - Failed to delete files in /opt/***/extraction/mercadolivre/data/shipping_cost_ml/sh_cost_170.json with error: [Errno 21] Is a directory: '/opt/***/extraction/mercadolivre/data/shipping_cost_ml'
[2025-06-11T18:23:30.201+0000] {logging_mixin.py:190} INFO - Failed to delete files in /opt/***/extraction/mercadolivre/data/shipping_cost_ml/sh_cost_171.json with error: [Errno 21] Is a directory: '/opt/***/extraction/mercadolivre/data/shipping_cost_ml'
[2025-06-11T18:23:30.202+0000] {logging_mixin.py:190} INFO - Failed to delete files in /opt/***/extraction/mercadolivre/data/shipping_cost_ml/sh_cost_172.json with error: [Errno 21] Is a directory: '/opt/***/extraction/mercadolivre/data/shipping_cost_ml'
[2025-06-11T18:23:30.204+0000] {logging_mixin.py:190} INFO - Failed to delete files in /opt/***/extraction/mercadolivre/data/shipping_cost_ml/sh_cost_173.json with error: [Errno 21] Is a directory: '/opt/***/extraction/mercadolivre/data/shipping_cost_ml'
[2025-06-11T18:23:30.205+0000] {logging_mixin.py:190} INFO - Failed to delete files in /opt/***/extraction/mercadolivre/data/shipping_cost_ml/sh_cost_174.json with error: [Errno 21] Is a directory: '/opt/***/extraction/mercadolivre/data/shipping_cost_ml'
[2025-06-11T18:23:30.207+0000] {logging_mixin.py:190} INFO - Failed to delete files in /opt/***/extraction/mercadolivre/data/shipping_cost_ml/sh_cost_175.json with error: [Errno 21] Is a directory: '/opt/***/extraction/mercadolivre/data/shipping_cost_ml'
[2025-06-11T18:23:30.208+0000] {logging_mixin.py:190} INFO - Failed to delete files in /opt/***/extraction/mercadolivre/data/shipping_cost_ml/sh_cost_176.json with error: [Errno 21] Is a directory: '/opt/***/extraction/mercadolivre/data/shipping_cost_ml'
[2025-06-11T18:23:30.210+0000] {logging_mixin.py:190} INFO - Failed to delete files in /opt/***/extraction/mercadolivre/data/shipping_cost_ml/sh_cost_177.json with error: [Errno 21] Is a directory: '/opt/***/extraction/mercadolivre/data/shipping_cost_ml'
[2025-06-11T18:23:30.211+0000] {logging_mixin.py:190} INFO - Failed to delete files in /opt/***/extraction/mercadolivre/data/shipping_cost_ml/sh_cost_178.json with error: [Errno 21] Is a directory: '/opt/***/extraction/mercadolivre/data/shipping_cost_ml'
[2025-06-11T18:23:30.213+0000] {logging_mixin.py:190} INFO - Failed to delete files in /opt/***/extraction/mercadolivre/data/shipping_cost_ml/sh_cost_179.json with error: [Errno 21] Is a directory: '/opt/***/extraction/mercadolivre/data/shipping_cost_ml'
[2025-06-11T18:23:30.214+0000] {logging_mixin.py:190} INFO - Failed to delete files in /opt/***/extraction/mercadolivre/data/shipping_cost_ml/sh_cost_18.json with error: [Errno 21] Is a directory: '/opt/***/extraction/mercadolivre/data/shipping_cost_ml'
[2025-06-11T18:23:30.216+0000] {logging_mixin.py:190} INFO - Failed to delete files in /opt/***/extraction/mercadolivre/data/shipping_cost_ml/sh_cost_180.json with error: [Errno 21] Is a directory: '/opt/***/extraction/mercadolivre/data/shipping_cost_ml'
[2025-06-11T18:23:30.218+0000] {logging_mixin.py:190} INFO - Failed to delete files in /opt/***/extraction/mercadolivre/data/shipping_cost_ml/sh_cost_181.json with error: [Errno 21] Is a directory: '/opt/***/extraction/mercadolivre/data/shipping_cost_ml'
[2025-06-11T18:23:30.219+0000] {logging_mixin.py:190} INFO - Failed to delete files in /opt/***/extraction/mercadolivre/data/shipping_cost_ml/sh_cost_182.json with error: [Errno 21] Is a directory: '/opt/***/extraction/mercadolivre/data/shipping_cost_ml'
[2025-06-11T18:23:30.221+0000] {logging_mixin.py:190} INFO - Failed to delete files in /opt/***/extraction/mercadolivre/data/shipping_cost_ml/sh_cost_183.json with error: [Errno 21] Is a directory: '/opt/***/extraction/mercadolivre/data/shipping_cost_ml'
[2025-06-11T18:23:30.223+0000] {logging_mixin.py:190} INFO - Failed to delete files in /opt/***/extraction/mercadolivre/data/shipping_cost_ml/sh_cost_184.json with error: [Errno 21] Is a directory: '/opt/***/extraction/mercadolivre/data/shipping_cost_ml'
[2025-06-11T18:23:30.224+0000] {logging_mixin.py:190} INFO - Failed to delete files in /opt/***/extraction/mercadolivre/data/shipping_cost_ml/sh_cost_185.json with error: [Errno 21] Is a directory: '/opt/***/extraction/mercadolivre/data/shipping_cost_ml'
[2025-06-11T18:23:30.226+0000] {logging_mixin.py:190} INFO - Failed to delete files in /opt/***/extraction/mercadolivre/data/shipping_cost_ml/sh_cost_186.json with error: [Errno 21] Is a directory: '/opt/***/extraction/mercadolivre/data/shipping_cost_ml'
[2025-06-11T18:23:30.228+0000] {logging_mixin.py:190} INFO - Failed to delete files in /opt/***/extraction/mercadolivre/data/shipping_cost_ml/sh_cost_187.json with error: [Errno 21] Is a directory: '/opt/***/extraction/mercadolivre/data/shipping_cost_ml'
[2025-06-11T18:23:30.230+0000] {logging_mixin.py:190} INFO - Failed to delete files in /opt/***/extraction/mercadolivre/data/shipping_cost_ml/sh_cost_188.json with error: [Errno 21] Is a directory: '/opt/***/extraction/mercadolivre/data/shipping_cost_ml'
[2025-06-11T18:23:30.231+0000] {logging_mixin.py:190} INFO - Failed to delete files in /opt/***/extraction/mercadolivre/data/shipping_cost_ml/sh_cost_189.json with error: [Errno 21] Is a directory: '/opt/***/extraction/mercadolivre/data/shipping_cost_ml'
[2025-06-11T18:23:30.233+0000] {logging_mixin.py:190} INFO - Failed to delete files in /opt/***/extraction/mercadolivre/data/shipping_cost_ml/sh_cost_19.json with error: [Errno 21] Is a directory: '/opt/***/extraction/mercadolivre/data/shipping_cost_ml'
[2025-06-11T18:23:30.234+0000] {logging_mixin.py:190} INFO - Failed to delete files in /opt/***/extraction/mercadolivre/data/shipping_cost_ml/sh_cost_190.json with error: [Errno 21] Is a directory: '/opt/***/extraction/mercadolivre/data/shipping_cost_ml'
[2025-06-11T18:23:30.236+0000] {logging_mixin.py:190} INFO - Failed to delete files in /opt/***/extraction/mercadolivre/data/shipping_cost_ml/sh_cost_191.json with error: [Errno 21] Is a directory: '/opt/***/extraction/mercadolivre/data/shipping_cost_ml'
[2025-06-11T18:23:30.237+0000] {logging_mixin.py:190} INFO - Failed to delete files in /opt/***/extraction/mercadolivre/data/shipping_cost_ml/sh_cost_192.json with error: [Errno 21] Is a directory: '/opt/***/extraction/mercadolivre/data/shipping_cost_ml'
[2025-06-11T18:23:30.239+0000] {logging_mixin.py:190} INFO - Failed to delete files in /opt/***/extraction/mercadolivre/data/shipping_cost_ml/sh_cost_193.json with error: [Errno 21] Is a directory: '/opt/***/extraction/mercadolivre/data/shipping_cost_ml'
[2025-06-11T18:23:30.241+0000] {logging_mixin.py:190} INFO - Failed to delete files in /opt/***/extraction/mercadolivre/data/shipping_cost_ml/sh_cost_194.json with error: [Errno 21] Is a directory: '/opt/***/extraction/mercadolivre/data/shipping_cost_ml'
[2025-06-11T18:23:30.242+0000] {logging_mixin.py:190} INFO - Failed to delete files in /opt/***/extraction/mercadolivre/data/shipping_cost_ml/sh_cost_195.json with error: [Errno 21] Is a directory: '/opt/***/extraction/mercadolivre/data/shipping_cost_ml'
[2025-06-11T18:23:30.244+0000] {logging_mixin.py:190} INFO - Failed to delete files in /opt/***/extraction/mercadolivre/data/shipping_cost_ml/sh_cost_196.json with error: [Errno 21] Is a directory: '/opt/***/extraction/mercadolivre/data/shipping_cost_ml'
[2025-06-11T18:23:30.246+0000] {logging_mixin.py:190} INFO - Failed to delete files in /opt/***/extraction/mercadolivre/data/shipping_cost_ml/sh_cost_197.json with error: [Errno 21] Is a directory: '/opt/***/extraction/mercadolivre/data/shipping_cost_ml'
[2025-06-11T18:23:30.247+0000] {logging_mixin.py:190} INFO - Failed to delete files in /opt/***/extraction/mercadolivre/data/shipping_cost_ml/sh_cost_198.json with error: [Errno 21] Is a directory: '/opt/***/extraction/mercadolivre/data/shipping_cost_ml'
[2025-06-11T18:23:30.249+0000] {logging_mixin.py:190} INFO - Failed to delete files in /opt/***/extraction/mercadolivre/data/shipping_cost_ml/sh_cost_199.json with error: [Errno 21] Is a directory: '/opt/***/extraction/mercadolivre/data/shipping_cost_ml'
[2025-06-11T18:23:30.251+0000] {logging_mixin.py:190} INFO - Failed to delete files in /opt/***/extraction/mercadolivre/data/shipping_cost_ml/sh_cost_2.json with error: [Errno 21] Is a directory: '/opt/***/extraction/mercadolivre/data/shipping_cost_ml'
[2025-06-11T18:23:30.253+0000] {logging_mixin.py:190} INFO - Failed to delete files in /opt/***/extraction/mercadolivre/data/shipping_cost_ml/sh_cost_20.json with error: [Errno 21] Is a directory: '/opt/***/extraction/mercadolivre/data/shipping_cost_ml'
[2025-06-11T18:23:30.254+0000] {logging_mixin.py:190} INFO - Failed to delete files in /opt/***/extraction/mercadolivre/data/shipping_cost_ml/sh_cost_200.json with error: [Errno 21] Is a directory: '/opt/***/extraction/mercadolivre/data/shipping_cost_ml'
[2025-06-11T18:23:30.255+0000] {logging_mixin.py:190} INFO - Failed to delete files in /opt/***/extraction/mercadolivre/data/shipping_cost_ml/sh_cost_201.json with error: [Errno 21] Is a directory: '/opt/***/extraction/mercadolivre/data/shipping_cost_ml'
[2025-06-11T18:23:30.257+0000] {logging_mixin.py:190} INFO - Failed to delete files in /opt/***/extraction/mercadolivre/data/shipping_cost_ml/sh_cost_202.json with error: [Errno 21] Is a directory: '/opt/***/extraction/mercadolivre/data/shipping_cost_ml'
[2025-06-11T18:23:30.258+0000] {logging_mixin.py:190} INFO - Failed to delete files in /opt/***/extraction/mercadolivre/data/shipping_cost_ml/sh_cost_203.json with error: [Errno 21] Is a directory: '/opt/***/extraction/mercadolivre/data/shipping_cost_ml'
[2025-06-11T18:23:30.260+0000] {logging_mixin.py:190} INFO - Failed to delete files in /opt/***/extraction/mercadolivre/data/shipping_cost_ml/sh_cost_204.json with error: [Errno 21] Is a directory: '/opt/***/extraction/mercadolivre/data/shipping_cost_ml'
[2025-06-11T18:23:30.261+0000] {logging_mixin.py:190} INFO - Failed to delete files in /opt/***/extraction/mercadolivre/data/shipping_cost_ml/sh_cost_205.json with error: [Errno 21] Is a directory: '/opt/***/extraction/mercadolivre/data/shipping_cost_ml'
[2025-06-11T18:23:30.263+0000] {logging_mixin.py:190} INFO - Failed to delete files in /opt/***/extraction/mercadolivre/data/shipping_cost_ml/sh_cost_206.json with error: [Errno 21] Is a directory: '/opt/***/extraction/mercadolivre/data/shipping_cost_ml'
[2025-06-11T18:23:30.264+0000] {logging_mixin.py:190} INFO - Failed to delete files in /opt/***/extraction/mercadolivre/data/shipping_cost_ml/sh_cost_207.json with error: [Errno 21] Is a directory: '/opt/***/extraction/mercadolivre/data/shipping_cost_ml'
[2025-06-11T18:23:30.266+0000] {logging_mixin.py:190} INFO - Failed to delete files in /opt/***/extraction/mercadolivre/data/shipping_cost_ml/sh_cost_208.json with error: [Errno 21] Is a directory: '/opt/***/extraction/mercadolivre/data/shipping_cost_ml'
[2025-06-11T18:23:30.267+0000] {logging_mixin.py:190} INFO - Failed to delete files in /opt/***/extraction/mercadolivre/data/shipping_cost_ml/sh_cost_209.json with error: [Errno 21] Is a directory: '/opt/***/extraction/mercadolivre/data/shipping_cost_ml'
[2025-06-11T18:23:30.269+0000] {logging_mixin.py:190} INFO - Failed to delete files in /opt/***/extraction/mercadolivre/data/shipping_cost_ml/sh_cost_21.json with error: [Errno 21] Is a directory: '/opt/***/extraction/mercadolivre/data/shipping_cost_ml'
[2025-06-11T18:23:30.271+0000] {logging_mixin.py:190} INFO - Failed to delete files in /opt/***/extraction/mercadolivre/data/shipping_cost_ml/sh_cost_210.json with error: [Errno 21] Is a directory: '/opt/***/extraction/mercadolivre/data/shipping_cost_ml'
[2025-06-11T18:23:30.272+0000] {logging_mixin.py:190} INFO - Failed to delete files in /opt/***/extraction/mercadolivre/data/shipping_cost_ml/sh_cost_211.json with error: [Errno 21] Is a directory: '/opt/***/extraction/mercadolivre/data/shipping_cost_ml'
[2025-06-11T18:23:30.274+0000] {logging_mixin.py:190} INFO - Failed to delete files in /opt/***/extraction/mercadolivre/data/shipping_cost_ml/sh_cost_212.json with error: [Errno 21] Is a directory: '/opt/***/extraction/mercadolivre/data/shipping_cost_ml'
[2025-06-11T18:23:30.275+0000] {logging_mixin.py:190} INFO - Failed to delete files in /opt/***/extraction/mercadolivre/data/shipping_cost_ml/sh_cost_213.json with error: [Errno 21] Is a directory: '/opt/***/extraction/mercadolivre/data/shipping_cost_ml'
[2025-06-11T18:23:30.277+0000] {logging_mixin.py:190} INFO - Failed to delete files in /opt/***/extraction/mercadolivre/data/shipping_cost_ml/sh_cost_214.json with error: [Errno 21] Is a directory: '/opt/***/extraction/mercadolivre/data/shipping_cost_ml'
[2025-06-11T18:23:30.278+0000] {logging_mixin.py:190} INFO - Failed to delete files in /opt/***/extraction/mercadolivre/data/shipping_cost_ml/sh_cost_215.json with error: [Errno 21] Is a directory: '/opt/***/extraction/mercadolivre/data/shipping_cost_ml'
[2025-06-11T18:23:30.280+0000] {logging_mixin.py:190} INFO - Failed to delete files in /opt/***/extraction/mercadolivre/data/shipping_cost_ml/sh_cost_216.json with error: [Errno 21] Is a directory: '/opt/***/extraction/mercadolivre/data/shipping_cost_ml'
[2025-06-11T18:23:30.281+0000] {logging_mixin.py:190} INFO - Failed to delete files in /opt/***/extraction/mercadolivre/data/shipping_cost_ml/sh_cost_217.json with error: [Errno 21] Is a directory: '/opt/***/extraction/mercadolivre/data/shipping_cost_ml'
[2025-06-11T18:23:30.283+0000] {logging_mixin.py:190} INFO - Failed to delete files in /opt/***/extraction/mercadolivre/data/shipping_cost_ml/sh_cost_218.json with error: [Errno 21] Is a directory: '/opt/***/extraction/mercadolivre/data/shipping_cost_ml'
[2025-06-11T18:23:30.284+0000] {logging_mixin.py:190} INFO - Failed to delete files in /opt/***/extraction/mercadolivre/data/shipping_cost_ml/sh_cost_219.json with error: [Errno 21] Is a directory: '/opt/***/extraction/mercadolivre/data/shipping_cost_ml'
[2025-06-11T18:23:30.286+0000] {logging_mixin.py:190} INFO - Failed to delete files in /opt/***/extraction/mercadolivre/data/shipping_cost_ml/sh_cost_22.json with error: [Errno 21] Is a directory: '/opt/***/extraction/mercadolivre/data/shipping_cost_ml'
[2025-06-11T18:23:30.288+0000] {logging_mixin.py:190} INFO - Failed to delete files in /opt/***/extraction/mercadolivre/data/shipping_cost_ml/sh_cost_220.json with error: [Errno 21] Is a directory: '/opt/***/extraction/mercadolivre/data/shipping_cost_ml'
[2025-06-11T18:23:30.290+0000] {logging_mixin.py:190} INFO - Failed to delete files in /opt/***/extraction/mercadolivre/data/shipping_cost_ml/sh_cost_221.json with error: [Errno 21] Is a directory: '/opt/***/extraction/mercadolivre/data/shipping_cost_ml'
[2025-06-11T18:23:30.291+0000] {logging_mixin.py:190} INFO - Failed to delete files in /opt/***/extraction/mercadolivre/data/shipping_cost_ml/sh_cost_222.json with error: [Errno 21] Is a directory: '/opt/***/extraction/mercadolivre/data/shipping_cost_ml'
[2025-06-11T18:23:30.293+0000] {logging_mixin.py:190} INFO - Failed to delete files in /opt/***/extraction/mercadolivre/data/shipping_cost_ml/sh_cost_223.json with error: [Errno 21] Is a directory: '/opt/***/extraction/mercadolivre/data/shipping_cost_ml'
[2025-06-11T18:23:30.294+0000] {logging_mixin.py:190} INFO - Failed to delete files in /opt/***/extraction/mercadolivre/data/shipping_cost_ml/sh_cost_224.json with error: [Errno 21] Is a directory: '/opt/***/extraction/mercadolivre/data/shipping_cost_ml'
[2025-06-11T18:23:30.296+0000] {logging_mixin.py:190} INFO - Failed to delete files in /opt/***/extraction/mercadolivre/data/shipping_cost_ml/sh_cost_225.json with error: [Errno 21] Is a directory: '/opt/***/extraction/mercadolivre/data/shipping_cost_ml'
[2025-06-11T18:23:30.297+0000] {logging_mixin.py:190} INFO - Failed to delete files in /opt/***/extraction/mercadolivre/data/shipping_cost_ml/sh_cost_226.json with error: [Errno 21] Is a directory: '/opt/***/extraction/mercadolivre/data/shipping_cost_ml'
[2025-06-11T18:23:30.299+0000] {logging_mixin.py:190} INFO - Failed to delete files in /opt/***/extraction/mercadolivre/data/shipping_cost_ml/sh_cost_227.json with error: [Errno 21] Is a directory: '/opt/***/extraction/mercadolivre/data/shipping_cost_ml'
[2025-06-11T18:23:30.300+0000] {logging_mixin.py:190} INFO - Failed to delete files in /opt/***/extraction/mercadolivre/data/shipping_cost_ml/sh_cost_228.json with error: [Errno 21] Is a directory: '/opt/***/extraction/mercadolivre/data/shipping_cost_ml'
[2025-06-11T18:23:30.302+0000] {logging_mixin.py:190} INFO - Failed to delete files in /opt/***/extraction/mercadolivre/data/shipping_cost_ml/sh_cost_229.json with error: [Errno 21] Is a directory: '/opt/***/extraction/mercadolivre/data/shipping_cost_ml'
[2025-06-11T18:23:30.303+0000] {logging_mixin.py:190} INFO - Failed to delete files in /opt/***/extraction/mercadolivre/data/shipping_cost_ml/sh_cost_23.json with error: [Errno 21] Is a directory: '/opt/***/extraction/mercadolivre/data/shipping_cost_ml'
[2025-06-11T18:23:30.305+0000] {logging_mixin.py:190} INFO - Failed to delete files in /opt/***/extraction/mercadolivre/data/shipping_cost_ml/sh_cost_230.json with error: [Errno 21] Is a directory: '/opt/***/extraction/mercadolivre/data/shipping_cost_ml'
[2025-06-11T18:23:30.306+0000] {logging_mixin.py:190} INFO - Failed to delete files in /opt/***/extraction/mercadolivre/data/shipping_cost_ml/sh_cost_231.json with error: [Errno 21] Is a directory: '/opt/***/extraction/mercadolivre/data/shipping_cost_ml'
[2025-06-11T18:23:30.308+0000] {logging_mixin.py:190} INFO - Failed to delete files in /opt/***/extraction/mercadolivre/data/shipping_cost_ml/sh_cost_232.json with error: [Errno 21] Is a directory: '/opt/***/extraction/mercadolivre/data/shipping_cost_ml'
[2025-06-11T18:23:30.309+0000] {logging_mixin.py:190} INFO - Failed to delete files in /opt/***/extraction/mercadolivre/data/shipping_cost_ml/sh_cost_233.json with error: [Errno 21] Is a directory: '/opt/***/extraction/mercadolivre/data/shipping_cost_ml'
[2025-06-11T18:23:30.311+0000] {logging_mixin.py:190} INFO - Failed to delete files in /opt/***/extraction/mercadolivre/data/shipping_cost_ml/sh_cost_234.json with error: [Errno 21] Is a directory: '/opt/***/extraction/mercadolivre/data/shipping_cost_ml'
[2025-06-11T18:23:30.312+0000] {logging_mixin.py:190} INFO - Failed to delete files in /opt/***/extraction/mercadolivre/data/shipping_cost_ml/sh_cost_235.json with error: [Errno 21] Is a directory: '/opt/***/extraction/mercadolivre/data/shipping_cost_ml'
[2025-06-11T18:23:30.314+0000] {logging_mixin.py:190} INFO - Failed to delete files in /opt/***/extraction/mercadolivre/data/shipping_cost_ml/sh_cost_236.json with error: [Errno 21] Is a directory: '/opt/***/extraction/mercadolivre/data/shipping_cost_ml'
[2025-06-11T18:23:30.316+0000] {logging_mixin.py:190} INFO - Failed to delete files in /opt/***/extraction/mercadolivre/data/shipping_cost_ml/sh_cost_237.json with error: [Errno 21] Is a directory: '/opt/***/extraction/mercadolivre/data/shipping_cost_ml'
[2025-06-11T18:23:30.317+0000] {logging_mixin.py:190} INFO - Failed to delete files in /opt/***/extraction/mercadolivre/data/shipping_cost_ml/sh_cost_238.json with error: [Errno 21] Is a directory: '/opt/***/extraction/mercadolivre/data/shipping_cost_ml'
[2025-06-11T18:23:30.319+0000] {logging_mixin.py:190} INFO - Failed to delete files in /opt/***/extraction/mercadolivre/data/shipping_cost_ml/sh_cost_239.json with error: [Errno 21] Is a directory: '/opt/***/extraction/mercadolivre/data/shipping_cost_ml'
[2025-06-11T18:23:30.320+0000] {logging_mixin.py:190} INFO - Failed to delete files in /opt/***/extraction/mercadolivre/data/shipping_cost_ml/sh_cost_24.json with error: [Errno 21] Is a directory: '/opt/***/extraction/mercadolivre/data/shipping_cost_ml'
[2025-06-11T18:23:30.321+0000] {logging_mixin.py:190} INFO - Failed to delete files in /opt/***/extraction/mercadolivre/data/shipping_cost_ml/sh_cost_240.json with error: [Errno 21] Is a directory: '/opt/***/extraction/mercadolivre/data/shipping_cost_ml'
[2025-06-11T18:23:30.323+0000] {logging_mixin.py:190} INFO - Failed to delete files in /opt/***/extraction/mercadolivre/data/shipping_cost_ml/sh_cost_241.json with error: [Errno 21] Is a directory: '/opt/***/extraction/mercadolivre/data/shipping_cost_ml'
[2025-06-11T18:23:30.324+0000] {logging_mixin.py:190} INFO - Failed to delete files in /opt/***/extraction/mercadolivre/data/shipping_cost_ml/sh_cost_242.json with error: [Errno 21] Is a directory: '/opt/***/extraction/mercadolivre/data/shipping_cost_ml'
[2025-06-11T18:23:30.326+0000] {logging_mixin.py:190} INFO - Failed to delete files in /opt/***/extraction/mercadolivre/data/shipping_cost_ml/sh_cost_243.json with error: [Errno 21] Is a directory: '/opt/***/extraction/mercadolivre/data/shipping_cost_ml'
[2025-06-11T18:23:30.327+0000] {logging_mixin.py:190} INFO - Failed to delete files in /opt/***/extraction/mercadolivre/data/shipping_cost_ml/sh_cost_244.json with error: [Errno 21] Is a directory: '/opt/***/extraction/mercadolivre/data/shipping_cost_ml'
[2025-06-11T18:23:30.329+0000] {logging_mixin.py:190} INFO - Failed to delete files in /opt/***/extraction/mercadolivre/data/shipping_cost_ml/sh_cost_245.json with error: [Errno 21] Is a directory: '/opt/***/extraction/mercadolivre/data/shipping_cost_ml'
[2025-06-11T18:23:30.332+0000] {logging_mixin.py:190} INFO - Failed to delete files in /opt/***/extraction/mercadolivre/data/shipping_cost_ml/sh_cost_246.json with error: [Errno 21] Is a directory: '/opt/***/extraction/mercadolivre/data/shipping_cost_ml'
[2025-06-11T18:23:30.334+0000] {logging_mixin.py:190} INFO - Failed to delete files in /opt/***/extraction/mercadolivre/data/shipping_cost_ml/sh_cost_247.json with error: [Errno 21] Is a directory: '/opt/***/extraction/mercadolivre/data/shipping_cost_ml'
[2025-06-11T18:23:30.335+0000] {logging_mixin.py:190} INFO - Failed to delete files in /opt/***/extraction/mercadolivre/data/shipping_cost_ml/sh_cost_248.json with error: [Errno 21] Is a directory: '/opt/***/extraction/mercadolivre/data/shipping_cost_ml'
[2025-06-11T18:23:30.337+0000] {logging_mixin.py:190} INFO - Failed to delete files in /opt/***/extraction/mercadolivre/data/shipping_cost_ml/sh_cost_249.json with error: [Errno 21] Is a directory: '/opt/***/extraction/mercadolivre/data/shipping_cost_ml'
[2025-06-11T18:23:30.340+0000] {logging_mixin.py:190} INFO - Failed to delete files in /opt/***/extraction/mercadolivre/data/shipping_cost_ml/sh_cost_25.json with error: [Errno 21] Is a directory: '/opt/***/extraction/mercadolivre/data/shipping_cost_ml'
[2025-06-11T18:23:30.342+0000] {logging_mixin.py:190} INFO - Failed to delete files in /opt/***/extraction/mercadolivre/data/shipping_cost_ml/sh_cost_250.json with error: [Errno 21] Is a directory: '/opt/***/extraction/mercadolivre/data/shipping_cost_ml'
[2025-06-11T18:23:30.344+0000] {logging_mixin.py:190} INFO - Failed to delete files in /opt/***/extraction/mercadolivre/data/shipping_cost_ml/sh_cost_251.json with error: [Errno 21] Is a directory: '/opt/***/extraction/mercadolivre/data/shipping_cost_ml'
[2025-06-11T18:23:30.346+0000] {logging_mixin.py:190} INFO - Failed to delete files in /opt/***/extraction/mercadolivre/data/shipping_cost_ml/sh_cost_252.json with error: [Errno 21] Is a directory: '/opt/***/extraction/mercadolivre/data/shipping_cost_ml'
[2025-06-11T18:23:30.348+0000] {logging_mixin.py:190} INFO - Failed to delete files in /opt/***/extraction/mercadolivre/data/shipping_cost_ml/sh_cost_253.json with error: [Errno 21] Is a directory: '/opt/***/extraction/mercadolivre/data/shipping_cost_ml'
[2025-06-11T18:23:30.350+0000] {logging_mixin.py:190} INFO - Failed to delete files in /opt/***/extraction/mercadolivre/data/shipping_cost_ml/sh_cost_254.json with error: [Errno 21] Is a directory: '/opt/***/extraction/mercadolivre/data/shipping_cost_ml'
[2025-06-11T18:23:30.352+0000] {logging_mixin.py:190} INFO - Failed to delete files in /opt/***/extraction/mercadolivre/data/shipping_cost_ml/sh_cost_255.json with error: [Errno 21] Is a directory: '/opt/***/extraction/mercadolivre/data/shipping_cost_ml'
[2025-06-11T18:23:30.353+0000] {logging_mixin.py:190} INFO - Failed to delete files in /opt/***/extraction/mercadolivre/data/shipping_cost_ml/sh_cost_256.json with error: [Errno 21] Is a directory: '/opt/***/extraction/mercadolivre/data/shipping_cost_ml'
[2025-06-11T18:23:30.355+0000] {logging_mixin.py:190} INFO - Failed to delete files in /opt/***/extraction/mercadolivre/data/shipping_cost_ml/sh_cost_257.json with error: [Errno 21] Is a directory: '/opt/***/extraction/mercadolivre/data/shipping_cost_ml'
[2025-06-11T18:23:30.357+0000] {logging_mixin.py:190} INFO - Failed to delete files in /opt/***/extraction/mercadolivre/data/shipping_cost_ml/sh_cost_258.json with error: [Errno 21] Is a directory: '/opt/***/extraction/mercadolivre/data/shipping_cost_ml'
[2025-06-11T18:23:30.359+0000] {logging_mixin.py:190} INFO - Failed to delete files in /opt/***/extraction/mercadolivre/data/shipping_cost_ml/sh_cost_259.json with error: [Errno 21] Is a directory: '/opt/***/extraction/mercadolivre/data/shipping_cost_ml'
[2025-06-11T18:23:30.362+0000] {logging_mixin.py:190} INFO - Failed to delete files in /opt/***/extraction/mercadolivre/data/shipping_cost_ml/sh_cost_26.json with error: [Errno 21] Is a directory: '/opt/***/extraction/mercadolivre/data/shipping_cost_ml'
[2025-06-11T18:23:30.364+0000] {logging_mixin.py:190} INFO - Failed to delete files in /opt/***/extraction/mercadolivre/data/shipping_cost_ml/sh_cost_260.json with error: [Errno 21] Is a directory: '/opt/***/extraction/mercadolivre/data/shipping_cost_ml'
[2025-06-11T18:23:30.366+0000] {logging_mixin.py:190} INFO - Failed to delete files in /opt/***/extraction/mercadolivre/data/shipping_cost_ml/sh_cost_261.json with error: [Errno 21] Is a directory: '/opt/***/extraction/mercadolivre/data/shipping_cost_ml'
[2025-06-11T18:23:30.368+0000] {logging_mixin.py:190} INFO - Failed to delete files in /opt/***/extraction/mercadolivre/data/shipping_cost_ml/sh_cost_262.json with error: [Errno 21] Is a directory: '/opt/***/extraction/mercadolivre/data/shipping_cost_ml'
[2025-06-11T18:23:30.370+0000] {logging_mixin.py:190} INFO - Failed to delete files in /opt/***/extraction/mercadolivre/data/shipping_cost_ml/sh_cost_263.json with error: [Errno 21] Is a directory: '/opt/***/extraction/mercadolivre/data/shipping_cost_ml'
[2025-06-11T18:23:30.371+0000] {logging_mixin.py:190} INFO - Failed to delete files in /opt/***/extraction/mercadolivre/data/shipping_cost_ml/sh_cost_264.json with error: [Errno 21] Is a directory: '/opt/***/extraction/mercadolivre/data/shipping_cost_ml'
[2025-06-11T18:23:30.373+0000] {logging_mixin.py:190} INFO - Failed to delete files in /opt/***/extraction/mercadolivre/data/shipping_cost_ml/sh_cost_265.json with error: [Errno 21] Is a directory: '/opt/***/extraction/mercadolivre/data/shipping_cost_ml'
[2025-06-11T18:23:30.374+0000] {logging_mixin.py:190} INFO - Failed to delete files in /opt/***/extraction/mercadolivre/data/shipping_cost_ml/sh_cost_266.json with error: [Errno 21] Is a directory: '/opt/***/extraction/mercadolivre/data/shipping_cost_ml'
[2025-06-11T18:23:30.376+0000] {logging_mixin.py:190} INFO - Failed to delete files in /opt/***/extraction/mercadolivre/data/shipping_cost_ml/sh_cost_267.json with error: [Errno 21] Is a directory: '/opt/***/extraction/mercadolivre/data/shipping_cost_ml'
[2025-06-11T18:23:30.377+0000] {logging_mixin.py:190} INFO - Failed to delete files in /opt/***/extraction/mercadolivre/data/shipping_cost_ml/sh_cost_27.json with error: [Errno 21] Is a directory: '/opt/***/extraction/mercadolivre/data/shipping_cost_ml'
[2025-06-11T18:23:30.379+0000] {logging_mixin.py:190} INFO - Failed to delete files in /opt/***/extraction/mercadolivre/data/shipping_cost_ml/sh_cost_28.json with error: [Errno 21] Is a directory: '/opt/***/extraction/mercadolivre/data/shipping_cost_ml'
[2025-06-11T18:23:30.380+0000] {logging_mixin.py:190} INFO - Failed to delete files in /opt/***/extraction/mercadolivre/data/shipping_cost_ml/sh_cost_29.json with error: [Errno 21] Is a directory: '/opt/***/extraction/mercadolivre/data/shipping_cost_ml'
[2025-06-11T18:23:30.382+0000] {logging_mixin.py:190} INFO - Failed to delete files in /opt/***/extraction/mercadolivre/data/shipping_cost_ml/sh_cost_3.json with error: [Errno 21] Is a directory: '/opt/***/extraction/mercadolivre/data/shipping_cost_ml'
[2025-06-11T18:23:30.383+0000] {logging_mixin.py:190} INFO - Failed to delete files in /opt/***/extraction/mercadolivre/data/shipping_cost_ml/sh_cost_30.json with error: [Errno 21] Is a directory: '/opt/***/extraction/mercadolivre/data/shipping_cost_ml'
[2025-06-11T18:23:30.385+0000] {logging_mixin.py:190} INFO - Failed to delete files in /opt/***/extraction/mercadolivre/data/shipping_cost_ml/sh_cost_31.json with error: [Errno 21] Is a directory: '/opt/***/extraction/mercadolivre/data/shipping_cost_ml'
[2025-06-11T18:23:30.386+0000] {logging_mixin.py:190} INFO - Failed to delete files in /opt/***/extraction/mercadolivre/data/shipping_cost_ml/sh_cost_32.json with error: [Errno 21] Is a directory: '/opt/***/extraction/mercadolivre/data/shipping_cost_ml'
[2025-06-11T18:23:30.388+0000] {logging_mixin.py:190} INFO - Failed to delete files in /opt/***/extraction/mercadolivre/data/shipping_cost_ml/sh_cost_33.json with error: [Errno 21] Is a directory: '/opt/***/extraction/mercadolivre/data/shipping_cost_ml'
[2025-06-11T18:23:30.389+0000] {logging_mixin.py:190} INFO - Failed to delete files in /opt/***/extraction/mercadolivre/data/shipping_cost_ml/sh_cost_34.json with error: [Errno 21] Is a directory: '/opt/***/extraction/mercadolivre/data/shipping_cost_ml'
[2025-06-11T18:23:30.391+0000] {logging_mixin.py:190} INFO - Failed to delete files in /opt/***/extraction/mercadolivre/data/shipping_cost_ml/sh_cost_35.json with error: [Errno 21] Is a directory: '/opt/***/extraction/mercadolivre/data/shipping_cost_ml'
[2025-06-11T18:23:30.392+0000] {logging_mixin.py:190} INFO - Failed to delete files in /opt/***/extraction/mercadolivre/data/shipping_cost_ml/sh_cost_36.json with error: [Errno 21] Is a directory: '/opt/***/extraction/mercadolivre/data/shipping_cost_ml'
[2025-06-11T18:23:30.394+0000] {logging_mixin.py:190} INFO - Failed to delete files in /opt/***/extraction/mercadolivre/data/shipping_cost_ml/sh_cost_37.json with error: [Errno 21] Is a directory: '/opt/***/extraction/mercadolivre/data/shipping_cost_ml'
[2025-06-11T18:23:30.395+0000] {logging_mixin.py:190} INFO - Failed to delete files in /opt/***/extraction/mercadolivre/data/shipping_cost_ml/sh_cost_38.json with error: [Errno 21] Is a directory: '/opt/***/extraction/mercadolivre/data/shipping_cost_ml'
[2025-06-11T18:23:30.397+0000] {logging_mixin.py:190} INFO - Failed to delete files in /opt/***/extraction/mercadolivre/data/shipping_cost_ml/sh_cost_39.json with error: [Errno 21] Is a directory: '/opt/***/extraction/mercadolivre/data/shipping_cost_ml'
[2025-06-11T18:23:30.398+0000] {logging_mixin.py:190} INFO - Failed to delete files in /opt/***/extraction/mercadolivre/data/shipping_cost_ml/sh_cost_4.json with error: [Errno 21] Is a directory: '/opt/***/extraction/mercadolivre/data/shipping_cost_ml'
[2025-06-11T18:23:30.400+0000] {logging_mixin.py:190} INFO - Failed to delete files in /opt/***/extraction/mercadolivre/data/shipping_cost_ml/sh_cost_40.json with error: [Errno 21] Is a directory: '/opt/***/extraction/mercadolivre/data/shipping_cost_ml'
[2025-06-11T18:23:30.401+0000] {logging_mixin.py:190} INFO - Failed to delete files in /opt/***/extraction/mercadolivre/data/shipping_cost_ml/sh_cost_41.json with error: [Errno 21] Is a directory: '/opt/***/extraction/mercadolivre/data/shipping_cost_ml'
[2025-06-11T18:23:30.403+0000] {logging_mixin.py:190} INFO - Failed to delete files in /opt/***/extraction/mercadolivre/data/shipping_cost_ml/sh_cost_42.json with error: [Errno 21] Is a directory: '/opt/***/extraction/mercadolivre/data/shipping_cost_ml'
[2025-06-11T18:23:30.404+0000] {logging_mixin.py:190} INFO - Failed to delete files in /opt/***/extraction/mercadolivre/data/shipping_cost_ml/sh_cost_43.json with error: [Errno 21] Is a directory: '/opt/***/extraction/mercadolivre/data/shipping_cost_ml'
[2025-06-11T18:23:30.406+0000] {logging_mixin.py:190} INFO - Failed to delete files in /opt/***/extraction/mercadolivre/data/shipping_cost_ml/sh_cost_44.json with error: [Errno 21] Is a directory: '/opt/***/extraction/mercadolivre/data/shipping_cost_ml'
[2025-06-11T18:23:30.408+0000] {logging_mixin.py:190} INFO - Failed to delete files in /opt/***/extraction/mercadolivre/data/shipping_cost_ml/sh_cost_45.json with error: [Errno 21] Is a directory: '/opt/***/extraction/mercadolivre/data/shipping_cost_ml'
[2025-06-11T18:23:30.409+0000] {logging_mixin.py:190} INFO - Failed to delete files in /opt/***/extraction/mercadolivre/data/shipping_cost_ml/sh_cost_46.json with error: [Errno 21] Is a directory: '/opt/***/extraction/mercadolivre/data/shipping_cost_ml'
[2025-06-11T18:23:30.411+0000] {logging_mixin.py:190} INFO - Failed to delete files in /opt/***/extraction/mercadolivre/data/shipping_cost_ml/sh_cost_47.json with error: [Errno 21] Is a directory: '/opt/***/extraction/mercadolivre/data/shipping_cost_ml'
[2025-06-11T18:23:30.412+0000] {logging_mixin.py:190} INFO - Failed to delete files in /opt/***/extraction/mercadolivre/data/shipping_cost_ml/sh_cost_48.json with error: [Errno 21] Is a directory: '/opt/***/extraction/mercadolivre/data/shipping_cost_ml'
[2025-06-11T18:23:30.414+0000] {logging_mixin.py:190} INFO - Failed to delete files in /opt/***/extraction/mercadolivre/data/shipping_cost_ml/sh_cost_49.json with error: [Errno 21] Is a directory: '/opt/***/extraction/mercadolivre/data/shipping_cost_ml'
[2025-06-11T18:23:30.415+0000] {logging_mixin.py:190} INFO - Failed to delete files in /opt/***/extraction/mercadolivre/data/shipping_cost_ml/sh_cost_5.json with error: [Errno 21] Is a directory: '/opt/***/extraction/mercadolivre/data/shipping_cost_ml'
[2025-06-11T18:23:30.416+0000] {logging_mixin.py:190} INFO - Failed to delete files in /opt/***/extraction/mercadolivre/data/shipping_cost_ml/sh_cost_50.json with error: [Errno 21] Is a directory: '/opt/***/extraction/mercadolivre/data/shipping_cost_ml'
[2025-06-11T18:23:30.418+0000] {logging_mixin.py:190} INFO - Failed to delete files in /opt/***/extraction/mercadolivre/data/shipping_cost_ml/sh_cost_51.json with error: [Errno 21] Is a directory: '/opt/***/extraction/mercadolivre/data/shipping_cost_ml'
[2025-06-11T18:23:30.419+0000] {logging_mixin.py:190} INFO - Failed to delete files in /opt/***/extraction/mercadolivre/data/shipping_cost_ml/sh_cost_52.json with error: [Errno 21] Is a directory: '/opt/***/extraction/mercadolivre/data/shipping_cost_ml'
[2025-06-11T18:23:30.421+0000] {logging_mixin.py:190} INFO - Failed to delete files in /opt/***/extraction/mercadolivre/data/shipping_cost_ml/sh_cost_53.json with error: [Errno 21] Is a directory: '/opt/***/extraction/mercadolivre/data/shipping_cost_ml'
[2025-06-11T18:23:30.422+0000] {logging_mixin.py:190} INFO - Failed to delete files in /opt/***/extraction/mercadolivre/data/shipping_cost_ml/sh_cost_54.json with error: [Errno 21] Is a directory: '/opt/***/extraction/mercadolivre/data/shipping_cost_ml'
[2025-06-11T18:23:30.423+0000] {logging_mixin.py:190} INFO - Failed to delete files in /opt/***/extraction/mercadolivre/data/shipping_cost_ml/sh_cost_55.json with error: [Errno 21] Is a directory: '/opt/***/extraction/mercadolivre/data/shipping_cost_ml'
[2025-06-11T18:23:30.425+0000] {logging_mixin.py:190} INFO - Failed to delete files in /opt/***/extraction/mercadolivre/data/shipping_cost_ml/sh_cost_56.json with error: [Errno 21] Is a directory: '/opt/***/extraction/mercadolivre/data/shipping_cost_ml'
[2025-06-11T18:23:30.427+0000] {logging_mixin.py:190} INFO - Failed to delete files in /opt/***/extraction/mercadolivre/data/shipping_cost_ml/sh_cost_57.json with error: [Errno 21] Is a directory: '/opt/***/extraction/mercadolivre/data/shipping_cost_ml'
[2025-06-11T18:23:30.428+0000] {logging_mixin.py:190} INFO - Failed to delete files in /opt/***/extraction/mercadolivre/data/shipping_cost_ml/sh_cost_58.json with error: [Errno 21] Is a directory: '/opt/***/extraction/mercadolivre/data/shipping_cost_ml'
[2025-06-11T18:23:30.430+0000] {logging_mixin.py:190} INFO - Failed to delete files in /opt/***/extraction/mercadolivre/data/shipping_cost_ml/sh_cost_59.json with error: [Errno 21] Is a directory: '/opt/***/extraction/mercadolivre/data/shipping_cost_ml'
[2025-06-11T18:23:30.432+0000] {logging_mixin.py:190} INFO - Failed to delete files in /opt/***/extraction/mercadolivre/data/shipping_cost_ml/sh_cost_6.json with error: [Errno 21] Is a directory: '/opt/***/extraction/mercadolivre/data/shipping_cost_ml'
[2025-06-11T18:23:30.434+0000] {logging_mixin.py:190} INFO - Failed to delete files in /opt/***/extraction/mercadolivre/data/shipping_cost_ml/sh_cost_60.json with error: [Errno 21] Is a directory: '/opt/***/extraction/mercadolivre/data/shipping_cost_ml'
[2025-06-11T18:23:30.435+0000] {logging_mixin.py:190} INFO - Failed to delete files in /opt/***/extraction/mercadolivre/data/shipping_cost_ml/sh_cost_61.json with error: [Errno 21] Is a directory: '/opt/***/extraction/mercadolivre/data/shipping_cost_ml'
[2025-06-11T18:23:30.437+0000] {logging_mixin.py:190} INFO - Failed to delete files in /opt/***/extraction/mercadolivre/data/shipping_cost_ml/sh_cost_62.json with error: [Errno 21] Is a directory: '/opt/***/extraction/mercadolivre/data/shipping_cost_ml'
[2025-06-11T18:23:30.439+0000] {logging_mixin.py:190} INFO - Failed to delete files in /opt/***/extraction/mercadolivre/data/shipping_cost_ml/sh_cost_63.json with error: [Errno 21] Is a directory: '/opt/***/extraction/mercadolivre/data/shipping_cost_ml'
[2025-06-11T18:23:30.441+0000] {logging_mixin.py:190} INFO - Failed to delete files in /opt/***/extraction/mercadolivre/data/shipping_cost_ml/sh_cost_64.json with error: [Errno 21] Is a directory: '/opt/***/extraction/mercadolivre/data/shipping_cost_ml'
[2025-06-11T18:23:30.444+0000] {logging_mixin.py:190} INFO - Failed to delete files in /opt/***/extraction/mercadolivre/data/shipping_cost_ml/sh_cost_65.json with error: [Errno 21] Is a directory: '/opt/***/extraction/mercadolivre/data/shipping_cost_ml'
[2025-06-11T18:23:30.446+0000] {logging_mixin.py:190} INFO - Failed to delete files in /opt/***/extraction/mercadolivre/data/shipping_cost_ml/sh_cost_66.json with error: [Errno 21] Is a directory: '/opt/***/extraction/mercadolivre/data/shipping_cost_ml'
[2025-06-11T18:23:30.447+0000] {logging_mixin.py:190} INFO - Failed to delete files in /opt/***/extraction/mercadolivre/data/shipping_cost_ml/sh_cost_67.json with error: [Errno 21] Is a directory: '/opt/***/extraction/mercadolivre/data/shipping_cost_ml'
[2025-06-11T18:23:30.449+0000] {logging_mixin.py:190} INFO - Failed to delete files in /opt/***/extraction/mercadolivre/data/shipping_cost_ml/sh_cost_68.json with error: [Errno 21] Is a directory: '/opt/***/extraction/mercadolivre/data/shipping_cost_ml'
[2025-06-11T18:23:30.450+0000] {logging_mixin.py:190} INFO - Failed to delete files in /opt/***/extraction/mercadolivre/data/shipping_cost_ml/sh_cost_69.json with error: [Errno 21] Is a directory: '/opt/***/extraction/mercadolivre/data/shipping_cost_ml'
[2025-06-11T18:23:30.452+0000] {logging_mixin.py:190} INFO - Failed to delete files in /opt/***/extraction/mercadolivre/data/shipping_cost_ml/sh_cost_7.json with error: [Errno 21] Is a directory: '/opt/***/extraction/mercadolivre/data/shipping_cost_ml'
[2025-06-11T18:23:30.453+0000] {logging_mixin.py:190} INFO - Failed to delete files in /opt/***/extraction/mercadolivre/data/shipping_cost_ml/sh_cost_70.json with error: [Errno 21] Is a directory: '/opt/***/extraction/mercadolivre/data/shipping_cost_ml'
[2025-06-11T18:23:30.455+0000] {logging_mixin.py:190} INFO - Failed to delete files in /opt/***/extraction/mercadolivre/data/shipping_cost_ml/sh_cost_71.json with error: [Errno 21] Is a directory: '/opt/***/extraction/mercadolivre/data/shipping_cost_ml'
[2025-06-11T18:23:30.457+0000] {logging_mixin.py:190} INFO - Failed to delete files in /opt/***/extraction/mercadolivre/data/shipping_cost_ml/sh_cost_72.json with error: [Errno 21] Is a directory: '/opt/***/extraction/mercadolivre/data/shipping_cost_ml'
[2025-06-11T18:23:30.460+0000] {logging_mixin.py:190} INFO - Failed to delete files in /opt/***/extraction/mercadolivre/data/shipping_cost_ml/sh_cost_73.json with error: [Errno 21] Is a directory: '/opt/***/extraction/mercadolivre/data/shipping_cost_ml'
[2025-06-11T18:23:30.462+0000] {logging_mixin.py:190} INFO - Failed to delete files in /opt/***/extraction/mercadolivre/data/shipping_cost_ml/sh_cost_74.json with error: [Errno 21] Is a directory: '/opt/***/extraction/mercadolivre/data/shipping_cost_ml'
[2025-06-11T18:23:30.464+0000] {logging_mixin.py:190} INFO - Failed to delete files in /opt/***/extraction/mercadolivre/data/shipping_cost_ml/sh_cost_75.json with error: [Errno 21] Is a directory: '/opt/***/extraction/mercadolivre/data/shipping_cost_ml'
[2025-06-11T18:23:30.466+0000] {logging_mixin.py:190} INFO - Failed to delete files in /opt/***/extraction/mercadolivre/data/shipping_cost_ml/sh_cost_76.json with error: [Errno 21] Is a directory: '/opt/***/extraction/mercadolivre/data/shipping_cost_ml'
[2025-06-11T18:23:30.467+0000] {logging_mixin.py:190} INFO - Failed to delete files in /opt/***/extraction/mercadolivre/data/shipping_cost_ml/sh_cost_77.json with error: [Errno 21] Is a directory: '/opt/***/extraction/mercadolivre/data/shipping_cost_ml'
[2025-06-11T18:23:30.469+0000] {logging_mixin.py:190} INFO - Failed to delete files in /opt/***/extraction/mercadolivre/data/shipping_cost_ml/sh_cost_78.json with error: [Errno 21] Is a directory: '/opt/***/extraction/mercadolivre/data/shipping_cost_ml'
[2025-06-11T18:23:30.471+0000] {logging_mixin.py:190} INFO - Failed to delete files in /opt/***/extraction/mercadolivre/data/shipping_cost_ml/sh_cost_79.json with error: [Errno 21] Is a directory: '/opt/***/extraction/mercadolivre/data/shipping_cost_ml'
[2025-06-11T18:23:30.472+0000] {logging_mixin.py:190} INFO - Failed to delete files in /opt/***/extraction/mercadolivre/data/shipping_cost_ml/sh_cost_8.json with error: [Errno 21] Is a directory: '/opt/***/extraction/mercadolivre/data/shipping_cost_ml'
[2025-06-11T18:23:30.474+0000] {logging_mixin.py:190} INFO - Failed to delete files in /opt/***/extraction/mercadolivre/data/shipping_cost_ml/sh_cost_80.json with error: [Errno 21] Is a directory: '/opt/***/extraction/mercadolivre/data/shipping_cost_ml'
[2025-06-11T18:23:30.476+0000] {logging_mixin.py:190} INFO - Failed to delete files in /opt/***/extraction/mercadolivre/data/shipping_cost_ml/sh_cost_81.json with error: [Errno 21] Is a directory: '/opt/***/extraction/mercadolivre/data/shipping_cost_ml'
[2025-06-11T18:23:30.478+0000] {logging_mixin.py:190} INFO - Failed to delete files in /opt/***/extraction/mercadolivre/data/shipping_cost_ml/sh_cost_82.json with error: [Errno 21] Is a directory: '/opt/***/extraction/mercadolivre/data/shipping_cost_ml'
[2025-06-11T18:23:30.480+0000] {logging_mixin.py:190} INFO - Failed to delete files in /opt/***/extraction/mercadolivre/data/shipping_cost_ml/sh_cost_83.json with error: [Errno 21] Is a directory: '/opt/***/extraction/mercadolivre/data/shipping_cost_ml'
[2025-06-11T18:23:30.481+0000] {logging_mixin.py:190} INFO - Failed to delete files in /opt/***/extraction/mercadolivre/data/shipping_cost_ml/sh_cost_84.json with error: [Errno 21] Is a directory: '/opt/***/extraction/mercadolivre/data/shipping_cost_ml'
[2025-06-11T18:23:30.483+0000] {logging_mixin.py:190} INFO - Failed to delete files in /opt/***/extraction/mercadolivre/data/shipping_cost_ml/sh_cost_85.json with error: [Errno 21] Is a directory: '/opt/***/extraction/mercadolivre/data/shipping_cost_ml'
[2025-06-11T18:23:30.484+0000] {logging_mixin.py:190} INFO - Failed to delete files in /opt/***/extraction/mercadolivre/data/shipping_cost_ml/sh_cost_86.json with error: [Errno 21] Is a directory: '/opt/***/extraction/mercadolivre/data/shipping_cost_ml'
[2025-06-11T18:23:30.485+0000] {logging_mixin.py:190} INFO - Failed to delete files in /opt/***/extraction/mercadolivre/data/shipping_cost_ml/sh_cost_87.json with error: [Errno 21] Is a directory: '/opt/***/extraction/mercadolivre/data/shipping_cost_ml'
[2025-06-11T18:23:30.487+0000] {logging_mixin.py:190} INFO - Failed to delete files in /opt/***/extraction/mercadolivre/data/shipping_cost_ml/sh_cost_88.json with error: [Errno 21] Is a directory: '/opt/***/extraction/mercadolivre/data/shipping_cost_ml'
[2025-06-11T18:23:30.489+0000] {logging_mixin.py:190} INFO - Failed to delete files in /opt/***/extraction/mercadolivre/data/shipping_cost_ml/sh_cost_89.json with error: [Errno 21] Is a directory: '/opt/***/extraction/mercadolivre/data/shipping_cost_ml'
[2025-06-11T18:23:30.490+0000] {logging_mixin.py:190} INFO - Failed to delete files in /opt/***/extraction/mercadolivre/data/shipping_cost_ml/sh_cost_9.json with error: [Errno 21] Is a directory: '/opt/***/extraction/mercadolivre/data/shipping_cost_ml'
[2025-06-11T18:23:30.491+0000] {logging_mixin.py:190} INFO - Failed to delete files in /opt/***/extraction/mercadolivre/data/shipping_cost_ml/sh_cost_90.json with error: [Errno 21] Is a directory: '/opt/***/extraction/mercadolivre/data/shipping_cost_ml'
[2025-06-11T18:23:30.493+0000] {logging_mixin.py:190} INFO - Failed to delete files in /opt/***/extraction/mercadolivre/data/shipping_cost_ml/sh_cost_91.json with error: [Errno 21] Is a directory: '/opt/***/extraction/mercadolivre/data/shipping_cost_ml'
[2025-06-11T18:23:30.494+0000] {logging_mixin.py:190} INFO - Failed to delete files in /opt/***/extraction/mercadolivre/data/shipping_cost_ml/sh_cost_92.json with error: [Errno 21] Is a directory: '/opt/***/extraction/mercadolivre/data/shipping_cost_ml'
[2025-06-11T18:23:30.496+0000] {logging_mixin.py:190} INFO - Failed to delete files in /opt/***/extraction/mercadolivre/data/shipping_cost_ml/sh_cost_93.json with error: [Errno 21] Is a directory: '/opt/***/extraction/mercadolivre/data/shipping_cost_ml'
[2025-06-11T18:23:30.497+0000] {logging_mixin.py:190} INFO - Failed to delete files in /opt/***/extraction/mercadolivre/data/shipping_cost_ml/sh_cost_94.json with error: [Errno 21] Is a directory: '/opt/***/extraction/mercadolivre/data/shipping_cost_ml'
[2025-06-11T18:23:30.498+0000] {logging_mixin.py:190} INFO - Failed to delete files in /opt/***/extraction/mercadolivre/data/shipping_cost_ml/sh_cost_95.json with error: [Errno 21] Is a directory: '/opt/***/extraction/mercadolivre/data/shipping_cost_ml'
[2025-06-11T18:23:30.500+0000] {logging_mixin.py:190} INFO - Failed to delete files in /opt/***/extraction/mercadolivre/data/shipping_cost_ml/sh_cost_96.json with error: [Errno 21] Is a directory: '/opt/***/extraction/mercadolivre/data/shipping_cost_ml'
[2025-06-11T18:23:30.501+0000] {logging_mixin.py:190} INFO - Failed to delete files in /opt/***/extraction/mercadolivre/data/shipping_cost_ml/sh_cost_97.json with error: [Errno 21] Is a directory: '/opt/***/extraction/mercadolivre/data/shipping_cost_ml'
[2025-06-11T18:23:30.503+0000] {logging_mixin.py:190} INFO - Failed to delete files in /opt/***/extraction/mercadolivre/data/shipping_cost_ml/sh_cost_98.json with error: [Errno 21] Is a directory: '/opt/***/extraction/mercadolivre/data/shipping_cost_ml'
[2025-06-11T18:23:30.504+0000] {logging_mixin.py:190} INFO - Failed to delete files in /opt/***/extraction/mercadolivre/data/shipping_cost_ml/sh_cost_99.json with error: [Errno 21] Is a directory: '/opt/***/extraction/mercadolivre/data/shipping_cost_ml'
[2025-06-11T18:23:30.504+0000] {python.py:240} INFO - Done. Returned value was: None
[2025-06-11T18:23:30.515+0000] {taskinstance.py:340} INFO - ::group::Post task execution logs
[2025-06-11T18:23:30.515+0000] {taskinstance.py:352} INFO - Marking task as SUCCESS. dag_id=06_delete_entry_data, task_id=delete_ml_sh_files, run_id=manual__2025-06-11T18:23:27.423834+00:00, execution_date=20250611T182327, start_date=20250611T182329, end_date=20250611T182330
[2025-06-11T18:23:30.534+0000] {local_task_job_runner.py:266} INFO - Task exited with return code 0
[2025-06-11T18:23:30.551+0000] {taskinstance.py:3895} INFO - 0 downstream tasks scheduled from follow-on schedule check
[2025-06-11T18:23:30.554+0000] {local_task_job_runner.py:245} INFO - ::endgroup::
