[2025-06-10T20:07:35.429+0000] {local_task_job_runner.py:123} INFO - ::group::Pre task execution logs
[2025-06-10T20:07:35.446+0000] {taskinstance.py:2613} INFO - Dependencies all met for dep_context=non-requeueable deps ti=<TaskInstance: 05_transform_data.run_dbt manual__2025-06-10T20:07:26.034952+00:00 [queued]>
[2025-06-10T20:07:35.454+0000] {taskinstance.py:2613} INFO - Dependencies all met for dep_context=requeueable deps ti=<TaskInstance: 05_transform_data.run_dbt manual__2025-06-10T20:07:26.034952+00:00 [queued]>
[2025-06-10T20:07:35.455+0000] {taskinstance.py:2866} INFO - Starting attempt 1 of 1
[2025-06-10T20:07:35.466+0000] {taskinstance.py:2889} INFO - Executing <Task(PythonOperator): run_dbt> on 2025-06-10 20:07:26.034952+00:00
[2025-06-10T20:07:35.470+0000] {standard_task_runner.py:72} INFO - Started process 4188 to run task
[2025-06-10T20:07:35.473+0000] {standard_task_runner.py:104} INFO - Running: ['***', 'tasks', 'run', '05_transform_data', 'run_dbt', 'manual__2025-06-10T20:07:26.034952+00:00', '--job-id', '723', '--raw', '--subdir', 'DAGS_FOLDER/05_transform_data.py', '--cfg-path', '/tmp/tmp3pwjpvdt']
[2025-06-10T20:07:35.475+0000] {standard_task_runner.py:105} INFO - Job 723: Subtask run_dbt
[2025-06-10T20:07:35.526+0000] {task_command.py:467} INFO - Running <TaskInstance: 05_transform_data.run_dbt manual__2025-06-10T20:07:26.034952+00:00 [running]> on host 28e6a58e4107
[2025-06-10T20:07:35.603+0000] {taskinstance.py:3132} INFO - Exporting env vars: AIRFLOW_CTX_DAG_OWNER='***' AIRFLOW_CTX_DAG_ID='05_transform_data' AIRFLOW_CTX_TASK_ID='run_dbt' AIRFLOW_CTX_EXECUTION_DATE='2025-06-10T20:07:26.034952+00:00' AIRFLOW_CTX_TRY_NUMBER='1' AIRFLOW_CTX_DAG_RUN_ID='manual__2025-06-10T20:07:26.034952+00:00'
[2025-06-10T20:07:35.604+0000] {taskinstance.py:731} INFO - ::endgroup::
[2025-06-10T20:07:37.036+0000] {logging_mixin.py:190} INFO - 20:07:37  Running with dbt=1.9.5
[2025-06-10T20:07:37.391+0000] {logging_mixin.py:190} INFO - 20:07:37  Registered adapter: postgres=1.9.0
[2025-06-10T20:07:39.259+0000] {logging_mixin.py:190} INFO - 20:07:39  [WARNING]: Configuration paths exist in your dbt_project.yml file which do not apply to any resources.
There are 1 unused configuration paths:
- models.e_commerce_sales.example
[2025-06-10T20:07:39.469+0000] {logging_mixin.py:190} INFO - 20:07:39  Found 18 models, 12 sources, 549 macros, 1 unit test
[2025-06-10T20:07:39.474+0000] {logging_mixin.py:190} INFO - 20:07:39
[2025-06-10T20:07:39.476+0000] {logging_mixin.py:190} INFO - 20:07:39  Concurrency: 4 threads (target='dev')
[2025-06-10T20:07:39.477+0000] {logging_mixin.py:190} INFO - 20:07:39
[2025-06-10T20:07:39.628+0000] {logging_mixin.py:190} INFO - 20:07:39  1 of 18 START sql incremental model sales_stg.stg_mercadolivre ................. [RUN]
[2025-06-10T20:07:39.630+0000] {logging_mixin.py:190} INFO - 20:07:39  2 of 18 START sql incremental model sales_stg.stg_mercadolivre__order_items .... [RUN]
[2025-06-10T20:07:39.632+0000] {logging_mixin.py:190} INFO - 20:07:39  3 of 18 START sql incremental model sales_stg.stg_mercadolivre__payments ....... [RUN]
[2025-06-10T20:07:39.633+0000] {logging_mixin.py:190} INFO - 20:07:39  4 of 18 START sql incremental model sales_stg.stg_mercadolivre_sh .............. [RUN]
[2025-06-10T20:07:39.885+0000] {logging_mixin.py:190} INFO - 20:07:39  3 of 18 OK created sql incremental model sales_stg.stg_mercadolivre__payments .. [SELECT 301 in 0.24s]
[2025-06-10T20:07:39.890+0000] {logging_mixin.py:190} INFO - 20:07:39  2 of 18 OK created sql incremental model sales_stg.stg_mercadolivre__order_items  [SELECT 285 in 0.25s]
[2025-06-10T20:07:39.892+0000] {logging_mixin.py:190} INFO - 20:07:39  1 of 18 OK created sql incremental model sales_stg.stg_mercadolivre ............ [SELECT 285 in 0.25s]
[2025-06-10T20:07:39.895+0000] {logging_mixin.py:190} INFO - 20:07:39  4 of 18 OK created sql incremental model sales_stg.stg_mercadolivre_sh ......... [SELECT 263 in 0.25s]
[2025-06-10T20:07:39.902+0000] {logging_mixin.py:190} INFO - 20:07:39  5 of 18 START sql incremental model sales_stg.stg_shopee ....................... [RUN]
[2025-06-10T20:07:39.907+0000] {logging_mixin.py:190} INFO - 20:07:39  6 of 18 START sql incremental model sales.mercadolivre_orders_results .......... [RUN]
[2025-06-10T20:07:40.042+0000] {logging_mixin.py:190} INFO - 20:07:40  5 of 18 OK created sql incremental model sales_stg.stg_shopee .................. [SELECT 2875 in 0.13s]
[2025-06-10T20:07:40.048+0000] {logging_mixin.py:190} INFO - 20:07:40  7 of 18 START sql incremental model sales.shopee_orders_results ................ [RUN]
[2025-06-10T20:07:40.137+0000] {logging_mixin.py:190} INFO - 20:07:40  7 of 18 OK created sql incremental model sales.shopee_orders_results ........... [SELECT 0 in 0.09s]
[2025-06-10T20:07:40.143+0000] {logging_mixin.py:190} INFO - 20:07:40  8 of 18 START sql incremental model sales.dim_shopee_buyer ..................... [RUN]
[2025-06-10T20:07:40.145+0000] {logging_mixin.py:190} INFO - 20:07:40  9 of 18 START sql incremental model sales.dim_shopee_date ...................... [RUN]
[2025-06-10T20:07:40.147+0000] {logging_mixin.py:190} INFO - 20:07:40  10 of 18 START sql incremental model sales.dim_shopee_orders_status ............ [RUN]
[2025-06-10T20:07:40.303+0000] {logging_mixin.py:190} INFO - 20:07:40  10 of 18 OK created sql incremental model sales.dim_shopee_orders_status ....... [SELECT 0 in 0.15s]
[2025-06-10T20:07:40.309+0000] {logging_mixin.py:190} INFO - 20:07:40  9 of 18 OK created sql incremental model sales.dim_shopee_date ................. [SELECT 0 in 0.16s]
[2025-06-10T20:07:40.317+0000] {logging_mixin.py:190} INFO - 20:07:40  8 of 18 OK created sql incremental model sales.dim_shopee_buyer ................ [SELECT 0 in 0.16s]
[2025-06-10T20:07:40.318+0000] {logging_mixin.py:190} INFO - 20:07:40  11 of 18 START sql incremental model sales.dim_shopee_product .................. [RUN]
[2025-06-10T20:07:40.324+0000] {logging_mixin.py:190} INFO - 20:07:40  12 of 18 START sql view model sales.sum_shopee_monthly_profit .................. [RUN]
[2025-06-10T20:07:40.329+0000] {logging_mixin.py:190} INFO - 20:07:40  13 of 18 START sql view model sales.sum_shopee_monthly_revenue ................. [RUN]
[2025-06-10T20:07:40.476+0000] {logging_mixin.py:190} INFO - 20:07:40  11 of 18 OK created sql incremental model sales.dim_shopee_product ............. [SELECT 0 in 0.15s]
[2025-06-10T20:07:40.506+0000] {logging_mixin.py:190} INFO - 20:07:40  14 of 18 START sql view model sales.sum_shopee_products_sold ................... [RUN]
[2025-06-10T20:07:40.526+0000] {logging_mixin.py:190} INFO - 20:07:40  12 of 18 OK created sql view model sales.sum_shopee_monthly_profit ............. [CREATE VIEW in 0.19s]
[2025-06-10T20:07:40.528+0000] {logging_mixin.py:190} INFO - 20:07:40  13 of 18 OK created sql view model sales.sum_shopee_monthly_revenue ............ [CREATE VIEW in 0.18s]
[2025-06-10T20:07:40.587+0000] {logging_mixin.py:190} INFO - 20:07:40  14 of 18 OK created sql view model sales.sum_shopee_products_sold .............. [CREATE VIEW in 0.08s]
[2025-06-10T20:07:53.602+0000] {logging_mixin.py:190} INFO - 20:07:53  6 of 18 OK created sql incremental model sales.mercadolivre_orders_results ..... [SELECT 190 in 13.69s]
[2025-06-10T20:07:53.610+0000] {logging_mixin.py:190} INFO - 20:07:53  15 of 18 START sql incremental model sales.dim_mercadolivre_buyer .............. [RUN]
[2025-06-10T20:07:53.612+0000] {logging_mixin.py:190} INFO - 20:07:53  16 of 18 START sql incremental model sales.dim_mercadolivre_date ............... [RUN]
[2025-06-10T20:07:53.614+0000] {logging_mixin.py:190} INFO - 20:07:53  17 of 18 START sql incremental model sales.dim_mercadolivre_orders_status ...... [RUN]
[2025-06-10T20:07:53.616+0000] {logging_mixin.py:190} INFO - 20:07:53  18 of 18 START sql incremental model sales.dim_mercadolivre_product ............ [RUN]
[2025-06-10T20:07:53.753+0000] {logging_mixin.py:190} INFO - 20:07:53  15 of 18 OK created sql incremental model sales.dim_mercadolivre_buyer ......... [SELECT 188 in 0.13s]
[2025-06-10T20:07:53.762+0000] {logging_mixin.py:190} INFO - 20:07:53  18 of 18 OK created sql incremental model sales.dim_mercadolivre_product ....... [SELECT 65 in 0.14s]
[2025-06-10T20:07:53.771+0000] {logging_mixin.py:190} INFO - 20:07:53  17 of 18 OK created sql incremental model sales.dim_mercadolivre_orders_status . [SELECT 190 in 0.15s]
[2025-06-10T20:07:53.774+0000] {logging_mixin.py:190} INFO - 20:07:53  16 of 18 OK created sql incremental model sales.dim_mercadolivre_date .......... [SELECT 190 in 0.15s]
[2025-06-10T20:07:53.799+0000] {logging_mixin.py:190} INFO - 20:07:53
[2025-06-10T20:07:53.800+0000] {logging_mixin.py:190} INFO - 20:07:53  Finished running 15 incremental models, 3 view models in 0 hours 0 minutes and 14.32 seconds (14.32s).
[2025-06-10T20:07:53.879+0000] {logging_mixin.py:190} INFO - 20:07:53
[2025-06-10T20:07:53.881+0000] {logging_mixin.py:190} INFO - 20:07:53  Completed successfully
[2025-06-10T20:07:53.882+0000] {logging_mixin.py:190} INFO - 20:07:53
[2025-06-10T20:07:53.884+0000] {logging_mixin.py:190} INFO - 20:07:53  Done. PASS=18 WARN=0 ERROR=0 SKIP=0 TOTAL=18
[2025-06-10T20:07:54.791+0000] {logging_mixin.py:190} INFO - Transformation sucessfully done.
[2025-06-10T20:07:54.792+0000] {python.py:240} INFO - Done. Returned value was: None
[2025-06-10T20:07:54.804+0000] {taskinstance.py:340} INFO - ::group::Post task execution logs
[2025-06-10T20:07:54.805+0000] {taskinstance.py:352} INFO - Marking task as SUCCESS. dag_id=05_transform_data, task_id=run_dbt, run_id=manual__2025-06-10T20:07:26.034952+00:00, execution_date=20250610T200726, start_date=20250610T200735, end_date=20250610T200754
[2025-06-10T20:07:54.863+0000] {local_task_job_runner.py:266} INFO - Task exited with return code 0
[2025-06-10T20:07:54.880+0000] {taskinstance.py:3895} INFO - 0 downstream tasks scheduled from follow-on schedule check
[2025-06-10T20:07:54.883+0000] {local_task_job_runner.py:245} INFO - ::endgroup::
