[2025-05-16T13:51:45.142+0000] {local_task_job_runner.py:123} INFO - ::group::Pre task execution logs
[2025-05-16T13:51:45.165+0000] {taskinstance.py:2613} INFO - Dependencies all met for dep_context=non-requeueable deps ti=<TaskInstance: 03_load_data.load_prod_cost manual__2025-05-16T13:51:42.537144+00:00 [queued]>
[2025-05-16T13:51:45.175+0000] {taskinstance.py:2613} INFO - Dependencies all met for dep_context=requeueable deps ti=<TaskInstance: 03_load_data.load_prod_cost manual__2025-05-16T13:51:42.537144+00:00 [queued]>
[2025-05-16T13:51:45.176+0000] {taskinstance.py:2866} INFO - Starting attempt 1 of 1
[2025-05-16T13:51:45.191+0000] {taskinstance.py:2889} INFO - Executing <Task(PythonOperator): load_prod_cost> on 2025-05-16 13:51:42.537144+00:00
[2025-05-16T13:51:45.196+0000] {standard_task_runner.py:72} INFO - Started process 3221 to run task
[2025-05-16T13:51:45.200+0000] {standard_task_runner.py:104} INFO - Running: ['***', 'tasks', 'run', '03_load_data', 'load_prod_cost', 'manual__2025-05-16T13:51:42.537144+00:00', '--job-id', '43', '--raw', '--subdir', 'DAGS_FOLDER/03_load_data.py', '--cfg-path', '/tmp/tmpdf9fby0h']
[2025-05-16T13:51:45.202+0000] {standard_task_runner.py:105} INFO - Job 43: Subtask load_prod_cost
[2025-05-16T13:51:45.277+0000] {task_command.py:467} INFO - Running <TaskInstance: 03_load_data.load_prod_cost manual__2025-05-16T13:51:42.537144+00:00 [running]> on host b43b94ab59b1
[2025-05-16T13:51:45.382+0000] {taskinstance.py:3132} INFO - Exporting env vars: AIRFLOW_CTX_DAG_OWNER='***' AIRFLOW_CTX_DAG_ID='03_load_data' AIRFLOW_CTX_TASK_ID='load_prod_cost' AIRFLOW_CTX_EXECUTION_DATE='2025-05-16T13:51:42.537144+00:00' AIRFLOW_CTX_TRY_NUMBER='1' AIRFLOW_CTX_DAG_RUN_ID='manual__2025-05-16T13:51:42.537144+00:00'
[2025-05-16T13:51:45.384+0000] {taskinstance.py:731} INFO - ::endgroup::
[2025-05-16T13:51:45.995+0000] {logging_mixin.py:190} INFO - column begin_date is datetime64[ns, UTC]
[2025-05-16T13:51:45.996+0000] {logging_mixin.py:190} INFO - column end_date is datetime64[ns, UTC]
[2025-05-16T13:51:45.997+0000] {logging_mixin.py:190} INFO - Loading file /opt/***/cleaning/entry_data/clean/clean_cost_data.csv to sales_db
[2025-05-16T13:51:46.059+0000] {logging_mixin.py:190} INFO - Data in /opt/***/cleaning/entry_data/clean/clean_cost_data.csv successfully loaded.
[2025-05-16T13:51:46.060+0000] {python.py:240} INFO - Done. Returned value was: None
[2025-05-16T13:51:46.073+0000] {taskinstance.py:340} INFO - ::group::Post task execution logs
[2025-05-16T13:51:46.074+0000] {taskinstance.py:352} INFO - Marking task as SUCCESS. dag_id=03_load_data, task_id=load_prod_cost, run_id=manual__2025-05-16T13:51:42.537144+00:00, execution_date=20250516T135142, start_date=20250516T135145, end_date=20250516T135146
[2025-05-16T13:51:46.136+0000] {local_task_job_runner.py:266} INFO - Task exited with return code 0
[2025-05-16T13:51:46.151+0000] {local_task_job_runner.py:245} INFO - ::endgroup::
