[2025-06-23T17:30:41.395+0000] {local_task_job_runner.py:123} INFO - ::group::Pre task execution logs
[2025-06-23T17:30:41.412+0000] {taskinstance.py:2613} INFO - Dependencies all met for dep_context=non-requeueable deps ti=<TaskInstance: 05_transform_data_prod.run_dbt manual__2025-06-23T17:30:32.521308+00:00 [queued]>
[2025-06-23T17:30:41.420+0000] {taskinstance.py:2613} INFO - Dependencies all met for dep_context=requeueable deps ti=<TaskInstance: 05_transform_data_prod.run_dbt manual__2025-06-23T17:30:32.521308+00:00 [queued]>
[2025-06-23T17:30:41.421+0000] {taskinstance.py:2866} INFO - Starting attempt 1 of 1
[2025-06-23T17:30:41.431+0000] {taskinstance.py:2889} INFO - Executing <Task(PythonOperator): run_dbt> on 2025-06-23 17:30:32.521308+00:00
[2025-06-23T17:30:41.436+0000] {standard_task_runner.py:72} INFO - Started process 2471 to run task
[2025-06-23T17:30:41.439+0000] {standard_task_runner.py:104} INFO - Running: ['***', 'tasks', 'run', '05_transform_data_prod', 'run_dbt', 'manual__2025-06-23T17:30:32.521308+00:00', '--job-id', '31', '--raw', '--subdir', 'DAGS_FOLDER/05_transform_data_prod.py', '--cfg-path', '/tmp/tmpij98hu0b']
[2025-06-23T17:30:41.441+0000] {standard_task_runner.py:105} INFO - Job 31: Subtask run_dbt
[2025-06-23T17:30:41.491+0000] {task_command.py:467} INFO - Running <TaskInstance: 05_transform_data_prod.run_dbt manual__2025-06-23T17:30:32.521308+00:00 [running]> on host b208c9761688
[2025-06-23T17:30:41.563+0000] {taskinstance.py:3132} INFO - Exporting env vars: AIRFLOW_CTX_DAG_OWNER='***' AIRFLOW_CTX_DAG_ID='05_transform_data_prod' AIRFLOW_CTX_TASK_ID='run_dbt' AIRFLOW_CTX_EXECUTION_DATE='2025-06-23T17:30:32.521308+00:00' AIRFLOW_CTX_TRY_NUMBER='1' AIRFLOW_CTX_DAG_RUN_ID='manual__2025-06-23T17:30:32.521308+00:00'
[2025-06-23T17:30:41.565+0000] {taskinstance.py:731} INFO - ::endgroup::
[2025-06-23T17:30:43.023+0000] {logging_mixin.py:190} INFO - 17:30:43  Running with dbt=1.9.5
[2025-06-23T17:30:43.380+0000] {logging_mixin.py:190} INFO - 17:30:43  Registered adapter: postgres=1.9.0
[2025-06-23T17:30:44.593+0000] {logging_mixin.py:190} INFO - 17:30:44  [WARNING]: Configuration paths exist in your dbt_project.yml file which do not apply to any resources.
There are 1 unused configuration paths:
- models.e_commerce_sales.example
[2025-06-23T17:30:44.977+0000] {logging_mixin.py:190} INFO - 17:30:44  Found 21 models, 12 sources, 549 macros, 1 unit test
[2025-06-23T17:30:44.982+0000] {logging_mixin.py:190} INFO - 17:30:44
[2025-06-23T17:30:44.984+0000] {logging_mixin.py:190} INFO - 17:30:44  Concurrency: 4 threads (target='prod')
[2025-06-23T17:30:44.986+0000] {logging_mixin.py:190} INFO - 17:30:44
[2025-06-23T17:30:45.181+0000] {logging_mixin.py:190} INFO - 17:30:45  1 of 21 START sql incremental model sales_stg.stg_mercadolivre ................. [RUN]
[2025-06-23T17:30:45.183+0000] {logging_mixin.py:190} INFO - 17:30:45  2 of 21 START sql incremental model sales_stg.stg_mercadolivre__order_items .... [RUN]
[2025-06-23T17:30:45.185+0000] {logging_mixin.py:190} INFO - 17:30:45  3 of 21 START sql incremental model sales_stg.stg_mercadolivre__payments ....... [RUN]
[2025-06-23T17:30:45.186+0000] {logging_mixin.py:190} INFO - 17:30:45  4 of 21 START sql incremental model sales_stg.stg_mercadolivre_sh .............. [RUN]
[2025-06-23T17:30:45.455+0000] {logging_mixin.py:190} INFO - 17:30:45  3 of 21 OK created sql incremental model sales_stg.stg_mercadolivre__payments .. [SELECT 314 in 0.26s]
[2025-06-23T17:30:45.457+0000] {logging_mixin.py:190} INFO - 17:30:45  2 of 21 OK created sql incremental model sales_stg.stg_mercadolivre__order_items  [SELECT 297 in 0.26s]
[2025-06-23T17:30:45.459+0000] {logging_mixin.py:190} INFO - 17:30:45  1 of 21 OK created sql incremental model sales_stg.stg_mercadolivre ............ [SELECT 297 in 0.27s]
[2025-06-23T17:30:45.461+0000] {logging_mixin.py:190} INFO - 17:30:45  4 of 21 OK created sql incremental model sales_stg.stg_mercadolivre_sh ......... [SELECT 273 in 0.26s]
[2025-06-23T17:30:45.469+0000] {logging_mixin.py:190} INFO - 17:30:45  5 of 21 START sql incremental model sales_stg.stg_shopee ....................... [RUN]
[2025-06-23T17:30:45.472+0000] {logging_mixin.py:190} INFO - 17:30:45  6 of 21 START sql incremental model sales.mercadolivre_orders_results .......... [RUN]
[2025-06-23T17:30:45.604+0000] {logging_mixin.py:190} INFO - 17:30:45  5 of 21 OK created sql incremental model sales_stg.stg_shopee .................. [SELECT 2600 in 0.13s]
[2025-06-23T17:30:45.609+0000] {logging_mixin.py:190} INFO - 17:30:45  7 of 21 START sql incremental model sales.shopee_orders_results ................ [RUN]
[2025-06-23T17:30:45.718+0000] {logging_mixin.py:190} INFO - 17:30:45  7 of 21 OK created sql incremental model sales.shopee_orders_results ........... [SELECT 2409 in 0.11s]
[2025-06-23T17:30:45.724+0000] {logging_mixin.py:190} INFO - 17:30:45  8 of 21 START sql incremental model sales.dim_shopee_buyer ..................... [RUN]
[2025-06-23T17:30:45.726+0000] {logging_mixin.py:190} INFO - 17:30:45  9 of 21 START sql incremental model sales.dim_shopee_date ...................... [RUN]
[2025-06-23T17:30:45.728+0000] {logging_mixin.py:190} INFO - 17:30:45  10 of 21 START sql incremental model sales.dim_shopee_orders_status ............ [RUN]
[2025-06-23T17:30:45.860+0000] {logging_mixin.py:190} INFO - 17:30:45  10 of 21 OK created sql incremental model sales.dim_shopee_orders_status ....... [SELECT 2409 in 0.12s]
[2025-06-23T17:30:45.864+0000] {logging_mixin.py:190} INFO - 17:30:45  9 of 21 OK created sql incremental model sales.dim_shopee_date ................. [SELECT 2409 in 0.13s]
[2025-06-23T17:30:45.867+0000] {logging_mixin.py:190} INFO - 17:30:45  8 of 21 OK created sql incremental model sales.dim_shopee_buyer ................ [SELECT 2308 in 0.13s]
[2025-06-23T17:30:45.871+0000] {logging_mixin.py:190} INFO - 17:30:45  11 of 21 START sql incremental model sales.dim_shopee_product .................. [RUN]
[2025-06-23T17:30:45.877+0000] {logging_mixin.py:190} INFO - 17:30:45  12 of 21 START sql view model sales.sum_shopee_monthly_profit .................. [RUN]
[2025-06-23T17:30:45.878+0000] {logging_mixin.py:190} INFO - 17:30:45  13 of 21 START sql view model sales.sum_shopee_monthly_revenue ................. [RUN]
[2025-06-23T17:30:46.016+0000] {logging_mixin.py:190} INFO - 17:30:46  11 of 21 OK created sql incremental model sales.dim_shopee_product ............. [SELECT 170 in 0.14s]
[2025-06-23T17:30:46.046+0000] {logging_mixin.py:190} INFO - 17:30:46  14 of 21 START sql view model sales.sum_shopee_products_sold ................... [RUN]
[2025-06-23T17:30:46.065+0000] {logging_mixin.py:190} INFO - 17:30:46  12 of 21 OK created sql view model sales.sum_shopee_monthly_profit ............. [CREATE VIEW in 0.18s]
[2025-06-23T17:30:46.067+0000] {logging_mixin.py:190} INFO - 17:30:46  13 of 21 OK created sql view model sales.sum_shopee_monthly_revenue ............ [CREATE VIEW in 0.18s]
[2025-06-23T17:30:46.127+0000] {logging_mixin.py:190} INFO - 17:30:46  14 of 21 OK created sql view model sales.sum_shopee_products_sold .............. [CREATE VIEW in 0.08s]
[2025-06-23T17:31:00.765+0000] {logging_mixin.py:190} INFO - 17:31:00  6 of 21 OK created sql incremental model sales.mercadolivre_orders_results ..... [SELECT 201 in 15.29s]
[2025-06-23T17:31:00.773+0000] {logging_mixin.py:190} INFO - 17:31:00  15 of 21 START sql incremental model sales.dim_mercadolivre_buyer .............. [RUN]
[2025-06-23T17:31:00.775+0000] {logging_mixin.py:190} INFO - 17:31:00  16 of 21 START sql incremental model sales.dim_mercadolivre_date ............... [RUN]
[2025-06-23T17:31:00.777+0000] {logging_mixin.py:190} INFO - 17:31:00  17 of 21 START sql incremental model sales.dim_mercadolivre_orders_status ...... [RUN]
[2025-06-23T17:31:00.780+0000] {logging_mixin.py:190} INFO - 17:31:00  18 of 21 START sql incremental model sales.dim_mercadolivre_product ............ [RUN]
[2025-06-23T17:31:00.924+0000] {logging_mixin.py:190} INFO - 17:31:00  15 of 21 OK created sql incremental model sales.dim_mercadolivre_buyer ......... [SELECT 198 in 0.14s]
[2025-06-23T17:31:00.935+0000] {logging_mixin.py:190} INFO - 17:31:00  17 of 21 OK created sql incremental model sales.dim_mercadolivre_orders_status . [SELECT 201 in 0.15s]
[2025-06-23T17:31:00.941+0000] {logging_mixin.py:190} INFO - 17:31:00  16 of 21 OK created sql incremental model sales.dim_mercadolivre_date .......... [SELECT 201 in 0.15s]
[2025-06-23T17:31:00.946+0000] {logging_mixin.py:190} INFO - 17:31:00  18 of 21 OK created sql incremental model sales.dim_mercadolivre_product ....... [SELECT 67 in 0.16s]
[2025-06-23T17:31:00.951+0000] {logging_mixin.py:190} INFO - 17:31:00  19 of 21 START sql view model sales.sum_mercadolivre_monthly_profit ............ [RUN]
[2025-06-23T17:31:00.953+0000] {logging_mixin.py:190} INFO - 17:31:00  20 of 21 START sql view model sales.sum_mercadolivre_monthly_revenue ........... [RUN]
[2025-06-23T17:31:00.958+0000] {logging_mixin.py:190} INFO - 17:31:00  21 of 21 START sql view model sales.sum_mercadolivre_monthly_sold .............. [RUN]
[2025-06-23T17:31:01.105+0000] {logging_mixin.py:190} INFO - 17:31:01  19 of 21 OK created sql view model sales.sum_mercadolivre_monthly_profit ....... [CREATE VIEW in 0.14s]
[2025-06-23T17:31:01.109+0000] {logging_mixin.py:190} INFO - 17:31:01  20 of 21 OK created sql view model sales.sum_mercadolivre_monthly_revenue ...... [CREATE VIEW in 0.15s]
[2025-06-23T17:31:01.112+0000] {logging_mixin.py:190} INFO - 17:31:01  21 of 21 OK created sql view model sales.sum_mercadolivre_monthly_sold ......... [CREATE VIEW in 0.14s]
[2025-06-23T17:31:01.139+0000] {logging_mixin.py:190} INFO - 17:31:01
[2025-06-23T17:31:01.141+0000] {logging_mixin.py:190} INFO - 17:31:01  Finished running 15 incremental models, 6 view models in 0 hours 0 minutes and 16.15 seconds (16.15s).
[2025-06-23T17:31:01.224+0000] {logging_mixin.py:190} INFO - 17:31:01
[2025-06-23T17:31:01.226+0000] {logging_mixin.py:190} INFO - 17:31:01  Completed successfully
[2025-06-23T17:31:01.228+0000] {logging_mixin.py:190} INFO - 17:31:01
[2025-06-23T17:31:01.229+0000] {logging_mixin.py:190} INFO - 17:31:01  Done. PASS=21 WARN=0 ERROR=0 SKIP=0 TOTAL=21
[2025-06-23T17:31:02.029+0000] {logging_mixin.py:190} INFO - Transformation sucessfully done.
[2025-06-23T17:31:02.030+0000] {python.py:240} INFO - Done. Returned value was: None
[2025-06-23T17:31:02.047+0000] {taskinstance.py:340} INFO - ::group::Post task execution logs
[2025-06-23T17:31:02.048+0000] {taskinstance.py:352} INFO - Marking task as SUCCESS. dag_id=05_transform_data_prod, task_id=run_dbt, run_id=manual__2025-06-23T17:30:32.521308+00:00, execution_date=20250623T173032, start_date=20250623T173041, end_date=20250623T173102
[2025-06-23T17:31:02.073+0000] {local_task_job_runner.py:266} INFO - Task exited with return code 0
[2025-06-23T17:31:02.090+0000] {taskinstance.py:3895} INFO - 0 downstream tasks scheduled from follow-on schedule check
[2025-06-23T17:31:02.092+0000] {local_task_job_runner.py:245} INFO - ::endgroup::
