[2025-06-06T20:56:46.702+0000] {local_task_job_runner.py:123} INFO - ::group::Pre task execution logs
[2025-06-06T20:56:46.724+0000] {taskinstance.py:2613} INFO - Dependencies all met for dep_context=non-requeueable deps ti=<TaskInstance: 03_load_data.load_shopee manual__2025-06-06T20:56:44.137833+00:00 [queued]>
[2025-06-06T20:56:46.734+0000] {taskinstance.py:2613} INFO - Dependencies all met for dep_context=requeueable deps ti=<TaskInstance: 03_load_data.load_shopee manual__2025-06-06T20:56:44.137833+00:00 [queued]>
[2025-06-06T20:56:46.735+0000] {taskinstance.py:2866} INFO - Starting attempt 1 of 1
[2025-06-06T20:56:46.751+0000] {taskinstance.py:2889} INFO - Executing <Task(PythonOperator): load_shopee> on 2025-06-06 20:56:44.137833+00:00
[2025-06-06T20:56:46.757+0000] {standard_task_runner.py:72} INFO - Started process 5382 to run task
[2025-06-06T20:56:46.763+0000] {standard_task_runner.py:104} INFO - Running: ['***', 'tasks', 'run', '03_load_data', 'load_shopee', 'manual__2025-06-06T20:56:44.137833+00:00', '--job-id', '455', '--raw', '--subdir', 'DAGS_FOLDER/03_load_data.py', '--cfg-path', '/tmp/tmpx_84y5ut']
[2025-06-06T20:56:46.765+0000] {standard_task_runner.py:105} INFO - Job 455: Subtask load_shopee
[2025-06-06T20:56:46.830+0000] {task_command.py:467} INFO - Running <TaskInstance: 03_load_data.load_shopee manual__2025-06-06T20:56:44.137833+00:00 [running]> on host 28e6a58e4107
[2025-06-06T20:56:46.923+0000] {taskinstance.py:3132} INFO - Exporting env vars: AIRFLOW_CTX_DAG_OWNER='***' AIRFLOW_CTX_DAG_ID='03_load_data' AIRFLOW_CTX_TASK_ID='load_shopee' AIRFLOW_CTX_EXECUTION_DATE='2025-06-06T20:56:44.137833+00:00' AIRFLOW_CTX_TRY_NUMBER='1' AIRFLOW_CTX_DAG_RUN_ID='manual__2025-06-06T20:56:44.137833+00:00'
[2025-06-06T20:56:46.925+0000] {taskinstance.py:731} INFO - ::endgroup::
[2025-06-06T20:56:47.553+0000] {logging_mixin.py:190} INFO - Loading file ./extraction/shopee/data/raw/Order.completed.20240701_20240731.xlsx to sales_db
[2025-06-06T20:56:47.582+0000] {logging_mixin.py:190} INFO - Data in ./extraction/shopee/data/raw/Order.completed.20240701_20240731.xlsx successfully loaded.
[2025-06-06T20:56:47.696+0000] {logging_mixin.py:190} INFO - Loading file ./extraction/shopee/data/raw/Order.completed.20240801_20240831.xlsx to sales_db
[2025-06-06T20:56:47.742+0000] {logging_mixin.py:190} INFO - Data in ./extraction/shopee/data/raw/Order.completed.20240801_20240831.xlsx successfully loaded.
[2025-06-06T20:56:47.855+0000] {logging_mixin.py:190} INFO - Loading file ./extraction/shopee/data/raw/Order.completed.20240901_20240930.xlsx to sales_db
[2025-06-06T20:56:47.901+0000] {logging_mixin.py:190} INFO - Data in ./extraction/shopee/data/raw/Order.completed.20240901_20240930.xlsx successfully loaded.
[2025-06-06T20:56:48.098+0000] {logging_mixin.py:190} INFO - Loading file ./extraction/shopee/data/raw/Order.completed.20241001_20241031.xlsx to sales_db
[2025-06-06T20:56:48.178+0000] {logging_mixin.py:190} INFO - Data in ./extraction/shopee/data/raw/Order.completed.20241001_20241031.xlsx successfully loaded.
[2025-06-06T20:56:48.488+0000] {logging_mixin.py:190} INFO - Loading file ./extraction/shopee/data/raw/Order.completed.20241101_20241130.xlsx to sales_db
[2025-06-06T20:56:48.590+0000] {logging_mixin.py:190} INFO - Data in ./extraction/shopee/data/raw/Order.completed.20241101_20241130.xlsx successfully loaded.
[2025-06-06T20:56:48.915+0000] {logging_mixin.py:190} INFO - Loading file ./extraction/shopee/data/raw/Order.completed.20241201_20241231.xlsx to sales_db
[2025-06-06T20:56:49.006+0000] {logging_mixin.py:190} INFO - Data in ./extraction/shopee/data/raw/Order.completed.20241201_20241231.xlsx successfully loaded.
[2025-06-06T20:56:49.196+0000] {logging_mixin.py:190} INFO - Loading file ./extraction/shopee/data/raw/Order.completed.20250101_20250131.xlsx to sales_db
[2025-06-06T20:56:49.274+0000] {logging_mixin.py:190} INFO - Data in ./extraction/shopee/data/raw/Order.completed.20250101_20250131.xlsx successfully loaded.
[2025-06-06T20:56:49.526+0000] {logging_mixin.py:190} INFO - Loading file ./extraction/shopee/data/raw/Order.completed.20250201_20250228.xlsx to sales_db
[2025-06-06T20:56:49.628+0000] {logging_mixin.py:190} INFO - Data in ./extraction/shopee/data/raw/Order.completed.20250201_20250228.xlsx successfully loaded.
[2025-06-06T20:56:50.052+0000] {logging_mixin.py:190} INFO - Loading file ./extraction/shopee/data/raw/Order.completed.20250301_20250331.xlsx to sales_db
[2025-06-06T20:56:50.189+0000] {logging_mixin.py:190} INFO - Data in ./extraction/shopee/data/raw/Order.completed.20250301_20250331.xlsx successfully loaded.
[2025-06-06T20:56:50.388+0000] {logging_mixin.py:190} INFO - Loading file ./extraction/shopee/data/raw/Order.completed.20250401_20250430.xlsx to sales_db
[2025-06-06T20:56:50.466+0000] {logging_mixin.py:190} INFO - Data in ./extraction/shopee/data/raw/Order.completed.20250401_20250430.xlsx successfully loaded.
[2025-06-06T20:56:50.468+0000] {logging_mixin.py:190} INFO - [WARNING] - file ./extraction/shopee/data/raw/tests.txt does not have .xlsx extension and could not be loaded.
[2025-06-06T20:56:50.469+0000] {logging_mixin.py:190} INFO - All data successfully loaded!
[2025-06-06T20:56:50.470+0000] {python.py:240} INFO - Done. Returned value was: 1
[2025-06-06T20:56:50.496+0000] {taskinstance.py:340} INFO - ::group::Post task execution logs
[2025-06-06T20:56:50.497+0000] {taskinstance.py:352} INFO - Marking task as SUCCESS. dag_id=03_load_data, task_id=load_shopee, run_id=manual__2025-06-06T20:56:44.137833+00:00, execution_date=20250606T205644, start_date=20250606T205646, end_date=20250606T205650
[2025-06-06T20:56:50.549+0000] {local_task_job_runner.py:266} INFO - Task exited with return code 0
[2025-06-06T20:56:50.569+0000] {taskinstance.py:3895} INFO - 0 downstream tasks scheduled from follow-on schedule check
[2025-06-06T20:56:50.572+0000] {local_task_job_runner.py:245} INFO - ::endgroup::
