[2025-05-21T18:40:33.749+0000] {local_task_job_runner.py:123} INFO - ::group::Pre task execution logs
[2025-05-21T18:40:33.768+0000] {taskinstance.py:2613} INFO - Dependencies all met for dep_context=non-requeueable deps ti=<TaskInstance: 04_transform_data.run_dbt manual__2025-05-21T18:40:31.557199+00:00 [queued]>
[2025-05-21T18:40:33.777+0000] {taskinstance.py:2613} INFO - Dependencies all met for dep_context=requeueable deps ti=<TaskInstance: 04_transform_data.run_dbt manual__2025-05-21T18:40:31.557199+00:00 [queued]>
[2025-05-21T18:40:33.779+0000] {taskinstance.py:2866} INFO - Starting attempt 1 of 1
[2025-05-21T18:40:33.792+0000] {taskinstance.py:2889} INFO - Executing <Task(PythonOperator): run_dbt> on 2025-05-21 18:40:31.557199+00:00
[2025-05-21T18:40:33.797+0000] {standard_task_runner.py:72} INFO - Started process 3457 to run task
[2025-05-21T18:40:33.799+0000] {standard_task_runner.py:104} INFO - Running: ['***', 'tasks', 'run', '04_transform_data', 'run_dbt', 'manual__2025-05-21T18:40:31.557199+00:00', '--job-id', '108', '--raw', '--subdir', 'DAGS_FOLDER/04_transform_data.py', '--cfg-path', '/tmp/tmpvlp91u_p']
[2025-05-21T18:40:33.801+0000] {standard_task_runner.py:105} INFO - Job 108: Subtask run_dbt
[2025-05-21T18:40:33.853+0000] {task_command.py:467} INFO - Running <TaskInstance: 04_transform_data.run_dbt manual__2025-05-21T18:40:31.557199+00:00 [running]> on host e27e96d1841a
[2025-05-21T18:40:33.935+0000] {taskinstance.py:3132} INFO - Exporting env vars: AIRFLOW_CTX_DAG_OWNER='***' AIRFLOW_CTX_DAG_ID='04_transform_data' AIRFLOW_CTX_TASK_ID='run_dbt' AIRFLOW_CTX_EXECUTION_DATE='2025-05-21T18:40:31.557199+00:00' AIRFLOW_CTX_TRY_NUMBER='1' AIRFLOW_CTX_DAG_RUN_ID='manual__2025-05-21T18:40:31.557199+00:00'
[2025-05-21T18:40:33.937+0000] {taskinstance.py:731} INFO - ::endgroup::
[2025-05-21T18:40:35.748+0000] {logging_mixin.py:190} INFO - 18:40:35  Running with dbt=1.9.4
[2025-05-21T18:40:36.103+0000] {logging_mixin.py:190} INFO - 18:40:36  Registered adapter: postgres=1.9.0
[2025-05-21T18:40:37.309+0000] {logging_mixin.py:190} INFO - 18:40:37  [WARNING]: Configuration paths exist in your dbt_project.yml file which do not apply to any resources.
There are 1 unused configuration paths:
- models.e_commerce_sales.example
[2025-05-21T18:40:37.498+0000] {logging_mixin.py:190} INFO - 18:40:37  Found 10 models, 12 sources, 433 macros
[2025-05-21T18:40:37.503+0000] {logging_mixin.py:190} INFO - 18:40:37
[2025-05-21T18:40:37.506+0000] {logging_mixin.py:190} INFO - 18:40:37  Concurrency: 4 threads (target='dev')
[2025-05-21T18:40:37.508+0000] {logging_mixin.py:190} INFO - 18:40:37
[2025-05-21T18:40:37.652+0000] {logging_mixin.py:190} INFO - 18:40:37  1 of 10 START sql incremental model sales.mercadolivre_orders_results .......... [RUN]
[2025-05-21T18:40:37.654+0000] {logging_mixin.py:190} INFO - 18:40:37  2 of 10 START sql incremental model sales.shopee_new_id ........................ [RUN]
[2025-05-21T18:40:38.059+0000] {logging_mixin.py:190} INFO - 18:40:38  1 of 10 OK created sql incremental model sales.mercadolivre_orders_results ..... [MERGE 255 in 0.40s]
[2025-05-21T18:40:38.062+0000] {logging_mixin.py:190} INFO - 18:40:38  2 of 10 OK created sql incremental model sales.shopee_new_id ................... [MERGE 0 in 0.40s]
[2025-05-21T18:40:38.068+0000] {logging_mixin.py:190} INFO - 18:40:38  3 of 10 START sql incremental model sales.dim_mercadolivre_buyer ............... [RUN]
[2025-05-21T18:40:38.070+0000] {logging_mixin.py:190} INFO - 18:40:38  4 of 10 START sql incremental model sales.dim_mercadolivre_product ............. [RUN]
[2025-05-21T18:40:38.071+0000] {logging_mixin.py:190} INFO - 18:40:38  5 of 10 START sql incremental model sales.mercadolivre_profits ................. [RUN]
[2025-05-21T18:40:38.077+0000] {logging_mixin.py:190} INFO - 18:40:38  6 of 10 START sql incremental model sales.shopee_orders_results ................ [RUN]
[2025-05-21T18:40:38.237+0000] {logging_mixin.py:190} INFO - 18:40:38  3 of 10 ERROR creating sql incremental model sales.dim_mercadolivre_buyer ...... [ERROR in 0.16s]
[2025-05-21T18:40:38.399+0000] {logging_mixin.py:190} INFO - 18:40:38  4 of 10 OK created sql incremental model sales.dim_mercadolivre_product ........ [MERGE 250 in 0.32s]
[2025-05-21T18:40:38.415+0000] {logging_mixin.py:190} INFO - 18:40:38  6 of 10 OK created sql incremental model sales.shopee_orders_results ........... [MERGE 0 in 0.33s]
[2025-05-21T18:40:38.423+0000] {logging_mixin.py:190} INFO - 18:40:38  5 of 10 OK created sql incremental model sales.mercadolivre_profits ............ [MERGE 250 in 0.34s]
[2025-05-21T18:40:38.431+0000] {logging_mixin.py:190} INFO - 18:40:38  7 of 10 START sql incremental model sales.dim_shopee_buyer_id .................. [RUN]
[2025-05-21T18:40:38.434+0000] {logging_mixin.py:190} INFO - 18:40:38  8 of 10 START sql incremental model sales.dim_shopee_date ...................... [RUN]
[2025-05-21T18:40:38.437+0000] {logging_mixin.py:190} INFO - 18:40:38  9 of 10 START sql incremental model sales.dim_shopee_orders_status ............. [RUN]
[2025-05-21T18:40:38.446+0000] {logging_mixin.py:190} INFO - 18:40:38  10 of 10 START sql incremental model sales.dim_shopee_product .................. [RUN]
[2025-05-21T18:40:38.745+0000] {logging_mixin.py:190} INFO - 18:40:38  10 of 10 OK created sql incremental model sales.dim_shopee_product ............. [MERGE 0 in 0.28s]
[2025-05-21T18:40:38.748+0000] {logging_mixin.py:190} INFO - 18:40:38  7 of 10 OK created sql incremental model sales.dim_shopee_buyer_id ............. [MERGE 0 in 0.30s]
[2025-05-21T18:40:38.757+0000] {logging_mixin.py:190} INFO - 18:40:38  8 of 10 OK created sql incremental model sales.dim_shopee_date ................. [MERGE 0 in 0.31s]
[2025-05-21T18:40:38.760+0000] {logging_mixin.py:190} INFO - 18:40:38  9 of 10 OK created sql incremental model sales.dim_shopee_orders_status ........ [MERGE 0 in 0.31s]
[2025-05-21T18:40:38.786+0000] {logging_mixin.py:190} INFO - 18:40:38
[2025-05-21T18:40:38.788+0000] {logging_mixin.py:190} INFO - 18:40:38  Finished running 10 incremental models in 0 hours 0 minutes and 1.28 seconds (1.28s).
[2025-05-21T18:40:38.859+0000] {logging_mixin.py:190} INFO - 18:40:38
[2025-05-21T18:40:38.861+0000] {logging_mixin.py:190} INFO - 18:40:38  Completed with 1 error, 0 partial successes, and 0 warnings:
[2025-05-21T18:40:38.863+0000] {logging_mixin.py:190} INFO - 18:40:38
[2025-05-21T18:40:38.865+0000] {logging_mixin.py:190} INFO - 18:40:38    Database Error in model dim_mercadolivre_buyer (models/core/dim_mercadolivre_buyer.sql)
  column stg_mercadolivre_sh.destination__shipping_address__country_id does not exist
  LINE 37:            stg_mercadolivre_sh.destination__shipping_address...
                      ^
  HINT:  Perhaps you meant to reference the column "stg_mercadolivre_sh.destination__shipping_address__country__id".
  compiled code at target/run/e_commerce_sales/models/core/dim_mercadolivre_buyer.sql
[2025-05-21T18:40:38.867+0000] {logging_mixin.py:190} INFO - 18:40:38
[2025-05-21T18:40:38.869+0000] {logging_mixin.py:190} INFO - 18:40:38  Done. PASS=9 WARN=0 ERROR=1 SKIP=0 TOTAL=10
[2025-05-21T18:40:39.758+0000] {logging_mixin.py:190} INFO - dbt run failed!
[2025-05-21T18:40:39.759+0000] {logging_mixin.py:190} INFO - None
[2025-05-21T18:40:39.760+0000] {taskinstance.py:3311} ERROR - Task failed with exception
Traceback (most recent call last):
  File "/home/airflow/.local/lib/python3.9/site-packages/airflow/models/taskinstance.py", line 767, in _execute_task
    result = _execute_callable(context=context, **execute_callable_kwargs)
  File "/home/airflow/.local/lib/python3.9/site-packages/airflow/models/taskinstance.py", line 733, in _execute_callable
    return ExecutionCallableRunner(
  File "/home/airflow/.local/lib/python3.9/site-packages/airflow/utils/operator_helpers.py", line 252, in run
    return self.func(*args, **kwargs)
  File "/home/airflow/.local/lib/python3.9/site-packages/airflow/models/baseoperator.py", line 422, in wrapper
    return func(self, *args, **kwargs)
  File "/home/airflow/.local/lib/python3.9/site-packages/airflow/operators/python.py", line 238, in execute
    return_value = self.execute_callable()
  File "/home/airflow/.local/lib/python3.9/site-packages/airflow/operators/python.py", line 256, in execute_callable
    return runner.run(*self.op_args, **self.op_kwargs)
  File "/home/airflow/.local/lib/python3.9/site-packages/airflow/utils/operator_helpers.py", line 252, in run
    return self.func(*args, **kwargs)
  File "/opt/airflow/dbt/run_dbt.py", line 22, in transform_data
    raise RuntimeError("dbt run failed")
RuntimeError: dbt run failed
[2025-05-21T18:40:39.773+0000] {taskinstance.py:1225} INFO - Marking task as FAILED. dag_id=04_transform_data, task_id=run_dbt, run_id=manual__2025-05-21T18:40:31.557199+00:00, execution_date=20250521T184031, start_date=20250521T184033, end_date=20250521T184039
[2025-05-21T18:40:39.787+0000] {taskinstance.py:340} INFO - ::group::Post task execution logs
[2025-05-21T18:40:39.788+0000] {standard_task_runner.py:124} ERROR - Failed to execute job 108 for task run_dbt (dbt run failed; 3457)
Traceback (most recent call last):
  File "/home/airflow/.local/lib/python3.9/site-packages/airflow/task/task_runner/standard_task_runner.py", line 117, in _start_by_fork
    ret = args.func(args, dag=self.dag)
  File "/home/airflow/.local/lib/python3.9/site-packages/airflow/cli/cli_config.py", line 49, in command
    return func(*args, **kwargs)
  File "/home/airflow/.local/lib/python3.9/site-packages/airflow/utils/cli.py", line 116, in wrapper
    return f(*args, **kwargs)
  File "/home/airflow/.local/lib/python3.9/site-packages/airflow/cli/commands/task_command.py", line 483, in task_run
    task_return_code = _run_task_by_selected_method(args, _dag, ti)
  File "/home/airflow/.local/lib/python3.9/site-packages/airflow/cli/commands/task_command.py", line 256, in _run_task_by_selected_method
    return _run_raw_task(args, ti)
  File "/home/airflow/.local/lib/python3.9/site-packages/airflow/cli/commands/task_command.py", line 341, in _run_raw_task
    return ti._run_raw_task(
  File "/home/airflow/.local/lib/python3.9/site-packages/airflow/utils/session.py", line 97, in wrapper
    return func(*args, session=session, **kwargs)
  File "/home/airflow/.local/lib/python3.9/site-packages/airflow/models/taskinstance.py", line 3005, in _run_raw_task
    return _run_raw_task(
  File "/home/airflow/.local/lib/python3.9/site-packages/airflow/models/taskinstance.py", line 273, in _run_raw_task
    TaskInstance._execute_task_with_callbacks(
  File "/home/airflow/.local/lib/python3.9/site-packages/airflow/models/taskinstance.py", line 3159, in _execute_task_with_callbacks
    result = self._execute_task(context, task_orig)
  File "/home/airflow/.local/lib/python3.9/site-packages/airflow/models/taskinstance.py", line 3183, in _execute_task
    return _execute_task(self, context, task_orig)
  File "/home/airflow/.local/lib/python3.9/site-packages/airflow/models/taskinstance.py", line 767, in _execute_task
    result = _execute_callable(context=context, **execute_callable_kwargs)
  File "/home/airflow/.local/lib/python3.9/site-packages/airflow/models/taskinstance.py", line 733, in _execute_callable
    return ExecutionCallableRunner(
  File "/home/airflow/.local/lib/python3.9/site-packages/airflow/utils/operator_helpers.py", line 252, in run
    return self.func(*args, **kwargs)
  File "/home/airflow/.local/lib/python3.9/site-packages/airflow/models/baseoperator.py", line 422, in wrapper
    return func(self, *args, **kwargs)
  File "/home/airflow/.local/lib/python3.9/site-packages/airflow/operators/python.py", line 238, in execute
    return_value = self.execute_callable()
  File "/home/airflow/.local/lib/python3.9/site-packages/airflow/operators/python.py", line 256, in execute_callable
    return runner.run(*self.op_args, **self.op_kwargs)
  File "/home/airflow/.local/lib/python3.9/site-packages/airflow/utils/operator_helpers.py", line 252, in run
    return self.func(*args, **kwargs)
  File "/opt/airflow/dbt/run_dbt.py", line 22, in transform_data
    raise RuntimeError("dbt run failed")
RuntimeError: dbt run failed
[2025-05-21T18:40:39.808+0000] {local_task_job_runner.py:266} INFO - Task exited with return code 1
[2025-05-21T18:40:39.832+0000] {taskinstance.py:3895} INFO - 0 downstream tasks scheduled from follow-on schedule check
[2025-05-21T18:40:39.836+0000] {local_task_job_runner.py:245} INFO - ::endgroup::
