[2025-06-06T21:15:04.522+0000] {local_task_job_runner.py:123} INFO - ::group::Pre task execution logs
[2025-06-06T21:15:04.540+0000] {taskinstance.py:2613} INFO - Dependencies all met for dep_context=non-requeueable deps ti=<TaskInstance: 05_transform_data.install_dbt_deps manual__2025-06-06T21:15:02.860598+00:00 [queued]>
[2025-06-06T21:15:04.547+0000] {taskinstance.py:2613} INFO - Dependencies all met for dep_context=requeueable deps ti=<TaskInstance: 05_transform_data.install_dbt_deps manual__2025-06-06T21:15:02.860598+00:00 [queued]>
[2025-06-06T21:15:04.548+0000] {taskinstance.py:2866} INFO - Starting attempt 1 of 1
[2025-06-06T21:15:04.560+0000] {taskinstance.py:2889} INFO - Executing <Task(PythonOperator): install_dbt_deps> on 2025-06-06 21:15:02.860598+00:00
[2025-06-06T21:15:04.564+0000] {standard_task_runner.py:72} INFO - Started process 6049 to run task
[2025-06-06T21:15:04.567+0000] {standard_task_runner.py:104} INFO - Running: ['***', 'tasks', 'run', '05_transform_data', 'install_dbt_deps', 'manual__2025-06-06T21:15:02.860598+00:00', '--job-id', '479', '--raw', '--subdir', 'DAGS_FOLDER/05_transform_data.py', '--cfg-path', '/tmp/tmpdp0m1_8s']
[2025-06-06T21:15:04.568+0000] {standard_task_runner.py:105} INFO - Job 479: Subtask install_dbt_deps
[2025-06-06T21:15:04.620+0000] {task_command.py:467} INFO - Running <TaskInstance: 05_transform_data.install_dbt_deps manual__2025-06-06T21:15:02.860598+00:00 [running]> on host 28e6a58e4107
[2025-06-06T21:15:04.701+0000] {taskinstance.py:3132} INFO - Exporting env vars: AIRFLOW_CTX_DAG_OWNER='***' AIRFLOW_CTX_DAG_ID='05_transform_data' AIRFLOW_CTX_TASK_ID='install_dbt_deps' AIRFLOW_CTX_EXECUTION_DATE='2025-06-06T21:15:02.860598+00:00' AIRFLOW_CTX_TRY_NUMBER='1' AIRFLOW_CTX_DAG_RUN_ID='manual__2025-06-06T21:15:02.860598+00:00'
[2025-06-06T21:15:04.703+0000] {taskinstance.py:731} INFO - ::endgroup::
[2025-06-06T21:15:06.312+0000] {logging_mixin.py:190} INFO - 21:15:06  Running with dbt=1.9.5
[2025-06-06T21:15:07.037+0000] {logging_mixin.py:190} INFO - 21:15:07  Installing dbt-labs/dbt_utils
[2025-06-06T21:15:10.236+0000] {logging_mixin.py:190} INFO - 21:15:10  Installed from version 1.2.0
[2025-06-06T21:15:10.238+0000] {logging_mixin.py:190} INFO - 21:15:10  Updated version available: 1.3.0
[2025-06-06T21:15:10.241+0000] {logging_mixin.py:190} INFO - 21:15:10
[2025-06-06T21:15:10.243+0000] {logging_mixin.py:190} INFO - 21:15:10  Updates available for packages: ['dbt-labs/dbt_utils']                 
Update your versions in packages.yml, then run dbt deps
[2025-06-06T21:15:10.933+0000] {logging_mixin.py:190} INFO - Dependencies sucessfully installed.
[2025-06-06T21:15:10.934+0000] {python.py:240} INFO - Done. Returned value was: None
[2025-06-06T21:15:10.945+0000] {taskinstance.py:340} INFO - ::group::Post task execution logs
[2025-06-06T21:15:10.947+0000] {taskinstance.py:352} INFO - Marking task as SUCCESS. dag_id=05_transform_data, task_id=install_dbt_deps, run_id=manual__2025-06-06T21:15:02.860598+00:00, execution_date=20250606T211502, start_date=20250606T211504, end_date=20250606T211510
[2025-06-06T21:15:11.000+0000] {local_task_job_runner.py:266} INFO - Task exited with return code 0
[2025-06-06T21:15:11.066+0000] {taskinstance.py:3895} INFO - 1 downstream tasks scheduled from follow-on schedule check
[2025-06-06T21:15:11.069+0000] {local_task_job_runner.py:245} INFO - ::endgroup::
