[2025-05-16T14:53:35.180+0000] {local_task_job_runner.py:123} INFO - ::group::Pre task execution logs
[2025-05-16T14:53:35.203+0000] {taskinstance.py:2613} INFO - Dependencies all met for dep_context=non-requeueable deps ti=<TaskInstance: 03_load_data.load_shopee manual__2025-05-16T14:53:32.535552+00:00 [queued]>
[2025-05-16T14:53:35.214+0000] {taskinstance.py:2613} INFO - Dependencies all met for dep_context=requeueable deps ti=<TaskInstance: 03_load_data.load_shopee manual__2025-05-16T14:53:32.535552+00:00 [queued]>
[2025-05-16T14:53:35.216+0000] {taskinstance.py:2866} INFO - Starting attempt 1 of 1
[2025-05-16T14:53:35.232+0000] {taskinstance.py:2889} INFO - Executing <Task(PythonOperator): load_shopee> on 2025-05-16 14:53:32.535552+00:00
[2025-05-16T14:53:35.239+0000] {standard_task_runner.py:72} INFO - Started process 359 to run task
[2025-05-16T14:53:35.243+0000] {standard_task_runner.py:104} INFO - Running: ['***', 'tasks', 'run', '03_load_data', 'load_shopee', 'manual__2025-05-16T14:53:32.535552+00:00', '--job-id', '10', '--raw', '--subdir', 'DAGS_FOLDER/03_load_data.py', '--cfg-path', '/tmp/tmpha9wp6by']
[2025-05-16T14:53:35.245+0000] {standard_task_runner.py:105} INFO - Job 10: Subtask load_shopee
[2025-05-16T14:53:35.318+0000] {task_command.py:467} INFO - Running <TaskInstance: 03_load_data.load_shopee manual__2025-05-16T14:53:32.535552+00:00 [running]> on host 68e8d748c575
[2025-05-16T14:53:35.429+0000] {taskinstance.py:3132} INFO - Exporting env vars: AIRFLOW_CTX_DAG_OWNER='***' AIRFLOW_CTX_DAG_ID='03_load_data' AIRFLOW_CTX_TASK_ID='load_shopee' AIRFLOW_CTX_EXECUTION_DATE='2025-05-16T14:53:32.535552+00:00' AIRFLOW_CTX_TRY_NUMBER='1' AIRFLOW_CTX_DAG_RUN_ID='manual__2025-05-16T14:53:32.535552+00:00'
[2025-05-16T14:53:35.432+0000] {taskinstance.py:731} INFO - ::endgroup::
[2025-05-16T14:53:36.308+0000] {logging_mixin.py:190} INFO - Loading file ./extraction/shopee/data/raw/Order.completed.20240701_20240731.xlsx to sales_db
[2025-05-16T14:53:36.349+0000] {logging_mixin.py:190} INFO - Data in ./extraction/shopee/data/raw/Order.completed.20240701_20240731.xlsx successfully loaded.
[2025-05-16T14:53:36.475+0000] {logging_mixin.py:190} INFO - Loading file ./extraction/shopee/data/raw/Order.completed.20240801_20240831.xlsx to sales_db
[2025-05-16T14:53:36.521+0000] {logging_mixin.py:190} INFO - Data in ./extraction/shopee/data/raw/Order.completed.20240801_20240831.xlsx successfully loaded.
[2025-05-16T14:53:36.645+0000] {logging_mixin.py:190} INFO - Loading file ./extraction/shopee/data/raw/Order.completed.20240901_20240930.xlsx to sales_db
[2025-05-16T14:53:36.695+0000] {logging_mixin.py:190} INFO - Data in ./extraction/shopee/data/raw/Order.completed.20240901_20240930.xlsx successfully loaded.
[2025-05-16T14:53:36.914+0000] {logging_mixin.py:190} INFO - Loading file ./extraction/shopee/data/raw/Order.completed.20241001_20241031.xlsx to sales_db
[2025-05-16T14:53:37.018+0000] {logging_mixin.py:190} INFO - Data in ./extraction/shopee/data/raw/Order.completed.20241001_20241031.xlsx successfully loaded.
[2025-05-16T14:53:37.371+0000] {logging_mixin.py:190} INFO - Loading file ./extraction/shopee/data/raw/Order.completed.20241101_20241130.xlsx to sales_db
[2025-05-16T14:53:37.470+0000] {logging_mixin.py:190} INFO - Data in ./extraction/shopee/data/raw/Order.completed.20241101_20241130.xlsx successfully loaded.
[2025-05-16T14:53:37.851+0000] {logging_mixin.py:190} INFO - Loading file ./extraction/shopee/data/raw/Order.completed.20241201_20241231.xlsx to sales_db
[2025-05-16T14:53:37.973+0000] {logging_mixin.py:190} INFO - Data in ./extraction/shopee/data/raw/Order.completed.20241201_20241231.xlsx successfully loaded.
[2025-05-16T14:53:38.193+0000] {logging_mixin.py:190} INFO - Loading file ./extraction/shopee/data/raw/Order.completed.20250101_20250131.xlsx to sales_db
[2025-05-16T14:53:38.276+0000] {logging_mixin.py:190} INFO - Data in ./extraction/shopee/data/raw/Order.completed.20250101_20250131.xlsx successfully loaded.
[2025-05-16T14:53:38.542+0000] {logging_mixin.py:190} INFO - Loading file ./extraction/shopee/data/raw/Order.completed.20250201_20250228.xlsx to sales_db
[2025-05-16T14:53:38.643+0000] {logging_mixin.py:190} INFO - Data in ./extraction/shopee/data/raw/Order.completed.20250201_20250228.xlsx successfully loaded.
[2025-05-16T14:53:39.050+0000] {logging_mixin.py:190} INFO - Loading file ./extraction/shopee/data/raw/Order.completed.20250301_20250331.xlsx to sales_db
[2025-05-16T14:53:39.203+0000] {logging_mixin.py:190} INFO - Data in ./extraction/shopee/data/raw/Order.completed.20250301_20250331.xlsx successfully loaded.
[2025-05-16T14:53:39.409+0000] {logging_mixin.py:190} INFO - Loading file ./extraction/shopee/data/raw/Order.completed.20250401_20250430.xlsx to sales_db
[2025-05-16T14:53:39.493+0000] {logging_mixin.py:190} INFO - Data in ./extraction/shopee/data/raw/Order.completed.20250401_20250430.xlsx successfully loaded.
[2025-05-16T14:53:39.495+0000] {python.py:240} INFO - Done. Returned value was: None
[2025-05-16T14:53:39.507+0000] {taskinstance.py:340} INFO - ::group::Post task execution logs
[2025-05-16T14:53:39.509+0000] {taskinstance.py:352} INFO - Marking task as SUCCESS. dag_id=03_load_data, task_id=load_shopee, run_id=manual__2025-05-16T14:53:32.535552+00:00, execution_date=20250516T145332, start_date=20250516T145335, end_date=20250516T145339
[2025-05-16T14:53:39.551+0000] {local_task_job_runner.py:266} INFO - Task exited with return code 0
[2025-05-16T14:53:39.570+0000] {taskinstance.py:3895} INFO - 0 downstream tasks scheduled from follow-on schedule check
[2025-05-16T14:53:39.574+0000] {local_task_job_runner.py:245} INFO - ::endgroup::
