[2025-06-05T18:21:31.977+0000] {local_task_job_runner.py:123} INFO - ::group::Pre task execution logs
[2025-06-05T18:21:31.996+0000] {taskinstance.py:2613} INFO - Dependencies all met for dep_context=non-requeueable deps ti=<TaskInstance: 04_transform_data.install_dbt_deps manual__2025-06-05T18:21:30.223043+00:00 [queued]>
[2025-06-05T18:21:32.005+0000] {taskinstance.py:2613} INFO - Dependencies all met for dep_context=requeueable deps ti=<TaskInstance: 04_transform_data.install_dbt_deps manual__2025-06-05T18:21:30.223043+00:00 [queued]>
[2025-06-05T18:21:32.007+0000] {taskinstance.py:2866} INFO - Starting attempt 1 of 1
[2025-06-05T18:21:32.020+0000] {taskinstance.py:2889} INFO - Executing <Task(PythonOperator): install_dbt_deps> on 2025-06-05 18:21:30.223043+00:00
[2025-06-05T18:21:32.025+0000] {standard_task_runner.py:72} INFO - Started process 1039 to run task
[2025-06-05T18:21:32.028+0000] {standard_task_runner.py:104} INFO - Running: ['***', 'tasks', 'run', '04_transform_data', 'install_dbt_deps', 'manual__2025-06-05T18:21:30.223043+00:00', '--job-id', '334', '--raw', '--subdir', 'DAGS_FOLDER/04_transform_data.py', '--cfg-path', '/tmp/tmpzhreni6n']
[2025-06-05T18:21:32.030+0000] {standard_task_runner.py:105} INFO - Job 334: Subtask install_dbt_deps
[2025-06-05T18:21:32.083+0000] {task_command.py:467} INFO - Running <TaskInstance: 04_transform_data.install_dbt_deps manual__2025-06-05T18:21:30.223043+00:00 [running]> on host 28e6a58e4107
[2025-06-05T18:21:32.166+0000] {taskinstance.py:3132} INFO - Exporting env vars: AIRFLOW_CTX_DAG_OWNER='***' AIRFLOW_CTX_DAG_ID='04_transform_data' AIRFLOW_CTX_TASK_ID='install_dbt_deps' AIRFLOW_CTX_EXECUTION_DATE='2025-06-05T18:21:30.223043+00:00' AIRFLOW_CTX_TRY_NUMBER='1' AIRFLOW_CTX_DAG_RUN_ID='manual__2025-06-05T18:21:30.223043+00:00'
[2025-06-05T18:21:32.168+0000] {taskinstance.py:731} INFO - ::endgroup::
[2025-06-05T18:21:33.763+0000] {logging_mixin.py:190} INFO - 18:21:33  Running with dbt=1.9.5
[2025-06-05T18:21:34.473+0000] {logging_mixin.py:190} INFO - 18:21:34  Installing dbt-labs/dbt_utils
[2025-06-05T18:21:37.816+0000] {logging_mixin.py:190} INFO - 18:21:37  Installed from version 1.2.0
[2025-06-05T18:21:37.818+0000] {logging_mixin.py:190} INFO - 18:21:37  Updated version available: 1.3.0
[2025-06-05T18:21:37.821+0000] {logging_mixin.py:190} INFO - 18:21:37
[2025-06-05T18:21:37.822+0000] {logging_mixin.py:190} INFO - 18:21:37  Updates available for packages: ['dbt-labs/dbt_utils']                 
Update your versions in packages.yml, then run dbt deps
[2025-06-05T18:21:39.446+0000] {logging_mixin.py:190} INFO - Dependencies sucessfully installed.
[2025-06-05T18:21:39.448+0000] {python.py:240} INFO - Done. Returned value was: None
[2025-06-05T18:21:39.460+0000] {taskinstance.py:340} INFO - ::group::Post task execution logs
[2025-06-05T18:21:39.461+0000] {taskinstance.py:352} INFO - Marking task as SUCCESS. dag_id=04_transform_data, task_id=install_dbt_deps, run_id=manual__2025-06-05T18:21:30.223043+00:00, execution_date=20250605T182130, start_date=20250605T182131, end_date=20250605T182139
[2025-06-05T18:21:39.518+0000] {local_task_job_runner.py:266} INFO - Task exited with return code 0
[2025-06-05T18:21:39.539+0000] {taskinstance.py:3895} INFO - 1 downstream tasks scheduled from follow-on schedule check
[2025-06-05T18:21:39.543+0000] {local_task_job_runner.py:245} INFO - ::endgroup::
