[2025-06-06T18:29:01.627+0000] {local_task_job_runner.py:123} INFO - ::group::Pre task execution logs
[2025-06-06T18:29:01.648+0000] {taskinstance.py:2613} INFO - Dependencies all met for dep_context=non-requeueable deps ti=<TaskInstance: 04_transform_data.install_dbt_deps manual__2025-06-06T18:28:59.329145+00:00 [queued]>
[2025-06-06T18:29:01.658+0000] {taskinstance.py:2613} INFO - Dependencies all met for dep_context=requeueable deps ti=<TaskInstance: 04_transform_data.install_dbt_deps manual__2025-06-06T18:28:59.329145+00:00 [queued]>
[2025-06-06T18:29:01.660+0000] {taskinstance.py:2866} INFO - Starting attempt 1 of 1
[2025-06-06T18:29:01.675+0000] {taskinstance.py:2889} INFO - Executing <Task(PythonOperator): install_dbt_deps> on 2025-06-06 18:28:59.329145+00:00
[2025-06-06T18:29:01.680+0000] {standard_task_runner.py:72} INFO - Started process 1334 to run task
[2025-06-06T18:29:01.684+0000] {standard_task_runner.py:104} INFO - Running: ['***', 'tasks', 'run', '04_transform_data', 'install_dbt_deps', 'manual__2025-06-06T18:28:59.329145+00:00', '--job-id', '379', '--raw', '--subdir', 'DAGS_FOLDER/04_transform_data.py', '--cfg-path', '/tmp/tmp807sekby']
[2025-06-06T18:29:01.687+0000] {standard_task_runner.py:105} INFO - Job 379: Subtask install_dbt_deps
[2025-06-06T18:29:01.756+0000] {task_command.py:467} INFO - Running <TaskInstance: 04_transform_data.install_dbt_deps manual__2025-06-06T18:28:59.329145+00:00 [running]> on host 28e6a58e4107
[2025-06-06T18:29:01.844+0000] {taskinstance.py:3132} INFO - Exporting env vars: AIRFLOW_CTX_DAG_OWNER='***' AIRFLOW_CTX_DAG_ID='04_transform_data' AIRFLOW_CTX_TASK_ID='install_dbt_deps' AIRFLOW_CTX_EXECUTION_DATE='2025-06-06T18:28:59.329145+00:00' AIRFLOW_CTX_TRY_NUMBER='1' AIRFLOW_CTX_DAG_RUN_ID='manual__2025-06-06T18:28:59.329145+00:00'
[2025-06-06T18:29:01.845+0000] {taskinstance.py:731} INFO - ::endgroup::
[2025-06-06T18:29:03.497+0000] {logging_mixin.py:190} INFO - 18:29:03  Running with dbt=1.9.5
[2025-06-06T18:29:04.323+0000] {logging_mixin.py:190} INFO - 18:29:04  Installing dbt-labs/dbt_utils
[2025-06-06T18:29:07.620+0000] {logging_mixin.py:190} INFO - 18:29:07  Installed from version 1.2.0
[2025-06-06T18:29:07.622+0000] {logging_mixin.py:190} INFO - 18:29:07  Updated version available: 1.3.0
[2025-06-06T18:29:07.625+0000] {logging_mixin.py:190} INFO - 18:29:07
[2025-06-06T18:29:07.627+0000] {logging_mixin.py:190} INFO - 18:29:07  Updates available for packages: ['dbt-labs/dbt_utils']                 
Update your versions in packages.yml, then run dbt deps
[2025-06-06T18:29:08.346+0000] {logging_mixin.py:190} INFO - Dependencies sucessfully installed.
[2025-06-06T18:29:08.348+0000] {python.py:240} INFO - Done. Returned value was: None
[2025-06-06T18:29:08.368+0000] {taskinstance.py:340} INFO - ::group::Post task execution logs
[2025-06-06T18:29:08.370+0000] {taskinstance.py:352} INFO - Marking task as SUCCESS. dag_id=04_transform_data, task_id=install_dbt_deps, run_id=manual__2025-06-06T18:28:59.329145+00:00, execution_date=20250606T182859, start_date=20250606T182901, end_date=20250606T182908
[2025-06-06T18:29:08.411+0000] {local_task_job_runner.py:266} INFO - Task exited with return code 0
[2025-06-06T18:29:08.436+0000] {taskinstance.py:3895} INFO - 1 downstream tasks scheduled from follow-on schedule check
[2025-06-06T18:29:08.439+0000] {local_task_job_runner.py:245} INFO - ::endgroup::
