[2025-05-20T18:13:30.816+0000] {local_task_job_runner.py:123} INFO - ::group::Pre task execution logs
[2025-05-20T18:13:30.834+0000] {taskinstance.py:2613} INFO - Dependencies all met for dep_context=non-requeueable deps ti=<TaskInstance: 04_transform_data.run_dbt manual__2025-05-20T18:13:29.974546+00:00 [queued]>
[2025-05-20T18:13:30.844+0000] {taskinstance.py:2613} INFO - Dependencies all met for dep_context=requeueable deps ti=<TaskInstance: 04_transform_data.run_dbt manual__2025-05-20T18:13:29.974546+00:00 [queued]>
[2025-05-20T18:13:30.845+0000] {taskinstance.py:2866} INFO - Starting attempt 1 of 1
[2025-05-20T18:13:30.857+0000] {taskinstance.py:2889} INFO - Executing <Task(PythonOperator): run_dbt> on 2025-05-20 18:13:29.974546+00:00
[2025-05-20T18:13:30.861+0000] {standard_task_runner.py:72} INFO - Started process 2706 to run task
[2025-05-20T18:13:30.864+0000] {standard_task_runner.py:104} INFO - Running: ['***', 'tasks', 'run', '04_transform_data', 'run_dbt', 'manual__2025-05-20T18:13:29.974546+00:00', '--job-id', '31', '--raw', '--subdir', 'DAGS_FOLDER/04_transform_data.py', '--cfg-path', '/tmp/tmpy5gwldwi']
[2025-05-20T18:13:30.866+0000] {standard_task_runner.py:105} INFO - Job 31: Subtask run_dbt
[2025-05-20T18:13:30.917+0000] {task_command.py:467} INFO - Running <TaskInstance: 04_transform_data.run_dbt manual__2025-05-20T18:13:29.974546+00:00 [running]> on host e27e96d1841a
[2025-05-20T18:13:31.004+0000] {taskinstance.py:3132} INFO - Exporting env vars: AIRFLOW_CTX_DAG_OWNER='***' AIRFLOW_CTX_DAG_ID='04_transform_data' AIRFLOW_CTX_TASK_ID='run_dbt' AIRFLOW_CTX_EXECUTION_DATE='2025-05-20T18:13:29.974546+00:00' AIRFLOW_CTX_TRY_NUMBER='1' AIRFLOW_CTX_DAG_RUN_ID='manual__2025-05-20T18:13:29.974546+00:00'
[2025-05-20T18:13:31.006+0000] {taskinstance.py:731} INFO - ::endgroup::
[2025-05-20T18:13:32.690+0000] {logging_mixin.py:190} INFO - 18:13:32  Running with dbt=1.9.4
[2025-05-20T18:13:33.051+0000] {logging_mixin.py:190} INFO - 18:13:33  Registered adapter: postgres=1.9.0
[2025-05-20T18:13:34.246+0000] {logging_mixin.py:190} INFO - 18:13:34  [WARNING]: Configuration paths exist in your dbt_project.yml file which do not apply to any resources.
There are 1 unused configuration paths:
- models.e_commerce_sales.example
[2025-05-20T18:13:34.443+0000] {logging_mixin.py:190} INFO - 18:13:34  Found 6 models, 12 sources, 433 macros
[2025-05-20T18:13:34.450+0000] {logging_mixin.py:190} INFO - 18:13:34
[2025-05-20T18:13:34.451+0000] {logging_mixin.py:190} INFO - 18:13:34  Concurrency: 4 threads (target='dev')
[2025-05-20T18:13:34.454+0000] {logging_mixin.py:190} INFO - 18:13:34
[2025-05-20T18:13:34.603+0000] {logging_mixin.py:190} INFO - 18:13:34  1 of 6 START sql incremental model sales.mercadolivre_orders_results ........... [RUN]
[2025-05-20T18:13:34.605+0000] {logging_mixin.py:190} INFO - 18:13:34  2 of 6 START sql incremental model sales.shopee_new_id ......................... [RUN]
[2025-05-20T18:13:35.030+0000] {logging_mixin.py:190} INFO - 18:13:35  2 of 6 OK created sql incremental model sales.shopee_new_id .................... [MERGE 0 in 0.42s]
[2025-05-20T18:13:35.036+0000] {logging_mixin.py:190} INFO - 18:13:35  1 of 6 OK created sql incremental model sales.mercadolivre_orders_results ...... [MERGE 255 in 0.43s]
[2025-05-20T18:13:35.040+0000] {logging_mixin.py:190} INFO - 18:13:35  3 of 6 START sql incremental model sales.shopee_orders_results ................. [RUN]
[2025-05-20T18:13:35.044+0000] {logging_mixin.py:190} INFO - 18:13:35  4 of 6 START sql incremental model sales.mercadolivre_profits .................. [RUN]
[2025-05-20T18:13:35.219+0000] {logging_mixin.py:190} INFO - 18:13:35  3 of 6 OK created sql incremental model sales.shopee_orders_results ............ [MERGE 0 in 0.17s]
[2025-05-20T18:13:35.224+0000] {logging_mixin.py:190} INFO - 18:13:35  4 of 6 OK created sql incremental model sales.mercadolivre_profits ............. [MERGE 250 in 0.16s]
[2025-05-20T18:13:35.229+0000] {logging_mixin.py:190} INFO - 18:13:35  5 of 6 START sql incremental model sales.dim_shopee_orders ..................... [RUN]
[2025-05-20T18:13:35.231+0000] {logging_mixin.py:190} INFO - 18:13:35  6 of 6 START sql incremental model sales.dim_shopee_product .................... [RUN]
[2025-05-20T18:13:35.390+0000] {logging_mixin.py:190} INFO - 18:13:35  6 of 6 OK created sql incremental model sales.dim_shopee_product ............... [MERGE 0 in 0.15s]
[2025-05-20T18:13:35.393+0000] {logging_mixin.py:190} INFO - 18:13:35  5 of 6 OK created sql incremental model sales.dim_shopee_orders ................ [MERGE 0 in 0.16s]
[2025-05-20T18:13:35.419+0000] {logging_mixin.py:190} INFO - 18:13:35
[2025-05-20T18:13:35.420+0000] {logging_mixin.py:190} INFO - 18:13:35  Finished running 6 incremental models in 0 hours 0 minutes and 0.96 seconds (0.96s).
[2025-05-20T18:13:35.483+0000] {logging_mixin.py:190} INFO - 18:13:35
[2025-05-20T18:13:35.485+0000] {logging_mixin.py:190} INFO - 18:13:35  Completed successfully
[2025-05-20T18:13:35.487+0000] {logging_mixin.py:190} INFO - 18:13:35
[2025-05-20T18:13:35.489+0000] {logging_mixin.py:190} INFO - 18:13:35  Done. PASS=6 WARN=0 ERROR=0 SKIP=0 TOTAL=6
[2025-05-20T18:13:36.439+0000] {logging_mixin.py:190} INFO - Transformation sucessfully done.
[2025-05-20T18:13:36.440+0000] {python.py:240} INFO - Done. Returned value was: None
[2025-05-20T18:13:36.454+0000] {taskinstance.py:340} INFO - ::group::Post task execution logs
[2025-05-20T18:13:36.455+0000] {taskinstance.py:352} INFO - Marking task as SUCCESS. dag_id=04_transform_data, task_id=run_dbt, run_id=manual__2025-05-20T18:13:29.974546+00:00, execution_date=20250520T181329, start_date=20250520T181330, end_date=20250520T181336
[2025-05-20T18:13:36.502+0000] {local_task_job_runner.py:266} INFO - Task exited with return code 0
[2025-05-20T18:13:36.520+0000] {taskinstance.py:3895} INFO - 0 downstream tasks scheduled from follow-on schedule check
[2025-05-20T18:13:36.523+0000] {local_task_job_runner.py:245} INFO - ::endgroup::
