[2025-06-23T17:31:12.586+0000] {local_task_job_runner.py:123} INFO - ::group::Pre task execution logs
[2025-06-23T17:31:12.604+0000] {taskinstance.py:2613} INFO - Dependencies all met for dep_context=non-requeueable deps ti=<TaskInstance: 05_transform_data_prod.run_dbt manual__2025-06-23T17:31:04.622459+00:00 [queued]>
[2025-06-23T17:31:12.612+0000] {taskinstance.py:2613} INFO - Dependencies all met for dep_context=requeueable deps ti=<TaskInstance: 05_transform_data_prod.run_dbt manual__2025-06-23T17:31:04.622459+00:00 [queued]>
[2025-06-23T17:31:12.614+0000] {taskinstance.py:2866} INFO - Starting attempt 1 of 1
[2025-06-23T17:31:12.627+0000] {taskinstance.py:2889} INFO - Executing <Task(PythonOperator): run_dbt> on 2025-06-23 17:31:04.622459+00:00
[2025-06-23T17:31:12.632+0000] {standard_task_runner.py:72} INFO - Started process 2496 to run task
[2025-06-23T17:31:12.635+0000] {standard_task_runner.py:104} INFO - Running: ['***', 'tasks', 'run', '05_transform_data_prod', 'run_dbt', 'manual__2025-06-23T17:31:04.622459+00:00', '--job-id', '33', '--raw', '--subdir', 'DAGS_FOLDER/05_transform_data_prod.py', '--cfg-path', '/tmp/tmpu9e3chfj']
[2025-06-23T17:31:12.637+0000] {standard_task_runner.py:105} INFO - Job 33: Subtask run_dbt
[2025-06-23T17:31:12.690+0000] {task_command.py:467} INFO - Running <TaskInstance: 05_transform_data_prod.run_dbt manual__2025-06-23T17:31:04.622459+00:00 [running]> on host b208c9761688
[2025-06-23T17:31:12.772+0000] {taskinstance.py:3132} INFO - Exporting env vars: AIRFLOW_CTX_DAG_OWNER='***' AIRFLOW_CTX_DAG_ID='05_transform_data_prod' AIRFLOW_CTX_TASK_ID='run_dbt' AIRFLOW_CTX_EXECUTION_DATE='2025-06-23T17:31:04.622459+00:00' AIRFLOW_CTX_TRY_NUMBER='1' AIRFLOW_CTX_DAG_RUN_ID='manual__2025-06-23T17:31:04.622459+00:00'
[2025-06-23T17:31:12.774+0000] {taskinstance.py:731} INFO - ::endgroup::
[2025-06-23T17:31:14.258+0000] {logging_mixin.py:190} INFO - 17:31:14  Running with dbt=1.9.5
[2025-06-23T17:31:14.609+0000] {logging_mixin.py:190} INFO - 17:31:14  Registered adapter: postgres=1.9.0
[2025-06-23T17:31:15.807+0000] {logging_mixin.py:190} INFO - 17:31:15  [WARNING]: Configuration paths exist in your dbt_project.yml file which do not apply to any resources.
There are 1 unused configuration paths:
- models.e_commerce_sales.example
[2025-06-23T17:31:16.169+0000] {logging_mixin.py:190} INFO - 17:31:16  Found 21 models, 12 sources, 549 macros, 1 unit test
[2025-06-23T17:31:16.174+0000] {logging_mixin.py:190} INFO - 17:31:16
[2025-06-23T17:31:16.176+0000] {logging_mixin.py:190} INFO - 17:31:16  Concurrency: 4 threads (target='prod')
[2025-06-23T17:31:16.177+0000] {logging_mixin.py:190} INFO - 17:31:16
[2025-06-23T17:31:16.341+0000] {logging_mixin.py:190} INFO - 17:31:16  1 of 21 START sql incremental model sales_stg.stg_mercadolivre ................. [RUN]
[2025-06-23T17:31:16.343+0000] {logging_mixin.py:190} INFO - 17:31:16  2 of 21 START sql incremental model sales_stg.stg_mercadolivre__order_items .... [RUN]
[2025-06-23T17:31:16.344+0000] {logging_mixin.py:190} INFO - 17:31:16  3 of 21 START sql incremental model sales_stg.stg_mercadolivre__payments ....... [RUN]
[2025-06-23T17:31:16.346+0000] {logging_mixin.py:190} INFO - 17:31:16  4 of 21 START sql incremental model sales_stg.stg_mercadolivre_sh .............. [RUN]
[2025-06-23T17:31:16.866+0000] {logging_mixin.py:190} INFO - 17:31:16  2 of 21 OK created sql incremental model sales_stg.stg_mercadolivre__order_items  [MERGE 297 in 0.51s]
[2025-06-23T17:31:16.874+0000] {logging_mixin.py:190} INFO - 17:31:16  3 of 21 OK created sql incremental model sales_stg.stg_mercadolivre__payments .. [MERGE 314 in 0.52s]
[2025-06-23T17:31:16.876+0000] {logging_mixin.py:190} INFO - 17:31:16  4 of 21 OK created sql incremental model sales_stg.stg_mercadolivre_sh ......... [MERGE 273 in 0.52s]
[2025-06-23T17:31:16.878+0000] {logging_mixin.py:190} INFO - 17:31:16  1 of 21 OK created sql incremental model sales_stg.stg_mercadolivre ............ [MERGE 297 in 0.52s]
[2025-06-23T17:31:16.883+0000] {logging_mixin.py:190} INFO - 17:31:16  5 of 21 START sql incremental model sales_stg.stg_shopee ....................... [RUN]
[2025-06-23T17:31:16.889+0000] {logging_mixin.py:190} INFO - 17:31:16  6 of 21 START sql incremental model sales.mercadolivre_orders_results .......... [RUN]
[2025-06-23T17:31:17.035+0000] {logging_mixin.py:190} INFO - 17:31:17  5 of 21 OK created sql incremental model sales_stg.stg_shopee .................. [MERGE 0 in 0.15s]
[2025-06-23T17:31:17.039+0000] {logging_mixin.py:190} INFO - 17:31:17  7 of 21 START sql incremental model sales.shopee_orders_results ................ [RUN]
[2025-06-23T17:31:17.173+0000] {logging_mixin.py:190} INFO - 17:31:17  7 of 21 OK created sql incremental model sales.shopee_orders_results ........... [MERGE 0 in 0.13s]
[2025-06-23T17:31:17.182+0000] {logging_mixin.py:190} INFO - 17:31:17  8 of 21 START sql incremental model sales.dim_shopee_buyer ..................... [RUN]
[2025-06-23T17:31:17.183+0000] {logging_mixin.py:190} INFO - 17:31:17  9 of 21 START sql incremental model sales.dim_shopee_date ...................... [RUN]
[2025-06-23T17:31:17.185+0000] {logging_mixin.py:190} INFO - 17:31:17  10 of 21 START sql incremental model sales.dim_shopee_orders_status ............ [RUN]
[2025-06-23T17:31:17.226+0000] {logging_mixin.py:190} INFO - 17:31:17  6 of 21 OK created sql incremental model sales.mercadolivre_orders_results ..... [MERGE 201 in 0.32s]
[2025-06-23T17:31:17.261+0000] {logging_mixin.py:190} INFO - 17:31:17  11 of 21 START sql incremental model sales.dim_shopee_product .................. [RUN]
[2025-06-23T17:31:17.461+0000] {logging_mixin.py:190} INFO - 17:31:17  9 of 21 OK created sql incremental model sales.dim_shopee_date ................. [MERGE 0 in 0.27s]
[2025-06-23T17:31:17.464+0000] {logging_mixin.py:190} INFO - 17:31:17  8 of 21 OK created sql incremental model sales.dim_shopee_buyer ................ [MERGE 0 in 0.27s]
[2025-06-23T17:31:17.466+0000] {logging_mixin.py:190} INFO - 17:31:17  10 of 21 OK created sql incremental model sales.dim_shopee_orders_status ....... [MERGE 0 in 0.27s]
[2025-06-23T17:31:17.479+0000] {logging_mixin.py:190} INFO - 17:31:17  12 of 21 START sql incremental model sales.dim_mercadolivre_buyer .............. [RUN]
[2025-06-23T17:31:17.481+0000] {logging_mixin.py:190} INFO - 17:31:17  13 of 21 START sql incremental model sales.dim_mercadolivre_date ............... [RUN]
[2025-06-23T17:31:17.482+0000] {logging_mixin.py:190} INFO - 17:31:17  14 of 21 START sql incremental model sales.dim_mercadolivre_orders_status ...... [RUN]
[2025-06-23T17:31:17.522+0000] {logging_mixin.py:190} INFO - 17:31:17  11 of 21 OK created sql incremental model sales.dim_shopee_product ............. [MERGE 0 in 0.25s]
[2025-06-23T17:31:17.556+0000] {logging_mixin.py:190} INFO - 17:31:17  15 of 21 START sql incremental model sales.dim_mercadolivre_product ............ [RUN]
[2025-06-23T17:31:17.769+0000] {logging_mixin.py:190} INFO - 17:31:17  14 of 21 OK created sql incremental model sales.dim_mercadolivre_orders_status . [MERGE 201 in 0.28s]
[2025-06-23T17:31:17.774+0000] {logging_mixin.py:190} INFO - 17:31:17  12 of 21 OK created sql incremental model sales.dim_mercadolivre_buyer ......... [MERGE 198 in 0.28s]
[2025-06-23T17:31:17.784+0000] {logging_mixin.py:190} INFO - 17:31:17  13 of 21 OK created sql incremental model sales.dim_mercadolivre_date .......... [MERGE 201 in 0.29s]
[2025-06-23T17:31:17.789+0000] {logging_mixin.py:190} INFO - 17:31:17  16 of 21 START sql view model sales.sum_shopee_monthly_profit .................. [RUN]
[2025-06-23T17:31:17.792+0000] {logging_mixin.py:190} INFO - 17:31:17  17 of 21 START sql view model sales.sum_shopee_monthly_revenue ................. [RUN]
[2025-06-23T17:31:17.801+0000] {logging_mixin.py:190} INFO - 17:31:17  18 of 21 START sql view model sales.sum_shopee_products_sold ................... [RUN]
[2025-06-23T17:31:17.832+0000] {logging_mixin.py:190} INFO - 17:31:17  15 of 21 OK created sql incremental model sales.dim_mercadolivre_product ....... [MERGE 67 in 0.26s]
[2025-06-23T17:31:17.883+0000] {logging_mixin.py:190} INFO - 17:31:17  19 of 21 START sql view model sales.sum_mercadolivre_monthly_profit ............ [RUN]
[2025-06-23T17:31:18.074+0000] {logging_mixin.py:190} INFO - 17:31:18  16 of 21 OK created sql view model sales.sum_shopee_monthly_profit ............. [CREATE VIEW in 0.27s]
[2025-06-23T17:31:18.078+0000] {logging_mixin.py:190} INFO - 17:31:18  17 of 21 OK created sql view model sales.sum_shopee_monthly_revenue ............ [CREATE VIEW in 0.27s]
[2025-06-23T17:31:18.086+0000] {logging_mixin.py:190} INFO - 17:31:18  18 of 21 OK created sql view model sales.sum_shopee_products_sold .............. [CREATE VIEW in 0.26s]
[2025-06-23T17:31:18.090+0000] {logging_mixin.py:190} INFO - 17:31:18  20 of 21 START sql view model sales.sum_mercadolivre_monthly_revenue ........... [RUN]
[2025-06-23T17:31:18.093+0000] {logging_mixin.py:190} INFO - 17:31:18  21 of 21 START sql view model sales.sum_mercadolivre_monthly_sold .............. [RUN]
[2025-06-23T17:31:18.124+0000] {logging_mixin.py:190} INFO - 17:31:18  19 of 21 OK created sql view model sales.sum_mercadolivre_monthly_profit ....... [CREATE VIEW in 0.23s]
[2025-06-23T17:31:18.237+0000] {logging_mixin.py:190} INFO - 17:31:18  20 of 21 OK created sql view model sales.sum_mercadolivre_monthly_revenue ...... [CREATE VIEW in 0.13s]
[2025-06-23T17:31:18.238+0000] {logging_mixin.py:190} INFO - 17:31:18  21 of 21 OK created sql view model sales.sum_mercadolivre_monthly_sold ......... [CREATE VIEW in 0.13s]
[2025-06-23T17:31:18.268+0000] {logging_mixin.py:190} INFO - 17:31:18
[2025-06-23T17:31:18.271+0000] {logging_mixin.py:190} INFO - 17:31:18  Finished running 15 incremental models, 6 view models in 0 hours 0 minutes and 2.09 seconds (2.09s).
[2025-06-23T17:31:18.512+0000] {logging_mixin.py:190} INFO - 17:31:18
[2025-06-23T17:31:18.515+0000] {logging_mixin.py:190} INFO - 17:31:18  Completed successfully
[2025-06-23T17:31:18.517+0000] {logging_mixin.py:190} INFO - 17:31:18
[2025-06-23T17:31:18.518+0000] {logging_mixin.py:190} INFO - 17:31:18  Done. PASS=21 WARN=0 ERROR=0 SKIP=0 TOTAL=21
[2025-06-23T17:31:19.422+0000] {logging_mixin.py:190} INFO - Transformation sucessfully done.
[2025-06-23T17:31:19.423+0000] {python.py:240} INFO - Done. Returned value was: None
[2025-06-23T17:31:19.437+0000] {taskinstance.py:340} INFO - ::group::Post task execution logs
[2025-06-23T17:31:19.438+0000] {taskinstance.py:352} INFO - Marking task as SUCCESS. dag_id=05_transform_data_prod, task_id=run_dbt, run_id=manual__2025-06-23T17:31:04.622459+00:00, execution_date=20250623T173104, start_date=20250623T173112, end_date=20250623T173119
[2025-06-23T17:31:19.472+0000] {local_task_job_runner.py:266} INFO - Task exited with return code 0
[2025-06-23T17:31:19.488+0000] {taskinstance.py:3895} INFO - 0 downstream tasks scheduled from follow-on schedule check
[2025-06-23T17:31:19.491+0000] {local_task_job_runner.py:245} INFO - ::endgroup::
