[2025-05-19T17:55:53.570+0000] {local_task_job_runner.py:123} INFO - ::group::Pre task execution logs
[2025-05-19T17:55:53.590+0000] {taskinstance.py:2613} INFO - Dependencies all met for dep_context=non-requeueable deps ti=<TaskInstance: 04_transform_data.run_dbt manual__2025-05-19T17:55:51.538032+00:00 [queued]>
[2025-05-19T17:55:53.600+0000] {taskinstance.py:2613} INFO - Dependencies all met for dep_context=requeueable deps ti=<TaskInstance: 04_transform_data.run_dbt manual__2025-05-19T17:55:51.538032+00:00 [queued]>
[2025-05-19T17:55:53.602+0000] {taskinstance.py:2866} INFO - Starting attempt 1 of 1
[2025-05-19T17:55:53.620+0000] {taskinstance.py:2889} INFO - Executing <Task(PythonOperator): run_dbt> on 2025-05-19 17:55:51.538032+00:00
[2025-05-19T17:55:53.627+0000] {standard_task_runner.py:72} INFO - Started process 1487 to run task
[2025-05-19T17:55:53.630+0000] {standard_task_runner.py:104} INFO - Running: ['***', 'tasks', 'run', '04_transform_data', 'run_dbt', 'manual__2025-05-19T17:55:51.538032+00:00', '--job-id', '26', '--raw', '--subdir', 'DAGS_FOLDER/04_transform_data.py', '--cfg-path', '/tmp/tmp9b76jbji']
[2025-05-19T17:55:53.633+0000] {standard_task_runner.py:105} INFO - Job 26: Subtask run_dbt
[2025-05-19T17:55:53.693+0000] {task_command.py:467} INFO - Running <TaskInstance: 04_transform_data.run_dbt manual__2025-05-19T17:55:51.538032+00:00 [running]> on host 68e8d748c575
[2025-05-19T17:55:53.781+0000] {taskinstance.py:3132} INFO - Exporting env vars: AIRFLOW_CTX_DAG_OWNER='***' AIRFLOW_CTX_DAG_ID='04_transform_data' AIRFLOW_CTX_TASK_ID='run_dbt' AIRFLOW_CTX_EXECUTION_DATE='2025-05-19T17:55:51.538032+00:00' AIRFLOW_CTX_TRY_NUMBER='1' AIRFLOW_CTX_DAG_RUN_ID='manual__2025-05-19T17:55:51.538032+00:00'
[2025-05-19T17:55:53.783+0000] {taskinstance.py:731} INFO - ::endgroup::
[2025-05-19T17:55:55.511+0000] {logging_mixin.py:190} INFO - 17:55:55  Running with dbt=1.9.4
[2025-05-19T17:55:55.868+0000] {logging_mixin.py:190} INFO - 17:55:55  Registered adapter: postgres=1.9.0
[2025-05-19T17:55:56.973+0000] {logging_mixin.py:190} INFO - 17:55:56  [WARNING]: Configuration paths exist in your dbt_project.yml file which do not apply to any resources.
There are 1 unused configuration paths:
- models.e_commerce_sales.example
[2025-05-19T17:55:57.148+0000] {logging_mixin.py:190} INFO - 17:55:57  Found 6 models, 12 sources, 433 macros
[2025-05-19T17:55:57.153+0000] {logging_mixin.py:190} INFO - 17:55:57
[2025-05-19T17:55:57.155+0000] {logging_mixin.py:190} INFO - 17:55:57  Concurrency: 4 threads (target='dev')
[2025-05-19T17:55:57.156+0000] {logging_mixin.py:190} INFO - 17:55:57
[2025-05-19T17:55:57.303+0000] {logging_mixin.py:190} INFO - 17:55:57  1 of 6 START sql incremental model sales.mercadolivre_orders_results ........... [RUN]
[2025-05-19T17:55:57.305+0000] {logging_mixin.py:190} INFO - 17:55:57  2 of 6 START sql incremental model sales.shopee_new_id ......................... [RUN]
[2025-05-19T17:55:57.661+0000] {logging_mixin.py:190} INFO - 17:55:57  2 of 6 OK created sql incremental model sales.shopee_new_id .................... [MERGE 0 in 0.35s]
[2025-05-19T17:55:57.663+0000] {logging_mixin.py:190} INFO - 17:55:57  1 of 6 OK created sql incremental model sales.mercadolivre_orders_results ...... [MERGE 255 in 0.35s]
[2025-05-19T17:55:57.668+0000] {logging_mixin.py:190} INFO - 17:55:57  3 of 6 START sql incremental model sales.shopee_orders_results ................. [RUN]
[2025-05-19T17:55:57.672+0000] {logging_mixin.py:190} INFO - 17:55:57  4 of 6 START sql incremental model sales.mercadolivre_profits .................. [RUN]
[2025-05-19T17:55:57.824+0000] {logging_mixin.py:190} INFO - 17:55:57  3 of 6 OK created sql incremental model sales.shopee_orders_results ............ [MERGE 0 in 0.15s]
[2025-05-19T17:55:57.829+0000] {logging_mixin.py:190} INFO - 17:55:57  4 of 6 OK created sql incremental model sales.mercadolivre_profits ............. [MERGE 250 in 0.14s]
[2025-05-19T17:55:57.834+0000] {logging_mixin.py:190} INFO - 17:55:57  5 of 6 START sql incremental model sales.dim_shopee_orders ..................... [RUN]
[2025-05-19T17:55:57.835+0000] {logging_mixin.py:190} INFO - 17:55:57  6 of 6 START sql incremental model sales.shopee_profits ........................ [RUN]
[2025-05-19T17:55:57.942+0000] {logging_mixin.py:190} INFO - 17:55:57  5 of 6 OK created sql incremental model sales.dim_shopee_orders ................ [SELECT 2638 in 0.10s]
[2025-05-19T17:55:58.001+0000] {logging_mixin.py:190} INFO - 17:55:58  6 of 6 OK created sql incremental model sales.shopee_profits ................... [MERGE 2727 in 0.16s]
[2025-05-19T17:55:58.027+0000] {logging_mixin.py:190} INFO - 17:55:58
[2025-05-19T17:55:58.029+0000] {logging_mixin.py:190} INFO - 17:55:58  Finished running 6 incremental models in 0 hours 0 minutes and 0.87 seconds (0.87s).
[2025-05-19T17:55:58.103+0000] {logging_mixin.py:190} INFO - 17:55:58
[2025-05-19T17:55:58.105+0000] {logging_mixin.py:190} INFO - 17:55:58  Completed successfully
[2025-05-19T17:55:58.106+0000] {logging_mixin.py:190} INFO - 17:55:58
[2025-05-19T17:55:58.108+0000] {logging_mixin.py:190} INFO - 17:55:58  Done. PASS=6 WARN=0 ERROR=0 SKIP=0 TOTAL=6
[2025-05-19T17:55:58.967+0000] {logging_mixin.py:190} INFO - Transformation sucessfully done.
[2025-05-19T17:55:58.968+0000] {python.py:240} INFO - Done. Returned value was: None
[2025-05-19T17:55:58.980+0000] {taskinstance.py:340} INFO - ::group::Post task execution logs
[2025-05-19T17:55:58.982+0000] {taskinstance.py:352} INFO - Marking task as SUCCESS. dag_id=04_transform_data, task_id=run_dbt, run_id=manual__2025-05-19T17:55:51.538032+00:00, execution_date=20250519T175551, start_date=20250519T175553, end_date=20250519T175558
[2025-05-19T17:55:59.027+0000] {local_task_job_runner.py:266} INFO - Task exited with return code 0
[2025-05-19T17:55:59.044+0000] {taskinstance.py:3895} INFO - 0 downstream tasks scheduled from follow-on schedule check
[2025-05-19T17:55:59.047+0000] {local_task_job_runner.py:245} INFO - ::endgroup::
