[2025-05-28T18:00:05.493+0000] {local_task_job_runner.py:123} INFO - ::group::Pre task execution logs
[2025-05-28T18:00:05.515+0000] {taskinstance.py:2613} INFO - Dependencies all met for dep_context=non-requeueable deps ti=<TaskInstance: 04_transform_data.install_dbt_deps manual__2025-05-28T18:00:03.219987+00:00 [queued]>
[2025-05-28T18:00:05.527+0000] {taskinstance.py:2613} INFO - Dependencies all met for dep_context=requeueable deps ti=<TaskInstance: 04_transform_data.install_dbt_deps manual__2025-05-28T18:00:03.219987+00:00 [queued]>
[2025-05-28T18:00:05.528+0000] {taskinstance.py:2866} INFO - Starting attempt 1 of 1
[2025-05-28T18:00:05.546+0000] {taskinstance.py:2889} INFO - Executing <Task(PythonOperator): install_dbt_deps> on 2025-05-28 18:00:03.219987+00:00
[2025-05-28T18:00:05.551+0000] {standard_task_runner.py:72} INFO - Started process 132 to run task
[2025-05-28T18:00:05.557+0000] {standard_task_runner.py:104} INFO - Running: ['***', 'tasks', 'run', '04_transform_data', 'install_dbt_deps', 'manual__2025-05-28T18:00:03.219987+00:00', '--job-id', '248', '--raw', '--subdir', 'DAGS_FOLDER/04_transform_data.py', '--cfg-path', '/tmp/tmp41e_s5b6']
[2025-05-28T18:00:05.559+0000] {standard_task_runner.py:105} INFO - Job 248: Subtask install_dbt_deps
[2025-05-28T18:00:05.628+0000] {task_command.py:467} INFO - Running <TaskInstance: 04_transform_data.install_dbt_deps manual__2025-05-28T18:00:03.219987+00:00 [running]> on host 950204866fda
[2025-05-28T18:00:05.723+0000] {taskinstance.py:3132} INFO - Exporting env vars: AIRFLOW_CTX_DAG_OWNER='***' AIRFLOW_CTX_DAG_ID='04_transform_data' AIRFLOW_CTX_TASK_ID='install_dbt_deps' AIRFLOW_CTX_EXECUTION_DATE='2025-05-28T18:00:03.219987+00:00' AIRFLOW_CTX_TRY_NUMBER='1' AIRFLOW_CTX_DAG_RUN_ID='manual__2025-05-28T18:00:03.219987+00:00'
[2025-05-28T18:00:05.724+0000] {taskinstance.py:731} INFO - ::endgroup::
[2025-05-28T18:00:07.946+0000] {logging_mixin.py:190} INFO - 18:00:07  Running with dbt=1.9.4
[2025-05-28T18:00:08.751+0000] {logging_mixin.py:190} INFO - 18:00:08  Installing dbt-labs/dbt_utils
[2025-05-28T18:00:11.587+0000] {logging_mixin.py:190} INFO - 18:00:11  Installed from version 1.2.0
[2025-05-28T18:00:11.589+0000] {logging_mixin.py:190} INFO - 18:00:11  Updated version available: 1.3.0
[2025-05-28T18:00:11.591+0000] {logging_mixin.py:190} INFO - 18:00:11
[2025-05-28T18:00:11.593+0000] {logging_mixin.py:190} INFO - 18:00:11  Updates available for packages: ['dbt-labs/dbt_utils']                 
Update your versions in packages.yml, then run dbt deps
[2025-05-28T18:00:12.352+0000] {logging_mixin.py:190} INFO - Dependencies sucessfully installed.
[2025-05-28T18:00:12.353+0000] {python.py:240} INFO - Done. Returned value was: None
[2025-05-28T18:00:12.367+0000] {taskinstance.py:340} INFO - ::group::Post task execution logs
[2025-05-28T18:00:12.368+0000] {taskinstance.py:352} INFO - Marking task as SUCCESS. dag_id=04_transform_data, task_id=install_dbt_deps, run_id=manual__2025-05-28T18:00:03.219987+00:00, execution_date=20250528T180003, start_date=20250528T180005, end_date=20250528T180012
[2025-05-28T18:00:12.397+0000] {local_task_job_runner.py:266} INFO - Task exited with return code 0
[2025-05-28T18:00:12.449+0000] {taskinstance.py:3895} INFO - 1 downstream tasks scheduled from follow-on schedule check
[2025-05-28T18:00:12.453+0000] {local_task_job_runner.py:245} INFO - ::endgroup::
