[2025-06-10T22:39:21.713+0000] {local_task_job_runner.py:123} INFO - ::group::Pre task execution logs
[2025-06-10T22:39:21.733+0000] {taskinstance.py:2613} INFO - Dependencies all met for dep_context=non-requeueable deps ti=<TaskInstance: 05_transform_data.run_dbt manual__2025-06-10T22:39:12.988611+00:00 [queued]>
[2025-06-10T22:39:21.743+0000] {taskinstance.py:2613} INFO - Dependencies all met for dep_context=requeueable deps ti=<TaskInstance: 05_transform_data.run_dbt manual__2025-06-10T22:39:12.988611+00:00 [queued]>
[2025-06-10T22:39:21.745+0000] {taskinstance.py:2866} INFO - Starting attempt 1 of 1
[2025-06-10T22:39:21.757+0000] {taskinstance.py:2889} INFO - Executing <Task(PythonOperator): run_dbt> on 2025-06-10 22:39:12.988611+00:00
[2025-06-10T22:39:21.762+0000] {standard_task_runner.py:72} INFO - Started process 13681 to run task
[2025-06-10T22:39:21.765+0000] {standard_task_runner.py:104} INFO - Running: ['***', 'tasks', 'run', '05_transform_data', 'run_dbt', 'manual__2025-06-10T22:39:12.988611+00:00', '--job-id', '806', '--raw', '--subdir', 'DAGS_FOLDER/05_transform_data.py', '--cfg-path', '/tmp/tmpmgkclazv']
[2025-06-10T22:39:21.767+0000] {standard_task_runner.py:105} INFO - Job 806: Subtask run_dbt
[2025-06-10T22:39:21.824+0000] {task_command.py:467} INFO - Running <TaskInstance: 05_transform_data.run_dbt manual__2025-06-10T22:39:12.988611+00:00 [running]> on host 28e6a58e4107
[2025-06-10T22:39:21.908+0000] {taskinstance.py:3132} INFO - Exporting env vars: AIRFLOW_CTX_DAG_OWNER='***' AIRFLOW_CTX_DAG_ID='05_transform_data' AIRFLOW_CTX_TASK_ID='run_dbt' AIRFLOW_CTX_EXECUTION_DATE='2025-06-10T22:39:12.988611+00:00' AIRFLOW_CTX_TRY_NUMBER='1' AIRFLOW_CTX_DAG_RUN_ID='manual__2025-06-10T22:39:12.988611+00:00'
[2025-06-10T22:39:21.909+0000] {taskinstance.py:731} INFO - ::endgroup::
[2025-06-10T22:39:23.615+0000] {logging_mixin.py:190} INFO - 22:39:23  Running with dbt=1.9.5
[2025-06-10T22:39:23.967+0000] {logging_mixin.py:190} INFO - 22:39:23  Registered adapter: postgres=1.9.0
[2025-06-10T22:39:25.811+0000] {logging_mixin.py:190} INFO - 22:39:25  [WARNING]: Configuration paths exist in your dbt_project.yml file which do not apply to any resources.
There are 1 unused configuration paths:
- models.e_commerce_sales.example
[2025-06-10T22:39:26.034+0000] {logging_mixin.py:190} INFO - 22:39:26  Found 21 models, 12 sources, 549 macros, 1 unit test
[2025-06-10T22:39:26.039+0000] {logging_mixin.py:190} INFO - 22:39:26
[2025-06-10T22:39:26.040+0000] {logging_mixin.py:190} INFO - 22:39:26  Concurrency: 4 threads (target='dev')
[2025-06-10T22:39:26.042+0000] {logging_mixin.py:190} INFO - 22:39:26
[2025-06-10T22:39:26.192+0000] {logging_mixin.py:190} INFO - 22:39:26  1 of 21 START sql incremental model sales_stg.stg_mercadolivre ................. [RUN]
[2025-06-10T22:39:26.194+0000] {logging_mixin.py:190} INFO - 22:39:26  2 of 21 START sql incremental model sales_stg.stg_mercadolivre__order_items .... [RUN]
[2025-06-10T22:39:26.196+0000] {logging_mixin.py:190} INFO - 22:39:26  3 of 21 START sql incremental model sales_stg.stg_mercadolivre__payments ....... [RUN]
[2025-06-10T22:39:26.198+0000] {logging_mixin.py:190} INFO - 22:39:26  4 of 21 START sql incremental model sales_stg.stg_mercadolivre_sh .............. [RUN]
[2025-06-10T22:39:26.498+0000] {logging_mixin.py:190} INFO - 22:39:26  2 of 21 OK created sql incremental model sales_stg.stg_mercadolivre__order_items  [SELECT 285 in 0.29s]
[2025-06-10T22:39:26.501+0000] {logging_mixin.py:190} INFO - 22:39:26  3 of 21 OK created sql incremental model sales_stg.stg_mercadolivre__payments .. [SELECT 301 in 0.29s]
[2025-06-10T22:39:26.503+0000] {logging_mixin.py:190} INFO - 22:39:26  4 of 21 OK created sql incremental model sales_stg.stg_mercadolivre_sh ......... [SELECT 268 in 0.29s]
[2025-06-10T22:39:26.507+0000] {logging_mixin.py:190} INFO - 22:39:26  1 of 21 OK created sql incremental model sales_stg.stg_mercadolivre ............ [SELECT 285 in 0.30s]
[2025-06-10T22:39:26.514+0000] {logging_mixin.py:190} INFO - 22:39:26  5 of 21 START sql incremental model sales_stg.stg_shopee ....................... [RUN]
[2025-06-10T22:39:26.518+0000] {logging_mixin.py:190} INFO - 22:39:26  6 of 21 START sql incremental model sales.mercadolivre_orders_results .......... [RUN]
[2025-06-10T22:39:26.658+0000] {logging_mixin.py:190} INFO - 22:39:26  5 of 21 OK created sql incremental model sales_stg.stg_shopee .................. [SELECT 2875 in 0.14s]
[2025-06-10T22:39:26.663+0000] {logging_mixin.py:190} INFO - 22:39:26  7 of 21 START sql incremental model sales.shopee_orders_results ................ [RUN]
[2025-06-10T22:39:26.772+0000] {logging_mixin.py:190} INFO - 22:39:26  7 of 21 OK created sql incremental model sales.shopee_orders_results ........... [SELECT 2679 in 0.10s]
[2025-06-10T22:39:26.779+0000] {logging_mixin.py:190} INFO - 22:39:26  8 of 21 START sql incremental model sales.dim_shopee_buyer ..................... [RUN]
[2025-06-10T22:39:26.780+0000] {logging_mixin.py:190} INFO - 22:39:26  9 of 21 START sql incremental model sales.dim_shopee_date ...................... [RUN]
[2025-06-10T22:39:26.782+0000] {logging_mixin.py:190} INFO - 22:39:26  10 of 21 START sql incremental model sales.dim_shopee_orders_status ............ [RUN]
[2025-06-10T22:39:26.931+0000] {logging_mixin.py:190} INFO - 22:39:26  10 of 21 OK created sql incremental model sales.dim_shopee_orders_status ....... [SELECT 2679 in 0.14s]
[2025-06-10T22:39:26.943+0000] {logging_mixin.py:190} INFO - 22:39:26  9 of 21 OK created sql incremental model sales.dim_shopee_date ................. [SELECT 2679 in 0.15s]
[2025-06-10T22:39:26.947+0000] {logging_mixin.py:190} INFO - 22:39:26  8 of 21 OK created sql incremental model sales.dim_shopee_buyer ................ [SELECT 2567 in 0.16s]
[2025-06-10T22:39:26.949+0000] {logging_mixin.py:190} INFO - 22:39:26  11 of 21 START sql incremental model sales.dim_shopee_product .................. [RUN]
[2025-06-10T22:39:26.956+0000] {logging_mixin.py:190} INFO - 22:39:26  12 of 21 START sql view model sales.sum_shopee_monthly_profit .................. [RUN]
[2025-06-10T22:39:26.958+0000] {logging_mixin.py:190} INFO - 22:39:26  13 of 21 START sql view model sales.sum_shopee_monthly_revenue ................. [RUN]
[2025-06-10T22:39:27.105+0000] {logging_mixin.py:190} INFO - 22:39:27  11 of 21 OK created sql incremental model sales.dim_shopee_product ............. [SELECT 180 in 0.15s]
[2025-06-10T22:39:27.136+0000] {logging_mixin.py:190} INFO - 22:39:27  14 of 21 START sql view model sales.sum_shopee_products_sold ................... [RUN]
[2025-06-10T22:39:27.156+0000] {logging_mixin.py:190} INFO - 22:39:27  12 of 21 OK created sql view model sales.sum_shopee_monthly_profit ............. [CREATE VIEW in 0.19s]
[2025-06-10T22:39:27.158+0000] {logging_mixin.py:190} INFO - 22:39:27  13 of 21 OK created sql view model sales.sum_shopee_monthly_revenue ............ [CREATE VIEW in 0.19s]
[2025-06-10T22:39:27.233+0000] {logging_mixin.py:190} INFO - 22:39:27  14 of 21 OK created sql view model sales.sum_shopee_products_sold .............. [CREATE VIEW in 0.09s]
[2025-06-10T22:39:40.351+0000] {logging_mixin.py:190} INFO - 22:39:40  6 of 21 OK created sql incremental model sales.mercadolivre_orders_results ..... [SELECT 190 in 13.82s]
[2025-06-10T22:39:40.358+0000] {logging_mixin.py:190} INFO - 22:39:40  15 of 21 START sql incremental model sales.dim_mercadolivre_buyer .............. [RUN]
[2025-06-10T22:39:40.359+0000] {logging_mixin.py:190} INFO - 22:39:40  16 of 21 START sql incremental model sales.dim_mercadolivre_date ............... [RUN]
[2025-06-10T22:39:40.361+0000] {logging_mixin.py:190} INFO - 22:39:40  17 of 21 START sql incremental model sales.dim_mercadolivre_orders_status ...... [RUN]
[2025-06-10T22:39:40.362+0000] {logging_mixin.py:190} INFO - 22:39:40  18 of 21 START sql incremental model sales.dim_mercadolivre_product ............ [RUN]
[2025-06-10T22:39:40.505+0000] {logging_mixin.py:190} INFO - 22:39:40  15 of 21 OK created sql incremental model sales.dim_mercadolivre_buyer ......... [SELECT 188 in 0.14s]
[2025-06-10T22:39:40.516+0000] {logging_mixin.py:190} INFO - 22:39:40  17 of 21 OK created sql incremental model sales.dim_mercadolivre_orders_status . [SELECT 190 in 0.15s]
[2025-06-10T22:39:40.522+0000] {logging_mixin.py:190} INFO - 22:39:40  16 of 21 OK created sql incremental model sales.dim_mercadolivre_date .......... [SELECT 190 in 0.15s]
[2025-06-10T22:39:40.523+0000] {logging_mixin.py:190} INFO - 22:39:40  18 of 21 OK created sql incremental model sales.dim_mercadolivre_product ....... [SELECT 65 in 0.15s]
[2025-06-10T22:39:40.531+0000] {logging_mixin.py:190} INFO - 22:39:40  19 of 21 START sql view model sales.sum_mercadolivre_monthly_profit ............ [RUN]
[2025-06-10T22:39:40.533+0000] {logging_mixin.py:190} INFO - 22:39:40  20 of 21 START sql view model sales.sum_mercadolivre_monthly_revenue ........... [RUN]
[2025-06-10T22:39:40.534+0000] {logging_mixin.py:190} INFO - 22:39:40  21 of 21 START sql view model sales.sum_mercadolivre_monthly_sold .............. [RUN]
[2025-06-10T22:39:40.674+0000] {logging_mixin.py:190} INFO - 22:39:40  19 of 21 OK created sql view model sales.sum_mercadolivre_monthly_profit ....... [CREATE VIEW in 0.14s]
[2025-06-10T22:39:40.683+0000] {logging_mixin.py:190} INFO - 22:39:40  21 of 21 OK created sql view model sales.sum_mercadolivre_monthly_sold ......... [CREATE VIEW in 0.14s]
[2025-06-10T22:39:40.686+0000] {logging_mixin.py:190} INFO - 22:39:40  20 of 21 OK created sql view model sales.sum_mercadolivre_monthly_revenue ...... [CREATE VIEW in 0.15s]
[2025-06-10T22:39:40.711+0000] {logging_mixin.py:190} INFO - 22:39:40
[2025-06-10T22:39:40.712+0000] {logging_mixin.py:190} INFO - 22:39:40  Finished running 15 incremental models, 6 view models in 0 hours 0 minutes and 14.67 seconds (14.67s).
[2025-06-10T22:39:40.788+0000] {logging_mixin.py:190} INFO - 22:39:40
[2025-06-10T22:39:40.790+0000] {logging_mixin.py:190} INFO - 22:39:40  Completed successfully
[2025-06-10T22:39:40.791+0000] {logging_mixin.py:190} INFO - 22:39:40
[2025-06-10T22:39:40.792+0000] {logging_mixin.py:190} INFO - 22:39:40  Done. PASS=21 WARN=0 ERROR=0 SKIP=0 TOTAL=21
[2025-06-10T22:39:41.696+0000] {logging_mixin.py:190} INFO - Transformation sucessfully done.
[2025-06-10T22:39:41.697+0000] {python.py:240} INFO - Done. Returned value was: None
[2025-06-10T22:39:41.709+0000] {taskinstance.py:340} INFO - ::group::Post task execution logs
[2025-06-10T22:39:41.710+0000] {taskinstance.py:352} INFO - Marking task as SUCCESS. dag_id=05_transform_data, task_id=run_dbt, run_id=manual__2025-06-10T22:39:12.988611+00:00, execution_date=20250610T223912, start_date=20250610T223921, end_date=20250610T223941
[2025-06-10T22:39:41.771+0000] {local_task_job_runner.py:266} INFO - Task exited with return code 0
[2025-06-10T22:39:41.785+0000] {standard_task_runner.py:217} INFO - Process not found (most likely exited), stop collecting metrics
[2025-06-10T22:39:41.821+0000] {taskinstance.py:3895} INFO - 0 downstream tasks scheduled from follow-on schedule check
[2025-06-10T22:39:41.825+0000] {local_task_job_runner.py:245} INFO - ::endgroup::
