[2025-06-10T19:52:54.555+0000] {local_task_job_runner.py:123} INFO - ::group::Pre task execution logs
[2025-06-10T19:52:54.573+0000] {taskinstance.py:2613} INFO - Dependencies all met for dep_context=non-requeueable deps ti=<TaskInstance: 05_transform_data.install_dbt_deps manual__2025-06-10T19:52:53.563288+00:00 [queued]>
[2025-06-10T19:52:54.581+0000] {taskinstance.py:2613} INFO - Dependencies all met for dep_context=requeueable deps ti=<TaskInstance: 05_transform_data.install_dbt_deps manual__2025-06-10T19:52:53.563288+00:00 [queued]>
[2025-06-10T19:52:54.583+0000] {taskinstance.py:2866} INFO - Starting attempt 1 of 1
[2025-06-10T19:52:54.595+0000] {taskinstance.py:2889} INFO - Executing <Task(PythonOperator): install_dbt_deps> on 2025-06-10 19:52:53.563288+00:00
[2025-06-10T19:52:54.600+0000] {standard_task_runner.py:72} INFO - Started process 3968 to run task
[2025-06-10T19:52:54.604+0000] {standard_task_runner.py:104} INFO - Running: ['***', 'tasks', 'run', '05_transform_data', 'install_dbt_deps', 'manual__2025-06-10T19:52:53.563288+00:00', '--job-id', '720', '--raw', '--subdir', 'DAGS_FOLDER/05_transform_data.py', '--cfg-path', '/tmp/tmpziqyoplc']
[2025-06-10T19:52:54.606+0000] {standard_task_runner.py:105} INFO - Job 720: Subtask install_dbt_deps
[2025-06-10T19:52:54.659+0000] {task_command.py:467} INFO - Running <TaskInstance: 05_transform_data.install_dbt_deps manual__2025-06-10T19:52:53.563288+00:00 [running]> on host 28e6a58e4107
[2025-06-10T19:52:54.745+0000] {taskinstance.py:3132} INFO - Exporting env vars: AIRFLOW_CTX_DAG_OWNER='***' AIRFLOW_CTX_DAG_ID='05_transform_data' AIRFLOW_CTX_TASK_ID='install_dbt_deps' AIRFLOW_CTX_EXECUTION_DATE='2025-06-10T19:52:53.563288+00:00' AIRFLOW_CTX_TRY_NUMBER='1' AIRFLOW_CTX_DAG_RUN_ID='manual__2025-06-10T19:52:53.563288+00:00'
[2025-06-10T19:52:54.747+0000] {taskinstance.py:731} INFO - ::endgroup::
[2025-06-10T19:52:56.314+0000] {logging_mixin.py:190} INFO - 19:52:56  Running with dbt=1.9.5
[2025-06-10T19:52:56.950+0000] {logging_mixin.py:190} INFO - 19:52:56  Installing dbt-labs/dbt_utils
[2025-06-10T19:53:00.241+0000] {logging_mixin.py:190} INFO - 19:53:00  Installed from version 1.2.0
[2025-06-10T19:53:00.243+0000] {logging_mixin.py:190} INFO - 19:53:00  Updated version available: 1.3.0
[2025-06-10T19:53:00.245+0000] {logging_mixin.py:190} INFO - 19:53:00
[2025-06-10T19:53:00.247+0000] {logging_mixin.py:190} INFO - 19:53:00  Updates available for packages: ['dbt-labs/dbt_utils']                 
Update your versions in packages.yml, then run dbt deps
[2025-06-10T19:53:00.926+0000] {logging_mixin.py:190} INFO - Dependencies sucessfully installed.
[2025-06-10T19:53:00.928+0000] {python.py:240} INFO - Done. Returned value was: None
[2025-06-10T19:53:00.943+0000] {taskinstance.py:340} INFO - ::group::Post task execution logs
[2025-06-10T19:53:00.944+0000] {taskinstance.py:352} INFO - Marking task as SUCCESS. dag_id=05_transform_data, task_id=install_dbt_deps, run_id=manual__2025-06-10T19:52:53.563288+00:00, execution_date=20250610T195253, start_date=20250610T195254, end_date=20250610T195300
[2025-06-10T19:53:01.005+0000] {local_task_job_runner.py:266} INFO - Task exited with return code 0
[2025-06-10T19:53:01.028+0000] {taskinstance.py:3895} INFO - 1 downstream tasks scheduled from follow-on schedule check
[2025-06-10T19:53:01.031+0000] {local_task_job_runner.py:245} INFO - ::endgroup::
