[2025-06-12T00:01:30.949+0000] {local_task_job_runner.py:123} INFO - ::group::Pre task execution logs
[2025-06-12T00:01:30.970+0000] {taskinstance.py:2613} INFO - Dependencies all met for dep_context=non-requeueable deps ti=<TaskInstance: 03_load_data_prod.load_shopee manual__2025-06-12T00:01:29.285558+00:00 [queued]>
[2025-06-12T00:01:30.978+0000] {taskinstance.py:2613} INFO - Dependencies all met for dep_context=requeueable deps ti=<TaskInstance: 03_load_data_prod.load_shopee manual__2025-06-12T00:01:29.285558+00:00 [queued]>
[2025-06-12T00:01:30.981+0000] {taskinstance.py:2866} INFO - Starting attempt 1 of 1
[2025-06-12T00:01:30.995+0000] {taskinstance.py:2889} INFO - Executing <Task(PythonOperator): load_shopee> on 2025-06-12 00:01:29.285558+00:00
[2025-06-12T00:01:30.999+0000] {standard_task_runner.py:72} INFO - Started process 7213 to run task
[2025-06-12T00:01:31.004+0000] {standard_task_runner.py:104} INFO - Running: ['***', 'tasks', 'run', '03_load_data_prod', 'load_shopee', 'manual__2025-06-12T00:01:29.285558+00:00', '--job-id', '978', '--raw', '--subdir', 'DAGS_FOLDER/03_load_data_prod.py', '--cfg-path', '/tmp/tmp7yazy960']
[2025-06-12T00:01:31.006+0000] {standard_task_runner.py:105} INFO - Job 978: Subtask load_shopee
[2025-06-12T00:01:31.070+0000] {task_command.py:467} INFO - Running <TaskInstance: 03_load_data_prod.load_shopee manual__2025-06-12T00:01:29.285558+00:00 [running]> on host 28e6a58e4107
[2025-06-12T00:01:31.157+0000] {taskinstance.py:3132} INFO - Exporting env vars: AIRFLOW_CTX_DAG_OWNER='***' AIRFLOW_CTX_DAG_ID='03_load_data_prod' AIRFLOW_CTX_TASK_ID='load_shopee' AIRFLOW_CTX_EXECUTION_DATE='2025-06-12T00:01:29.285558+00:00' AIRFLOW_CTX_TRY_NUMBER='1' AIRFLOW_CTX_DAG_RUN_ID='manual__2025-06-12T00:01:29.285558+00:00'
[2025-06-12T00:01:31.158+0000] {taskinstance.py:731} INFO - ::endgroup::
[2025-06-12T00:01:31.912+0000] {logging_mixin.py:190} INFO - Loading file ./extraction/shopee/data/raw/prod/Order.completed.20240701_20240731.xlsx to prod sales_db
[2025-06-12T00:01:31.962+0000] {logging_mixin.py:190} INFO - Data in ./extraction/shopee/data/raw/prod/Order.completed.20240701_20240731.xlsx successfully loaded.
[2025-06-12T00:01:32.110+0000] {logging_mixin.py:190} INFO - Loading file ./extraction/shopee/data/raw/prod/Order.completed.20240801_20240831.xlsx to prod sales_db
[2025-06-12T00:01:32.174+0000] {logging_mixin.py:190} INFO - Data in ./extraction/shopee/data/raw/prod/Order.completed.20240801_20240831.xlsx successfully loaded.
[2025-06-12T00:01:32.332+0000] {logging_mixin.py:190} INFO - Loading file ./extraction/shopee/data/raw/prod/Order.completed.20240901_20240930.xlsx to prod sales_db
[2025-06-12T00:01:32.401+0000] {logging_mixin.py:190} INFO - Data in ./extraction/shopee/data/raw/prod/Order.completed.20240901_20240930.xlsx successfully loaded.
[2025-06-12T00:01:32.630+0000] {logging_mixin.py:190} INFO - Loading file ./extraction/shopee/data/raw/prod/Order.completed.20241001_20241031.xlsx to prod sales_db
[2025-06-12T00:01:32.739+0000] {logging_mixin.py:190} INFO - Data in ./extraction/shopee/data/raw/prod/Order.completed.20241001_20241031.xlsx successfully loaded.
[2025-06-12T00:01:33.071+0000] {logging_mixin.py:190} INFO - Loading file ./extraction/shopee/data/raw/prod/Order.completed.20241101_20241130.xlsx to prod sales_db
[2025-06-12T00:01:33.179+0000] {logging_mixin.py:190} INFO - Data in ./extraction/shopee/data/raw/prod/Order.completed.20241101_20241130.xlsx successfully loaded.
[2025-06-12T00:01:33.598+0000] {logging_mixin.py:190} INFO - Loading file ./extraction/shopee/data/raw/prod/Order.completed.20241201_20241231.xlsx to prod sales_db
[2025-06-12T00:01:33.696+0000] {logging_mixin.py:190} INFO - Data in ./extraction/shopee/data/raw/prod/Order.completed.20241201_20241231.xlsx successfully loaded.
[2025-06-12T00:01:33.902+0000] {logging_mixin.py:190} INFO - Loading file ./extraction/shopee/data/raw/prod/Order.completed.20250101_20250131.xlsx to prod sales_db
[2025-06-12T00:01:33.988+0000] {logging_mixin.py:190} INFO - Data in ./extraction/shopee/data/raw/prod/Order.completed.20250101_20250131.xlsx successfully loaded.
[2025-06-12T00:01:34.301+0000] {logging_mixin.py:190} INFO - Loading file ./extraction/shopee/data/raw/prod/Order.completed.20250201_20250228.xlsx to prod sales_db
[2025-06-12T00:01:34.416+0000] {logging_mixin.py:190} INFO - Data in ./extraction/shopee/data/raw/prod/Order.completed.20250201_20250228.xlsx successfully loaded.
[2025-06-12T00:01:34.808+0000] {logging_mixin.py:190} INFO - Loading file ./extraction/shopee/data/raw/prod/Order.completed.20250301_20250331.xlsx to prod sales_db
[2025-06-12T00:01:34.945+0000] {logging_mixin.py:190} INFO - Data in ./extraction/shopee/data/raw/prod/Order.completed.20250301_20250331.xlsx successfully loaded.
[2025-06-12T00:01:35.131+0000] {logging_mixin.py:190} INFO - Loading file ./extraction/shopee/data/raw/prod/Order.completed.20250401_20250430.xlsx to prod sales_db
[2025-06-12T00:01:35.230+0000] {logging_mixin.py:190} INFO - Data in ./extraction/shopee/data/raw/prod/Order.completed.20250401_20250430.xlsx successfully loaded.
[2025-06-12T00:01:35.231+0000] {logging_mixin.py:190} INFO - [WARNING] - file ./extraction/shopee/data/raw/prod/temp.txt does not have .xlsx extension and could not be loaded.
[2025-06-12T00:01:35.232+0000] {logging_mixin.py:190} INFO - All data successfully loaded!
[2025-06-12T00:01:35.233+0000] {python.py:240} INFO - Done. Returned value was: 1
[2025-06-12T00:01:35.265+0000] {taskinstance.py:340} INFO - ::group::Post task execution logs
[2025-06-12T00:01:35.267+0000] {taskinstance.py:352} INFO - Marking task as SUCCESS. dag_id=03_load_data_prod, task_id=load_shopee, run_id=manual__2025-06-12T00:01:29.285558+00:00, execution_date=20250612T000129, start_date=20250612T000130, end_date=20250612T000135
[2025-06-12T00:01:35.314+0000] {local_task_job_runner.py:266} INFO - Task exited with return code 0
[2025-06-12T00:01:35.336+0000] {taskinstance.py:3895} INFO - 0 downstream tasks scheduled from follow-on schedule check
[2025-06-12T00:01:35.338+0000] {local_task_job_runner.py:245} INFO - ::endgroup::
