[2025-05-22T19:09:24.076+0000] {local_task_job_runner.py:123} INFO - ::group::Pre task execution logs
[2025-05-22T19:09:24.095+0000] {taskinstance.py:2613} INFO - Dependencies all met for dep_context=non-requeueable deps ti=<TaskInstance: 04_transform_data.install_dbt_deps manual__2025-05-22T19:09:22.218685+00:00 [queued]>
[2025-05-22T19:09:24.103+0000] {taskinstance.py:2613} INFO - Dependencies all met for dep_context=requeueable deps ti=<TaskInstance: 04_transform_data.install_dbt_deps manual__2025-05-22T19:09:22.218685+00:00 [queued]>
[2025-05-22T19:09:24.106+0000] {taskinstance.py:2866} INFO - Starting attempt 1 of 1
[2025-05-22T19:09:24.118+0000] {taskinstance.py:2889} INFO - Executing <Task(PythonOperator): install_dbt_deps> on 2025-05-22 19:09:22.218685+00:00
[2025-05-22T19:09:24.123+0000] {standard_task_runner.py:72} INFO - Started process 3838 to run task
[2025-05-22T19:09:24.126+0000] {standard_task_runner.py:104} INFO - Running: ['***', 'tasks', 'run', '04_transform_data', 'install_dbt_deps', 'manual__2025-05-22T19:09:22.218685+00:00', '--job-id', '209', '--raw', '--subdir', 'DAGS_FOLDER/04_transform_data.py', '--cfg-path', '/tmp/tmpr2yk8s6t']
[2025-05-22T19:09:24.129+0000] {standard_task_runner.py:105} INFO - Job 209: Subtask install_dbt_deps
[2025-05-22T19:09:24.183+0000] {task_command.py:467} INFO - Running <TaskInstance: 04_transform_data.install_dbt_deps manual__2025-05-22T19:09:22.218685+00:00 [running]> on host e27e96d1841a
[2025-05-22T19:09:24.278+0000] {taskinstance.py:3132} INFO - Exporting env vars: AIRFLOW_CTX_DAG_OWNER='***' AIRFLOW_CTX_DAG_ID='04_transform_data' AIRFLOW_CTX_TASK_ID='install_dbt_deps' AIRFLOW_CTX_EXECUTION_DATE='2025-05-22T19:09:22.218685+00:00' AIRFLOW_CTX_TRY_NUMBER='1' AIRFLOW_CTX_DAG_RUN_ID='manual__2025-05-22T19:09:22.218685+00:00'
[2025-05-22T19:09:24.279+0000] {taskinstance.py:731} INFO - ::endgroup::
[2025-05-22T19:09:25.902+0000] {logging_mixin.py:190} INFO - 19:09:25  Running with dbt=1.9.4
[2025-05-22T19:09:26.630+0000] {logging_mixin.py:190} INFO - 19:09:26  Installing dbt-labs/dbt_utils
[2025-05-22T19:09:29.334+0000] {logging_mixin.py:190} INFO - 19:09:29  Installed from version 1.2.0
[2025-05-22T19:09:29.335+0000] {logging_mixin.py:190} INFO - 19:09:29  Updated version available: 1.3.0
[2025-05-22T19:09:29.339+0000] {logging_mixin.py:190} INFO - 19:09:29
[2025-05-22T19:09:29.340+0000] {logging_mixin.py:190} INFO - 19:09:29  Updates available for packages: ['dbt-labs/dbt_utils']                 
Update your versions in packages.yml, then run dbt deps
[2025-05-22T19:09:30.076+0000] {logging_mixin.py:190} INFO - Dependencies sucessfully installed.
[2025-05-22T19:09:30.077+0000] {python.py:240} INFO - Done. Returned value was: None
[2025-05-22T19:09:30.090+0000] {taskinstance.py:340} INFO - ::group::Post task execution logs
[2025-05-22T19:09:30.091+0000] {taskinstance.py:352} INFO - Marking task as SUCCESS. dag_id=04_transform_data, task_id=install_dbt_deps, run_id=manual__2025-05-22T19:09:22.218685+00:00, execution_date=20250522T190922, start_date=20250522T190924, end_date=20250522T190930
[2025-05-22T19:09:30.134+0000] {local_task_job_runner.py:266} INFO - Task exited with return code 0
[2025-05-22T19:09:30.156+0000] {taskinstance.py:3895} INFO - 1 downstream tasks scheduled from follow-on schedule check
[2025-05-22T19:09:30.159+0000] {local_task_job_runner.py:245} INFO - ::endgroup::
