[2025-05-22T19:00:20.581+0000] {local_task_job_runner.py:123} INFO - ::group::Pre task execution logs
[2025-05-22T19:00:20.600+0000] {taskinstance.py:2613} INFO - Dependencies all met for dep_context=non-requeueable deps ti=<TaskInstance: 04_transform_data.install_dbt_deps manual__2025-05-22T19:00:18.303691+00:00 [queued]>
[2025-05-22T19:00:20.609+0000] {taskinstance.py:2613} INFO - Dependencies all met for dep_context=requeueable deps ti=<TaskInstance: 04_transform_data.install_dbt_deps manual__2025-05-22T19:00:18.303691+00:00 [queued]>
[2025-05-22T19:00:20.610+0000] {taskinstance.py:2866} INFO - Starting attempt 1 of 1
[2025-05-22T19:00:20.623+0000] {taskinstance.py:2889} INFO - Executing <Task(PythonOperator): install_dbt_deps> on 2025-05-22 19:00:18.303691+00:00
[2025-05-22T19:00:20.628+0000] {standard_task_runner.py:72} INFO - Started process 3702 to run task
[2025-05-22T19:00:20.631+0000] {standard_task_runner.py:104} INFO - Running: ['***', 'tasks', 'run', '04_transform_data', 'install_dbt_deps', 'manual__2025-05-22T19:00:18.303691+00:00', '--job-id', '207', '--raw', '--subdir', 'DAGS_FOLDER/04_transform_data.py', '--cfg-path', '/tmp/tmp_5cz0484']
[2025-05-22T19:00:20.633+0000] {standard_task_runner.py:105} INFO - Job 207: Subtask install_dbt_deps
[2025-05-22T19:00:20.687+0000] {task_command.py:467} INFO - Running <TaskInstance: 04_transform_data.install_dbt_deps manual__2025-05-22T19:00:18.303691+00:00 [running]> on host e27e96d1841a
[2025-05-22T19:00:20.771+0000] {taskinstance.py:3132} INFO - Exporting env vars: AIRFLOW_CTX_DAG_OWNER='***' AIRFLOW_CTX_DAG_ID='04_transform_data' AIRFLOW_CTX_TASK_ID='install_dbt_deps' AIRFLOW_CTX_EXECUTION_DATE='2025-05-22T19:00:18.303691+00:00' AIRFLOW_CTX_TRY_NUMBER='1' AIRFLOW_CTX_DAG_RUN_ID='manual__2025-05-22T19:00:18.303691+00:00'
[2025-05-22T19:00:20.772+0000] {taskinstance.py:731} INFO - ::endgroup::
[2025-05-22T19:00:22.400+0000] {logging_mixin.py:190} INFO - 19:00:22  Running with dbt=1.9.4
[2025-05-22T19:00:24.104+0000] {logging_mixin.py:190} INFO - 19:00:24  Installing dbt-labs/dbt_utils
[2025-05-22T19:00:26.784+0000] {logging_mixin.py:190} INFO - 19:00:26  Installed from version 1.2.0
[2025-05-22T19:00:26.786+0000] {logging_mixin.py:190} INFO - 19:00:26  Updated version available: 1.3.0
[2025-05-22T19:00:26.788+0000] {logging_mixin.py:190} INFO - 19:00:26
[2025-05-22T19:00:26.790+0000] {logging_mixin.py:190} INFO - 19:00:26  Updates available for packages: ['dbt-labs/dbt_utils']                 
Update your versions in packages.yml, then run dbt deps
[2025-05-22T19:00:27.522+0000] {logging_mixin.py:190} INFO - Dependencies sucessfully installed.
[2025-05-22T19:00:27.523+0000] {python.py:240} INFO - Done. Returned value was: None
[2025-05-22T19:00:27.538+0000] {taskinstance.py:340} INFO - ::group::Post task execution logs
[2025-05-22T19:00:27.540+0000] {taskinstance.py:352} INFO - Marking task as SUCCESS. dag_id=04_transform_data, task_id=install_dbt_deps, run_id=manual__2025-05-22T19:00:18.303691+00:00, execution_date=20250522T190018, start_date=20250522T190020, end_date=20250522T190027
[2025-05-22T19:00:27.596+0000] {local_task_job_runner.py:266} INFO - Task exited with return code 0
[2025-05-22T19:00:27.619+0000] {taskinstance.py:3895} INFO - 1 downstream tasks scheduled from follow-on schedule check
[2025-05-22T19:00:27.622+0000] {local_task_job_runner.py:245} INFO - ::endgroup::
