[2025-06-16T14:52:05.939+0000] {local_task_job_runner.py:123} INFO - ::group::Pre task execution logs
[2025-06-16T14:52:05.961+0000] {taskinstance.py:2613} INFO - Dependencies all met for dep_context=non-requeueable deps ti=<TaskInstance: 06_delete_entry_data_prod.delete_ml_sh_files manual__2025-06-16T14:52:03.541112+00:00 [queued]>
[2025-06-16T14:52:05.971+0000] {taskinstance.py:2613} INFO - Dependencies all met for dep_context=requeueable deps ti=<TaskInstance: 06_delete_entry_data_prod.delete_ml_sh_files manual__2025-06-16T14:52:03.541112+00:00 [queued]>
[2025-06-16T14:52:05.972+0000] {taskinstance.py:2866} INFO - Starting attempt 1 of 1
[2025-06-16T14:52:05.986+0000] {taskinstance.py:2889} INFO - Executing <Task(PythonOperator): delete_ml_sh_files> on 2025-06-16 14:52:03.541112+00:00
[2025-06-16T14:52:05.992+0000] {standard_task_runner.py:72} INFO - Started process 4324 to run task
[2025-06-16T14:52:05.995+0000] {standard_task_runner.py:104} INFO - Running: ['***', 'tasks', 'run', '06_delete_entry_data_prod', 'delete_ml_sh_files', 'manual__2025-06-16T14:52:03.541112+00:00', '--job-id', '65', '--raw', '--subdir', 'DAGS_FOLDER/06_delete_files_tables_prod.py', '--cfg-path', '/tmp/tmpnc08yzrv']
[2025-06-16T14:52:05.998+0000] {standard_task_runner.py:105} INFO - Job 65: Subtask delete_ml_sh_files
[2025-06-16T14:52:06.058+0000] {task_command.py:467} INFO - Running <TaskInstance: 06_delete_entry_data_prod.delete_ml_sh_files manual__2025-06-16T14:52:03.541112+00:00 [running]> on host 5b7cdd28fdf5
[2025-06-16T14:52:06.159+0000] {taskinstance.py:3132} INFO - Exporting env vars: AIRFLOW_CTX_DAG_OWNER='***' AIRFLOW_CTX_DAG_ID='06_delete_entry_data_prod' AIRFLOW_CTX_TASK_ID='delete_ml_sh_files' AIRFLOW_CTX_EXECUTION_DATE='2025-06-16T14:52:03.541112+00:00' AIRFLOW_CTX_TRY_NUMBER='1' AIRFLOW_CTX_DAG_RUN_ID='manual__2025-06-16T14:52:03.541112+00:00'
[2025-06-16T14:52:06.161+0000] {taskinstance.py:731} INFO - ::endgroup::
[2025-06-16T14:52:06.181+0000] {logging_mixin.py:190} INFO - Deleted all files in /opt/***/extraction/mercadolivre/data/shipping_cost_ml/prod/ with extension *.json
[2025-06-16T14:52:06.184+0000] {logging_mixin.py:190} INFO - Deleted all files in /opt/***/extraction/mercadolivre/data/shipping_cost_ml/prod/ with extension *.json
[2025-06-16T14:52:06.187+0000] {logging_mixin.py:190} INFO - Deleted all files in /opt/***/extraction/mercadolivre/data/shipping_cost_ml/prod/ with extension *.json
[2025-06-16T14:52:06.190+0000] {logging_mixin.py:190} INFO - Deleted all files in /opt/***/extraction/mercadolivre/data/shipping_cost_ml/prod/ with extension *.json
[2025-06-16T14:52:06.193+0000] {logging_mixin.py:190} INFO - Deleted all files in /opt/***/extraction/mercadolivre/data/shipping_cost_ml/prod/ with extension *.json
[2025-06-16T14:52:06.196+0000] {logging_mixin.py:190} INFO - Deleted all files in /opt/***/extraction/mercadolivre/data/shipping_cost_ml/prod/ with extension *.json
[2025-06-16T14:52:06.199+0000] {logging_mixin.py:190} INFO - Deleted all files in /opt/***/extraction/mercadolivre/data/shipping_cost_ml/prod/ with extension *.json
[2025-06-16T14:52:06.202+0000] {logging_mixin.py:190} INFO - Deleted all files in /opt/***/extraction/mercadolivre/data/shipping_cost_ml/prod/ with extension *.json
[2025-06-16T14:52:06.205+0000] {logging_mixin.py:190} INFO - Deleted all files in /opt/***/extraction/mercadolivre/data/shipping_cost_ml/prod/ with extension *.json
[2025-06-16T14:52:06.209+0000] {logging_mixin.py:190} INFO - Deleted all files in /opt/***/extraction/mercadolivre/data/shipping_cost_ml/prod/ with extension *.json
[2025-06-16T14:52:06.212+0000] {logging_mixin.py:190} INFO - Deleted all files in /opt/***/extraction/mercadolivre/data/shipping_cost_ml/prod/ with extension *.json
[2025-06-16T14:52:06.215+0000] {logging_mixin.py:190} INFO - Deleted all files in /opt/***/extraction/mercadolivre/data/shipping_cost_ml/prod/ with extension *.json
[2025-06-16T14:52:06.218+0000] {logging_mixin.py:190} INFO - Deleted all files in /opt/***/extraction/mercadolivre/data/shipping_cost_ml/prod/ with extension *.json
[2025-06-16T14:52:06.222+0000] {logging_mixin.py:190} INFO - Deleted all files in /opt/***/extraction/mercadolivre/data/shipping_cost_ml/prod/ with extension *.json
[2025-06-16T14:52:06.225+0000] {logging_mixin.py:190} INFO - Deleted all files in /opt/***/extraction/mercadolivre/data/shipping_cost_ml/prod/ with extension *.json
[2025-06-16T14:52:06.228+0000] {logging_mixin.py:190} INFO - Deleted all files in /opt/***/extraction/mercadolivre/data/shipping_cost_ml/prod/ with extension *.json
[2025-06-16T14:52:06.231+0000] {logging_mixin.py:190} INFO - Deleted all files in /opt/***/extraction/mercadolivre/data/shipping_cost_ml/prod/ with extension *.json
[2025-06-16T14:52:06.234+0000] {logging_mixin.py:190} INFO - Deleted all files in /opt/***/extraction/mercadolivre/data/shipping_cost_ml/prod/ with extension *.json
[2025-06-16T14:52:06.238+0000] {logging_mixin.py:190} INFO - Deleted all files in /opt/***/extraction/mercadolivre/data/shipping_cost_ml/prod/ with extension *.json
[2025-06-16T14:52:06.241+0000] {logging_mixin.py:190} INFO - Deleted all files in /opt/***/extraction/mercadolivre/data/shipping_cost_ml/prod/ with extension *.json
[2025-06-16T14:52:06.244+0000] {logging_mixin.py:190} INFO - Deleted all files in /opt/***/extraction/mercadolivre/data/shipping_cost_ml/prod/ with extension *.json
[2025-06-16T14:52:06.247+0000] {logging_mixin.py:190} INFO - Deleted all files in /opt/***/extraction/mercadolivre/data/shipping_cost_ml/prod/ with extension *.json
[2025-06-16T14:52:06.250+0000] {logging_mixin.py:190} INFO - Deleted all files in /opt/***/extraction/mercadolivre/data/shipping_cost_ml/prod/ with extension *.json
[2025-06-16T14:52:06.253+0000] {logging_mixin.py:190} INFO - Deleted all files in /opt/***/extraction/mercadolivre/data/shipping_cost_ml/prod/ with extension *.json
[2025-06-16T14:52:06.257+0000] {logging_mixin.py:190} INFO - Deleted all files in /opt/***/extraction/mercadolivre/data/shipping_cost_ml/prod/ with extension *.json
[2025-06-16T14:52:06.260+0000] {logging_mixin.py:190} INFO - Deleted all files in /opt/***/extraction/mercadolivre/data/shipping_cost_ml/prod/ with extension *.json
[2025-06-16T14:52:06.263+0000] {logging_mixin.py:190} INFO - Deleted all files in /opt/***/extraction/mercadolivre/data/shipping_cost_ml/prod/ with extension *.json
[2025-06-16T14:52:06.266+0000] {logging_mixin.py:190} INFO - Deleted all files in /opt/***/extraction/mercadolivre/data/shipping_cost_ml/prod/ with extension *.json
[2025-06-16T14:52:06.269+0000] {logging_mixin.py:190} INFO - Deleted all files in /opt/***/extraction/mercadolivre/data/shipping_cost_ml/prod/ with extension *.json
[2025-06-16T14:52:06.272+0000] {logging_mixin.py:190} INFO - Deleted all files in /opt/***/extraction/mercadolivre/data/shipping_cost_ml/prod/ with extension *.json
[2025-06-16T14:52:06.275+0000] {logging_mixin.py:190} INFO - Deleted all files in /opt/***/extraction/mercadolivre/data/shipping_cost_ml/prod/ with extension *.json
[2025-06-16T14:52:06.279+0000] {logging_mixin.py:190} INFO - Deleted all files in /opt/***/extraction/mercadolivre/data/shipping_cost_ml/prod/ with extension *.json
[2025-06-16T14:52:06.282+0000] {logging_mixin.py:190} INFO - Deleted all files in /opt/***/extraction/mercadolivre/data/shipping_cost_ml/prod/ with extension *.json
[2025-06-16T14:52:06.285+0000] {logging_mixin.py:190} INFO - Deleted all files in /opt/***/extraction/mercadolivre/data/shipping_cost_ml/prod/ with extension *.json
[2025-06-16T14:52:06.288+0000] {logging_mixin.py:190} INFO - Deleted all files in /opt/***/extraction/mercadolivre/data/shipping_cost_ml/prod/ with extension *.json
[2025-06-16T14:52:06.291+0000] {logging_mixin.py:190} INFO - Deleted all files in /opt/***/extraction/mercadolivre/data/shipping_cost_ml/prod/ with extension *.json
[2025-06-16T14:52:06.294+0000] {logging_mixin.py:190} INFO - Deleted all files in /opt/***/extraction/mercadolivre/data/shipping_cost_ml/prod/ with extension *.json
[2025-06-16T14:52:06.296+0000] {logging_mixin.py:190} INFO - Deleted all files in /opt/***/extraction/mercadolivre/data/shipping_cost_ml/prod/ with extension *.json
[2025-06-16T14:52:06.299+0000] {logging_mixin.py:190} INFO - Deleted all files in /opt/***/extraction/mercadolivre/data/shipping_cost_ml/prod/ with extension *.json
[2025-06-16T14:52:06.302+0000] {logging_mixin.py:190} INFO - Deleted all files in /opt/***/extraction/mercadolivre/data/shipping_cost_ml/prod/ with extension *.json
[2025-06-16T14:52:06.304+0000] {logging_mixin.py:190} INFO - Deleted all files in /opt/***/extraction/mercadolivre/data/shipping_cost_ml/prod/ with extension *.json
[2025-06-16T14:52:06.307+0000] {logging_mixin.py:190} INFO - Deleted all files in /opt/***/extraction/mercadolivre/data/shipping_cost_ml/prod/ with extension *.json
[2025-06-16T14:52:06.309+0000] {logging_mixin.py:190} INFO - Deleted all files in /opt/***/extraction/mercadolivre/data/shipping_cost_ml/prod/ with extension *.json
[2025-06-16T14:52:06.312+0000] {logging_mixin.py:190} INFO - Deleted all files in /opt/***/extraction/mercadolivre/data/shipping_cost_ml/prod/ with extension *.json
[2025-06-16T14:52:06.315+0000] {logging_mixin.py:190} INFO - Deleted all files in /opt/***/extraction/mercadolivre/data/shipping_cost_ml/prod/ with extension *.json
[2025-06-16T14:52:06.318+0000] {logging_mixin.py:190} INFO - Deleted all files in /opt/***/extraction/mercadolivre/data/shipping_cost_ml/prod/ with extension *.json
[2025-06-16T14:52:06.320+0000] {logging_mixin.py:190} INFO - Deleted all files in /opt/***/extraction/mercadolivre/data/shipping_cost_ml/prod/ with extension *.json
[2025-06-16T14:52:06.323+0000] {logging_mixin.py:190} INFO - Deleted all files in /opt/***/extraction/mercadolivre/data/shipping_cost_ml/prod/ with extension *.json
[2025-06-16T14:52:06.326+0000] {logging_mixin.py:190} INFO - Deleted all files in /opt/***/extraction/mercadolivre/data/shipping_cost_ml/prod/ with extension *.json
[2025-06-16T14:52:06.329+0000] {logging_mixin.py:190} INFO - Deleted all files in /opt/***/extraction/mercadolivre/data/shipping_cost_ml/prod/ with extension *.json
[2025-06-16T14:52:06.332+0000] {logging_mixin.py:190} INFO - Deleted all files in /opt/***/extraction/mercadolivre/data/shipping_cost_ml/prod/ with extension *.json
[2025-06-16T14:52:06.334+0000] {logging_mixin.py:190} INFO - Deleted all files in /opt/***/extraction/mercadolivre/data/shipping_cost_ml/prod/ with extension *.json
[2025-06-16T14:52:06.337+0000] {logging_mixin.py:190} INFO - Deleted all files in /opt/***/extraction/mercadolivre/data/shipping_cost_ml/prod/ with extension *.json
[2025-06-16T14:52:06.340+0000] {logging_mixin.py:190} INFO - Deleted all files in /opt/***/extraction/mercadolivre/data/shipping_cost_ml/prod/ with extension *.json
[2025-06-16T14:52:06.343+0000] {logging_mixin.py:190} INFO - Deleted all files in /opt/***/extraction/mercadolivre/data/shipping_cost_ml/prod/ with extension *.json
[2025-06-16T14:52:06.346+0000] {logging_mixin.py:190} INFO - Deleted all files in /opt/***/extraction/mercadolivre/data/shipping_cost_ml/prod/ with extension *.json
[2025-06-16T14:52:06.349+0000] {logging_mixin.py:190} INFO - Deleted all files in /opt/***/extraction/mercadolivre/data/shipping_cost_ml/prod/ with extension *.json
[2025-06-16T14:52:06.352+0000] {logging_mixin.py:190} INFO - Deleted all files in /opt/***/extraction/mercadolivre/data/shipping_cost_ml/prod/ with extension *.json
[2025-06-16T14:52:06.355+0000] {logging_mixin.py:190} INFO - Deleted all files in /opt/***/extraction/mercadolivre/data/shipping_cost_ml/prod/ with extension *.json
[2025-06-16T14:52:06.358+0000] {logging_mixin.py:190} INFO - Deleted all files in /opt/***/extraction/mercadolivre/data/shipping_cost_ml/prod/ with extension *.json
[2025-06-16T14:52:06.361+0000] {logging_mixin.py:190} INFO - Deleted all files in /opt/***/extraction/mercadolivre/data/shipping_cost_ml/prod/ with extension *.json
[2025-06-16T14:52:06.364+0000] {logging_mixin.py:190} INFO - Deleted all files in /opt/***/extraction/mercadolivre/data/shipping_cost_ml/prod/ with extension *.json
[2025-06-16T14:52:06.367+0000] {logging_mixin.py:190} INFO - Deleted all files in /opt/***/extraction/mercadolivre/data/shipping_cost_ml/prod/ with extension *.json
[2025-06-16T14:52:06.370+0000] {logging_mixin.py:190} INFO - Deleted all files in /opt/***/extraction/mercadolivre/data/shipping_cost_ml/prod/ with extension *.json
[2025-06-16T14:52:06.373+0000] {logging_mixin.py:190} INFO - Deleted all files in /opt/***/extraction/mercadolivre/data/shipping_cost_ml/prod/ with extension *.json
[2025-06-16T14:52:06.376+0000] {logging_mixin.py:190} INFO - Deleted all files in /opt/***/extraction/mercadolivre/data/shipping_cost_ml/prod/ with extension *.json
[2025-06-16T14:52:06.379+0000] {logging_mixin.py:190} INFO - Deleted all files in /opt/***/extraction/mercadolivre/data/shipping_cost_ml/prod/ with extension *.json
[2025-06-16T14:52:06.382+0000] {logging_mixin.py:190} INFO - Deleted all files in /opt/***/extraction/mercadolivre/data/shipping_cost_ml/prod/ with extension *.json
[2025-06-16T14:52:06.385+0000] {logging_mixin.py:190} INFO - Deleted all files in /opt/***/extraction/mercadolivre/data/shipping_cost_ml/prod/ with extension *.json
[2025-06-16T14:52:06.388+0000] {logging_mixin.py:190} INFO - Deleted all files in /opt/***/extraction/mercadolivre/data/shipping_cost_ml/prod/ with extension *.json
[2025-06-16T14:52:06.391+0000] {logging_mixin.py:190} INFO - Deleted all files in /opt/***/extraction/mercadolivre/data/shipping_cost_ml/prod/ with extension *.json
[2025-06-16T14:52:06.394+0000] {logging_mixin.py:190} INFO - Deleted all files in /opt/***/extraction/mercadolivre/data/shipping_cost_ml/prod/ with extension *.json
[2025-06-16T14:52:06.397+0000] {logging_mixin.py:190} INFO - Deleted all files in /opt/***/extraction/mercadolivre/data/shipping_cost_ml/prod/ with extension *.json
[2025-06-16T14:52:06.400+0000] {logging_mixin.py:190} INFO - Deleted all files in /opt/***/extraction/mercadolivre/data/shipping_cost_ml/prod/ with extension *.json
[2025-06-16T14:52:06.403+0000] {logging_mixin.py:190} INFO - Deleted all files in /opt/***/extraction/mercadolivre/data/shipping_cost_ml/prod/ with extension *.json
[2025-06-16T14:52:06.406+0000] {logging_mixin.py:190} INFO - Deleted all files in /opt/***/extraction/mercadolivre/data/shipping_cost_ml/prod/ with extension *.json
[2025-06-16T14:52:06.409+0000] {logging_mixin.py:190} INFO - Deleted all files in /opt/***/extraction/mercadolivre/data/shipping_cost_ml/prod/ with extension *.json
[2025-06-16T14:52:06.412+0000] {logging_mixin.py:190} INFO - Deleted all files in /opt/***/extraction/mercadolivre/data/shipping_cost_ml/prod/ with extension *.json
[2025-06-16T14:52:06.415+0000] {logging_mixin.py:190} INFO - Deleted all files in /opt/***/extraction/mercadolivre/data/shipping_cost_ml/prod/ with extension *.json
[2025-06-16T14:52:06.418+0000] {logging_mixin.py:190} INFO - Deleted all files in /opt/***/extraction/mercadolivre/data/shipping_cost_ml/prod/ with extension *.json
[2025-06-16T14:52:06.421+0000] {logging_mixin.py:190} INFO - Deleted all files in /opt/***/extraction/mercadolivre/data/shipping_cost_ml/prod/ with extension *.json
[2025-06-16T14:52:06.424+0000] {logging_mixin.py:190} INFO - Deleted all files in /opt/***/extraction/mercadolivre/data/shipping_cost_ml/prod/ with extension *.json
[2025-06-16T14:52:06.427+0000] {logging_mixin.py:190} INFO - Deleted all files in /opt/***/extraction/mercadolivre/data/shipping_cost_ml/prod/ with extension *.json
[2025-06-16T14:52:06.430+0000] {logging_mixin.py:190} INFO - Deleted all files in /opt/***/extraction/mercadolivre/data/shipping_cost_ml/prod/ with extension *.json
[2025-06-16T14:52:06.433+0000] {logging_mixin.py:190} INFO - Deleted all files in /opt/***/extraction/mercadolivre/data/shipping_cost_ml/prod/ with extension *.json
[2025-06-16T14:52:06.436+0000] {logging_mixin.py:190} INFO - Deleted all files in /opt/***/extraction/mercadolivre/data/shipping_cost_ml/prod/ with extension *.json
[2025-06-16T14:52:06.439+0000] {logging_mixin.py:190} INFO - Deleted all files in /opt/***/extraction/mercadolivre/data/shipping_cost_ml/prod/ with extension *.json
[2025-06-16T14:52:06.442+0000] {logging_mixin.py:190} INFO - Deleted all files in /opt/***/extraction/mercadolivre/data/shipping_cost_ml/prod/ with extension *.json
[2025-06-16T14:52:06.445+0000] {logging_mixin.py:190} INFO - Deleted all files in /opt/***/extraction/mercadolivre/data/shipping_cost_ml/prod/ with extension *.json
[2025-06-16T14:52:06.447+0000] {logging_mixin.py:190} INFO - Deleted all files in /opt/***/extraction/mercadolivre/data/shipping_cost_ml/prod/ with extension *.json
[2025-06-16T14:52:06.450+0000] {logging_mixin.py:190} INFO - Deleted all files in /opt/***/extraction/mercadolivre/data/shipping_cost_ml/prod/ with extension *.json
[2025-06-16T14:52:06.453+0000] {logging_mixin.py:190} INFO - Deleted all files in /opt/***/extraction/mercadolivre/data/shipping_cost_ml/prod/ with extension *.json
[2025-06-16T14:52:06.457+0000] {logging_mixin.py:190} INFO - Deleted all files in /opt/***/extraction/mercadolivre/data/shipping_cost_ml/prod/ with extension *.json
[2025-06-16T14:52:06.460+0000] {logging_mixin.py:190} INFO - Deleted all files in /opt/***/extraction/mercadolivre/data/shipping_cost_ml/prod/ with extension *.json
[2025-06-16T14:52:06.462+0000] {logging_mixin.py:190} INFO - Deleted all files in /opt/***/extraction/mercadolivre/data/shipping_cost_ml/prod/ with extension *.json
[2025-06-16T14:52:06.465+0000] {logging_mixin.py:190} INFO - Deleted all files in /opt/***/extraction/mercadolivre/data/shipping_cost_ml/prod/ with extension *.json
[2025-06-16T14:52:06.468+0000] {logging_mixin.py:190} INFO - Deleted all files in /opt/***/extraction/mercadolivre/data/shipping_cost_ml/prod/ with extension *.json
[2025-06-16T14:52:06.471+0000] {logging_mixin.py:190} INFO - Deleted all files in /opt/***/extraction/mercadolivre/data/shipping_cost_ml/prod/ with extension *.json
[2025-06-16T14:52:06.474+0000] {logging_mixin.py:190} INFO - Deleted all files in /opt/***/extraction/mercadolivre/data/shipping_cost_ml/prod/ with extension *.json
[2025-06-16T14:52:06.477+0000] {logging_mixin.py:190} INFO - Deleted all files in /opt/***/extraction/mercadolivre/data/shipping_cost_ml/prod/ with extension *.json
[2025-06-16T14:52:06.479+0000] {logging_mixin.py:190} INFO - Deleted all files in /opt/***/extraction/mercadolivre/data/shipping_cost_ml/prod/ with extension *.json
[2025-06-16T14:52:06.482+0000] {logging_mixin.py:190} INFO - Deleted all files in /opt/***/extraction/mercadolivre/data/shipping_cost_ml/prod/ with extension *.json
[2025-06-16T14:52:06.485+0000] {logging_mixin.py:190} INFO - Deleted all files in /opt/***/extraction/mercadolivre/data/shipping_cost_ml/prod/ with extension *.json
[2025-06-16T14:52:06.489+0000] {logging_mixin.py:190} INFO - Deleted all files in /opt/***/extraction/mercadolivre/data/shipping_cost_ml/prod/ with extension *.json
[2025-06-16T14:52:06.492+0000] {logging_mixin.py:190} INFO - Deleted all files in /opt/***/extraction/mercadolivre/data/shipping_cost_ml/prod/ with extension *.json
[2025-06-16T14:52:06.495+0000] {logging_mixin.py:190} INFO - Deleted all files in /opt/***/extraction/mercadolivre/data/shipping_cost_ml/prod/ with extension *.json
[2025-06-16T14:52:06.498+0000] {logging_mixin.py:190} INFO - Deleted all files in /opt/***/extraction/mercadolivre/data/shipping_cost_ml/prod/ with extension *.json
[2025-06-16T14:52:06.501+0000] {logging_mixin.py:190} INFO - Deleted all files in /opt/***/extraction/mercadolivre/data/shipping_cost_ml/prod/ with extension *.json
[2025-06-16T14:52:06.504+0000] {logging_mixin.py:190} INFO - Deleted all files in /opt/***/extraction/mercadolivre/data/shipping_cost_ml/prod/ with extension *.json
[2025-06-16T14:52:06.507+0000] {logging_mixin.py:190} INFO - Deleted all files in /opt/***/extraction/mercadolivre/data/shipping_cost_ml/prod/ with extension *.json
[2025-06-16T14:52:06.509+0000] {logging_mixin.py:190} INFO - Deleted all files in /opt/***/extraction/mercadolivre/data/shipping_cost_ml/prod/ with extension *.json
[2025-06-16T14:52:06.512+0000] {logging_mixin.py:190} INFO - Deleted all files in /opt/***/extraction/mercadolivre/data/shipping_cost_ml/prod/ with extension *.json
[2025-06-16T14:52:06.515+0000] {logging_mixin.py:190} INFO - Deleted all files in /opt/***/extraction/mercadolivre/data/shipping_cost_ml/prod/ with extension *.json
[2025-06-16T14:52:06.518+0000] {logging_mixin.py:190} INFO - Deleted all files in /opt/***/extraction/mercadolivre/data/shipping_cost_ml/prod/ with extension *.json
[2025-06-16T14:52:06.521+0000] {logging_mixin.py:190} INFO - Deleted all files in /opt/***/extraction/mercadolivre/data/shipping_cost_ml/prod/ with extension *.json
[2025-06-16T14:52:06.524+0000] {logging_mixin.py:190} INFO - Deleted all files in /opt/***/extraction/mercadolivre/data/shipping_cost_ml/prod/ with extension *.json
[2025-06-16T14:52:06.528+0000] {logging_mixin.py:190} INFO - Deleted all files in /opt/***/extraction/mercadolivre/data/shipping_cost_ml/prod/ with extension *.json
[2025-06-16T14:52:06.532+0000] {logging_mixin.py:190} INFO - Deleted all files in /opt/***/extraction/mercadolivre/data/shipping_cost_ml/prod/ with extension *.json
[2025-06-16T14:52:06.535+0000] {logging_mixin.py:190} INFO - Deleted all files in /opt/***/extraction/mercadolivre/data/shipping_cost_ml/prod/ with extension *.json
[2025-06-16T14:52:06.538+0000] {logging_mixin.py:190} INFO - Deleted all files in /opt/***/extraction/mercadolivre/data/shipping_cost_ml/prod/ with extension *.json
[2025-06-16T14:52:06.541+0000] {logging_mixin.py:190} INFO - Deleted all files in /opt/***/extraction/mercadolivre/data/shipping_cost_ml/prod/ with extension *.json
[2025-06-16T14:52:06.545+0000] {logging_mixin.py:190} INFO - Deleted all files in /opt/***/extraction/mercadolivre/data/shipping_cost_ml/prod/ with extension *.json
[2025-06-16T14:52:06.548+0000] {logging_mixin.py:190} INFO - Deleted all files in /opt/***/extraction/mercadolivre/data/shipping_cost_ml/prod/ with extension *.json
[2025-06-16T14:52:06.551+0000] {logging_mixin.py:190} INFO - Deleted all files in /opt/***/extraction/mercadolivre/data/shipping_cost_ml/prod/ with extension *.json
[2025-06-16T14:52:06.555+0000] {logging_mixin.py:190} INFO - Deleted all files in /opt/***/extraction/mercadolivre/data/shipping_cost_ml/prod/ with extension *.json
[2025-06-16T14:52:06.558+0000] {logging_mixin.py:190} INFO - Deleted all files in /opt/***/extraction/mercadolivre/data/shipping_cost_ml/prod/ with extension *.json
[2025-06-16T14:52:06.561+0000] {logging_mixin.py:190} INFO - Deleted all files in /opt/***/extraction/mercadolivre/data/shipping_cost_ml/prod/ with extension *.json
[2025-06-16T14:52:06.564+0000] {logging_mixin.py:190} INFO - Deleted all files in /opt/***/extraction/mercadolivre/data/shipping_cost_ml/prod/ with extension *.json
[2025-06-16T14:52:06.568+0000] {logging_mixin.py:190} INFO - Deleted all files in /opt/***/extraction/mercadolivre/data/shipping_cost_ml/prod/ with extension *.json
[2025-06-16T14:52:06.571+0000] {logging_mixin.py:190} INFO - Deleted all files in /opt/***/extraction/mercadolivre/data/shipping_cost_ml/prod/ with extension *.json
[2025-06-16T14:52:06.574+0000] {logging_mixin.py:190} INFO - Deleted all files in /opt/***/extraction/mercadolivre/data/shipping_cost_ml/prod/ with extension *.json
[2025-06-16T14:52:06.577+0000] {logging_mixin.py:190} INFO - Deleted all files in /opt/***/extraction/mercadolivre/data/shipping_cost_ml/prod/ with extension *.json
[2025-06-16T14:52:06.580+0000] {logging_mixin.py:190} INFO - Deleted all files in /opt/***/extraction/mercadolivre/data/shipping_cost_ml/prod/ with extension *.json
[2025-06-16T14:52:06.583+0000] {logging_mixin.py:190} INFO - Deleted all files in /opt/***/extraction/mercadolivre/data/shipping_cost_ml/prod/ with extension *.json
[2025-06-16T14:52:06.586+0000] {logging_mixin.py:190} INFO - Deleted all files in /opt/***/extraction/mercadolivre/data/shipping_cost_ml/prod/ with extension *.json
[2025-06-16T14:52:06.589+0000] {logging_mixin.py:190} INFO - Deleted all files in /opt/***/extraction/mercadolivre/data/shipping_cost_ml/prod/ with extension *.json
[2025-06-16T14:52:06.592+0000] {logging_mixin.py:190} INFO - Deleted all files in /opt/***/extraction/mercadolivre/data/shipping_cost_ml/prod/ with extension *.json
[2025-06-16T14:52:06.595+0000] {logging_mixin.py:190} INFO - Deleted all files in /opt/***/extraction/mercadolivre/data/shipping_cost_ml/prod/ with extension *.json
[2025-06-16T14:52:06.598+0000] {logging_mixin.py:190} INFO - Deleted all files in /opt/***/extraction/mercadolivre/data/shipping_cost_ml/prod/ with extension *.json
[2025-06-16T14:52:06.601+0000] {logging_mixin.py:190} INFO - Deleted all files in /opt/***/extraction/mercadolivre/data/shipping_cost_ml/prod/ with extension *.json
[2025-06-16T14:52:06.604+0000] {logging_mixin.py:190} INFO - Deleted all files in /opt/***/extraction/mercadolivre/data/shipping_cost_ml/prod/ with extension *.json
[2025-06-16T14:52:06.607+0000] {logging_mixin.py:190} INFO - Deleted all files in /opt/***/extraction/mercadolivre/data/shipping_cost_ml/prod/ with extension *.json
[2025-06-16T14:52:06.610+0000] {logging_mixin.py:190} INFO - Deleted all files in /opt/***/extraction/mercadolivre/data/shipping_cost_ml/prod/ with extension *.json
[2025-06-16T14:52:06.613+0000] {logging_mixin.py:190} INFO - Deleted all files in /opt/***/extraction/mercadolivre/data/shipping_cost_ml/prod/ with extension *.json
[2025-06-16T14:52:06.616+0000] {logging_mixin.py:190} INFO - Deleted all files in /opt/***/extraction/mercadolivre/data/shipping_cost_ml/prod/ with extension *.json
[2025-06-16T14:52:06.618+0000] {logging_mixin.py:190} INFO - Deleted all files in /opt/***/extraction/mercadolivre/data/shipping_cost_ml/prod/ with extension *.json
[2025-06-16T14:52:06.622+0000] {logging_mixin.py:190} INFO - Deleted all files in /opt/***/extraction/mercadolivre/data/shipping_cost_ml/prod/ with extension *.json
[2025-06-16T14:52:06.625+0000] {logging_mixin.py:190} INFO - Deleted all files in /opt/***/extraction/mercadolivre/data/shipping_cost_ml/prod/ with extension *.json
[2025-06-16T14:52:06.629+0000] {logging_mixin.py:190} INFO - Deleted all files in /opt/***/extraction/mercadolivre/data/shipping_cost_ml/prod/ with extension *.json
[2025-06-16T14:52:06.632+0000] {logging_mixin.py:190} INFO - Deleted all files in /opt/***/extraction/mercadolivre/data/shipping_cost_ml/prod/ with extension *.json
[2025-06-16T14:52:06.635+0000] {logging_mixin.py:190} INFO - Deleted all files in /opt/***/extraction/mercadolivre/data/shipping_cost_ml/prod/ with extension *.json
[2025-06-16T14:52:06.638+0000] {logging_mixin.py:190} INFO - Deleted all files in /opt/***/extraction/mercadolivre/data/shipping_cost_ml/prod/ with extension *.json
[2025-06-16T14:52:06.641+0000] {logging_mixin.py:190} INFO - Deleted all files in /opt/***/extraction/mercadolivre/data/shipping_cost_ml/prod/ with extension *.json
[2025-06-16T14:52:06.644+0000] {logging_mixin.py:190} INFO - Deleted all files in /opt/***/extraction/mercadolivre/data/shipping_cost_ml/prod/ with extension *.json
[2025-06-16T14:52:06.648+0000] {logging_mixin.py:190} INFO - Deleted all files in /opt/***/extraction/mercadolivre/data/shipping_cost_ml/prod/ with extension *.json
[2025-06-16T14:52:06.651+0000] {logging_mixin.py:190} INFO - Deleted all files in /opt/***/extraction/mercadolivre/data/shipping_cost_ml/prod/ with extension *.json
[2025-06-16T14:52:06.654+0000] {logging_mixin.py:190} INFO - Deleted all files in /opt/***/extraction/mercadolivre/data/shipping_cost_ml/prod/ with extension *.json
[2025-06-16T14:52:06.657+0000] {logging_mixin.py:190} INFO - Deleted all files in /opt/***/extraction/mercadolivre/data/shipping_cost_ml/prod/ with extension *.json
[2025-06-16T14:52:06.660+0000] {logging_mixin.py:190} INFO - Deleted all files in /opt/***/extraction/mercadolivre/data/shipping_cost_ml/prod/ with extension *.json
[2025-06-16T14:52:06.664+0000] {logging_mixin.py:190} INFO - Deleted all files in /opt/***/extraction/mercadolivre/data/shipping_cost_ml/prod/ with extension *.json
[2025-06-16T14:52:06.667+0000] {logging_mixin.py:190} INFO - Deleted all files in /opt/***/extraction/mercadolivre/data/shipping_cost_ml/prod/ with extension *.json
[2025-06-16T14:52:06.670+0000] {logging_mixin.py:190} INFO - Deleted all files in /opt/***/extraction/mercadolivre/data/shipping_cost_ml/prod/ with extension *.json
[2025-06-16T14:52:06.674+0000] {logging_mixin.py:190} INFO - Deleted all files in /opt/***/extraction/mercadolivre/data/shipping_cost_ml/prod/ with extension *.json
[2025-06-16T14:52:06.677+0000] {logging_mixin.py:190} INFO - Deleted all files in /opt/***/extraction/mercadolivre/data/shipping_cost_ml/prod/ with extension *.json
[2025-06-16T14:52:06.680+0000] {logging_mixin.py:190} INFO - Deleted all files in /opt/***/extraction/mercadolivre/data/shipping_cost_ml/prod/ with extension *.json
[2025-06-16T14:52:06.683+0000] {logging_mixin.py:190} INFO - Deleted all files in /opt/***/extraction/mercadolivre/data/shipping_cost_ml/prod/ with extension *.json
[2025-06-16T14:52:06.686+0000] {logging_mixin.py:190} INFO - Deleted all files in /opt/***/extraction/mercadolivre/data/shipping_cost_ml/prod/ with extension *.json
[2025-06-16T14:52:06.689+0000] {logging_mixin.py:190} INFO - Deleted all files in /opt/***/extraction/mercadolivre/data/shipping_cost_ml/prod/ with extension *.json
[2025-06-16T14:52:06.693+0000] {logging_mixin.py:190} INFO - Deleted all files in /opt/***/extraction/mercadolivre/data/shipping_cost_ml/prod/ with extension *.json
[2025-06-16T14:52:06.696+0000] {logging_mixin.py:190} INFO - Deleted all files in /opt/***/extraction/mercadolivre/data/shipping_cost_ml/prod/ with extension *.json
[2025-06-16T14:52:06.699+0000] {logging_mixin.py:190} INFO - Deleted all files in /opt/***/extraction/mercadolivre/data/shipping_cost_ml/prod/ with extension *.json
[2025-06-16T14:52:06.702+0000] {logging_mixin.py:190} INFO - Deleted all files in /opt/***/extraction/mercadolivre/data/shipping_cost_ml/prod/ with extension *.json
[2025-06-16T14:52:06.705+0000] {logging_mixin.py:190} INFO - Deleted all files in /opt/***/extraction/mercadolivre/data/shipping_cost_ml/prod/ with extension *.json
[2025-06-16T14:52:06.708+0000] {logging_mixin.py:190} INFO - Deleted all files in /opt/***/extraction/mercadolivre/data/shipping_cost_ml/prod/ with extension *.json
[2025-06-16T14:52:06.711+0000] {logging_mixin.py:190} INFO - Deleted all files in /opt/***/extraction/mercadolivre/data/shipping_cost_ml/prod/ with extension *.json
[2025-06-16T14:52:06.714+0000] {logging_mixin.py:190} INFO - Deleted all files in /opt/***/extraction/mercadolivre/data/shipping_cost_ml/prod/ with extension *.json
[2025-06-16T14:52:06.718+0000] {logging_mixin.py:190} INFO - Deleted all files in /opt/***/extraction/mercadolivre/data/shipping_cost_ml/prod/ with extension *.json
[2025-06-16T14:52:06.722+0000] {logging_mixin.py:190} INFO - Deleted all files in /opt/***/extraction/mercadolivre/data/shipping_cost_ml/prod/ with extension *.json
[2025-06-16T14:52:06.726+0000] {logging_mixin.py:190} INFO - Deleted all files in /opt/***/extraction/mercadolivre/data/shipping_cost_ml/prod/ with extension *.json
[2025-06-16T14:52:06.729+0000] {logging_mixin.py:190} INFO - Deleted all files in /opt/***/extraction/mercadolivre/data/shipping_cost_ml/prod/ with extension *.json
[2025-06-16T14:52:06.734+0000] {logging_mixin.py:190} INFO - Deleted all files in /opt/***/extraction/mercadolivre/data/shipping_cost_ml/prod/ with extension *.json
[2025-06-16T14:52:06.739+0000] {logging_mixin.py:190} INFO - Deleted all files in /opt/***/extraction/mercadolivre/data/shipping_cost_ml/prod/ with extension *.json
[2025-06-16T14:52:06.746+0000] {logging_mixin.py:190} INFO - Deleted all files in /opt/***/extraction/mercadolivre/data/shipping_cost_ml/prod/ with extension *.json
[2025-06-16T14:52:06.753+0000] {logging_mixin.py:190} INFO - Deleted all files in /opt/***/extraction/mercadolivre/data/shipping_cost_ml/prod/ with extension *.json
[2025-06-16T14:52:06.757+0000] {logging_mixin.py:190} INFO - Deleted all files in /opt/***/extraction/mercadolivre/data/shipping_cost_ml/prod/ with extension *.json
[2025-06-16T14:52:06.762+0000] {logging_mixin.py:190} INFO - Deleted all files in /opt/***/extraction/mercadolivre/data/shipping_cost_ml/prod/ with extension *.json
[2025-06-16T14:52:06.766+0000] {logging_mixin.py:190} INFO - Deleted all files in /opt/***/extraction/mercadolivre/data/shipping_cost_ml/prod/ with extension *.json
[2025-06-16T14:52:06.769+0000] {logging_mixin.py:190} INFO - Deleted all files in /opt/***/extraction/mercadolivre/data/shipping_cost_ml/prod/ with extension *.json
[2025-06-16T14:52:06.774+0000] {logging_mixin.py:190} INFO - Deleted all files in /opt/***/extraction/mercadolivre/data/shipping_cost_ml/prod/ with extension *.json
[2025-06-16T14:52:06.777+0000] {logging_mixin.py:190} INFO - Deleted all files in /opt/***/extraction/mercadolivre/data/shipping_cost_ml/prod/ with extension *.json
[2025-06-16T14:52:06.780+0000] {logging_mixin.py:190} INFO - Deleted all files in /opt/***/extraction/mercadolivre/data/shipping_cost_ml/prod/ with extension *.json
[2025-06-16T14:52:06.783+0000] {logging_mixin.py:190} INFO - Deleted all files in /opt/***/extraction/mercadolivre/data/shipping_cost_ml/prod/ with extension *.json
[2025-06-16T14:52:06.786+0000] {logging_mixin.py:190} INFO - Deleted all files in /opt/***/extraction/mercadolivre/data/shipping_cost_ml/prod/ with extension *.json
[2025-06-16T14:52:06.789+0000] {logging_mixin.py:190} INFO - Deleted all files in /opt/***/extraction/mercadolivre/data/shipping_cost_ml/prod/ with extension *.json
[2025-06-16T14:52:06.793+0000] {logging_mixin.py:190} INFO - Deleted all files in /opt/***/extraction/mercadolivre/data/shipping_cost_ml/prod/ with extension *.json
[2025-06-16T14:52:06.796+0000] {logging_mixin.py:190} INFO - Deleted all files in /opt/***/extraction/mercadolivre/data/shipping_cost_ml/prod/ with extension *.json
[2025-06-16T14:52:06.800+0000] {logging_mixin.py:190} INFO - Deleted all files in /opt/***/extraction/mercadolivre/data/shipping_cost_ml/prod/ with extension *.json
[2025-06-16T14:52:06.803+0000] {logging_mixin.py:190} INFO - Deleted all files in /opt/***/extraction/mercadolivre/data/shipping_cost_ml/prod/ with extension *.json
[2025-06-16T14:52:06.806+0000] {logging_mixin.py:190} INFO - Deleted all files in /opt/***/extraction/mercadolivre/data/shipping_cost_ml/prod/ with extension *.json
[2025-06-16T14:52:06.810+0000] {logging_mixin.py:190} INFO - Deleted all files in /opt/***/extraction/mercadolivre/data/shipping_cost_ml/prod/ with extension *.json
[2025-06-16T14:52:06.813+0000] {logging_mixin.py:190} INFO - Deleted all files in /opt/***/extraction/mercadolivre/data/shipping_cost_ml/prod/ with extension *.json
[2025-06-16T14:52:06.817+0000] {logging_mixin.py:190} INFO - Deleted all files in /opt/***/extraction/mercadolivre/data/shipping_cost_ml/prod/ with extension *.json
[2025-06-16T14:52:06.820+0000] {logging_mixin.py:190} INFO - Deleted all files in /opt/***/extraction/mercadolivre/data/shipping_cost_ml/prod/ with extension *.json
[2025-06-16T14:52:06.823+0000] {logging_mixin.py:190} INFO - Deleted all files in /opt/***/extraction/mercadolivre/data/shipping_cost_ml/prod/ with extension *.json
[2025-06-16T14:52:06.826+0000] {logging_mixin.py:190} INFO - Deleted all files in /opt/***/extraction/mercadolivre/data/shipping_cost_ml/prod/ with extension *.json
[2025-06-16T14:52:06.829+0000] {logging_mixin.py:190} INFO - Deleted all files in /opt/***/extraction/mercadolivre/data/shipping_cost_ml/prod/ with extension *.json
[2025-06-16T14:52:06.833+0000] {logging_mixin.py:190} INFO - Deleted all files in /opt/***/extraction/mercadolivre/data/shipping_cost_ml/prod/ with extension *.json
[2025-06-16T14:52:06.837+0000] {logging_mixin.py:190} INFO - Deleted all files in /opt/***/extraction/mercadolivre/data/shipping_cost_ml/prod/ with extension *.json
[2025-06-16T14:52:06.840+0000] {logging_mixin.py:190} INFO - Deleted all files in /opt/***/extraction/mercadolivre/data/shipping_cost_ml/prod/ with extension *.json
[2025-06-16T14:52:06.843+0000] {logging_mixin.py:190} INFO - Deleted all files in /opt/***/extraction/mercadolivre/data/shipping_cost_ml/prod/ with extension *.json
[2025-06-16T14:52:06.846+0000] {logging_mixin.py:190} INFO - Deleted all files in /opt/***/extraction/mercadolivre/data/shipping_cost_ml/prod/ with extension *.json
[2025-06-16T14:52:06.849+0000] {logging_mixin.py:190} INFO - Deleted all files in /opt/***/extraction/mercadolivre/data/shipping_cost_ml/prod/ with extension *.json
[2025-06-16T14:52:06.852+0000] {logging_mixin.py:190} INFO - Deleted all files in /opt/***/extraction/mercadolivre/data/shipping_cost_ml/prod/ with extension *.json
[2025-06-16T14:52:06.855+0000] {logging_mixin.py:190} INFO - Deleted all files in /opt/***/extraction/mercadolivre/data/shipping_cost_ml/prod/ with extension *.json
[2025-06-16T14:52:06.859+0000] {logging_mixin.py:190} INFO - Deleted all files in /opt/***/extraction/mercadolivre/data/shipping_cost_ml/prod/ with extension *.json
[2025-06-16T14:52:06.862+0000] {logging_mixin.py:190} INFO - Deleted all files in /opt/***/extraction/mercadolivre/data/shipping_cost_ml/prod/ with extension *.json
[2025-06-16T14:52:06.867+0000] {logging_mixin.py:190} INFO - Deleted all files in /opt/***/extraction/mercadolivre/data/shipping_cost_ml/prod/ with extension *.json
[2025-06-16T14:52:06.871+0000] {logging_mixin.py:190} INFO - Deleted all files in /opt/***/extraction/mercadolivre/data/shipping_cost_ml/prod/ with extension *.json
[2025-06-16T14:52:06.875+0000] {logging_mixin.py:190} INFO - Deleted all files in /opt/***/extraction/mercadolivre/data/shipping_cost_ml/prod/ with extension *.json
[2025-06-16T14:52:06.879+0000] {logging_mixin.py:190} INFO - Deleted all files in /opt/***/extraction/mercadolivre/data/shipping_cost_ml/prod/ with extension *.json
[2025-06-16T14:52:06.886+0000] {logging_mixin.py:190} INFO - Deleted all files in /opt/***/extraction/mercadolivre/data/shipping_cost_ml/prod/ with extension *.json
[2025-06-16T14:52:06.892+0000] {logging_mixin.py:190} INFO - Deleted all files in /opt/***/extraction/mercadolivre/data/shipping_cost_ml/prod/ with extension *.json
[2025-06-16T14:52:06.897+0000] {logging_mixin.py:190} INFO - Deleted all files in /opt/***/extraction/mercadolivre/data/shipping_cost_ml/prod/ with extension *.json
[2025-06-16T14:52:06.902+0000] {logging_mixin.py:190} INFO - Deleted all files in /opt/***/extraction/mercadolivre/data/shipping_cost_ml/prod/ with extension *.json
[2025-06-16T14:52:06.907+0000] {logging_mixin.py:190} INFO - Deleted all files in /opt/***/extraction/mercadolivre/data/shipping_cost_ml/prod/ with extension *.json
[2025-06-16T14:52:06.910+0000] {logging_mixin.py:190} INFO - Deleted all files in /opt/***/extraction/mercadolivre/data/shipping_cost_ml/prod/ with extension *.json
[2025-06-16T14:52:06.914+0000] {logging_mixin.py:190} INFO - Deleted all files in /opt/***/extraction/mercadolivre/data/shipping_cost_ml/prod/ with extension *.json
[2025-06-16T14:52:06.917+0000] {logging_mixin.py:190} INFO - Deleted all files in /opt/***/extraction/mercadolivre/data/shipping_cost_ml/prod/ with extension *.json
[2025-06-16T14:52:06.920+0000] {logging_mixin.py:190} INFO - Deleted all files in /opt/***/extraction/mercadolivre/data/shipping_cost_ml/prod/ with extension *.json
[2025-06-16T14:52:06.923+0000] {logging_mixin.py:190} INFO - Deleted all files in /opt/***/extraction/mercadolivre/data/shipping_cost_ml/prod/ with extension *.json
[2025-06-16T14:52:06.927+0000] {logging_mixin.py:190} INFO - Deleted all files in /opt/***/extraction/mercadolivre/data/shipping_cost_ml/prod/ with extension *.json
[2025-06-16T14:52:06.930+0000] {logging_mixin.py:190} INFO - Deleted all files in /opt/***/extraction/mercadolivre/data/shipping_cost_ml/prod/ with extension *.json
[2025-06-16T14:52:06.933+0000] {logging_mixin.py:190} INFO - Deleted all files in /opt/***/extraction/mercadolivre/data/shipping_cost_ml/prod/ with extension *.json
[2025-06-16T14:52:06.937+0000] {logging_mixin.py:190} INFO - Deleted all files in /opt/***/extraction/mercadolivre/data/shipping_cost_ml/prod/ with extension *.json
[2025-06-16T14:52:06.940+0000] {logging_mixin.py:190} INFO - Deleted all files in /opt/***/extraction/mercadolivre/data/shipping_cost_ml/prod/ with extension *.json
[2025-06-16T14:52:06.943+0000] {logging_mixin.py:190} INFO - Deleted all files in /opt/***/extraction/mercadolivre/data/shipping_cost_ml/prod/ with extension *.json
[2025-06-16T14:52:06.946+0000] {logging_mixin.py:190} INFO - Deleted all files in /opt/***/extraction/mercadolivre/data/shipping_cost_ml/prod/ with extension *.json
[2025-06-16T14:52:06.950+0000] {logging_mixin.py:190} INFO - Deleted all files in /opt/***/extraction/mercadolivre/data/shipping_cost_ml/prod/ with extension *.json
[2025-06-16T14:52:06.953+0000] {logging_mixin.py:190} INFO - Deleted all files in /opt/***/extraction/mercadolivre/data/shipping_cost_ml/prod/ with extension *.json
[2025-06-16T14:52:06.956+0000] {logging_mixin.py:190} INFO - Deleted all files in /opt/***/extraction/mercadolivre/data/shipping_cost_ml/prod/ with extension *.json
[2025-06-16T14:52:06.959+0000] {logging_mixin.py:190} INFO - Deleted all files in /opt/***/extraction/mercadolivre/data/shipping_cost_ml/prod/ with extension *.json
[2025-06-16T14:52:06.963+0000] {logging_mixin.py:190} INFO - Deleted all files in /opt/***/extraction/mercadolivre/data/shipping_cost_ml/prod/ with extension *.json
[2025-06-16T14:52:06.966+0000] {logging_mixin.py:190} INFO - Deleted all files in /opt/***/extraction/mercadolivre/data/shipping_cost_ml/prod/ with extension *.json
[2025-06-16T14:52:06.969+0000] {logging_mixin.py:190} INFO - Deleted all files in /opt/***/extraction/mercadolivre/data/shipping_cost_ml/prod/ with extension *.json
[2025-06-16T14:52:06.972+0000] {logging_mixin.py:190} INFO - Deleted all files in /opt/***/extraction/mercadolivre/data/shipping_cost_ml/prod/ with extension *.json
[2025-06-16T14:52:06.975+0000] {logging_mixin.py:190} INFO - Deleted all files in /opt/***/extraction/mercadolivre/data/shipping_cost_ml/prod/ with extension *.json
[2025-06-16T14:52:06.978+0000] {logging_mixin.py:190} INFO - Deleted all files in /opt/***/extraction/mercadolivre/data/shipping_cost_ml/prod/ with extension *.json
[2025-06-16T14:52:06.982+0000] {logging_mixin.py:190} INFO - Deleted all files in /opt/***/extraction/mercadolivre/data/shipping_cost_ml/prod/ with extension *.json
[2025-06-16T14:52:06.985+0000] {logging_mixin.py:190} INFO - Deleted all files in /opt/***/extraction/mercadolivre/data/shipping_cost_ml/prod/ with extension *.json
[2025-06-16T14:52:06.988+0000] {logging_mixin.py:190} INFO - Deleted all files in /opt/***/extraction/mercadolivre/data/shipping_cost_ml/prod/ with extension *.json
[2025-06-16T14:52:06.992+0000] {logging_mixin.py:190} INFO - Deleted all files in /opt/***/extraction/mercadolivre/data/shipping_cost_ml/prod/ with extension *.json
[2025-06-16T14:52:06.995+0000] {logging_mixin.py:190} INFO - Deleted all files in /opt/***/extraction/mercadolivre/data/shipping_cost_ml/prod/ with extension *.json
[2025-06-16T14:52:06.998+0000] {logging_mixin.py:190} INFO - Deleted all files in /opt/***/extraction/mercadolivre/data/shipping_cost_ml/prod/ with extension *.json
[2025-06-16T14:52:07.001+0000] {logging_mixin.py:190} INFO - Deleted all files in /opt/***/extraction/mercadolivre/data/shipping_cost_ml/prod/ with extension *.json
[2025-06-16T14:52:07.005+0000] {logging_mixin.py:190} INFO - Deleted all files in /opt/***/extraction/mercadolivre/data/shipping_cost_ml/prod/ with extension *.json
[2025-06-16T14:52:07.008+0000] {logging_mixin.py:190} INFO - Deleted all files in /opt/***/extraction/mercadolivre/data/shipping_cost_ml/prod/ with extension *.json
[2025-06-16T14:52:07.011+0000] {logging_mixin.py:190} INFO - Deleted all files in /opt/***/extraction/mercadolivre/data/shipping_cost_ml/prod/ with extension *.json
[2025-06-16T14:52:07.014+0000] {logging_mixin.py:190} INFO - Deleted all files in /opt/***/extraction/mercadolivre/data/shipping_cost_ml/prod/ with extension *.json
[2025-06-16T14:52:07.018+0000] {logging_mixin.py:190} INFO - Deleted all files in /opt/***/extraction/mercadolivre/data/shipping_cost_ml/prod/ with extension *.json
[2025-06-16T14:52:07.021+0000] {logging_mixin.py:190} INFO - Deleted all files in /opt/***/extraction/mercadolivre/data/shipping_cost_ml/prod/ with extension *.json
[2025-06-16T14:52:07.024+0000] {logging_mixin.py:190} INFO - Deleted all files in /opt/***/extraction/mercadolivre/data/shipping_cost_ml/prod/ with extension *.json
[2025-06-16T14:52:07.028+0000] {logging_mixin.py:190} INFO - Deleted all files in /opt/***/extraction/mercadolivre/data/shipping_cost_ml/prod/ with extension *.json
[2025-06-16T14:52:07.032+0000] {logging_mixin.py:190} INFO - Deleted all files in /opt/***/extraction/mercadolivre/data/shipping_cost_ml/prod/ with extension *.json
[2025-06-16T14:52:07.035+0000] {logging_mixin.py:190} INFO - Deleted all files in /opt/***/extraction/mercadolivre/data/shipping_cost_ml/prod/ with extension *.json
[2025-06-16T14:52:07.039+0000] {logging_mixin.py:190} INFO - Deleted all files in /opt/***/extraction/mercadolivre/data/shipping_cost_ml/prod/ with extension *.json
[2025-06-16T14:52:07.042+0000] {logging_mixin.py:190} INFO - Deleted all files in /opt/***/extraction/mercadolivre/data/shipping_cost_ml/prod/ with extension *.json
[2025-06-16T14:52:07.045+0000] {logging_mixin.py:190} INFO - Deleted all files in /opt/***/extraction/mercadolivre/data/shipping_cost_ml/prod/ with extension *.json
[2025-06-16T14:52:07.048+0000] {logging_mixin.py:190} INFO - Deleted all files in /opt/***/extraction/mercadolivre/data/shipping_cost_ml/prod/ with extension *.json
[2025-06-16T14:52:07.053+0000] {logging_mixin.py:190} INFO - Deleted all files in /opt/***/extraction/mercadolivre/data/shipping_cost_ml/prod/ with extension *.json
[2025-06-16T14:52:07.056+0000] {logging_mixin.py:190} INFO - Deleted all files in /opt/***/extraction/mercadolivre/data/shipping_cost_ml/prod/ with extension *.json
[2025-06-16T14:52:07.059+0000] {logging_mixin.py:190} INFO - Deleted all files in /opt/***/extraction/mercadolivre/data/shipping_cost_ml/prod/ with extension *.json
[2025-06-16T14:52:07.064+0000] {logging_mixin.py:190} INFO - Deleted all files in /opt/***/extraction/mercadolivre/data/shipping_cost_ml/prod/ with extension *.json
[2025-06-16T14:52:07.068+0000] {logging_mixin.py:190} INFO - Deleted all files in /opt/***/extraction/mercadolivre/data/shipping_cost_ml/prod/ with extension *.json
[2025-06-16T14:52:07.071+0000] {logging_mixin.py:190} INFO - Deleted all files in /opt/***/extraction/mercadolivre/data/shipping_cost_ml/prod/ with extension *.json
[2025-06-16T14:52:07.075+0000] {logging_mixin.py:190} INFO - Deleted all files in /opt/***/extraction/mercadolivre/data/shipping_cost_ml/prod/ with extension *.json
[2025-06-16T14:52:07.078+0000] {logging_mixin.py:190} INFO - Deleted all files in /opt/***/extraction/mercadolivre/data/shipping_cost_ml/prod/ with extension *.json
[2025-06-16T14:52:07.081+0000] {logging_mixin.py:190} INFO - Deleted all files in /opt/***/extraction/mercadolivre/data/shipping_cost_ml/prod/ with extension *.json
[2025-06-16T14:52:07.084+0000] {logging_mixin.py:190} INFO - Deleted all files in /opt/***/extraction/mercadolivre/data/shipping_cost_ml/prod/ with extension *.json
[2025-06-16T14:52:07.085+0000] {python.py:240} INFO - Done. Returned value was: None
[2025-06-16T14:52:07.099+0000] {taskinstance.py:340} INFO - ::group::Post task execution logs
[2025-06-16T14:52:07.101+0000] {taskinstance.py:352} INFO - Marking task as SUCCESS. dag_id=06_delete_entry_data_prod, task_id=delete_ml_sh_files, run_id=manual__2025-06-16T14:52:03.541112+00:00, execution_date=20250616T145203, start_date=20250616T145205, end_date=20250616T145207
[2025-06-16T14:52:07.132+0000] {local_task_job_runner.py:266} INFO - Task exited with return code 0
[2025-06-16T14:52:07.152+0000] {taskinstance.py:3895} INFO - 0 downstream tasks scheduled from follow-on schedule check
[2025-06-16T14:52:07.155+0000] {local_task_job_runner.py:245} INFO - ::endgroup::
