[2025-05-22T18:57:55.516+0000] {local_task_job_runner.py:123} INFO - ::group::Pre task execution logs
[2025-05-22T18:57:55.540+0000] {taskinstance.py:2613} INFO - Dependencies all met for dep_context=non-requeueable deps ti=<TaskInstance: 04_transform_data.install_dbt_deps manual__2025-05-22T18:57:54.037439+00:00 [queued]>
[2025-05-22T18:57:55.551+0000] {taskinstance.py:2613} INFO - Dependencies all met for dep_context=requeueable deps ti=<TaskInstance: 04_transform_data.install_dbt_deps manual__2025-05-22T18:57:54.037439+00:00 [queued]>
[2025-05-22T18:57:55.552+0000] {taskinstance.py:2866} INFO - Starting attempt 1 of 1
[2025-05-22T18:57:55.565+0000] {taskinstance.py:2889} INFO - Executing <Task(PythonOperator): install_dbt_deps> on 2025-05-22 18:57:54.037439+00:00
[2025-05-22T18:57:55.571+0000] {standard_task_runner.py:72} INFO - Started process 3650 to run task
[2025-05-22T18:57:55.574+0000] {standard_task_runner.py:104} INFO - Running: ['***', 'tasks', 'run', '04_transform_data', 'install_dbt_deps', 'manual__2025-05-22T18:57:54.037439+00:00', '--job-id', '203', '--raw', '--subdir', 'DAGS_FOLDER/04_transform_data.py', '--cfg-path', '/tmp/tmpw4ysnk_4']
[2025-05-22T18:57:55.576+0000] {standard_task_runner.py:105} INFO - Job 203: Subtask install_dbt_deps
[2025-05-22T18:57:55.634+0000] {task_command.py:467} INFO - Running <TaskInstance: 04_transform_data.install_dbt_deps manual__2025-05-22T18:57:54.037439+00:00 [running]> on host e27e96d1841a
[2025-05-22T18:57:55.721+0000] {taskinstance.py:3132} INFO - Exporting env vars: AIRFLOW_CTX_DAG_OWNER='***' AIRFLOW_CTX_DAG_ID='04_transform_data' AIRFLOW_CTX_TASK_ID='install_dbt_deps' AIRFLOW_CTX_EXECUTION_DATE='2025-05-22T18:57:54.037439+00:00' AIRFLOW_CTX_TRY_NUMBER='1' AIRFLOW_CTX_DAG_RUN_ID='manual__2025-05-22T18:57:54.037439+00:00'
[2025-05-22T18:57:55.723+0000] {taskinstance.py:731} INFO - ::endgroup::
[2025-05-22T18:57:57.416+0000] {logging_mixin.py:190} INFO - 18:57:57  Running with dbt=1.9.4
[2025-05-22T18:57:58.210+0000] {logging_mixin.py:190} INFO - 18:57:58  Installing dbt-labs/dbt_utils
[2025-05-22T18:58:00.910+0000] {logging_mixin.py:190} INFO - 18:58:00  Installed from version 1.2.0
[2025-05-22T18:58:00.911+0000] {logging_mixin.py:190} INFO - 18:58:00  Updated version available: 1.3.0
[2025-05-22T18:58:00.914+0000] {logging_mixin.py:190} INFO - 18:58:00
[2025-05-22T18:58:00.915+0000] {logging_mixin.py:190} INFO - 18:58:00  Updates available for packages: ['dbt-labs/dbt_utils']                 
Update your versions in packages.yml, then run dbt deps
[2025-05-22T18:58:01.650+0000] {logging_mixin.py:190} INFO - Dependencies sucessfully installed.
[2025-05-22T18:58:01.651+0000] {python.py:240} INFO - Done. Returned value was: None
[2025-05-22T18:58:01.663+0000] {taskinstance.py:340} INFO - ::group::Post task execution logs
[2025-05-22T18:58:01.664+0000] {taskinstance.py:352} INFO - Marking task as SUCCESS. dag_id=04_transform_data, task_id=install_dbt_deps, run_id=manual__2025-05-22T18:57:54.037439+00:00, execution_date=20250522T185754, start_date=20250522T185755, end_date=20250522T185801
[2025-05-22T18:58:01.696+0000] {local_task_job_runner.py:266} INFO - Task exited with return code 0
[2025-05-22T18:58:01.720+0000] {taskinstance.py:3895} INFO - 1 downstream tasks scheduled from follow-on schedule check
[2025-05-22T18:58:01.723+0000] {local_task_job_runner.py:245} INFO - ::endgroup::
