[2025-06-10T21:25:46.529+0000] {local_task_job_runner.py:123} INFO - ::group::Pre task execution logs
[2025-06-10T21:25:46.547+0000] {taskinstance.py:2613} INFO - Dependencies all met for dep_context=non-requeueable deps ti=<TaskInstance: 05_transform_data.install_dbt_deps manual__2025-06-10T21:25:44.909096+00:00 [queued]>
[2025-06-10T21:25:46.555+0000] {taskinstance.py:2613} INFO - Dependencies all met for dep_context=requeueable deps ti=<TaskInstance: 05_transform_data.install_dbt_deps manual__2025-06-10T21:25:44.909096+00:00 [queued]>
[2025-06-10T21:25:46.556+0000] {taskinstance.py:2866} INFO - Starting attempt 1 of 1
[2025-06-10T21:25:46.567+0000] {taskinstance.py:2889} INFO - Executing <Task(PythonOperator): install_dbt_deps> on 2025-06-10 21:25:44.909096+00:00
[2025-06-10T21:25:46.572+0000] {standard_task_runner.py:72} INFO - Started process 6747 to run task
[2025-06-10T21:25:46.575+0000] {standard_task_runner.py:104} INFO - Running: ['***', 'tasks', 'run', '05_transform_data', 'install_dbt_deps', 'manual__2025-06-10T21:25:44.909096+00:00', '--job-id', '745', '--raw', '--subdir', 'DAGS_FOLDER/05_transform_data.py', '--cfg-path', '/tmp/tmpu5og5wh5']
[2025-06-10T21:25:46.577+0000] {standard_task_runner.py:105} INFO - Job 745: Subtask install_dbt_deps
[2025-06-10T21:25:46.635+0000] {task_command.py:467} INFO - Running <TaskInstance: 05_transform_data.install_dbt_deps manual__2025-06-10T21:25:44.909096+00:00 [running]> on host 28e6a58e4107
[2025-06-10T21:25:46.714+0000] {taskinstance.py:3132} INFO - Exporting env vars: AIRFLOW_CTX_DAG_OWNER='***' AIRFLOW_CTX_DAG_ID='05_transform_data' AIRFLOW_CTX_TASK_ID='install_dbt_deps' AIRFLOW_CTX_EXECUTION_DATE='2025-06-10T21:25:44.909096+00:00' AIRFLOW_CTX_TRY_NUMBER='1' AIRFLOW_CTX_DAG_RUN_ID='manual__2025-06-10T21:25:44.909096+00:00'
[2025-06-10T21:25:46.716+0000] {taskinstance.py:731} INFO - ::endgroup::
[2025-06-10T21:25:48.245+0000] {logging_mixin.py:190} INFO - 21:25:48  Running with dbt=1.9.5
[2025-06-10T21:25:48.968+0000] {logging_mixin.py:190} INFO - 21:25:48  Installing dbt-labs/dbt_utils
[2025-06-10T21:25:52.310+0000] {logging_mixin.py:190} INFO - 21:25:52  Installed from version 1.2.0
[2025-06-10T21:25:52.312+0000] {logging_mixin.py:190} INFO - 21:25:52  Updated version available: 1.3.0
[2025-06-10T21:25:52.314+0000] {logging_mixin.py:190} INFO - 21:25:52
[2025-06-10T21:25:52.316+0000] {logging_mixin.py:190} INFO - 21:25:52  Updates available for packages: ['dbt-labs/dbt_utils']                 
Update your versions in packages.yml, then run dbt deps
[2025-06-10T21:25:53.009+0000] {logging_mixin.py:190} INFO - Dependencies sucessfully installed.
[2025-06-10T21:25:53.011+0000] {python.py:240} INFO - Done. Returned value was: None
[2025-06-10T21:25:53.025+0000] {taskinstance.py:340} INFO - ::group::Post task execution logs
[2025-06-10T21:25:53.026+0000] {taskinstance.py:352} INFO - Marking task as SUCCESS. dag_id=05_transform_data, task_id=install_dbt_deps, run_id=manual__2025-06-10T21:25:44.909096+00:00, execution_date=20250610T212544, start_date=20250610T212546, end_date=20250610T212553
[2025-06-10T21:25:53.051+0000] {local_task_job_runner.py:266} INFO - Task exited with return code 0
[2025-06-10T21:25:53.076+0000] {taskinstance.py:3895} INFO - 1 downstream tasks scheduled from follow-on schedule check
[2025-06-10T21:25:53.079+0000] {local_task_job_runner.py:245} INFO - ::endgroup::
