[2025-06-12T00:15:49.040+0000] {local_task_job_runner.py:123} INFO - ::group::Pre task execution logs
[2025-06-12T00:15:49.058+0000] {taskinstance.py:2613} INFO - Dependencies all met for dep_context=non-requeueable deps ti=<TaskInstance: 05_transform_data_prod.install_dbt_deps manual__2025-06-12T00:15:46.644414+00:00 [queued]>
[2025-06-12T00:15:49.065+0000] {taskinstance.py:2613} INFO - Dependencies all met for dep_context=requeueable deps ti=<TaskInstance: 05_transform_data_prod.install_dbt_deps manual__2025-06-12T00:15:46.644414+00:00 [queued]>
[2025-06-12T00:15:49.066+0000] {taskinstance.py:2866} INFO - Starting attempt 1 of 1
[2025-06-12T00:15:49.079+0000] {taskinstance.py:2889} INFO - Executing <Task(PythonOperator): install_dbt_deps> on 2025-06-12 00:15:46.644414+00:00
[2025-06-12T00:15:49.084+0000] {standard_task_runner.py:72} INFO - Started process 8951 to run task
[2025-06-12T00:15:49.087+0000] {standard_task_runner.py:104} INFO - Running: ['***', 'tasks', 'run', '05_transform_data_prod', 'install_dbt_deps', 'manual__2025-06-12T00:15:46.644414+00:00', '--job-id', '997', '--raw', '--subdir', 'DAGS_FOLDER/05_transform_data_prod.py', '--cfg-path', '/tmp/tmpholsdwr2']
[2025-06-12T00:15:49.089+0000] {standard_task_runner.py:105} INFO - Job 997: Subtask install_dbt_deps
[2025-06-12T00:15:49.139+0000] {task_command.py:467} INFO - Running <TaskInstance: 05_transform_data_prod.install_dbt_deps manual__2025-06-12T00:15:46.644414+00:00 [running]> on host 28e6a58e4107
[2025-06-12T00:15:49.218+0000] {taskinstance.py:3132} INFO - Exporting env vars: AIRFLOW_CTX_DAG_OWNER='***' AIRFLOW_CTX_DAG_ID='05_transform_data_prod' AIRFLOW_CTX_TASK_ID='install_dbt_deps' AIRFLOW_CTX_EXECUTION_DATE='2025-06-12T00:15:46.644414+00:00' AIRFLOW_CTX_TRY_NUMBER='1' AIRFLOW_CTX_DAG_RUN_ID='manual__2025-06-12T00:15:46.644414+00:00'
[2025-06-12T00:15:49.220+0000] {taskinstance.py:731} INFO - ::endgroup::
[2025-06-12T00:15:50.741+0000] {logging_mixin.py:190} INFO - 00:15:50  Running with dbt=1.9.5
[2025-06-12T00:15:51.491+0000] {logging_mixin.py:190} INFO - 00:15:51  Installing dbt-labs/dbt_utils
[2025-06-12T00:15:54.340+0000] {logging_mixin.py:190} INFO - 00:15:54  Installed from version 1.2.0
[2025-06-12T00:15:54.343+0000] {logging_mixin.py:190} INFO - 00:15:54  Updated version available: 1.3.0
[2025-06-12T00:15:54.346+0000] {logging_mixin.py:190} INFO - 00:15:54
[2025-06-12T00:15:54.347+0000] {logging_mixin.py:190} INFO - 00:15:54  Updates available for packages: ['dbt-labs/dbt_utils']                 
Update your versions in packages.yml, then run dbt deps
[2025-06-12T00:15:55.042+0000] {logging_mixin.py:190} INFO - Dependencies sucessfully installed.
[2025-06-12T00:15:55.043+0000] {python.py:240} INFO - Done. Returned value was: None
[2025-06-12T00:15:55.059+0000] {taskinstance.py:340} INFO - ::group::Post task execution logs
[2025-06-12T00:15:55.061+0000] {taskinstance.py:352} INFO - Marking task as SUCCESS. dag_id=05_transform_data_prod, task_id=install_dbt_deps, run_id=manual__2025-06-12T00:15:46.644414+00:00, execution_date=20250612T001546, start_date=20250612T001549, end_date=20250612T001555
[2025-06-12T00:15:55.091+0000] {local_task_job_runner.py:266} INFO - Task exited with return code 0
[2025-06-12T00:15:55.115+0000] {taskinstance.py:3895} INFO - 1 downstream tasks scheduled from follow-on schedule check
[2025-06-12T00:15:55.118+0000] {local_task_job_runner.py:245} INFO - ::endgroup::
