[2025-06-11T18:46:47.467+0000] {local_task_job_runner.py:123} INFO - ::group::Pre task execution logs
[2025-06-11T18:46:47.488+0000] {taskinstance.py:2613} INFO - Dependencies all met for dep_context=non-requeueable deps ti=<TaskInstance: 06_delete_entry_data.delete_tables manual__2025-06-11T18:46:45.710797+00:00 [queued]>
[2025-06-11T18:46:47.499+0000] {taskinstance.py:2613} INFO - Dependencies all met for dep_context=requeueable deps ti=<TaskInstance: 06_delete_entry_data.delete_tables manual__2025-06-11T18:46:45.710797+00:00 [queued]>
[2025-06-11T18:46:47.500+0000] {taskinstance.py:2866} INFO - Starting attempt 1 of 1
[2025-06-11T18:46:47.515+0000] {taskinstance.py:2889} INFO - Executing <Task(PythonOperator): delete_tables> on 2025-06-11 18:46:45.710797+00:00
[2025-06-11T18:46:47.520+0000] {standard_task_runner.py:72} INFO - Started process 727 to run task
[2025-06-11T18:46:47.525+0000] {standard_task_runner.py:104} INFO - Running: ['***', 'tasks', 'run', '06_delete_entry_data', 'delete_tables', 'manual__2025-06-11T18:46:45.710797+00:00', '--job-id', '888', '--raw', '--subdir', 'DAGS_FOLDER/06_delete_files_tables.py', '--cfg-path', '/tmp/tmpipqpiqke']
[2025-06-11T18:46:47.527+0000] {standard_task_runner.py:105} INFO - Job 888: Subtask delete_tables
[2025-06-11T18:46:47.589+0000] {task_command.py:467} INFO - Running <TaskInstance: 06_delete_entry_data.delete_tables manual__2025-06-11T18:46:45.710797+00:00 [running]> on host 28e6a58e4107
[2025-06-11T18:46:47.688+0000] {taskinstance.py:3132} INFO - Exporting env vars: AIRFLOW_CTX_DAG_OWNER='***' AIRFLOW_CTX_DAG_ID='06_delete_entry_data' AIRFLOW_CTX_TASK_ID='delete_tables' AIRFLOW_CTX_EXECUTION_DATE='2025-06-11T18:46:45.710797+00:00' AIRFLOW_CTX_TRY_NUMBER='1' AIRFLOW_CTX_DAG_RUN_ID='manual__2025-06-11T18:46:45.710797+00:00'
[2025-06-11T18:46:47.690+0000] {taskinstance.py:731} INFO - ::endgroup::
[2025-06-11T18:46:47.717+0000] {logging_mixin.py:190} INFO - Table entry.entry_mercadolivre could not be deleted: table "entry_mercadolivre" does not exist
[2025-06-11T18:46:47.720+0000] {logging_mixin.py:190} INFO - Table entry.entry_mercadolivre__context__flows could not be deleted: current transaction is aborted, commands ignored until end of transaction block
[2025-06-11T18:46:47.722+0000] {logging_mixin.py:190} INFO - Table entry.entry_mercadolivre__mediations could not be deleted: current transaction is aborted, commands ignored until end of transaction block
[2025-06-11T18:46:47.723+0000] {logging_mixin.py:190} INFO - Table entry.entry_mercadolivre__order_items could not be deleted: current transaction is aborted, commands ignored until end of transaction block
[2025-06-11T18:46:47.724+0000] {logging_mixin.py:190} INFO - Table entry.entry_mercadolivre__order_items__item__variation_attributes could not be deleted: current transaction is aborted, commands ignored until end of transaction block
[2025-06-11T18:46:47.725+0000] {logging_mixin.py:190} INFO - Table entry.entry_mercadolivre__payments could not be deleted: current transaction is aborted, commands ignored until end of transaction block
[2025-06-11T18:46:47.727+0000] {logging_mixin.py:190} INFO - Table entry.entry_mercadolivre__payments__available_actions could not be deleted: current transaction is aborted, commands ignored until end of transaction block
[2025-06-11T18:46:47.728+0000] {logging_mixin.py:190} INFO - Table entry.entry_mercadolivre__tags could not be deleted: current transaction is aborted, commands ignored until end of transaction block
[2025-06-11T18:46:47.729+0000] {logging_mixin.py:190} INFO - Table entry.entry_mercadolivre_sh could not be deleted: current transaction is aborted, commands ignored until end of transaction block
[2025-06-11T18:46:47.731+0000] {logging_mixin.py:190} INFO - Table entry.entry_mercadolivre_sh__destination__shipping_address__types could not be deleted: current transaction is aborted, commands ignored until end of transaction block
[2025-06-11T18:46:47.732+0000] {logging_mixin.py:190} INFO - Table entry.entry_mercadolivre_sh__items_types could not be deleted: current transaction is aborted, commands ignored until end of transaction block
[2025-06-11T18:46:47.733+0000] {logging_mixin.py:190} INFO - Table entry.entry_mercadolivre_sh__origin__shipping_address__types could not be deleted: current transaction is aborted, commands ignored until end of transaction block
[2025-06-11T18:46:47.734+0000] {logging_mixin.py:190} INFO - Table entry.entry_mercadolivre_sh__tags could not be deleted: current transaction is aborted, commands ignored until end of transaction block
[2025-06-11T18:46:47.735+0000] {logging_mixin.py:190} INFO - Table entry.entry_shopee could not be deleted: current transaction is aborted, commands ignored until end of transaction block
[2025-06-11T18:46:47.736+0000] {logging_mixin.py:190} INFO - Table entry._dlt_loads could not be deleted: current transaction is aborted, commands ignored until end of transaction block
[2025-06-11T18:46:47.737+0000] {logging_mixin.py:190} INFO - Table entry._dlt_pipeline_state could not be deleted: current transaction is aborted, commands ignored until end of transaction block
[2025-06-11T18:46:47.738+0000] {logging_mixin.py:190} INFO - Table entry._dlt_version could not be deleted: current transaction is aborted, commands ignored until end of transaction block
[2025-06-11T18:46:47.739+0000] {python.py:240} INFO - Done. Returned value was: None
[2025-06-11T18:46:47.750+0000] {taskinstance.py:340} INFO - ::group::Post task execution logs
[2025-06-11T18:46:47.751+0000] {taskinstance.py:352} INFO - Marking task as SUCCESS. dag_id=06_delete_entry_data, task_id=delete_tables, run_id=manual__2025-06-11T18:46:45.710797+00:00, execution_date=20250611T184645, start_date=20250611T184647, end_date=20250611T184647
[2025-06-11T18:46:47.778+0000] {local_task_job_runner.py:266} INFO - Task exited with return code 0
[2025-06-11T18:46:47.798+0000] {taskinstance.py:3895} INFO - 0 downstream tasks scheduled from follow-on schedule check
[2025-06-11T18:46:47.801+0000] {local_task_job_runner.py:245} INFO - ::endgroup::
