[2025-06-09T21:02:06.431+0000] {local_task_job_runner.py:123} INFO - ::group::Pre task execution logs
[2025-06-09T21:02:06.454+0000] {taskinstance.py:2613} INFO - Dependencies all met for dep_context=non-requeueable deps ti=<TaskInstance: 03_load_data.load_prod_cost manual__2025-06-09T21:02:04.318945+00:00 [queued]>
[2025-06-09T21:02:06.464+0000] {taskinstance.py:2613} INFO - Dependencies all met for dep_context=requeueable deps ti=<TaskInstance: 03_load_data.load_prod_cost manual__2025-06-09T21:02:04.318945+00:00 [queued]>
[2025-06-09T21:02:06.466+0000] {taskinstance.py:2866} INFO - Starting attempt 1 of 1
[2025-06-09T21:02:06.480+0000] {taskinstance.py:2889} INFO - Executing <Task(PythonOperator): load_prod_cost> on 2025-06-09 21:02:04.318945+00:00
[2025-06-09T21:02:06.486+0000] {standard_task_runner.py:72} INFO - Started process 3258 to run task
[2025-06-09T21:02:06.489+0000] {standard_task_runner.py:104} INFO - Running: ['***', 'tasks', 'run', '03_load_data', 'load_prod_cost', 'manual__2025-06-09T21:02:04.318945+00:00', '--job-id', '583', '--raw', '--subdir', 'DAGS_FOLDER/03_load_data.py', '--cfg-path', '/tmp/tmpe8rvkw3j']
[2025-06-09T21:02:06.491+0000] {standard_task_runner.py:105} INFO - Job 583: Subtask load_prod_cost
[2025-06-09T21:02:06.549+0000] {task_command.py:467} INFO - Running <TaskInstance: 03_load_data.load_prod_cost manual__2025-06-09T21:02:04.318945+00:00 [running]> on host 28e6a58e4107
[2025-06-09T21:02:06.643+0000] {taskinstance.py:3132} INFO - Exporting env vars: AIRFLOW_CTX_DAG_OWNER='***' AIRFLOW_CTX_DAG_ID='03_load_data' AIRFLOW_CTX_TASK_ID='load_prod_cost' AIRFLOW_CTX_EXECUTION_DATE='2025-06-09T21:02:04.318945+00:00' AIRFLOW_CTX_TRY_NUMBER='1' AIRFLOW_CTX_DAG_RUN_ID='manual__2025-06-09T21:02:04.318945+00:00'
[2025-06-09T21:02:06.646+0000] {taskinstance.py:731} INFO - ::endgroup::
[2025-06-09T21:02:07.207+0000] {logging_mixin.py:190} INFO - column begin_date is datetime64[ns, UTC]
[2025-06-09T21:02:07.209+0000] {logging_mixin.py:190} INFO - column end_date is datetime64[ns, UTC]
[2025-06-09T21:02:07.211+0000] {logging_mixin.py:190} INFO - Loading file /opt/***/cleaning/entry_data/clean/clean_cost_data.csv to sales_db
[2025-06-09T21:02:07.284+0000] {logging_mixin.py:190} INFO - Data in /opt/***/cleaning/entry_data/clean/clean_cost_data.csv successfully loaded.
[2025-06-09T21:02:07.286+0000] {python.py:240} INFO - Done. Returned value was: None
[2025-06-09T21:02:07.307+0000] {taskinstance.py:340} INFO - ::group::Post task execution logs
[2025-06-09T21:02:07.310+0000] {taskinstance.py:352} INFO - Marking task as SUCCESS. dag_id=03_load_data, task_id=load_prod_cost, run_id=manual__2025-06-09T21:02:04.318945+00:00, execution_date=20250609T210204, start_date=20250609T210206, end_date=20250609T210207
[2025-06-09T21:02:07.346+0000] {local_task_job_runner.py:266} INFO - Task exited with return code 0
[2025-06-09T21:02:07.370+0000] {local_task_job_runner.py:245} INFO - ::endgroup::
