[2025-06-23T17:12:49.132+0000] {local_task_job_runner.py:123} INFO - ::group::Pre task execution logs
[2025-06-23T17:12:49.153+0000] {taskinstance.py:2613} INFO - Dependencies all met for dep_context=non-requeueable deps ti=<TaskInstance: 03_load_data_prod.load_shopee manual__2025-06-23T17:12:47.302776+00:00 [queued]>
[2025-06-23T17:12:49.162+0000] {taskinstance.py:2613} INFO - Dependencies all met for dep_context=requeueable deps ti=<TaskInstance: 03_load_data_prod.load_shopee manual__2025-06-23T17:12:47.302776+00:00 [queued]>
[2025-06-23T17:12:49.163+0000] {taskinstance.py:2866} INFO - Starting attempt 1 of 1
[2025-06-23T17:12:49.177+0000] {taskinstance.py:2889} INFO - Executing <Task(PythonOperator): load_shopee> on 2025-06-23 17:12:47.302776+00:00
[2025-06-23T17:12:49.182+0000] {standard_task_runner.py:72} INFO - Started process 704 to run task
[2025-06-23T17:12:49.186+0000] {standard_task_runner.py:104} INFO - Running: ['***', 'tasks', 'run', '03_load_data_prod', 'load_shopee', 'manual__2025-06-23T17:12:47.302776+00:00', '--job-id', '16', '--raw', '--subdir', 'DAGS_FOLDER/03_load_data_prod.py', '--cfg-path', '/tmp/tmplhl7n8d1']
[2025-06-23T17:12:49.188+0000] {standard_task_runner.py:105} INFO - Job 16: Subtask load_shopee
[2025-06-23T17:12:49.253+0000] {task_command.py:467} INFO - Running <TaskInstance: 03_load_data_prod.load_shopee manual__2025-06-23T17:12:47.302776+00:00 [running]> on host b208c9761688
[2025-06-23T17:12:49.335+0000] {taskinstance.py:3132} INFO - Exporting env vars: AIRFLOW_CTX_DAG_OWNER='***' AIRFLOW_CTX_DAG_ID='03_load_data_prod' AIRFLOW_CTX_TASK_ID='load_shopee' AIRFLOW_CTX_EXECUTION_DATE='2025-06-23T17:12:47.302776+00:00' AIRFLOW_CTX_TRY_NUMBER='1' AIRFLOW_CTX_DAG_RUN_ID='manual__2025-06-23T17:12:47.302776+00:00'
[2025-06-23T17:12:49.337+0000] {taskinstance.py:731} INFO - ::endgroup::
[2025-06-23T17:12:49.837+0000] {taskinstance.py:3311} ERROR - Task failed with exception
Traceback (most recent call last):
  File "/home/airflow/.local/lib/python3.9/site-packages/airflow/models/taskinstance.py", line 767, in _execute_task
    result = _execute_callable(context=context, **execute_callable_kwargs)
  File "/home/airflow/.local/lib/python3.9/site-packages/airflow/models/taskinstance.py", line 733, in _execute_callable
    return ExecutionCallableRunner(
  File "/home/airflow/.local/lib/python3.9/site-packages/airflow/utils/operator_helpers.py", line 252, in run
    return self.func(*args, **kwargs)
  File "/home/airflow/.local/lib/python3.9/site-packages/airflow/models/baseoperator.py", line 422, in wrapper
    return func(self, *args, **kwargs)
  File "/home/airflow/.local/lib/python3.9/site-packages/airflow/operators/python.py", line 238, in execute
    return_value = self.execute_callable()
  File "/home/airflow/.local/lib/python3.9/site-packages/airflow/operators/python.py", line 256, in execute_callable
    return runner.run(*self.op_args, **self.op_kwargs)
  File "/home/airflow/.local/lib/python3.9/site-packages/airflow/utils/operator_helpers.py", line 252, in run
    return self.func(*args, **kwargs)
  File "/opt/airflow/scripts/loading/shopee/load_data.py", line 19, in postgres_ingestion_shopee
    filelist = os.listdir(dir)
FileNotFoundError: [Errno 2] No such file or directory: '/opt/airflow/extraction/shopee/data/raw/prod/'
[2025-06-23T17:12:49.853+0000] {taskinstance.py:1225} INFO - Marking task as FAILED. dag_id=03_load_data_prod, task_id=load_shopee, run_id=manual__2025-06-23T17:12:47.302776+00:00, execution_date=20250623T171247, start_date=20250623T171249, end_date=20250623T171249
[2025-06-23T17:12:49.863+0000] {taskinstance.py:340} INFO - ::group::Post task execution logs
[2025-06-23T17:12:49.864+0000] {standard_task_runner.py:124} ERROR - Failed to execute job 16 for task load_shopee ([Errno 2] No such file or directory: '/opt/airflow/extraction/shopee/data/raw/prod/'; 704)
Traceback (most recent call last):
  File "/home/airflow/.local/lib/python3.9/site-packages/airflow/task/task_runner/standard_task_runner.py", line 117, in _start_by_fork
    ret = args.func(args, dag=self.dag)
  File "/home/airflow/.local/lib/python3.9/site-packages/airflow/cli/cli_config.py", line 49, in command
    return func(*args, **kwargs)
  File "/home/airflow/.local/lib/python3.9/site-packages/airflow/utils/cli.py", line 116, in wrapper
    return f(*args, **kwargs)
  File "/home/airflow/.local/lib/python3.9/site-packages/airflow/cli/commands/task_command.py", line 483, in task_run
    task_return_code = _run_task_by_selected_method(args, _dag, ti)
  File "/home/airflow/.local/lib/python3.9/site-packages/airflow/cli/commands/task_command.py", line 256, in _run_task_by_selected_method
    return _run_raw_task(args, ti)
  File "/home/airflow/.local/lib/python3.9/site-packages/airflow/cli/commands/task_command.py", line 341, in _run_raw_task
    return ti._run_raw_task(
  File "/home/airflow/.local/lib/python3.9/site-packages/airflow/utils/session.py", line 97, in wrapper
    return func(*args, session=session, **kwargs)
  File "/home/airflow/.local/lib/python3.9/site-packages/airflow/models/taskinstance.py", line 3005, in _run_raw_task
    return _run_raw_task(
  File "/home/airflow/.local/lib/python3.9/site-packages/airflow/models/taskinstance.py", line 273, in _run_raw_task
    TaskInstance._execute_task_with_callbacks(
  File "/home/airflow/.local/lib/python3.9/site-packages/airflow/models/taskinstance.py", line 3159, in _execute_task_with_callbacks
    result = self._execute_task(context, task_orig)
  File "/home/airflow/.local/lib/python3.9/site-packages/airflow/models/taskinstance.py", line 3183, in _execute_task
    return _execute_task(self, context, task_orig)
  File "/home/airflow/.local/lib/python3.9/site-packages/airflow/models/taskinstance.py", line 767, in _execute_task
    result = _execute_callable(context=context, **execute_callable_kwargs)
  File "/home/airflow/.local/lib/python3.9/site-packages/airflow/models/taskinstance.py", line 733, in _execute_callable
    return ExecutionCallableRunner(
  File "/home/airflow/.local/lib/python3.9/site-packages/airflow/utils/operator_helpers.py", line 252, in run
    return self.func(*args, **kwargs)
  File "/home/airflow/.local/lib/python3.9/site-packages/airflow/models/baseoperator.py", line 422, in wrapper
    return func(self, *args, **kwargs)
  File "/home/airflow/.local/lib/python3.9/site-packages/airflow/operators/python.py", line 238, in execute
    return_value = self.execute_callable()
  File "/home/airflow/.local/lib/python3.9/site-packages/airflow/operators/python.py", line 256, in execute_callable
    return runner.run(*self.op_args, **self.op_kwargs)
  File "/home/airflow/.local/lib/python3.9/site-packages/airflow/utils/operator_helpers.py", line 252, in run
    return self.func(*args, **kwargs)
  File "/opt/airflow/scripts/loading/shopee/load_data.py", line 19, in postgres_ingestion_shopee
    filelist = os.listdir(dir)
FileNotFoundError: [Errno 2] No such file or directory: '/opt/airflow/extraction/shopee/data/raw/prod/'
[2025-06-23T17:12:49.882+0000] {local_task_job_runner.py:266} INFO - Task exited with return code 1
[2025-06-23T17:12:49.900+0000] {taskinstance.py:3895} INFO - 0 downstream tasks scheduled from follow-on schedule check
[2025-06-23T17:12:49.903+0000] {local_task_job_runner.py:245} INFO - ::endgroup::
