[2025-06-09T22:37:21.827+0000] {local_task_job_runner.py:123} INFO - ::group::Pre task execution logs
[2025-06-09T22:37:21.845+0000] {taskinstance.py:2613} INFO - Dependencies all met for dep_context=non-requeueable deps ti=<TaskInstance: 05_transform_data.install_dbt_deps manual__2025-06-09T22:37:20.347034+00:00 [queued]>
[2025-06-09T22:37:21.852+0000] {taskinstance.py:2613} INFO - Dependencies all met for dep_context=requeueable deps ti=<TaskInstance: 05_transform_data.install_dbt_deps manual__2025-06-09T22:37:20.347034+00:00 [queued]>
[2025-06-09T22:37:21.854+0000] {taskinstance.py:2866} INFO - Starting attempt 1 of 1
[2025-06-09T22:37:21.865+0000] {taskinstance.py:2889} INFO - Executing <Task(PythonOperator): install_dbt_deps> on 2025-06-09 22:37:20.347034+00:00
[2025-06-09T22:37:21.869+0000] {standard_task_runner.py:72} INFO - Started process 6244 to run task
[2025-06-09T22:37:21.872+0000] {standard_task_runner.py:104} INFO - Running: ['***', 'tasks', 'run', '05_transform_data', 'install_dbt_deps', 'manual__2025-06-09T22:37:20.347034+00:00', '--job-id', '644', '--raw', '--subdir', 'DAGS_FOLDER/05_transform_data.py', '--cfg-path', '/tmp/tmpfjv62ehv']
[2025-06-09T22:37:21.874+0000] {standard_task_runner.py:105} INFO - Job 644: Subtask install_dbt_deps
[2025-06-09T22:37:21.923+0000] {task_command.py:467} INFO - Running <TaskInstance: 05_transform_data.install_dbt_deps manual__2025-06-09T22:37:20.347034+00:00 [running]> on host 28e6a58e4107
[2025-06-09T22:37:22.000+0000] {taskinstance.py:3132} INFO - Exporting env vars: AIRFLOW_CTX_DAG_OWNER='***' AIRFLOW_CTX_DAG_ID='05_transform_data' AIRFLOW_CTX_TASK_ID='install_dbt_deps' AIRFLOW_CTX_EXECUTION_DATE='2025-06-09T22:37:20.347034+00:00' AIRFLOW_CTX_TRY_NUMBER='1' AIRFLOW_CTX_DAG_RUN_ID='manual__2025-06-09T22:37:20.347034+00:00'
[2025-06-09T22:37:22.001+0000] {taskinstance.py:731} INFO - ::endgroup::
[2025-06-09T22:37:23.650+0000] {logging_mixin.py:190} INFO - 22:37:23  Running with dbt=1.9.5
[2025-06-09T22:37:25.492+0000] {logging_mixin.py:190} INFO - 22:37:25  Installing dbt-labs/dbt_utils
[2025-06-09T22:37:28.580+0000] {logging_mixin.py:190} INFO - 22:37:28  Installed from version 1.2.0
[2025-06-09T22:37:28.582+0000] {logging_mixin.py:190} INFO - 22:37:28  Updated version available: 1.3.0
[2025-06-09T22:37:28.584+0000] {logging_mixin.py:190} INFO - 22:37:28
[2025-06-09T22:37:28.585+0000] {logging_mixin.py:190} INFO - 22:37:28  Updates available for packages: ['dbt-labs/dbt_utils']                 
Update your versions in packages.yml, then run dbt deps
[2025-06-09T22:37:29.286+0000] {logging_mixin.py:190} INFO - Dependencies sucessfully installed.
[2025-06-09T22:37:29.287+0000] {python.py:240} INFO - Done. Returned value was: None
[2025-06-09T22:37:29.299+0000] {taskinstance.py:340} INFO - ::group::Post task execution logs
[2025-06-09T22:37:29.300+0000] {taskinstance.py:352} INFO - Marking task as SUCCESS. dag_id=05_transform_data, task_id=install_dbt_deps, run_id=manual__2025-06-09T22:37:20.347034+00:00, execution_date=20250609T223720, start_date=20250609T223721, end_date=20250609T223729
[2025-06-09T22:37:29.360+0000] {local_task_job_runner.py:266} INFO - Task exited with return code 0
[2025-06-09T22:37:29.399+0000] {taskinstance.py:3895} INFO - 1 downstream tasks scheduled from follow-on schedule check
[2025-06-09T22:37:29.402+0000] {local_task_job_runner.py:245} INFO - ::endgroup::
