[2025-06-05T20:50:32.018+0000] {local_task_job_runner.py:123} INFO - ::group::Pre task execution logs
[2025-06-05T20:50:32.043+0000] {taskinstance.py:2613} INFO - Dependencies all met for dep_context=non-requeueable deps ti=<TaskInstance: 04_transform_data.run_dbt manual__2025-06-05T20:50:22.849030+00:00 [queued]>
[2025-06-05T20:50:32.055+0000] {taskinstance.py:2613} INFO - Dependencies all met for dep_context=requeueable deps ti=<TaskInstance: 04_transform_data.run_dbt manual__2025-06-05T20:50:22.849030+00:00 [queued]>
[2025-06-05T20:50:32.057+0000] {taskinstance.py:2866} INFO - Starting attempt 1 of 1
[2025-06-05T20:50:32.073+0000] {taskinstance.py:2889} INFO - Executing <Task(PythonOperator): run_dbt> on 2025-06-05 20:50:22.849030+00:00
[2025-06-05T20:50:32.080+0000] {standard_task_runner.py:72} INFO - Started process 4491 to run task
[2025-06-05T20:50:32.083+0000] {standard_task_runner.py:104} INFO - Running: ['***', 'tasks', 'run', '04_transform_data', 'run_dbt', 'manual__2025-06-05T20:50:22.849030+00:00', '--job-id', '368', '--raw', '--subdir', 'DAGS_FOLDER/04_transform_data.py', '--cfg-path', '/tmp/tmp2lyob559']
[2025-06-05T20:50:32.085+0000] {standard_task_runner.py:105} INFO - Job 368: Subtask run_dbt
[2025-06-05T20:50:32.141+0000] {task_command.py:467} INFO - Running <TaskInstance: 04_transform_data.run_dbt manual__2025-06-05T20:50:22.849030+00:00 [running]> on host 28e6a58e4107
[2025-06-05T20:50:32.226+0000] {taskinstance.py:3132} INFO - Exporting env vars: AIRFLOW_CTX_DAG_OWNER='***' AIRFLOW_CTX_DAG_ID='04_transform_data' AIRFLOW_CTX_TASK_ID='run_dbt' AIRFLOW_CTX_EXECUTION_DATE='2025-06-05T20:50:22.849030+00:00' AIRFLOW_CTX_TRY_NUMBER='1' AIRFLOW_CTX_DAG_RUN_ID='manual__2025-06-05T20:50:22.849030+00:00'
[2025-06-05T20:50:32.227+0000] {taskinstance.py:731} INFO - ::endgroup::
[2025-06-05T20:50:33.855+0000] {logging_mixin.py:190} INFO - 20:50:33  Running with dbt=1.9.5
[2025-06-05T20:50:34.227+0000] {logging_mixin.py:190} INFO - 20:50:34  Registered adapter: postgres=1.9.0
[2025-06-05T20:50:36.140+0000] {logging_mixin.py:190} INFO - 20:50:36  [WARNING]: Configuration paths exist in your dbt_project.yml file which do not apply to any resources.
There are 1 unused configuration paths:
- models.e_commerce_sales.example
[2025-06-05T20:50:36.352+0000] {logging_mixin.py:190} INFO - 20:50:36  Found 12 models, 12 sources, 549 macros, 1 unit test
[2025-06-05T20:50:36.357+0000] {logging_mixin.py:190} INFO - 20:50:36
[2025-06-05T20:50:36.359+0000] {logging_mixin.py:190} INFO - 20:50:36  Concurrency: 4 threads (target='dev')
[2025-06-05T20:50:36.361+0000] {logging_mixin.py:190} INFO - 20:50:36
[2025-06-05T20:50:36.497+0000] {logging_mixin.py:190} INFO - 20:50:36  1 of 12 START sql incremental model sales.mercadolivre_orders_results .......... [RUN]
[2025-06-05T20:50:36.499+0000] {logging_mixin.py:190} INFO - 20:50:36  2 of 12 START sql incremental model sales.stg_shopee ........................... [RUN]
[2025-06-05T20:50:36.902+0000] {logging_mixin.py:190} INFO - 20:50:36  2 of 12 OK created sql incremental model sales.stg_shopee ...................... [MERGE 0 in 0.40s]
[2025-06-05T20:50:36.905+0000] {logging_mixin.py:190} INFO - 20:50:36  1 of 12 OK created sql incremental model sales.mercadolivre_orders_results ..... [MERGE 190 in 0.40s]
[2025-06-05T20:50:36.910+0000] {logging_mixin.py:190} INFO - 20:50:36  3 of 12 START sql incremental model sales.shopee_new_id ........................ [RUN]
[2025-06-05T20:50:36.915+0000] {logging_mixin.py:190} INFO - 20:50:36  4 of 12 START sql incremental model sales.dim_mercadolivre_buyer ............... [RUN]
[2025-06-05T20:50:36.916+0000] {logging_mixin.py:190} INFO - 20:50:36  5 of 12 START sql incremental model sales.dim_mercadolivre_date ................ [RUN]
[2025-06-05T20:50:36.919+0000] {logging_mixin.py:190} INFO - 20:50:36  6 of 12 START sql incremental model sales.dim_mercadolivre_orders_status ....... [RUN]
[2025-06-05T20:50:37.160+0000] {logging_mixin.py:190} INFO - 20:50:37  3 of 12 OK created sql incremental model sales.shopee_new_id ................... [MERGE 0 in 0.24s]
[2025-06-05T20:50:37.185+0000] {logging_mixin.py:190} INFO - 20:50:37  7 of 12 START sql incremental model sales.dim_mercadolivre_product ............. [RUN]
[2025-06-05T20:50:37.221+0000] {logging_mixin.py:190} INFO - 20:50:37  6 of 12 OK created sql incremental model sales.dim_mercadolivre_orders_status .. [MERGE 190 in 0.29s]
[2025-06-05T20:50:37.224+0000] {logging_mixin.py:190} INFO - 20:50:37  4 of 12 OK created sql incremental model sales.dim_mercadolivre_buyer .......... [MERGE 188 in 0.30s]
[2025-06-05T20:50:37.244+0000] {logging_mixin.py:190} INFO - 20:50:37  8 of 12 START sql incremental model sales.shopee_orders_results ................ [RUN]
[2025-06-05T20:50:37.273+0000] {logging_mixin.py:190} INFO - 20:50:37  5 of 12 OK created sql incremental model sales.dim_mercadolivre_date ........... [MERGE 190 in 0.35s]
[2025-06-05T20:50:37.398+0000] {logging_mixin.py:190} INFO - 20:50:37  8 of 12 OK created sql incremental model sales.shopee_orders_results ........... [MERGE 0 in 0.15s]
[2025-06-05T20:50:37.407+0000] {logging_mixin.py:190} INFO - 20:50:37  9 of 12 START sql incremental model sales.dim_shopee_buyer ..................... [RUN]
[2025-06-05T20:50:37.408+0000] {logging_mixin.py:190} INFO - 20:50:37  10 of 12 START sql incremental model sales.dim_shopee_date ..................... [RUN]
[2025-06-05T20:50:37.410+0000] {logging_mixin.py:190} INFO - 20:50:37  11 of 12 START sql incremental model sales.dim_shopee_orders_status ............ [RUN]
[2025-06-05T20:50:37.450+0000] {logging_mixin.py:190} INFO - 20:50:37  7 of 12 OK created sql incremental model sales.dim_mercadolivre_product ........ [MERGE 65 in 0.25s]
[2025-06-05T20:50:37.489+0000] {logging_mixin.py:190} INFO - 20:50:37  12 of 12 START sql incremental model sales.dim_shopee_product .................. [RUN]
[2025-06-05T20:50:37.649+0000] {logging_mixin.py:190} INFO - 20:50:37  12 of 12 OK created sql incremental model sales.dim_shopee_product ............. [SELECT 218 in 0.15s]
[2025-06-05T20:50:37.682+0000] {logging_mixin.py:190} INFO - 20:50:37  11 of 12 OK created sql incremental model sales.dim_shopee_orders_status ....... [MERGE 0 in 0.26s]
[2025-06-05T20:50:37.687+0000] {logging_mixin.py:190} INFO - 20:50:37  9 of 12 OK created sql incremental model sales.dim_shopee_buyer ................ [MERGE 0 in 0.27s]
[2025-06-05T20:50:37.689+0000] {logging_mixin.py:190} INFO - 20:50:37  10 of 12 OK created sql incremental model sales.dim_shopee_date ................ [MERGE 0 in 0.27s]
[2025-06-05T20:50:37.717+0000] {logging_mixin.py:190} INFO - 20:50:37
[2025-06-05T20:50:37.718+0000] {logging_mixin.py:190} INFO - 20:50:37  Finished running 12 incremental models in 0 hours 0 minutes and 1.35 seconds (1.35s).
[2025-06-05T20:50:37.798+0000] {logging_mixin.py:190} INFO - 20:50:37
[2025-06-05T20:50:37.800+0000] {logging_mixin.py:190} INFO - 20:50:37  Completed successfully
[2025-06-05T20:50:37.801+0000] {logging_mixin.py:190} INFO - 20:50:37
[2025-06-05T20:50:37.803+0000] {logging_mixin.py:190} INFO - 20:50:37  Done. PASS=12 WARN=0 ERROR=0 SKIP=0 TOTAL=12
[2025-06-05T20:50:38.661+0000] {logging_mixin.py:190} INFO - Transformation sucessfully done.
[2025-06-05T20:50:38.662+0000] {python.py:240} INFO - Done. Returned value was: None
[2025-06-05T20:50:38.675+0000] {taskinstance.py:340} INFO - ::group::Post task execution logs
[2025-06-05T20:50:38.677+0000] {taskinstance.py:352} INFO - Marking task as SUCCESS. dag_id=04_transform_data, task_id=run_dbt, run_id=manual__2025-06-05T20:50:22.849030+00:00, execution_date=20250605T205022, start_date=20250605T205032, end_date=20250605T205038
[2025-06-05T20:50:38.728+0000] {local_task_job_runner.py:266} INFO - Task exited with return code 0
[2025-06-05T20:50:38.745+0000] {taskinstance.py:3895} INFO - 0 downstream tasks scheduled from follow-on schedule check
[2025-06-05T20:50:38.748+0000] {local_task_job_runner.py:245} INFO - ::endgroup::
