[2025-06-16T14:47:51.613+0000] {local_task_job_runner.py:123} INFO - ::group::Pre task execution logs
[2025-06-16T14:47:51.635+0000] {taskinstance.py:2613} INFO - Dependencies all met for dep_context=non-requeueable deps ti=<TaskInstance: 03_load_data_prod.load_prod_cost manual__2025-06-16T14:47:49.898738+00:00 [queued]>
[2025-06-16T14:47:51.645+0000] {taskinstance.py:2613} INFO - Dependencies all met for dep_context=requeueable deps ti=<TaskInstance: 03_load_data_prod.load_prod_cost manual__2025-06-16T14:47:49.898738+00:00 [queued]>
[2025-06-16T14:47:51.646+0000] {taskinstance.py:2866} INFO - Starting attempt 1 of 1
[2025-06-16T14:47:51.661+0000] {taskinstance.py:2889} INFO - Executing <Task(PythonOperator): load_prod_cost> on 2025-06-16 14:47:49.898738+00:00
[2025-06-16T14:47:51.667+0000] {standard_task_runner.py:72} INFO - Started process 2772 to run task
[2025-06-16T14:47:51.671+0000] {standard_task_runner.py:104} INFO - Running: ['***', 'tasks', 'run', '03_load_data_prod', 'load_prod_cost', 'manual__2025-06-16T14:47:49.898738+00:00', '--job-id', '54', '--raw', '--subdir', 'DAGS_FOLDER/03_load_data_prod.py', '--cfg-path', '/tmp/tmpjimngdas']
[2025-06-16T14:47:51.674+0000] {standard_task_runner.py:105} INFO - Job 54: Subtask load_prod_cost
[2025-06-16T14:47:51.734+0000] {task_command.py:467} INFO - Running <TaskInstance: 03_load_data_prod.load_prod_cost manual__2025-06-16T14:47:49.898738+00:00 [running]> on host 5b7cdd28fdf5
[2025-06-16T14:47:51.825+0000] {taskinstance.py:3132} INFO - Exporting env vars: AIRFLOW_CTX_DAG_OWNER='***' AIRFLOW_CTX_DAG_ID='03_load_data_prod' AIRFLOW_CTX_TASK_ID='load_prod_cost' AIRFLOW_CTX_EXECUTION_DATE='2025-06-16T14:47:49.898738+00:00' AIRFLOW_CTX_TRY_NUMBER='1' AIRFLOW_CTX_DAG_RUN_ID='manual__2025-06-16T14:47:49.898738+00:00'
[2025-06-16T14:47:51.827+0000] {taskinstance.py:731} INFO - ::endgroup::
[2025-06-16T14:47:52.381+0000] {logging_mixin.py:190} INFO - column begin_date is datetime64[ns, UTC]
[2025-06-16T14:47:52.382+0000] {logging_mixin.py:190} INFO - column end_date is datetime64[ns, UTC]
[2025-06-16T14:47:52.384+0000] {logging_mixin.py:190} INFO - Loading file /opt/***/cleaning/entry_data/clean/clean_cost_data.csv to prod sales_db
[2025-06-16T14:47:52.493+0000] {logging_mixin.py:190} INFO - Data in /opt/***/cleaning/entry_data/clean/clean_cost_data.csv successfully loaded.
[2025-06-16T14:47:52.495+0000] {python.py:240} INFO - Done. Returned value was: None
[2025-06-16T14:47:52.516+0000] {taskinstance.py:340} INFO - ::group::Post task execution logs
[2025-06-16T14:47:52.517+0000] {taskinstance.py:352} INFO - Marking task as SUCCESS. dag_id=03_load_data_prod, task_id=load_prod_cost, run_id=manual__2025-06-16T14:47:49.898738+00:00, execution_date=20250616T144749, start_date=20250616T144751, end_date=20250616T144752
[2025-06-16T14:47:52.568+0000] {local_task_job_runner.py:266} INFO - Task exited with return code 0
[2025-06-16T14:47:52.586+0000] {taskinstance.py:3895} INFO - 0 downstream tasks scheduled from follow-on schedule check
[2025-06-16T14:47:52.589+0000] {local_task_job_runner.py:245} INFO - ::endgroup::
