[2025-06-10T21:11:29.251+0000] {local_task_job_runner.py:123} INFO - ::group::Pre task execution logs
[2025-06-10T21:11:29.270+0000] {taskinstance.py:2613} INFO - Dependencies all met for dep_context=non-requeueable deps ti=<TaskInstance: 05_transform_data.install_dbt_deps manual__2025-06-10T21:11:27.899621+00:00 [queued]>
[2025-06-10T21:11:29.279+0000] {taskinstance.py:2613} INFO - Dependencies all met for dep_context=requeueable deps ti=<TaskInstance: 05_transform_data.install_dbt_deps manual__2025-06-10T21:11:27.899621+00:00 [queued]>
[2025-06-10T21:11:29.281+0000] {taskinstance.py:2866} INFO - Starting attempt 1 of 1
[2025-06-10T21:11:29.295+0000] {taskinstance.py:2889} INFO - Executing <Task(PythonOperator): install_dbt_deps> on 2025-06-10 21:11:27.899621+00:00
[2025-06-10T21:11:29.300+0000] {standard_task_runner.py:72} INFO - Started process 5014 to run task
[2025-06-10T21:11:29.303+0000] {standard_task_runner.py:104} INFO - Running: ['***', 'tasks', 'run', '05_transform_data', 'install_dbt_deps', 'manual__2025-06-10T21:11:27.899621+00:00', '--job-id', '730', '--raw', '--subdir', 'DAGS_FOLDER/05_transform_data.py', '--cfg-path', '/tmp/tmpxpjnek0x']
[2025-06-10T21:11:29.305+0000] {standard_task_runner.py:105} INFO - Job 730: Subtask install_dbt_deps
[2025-06-10T21:11:29.366+0000] {task_command.py:467} INFO - Running <TaskInstance: 05_transform_data.install_dbt_deps manual__2025-06-10T21:11:27.899621+00:00 [running]> on host 28e6a58e4107
[2025-06-10T21:11:29.445+0000] {taskinstance.py:3132} INFO - Exporting env vars: AIRFLOW_CTX_DAG_OWNER='***' AIRFLOW_CTX_DAG_ID='05_transform_data' AIRFLOW_CTX_TASK_ID='install_dbt_deps' AIRFLOW_CTX_EXECUTION_DATE='2025-06-10T21:11:27.899621+00:00' AIRFLOW_CTX_TRY_NUMBER='1' AIRFLOW_CTX_DAG_RUN_ID='manual__2025-06-10T21:11:27.899621+00:00'
[2025-06-10T21:11:29.447+0000] {taskinstance.py:731} INFO - ::endgroup::
[2025-06-10T21:11:31.065+0000] {logging_mixin.py:190} INFO - 21:11:31  Running with dbt=1.9.5
[2025-06-10T21:11:31.777+0000] {logging_mixin.py:190} INFO - 21:11:31  Installing dbt-labs/dbt_utils
[2025-06-10T21:11:34.793+0000] {logging_mixin.py:190} INFO - 21:11:34  Installed from version 1.2.0
[2025-06-10T21:11:34.795+0000] {logging_mixin.py:190} INFO - 21:11:34  Updated version available: 1.3.0
[2025-06-10T21:11:34.797+0000] {logging_mixin.py:190} INFO - 21:11:34
[2025-06-10T21:11:34.799+0000] {logging_mixin.py:190} INFO - 21:11:34  Updates available for packages: ['dbt-labs/dbt_utils']                 
Update your versions in packages.yml, then run dbt deps
[2025-06-10T21:11:35.545+0000] {logging_mixin.py:190} INFO - Dependencies sucessfully installed.
[2025-06-10T21:11:35.546+0000] {python.py:240} INFO - Done. Returned value was: None
[2025-06-10T21:11:35.561+0000] {taskinstance.py:340} INFO - ::group::Post task execution logs
[2025-06-10T21:11:35.562+0000] {taskinstance.py:352} INFO - Marking task as SUCCESS. dag_id=05_transform_data, task_id=install_dbt_deps, run_id=manual__2025-06-10T21:11:27.899621+00:00, execution_date=20250610T211127, start_date=20250610T211129, end_date=20250610T211135
[2025-06-10T21:11:35.619+0000] {local_task_job_runner.py:266} INFO - Task exited with return code 0
[2025-06-10T21:11:35.640+0000] {taskinstance.py:3895} INFO - 1 downstream tasks scheduled from follow-on schedule check
[2025-06-10T21:11:35.643+0000] {local_task_job_runner.py:245} INFO - ::endgroup::
