[2025-06-06T19:55:12.986+0000] {local_task_job_runner.py:123} INFO - ::group::Pre task execution logs
[2025-06-06T19:55:13.006+0000] {taskinstance.py:2613} INFO - Dependencies all met for dep_context=non-requeueable deps ti=<TaskInstance: 05_transform_data.run_dbt manual__2025-06-06T19:55:03.550727+00:00 [queued]>
[2025-06-06T19:55:13.015+0000] {taskinstance.py:2613} INFO - Dependencies all met for dep_context=requeueable deps ti=<TaskInstance: 05_transform_data.run_dbt manual__2025-06-06T19:55:03.550727+00:00 [queued]>
[2025-06-06T19:55:13.017+0000] {taskinstance.py:2866} INFO - Starting attempt 1 of 1
[2025-06-06T19:55:13.031+0000] {taskinstance.py:2889} INFO - Executing <Task(PythonOperator): run_dbt> on 2025-06-06 19:55:03.550727+00:00
[2025-06-06T19:55:13.036+0000] {standard_task_runner.py:72} INFO - Started process 3938 to run task
[2025-06-06T19:55:13.039+0000] {standard_task_runner.py:104} INFO - Running: ['***', 'tasks', 'run', '05_transform_data', 'run_dbt', 'manual__2025-06-06T19:55:03.550727+00:00', '--job-id', '412', '--raw', '--subdir', 'DAGS_FOLDER/05_transform_data.py', '--cfg-path', '/tmp/tmpm022nc7a']
[2025-06-06T19:55:13.041+0000] {standard_task_runner.py:105} INFO - Job 412: Subtask run_dbt
[2025-06-06T19:55:13.101+0000] {task_command.py:467} INFO - Running <TaskInstance: 05_transform_data.run_dbt manual__2025-06-06T19:55:03.550727+00:00 [running]> on host 28e6a58e4107
[2025-06-06T19:55:13.182+0000] {taskinstance.py:3132} INFO - Exporting env vars: AIRFLOW_CTX_DAG_OWNER='***' AIRFLOW_CTX_DAG_ID='05_transform_data' AIRFLOW_CTX_TASK_ID='run_dbt' AIRFLOW_CTX_EXECUTION_DATE='2025-06-06T19:55:03.550727+00:00' AIRFLOW_CTX_TRY_NUMBER='1' AIRFLOW_CTX_DAG_RUN_ID='manual__2025-06-06T19:55:03.550727+00:00'
[2025-06-06T19:55:13.184+0000] {taskinstance.py:731} INFO - ::endgroup::
[2025-06-06T19:55:14.794+0000] {logging_mixin.py:190} INFO - 19:55:14  Running with dbt=1.9.5
[2025-06-06T19:55:15.201+0000] {logging_mixin.py:190} INFO - 19:55:15  Registered adapter: postgres=1.9.0
[2025-06-06T19:55:17.182+0000] {logging_mixin.py:190} INFO - 19:55:17  [WARNING]: Configuration paths exist in your dbt_project.yml file which do not apply to any resources.
There are 1 unused configuration paths:
- models.e_commerce_sales.example
[2025-06-06T19:55:17.398+0000] {logging_mixin.py:190} INFO - 19:55:17  Found 15 models, 12 sources, 549 macros, 1 unit test
[2025-06-06T19:55:17.403+0000] {logging_mixin.py:190} INFO - 19:55:17
[2025-06-06T19:55:17.405+0000] {logging_mixin.py:190} INFO - 19:55:17  Concurrency: 4 threads (target='dev')
[2025-06-06T19:55:17.406+0000] {logging_mixin.py:190} INFO - 19:55:17
[2025-06-06T19:55:17.551+0000] {logging_mixin.py:190} INFO - 19:55:17  1 of 15 START sql incremental model sales.mercadolivre_orders_results .......... [RUN]
[2025-06-06T19:55:17.553+0000] {logging_mixin.py:190} INFO - 19:55:17  2 of 15 START sql incremental model sales.stg_shopee ........................... [RUN]
[2025-06-06T19:55:17.996+0000] {logging_mixin.py:190} INFO - 19:55:17  1 of 15 OK created sql incremental model sales.mercadolivre_orders_results ..... [MERGE 190 in 0.44s]
[2025-06-06T19:55:18.002+0000] {logging_mixin.py:190} INFO - 19:55:18  3 of 15 START sql incremental model sales.dim_mercadolivre_buyer ............... [RUN]
[2025-06-06T19:55:18.003+0000] {logging_mixin.py:190} INFO - 19:55:18  4 of 15 START sql incremental model sales.dim_mercadolivre_date ................ [RUN]
[2025-06-06T19:55:18.005+0000] {logging_mixin.py:190} INFO - 19:55:18  5 of 15 START sql incremental model sales.dim_mercadolivre_orders_status ....... [RUN]
[2025-06-06T19:55:18.104+0000] {logging_mixin.py:190} INFO - 19:55:18  2 of 15 OK created sql incremental model sales.stg_shopee ...................... [SELECT 5750 in 0.54s]
[2025-06-06T19:55:18.111+0000] {logging_mixin.py:190} INFO - 19:55:18  6 of 15 START sql incremental model sales.dim_mercadolivre_product ............. [RUN]
[2025-06-06T19:55:18.253+0000] {logging_mixin.py:190} INFO - 19:55:18  5 of 15 OK created sql incremental model sales.dim_mercadolivre_orders_status .. [MERGE 190 in 0.24s]
[2025-06-06T19:55:18.256+0000] {logging_mixin.py:190} INFO - 19:55:18  3 of 15 OK created sql incremental model sales.dim_mercadolivre_buyer .......... [MERGE 188 in 0.25s]
[2025-06-06T19:55:18.269+0000] {logging_mixin.py:190} INFO - 19:55:18  7 of 15 START sql incremental model sales.shopee_new_id ........................ [RUN]
[2025-06-06T19:55:18.345+0000] {logging_mixin.py:190} INFO - 19:55:18  4 of 15 OK created sql incremental model sales.dim_mercadolivre_date ........... [MERGE 190 in 0.33s]
[2025-06-06T19:55:18.388+0000] {logging_mixin.py:190} INFO - 19:55:18  7 of 15 OK created sql incremental model sales.shopee_new_id ................... [SELECT 2875 in 0.11s]
[2025-06-06T19:55:18.396+0000] {logging_mixin.py:190} INFO - 19:55:18  8 of 15 START sql incremental model sales.shopee_orders_results ................ [RUN]
[2025-06-06T19:55:18.398+0000] {logging_mixin.py:190} INFO - 19:55:18  6 of 15 OK created sql incremental model sales.dim_mercadolivre_product ........ [MERGE 65 in 0.28s]
[2025-06-06T19:55:18.556+0000] {logging_mixin.py:190} INFO - 19:55:18  8 of 15 OK created sql incremental model sales.shopee_orders_results ........... [SELECT 2727 in 0.15s]
[2025-06-06T19:55:18.564+0000] {logging_mixin.py:190} INFO - 19:55:18  9 of 15 START sql incremental model sales.dim_shopee_buyer ..................... [RUN]
[2025-06-06T19:55:18.565+0000] {logging_mixin.py:190} INFO - 19:55:18  10 of 15 START sql incremental model sales.dim_shopee_date ..................... [RUN]
[2025-06-06T19:55:18.567+0000] {logging_mixin.py:190} INFO - 19:55:18  11 of 15 START sql incremental model sales.dim_shopee_orders_status ............ [RUN]
[2025-06-06T19:55:18.569+0000] {logging_mixin.py:190} INFO - 19:55:18  12 of 15 START sql incremental model sales.dim_shopee_product .................. [RUN]
[2025-06-06T19:55:18.723+0000] {logging_mixin.py:190} INFO - 19:55:18  12 of 15 OK created sql incremental model sales.dim_shopee_product ............. [SELECT 218 in 0.14s]
[2025-06-06T19:55:18.726+0000] {logging_mixin.py:190} INFO - 19:55:18  9 of 15 OK created sql incremental model sales.dim_shopee_buyer ................ [SELECT 5258 in 0.15s]
[2025-06-06T19:55:19.101+0000] {logging_mixin.py:190} INFO - 19:55:19  11 of 15 OK created sql incremental model sales.dim_shopee_orders_status ....... [SELECT 5462 in 0.53s]
[2025-06-06T19:55:20.708+0000] {logging_mixin.py:190} INFO - 19:55:20  10 of 15 OK created sql incremental model sales.dim_shopee_date ................ [SELECT 5454 in 2.13s]
[2025-06-06T19:55:20.715+0000] {logging_mixin.py:190} INFO - 19:55:20  13 of 15 START sql view model sales.sum_shopee_monthly_profit .................. [RUN]
[2025-06-06T19:55:20.717+0000] {logging_mixin.py:190} INFO - 19:55:20  14 of 15 START sql view model sales.sum_shopee_monthly_revenue ................. [RUN]
[2025-06-06T19:55:20.719+0000] {logging_mixin.py:190} INFO - 19:55:20  15 of 15 START sql view model sales.sum_shopee_products_sold ................... [RUN]
[2025-06-06T19:55:20.920+0000] {logging_mixin.py:190} INFO - 19:55:20  14 of 15 OK created sql view model sales.sum_shopee_monthly_revenue ............ [CREATE VIEW in 0.19s]
[2025-06-06T19:55:20.922+0000] {logging_mixin.py:190} INFO - 19:55:20  13 of 15 OK created sql view model sales.sum_shopee_monthly_profit ............. [CREATE VIEW in 0.20s]
[2025-06-06T19:55:20.924+0000] {logging_mixin.py:190} INFO - 19:55:20  15 of 15 OK created sql view model sales.sum_shopee_products_sold .............. [CREATE VIEW in 0.20s]
[2025-06-06T19:55:20.954+0000] {logging_mixin.py:190} INFO - 19:55:20
[2025-06-06T19:55:20.955+0000] {logging_mixin.py:190} INFO - 19:55:20  Finished running 12 incremental models, 3 view models in 0 hours 0 minutes and 3.55 seconds (3.55s).
[2025-06-06T19:55:21.038+0000] {logging_mixin.py:190} INFO - 19:55:21
[2025-06-06T19:55:21.040+0000] {logging_mixin.py:190} INFO - 19:55:21  Completed successfully
[2025-06-06T19:55:21.042+0000] {logging_mixin.py:190} INFO - 19:55:21
[2025-06-06T19:55:21.043+0000] {logging_mixin.py:190} INFO - 19:55:21  Done. PASS=15 WARN=0 ERROR=0 SKIP=0 TOTAL=15
[2025-06-06T19:55:21.908+0000] {logging_mixin.py:190} INFO - Transformation sucessfully done.
[2025-06-06T19:55:21.910+0000] {python.py:240} INFO - Done. Returned value was: None
[2025-06-06T19:55:21.925+0000] {taskinstance.py:340} INFO - ::group::Post task execution logs
[2025-06-06T19:55:21.926+0000] {taskinstance.py:352} INFO - Marking task as SUCCESS. dag_id=05_transform_data, task_id=run_dbt, run_id=manual__2025-06-06T19:55:03.550727+00:00, execution_date=20250606T195503, start_date=20250606T195513, end_date=20250606T195521
[2025-06-06T19:55:21.969+0000] {local_task_job_runner.py:266} INFO - Task exited with return code 0
[2025-06-06T19:55:21.988+0000] {taskinstance.py:3895} INFO - 0 downstream tasks scheduled from follow-on schedule check
[2025-06-06T19:55:21.990+0000] {local_task_job_runner.py:245} INFO - ::endgroup::
