[2025-06-10T19:52:37.901+0000] {local_task_job_runner.py:123} INFO - ::group::Pre task execution logs
[2025-06-10T19:52:37.919+0000] {taskinstance.py:2613} INFO - Dependencies all met for dep_context=non-requeueable deps ti=<TaskInstance: 05_transform_data.run_dbt manual__2025-06-10T19:52:28.795995+00:00 [queued]>
[2025-06-10T19:52:37.928+0000] {taskinstance.py:2613} INFO - Dependencies all met for dep_context=requeueable deps ti=<TaskInstance: 05_transform_data.run_dbt manual__2025-06-10T19:52:28.795995+00:00 [queued]>
[2025-06-10T19:52:37.929+0000] {taskinstance.py:2866} INFO - Starting attempt 1 of 1
[2025-06-10T19:52:37.942+0000] {taskinstance.py:2889} INFO - Executing <Task(PythonOperator): run_dbt> on 2025-06-10 19:52:28.795995+00:00
[2025-06-10T19:52:37.947+0000] {standard_task_runner.py:72} INFO - Started process 3946 to run task
[2025-06-10T19:52:37.949+0000] {standard_task_runner.py:104} INFO - Running: ['***', 'tasks', 'run', '05_transform_data', 'run_dbt', 'manual__2025-06-10T19:52:28.795995+00:00', '--job-id', '719', '--raw', '--subdir', 'DAGS_FOLDER/05_transform_data.py', '--cfg-path', '/tmp/tmp_nuaq8zz']
[2025-06-10T19:52:37.951+0000] {standard_task_runner.py:105} INFO - Job 719: Subtask run_dbt
[2025-06-10T19:52:38.007+0000] {task_command.py:467} INFO - Running <TaskInstance: 05_transform_data.run_dbt manual__2025-06-10T19:52:28.795995+00:00 [running]> on host 28e6a58e4107
[2025-06-10T19:52:38.091+0000] {taskinstance.py:3132} INFO - Exporting env vars: AIRFLOW_CTX_DAG_OWNER='***' AIRFLOW_CTX_DAG_ID='05_transform_data' AIRFLOW_CTX_TASK_ID='run_dbt' AIRFLOW_CTX_EXECUTION_DATE='2025-06-10T19:52:28.795995+00:00' AIRFLOW_CTX_TRY_NUMBER='1' AIRFLOW_CTX_DAG_RUN_ID='manual__2025-06-10T19:52:28.795995+00:00'
[2025-06-10T19:52:38.093+0000] {taskinstance.py:731} INFO - ::endgroup::
[2025-06-10T19:52:39.732+0000] {logging_mixin.py:190} INFO - 19:52:39  Running with dbt=1.9.5
[2025-06-10T19:52:40.145+0000] {logging_mixin.py:190} INFO - 19:52:40  Registered adapter: postgres=1.9.0
[2025-06-10T19:52:42.197+0000] {logging_mixin.py:190} INFO - 19:52:42  [WARNING]: Configuration paths exist in your dbt_project.yml file which do not apply to any resources.
There are 1 unused configuration paths:
- models.e_commerce_sales.example
[2025-06-10T19:52:42.428+0000] {logging_mixin.py:190} INFO - 19:52:42  Found 18 models, 12 sources, 549 macros, 1 unit test
[2025-06-10T19:52:42.434+0000] {logging_mixin.py:190} INFO - 19:52:42
[2025-06-10T19:52:42.436+0000] {logging_mixin.py:190} INFO - 19:52:42  Concurrency: 4 threads (target='dev')
[2025-06-10T19:52:42.438+0000] {logging_mixin.py:190} INFO - 19:52:42
[2025-06-10T19:52:42.625+0000] {logging_mixin.py:190} INFO - 19:52:42  1 of 18 START sql incremental model sales_stg.stg_mercadolivre ................. [RUN]
[2025-06-10T19:52:42.627+0000] {logging_mixin.py:190} INFO - 19:52:42  2 of 18 START sql incremental model sales_stg.stg_mercadolivre__order_items .... [RUN]
[2025-06-10T19:52:42.629+0000] {logging_mixin.py:190} INFO - 19:52:42  3 of 18 START sql incremental model sales_stg.stg_mercadolivre__payments ....... [RUN]
[2025-06-10T19:52:42.631+0000] {logging_mixin.py:190} INFO - 19:52:42  4 of 18 START sql incremental model sales_stg.stg_mercadolivre_sh .............. [RUN]
[2025-06-10T19:52:43.223+0000] {logging_mixin.py:190} INFO - 19:52:43  1 of 18 OK created sql incremental model sales_stg.stg_mercadolivre ............ [MERGE 285 in 0.58s]
[2025-06-10T19:52:43.227+0000] {logging_mixin.py:190} INFO - 19:52:43  3 of 18 OK created sql incremental model sales_stg.stg_mercadolivre__payments .. [MERGE 301 in 0.58s]
[2025-06-10T19:52:43.229+0000] {logging_mixin.py:190} INFO - 19:52:43  2 of 18 OK created sql incremental model sales_stg.stg_mercadolivre__order_items  [MERGE 285 in 0.59s]
[2025-06-10T19:52:43.232+0000] {logging_mixin.py:190} INFO - 19:52:43  4 of 18 OK created sql incremental model sales_stg.stg_mercadolivre_sh ......... [MERGE 263 in 0.59s]
[2025-06-10T19:52:43.240+0000] {logging_mixin.py:190} INFO - 19:52:43  5 of 18 START sql incremental model sales_stg.stg_shopee ....................... [RUN]
[2025-06-10T19:52:43.245+0000] {logging_mixin.py:190} INFO - 19:52:43  6 of 18 START sql incremental model sales.mercadolivre_orders_results .......... [RUN]
[2025-06-10T19:52:43.420+0000] {logging_mixin.py:190} INFO - 19:52:43  5 of 18 OK created sql incremental model sales_stg.stg_shopee .................. [MERGE 0 in 0.17s]
[2025-06-10T19:52:43.427+0000] {logging_mixin.py:190} INFO - 19:52:43  7 of 18 START sql incremental model sales.shopee_orders_results ................ [RUN]
[2025-06-10T19:52:43.545+0000] {logging_mixin.py:190} INFO - 19:52:43  7 of 18 OK created sql incremental model sales.shopee_orders_results ........... [MERGE 0 in 0.12s]
[2025-06-10T19:52:43.551+0000] {logging_mixin.py:190} INFO - 19:52:43  8 of 18 START sql incremental model sales.dim_shopee_buyer ..................... [RUN]
[2025-06-10T19:52:43.552+0000] {logging_mixin.py:190} INFO - 19:52:43  9 of 18 START sql incremental model sales.dim_shopee_date ...................... [RUN]
[2025-06-10T19:52:43.554+0000] {logging_mixin.py:190} INFO - 19:52:43  10 of 18 START sql incremental model sales.dim_shopee_orders_status ............ [RUN]
[2025-06-10T19:52:43.786+0000] {logging_mixin.py:190} INFO - 19:52:43  6 of 18 OK created sql incremental model sales.mercadolivre_orders_results ..... [MERGE 190 in 0.53s]
[2025-06-10T19:52:43.802+0000] {logging_mixin.py:190} INFO - 19:52:43  11 of 18 START sql incremental model sales.dim_shopee_product .................. [RUN]
[2025-06-10T19:52:43.832+0000] {logging_mixin.py:190} INFO - 19:52:43  8 of 18 OK created sql incremental model sales.dim_shopee_buyer ................ [MERGE 0 in 0.27s]
[2025-06-10T19:52:43.834+0000] {logging_mixin.py:190} INFO - 19:52:43  10 of 18 OK created sql incremental model sales.dim_shopee_orders_status ....... [MERGE 0 in 0.27s]
[2025-06-10T19:52:43.856+0000] {logging_mixin.py:190} INFO - 19:52:43  9 of 18 OK created sql incremental model sales.dim_shopee_date ................. [MERGE 0 in 0.29s]
[2025-06-10T19:52:43.858+0000] {logging_mixin.py:190} INFO - 19:52:43  12 of 18 START sql incremental model sales.dim_mercadolivre_buyer .............. [RUN]
[2025-06-10T19:52:43.861+0000] {logging_mixin.py:190} INFO - 19:52:43  13 of 18 START sql incremental model sales.dim_mercadolivre_date ............... [RUN]
[2025-06-10T19:52:43.870+0000] {logging_mixin.py:190} INFO - 19:52:43  14 of 18 START sql incremental model sales.dim_mercadolivre_orders_status ...... [RUN]
[2025-06-10T19:52:44.062+0000] {logging_mixin.py:190} INFO - 19:52:44  12 of 18 OK created sql incremental model sales.dim_mercadolivre_buyer ......... [SELECT 188 in 0.19s]
[2025-06-10T19:52:44.084+0000] {logging_mixin.py:190} INFO - 19:52:44  11 of 18 OK created sql incremental model sales.dim_shopee_product ............. [MERGE 0 in 0.27s]
[2025-06-10T19:52:44.088+0000] {logging_mixin.py:190} INFO - 19:52:44  15 of 18 START sql incremental model sales.dim_mercadolivre_product ............ [RUN]
[2025-06-10T19:52:44.097+0000] {logging_mixin.py:190} INFO - 19:52:44  16 of 18 START sql view model sales.sum_shopee_monthly_profit .................. [RUN]
[2025-06-10T19:52:44.181+0000] {logging_mixin.py:190} INFO - 19:52:44  14 of 18 OK created sql incremental model sales.dim_mercadolivre_orders_status . [MERGE 190 in 0.26s]
[2025-06-10T19:52:44.189+0000] {logging_mixin.py:190} INFO - 19:52:44  13 of 18 OK created sql incremental model sales.dim_mercadolivre_date .......... [MERGE 190 in 0.31s]
[2025-06-10T19:52:44.200+0000] {logging_mixin.py:190} INFO - 19:52:44  17 of 18 START sql view model sales.sum_shopee_monthly_revenue ................. [RUN]
[2025-06-10T19:52:44.204+0000] {logging_mixin.py:190} INFO - 19:52:44  18 of 18 START sql view model sales.sum_shopee_products_sold ................... [RUN]
[2025-06-10T19:52:44.385+0000] {logging_mixin.py:190} INFO - 19:52:44  15 of 18 OK created sql incremental model sales.dim_mercadolivre_product ....... [MERGE 65 in 0.29s]
[2025-06-10T19:52:44.395+0000] {logging_mixin.py:190} INFO - 19:52:44  16 of 18 OK created sql view model sales.sum_shopee_monthly_profit ............. [CREATE VIEW in 0.27s]
[2025-06-10T19:52:44.589+0000] {logging_mixin.py:190} INFO - 19:52:44  17 of 18 OK created sql view model sales.sum_shopee_monthly_revenue ............ [CREATE VIEW in 0.38s]
[2025-06-10T19:52:44.600+0000] {logging_mixin.py:190} INFO - 19:52:44  18 of 18 OK created sql view model sales.sum_shopee_products_sold .............. [CREATE VIEW in 0.39s]
[2025-06-10T19:52:44.623+0000] {logging_mixin.py:190} INFO - 19:52:44
[2025-06-10T19:52:44.625+0000] {logging_mixin.py:190} INFO - 19:52:44  Finished running 15 incremental models, 3 view models in 0 hours 0 minutes and 2.18 seconds (2.18s).
[2025-06-10T19:52:44.709+0000] {logging_mixin.py:190} INFO - 19:52:44
[2025-06-10T19:52:44.711+0000] {logging_mixin.py:190} INFO - 19:52:44  Completed successfully
[2025-06-10T19:52:44.712+0000] {logging_mixin.py:190} INFO - 19:52:44
[2025-06-10T19:52:44.714+0000] {logging_mixin.py:190} INFO - 19:52:44  Done. PASS=18 WARN=0 ERROR=0 SKIP=0 TOTAL=18
[2025-06-10T19:52:45.576+0000] {logging_mixin.py:190} INFO - Transformation sucessfully done.
[2025-06-10T19:52:45.579+0000] {python.py:240} INFO - Done. Returned value was: None
[2025-06-10T19:52:45.593+0000] {taskinstance.py:340} INFO - ::group::Post task execution logs
[2025-06-10T19:52:45.594+0000] {taskinstance.py:352} INFO - Marking task as SUCCESS. dag_id=05_transform_data, task_id=run_dbt, run_id=manual__2025-06-10T19:52:28.795995+00:00, execution_date=20250610T195228, start_date=20250610T195237, end_date=20250610T195245
[2025-06-10T19:52:45.637+0000] {local_task_job_runner.py:266} INFO - Task exited with return code 0
[2025-06-10T19:52:45.655+0000] {taskinstance.py:3895} INFO - 0 downstream tasks scheduled from follow-on schedule check
[2025-06-10T19:52:45.658+0000] {local_task_job_runner.py:245} INFO - ::endgroup::
