[2025-06-10T21:08:18.679+0000] {local_task_job_runner.py:123} INFO - ::group::Pre task execution logs
[2025-06-10T21:08:18.697+0000] {taskinstance.py:2613} INFO - Dependencies all met for dep_context=non-requeueable deps ti=<TaskInstance: 05_transform_data.run_dbt manual__2025-06-10T21:08:08.845333+00:00 [queued]>
[2025-06-10T21:08:18.704+0000] {taskinstance.py:2613} INFO - Dependencies all met for dep_context=requeueable deps ti=<TaskInstance: 05_transform_data.run_dbt manual__2025-06-10T21:08:08.845333+00:00 [queued]>
[2025-06-10T21:08:18.706+0000] {taskinstance.py:2866} INFO - Starting attempt 1 of 1
[2025-06-10T21:08:18.717+0000] {taskinstance.py:2889} INFO - Executing <Task(PythonOperator): run_dbt> on 2025-06-10 21:08:08.845333+00:00
[2025-06-10T21:08:18.722+0000] {standard_task_runner.py:72} INFO - Started process 4927 to run task
[2025-06-10T21:08:18.724+0000] {standard_task_runner.py:104} INFO - Running: ['***', 'tasks', 'run', '05_transform_data', 'run_dbt', 'manual__2025-06-10T21:08:08.845333+00:00', '--job-id', '727', '--raw', '--subdir', 'DAGS_FOLDER/05_transform_data.py', '--cfg-path', '/tmp/tmpdeewox_j']
[2025-06-10T21:08:18.726+0000] {standard_task_runner.py:105} INFO - Job 727: Subtask run_dbt
[2025-06-10T21:08:18.775+0000] {task_command.py:467} INFO - Running <TaskInstance: 05_transform_data.run_dbt manual__2025-06-10T21:08:08.845333+00:00 [running]> on host 28e6a58e4107
[2025-06-10T21:08:18.849+0000] {taskinstance.py:3132} INFO - Exporting env vars: AIRFLOW_CTX_DAG_OWNER='***' AIRFLOW_CTX_DAG_ID='05_transform_data' AIRFLOW_CTX_TASK_ID='run_dbt' AIRFLOW_CTX_EXECUTION_DATE='2025-06-10T21:08:08.845333+00:00' AIRFLOW_CTX_TRY_NUMBER='1' AIRFLOW_CTX_DAG_RUN_ID='manual__2025-06-10T21:08:08.845333+00:00'
[2025-06-10T21:08:18.851+0000] {taskinstance.py:731} INFO - ::endgroup::
[2025-06-10T21:08:20.361+0000] {logging_mixin.py:190} INFO - 21:08:20  Running with dbt=1.9.5
[2025-06-10T21:08:20.724+0000] {logging_mixin.py:190} INFO - 21:08:20  Registered adapter: postgres=1.9.0
[2025-06-10T21:08:22.766+0000] {logging_mixin.py:190} INFO - 21:08:22  [WARNING]: Configuration paths exist in your dbt_project.yml file which do not apply to any resources.
There are 1 unused configuration paths:
- models.e_commerce_sales.example
[2025-06-10T21:08:22.972+0000] {logging_mixin.py:190} INFO - 21:08:22  Found 21 models, 12 sources, 549 macros, 1 unit test
[2025-06-10T21:08:22.977+0000] {logging_mixin.py:190} INFO - 21:08:22
[2025-06-10T21:08:22.979+0000] {logging_mixin.py:190} INFO - 21:08:22  Concurrency: 4 threads (target='dev')
[2025-06-10T21:08:22.980+0000] {logging_mixin.py:190} INFO - 21:08:22
[2025-06-10T21:08:23.143+0000] {logging_mixin.py:190} INFO - 21:08:23  1 of 21 START sql incremental model sales_stg.stg_mercadolivre ................. [RUN]
[2025-06-10T21:08:23.144+0000] {logging_mixin.py:190} INFO - 21:08:23  2 of 21 START sql incremental model sales_stg.stg_mercadolivre__order_items .... [RUN]
[2025-06-10T21:08:23.146+0000] {logging_mixin.py:190} INFO - 21:08:23  3 of 21 START sql incremental model sales_stg.stg_mercadolivre__payments ....... [RUN]
[2025-06-10T21:08:23.148+0000] {logging_mixin.py:190} INFO - 21:08:23  4 of 21 START sql incremental model sales_stg.stg_mercadolivre_sh .............. [RUN]
[2025-06-10T21:08:23.415+0000] {logging_mixin.py:190} INFO - 21:08:23  1 of 21 OK created sql incremental model sales_stg.stg_mercadolivre ............ [SELECT 285 in 0.26s]
[2025-06-10T21:08:23.417+0000] {logging_mixin.py:190} INFO - 21:08:23  2 of 21 OK created sql incremental model sales_stg.stg_mercadolivre__order_items  [SELECT 285 in 0.26s]
[2025-06-10T21:08:23.418+0000] {logging_mixin.py:190} INFO - 21:08:23  3 of 21 OK created sql incremental model sales_stg.stg_mercadolivre__payments .. [SELECT 301 in 0.26s]
[2025-06-10T21:08:23.420+0000] {logging_mixin.py:190} INFO - 21:08:23  4 of 21 OK created sql incremental model sales_stg.stg_mercadolivre_sh ......... [SELECT 263 in 0.26s]
[2025-06-10T21:08:23.428+0000] {logging_mixin.py:190} INFO - 21:08:23  5 of 21 START sql incremental model sales_stg.stg_shopee ....................... [RUN]
[2025-06-10T21:08:23.432+0000] {logging_mixin.py:190} INFO - 21:08:23  6 of 21 START sql incremental model sales.mercadolivre_orders_results .......... [RUN]
[2025-06-10T21:08:23.587+0000] {logging_mixin.py:190} INFO - 21:08:23  5 of 21 OK created sql incremental model sales_stg.stg_shopee .................. [SELECT 2875 in 0.15s]
[2025-06-10T21:08:23.595+0000] {logging_mixin.py:190} INFO - 21:08:23  7 of 21 START sql incremental model sales.shopee_orders_results ................ [RUN]
[2025-06-10T21:08:23.717+0000] {logging_mixin.py:190} INFO - 21:08:23  7 of 21 OK created sql incremental model sales.shopee_orders_results ........... [SELECT 0 in 0.12s]
[2025-06-10T21:08:23.724+0000] {logging_mixin.py:190} INFO - 21:08:23  8 of 21 START sql incremental model sales.dim_shopee_buyer ..................... [RUN]
[2025-06-10T21:08:23.725+0000] {logging_mixin.py:190} INFO - 21:08:23  9 of 21 START sql incremental model sales.dim_shopee_date ...................... [RUN]
[2025-06-10T21:08:23.727+0000] {logging_mixin.py:190} INFO - 21:08:23  10 of 21 START sql incremental model sales.dim_shopee_orders_status ............ [RUN]
[2025-06-10T21:08:23.841+0000] {logging_mixin.py:190} INFO - 21:08:23  8 of 21 OK created sql incremental model sales.dim_shopee_buyer ................ [SELECT 0 in 0.11s]
[2025-06-10T21:08:23.845+0000] {logging_mixin.py:190} INFO - 21:08:23  9 of 21 OK created sql incremental model sales.dim_shopee_date ................. [SELECT 0 in 0.11s]
[2025-06-10T21:08:23.848+0000] {logging_mixin.py:190} INFO - 21:08:23  10 of 21 OK created sql incremental model sales.dim_shopee_orders_status ....... [SELECT 0 in 0.11s]
[2025-06-10T21:08:23.854+0000] {logging_mixin.py:190} INFO - 21:08:23  11 of 21 START sql incremental model sales.dim_shopee_product .................. [RUN]
[2025-06-10T21:08:23.856+0000] {logging_mixin.py:190} INFO - 21:08:23  12 of 21 START sql view model sales.sum_shopee_monthly_profit .................. [RUN]
[2025-06-10T21:08:23.858+0000] {logging_mixin.py:190} INFO - 21:08:23  13 of 21 START sql view model sales.sum_shopee_monthly_revenue ................. [RUN]
[2025-06-10T21:08:24.000+0000] {logging_mixin.py:190} INFO - 21:08:24  11 of 21 OK created sql incremental model sales.dim_shopee_product ............. [SELECT 0 in 0.14s]
[2025-06-10T21:08:24.022+0000] {logging_mixin.py:190} INFO - 21:08:24  14 of 21 START sql view model sales.sum_shopee_products_sold ................... [RUN]
[2025-06-10T21:08:24.056+0000] {logging_mixin.py:190} INFO - 21:08:24  12 of 21 OK created sql view model sales.sum_shopee_monthly_profit ............. [CREATE VIEW in 0.19s]
[2025-06-10T21:08:24.058+0000] {logging_mixin.py:190} INFO - 21:08:24  13 of 21 OK created sql view model sales.sum_shopee_monthly_revenue ............ [CREATE VIEW in 0.19s]
[2025-06-10T21:08:24.121+0000] {logging_mixin.py:190} INFO - 21:08:24  14 of 21 OK created sql view model sales.sum_shopee_products_sold .............. [CREATE VIEW in 0.09s]
[2025-06-10T21:08:36.969+0000] {logging_mixin.py:190} INFO - 21:08:36  6 of 21 OK created sql incremental model sales.mercadolivre_orders_results ..... [SELECT 190 in 13.53s]
[2025-06-10T21:08:36.976+0000] {logging_mixin.py:190} INFO - 21:08:36  15 of 21 START sql incremental model sales.dim_mercadolivre_buyer .............. [RUN]
[2025-06-10T21:08:36.978+0000] {logging_mixin.py:190} INFO - 21:08:36  16 of 21 START sql incremental model sales.dim_mercadolivre_date ............... [RUN]
[2025-06-10T21:08:36.980+0000] {logging_mixin.py:190} INFO - 21:08:36  17 of 21 START sql incremental model sales.dim_mercadolivre_orders_status ...... [RUN]
[2025-06-10T21:08:36.982+0000] {logging_mixin.py:190} INFO - 21:08:36  18 of 21 START sql incremental model sales.dim_mercadolivre_product ............ [RUN]
[2025-06-10T21:08:37.117+0000] {logging_mixin.py:190} INFO - 21:08:37  15 of 21 OK created sql incremental model sales.dim_mercadolivre_buyer ......... [SELECT 171 in 0.13s]
[2025-06-10T21:08:37.128+0000] {logging_mixin.py:190} INFO - 21:08:37  16 of 21 OK created sql incremental model sales.dim_mercadolivre_date .......... [SELECT 190 in 0.14s]
[2025-06-10T21:08:37.134+0000] {logging_mixin.py:190} INFO - 21:08:37  17 of 21 OK created sql incremental model sales.dim_mercadolivre_orders_status . [SELECT 190 in 0.14s]
[2025-06-10T21:08:37.140+0000] {logging_mixin.py:190} INFO - 21:08:37  18 of 21 OK created sql incremental model sales.dim_mercadolivre_product ....... [SELECT 65 in 0.15s]
[2025-06-10T21:08:37.141+0000] {logging_mixin.py:190} INFO - 21:08:37  19 of 21 START sql view model sales.sum_mercadolivre_monthly_profit ............ [RUN]
[2025-06-10T21:08:37.143+0000] {logging_mixin.py:190} INFO - 21:08:37  20 of 21 START sql view model sales.sum_mercadolivre_monthly_revenue ........... [RUN]
[2025-06-10T21:08:37.151+0000] {logging_mixin.py:190} INFO - 21:08:37  21 of 21 START sql view model sales.sum_mercadolivre_monthly_sold .............. [RUN]
[2025-06-10T21:08:37.285+0000] {logging_mixin.py:190} INFO - 21:08:37  19 of 21 OK created sql view model sales.sum_mercadolivre_monthly_profit ....... [CREATE VIEW in 0.13s]
[2025-06-10T21:08:37.299+0000] {logging_mixin.py:190} INFO - 21:08:37  20 of 21 OK created sql view model sales.sum_mercadolivre_monthly_revenue ...... [CREATE VIEW in 0.15s]
[2025-06-10T21:08:37.302+0000] {logging_mixin.py:190} INFO - 21:08:37  21 of 21 OK created sql view model sales.sum_mercadolivre_monthly_sold ......... [CREATE VIEW in 0.14s]
[2025-06-10T21:08:37.330+0000] {logging_mixin.py:190} INFO - 21:08:37
[2025-06-10T21:08:37.332+0000] {logging_mixin.py:190} INFO - 21:08:37  Finished running 15 incremental models, 6 view models in 0 hours 0 minutes and 14.35 seconds (14.35s).
[2025-06-10T21:08:37.436+0000] {logging_mixin.py:190} INFO - 21:08:37
[2025-06-10T21:08:37.437+0000] {logging_mixin.py:190} INFO - 21:08:37  Completed successfully
[2025-06-10T21:08:37.439+0000] {logging_mixin.py:190} INFO - 21:08:37
[2025-06-10T21:08:37.440+0000] {logging_mixin.py:190} INFO - 21:08:37  Done. PASS=21 WARN=0 ERROR=0 SKIP=0 TOTAL=21
[2025-06-10T21:08:38.300+0000] {logging_mixin.py:190} INFO - Transformation sucessfully done.
[2025-06-10T21:08:38.301+0000] {python.py:240} INFO - Done. Returned value was: None
[2025-06-10T21:08:38.313+0000] {taskinstance.py:340} INFO - ::group::Post task execution logs
[2025-06-10T21:08:38.314+0000] {taskinstance.py:352} INFO - Marking task as SUCCESS. dag_id=05_transform_data, task_id=run_dbt, run_id=manual__2025-06-10T21:08:08.845333+00:00, execution_date=20250610T210808, start_date=20250610T210818, end_date=20250610T210838
[2025-06-10T21:08:38.337+0000] {local_task_job_runner.py:266} INFO - Task exited with return code 0
[2025-06-10T21:08:38.355+0000] {taskinstance.py:3895} INFO - 0 downstream tasks scheduled from follow-on schedule check
[2025-06-10T21:08:38.358+0000] {local_task_job_runner.py:245} INFO - ::endgroup::
