[2025-06-11T18:25:48.221+0000] {local_task_job_runner.py:123} INFO - ::group::Pre task execution logs
[2025-06-11T18:25:48.242+0000] {taskinstance.py:2613} INFO - Dependencies all met for dep_context=non-requeueable deps ti=<TaskInstance: 06_delete_entry_data.delete_ml_files manual__2025-06-11T18:25:47.137832+00:00 [queued]>
[2025-06-11T18:25:48.250+0000] {taskinstance.py:2613} INFO - Dependencies all met for dep_context=requeueable deps ti=<TaskInstance: 06_delete_entry_data.delete_ml_files manual__2025-06-11T18:25:47.137832+00:00 [queued]>
[2025-06-11T18:25:48.251+0000] {taskinstance.py:2866} INFO - Starting attempt 1 of 1
[2025-06-11T18:25:48.265+0000] {taskinstance.py:2889} INFO - Executing <Task(PythonOperator): delete_ml_files> on 2025-06-11 18:25:47.137832+00:00
[2025-06-11T18:25:48.270+0000] {standard_task_runner.py:72} INFO - Started process 371 to run task
[2025-06-11T18:25:48.274+0000] {standard_task_runner.py:104} INFO - Running: ['***', 'tasks', 'run', '06_delete_entry_data', 'delete_ml_files', 'manual__2025-06-11T18:25:47.137832+00:00', '--job-id', '861', '--raw', '--subdir', 'DAGS_FOLDER/06_delete_files_tables.py', '--cfg-path', '/tmp/tmp6amuhoxf']
[2025-06-11T18:25:48.276+0000] {standard_task_runner.py:105} INFO - Job 861: Subtask delete_ml_files
[2025-06-11T18:25:48.346+0000] {task_command.py:467} INFO - Running <TaskInstance: 06_delete_entry_data.delete_ml_files manual__2025-06-11T18:25:47.137832+00:00 [running]> on host 28e6a58e4107
[2025-06-11T18:25:48.461+0000] {taskinstance.py:3132} INFO - Exporting env vars: AIRFLOW_CTX_DAG_OWNER='***' AIRFLOW_CTX_DAG_ID='06_delete_entry_data' AIRFLOW_CTX_TASK_ID='delete_ml_files' AIRFLOW_CTX_EXECUTION_DATE='2025-06-11T18:25:47.137832+00:00' AIRFLOW_CTX_TRY_NUMBER='1' AIRFLOW_CTX_DAG_RUN_ID='manual__2025-06-11T18:25:47.137832+00:00'
[2025-06-11T18:25:48.463+0000] {taskinstance.py:731} INFO - ::endgroup::
[2025-06-11T18:25:48.485+0000] {logging_mixin.py:190} INFO - Deleted all files in /opt/***/extraction/mercadolivre/data/raw/ with extension *.json
[2025-06-11T18:25:48.488+0000] {logging_mixin.py:190} INFO - Deleted all files in /opt/***/extraction/mercadolivre/data/raw/ with extension *.json
[2025-06-11T18:25:48.491+0000] {logging_mixin.py:190} INFO - Deleted all files in /opt/***/extraction/mercadolivre/data/raw/ with extension *.json
[2025-06-11T18:25:48.493+0000] {logging_mixin.py:190} INFO - Deleted all files in /opt/***/extraction/mercadolivre/data/raw/ with extension *.json
[2025-06-11T18:25:48.497+0000] {logging_mixin.py:190} INFO - Deleted all files in /opt/***/extraction/mercadolivre/data/raw/ with extension *.json
[2025-06-11T18:25:48.499+0000] {logging_mixin.py:190} INFO - Deleted all files in /opt/***/extraction/mercadolivre/data/raw/ with extension *.json
[2025-06-11T18:25:48.502+0000] {logging_mixin.py:190} INFO - Deleted all files in /opt/***/extraction/mercadolivre/data/raw/ with extension *.json
[2025-06-11T18:25:48.503+0000] {python.py:240} INFO - Done. Returned value was: None
[2025-06-11T18:25:48.519+0000] {taskinstance.py:340} INFO - ::group::Post task execution logs
[2025-06-11T18:25:48.520+0000] {taskinstance.py:352} INFO - Marking task as SUCCESS. dag_id=06_delete_entry_data, task_id=delete_ml_files, run_id=manual__2025-06-11T18:25:47.137832+00:00, execution_date=20250611T182547, start_date=20250611T182548, end_date=20250611T182548
[2025-06-11T18:25:48.569+0000] {local_task_job_runner.py:266} INFO - Task exited with return code 0
[2025-06-11T18:25:48.593+0000] {taskinstance.py:3895} INFO - 0 downstream tasks scheduled from follow-on schedule check
[2025-06-11T18:25:48.595+0000] {local_task_job_runner.py:245} INFO - ::endgroup::
