[2025-05-21T18:39:29.111+0000] {local_task_job_runner.py:123} INFO - ::group::Pre task execution logs
[2025-05-21T18:39:29.131+0000] {taskinstance.py:2613} INFO - Dependencies all met for dep_context=non-requeueable deps ti=<TaskInstance: 04_transform_data.run_dbt manual__2025-05-21T18:39:27.086958+00:00 [queued]>
[2025-05-21T18:39:29.141+0000] {taskinstance.py:2613} INFO - Dependencies all met for dep_context=requeueable deps ti=<TaskInstance: 04_transform_data.run_dbt manual__2025-05-21T18:39:27.086958+00:00 [queued]>
[2025-05-21T18:39:29.143+0000] {taskinstance.py:2866} INFO - Starting attempt 1 of 1
[2025-05-21T18:39:29.157+0000] {taskinstance.py:2889} INFO - Executing <Task(PythonOperator): run_dbt> on 2025-05-21 18:39:27.086958+00:00
[2025-05-21T18:39:29.161+0000] {standard_task_runner.py:72} INFO - Started process 3430 to run task
[2025-05-21T18:39:29.165+0000] {standard_task_runner.py:104} INFO - Running: ['***', 'tasks', 'run', '04_transform_data', 'run_dbt', 'manual__2025-05-21T18:39:27.086958+00:00', '--job-id', '107', '--raw', '--subdir', 'DAGS_FOLDER/04_transform_data.py', '--cfg-path', '/tmp/tmpwfj62_n1']
[2025-05-21T18:39:29.167+0000] {standard_task_runner.py:105} INFO - Job 107: Subtask run_dbt
[2025-05-21T18:39:29.218+0000] {task_command.py:467} INFO - Running <TaskInstance: 04_transform_data.run_dbt manual__2025-05-21T18:39:27.086958+00:00 [running]> on host e27e96d1841a
[2025-05-21T18:39:29.300+0000] {taskinstance.py:3132} INFO - Exporting env vars: AIRFLOW_CTX_DAG_OWNER='***' AIRFLOW_CTX_DAG_ID='04_transform_data' AIRFLOW_CTX_TASK_ID='run_dbt' AIRFLOW_CTX_EXECUTION_DATE='2025-05-21T18:39:27.086958+00:00' AIRFLOW_CTX_TRY_NUMBER='1' AIRFLOW_CTX_DAG_RUN_ID='manual__2025-05-21T18:39:27.086958+00:00'
[2025-05-21T18:39:29.302+0000] {taskinstance.py:731} INFO - ::endgroup::
[2025-05-21T18:39:30.974+0000] {logging_mixin.py:190} INFO - 18:39:30  Running with dbt=1.9.4
[2025-05-21T18:39:31.304+0000] {logging_mixin.py:190} INFO - 18:39:31  Registered adapter: postgres=1.9.0
[2025-05-21T18:39:31.912+0000] {logging_mixin.py:190} INFO - 18:39:31  [WARNING]: Configuration paths exist in your dbt_project.yml file which do not apply to any resources.
There are 1 unused configuration paths:
- models.e_commerce_sales.example
[2025-05-21T18:39:32.225+0000] {logging_mixin.py:190} INFO - 18:39:32  Found 10 models, 12 sources, 433 macros
[2025-05-21T18:39:32.230+0000] {logging_mixin.py:190} INFO - 18:39:32
[2025-05-21T18:39:32.232+0000] {logging_mixin.py:190} INFO - 18:39:32  Concurrency: 4 threads (target='dev')
[2025-05-21T18:39:32.233+0000] {logging_mixin.py:190} INFO - 18:39:32
[2025-05-21T18:39:32.367+0000] {logging_mixin.py:190} INFO - 18:39:32  1 of 10 START sql incremental model sales.mercadolivre_orders_results .......... [RUN]
[2025-05-21T18:39:32.368+0000] {logging_mixin.py:190} INFO - 18:39:32  2 of 10 START sql incremental model sales.shopee_new_id ........................ [RUN]
[2025-05-21T18:39:32.714+0000] {logging_mixin.py:190} INFO - 18:39:32  2 of 10 OK created sql incremental model sales.shopee_new_id ................... [MERGE 0 in 0.34s]
[2025-05-21T18:39:32.717+0000] {logging_mixin.py:190} INFO - 18:39:32  1 of 10 OK created sql incremental model sales.mercadolivre_orders_results ..... [MERGE 255 in 0.35s]
[2025-05-21T18:39:32.723+0000] {logging_mixin.py:190} INFO - 18:39:32  3 of 10 START sql incremental model sales.shopee_orders_results ................ [RUN]
[2025-05-21T18:39:32.728+0000] {logging_mixin.py:190} INFO - 18:39:32  4 of 10 START sql incremental model sales.dim_mercadolivre_buyer ............... [RUN]
[2025-05-21T18:39:32.730+0000] {logging_mixin.py:190} INFO - 18:39:32  5 of 10 START sql incremental model sales.dim_mercadolivre_product ............. [RUN]
[2025-05-21T18:39:32.731+0000] {logging_mixin.py:190} INFO - 18:39:32  6 of 10 START sql incremental model sales.mercadolivre_profits ................. [RUN]
[2025-05-21T18:39:32.911+0000] {logging_mixin.py:190} INFO - 18:39:32  4 of 10 ERROR creating sql incremental model sales.dim_mercadolivre_buyer ...... [ERROR in 0.17s]
[2025-05-21T18:39:32.960+0000] {logging_mixin.py:190} INFO - 18:39:32  3 of 10 OK created sql incremental model sales.shopee_orders_results ........... [MERGE 0 in 0.23s]
[2025-05-21T18:39:32.971+0000] {logging_mixin.py:190} INFO - 18:39:32  7 of 10 START sql incremental model sales.dim_shopee_buyer_id .................. [RUN]
[2025-05-21T18:39:32.973+0000] {logging_mixin.py:190} INFO - 18:39:32  8 of 10 START sql incremental model sales.dim_shopee_date ...................... [RUN]
[2025-05-21T18:39:33.036+0000] {logging_mixin.py:190} INFO - 18:39:33  6 of 10 OK created sql incremental model sales.mercadolivre_profits ............ [MERGE 250 in 0.27s]
[2025-05-21T18:39:33.041+0000] {logging_mixin.py:190} INFO - 18:39:33  5 of 10 OK created sql incremental model sales.dim_mercadolivre_product ........ [MERGE 250 in 0.30s]
[2025-05-21T18:39:33.051+0000] {logging_mixin.py:190} INFO - 18:39:33  9 of 10 START sql incremental model sales.dim_shopee_orders_status ............. [RUN]
[2025-05-21T18:39:33.054+0000] {logging_mixin.py:190} INFO - 18:39:33  10 of 10 START sql incremental model sales.dim_shopee_product .................. [RUN]
[2025-05-21T18:39:33.258+0000] {logging_mixin.py:190} INFO - 18:39:33  8 of 10 OK created sql incremental model sales.dim_shopee_date ................. [MERGE 0 in 0.28s]
[2025-05-21T18:39:33.265+0000] {logging_mixin.py:190} INFO - 18:39:33  7 of 10 OK created sql incremental model sales.dim_shopee_buyer_id ............. [MERGE 0 in 0.28s]
[2025-05-21T18:39:33.290+0000] {logging_mixin.py:190} INFO - 18:39:33  9 of 10 OK created sql incremental model sales.dim_shopee_orders_status ........ [MERGE 0 in 0.23s]
[2025-05-21T18:39:33.292+0000] {logging_mixin.py:190} INFO - 18:39:33  10 of 10 OK created sql incremental model sales.dim_shopee_product ............. [MERGE 0 in 0.23s]
[2025-05-21T18:39:33.317+0000] {logging_mixin.py:190} INFO - 18:39:33
[2025-05-21T18:39:33.319+0000] {logging_mixin.py:190} INFO - 18:39:33  Finished running 10 incremental models in 0 hours 0 minutes and 1.08 seconds (1.08s).
[2025-05-21T18:39:33.384+0000] {logging_mixin.py:190} INFO - 18:39:33
[2025-05-21T18:39:33.386+0000] {logging_mixin.py:190} INFO - 18:39:33  Completed with 1 error, 0 partial successes, and 0 warnings:
[2025-05-21T18:39:33.388+0000] {logging_mixin.py:190} INFO - 18:39:33
[2025-05-21T18:39:33.389+0000] {logging_mixin.py:190} INFO - 18:39:33    Database Error in model dim_mercadolivre_buyer (models/core/dim_mercadolivre_buyer.sql)
  syntax error at or near "."
  LINE 46:            buyer_id_shipping_id_buyer_data.street_number
                                                     ^
  compiled code at target/run/e_commerce_sales/models/core/dim_mercadolivre_buyer.sql
[2025-05-21T18:39:33.391+0000] {logging_mixin.py:190} INFO - 18:39:33
[2025-05-21T18:39:33.392+0000] {logging_mixin.py:190} INFO - 18:39:33  Done. PASS=9 WARN=0 ERROR=1 SKIP=0 TOTAL=10
[2025-05-21T18:39:34.273+0000] {logging_mixin.py:190} INFO - dbt run failed!
[2025-05-21T18:39:34.274+0000] {logging_mixin.py:190} INFO - None
[2025-05-21T18:39:34.275+0000] {taskinstance.py:3311} ERROR - Task failed with exception
Traceback (most recent call last):
  File "/home/airflow/.local/lib/python3.9/site-packages/airflow/models/taskinstance.py", line 767, in _execute_task
    result = _execute_callable(context=context, **execute_callable_kwargs)
  File "/home/airflow/.local/lib/python3.9/site-packages/airflow/models/taskinstance.py", line 733, in _execute_callable
    return ExecutionCallableRunner(
  File "/home/airflow/.local/lib/python3.9/site-packages/airflow/utils/operator_helpers.py", line 252, in run
    return self.func(*args, **kwargs)
  File "/home/airflow/.local/lib/python3.9/site-packages/airflow/models/baseoperator.py", line 422, in wrapper
    return func(self, *args, **kwargs)
  File "/home/airflow/.local/lib/python3.9/site-packages/airflow/operators/python.py", line 238, in execute
    return_value = self.execute_callable()
  File "/home/airflow/.local/lib/python3.9/site-packages/airflow/operators/python.py", line 256, in execute_callable
    return runner.run(*self.op_args, **self.op_kwargs)
  File "/home/airflow/.local/lib/python3.9/site-packages/airflow/utils/operator_helpers.py", line 252, in run
    return self.func(*args, **kwargs)
  File "/opt/airflow/dbt/run_dbt.py", line 22, in transform_data
    raise RuntimeError("dbt run failed")
RuntimeError: dbt run failed
[2025-05-21T18:39:34.286+0000] {taskinstance.py:1225} INFO - Marking task as FAILED. dag_id=04_transform_data, task_id=run_dbt, run_id=manual__2025-05-21T18:39:27.086958+00:00, execution_date=20250521T183927, start_date=20250521T183929, end_date=20250521T183934
[2025-05-21T18:39:34.298+0000] {taskinstance.py:340} INFO - ::group::Post task execution logs
[2025-05-21T18:39:34.299+0000] {standard_task_runner.py:124} ERROR - Failed to execute job 107 for task run_dbt (dbt run failed; 3430)
Traceback (most recent call last):
  File "/home/airflow/.local/lib/python3.9/site-packages/airflow/task/task_runner/standard_task_runner.py", line 117, in _start_by_fork
    ret = args.func(args, dag=self.dag)
  File "/home/airflow/.local/lib/python3.9/site-packages/airflow/cli/cli_config.py", line 49, in command
    return func(*args, **kwargs)
  File "/home/airflow/.local/lib/python3.9/site-packages/airflow/utils/cli.py", line 116, in wrapper
    return f(*args, **kwargs)
  File "/home/airflow/.local/lib/python3.9/site-packages/airflow/cli/commands/task_command.py", line 483, in task_run
    task_return_code = _run_task_by_selected_method(args, _dag, ti)
  File "/home/airflow/.local/lib/python3.9/site-packages/airflow/cli/commands/task_command.py", line 256, in _run_task_by_selected_method
    return _run_raw_task(args, ti)
  File "/home/airflow/.local/lib/python3.9/site-packages/airflow/cli/commands/task_command.py", line 341, in _run_raw_task
    return ti._run_raw_task(
  File "/home/airflow/.local/lib/python3.9/site-packages/airflow/utils/session.py", line 97, in wrapper
    return func(*args, session=session, **kwargs)
  File "/home/airflow/.local/lib/python3.9/site-packages/airflow/models/taskinstance.py", line 3005, in _run_raw_task
    return _run_raw_task(
  File "/home/airflow/.local/lib/python3.9/site-packages/airflow/models/taskinstance.py", line 273, in _run_raw_task
    TaskInstance._execute_task_with_callbacks(
  File "/home/airflow/.local/lib/python3.9/site-packages/airflow/models/taskinstance.py", line 3159, in _execute_task_with_callbacks
    result = self._execute_task(context, task_orig)
  File "/home/airflow/.local/lib/python3.9/site-packages/airflow/models/taskinstance.py", line 3183, in _execute_task
    return _execute_task(self, context, task_orig)
  File "/home/airflow/.local/lib/python3.9/site-packages/airflow/models/taskinstance.py", line 767, in _execute_task
    result = _execute_callable(context=context, **execute_callable_kwargs)
  File "/home/airflow/.local/lib/python3.9/site-packages/airflow/models/taskinstance.py", line 733, in _execute_callable
    return ExecutionCallableRunner(
  File "/home/airflow/.local/lib/python3.9/site-packages/airflow/utils/operator_helpers.py", line 252, in run
    return self.func(*args, **kwargs)
  File "/home/airflow/.local/lib/python3.9/site-packages/airflow/models/baseoperator.py", line 422, in wrapper
    return func(self, *args, **kwargs)
  File "/home/airflow/.local/lib/python3.9/site-packages/airflow/operators/python.py", line 238, in execute
    return_value = self.execute_callable()
  File "/home/airflow/.local/lib/python3.9/site-packages/airflow/operators/python.py", line 256, in execute_callable
    return runner.run(*self.op_args, **self.op_kwargs)
  File "/home/airflow/.local/lib/python3.9/site-packages/airflow/utils/operator_helpers.py", line 252, in run
    return self.func(*args, **kwargs)
  File "/opt/airflow/dbt/run_dbt.py", line 22, in transform_data
    raise RuntimeError("dbt run failed")
RuntimeError: dbt run failed
[2025-05-21T18:39:34.315+0000] {local_task_job_runner.py:266} INFO - Task exited with return code 1
[2025-05-21T18:39:34.333+0000] {taskinstance.py:3895} INFO - 0 downstream tasks scheduled from follow-on schedule check
[2025-05-21T18:39:34.336+0000] {local_task_job_runner.py:245} INFO - ::endgroup::
