[2025-06-09T19:53:42.573+0000] {local_task_job_runner.py:123} INFO - ::group::Pre task execution logs
[2025-06-09T19:53:42.591+0000] {taskinstance.py:2613} INFO - Dependencies all met for dep_context=non-requeueable deps ti=<TaskInstance: 00_create_IAC.create_schemas manual__2025-06-09T19:53:34.526325+00:00 [queued]>
[2025-06-09T19:53:42.600+0000] {taskinstance.py:2613} INFO - Dependencies all met for dep_context=requeueable deps ti=<TaskInstance: 00_create_IAC.create_schemas manual__2025-06-09T19:53:34.526325+00:00 [queued]>
[2025-06-09T19:53:42.601+0000] {taskinstance.py:2866} INFO - Starting attempt 1 of 1
[2025-06-09T19:53:42.612+0000] {taskinstance.py:2889} INFO - Executing <Task(PythonOperator): create_schemas> on 2025-06-09 19:53:34.526325+00:00
[2025-06-09T19:53:42.616+0000] {standard_task_runner.py:72} INFO - Started process 1299 to run task
[2025-06-09T19:53:42.619+0000] {standard_task_runner.py:104} INFO - Running: ['***', 'tasks', 'run', '00_create_IAC', 'create_schemas', 'manual__2025-06-09T19:53:34.526325+00:00', '--job-id', '538', '--raw', '--subdir', 'DAGS_FOLDER/00_create_iac.py', '--cfg-path', '/tmp/tmpqrikegkn']
[2025-06-09T19:53:42.621+0000] {standard_task_runner.py:105} INFO - Job 538: Subtask create_schemas
[2025-06-09T19:53:42.672+0000] {task_command.py:467} INFO - Running <TaskInstance: 00_create_IAC.create_schemas manual__2025-06-09T19:53:34.526325+00:00 [running]> on host 28e6a58e4107
[2025-06-09T19:53:42.752+0000] {taskinstance.py:3132} INFO - Exporting env vars: AIRFLOW_CTX_DAG_OWNER='***' AIRFLOW_CTX_DAG_ID='00_create_IAC' AIRFLOW_CTX_TASK_ID='create_schemas' AIRFLOW_CTX_EXECUTION_DATE='2025-06-09T19:53:34.526325+00:00' AIRFLOW_CTX_TRY_NUMBER='1' AIRFLOW_CTX_DAG_RUN_ID='manual__2025-06-09T19:53:34.526325+00:00'
[2025-06-09T19:53:42.753+0000] {taskinstance.py:731} INFO - ::endgroup::
[2025-06-09T19:53:42.764+0000] {logging_mixin.py:190} INFO - Running ['terraform', '--version']
[2025-06-09T19:53:42.807+0000] {logging_mixin.py:190} INFO - ['terraform', '--version'] ran successfully.
[2025-06-09T19:53:42.808+0000] {logging_mixin.py:190} INFO - Running ['terraform', 'init']
[2025-06-09T19:53:43.756+0000] {logging_mixin.py:190} INFO - ['terraform', 'init'] ran successfully.
[2025-06-09T19:53:43.757+0000] {logging_mixin.py:190} INFO - Running ['terraform', 'apply', '-auto-approve']
[2025-06-09T19:53:47.017+0000] {logging_mixin.py:190} INFO - ['terraform', 'apply', '-auto-approve'] ran successfully.
[2025-06-09T19:53:47.018+0000] {python.py:240} INFO - Done. Returned value was: None
[2025-06-09T19:53:47.030+0000] {taskinstance.py:340} INFO - ::group::Post task execution logs
[2025-06-09T19:53:47.031+0000] {taskinstance.py:352} INFO - Marking task as SUCCESS. dag_id=00_create_IAC, task_id=create_schemas, run_id=manual__2025-06-09T19:53:34.526325+00:00, execution_date=20250609T195334, start_date=20250609T195342, end_date=20250609T195347
[2025-06-09T19:53:47.086+0000] {local_task_job_runner.py:266} INFO - Task exited with return code 0
[2025-06-09T19:53:47.119+0000] {taskinstance.py:3895} INFO - 0 downstream tasks scheduled from follow-on schedule check
[2025-06-09T19:53:47.123+0000] {local_task_job_runner.py:245} INFO - ::endgroup::
