[2025-06-23T17:31:06.296+0000] {local_task_job_runner.py:123} INFO - ::group::Pre task execution logs
[2025-06-23T17:31:06.312+0000] {taskinstance.py:2613} INFO - Dependencies all met for dep_context=non-requeueable deps ti=<TaskInstance: 05_transform_data_prod.install_dbt_deps manual__2025-06-23T17:31:04.622459+00:00 [queued]>
[2025-06-23T17:31:06.320+0000] {taskinstance.py:2613} INFO - Dependencies all met for dep_context=requeueable deps ti=<TaskInstance: 05_transform_data_prod.install_dbt_deps manual__2025-06-23T17:31:04.622459+00:00 [queued]>
[2025-06-23T17:31:06.321+0000] {taskinstance.py:2866} INFO - Starting attempt 1 of 1
[2025-06-23T17:31:06.333+0000] {taskinstance.py:2889} INFO - Executing <Task(PythonOperator): install_dbt_deps> on 2025-06-23 17:31:04.622459+00:00
[2025-06-23T17:31:06.338+0000] {standard_task_runner.py:72} INFO - Started process 2493 to run task
[2025-06-23T17:31:06.341+0000] {standard_task_runner.py:104} INFO - Running: ['***', 'tasks', 'run', '05_transform_data_prod', 'install_dbt_deps', 'manual__2025-06-23T17:31:04.622459+00:00', '--job-id', '32', '--raw', '--subdir', 'DAGS_FOLDER/05_transform_data_prod.py', '--cfg-path', '/tmp/tmppb3sdry8']
[2025-06-23T17:31:06.343+0000] {standard_task_runner.py:105} INFO - Job 32: Subtask install_dbt_deps
[2025-06-23T17:31:06.394+0000] {task_command.py:467} INFO - Running <TaskInstance: 05_transform_data_prod.install_dbt_deps manual__2025-06-23T17:31:04.622459+00:00 [running]> on host b208c9761688
[2025-06-23T17:31:06.472+0000] {taskinstance.py:3132} INFO - Exporting env vars: AIRFLOW_CTX_DAG_OWNER='***' AIRFLOW_CTX_DAG_ID='05_transform_data_prod' AIRFLOW_CTX_TASK_ID='install_dbt_deps' AIRFLOW_CTX_EXECUTION_DATE='2025-06-23T17:31:04.622459+00:00' AIRFLOW_CTX_TRY_NUMBER='1' AIRFLOW_CTX_DAG_RUN_ID='manual__2025-06-23T17:31:04.622459+00:00'
[2025-06-23T17:31:06.474+0000] {taskinstance.py:731} INFO - ::endgroup::
[2025-06-23T17:31:07.968+0000] {logging_mixin.py:190} INFO - 17:31:07  Running with dbt=1.9.5
[2025-06-23T17:31:08.506+0000] {logging_mixin.py:190} INFO - 17:31:08  Installing dbt-labs/dbt_utils
[2025-06-23T17:31:11.236+0000] {logging_mixin.py:190} INFO - 17:31:11  Installed from version 1.2.0
[2025-06-23T17:31:11.238+0000] {logging_mixin.py:190} INFO - 17:31:11  Updated version available: 1.3.0
[2025-06-23T17:31:11.240+0000] {logging_mixin.py:190} INFO - 17:31:11
[2025-06-23T17:31:11.242+0000] {logging_mixin.py:190} INFO - 17:31:11  Updates available for packages: ['dbt-labs/dbt_utils']                 
Update your versions in packages.yml, then run dbt deps
[2025-06-23T17:31:11.909+0000] {logging_mixin.py:190} INFO - Dependencies sucessfully installed.
[2025-06-23T17:31:11.912+0000] {python.py:240} INFO - Done. Returned value was: None
[2025-06-23T17:31:11.928+0000] {taskinstance.py:340} INFO - ::group::Post task execution logs
[2025-06-23T17:31:11.929+0000] {taskinstance.py:352} INFO - Marking task as SUCCESS. dag_id=05_transform_data_prod, task_id=install_dbt_deps, run_id=manual__2025-06-23T17:31:04.622459+00:00, execution_date=20250623T173104, start_date=20250623T173106, end_date=20250623T173111
[2025-06-23T17:31:11.979+0000] {local_task_job_runner.py:266} INFO - Task exited with return code 0
[2025-06-23T17:31:12.000+0000] {taskinstance.py:3895} INFO - 1 downstream tasks scheduled from follow-on schedule check
[2025-06-23T17:31:12.003+0000] {local_task_job_runner.py:245} INFO - ::endgroup::
