[2025-06-11T18:25:48.221+0000] {local_task_job_runner.py:123} INFO - ::group::Pre task execution logs
[2025-06-11T18:25:48.240+0000] {taskinstance.py:2613} INFO - Dependencies all met for dep_context=non-requeueable deps ti=<TaskInstance: 06_delete_entry_data.delete_shopee_files manual__2025-06-11T18:25:47.137832+00:00 [queued]>
[2025-06-11T18:25:48.249+0000] {taskinstance.py:2613} INFO - Dependencies all met for dep_context=requeueable deps ti=<TaskInstance: 06_delete_entry_data.delete_shopee_files manual__2025-06-11T18:25:47.137832+00:00 [queued]>
[2025-06-11T18:25:48.250+0000] {taskinstance.py:2866} INFO - Starting attempt 1 of 1
[2025-06-11T18:25:48.265+0000] {taskinstance.py:2889} INFO - Executing <Task(PythonOperator): delete_shopee_files> on 2025-06-11 18:25:47.137832+00:00
[2025-06-11T18:25:48.269+0000] {standard_task_runner.py:72} INFO - Started process 369 to run task
[2025-06-11T18:25:48.273+0000] {standard_task_runner.py:104} INFO - Running: ['***', 'tasks', 'run', '06_delete_entry_data', 'delete_shopee_files', 'manual__2025-06-11T18:25:47.137832+00:00', '--job-id', '863', '--raw', '--subdir', 'DAGS_FOLDER/06_delete_files_tables.py', '--cfg-path', '/tmp/tmpvb5grkmf']
[2025-06-11T18:25:48.275+0000] {standard_task_runner.py:105} INFO - Job 863: Subtask delete_shopee_files
[2025-06-11T18:25:48.343+0000] {task_command.py:467} INFO - Running <TaskInstance: 06_delete_entry_data.delete_shopee_files manual__2025-06-11T18:25:47.137832+00:00 [running]> on host 28e6a58e4107
[2025-06-11T18:25:48.449+0000] {taskinstance.py:3132} INFO - Exporting env vars: AIRFLOW_CTX_DAG_OWNER='***' AIRFLOW_CTX_DAG_ID='06_delete_entry_data' AIRFLOW_CTX_TASK_ID='delete_shopee_files' AIRFLOW_CTX_EXECUTION_DATE='2025-06-11T18:25:47.137832+00:00' AIRFLOW_CTX_TRY_NUMBER='1' AIRFLOW_CTX_DAG_RUN_ID='manual__2025-06-11T18:25:47.137832+00:00'
[2025-06-11T18:25:48.451+0000] {taskinstance.py:731} INFO - ::endgroup::
[2025-06-11T18:25:48.475+0000] {logging_mixin.py:190} INFO - Deleted all files in /opt/***/extraction/shopee/data/raw/ with extension *.xlsx
[2025-06-11T18:25:48.479+0000] {logging_mixin.py:190} INFO - Deleted all files in /opt/***/extraction/shopee/data/raw/ with extension *.xlsx
[2025-06-11T18:25:48.482+0000] {logging_mixin.py:190} INFO - Deleted all files in /opt/***/extraction/shopee/data/raw/ with extension *.xlsx
[2025-06-11T18:25:48.485+0000] {logging_mixin.py:190} INFO - Deleted all files in /opt/***/extraction/shopee/data/raw/ with extension *.xlsx
[2025-06-11T18:25:48.489+0000] {logging_mixin.py:190} INFO - Deleted all files in /opt/***/extraction/shopee/data/raw/ with extension *.xlsx
[2025-06-11T18:25:48.492+0000] {logging_mixin.py:190} INFO - Deleted all files in /opt/***/extraction/shopee/data/raw/ with extension *.xlsx
[2025-06-11T18:25:48.495+0000] {logging_mixin.py:190} INFO - Deleted all files in /opt/***/extraction/shopee/data/raw/ with extension *.xlsx
[2025-06-11T18:25:48.498+0000] {logging_mixin.py:190} INFO - Deleted all files in /opt/***/extraction/shopee/data/raw/ with extension *.xlsx
[2025-06-11T18:25:48.501+0000] {logging_mixin.py:190} INFO - Deleted all files in /opt/***/extraction/shopee/data/raw/ with extension *.xlsx
[2025-06-11T18:25:48.505+0000] {logging_mixin.py:190} INFO - Deleted all files in /opt/***/extraction/shopee/data/raw/ with extension *.xlsx
[2025-06-11T18:25:48.509+0000] {logging_mixin.py:190} INFO - Deleted all files in /opt/***/extraction/shopee/data/raw/ with extension *.xlsx
[2025-06-11T18:25:48.510+0000] {python.py:240} INFO - Done. Returned value was: None
[2025-06-11T18:25:48.527+0000] {taskinstance.py:340} INFO - ::group::Post task execution logs
[2025-06-11T18:25:48.528+0000] {taskinstance.py:352} INFO - Marking task as SUCCESS. dag_id=06_delete_entry_data, task_id=delete_shopee_files, run_id=manual__2025-06-11T18:25:47.137832+00:00, execution_date=20250611T182547, start_date=20250611T182548, end_date=20250611T182548
[2025-06-11T18:25:48.568+0000] {local_task_job_runner.py:266} INFO - Task exited with return code 0
[2025-06-11T18:25:48.584+0000] {local_task_job_runner.py:245} INFO - ::endgroup::
