[2025-06-09T22:26:44.909+0000] {local_task_job_runner.py:123} INFO - ::group::Pre task execution logs
[2025-06-09T22:26:44.927+0000] {taskinstance.py:2613} INFO - Dependencies all met for dep_context=non-requeueable deps ti=<TaskInstance: 05_transform_data.install_dbt_deps manual__2025-06-09T22:26:43.070133+00:00 [queued]>
[2025-06-09T22:26:44.937+0000] {taskinstance.py:2613} INFO - Dependencies all met for dep_context=requeueable deps ti=<TaskInstance: 05_transform_data.install_dbt_deps manual__2025-06-09T22:26:43.070133+00:00 [queued]>
[2025-06-09T22:26:44.938+0000] {taskinstance.py:2866} INFO - Starting attempt 1 of 1
[2025-06-09T22:26:44.952+0000] {taskinstance.py:2889} INFO - Executing <Task(PythonOperator): install_dbt_deps> on 2025-06-09 22:26:43.070133+00:00
[2025-06-09T22:26:44.956+0000] {standard_task_runner.py:72} INFO - Started process 5970 to run task
[2025-06-09T22:26:44.960+0000] {standard_task_runner.py:104} INFO - Running: ['***', 'tasks', 'run', '05_transform_data', 'install_dbt_deps', 'manual__2025-06-09T22:26:43.070133+00:00', '--job-id', '634', '--raw', '--subdir', 'DAGS_FOLDER/05_transform_data.py', '--cfg-path', '/tmp/tmpnrczmeaw']
[2025-06-09T22:26:44.961+0000] {standard_task_runner.py:105} INFO - Job 634: Subtask install_dbt_deps
[2025-06-09T22:26:45.017+0000] {task_command.py:467} INFO - Running <TaskInstance: 05_transform_data.install_dbt_deps manual__2025-06-09T22:26:43.070133+00:00 [running]> on host 28e6a58e4107
[2025-06-09T22:26:45.110+0000] {taskinstance.py:3132} INFO - Exporting env vars: AIRFLOW_CTX_DAG_OWNER='***' AIRFLOW_CTX_DAG_ID='05_transform_data' AIRFLOW_CTX_TASK_ID='install_dbt_deps' AIRFLOW_CTX_EXECUTION_DATE='2025-06-09T22:26:43.070133+00:00' AIRFLOW_CTX_TRY_NUMBER='1' AIRFLOW_CTX_DAG_RUN_ID='manual__2025-06-09T22:26:43.070133+00:00'
[2025-06-09T22:26:45.112+0000] {taskinstance.py:731} INFO - ::endgroup::
[2025-06-09T22:26:46.747+0000] {logging_mixin.py:190} INFO - 22:26:46  Running with dbt=1.9.5
[2025-06-09T22:26:47.608+0000] {logging_mixin.py:190} INFO - 22:26:47  Installing dbt-labs/dbt_utils
[2025-06-09T22:26:50.672+0000] {logging_mixin.py:190} INFO - 22:26:50  Installed from version 1.2.0
[2025-06-09T22:26:50.673+0000] {logging_mixin.py:190} INFO - 22:26:50  Updated version available: 1.3.0
[2025-06-09T22:26:50.675+0000] {logging_mixin.py:190} INFO - 22:26:50
[2025-06-09T22:26:50.677+0000] {logging_mixin.py:190} INFO - 22:26:50  Updates available for packages: ['dbt-labs/dbt_utils']                 
Update your versions in packages.yml, then run dbt deps
[2025-06-09T22:26:51.390+0000] {logging_mixin.py:190} INFO - Dependencies sucessfully installed.
[2025-06-09T22:26:51.392+0000] {python.py:240} INFO - Done. Returned value was: None
[2025-06-09T22:26:51.404+0000] {taskinstance.py:340} INFO - ::group::Post task execution logs
[2025-06-09T22:26:51.405+0000] {taskinstance.py:352} INFO - Marking task as SUCCESS. dag_id=05_transform_data, task_id=install_dbt_deps, run_id=manual__2025-06-09T22:26:43.070133+00:00, execution_date=20250609T222643, start_date=20250609T222644, end_date=20250609T222651
[2025-06-09T22:26:51.437+0000] {local_task_job_runner.py:266} INFO - Task exited with return code 0
[2025-06-09T22:26:51.459+0000] {taskinstance.py:3895} INFO - 1 downstream tasks scheduled from follow-on schedule check
[2025-06-09T22:26:51.463+0000] {local_task_job_runner.py:245} INFO - ::endgroup::
