[2025-06-10T22:42:29.400+0000] {local_task_job_runner.py:123} INFO - ::group::Pre task execution logs
[2025-06-10T22:42:29.421+0000] {taskinstance.py:2613} INFO - Dependencies all met for dep_context=non-requeueable deps ti=<TaskInstance: 03_load_data.load_mercadolivre manual__2025-06-10T22:42:27.744588+00:00 [queued]>
[2025-06-10T22:42:29.430+0000] {taskinstance.py:2613} INFO - Dependencies all met for dep_context=requeueable deps ti=<TaskInstance: 03_load_data.load_mercadolivre manual__2025-06-10T22:42:27.744588+00:00 [queued]>
[2025-06-10T22:42:29.431+0000] {taskinstance.py:2866} INFO - Starting attempt 1 of 1
[2025-06-10T22:42:29.447+0000] {taskinstance.py:2889} INFO - Executing <Task(PythonOperator): load_mercadolivre> on 2025-06-10 22:42:27.744588+00:00
[2025-06-10T22:42:29.454+0000] {standard_task_runner.py:72} INFO - Started process 13744 to run task
[2025-06-10T22:42:29.460+0000] {standard_task_runner.py:104} INFO - Running: ['***', 'tasks', 'run', '03_load_data', 'load_mercadolivre', 'manual__2025-06-10T22:42:27.744588+00:00', '--job-id', '808', '--raw', '--subdir', 'DAGS_FOLDER/03_load_data.py', '--cfg-path', '/tmp/tmpek49graw']
[2025-06-10T22:42:29.463+0000] {standard_task_runner.py:105} INFO - Job 808: Subtask load_mercadolivre
[2025-06-10T22:42:29.532+0000] {task_command.py:467} INFO - Running <TaskInstance: 03_load_data.load_mercadolivre manual__2025-06-10T22:42:27.744588+00:00 [running]> on host 28e6a58e4107
[2025-06-10T22:42:29.630+0000] {taskinstance.py:3132} INFO - Exporting env vars: AIRFLOW_CTX_DAG_OWNER='***' AIRFLOW_CTX_DAG_ID='03_load_data' AIRFLOW_CTX_TASK_ID='load_mercadolivre' AIRFLOW_CTX_EXECUTION_DATE='2025-06-10T22:42:27.744588+00:00' AIRFLOW_CTX_TRY_NUMBER='1' AIRFLOW_CTX_DAG_RUN_ID='manual__2025-06-10T22:42:27.744588+00:00'
[2025-06-10T22:42:29.632+0000] {taskinstance.py:731} INFO - ::endgroup::
[2025-06-10T22:42:30.457+0000] {warnings.py:109} WARNING - /home/***/.local/lib/python3.9/site-packages/dlt/helpers/dbt/__init__.py:3: UserWarning: pkg_resources is deprecated as an API. See https://setuptools.pypa.io/en/latest/pkg_resources.html. The pkg_resources package is slated for removal as early as 2025-11-30. Refrain from using this package or pin to Setuptools<81.
  import pkg_resources

[2025-06-10T22:42:30.775+0000] {config_providers_context.py:156} WARNING - Airflow variable 'dlt_secrets_toml' was not found. This Airflow variable is a recommended place to hold the content of secrets.toml.If you do not use Airflow variables to hold dlt configuration or use variables with other names you can ignore this warning.
[2025-06-10T22:42:33.077+0000] {logging_mixin.py:190} INFO - trying to load ./extraction/mercadolivre/data/raw/ml_sell_data_2024-07-01T00:00:00.000-03:00_2025-04-01T00:00:00.000-03:00_0.json to sales_db
[2025-06-10T22:42:37.026+0000] {logging_mixin.py:190} INFO - Pipeline mercadolivre_data load step completed in 1.19 seconds
1 load package(s) were loaded to destination postgres and into dataset entry
The postgres destination used postgresql://***:***@pgdatabase:5432/sales_db location to store data
Load package 1749595354.3559847 is LOADED and contains no failed jobs
[2025-06-10T22:42:37.028+0000] {logging_mixin.py:190} INFO - Run started at 2025-06-10 22:42:33.078457+00:00 and COMPLETED in 3.95 seconds with 4 steps.
Step extract COMPLETED in 0.81 seconds.

Load package 1749595354.3559847 is EXTRACTED and NOT YET LOADED to the destination and contains no failed jobs

Step normalize COMPLETED in 0.46 seconds.
Normalized data for the following tables:
- entry_mercadolivre: 50 row(s)
- entry_mercadolivre__payments: 52 row(s)
- entry_mercadolivre__payments__available_actions: 52 row(s)
- entry_mercadolivre__order_items: 50 row(s)
- entry_mercadolivre__tags: 118 row(s)
- entry_mercadolivre__order_items__item__variation_attributes: 44 row(s)
- entry_mercadolivre__mediations: 2 row(s)
- entry_mercadolivre__context__flows: 9 row(s)

Load package 1749595354.3559847 is NORMALIZED and NOT YET LOADED to the destination and contains no failed jobs

Step load COMPLETED in 1.43 seconds.
Pipeline mercadolivre_data load step completed in 1.19 seconds
1 load package(s) were loaded to destination postgres and into dataset entry
The postgres destination used postgresql://***:***@pgdatabase:5432/sales_db location to store data
Load package 1749595354.3559847 is LOADED and contains no failed jobs

Step run COMPLETED in 3.95 seconds.
Pipeline mercadolivre_data load step completed in 1.19 seconds
1 load package(s) were loaded to destination postgres and into dataset entry
The postgres destination used postgresql://***:***@pgdatabase:5432/sales_db location to store data
Load package 1749595354.3559847 is LOADED and contains no failed jobs
[2025-06-10T22:42:37.034+0000] {logging_mixin.py:190} INFO - trying to load ./extraction/mercadolivre/data/raw/ml_sell_data_2024-07-01T00:00:00.000-03:00_2025-04-01T00:00:00.000-03:00_1.json to sales_db
[2025-06-10T22:42:38.383+0000] {logging_mixin.py:190} INFO - Pipeline mercadolivre_data load step completed in 1.10 seconds
1 load package(s) were loaded to destination postgres and into dataset entry
The postgres destination used postgresql://***:***@pgdatabase:5432/sales_db location to store data
Load package 1749595357.0975535 is LOADED and contains no failed jobs
[2025-06-10T22:42:38.384+0000] {logging_mixin.py:190} INFO - Run started at 2025-06-10 22:42:37.035537+00:00 and COMPLETED in 1.35 seconds with 4 steps.
Step extract COMPLETED in 0.07 seconds.

Load package 1749595357.0975535 is EXTRACTED and NOT YET LOADED to the destination and contains no failed jobs

Step normalize COMPLETED in 0.11 seconds.
Normalized data for the following tables:
- entry_mercadolivre: 50 row(s)
- entry_mercadolivre__payments: 53 row(s)
- entry_mercadolivre__payments__available_actions: 53 row(s)
- entry_mercadolivre__order_items: 50 row(s)
- entry_mercadolivre__tags: 135 row(s)
- entry_mercadolivre__context__flows: 19 row(s)
- entry_mercadolivre__order_items__item__variation_attributes: 27 row(s)
- entry_mercadolivre__mediations: 3 row(s)

Load package 1749595357.0975535 is NORMALIZED and NOT YET LOADED to the destination and contains no failed jobs

Step load COMPLETED in 1.14 seconds.
Pipeline mercadolivre_data load step completed in 1.10 seconds
1 load package(s) were loaded to destination postgres and into dataset entry
The postgres destination used postgresql://***:***@pgdatabase:5432/sales_db location to store data
Load package 1749595357.0975535 is LOADED and contains no failed jobs

Step run COMPLETED in 1.34 seconds.
Pipeline mercadolivre_data load step completed in 1.10 seconds
1 load package(s) were loaded to destination postgres and into dataset entry
The postgres destination used postgresql://***:***@pgdatabase:5432/sales_db location to store data
Load package 1749595357.0975535 is LOADED and contains no failed jobs
[2025-06-10T22:42:38.390+0000] {logging_mixin.py:190} INFO - trying to load ./extraction/mercadolivre/data/raw/ml_sell_data_2024-07-01T00:00:00.000-03:00_2025-04-01T00:00:00.000-03:00_2.json to sales_db
[2025-06-10T22:42:39.735+0000] {logging_mixin.py:190} INFO - Pipeline mercadolivre_data load step completed in 1.10 seconds
1 load package(s) were loaded to destination postgres and into dataset entry
The postgres destination used postgresql://***:***@pgdatabase:5432/sales_db location to store data
Load package 1749595358.4610543 is LOADED and contains no failed jobs
[2025-06-10T22:42:39.737+0000] {logging_mixin.py:190} INFO - Run started at 2025-06-10 22:42:38.392349+00:00 and COMPLETED in 1.34 seconds with 4 steps.
Step extract COMPLETED in 0.07 seconds.

Load package 1749595358.4610543 is EXTRACTED and NOT YET LOADED to the destination and contains no failed jobs

Step normalize COMPLETED in 0.11 seconds.
Normalized data for the following tables:
- entry_mercadolivre: 50 row(s)
- entry_mercadolivre__payments: 55 row(s)
- entry_mercadolivre__payments__available_actions: 55 row(s)
- entry_mercadolivre__order_items: 50 row(s)
- entry_mercadolivre__order_items__item__variation_attributes: 43 row(s)
- entry_mercadolivre__tags: 144 row(s)
- entry_mercadolivre__mediations: 6 row(s)
- entry_mercadolivre__context__flows: 10 row(s)

Load package 1749595358.4610543 is NORMALIZED and NOT YET LOADED to the destination and contains no failed jobs

Step load COMPLETED in 1.13 seconds.
Pipeline mercadolivre_data load step completed in 1.10 seconds
1 load package(s) were loaded to destination postgres and into dataset entry
The postgres destination used postgresql://***:***@pgdatabase:5432/sales_db location to store data
Load package 1749595358.4610543 is LOADED and contains no failed jobs

Step run COMPLETED in 1.34 seconds.
Pipeline mercadolivre_data load step completed in 1.10 seconds
1 load package(s) were loaded to destination postgres and into dataset entry
The postgres destination used postgresql://***:***@pgdatabase:5432/sales_db location to store data
Load package 1749595358.4610543 is LOADED and contains no failed jobs
[2025-06-10T22:42:39.743+0000] {logging_mixin.py:190} INFO - trying to load ./extraction/mercadolivre/data/raw/ml_sell_data_2024-07-01T00:00:00.000-03:00_2025-04-01T00:00:00.000-03:00_3.json to sales_db
[2025-06-10T22:42:40.135+0000] {logging_mixin.py:190} INFO - Pipeline mercadolivre_data load step completed in 0.13 seconds
1 load package(s) were loaded to destination postgres and into dataset entry
The postgres destination used postgresql://***:***@pgdatabase:5432/sales_db location to store data
Load package 1749595359.8093677 is LOADED and contains no failed jobs
[2025-06-10T22:42:40.137+0000] {logging_mixin.py:190} INFO - Run started at 2025-06-10 22:42:39.744645+00:00 and COMPLETED in 0.39 seconds with 4 steps.
Step extract COMPLETED in 0.07 seconds.

Load package 1749595359.8093677 is EXTRACTED and NOT YET LOADED to the destination and contains no failed jobs

Step normalize COMPLETED in 0.10 seconds.
Normalized data for the following tables:
- entry_mercadolivre: 50 row(s)
- entry_mercadolivre__payments: 52 row(s)
- entry_mercadolivre__payments__available_actions: 52 row(s)
- entry_mercadolivre__order_items: 50 row(s)
- entry_mercadolivre__order_items__item__variation_attributes: 47 row(s)
- entry_mercadolivre__tags: 165 row(s)
- entry_mercadolivre__context__flows: 16 row(s)
- entry_mercadolivre__mediations: 9 row(s)

Load package 1749595359.8093677 is NORMALIZED and NOT YET LOADED to the destination and contains no failed jobs

Step load COMPLETED in 0.19 seconds.
Pipeline mercadolivre_data load step completed in 0.13 seconds
1 load package(s) were loaded to destination postgres and into dataset entry
The postgres destination used postgresql://***:***@pgdatabase:5432/sales_db location to store data
Load package 1749595359.8093677 is LOADED and contains no failed jobs

Step run COMPLETED in 0.39 seconds.
Pipeline mercadolivre_data load step completed in 0.13 seconds
1 load package(s) were loaded to destination postgres and into dataset entry
The postgres destination used postgresql://***:***@pgdatabase:5432/sales_db location to store data
Load package 1749595359.8093677 is LOADED and contains no failed jobs
[2025-06-10T22:42:40.144+0000] {logging_mixin.py:190} INFO - trying to load ./extraction/mercadolivre/data/raw/ml_sell_data_2024-07-01T00:00:00.000-03:00_2025-04-01T00:00:00.000-03:00_4.json to sales_db
[2025-06-10T22:42:41.557+0000] {logging_mixin.py:190} INFO - Pipeline mercadolivre_data load step completed in 1.14 seconds
1 load package(s) were loaded to destination postgres and into dataset entry
The postgres destination used postgresql://***:***@pgdatabase:5432/sales_db location to store data
Load package 1749595360.2183955 is LOADED and contains no failed jobs
[2025-06-10T22:42:41.560+0000] {logging_mixin.py:190} INFO - Run started at 2025-06-10 22:42:40.145438+00:00 and COMPLETED in 1.41 seconds with 4 steps.
Step extract COMPLETED in 0.09 seconds.

Load package 1749595360.2183955 is EXTRACTED and NOT YET LOADED to the destination and contains no failed jobs

Step normalize COMPLETED in 0.11 seconds.
Normalized data for the following tables:
- entry_mercadolivre: 50 row(s)
- entry_mercadolivre__payments: 53 row(s)
- entry_mercadolivre__payments__available_actions: 53 row(s)
- entry_mercadolivre__order_items: 50 row(s)
- entry_mercadolivre__order_items__item__variation_attributes: 53 row(s)
- entry_mercadolivre__tags: 154 row(s)
- entry_mercadolivre__mediations: 5 row(s)
- entry_mercadolivre__context__flows: 5 row(s)

Load package 1749595360.2183955 is NORMALIZED and NOT YET LOADED to the destination and contains no failed jobs

Step load COMPLETED in 1.18 seconds.
Pipeline mercadolivre_data load step completed in 1.14 seconds
1 load package(s) were loaded to destination postgres and into dataset entry
The postgres destination used postgresql://***:***@pgdatabase:5432/sales_db location to store data
Load package 1749595360.2183955 is LOADED and contains no failed jobs

Step run COMPLETED in 1.41 seconds.
Pipeline mercadolivre_data load step completed in 1.14 seconds
1 load package(s) were loaded to destination postgres and into dataset entry
The postgres destination used postgresql://***:***@pgdatabase:5432/sales_db location to store data
Load package 1749595360.2183955 is LOADED and contains no failed jobs
[2025-06-10T22:42:41.565+0000] {logging_mixin.py:190} INFO - trying to load ./extraction/mercadolivre/data/raw/ml_sell_data_2024-07-01T00:00:00.000-03:00_2025-04-01T00:00:00.000-03:00_5.json to sales_db
[2025-06-10T22:42:41.908+0000] {logging_mixin.py:190} INFO - Pipeline mercadolivre_data load step completed in 0.10 seconds
1 load package(s) were loaded to destination postgres and into dataset entry
The postgres destination used postgresql://***:***@pgdatabase:5432/sales_db location to store data
Load package 1749595361.6333523 is LOADED and contains no failed jobs
[2025-06-10T22:42:41.910+0000] {logging_mixin.py:190} INFO - Run started at 2025-06-10 22:42:41.567276+00:00 and COMPLETED in 0.34 seconds with 4 steps.
Step extract COMPLETED in 0.07 seconds.

Load package 1749595361.6333523 is EXTRACTED and NOT YET LOADED to the destination and contains no failed jobs

Step normalize COMPLETED in 0.10 seconds.
Normalized data for the following tables:
- entry_mercadolivre: 35 row(s)
- entry_mercadolivre__payments: 36 row(s)
- entry_mercadolivre__payments__available_actions: 36 row(s)
- entry_mercadolivre__order_items: 35 row(s)
- entry_mercadolivre__order_items__item__variation_attributes: 33 row(s)
- entry_mercadolivre__tags: 96 row(s)
- entry_mercadolivre__context__flows: 4 row(s)
- entry_mercadolivre__mediations: 1 row(s)

Load package 1749595361.6333523 is NORMALIZED and NOT YET LOADED to the destination and contains no failed jobs

Step load COMPLETED in 0.14 seconds.
Pipeline mercadolivre_data load step completed in 0.10 seconds
1 load package(s) were loaded to destination postgres and into dataset entry
The postgres destination used postgresql://***:***@pgdatabase:5432/sales_db location to store data
Load package 1749595361.6333523 is LOADED and contains no failed jobs

Step run COMPLETED in 0.34 seconds.
Pipeline mercadolivre_data load step completed in 0.10 seconds
1 load package(s) were loaded to destination postgres and into dataset entry
The postgres destination used postgresql://***:***@pgdatabase:5432/sales_db location to store data
Load package 1749595361.6333523 is LOADED and contains no failed jobs
[2025-06-10T22:42:41.913+0000] {logging_mixin.py:190} INFO - trying to load ./extraction/mercadolivre/data/raw/ml_sell_data_2025-05-01T00:00:00.000-03:00_2025-06-01T00:00:00.000-03:00_0.json to sales_db
[2025-06-10T22:42:42.200+0000] {logging_mixin.py:190} INFO - Pipeline mercadolivre_data load step completed in 0.08 seconds
1 load package(s) were loaded to destination postgres and into dataset entry
The postgres destination used postgresql://***:***@pgdatabase:5432/sales_db location to store data
Load package 1749595361.9842772 is LOADED and contains no failed jobs
[2025-06-10T22:42:42.202+0000] {logging_mixin.py:190} INFO - Run started at 2025-06-10 22:42:41.915007+00:00 and COMPLETED in 0.28 seconds with 4 steps.
Step extract COMPLETED in 0.08 seconds.

Load package 1749595361.9842772 is EXTRACTED and NOT YET LOADED to the destination and contains no failed jobs

Step normalize COMPLETED in 0.06 seconds.
Normalized data for the following tables:
- entry_mercadolivre: 5 row(s)
- entry_mercadolivre__payments: 5 row(s)
- entry_mercadolivre__payments__available_actions: 5 row(s)
- entry_mercadolivre__order_items: 5 row(s)
- entry_mercadolivre__tags: 15 row(s)
- entry_mercadolivre__order_items__item__variation_attributes: 4 row(s)

Load package 1749595361.9842772 is NORMALIZED and NOT YET LOADED to the destination and contains no failed jobs

Step load COMPLETED in 0.12 seconds.
Pipeline mercadolivre_data load step completed in 0.08 seconds
1 load package(s) were loaded to destination postgres and into dataset entry
The postgres destination used postgresql://***:***@pgdatabase:5432/sales_db location to store data
Load package 1749595361.9842772 is LOADED and contains no failed jobs

Step run COMPLETED in 0.28 seconds.
Pipeline mercadolivre_data load step completed in 0.08 seconds
1 load package(s) were loaded to destination postgres and into dataset entry
The postgres destination used postgresql://***:***@pgdatabase:5432/sales_db location to store data
Load package 1749595361.9842772 is LOADED and contains no failed jobs
[2025-06-10T22:42:42.203+0000] {python.py:240} INFO - Done. Returned value was: 1
[2025-06-10T22:42:42.230+0000] {taskinstance.py:340} INFO - ::group::Post task execution logs
[2025-06-10T22:42:42.231+0000] {taskinstance.py:352} INFO - Marking task as SUCCESS. dag_id=03_load_data, task_id=load_mercadolivre, run_id=manual__2025-06-10T22:42:27.744588+00:00, execution_date=20250610T224227, start_date=20250610T224229, end_date=20250610T224242
[2025-06-10T22:42:42.298+0000] {local_task_job_runner.py:266} INFO - Task exited with return code 0
[2025-06-10T22:42:42.315+0000] {taskinstance.py:3895} INFO - 0 downstream tasks scheduled from follow-on schedule check
[2025-06-10T22:42:42.319+0000] {local_task_job_runner.py:245} INFO - ::endgroup::
