[2025-05-29T14:26:58.345+0000] {local_task_job_runner.py:123} INFO - ::group::Pre task execution logs
[2025-05-29T14:26:58.366+0000] {taskinstance.py:2613} INFO - Dependencies all met for dep_context=non-requeueable deps ti=<TaskInstance: 03_load_data.load_mercadolivre manual__2025-05-29T14:26:56.172759+00:00 [queued]>
[2025-05-29T14:26:58.379+0000] {taskinstance.py:2613} INFO - Dependencies all met for dep_context=requeueable deps ti=<TaskInstance: 03_load_data.load_mercadolivre manual__2025-05-29T14:26:56.172759+00:00 [queued]>
[2025-05-29T14:26:58.380+0000] {taskinstance.py:2866} INFO - Starting attempt 1 of 1
[2025-05-29T14:26:58.400+0000] {taskinstance.py:2889} INFO - Executing <Task(PythonOperator): load_mercadolivre> on 2025-05-29 14:26:56.172759+00:00
[2025-05-29T14:26:58.407+0000] {standard_task_runner.py:72} INFO - Started process 1461 to run task
[2025-05-29T14:26:58.414+0000] {standard_task_runner.py:104} INFO - Running: ['***', 'tasks', 'run', '03_load_data', 'load_mercadolivre', 'manual__2025-05-29T14:26:56.172759+00:00', '--job-id', '307', '--raw', '--subdir', 'DAGS_FOLDER/03_load_data.py', '--cfg-path', '/tmp/tmpsvw_iuv6']
[2025-05-29T14:26:58.416+0000] {standard_task_runner.py:105} INFO - Job 307: Subtask load_mercadolivre
[2025-05-29T14:26:58.500+0000] {task_command.py:467} INFO - Running <TaskInstance: 03_load_data.load_mercadolivre manual__2025-05-29T14:26:56.172759+00:00 [running]> on host 28e6a58e4107
[2025-05-29T14:26:58.632+0000] {taskinstance.py:3132} INFO - Exporting env vars: AIRFLOW_CTX_DAG_OWNER='***' AIRFLOW_CTX_DAG_ID='03_load_data' AIRFLOW_CTX_TASK_ID='load_mercadolivre' AIRFLOW_CTX_EXECUTION_DATE='2025-05-29T14:26:56.172759+00:00' AIRFLOW_CTX_TRY_NUMBER='1' AIRFLOW_CTX_DAG_RUN_ID='manual__2025-05-29T14:26:56.172759+00:00'
[2025-05-29T14:26:58.634+0000] {taskinstance.py:731} INFO - ::endgroup::
[2025-05-29T14:26:59.590+0000] {warnings.py:109} WARNING - /home/***/.local/lib/python3.9/site-packages/dlt/helpers/dbt/__init__.py:3: UserWarning: pkg_resources is deprecated as an API. See https://setuptools.pypa.io/en/latest/pkg_resources.html. The pkg_resources package is slated for removal as early as 2025-11-30. Refrain from using this package or pin to Setuptools<81.
  import pkg_resources

[2025-05-29T14:26:59.960+0000] {config_providers_context.py:156} WARNING - Airflow variable 'dlt_secrets_toml' was not found. This Airflow variable is a recommended place to hold the content of secrets.toml.If you do not use Airflow variables to hold dlt configuration or use variables with other names you can ignore this warning.
[2025-05-29T14:27:02.502+0000] {logging_mixin.py:190} INFO - trying to load ./extraction/mercadolivre/data/raw/ml_sell_data_2024-07-01T00:00:00.000-03:00_2024-10-01T00:00:00.000-03:00_0.json to sales_db
[2025-05-29T14:27:05.511+0000] {logging_mixin.py:190} INFO - Pipeline mercadolivre_data load step completed in 0.10 seconds
1 load package(s) were loaded to destination postgres and into dataset stg
The postgres destination used postgresql://***:***@pgdatabase:5432/sales_db location to store data
Load package 1748528823.8116803 is LOADED and contains no failed jobs
[2025-05-29T14:27:05.513+0000] {logging_mixin.py:190} INFO - Run started at 2025-05-29 14:27:02.504112+00:00 and COMPLETED in 3.01 seconds with 4 steps.
Step extract COMPLETED in 0.92 seconds.

Load package 1748528823.8116803 is EXTRACTED and NOT YET LOADED to the destination and contains no failed jobs

Step normalize COMPLETED in 0.46 seconds.
Normalized data for the following tables:
- stg_mercadolivre: 50 row(s)
- stg_mercadolivre__payments: 52 row(s)
- stg_mercadolivre__payments__available_actions: 52 row(s)
- stg_mercadolivre__order_items: 50 row(s)
- stg_mercadolivre__tags: 118 row(s)
- stg_mercadolivre__order_items__item__variation_attributes: 44 row(s)
- stg_mercadolivre__mediations: 2 row(s)
- stg_mercadolivre__context__flows: 9 row(s)

Load package 1748528823.8116803 is NORMALIZED and NOT YET LOADED to the destination and contains no failed jobs

Step load COMPLETED in 0.36 seconds.
Pipeline mercadolivre_data load step completed in 0.10 seconds
1 load package(s) were loaded to destination postgres and into dataset stg
The postgres destination used postgresql://***:***@pgdatabase:5432/sales_db location to store data
Load package 1748528823.8116803 is LOADED and contains no failed jobs

Step run COMPLETED in 3.00 seconds.
Pipeline mercadolivre_data load step completed in 0.10 seconds
1 load package(s) were loaded to destination postgres and into dataset stg
The postgres destination used postgresql://***:***@pgdatabase:5432/sales_db location to store data
Load package 1748528823.8116803 is LOADED and contains no failed jobs
[2025-05-29T14:27:05.518+0000] {logging_mixin.py:190} INFO - trying to load ./extraction/mercadolivre/data/raw/ml_sell_data_2024-07-01T00:00:00.000-03:00_2024-10-01T00:00:00.000-03:00_1.json to sales_db
[2025-05-29T14:27:05.878+0000] {logging_mixin.py:190} INFO - Pipeline mercadolivre_data load step completed in 0.12 seconds
1 load package(s) were loaded to destination postgres and into dataset stg
The postgres destination used postgresql://***:***@pgdatabase:5432/sales_db location to store data
Load package 1748528825.5870614 is LOADED and contains no failed jobs
[2025-05-29T14:27:05.879+0000] {logging_mixin.py:190} INFO - Run started at 2025-05-29 14:27:05.519420+00:00 and COMPLETED in 0.36 seconds with 4 steps.
Step extract COMPLETED in 0.07 seconds.

Load package 1748528825.5870614 is EXTRACTED and NOT YET LOADED to the destination and contains no failed jobs

Step normalize COMPLETED in 0.10 seconds.
Normalized data for the following tables:
- stg_mercadolivre: 30 row(s)
- stg_mercadolivre__payments: 32 row(s)
- stg_mercadolivre__payments__available_actions: 32 row(s)
- stg_mercadolivre__order_items: 30 row(s)
- stg_mercadolivre__tags: 83 row(s)
- stg_mercadolivre__context__flows: 14 row(s)
- stg_mercadolivre__order_items__item__variation_attributes: 13 row(s)
- stg_mercadolivre__mediations: 2 row(s)

Load package 1748528825.5870614 is NORMALIZED and NOT YET LOADED to the destination and contains no failed jobs

Step load COMPLETED in 0.16 seconds.
Pipeline mercadolivre_data load step completed in 0.12 seconds
1 load package(s) were loaded to destination postgres and into dataset stg
The postgres destination used postgresql://***:***@pgdatabase:5432/sales_db location to store data
Load package 1748528825.5870614 is LOADED and contains no failed jobs

Step run COMPLETED in 0.36 seconds.
Pipeline mercadolivre_data load step completed in 0.12 seconds
1 load package(s) were loaded to destination postgres and into dataset stg
The postgres destination used postgresql://***:***@pgdatabase:5432/sales_db location to store data
Load package 1748528825.5870614 is LOADED and contains no failed jobs
[2025-05-29T14:27:05.884+0000] {logging_mixin.py:190} INFO - trying to load ./extraction/mercadolivre/data/raw/ml_sell_data_2024-07-01T00:00:00.000-03:00_2025-04-01T00:00:00.000-03:00_0.json to sales_db
[2025-05-29T14:27:06.258+0000] {logging_mixin.py:190} INFO - Pipeline mercadolivre_data load step completed in 0.11 seconds
1 load package(s) were loaded to destination postgres and into dataset stg
The postgres destination used postgresql://***:***@pgdatabase:5432/sales_db location to store data
Load package 1748528825.9604774 is LOADED and contains no failed jobs
[2025-05-29T14:27:06.260+0000] {logging_mixin.py:190} INFO - Run started at 2025-05-29 14:27:05.886389+00:00 and COMPLETED in 0.37 seconds with 4 steps.
Step extract COMPLETED in 0.08 seconds.

Load package 1748528825.9604774 is EXTRACTED and NOT YET LOADED to the destination and contains no failed jobs

Step normalize COMPLETED in 0.11 seconds.
Normalized data for the following tables:
- stg_mercadolivre: 50 row(s)
- stg_mercadolivre__payments: 52 row(s)
- stg_mercadolivre__payments__available_actions: 52 row(s)
- stg_mercadolivre__order_items: 50 row(s)
- stg_mercadolivre__tags: 118 row(s)
- stg_mercadolivre__order_items__item__variation_attributes: 44 row(s)
- stg_mercadolivre__mediations: 2 row(s)
- stg_mercadolivre__context__flows: 9 row(s)

Load package 1748528825.9604774 is NORMALIZED and NOT YET LOADED to the destination and contains no failed jobs

Step load COMPLETED in 0.15 seconds.
Pipeline mercadolivre_data load step completed in 0.11 seconds
1 load package(s) were loaded to destination postgres and into dataset stg
The postgres destination used postgresql://***:***@pgdatabase:5432/sales_db location to store data
Load package 1748528825.9604774 is LOADED and contains no failed jobs

Step run COMPLETED in 0.37 seconds.
Pipeline mercadolivre_data load step completed in 0.11 seconds
1 load package(s) were loaded to destination postgres and into dataset stg
The postgres destination used postgresql://***:***@pgdatabase:5432/sales_db location to store data
Load package 1748528825.9604774 is LOADED and contains no failed jobs
[2025-05-29T14:27:06.267+0000] {logging_mixin.py:190} INFO - trying to load ./extraction/mercadolivre/data/raw/ml_sell_data_2024-07-01T00:00:00.000-03:00_2025-04-01T00:00:00.000-03:00_1.json to sales_db
[2025-05-29T14:27:06.639+0000] {logging_mixin.py:190} INFO - Pipeline mercadolivre_data load step completed in 0.11 seconds
1 load package(s) were loaded to destination postgres and into dataset stg
The postgres destination used postgresql://***:***@pgdatabase:5432/sales_db location to store data
Load package 1748528826.340352 is LOADED and contains no failed jobs
[2025-05-29T14:27:06.641+0000] {logging_mixin.py:190} INFO - Run started at 2025-05-29 14:27:06.268750+00:00 and COMPLETED in 0.37 seconds with 4 steps.
Step extract COMPLETED in 0.08 seconds.

Load package 1748528826.340352 is EXTRACTED and NOT YET LOADED to the destination and contains no failed jobs

Step normalize COMPLETED in 0.11 seconds.
Normalized data for the following tables:
- stg_mercadolivre: 50 row(s)
- stg_mercadolivre__payments: 53 row(s)
- stg_mercadolivre__payments__available_actions: 53 row(s)
- stg_mercadolivre__order_items: 50 row(s)
- stg_mercadolivre__tags: 135 row(s)
- stg_mercadolivre__context__flows: 19 row(s)
- stg_mercadolivre__order_items__item__variation_attributes: 27 row(s)
- stg_mercadolivre__mediations: 3 row(s)

Load package 1748528826.340352 is NORMALIZED and NOT YET LOADED to the destination and contains no failed jobs

Step load COMPLETED in 0.15 seconds.
Pipeline mercadolivre_data load step completed in 0.11 seconds
1 load package(s) were loaded to destination postgres and into dataset stg
The postgres destination used postgresql://***:***@pgdatabase:5432/sales_db location to store data
Load package 1748528826.340352 is LOADED and contains no failed jobs

Step run COMPLETED in 0.37 seconds.
Pipeline mercadolivre_data load step completed in 0.11 seconds
1 load package(s) were loaded to destination postgres and into dataset stg
The postgres destination used postgresql://***:***@pgdatabase:5432/sales_db location to store data
Load package 1748528826.340352 is LOADED and contains no failed jobs
[2025-05-29T14:27:06.647+0000] {logging_mixin.py:190} INFO - trying to load ./extraction/mercadolivre/data/raw/ml_sell_data_2024-07-01T00:00:00.000-03:00_2025-04-01T00:00:00.000-03:00_2.json to sales_db
[2025-05-29T14:27:07.052+0000] {logging_mixin.py:190} INFO - Pipeline mercadolivre_data load step completed in 0.13 seconds
1 load package(s) were loaded to destination postgres and into dataset stg
The postgres destination used postgresql://***:***@pgdatabase:5432/sales_db location to store data
Load package 1748528826.7193544 is LOADED and contains no failed jobs
[2025-05-29T14:27:07.054+0000] {logging_mixin.py:190} INFO - Run started at 2025-05-29 14:27:06.649103+00:00 and COMPLETED in 0.40 seconds with 4 steps.
Step extract COMPLETED in 0.07 seconds.

Load package 1748528826.7193544 is EXTRACTED and NOT YET LOADED to the destination and contains no failed jobs

Step normalize COMPLETED in 0.12 seconds.
Normalized data for the following tables:
- stg_mercadolivre: 50 row(s)
- stg_mercadolivre__payments: 55 row(s)
- stg_mercadolivre__payments__available_actions: 55 row(s)
- stg_mercadolivre__order_items: 50 row(s)
- stg_mercadolivre__order_items__item__variation_attributes: 43 row(s)
- stg_mercadolivre__tags: 144 row(s)
- stg_mercadolivre__mediations: 6 row(s)
- stg_mercadolivre__context__flows: 10 row(s)

Load package 1748528826.7193544 is NORMALIZED and NOT YET LOADED to the destination and contains no failed jobs

Step load COMPLETED in 0.18 seconds.
Pipeline mercadolivre_data load step completed in 0.13 seconds
1 load package(s) were loaded to destination postgres and into dataset stg
The postgres destination used postgresql://***:***@pgdatabase:5432/sales_db location to store data
Load package 1748528826.7193544 is LOADED and contains no failed jobs

Step run COMPLETED in 0.40 seconds.
Pipeline mercadolivre_data load step completed in 0.13 seconds
1 load package(s) were loaded to destination postgres and into dataset stg
The postgres destination used postgresql://***:***@pgdatabase:5432/sales_db location to store data
Load package 1748528826.7193544 is LOADED and contains no failed jobs
[2025-05-29T14:27:07.062+0000] {logging_mixin.py:190} INFO - trying to load ./extraction/mercadolivre/data/raw/ml_sell_data_2024-07-01T00:00:00.000-03:00_2025-04-01T00:00:00.000-03:00_3.json to sales_db
[2025-05-29T14:27:07.447+0000] {logging_mixin.py:190} INFO - Pipeline mercadolivre_data load step completed in 0.11 seconds
1 load package(s) were loaded to destination postgres and into dataset stg
The postgres destination used postgresql://***:***@pgdatabase:5432/sales_db location to store data
Load package 1748528827.137395 is LOADED and contains no failed jobs
[2025-05-29T14:27:07.448+0000] {logging_mixin.py:190} INFO - Run started at 2025-05-29 14:27:07.063870+00:00 and COMPLETED in 0.38 seconds with 4 steps.
Step extract COMPLETED in 0.07 seconds.

Load package 1748528827.137395 is EXTRACTED and NOT YET LOADED to the destination and contains no failed jobs

Step normalize COMPLETED in 0.12 seconds.
Normalized data for the following tables:
- stg_mercadolivre: 50 row(s)
- stg_mercadolivre__payments: 52 row(s)
- stg_mercadolivre__payments__available_actions: 52 row(s)
- stg_mercadolivre__order_items: 50 row(s)
- stg_mercadolivre__order_items__item__variation_attributes: 47 row(s)
- stg_mercadolivre__tags: 165 row(s)
- stg_mercadolivre__context__flows: 16 row(s)
- stg_mercadolivre__mediations: 9 row(s)

Load package 1748528827.137395 is NORMALIZED and NOT YET LOADED to the destination and contains no failed jobs

Step load COMPLETED in 0.15 seconds.
Pipeline mercadolivre_data load step completed in 0.11 seconds
1 load package(s) were loaded to destination postgres and into dataset stg
The postgres destination used postgresql://***:***@pgdatabase:5432/sales_db location to store data
Load package 1748528827.137395 is LOADED and contains no failed jobs

Step run COMPLETED in 0.38 seconds.
Pipeline mercadolivre_data load step completed in 0.11 seconds
1 load package(s) were loaded to destination postgres and into dataset stg
The postgres destination used postgresql://***:***@pgdatabase:5432/sales_db location to store data
Load package 1748528827.137395 is LOADED and contains no failed jobs
[2025-05-29T14:27:07.453+0000] {logging_mixin.py:190} INFO - trying to load ./extraction/mercadolivre/data/raw/ml_sell_data_2024-07-01T00:00:00.000-03:00_2025-04-01T00:00:00.000-03:00_4.json to sales_db
[2025-05-29T14:27:08.810+0000] {logging_mixin.py:190} INFO - Pipeline mercadolivre_data load step completed in 1.10 seconds
1 load package(s) were loaded to destination postgres and into dataset stg
The postgres destination used postgresql://***:***@pgdatabase:5432/sales_db location to store data
Load package 1748528827.5183353 is LOADED and contains no failed jobs
[2025-05-29T14:27:08.812+0000] {logging_mixin.py:190} INFO - Run started at 2025-05-29 14:27:07.454830+00:00 and COMPLETED in 1.35 seconds with 4 steps.
Step extract COMPLETED in 0.07 seconds.

Load package 1748528827.5183353 is EXTRACTED and NOT YET LOADED to the destination and contains no failed jobs

Step normalize COMPLETED in 0.12 seconds.
Normalized data for the following tables:
- stg_mercadolivre: 50 row(s)
- stg_mercadolivre__payments: 53 row(s)
- stg_mercadolivre__payments__available_actions: 53 row(s)
- stg_mercadolivre__order_items: 50 row(s)
- stg_mercadolivre__order_items__item__variation_attributes: 53 row(s)
- stg_mercadolivre__tags: 154 row(s)
- stg_mercadolivre__mediations: 5 row(s)
- stg_mercadolivre__context__flows: 5 row(s)

Load package 1748528827.5183353 is NORMALIZED and NOT YET LOADED to the destination and contains no failed jobs

Step load COMPLETED in 1.14 seconds.
Pipeline mercadolivre_data load step completed in 1.10 seconds
1 load package(s) were loaded to destination postgres and into dataset stg
The postgres destination used postgresql://***:***@pgdatabase:5432/sales_db location to store data
Load package 1748528827.5183353 is LOADED and contains no failed jobs

Step run COMPLETED in 1.35 seconds.
Pipeline mercadolivre_data load step completed in 1.10 seconds
1 load package(s) were loaded to destination postgres and into dataset stg
The postgres destination used postgresql://***:***@pgdatabase:5432/sales_db location to store data
Load package 1748528827.5183353 is LOADED and contains no failed jobs
[2025-05-29T14:27:08.818+0000] {logging_mixin.py:190} INFO - trying to load ./extraction/mercadolivre/data/raw/ml_sell_data_2024-07-01T00:00:00.000-03:00_2025-04-01T00:00:00.000-03:00_5.json to sales_db
[2025-05-29T14:27:09.181+0000] {logging_mixin.py:190} INFO - Pipeline mercadolivre_data load step completed in 0.11 seconds
1 load package(s) were loaded to destination postgres and into dataset stg
The postgres destination used postgresql://***:***@pgdatabase:5432/sales_db location to store data
Load package 1748528828.898942 is LOADED and contains no failed jobs
[2025-05-29T14:27:09.183+0000] {logging_mixin.py:190} INFO - Run started at 2025-05-29 14:27:08.820172+00:00 and COMPLETED in 0.36 seconds with 4 steps.
Step extract COMPLETED in 0.08 seconds.

Load package 1748528828.898942 is EXTRACTED and NOT YET LOADED to the destination and contains no failed jobs

Step normalize COMPLETED in 0.10 seconds.
Normalized data for the following tables:
- stg_mercadolivre: 35 row(s)
- stg_mercadolivre__payments: 36 row(s)
- stg_mercadolivre__payments__available_actions: 36 row(s)
- stg_mercadolivre__order_items: 35 row(s)
- stg_mercadolivre__order_items__item__variation_attributes: 33 row(s)
- stg_mercadolivre__tags: 96 row(s)
- stg_mercadolivre__context__flows: 4 row(s)
- stg_mercadolivre__mediations: 1 row(s)

Load package 1748528828.898942 is NORMALIZED and NOT YET LOADED to the destination and contains no failed jobs

Step load COMPLETED in 0.15 seconds.
Pipeline mercadolivre_data load step completed in 0.11 seconds
1 load package(s) were loaded to destination postgres and into dataset stg
The postgres destination used postgresql://***:***@pgdatabase:5432/sales_db location to store data
Load package 1748528828.898942 is LOADED and contains no failed jobs

Step run COMPLETED in 0.36 seconds.
Pipeline mercadolivre_data load step completed in 0.11 seconds
1 load package(s) were loaded to destination postgres and into dataset stg
The postgres destination used postgresql://***:***@pgdatabase:5432/sales_db location to store data
Load package 1748528828.898942 is LOADED and contains no failed jobs
[2025-05-29T14:27:09.189+0000] {logging_mixin.py:190} INFO - trying to load ./extraction/mercadolivre/data/raw/sample.json to sales_db
[2025-05-29T14:27:09.545+0000] {logging_mixin.py:190} INFO - Pipeline mercadolivre_data load step completed in 0.10 seconds
1 load package(s) were loaded to destination postgres and into dataset stg
The postgres destination used postgresql://***:***@pgdatabase:5432/sales_db location to store data
Load package 1748528829.2557192 is LOADED and contains no failed jobs
[2025-05-29T14:27:09.547+0000] {logging_mixin.py:190} INFO - Run started at 2025-05-29 14:27:09.191387+00:00 and COMPLETED in 0.35 seconds with 4 steps.
Step extract COMPLETED in 0.07 seconds.

Load package 1748528829.2557192 is EXTRACTED and NOT YET LOADED to the destination and contains no failed jobs

Step normalize COMPLETED in 0.12 seconds.
Normalized data for the following tables:
- stg_mercadolivre: 50 row(s)
- stg_mercadolivre__payments: 52 row(s)
- stg_mercadolivre__payments__available_actions: 52 row(s)
- stg_mercadolivre__order_items: 50 row(s)
- stg_mercadolivre__tags: 118 row(s)
- stg_mercadolivre__order_items__item__variation_attributes: 44 row(s)
- stg_mercadolivre__mediations: 2 row(s)
- stg_mercadolivre__context__flows: 9 row(s)

Load package 1748528829.2557192 is NORMALIZED and NOT YET LOADED to the destination and contains no failed jobs

Step load COMPLETED in 0.13 seconds.
Pipeline mercadolivre_data load step completed in 0.10 seconds
1 load package(s) were loaded to destination postgres and into dataset stg
The postgres destination used postgresql://***:***@pgdatabase:5432/sales_db location to store data
Load package 1748528829.2557192 is LOADED and contains no failed jobs

Step run COMPLETED in 0.35 seconds.
Pipeline mercadolivre_data load step completed in 0.10 seconds
1 load package(s) were loaded to destination postgres and into dataset stg
The postgres destination used postgresql://***:***@pgdatabase:5432/sales_db location to store data
Load package 1748528829.2557192 is LOADED and contains no failed jobs
[2025-05-29T14:27:09.548+0000] {python.py:240} INFO - Done. Returned value was: 1
[2025-05-29T14:27:09.573+0000] {taskinstance.py:340} INFO - ::group::Post task execution logs
[2025-05-29T14:27:09.574+0000] {taskinstance.py:352} INFO - Marking task as SUCCESS. dag_id=03_load_data, task_id=load_mercadolivre, run_id=manual__2025-05-29T14:26:56.172759+00:00, execution_date=20250529T142656, start_date=20250529T142658, end_date=20250529T142709
[2025-05-29T14:27:09.623+0000] {local_task_job_runner.py:266} INFO - Task exited with return code 0
[2025-05-29T14:27:09.641+0000] {taskinstance.py:3895} INFO - 0 downstream tasks scheduled from follow-on schedule check
[2025-05-29T14:27:09.644+0000] {local_task_job_runner.py:245} INFO - ::endgroup::
