[2025-06-11T18:09:18.438+0000] {local_task_job_runner.py:123} INFO - ::group::Pre task execution logs
[2025-06-11T18:09:18.458+0000] {taskinstance.py:2613} INFO - Dependencies all met for dep_context=non-requeueable deps ti=<TaskInstance: 06_delete_entry_data.delete_tables manual__2025-06-11T18:09:16.354212+00:00 [queued]>
[2025-06-11T18:09:18.466+0000] {taskinstance.py:2613} INFO - Dependencies all met for dep_context=requeueable deps ti=<TaskInstance: 06_delete_entry_data.delete_tables manual__2025-06-11T18:09:16.354212+00:00 [queued]>
[2025-06-11T18:09:18.469+0000] {taskinstance.py:2866} INFO - Starting attempt 1 of 1
[2025-06-11T18:09:18.481+0000] {taskinstance.py:2889} INFO - Executing <Task(PythonOperator): delete_tables> on 2025-06-11 18:09:16.354212+00:00
[2025-06-11T18:09:18.486+0000] {standard_task_runner.py:72} INFO - Started process 126 to run task
[2025-06-11T18:09:18.490+0000] {standard_task_runner.py:104} INFO - Running: ['***', 'tasks', 'run', '06_delete_entry_data', 'delete_tables', 'manual__2025-06-11T18:09:16.354212+00:00', '--job-id', '854', '--raw', '--subdir', 'DAGS_FOLDER/06_delete_files_tables.py', '--cfg-path', '/tmp/tmp3r74dcdp']
[2025-06-11T18:09:18.492+0000] {standard_task_runner.py:105} INFO - Job 854: Subtask delete_tables
[2025-06-11T18:09:18.554+0000] {task_command.py:467} INFO - Running <TaskInstance: 06_delete_entry_data.delete_tables manual__2025-06-11T18:09:16.354212+00:00 [running]> on host 28e6a58e4107
[2025-06-11T18:09:18.649+0000] {taskinstance.py:3132} INFO - Exporting env vars: AIRFLOW_CTX_DAG_OWNER='***' AIRFLOW_CTX_DAG_ID='06_delete_entry_data' AIRFLOW_CTX_TASK_ID='delete_tables' AIRFLOW_CTX_EXECUTION_DATE='2025-06-11T18:09:16.354212+00:00' AIRFLOW_CTX_TRY_NUMBER='1' AIRFLOW_CTX_DAG_RUN_ID='manual__2025-06-11T18:09:16.354212+00:00'
[2025-06-11T18:09:18.651+0000] {taskinstance.py:731} INFO - ::endgroup::
[2025-06-11T18:09:18.674+0000] {logging_mixin.py:190} INFO - Table entry.entry_mercadolivre successfully deleted.
[2025-06-11T18:09:18.676+0000] {logging_mixin.py:190} INFO - Table entry.entry_mercadolivre__context__flows successfully deleted.
[2025-06-11T18:09:18.677+0000] {logging_mixin.py:190} INFO - Table entry.entry_mercadolivre__mediations successfully deleted.
[2025-06-11T18:09:18.678+0000] {logging_mixin.py:190} INFO - Table entry.entry_mercadolivre__order_items successfully deleted.
[2025-06-11T18:09:18.679+0000] {logging_mixin.py:190} INFO - Table entry.entry_mercadolivre__order_items__item__variation_attributes successfully deleted.
[2025-06-11T18:09:18.680+0000] {logging_mixin.py:190} INFO - Table entry.entry_mercadolivre__payments successfully deleted.
[2025-06-11T18:09:18.681+0000] {logging_mixin.py:190} INFO - Table entry.entry_mercadolivre__payments__available_actions successfully deleted.
[2025-06-11T18:09:18.682+0000] {logging_mixin.py:190} INFO - Table entry.entry_mercadolivre__tags successfully deleted.
[2025-06-11T18:09:18.684+0000] {logging_mixin.py:190} INFO - Table entry.entry_mercadolivre_sh successfully deleted.
[2025-06-11T18:09:18.685+0000] {logging_mixin.py:190} INFO - Table entry.entry_shopee successfully deleted.
[2025-06-11T18:09:18.686+0000] {python.py:240} INFO - Done. Returned value was: None
[2025-06-11T18:09:18.697+0000] {taskinstance.py:340} INFO - ::group::Post task execution logs
[2025-06-11T18:09:18.698+0000] {taskinstance.py:352} INFO - Marking task as SUCCESS. dag_id=06_delete_entry_data, task_id=delete_tables, run_id=manual__2025-06-11T18:09:16.354212+00:00, execution_date=20250611T180916, start_date=20250611T180918, end_date=20250611T180918
[2025-06-11T18:09:18.745+0000] {local_task_job_runner.py:266} INFO - Task exited with return code 0
[2025-06-11T18:09:18.764+0000] {taskinstance.py:3895} INFO - 0 downstream tasks scheduled from follow-on schedule check
[2025-06-11T18:09:18.767+0000] {local_task_job_runner.py:245} INFO - ::endgroup::
