[2025-05-21T21:40:10.560+0000] {local_task_job_runner.py:123} INFO - ::group::Pre task execution logs
[2025-05-21T21:40:10.579+0000] {taskinstance.py:2613} INFO - Dependencies all met for dep_context=non-requeueable deps ti=<TaskInstance: 04_transform_data.run_dbt manual__2025-05-21T21:40:09.077566+00:00 [queued]>
[2025-05-21T21:40:10.588+0000] {taskinstance.py:2613} INFO - Dependencies all met for dep_context=requeueable deps ti=<TaskInstance: 04_transform_data.run_dbt manual__2025-05-21T21:40:09.077566+00:00 [queued]>
[2025-05-21T21:40:10.590+0000] {taskinstance.py:2866} INFO - Starting attempt 1 of 1
[2025-05-21T21:40:10.603+0000] {taskinstance.py:2889} INFO - Executing <Task(PythonOperator): run_dbt> on 2025-05-21 21:40:09.077566+00:00
[2025-05-21T21:40:10.608+0000] {standard_task_runner.py:72} INFO - Started process 6237 to run task
[2025-05-21T21:40:10.611+0000] {standard_task_runner.py:104} INFO - Running: ['***', 'tasks', 'run', '04_transform_data', 'run_dbt', 'manual__2025-05-21T21:40:09.077566+00:00', '--job-id', '144', '--raw', '--subdir', 'DAGS_FOLDER/04_transform_data.py', '--cfg-path', '/tmp/tmpg8tu34ns']
[2025-05-21T21:40:10.613+0000] {standard_task_runner.py:105} INFO - Job 144: Subtask run_dbt
[2025-05-21T21:40:10.668+0000] {task_command.py:467} INFO - Running <TaskInstance: 04_transform_data.run_dbt manual__2025-05-21T21:40:09.077566+00:00 [running]> on host e27e96d1841a
[2025-05-21T21:40:10.751+0000] {taskinstance.py:3132} INFO - Exporting env vars: AIRFLOW_CTX_DAG_OWNER='***' AIRFLOW_CTX_DAG_ID='04_transform_data' AIRFLOW_CTX_TASK_ID='run_dbt' AIRFLOW_CTX_EXECUTION_DATE='2025-05-21T21:40:09.077566+00:00' AIRFLOW_CTX_TRY_NUMBER='1' AIRFLOW_CTX_DAG_RUN_ID='manual__2025-05-21T21:40:09.077566+00:00'
[2025-05-21T21:40:10.752+0000] {taskinstance.py:731} INFO - ::endgroup::
[2025-05-21T21:40:12.483+0000] {logging_mixin.py:190} INFO - 21:40:12  Running with dbt=1.9.4
[2025-05-21T21:40:12.854+0000] {logging_mixin.py:190} INFO - 21:40:12  Registered adapter: postgres=1.9.0
[2025-05-21T21:40:14.213+0000] {logging_mixin.py:190} INFO - 21:40:14  [WARNING]: Configuration paths exist in your dbt_project.yml file which do not apply to any resources.
There are 1 unused configuration paths:
- models.e_commerce_sales.example
[2025-05-21T21:40:14.388+0000] {logging_mixin.py:190} INFO - 21:40:14  Found 12 models, 12 sources, 433 macros
[2025-05-21T21:40:14.393+0000] {logging_mixin.py:190} INFO - 21:40:14
[2025-05-21T21:40:14.395+0000] {logging_mixin.py:190} INFO - 21:40:14  Concurrency: 4 threads (target='dev')
[2025-05-21T21:40:14.396+0000] {logging_mixin.py:190} INFO - 21:40:14
[2025-05-21T21:40:14.532+0000] {logging_mixin.py:190} INFO - 21:40:14  1 of 12 START sql incremental model sales.mercadolivre_orders_results .......... [RUN]
[2025-05-21T21:40:14.535+0000] {logging_mixin.py:190} INFO - 21:40:14  2 of 12 START sql incremental model sales.shopee_new_id ........................ [RUN]
[2025-05-21T21:40:14.891+0000] {logging_mixin.py:190} INFO - 21:40:14  2 of 12 OK created sql incremental model sales.shopee_new_id ................... [MERGE 0 in 0.35s]
[2025-05-21T21:40:14.893+0000] {logging_mixin.py:190} INFO - 21:40:14  1 of 12 OK created sql incremental model sales.mercadolivre_orders_results ..... [MERGE 255 in 0.35s]
[2025-05-21T21:40:14.899+0000] {logging_mixin.py:190} INFO - 21:40:14  3 of 12 START sql incremental model sales.shopee_orders_results ................ [RUN]
[2025-05-21T21:40:14.904+0000] {logging_mixin.py:190} INFO - 21:40:14  4 of 12 START sql incremental model sales.dim_mercadolivre_buyer ............... [RUN]
[2025-05-21T21:40:14.906+0000] {logging_mixin.py:190} INFO - 21:40:14  5 of 12 START sql incremental model sales.dim_mercadolivre_date ................ [RUN]
[2025-05-21T21:40:14.907+0000] {logging_mixin.py:190} INFO - 21:40:14  6 of 12 START sql incremental model sales.dim_mercadolivre_orders_status ....... [RUN]
[2025-05-21T21:40:15.170+0000] {logging_mixin.py:190} INFO - 21:40:15  6 of 12 OK created sql incremental model sales.dim_mercadolivre_orders_status .. [SELECT 255 in 0.24s]
[2025-05-21T21:40:15.187+0000] {logging_mixin.py:190} INFO - 21:40:15  7 of 12 START sql incremental model sales.dim_mercadolivre_product ............. [RUN]
[2025-05-21T21:40:15.221+0000] {logging_mixin.py:190} INFO - 21:40:15  3 of 12 OK created sql incremental model sales.shopee_orders_results ........... [MERGE 0 in 0.31s]
[2025-05-21T21:40:15.240+0000] {logging_mixin.py:190} INFO - 21:40:15  5 of 12 OK created sql incremental model sales.dim_mercadolivre_date ........... [MERGE 272 in 0.32s]
[2025-05-21T21:40:15.243+0000] {logging_mixin.py:190} INFO - 21:40:15  8 of 12 START sql incremental model sales.mercadolivre_profits ................. [RUN]
[2025-05-21T21:40:15.252+0000] {logging_mixin.py:190} INFO - 21:40:15  4 of 12 OK created sql incremental model sales.dim_mercadolivre_buyer .......... [MERGE 252 in 0.34s]
[2025-05-21T21:40:15.256+0000] {logging_mixin.py:190} INFO - 21:40:15  9 of 12 START sql incremental model sales.dim_shopee_buyer_id .................. [RUN]
[2025-05-21T21:40:15.277+0000] {logging_mixin.py:190} INFO - 21:40:15  10 of 12 START sql incremental model sales.dim_shopee_date ..................... [RUN]
[2025-05-21T21:40:15.488+0000] {logging_mixin.py:190} INFO - 21:40:15  7 of 12 OK created sql incremental model sales.dim_mercadolivre_product ........ [MERGE 250 in 0.28s]
[2025-05-21T21:40:15.516+0000] {logging_mixin.py:190} INFO - 21:40:15  11 of 12 START sql incremental model sales.dim_shopee_orders_status ............ [RUN]
[2025-05-21T21:40:15.545+0000] {logging_mixin.py:190} INFO - 21:40:15  8 of 12 OK created sql incremental model sales.mercadolivre_profits ............ [MERGE 250 in 0.28s]
[2025-05-21T21:40:15.553+0000] {logging_mixin.py:190} INFO - 21:40:15  9 of 12 OK created sql incremental model sales.dim_shopee_buyer_id ............. [MERGE 0 in 0.28s]
[2025-05-21T21:40:15.559+0000] {logging_mixin.py:190} INFO - 21:40:15  12 of 12 START sql incremental model sales.dim_shopee_product .................. [RUN]
[2025-05-21T21:40:15.576+0000] {logging_mixin.py:190} INFO - 21:40:15  10 of 12 OK created sql incremental model sales.dim_shopee_date ................ [MERGE 0 in 0.27s]
[2025-05-21T21:40:15.703+0000] {logging_mixin.py:190} INFO - 21:40:15  11 of 12 OK created sql incremental model sales.dim_shopee_orders_status ....... [MERGE 0 in 0.18s]
[2025-05-21T21:40:15.718+0000] {logging_mixin.py:190} INFO - 21:40:15  12 of 12 OK created sql incremental model sales.dim_shopee_product ............. [MERGE 0 in 0.14s]
[2025-05-21T21:40:15.744+0000] {logging_mixin.py:190} INFO - 21:40:15
[2025-05-21T21:40:15.746+0000] {logging_mixin.py:190} INFO - 21:40:15  Finished running 12 incremental models in 0 hours 0 minutes and 1.35 seconds (1.35s).
[2025-05-21T21:40:15.814+0000] {logging_mixin.py:190} INFO - 21:40:15
[2025-05-21T21:40:15.816+0000] {logging_mixin.py:190} INFO - 21:40:15  Completed successfully
[2025-05-21T21:40:15.817+0000] {logging_mixin.py:190} INFO - 21:40:15
[2025-05-21T21:40:15.819+0000] {logging_mixin.py:190} INFO - 21:40:15  Done. PASS=12 WARN=0 ERROR=0 SKIP=0 TOTAL=12
[2025-05-21T21:40:16.768+0000] {logging_mixin.py:190} INFO - Transformation sucessfully done.
[2025-05-21T21:40:16.770+0000] {python.py:240} INFO - Done. Returned value was: None
[2025-05-21T21:40:16.783+0000] {taskinstance.py:340} INFO - ::group::Post task execution logs
[2025-05-21T21:40:16.785+0000] {taskinstance.py:352} INFO - Marking task as SUCCESS. dag_id=04_transform_data, task_id=run_dbt, run_id=manual__2025-05-21T21:40:09.077566+00:00, execution_date=20250521T214009, start_date=20250521T214010, end_date=20250521T214016
[2025-05-21T21:40:16.818+0000] {local_task_job_runner.py:266} INFO - Task exited with return code 0
[2025-05-21T21:40:16.838+0000] {taskinstance.py:3895} INFO - 0 downstream tasks scheduled from follow-on schedule check
[2025-05-21T21:40:16.841+0000] {local_task_job_runner.py:245} INFO - ::endgroup::
