[2025-06-11T18:35:31.675+0000] {local_task_job_runner.py:123} INFO - ::group::Pre task execution logs
[2025-06-11T18:35:31.697+0000] {taskinstance.py:2613} INFO - Dependencies all met for dep_context=non-requeueable deps ti=<TaskInstance: 06_delete_entry_data.delete_tables manual__2025-06-11T18:35:29.583631+00:00 [queued]>
[2025-06-11T18:35:31.709+0000] {taskinstance.py:2613} INFO - Dependencies all met for dep_context=requeueable deps ti=<TaskInstance: 06_delete_entry_data.delete_tables manual__2025-06-11T18:35:29.583631+00:00 [queued]>
[2025-06-11T18:35:31.710+0000] {taskinstance.py:2866} INFO - Starting attempt 1 of 1
[2025-06-11T18:35:31.725+0000] {taskinstance.py:2889} INFO - Executing <Task(PythonOperator): delete_tables> on 2025-06-11 18:35:29.583631+00:00
[2025-06-11T18:35:31.731+0000] {standard_task_runner.py:72} INFO - Started process 537 to run task
[2025-06-11T18:35:31.736+0000] {standard_task_runner.py:104} INFO - Running: ['***', 'tasks', 'run', '06_delete_entry_data', 'delete_tables', 'manual__2025-06-11T18:35:29.583631+00:00', '--job-id', '874', '--raw', '--subdir', 'DAGS_FOLDER/06_delete_files_tables.py', '--cfg-path', '/tmp/tmptfu5f2j2']
[2025-06-11T18:35:31.738+0000] {standard_task_runner.py:105} INFO - Job 874: Subtask delete_tables
[2025-06-11T18:35:31.807+0000] {task_command.py:467} INFO - Running <TaskInstance: 06_delete_entry_data.delete_tables manual__2025-06-11T18:35:29.583631+00:00 [running]> on host 28e6a58e4107
[2025-06-11T18:35:31.908+0000] {taskinstance.py:3132} INFO - Exporting env vars: AIRFLOW_CTX_DAG_OWNER='***' AIRFLOW_CTX_DAG_ID='06_delete_entry_data' AIRFLOW_CTX_TASK_ID='delete_tables' AIRFLOW_CTX_EXECUTION_DATE='2025-06-11T18:35:29.583631+00:00' AIRFLOW_CTX_TRY_NUMBER='1' AIRFLOW_CTX_DAG_RUN_ID='manual__2025-06-11T18:35:29.583631+00:00'
[2025-06-11T18:35:31.910+0000] {taskinstance.py:731} INFO - ::endgroup::
[2025-06-11T18:35:31.931+0000] {logging_mixin.py:190} INFO - Table entry.entry_mercadolivre successfully deleted.
[2025-06-11T18:35:31.932+0000] {logging_mixin.py:190} INFO - Table entry.entry_mercadolivre__context__flows successfully deleted.
[2025-06-11T18:35:31.933+0000] {logging_mixin.py:190} INFO - Table entry.entry_mercadolivre__mediations successfully deleted.
[2025-06-11T18:35:31.934+0000] {logging_mixin.py:190} INFO - Table entry.entry_mercadolivre__order_items successfully deleted.
[2025-06-11T18:35:31.935+0000] {logging_mixin.py:190} INFO - Table entry.entry_mercadolivre__order_items__item__variation_attributes successfully deleted.
[2025-06-11T18:35:31.937+0000] {logging_mixin.py:190} INFO - Table entry.entry_mercadolivre__payments successfully deleted.
[2025-06-11T18:35:31.938+0000] {logging_mixin.py:190} INFO - Table entry.entry_mercadolivre__payments__available_actions successfully deleted.
[2025-06-11T18:35:31.939+0000] {logging_mixin.py:190} INFO - Table entry.entry_mercadolivre__tags successfully deleted.
[2025-06-11T18:35:31.940+0000] {logging_mixin.py:190} INFO - Table entry.entry_mercadolivre_sh successfully deleted.
[2025-06-11T18:35:31.942+0000] {logging_mixin.py:190} INFO - Table entry.entry_shopee successfully deleted.
[2025-06-11T18:35:31.942+0000] {python.py:240} INFO - Done. Returned value was: None
[2025-06-11T18:35:31.953+0000] {taskinstance.py:340} INFO - ::group::Post task execution logs
[2025-06-11T18:35:31.954+0000] {taskinstance.py:352} INFO - Marking task as SUCCESS. dag_id=06_delete_entry_data, task_id=delete_tables, run_id=manual__2025-06-11T18:35:29.583631+00:00, execution_date=20250611T183529, start_date=20250611T183531, end_date=20250611T183531
[2025-06-11T18:35:31.990+0000] {local_task_job_runner.py:266} INFO - Task exited with return code 0
[2025-06-11T18:35:32.008+0000] {taskinstance.py:3895} INFO - 0 downstream tasks scheduled from follow-on schedule check
[2025-06-11T18:35:32.010+0000] {local_task_job_runner.py:245} INFO - ::endgroup::
