[2025-06-10T21:08:54.920+0000] {local_task_job_runner.py:123} INFO - ::group::Pre task execution logs
[2025-06-10T21:08:54.938+0000] {taskinstance.py:2613} INFO - Dependencies all met for dep_context=non-requeueable deps ti=<TaskInstance: 05_transform_data.install_dbt_deps manual__2025-06-10T21:08:52.393032+00:00 [queued]>
[2025-06-10T21:08:54.945+0000] {taskinstance.py:2613} INFO - Dependencies all met for dep_context=requeueable deps ti=<TaskInstance: 05_transform_data.install_dbt_deps manual__2025-06-10T21:08:52.393032+00:00 [queued]>
[2025-06-10T21:08:54.947+0000] {taskinstance.py:2866} INFO - Starting attempt 1 of 1
[2025-06-10T21:08:54.958+0000] {taskinstance.py:2889} INFO - Executing <Task(PythonOperator): install_dbt_deps> on 2025-06-10 21:08:52.393032+00:00
[2025-06-10T21:08:54.963+0000] {standard_task_runner.py:72} INFO - Started process 4961 to run task
[2025-06-10T21:08:54.967+0000] {standard_task_runner.py:104} INFO - Running: ['***', 'tasks', 'run', '05_transform_data', 'install_dbt_deps', 'manual__2025-06-10T21:08:52.393032+00:00', '--job-id', '728', '--raw', '--subdir', 'DAGS_FOLDER/05_transform_data.py', '--cfg-path', '/tmp/tmprcc6wla6']
[2025-06-10T21:08:54.969+0000] {standard_task_runner.py:105} INFO - Job 728: Subtask install_dbt_deps
[2025-06-10T21:08:55.022+0000] {task_command.py:467} INFO - Running <TaskInstance: 05_transform_data.install_dbt_deps manual__2025-06-10T21:08:52.393032+00:00 [running]> on host 28e6a58e4107
[2025-06-10T21:08:55.102+0000] {taskinstance.py:3132} INFO - Exporting env vars: AIRFLOW_CTX_DAG_OWNER='***' AIRFLOW_CTX_DAG_ID='05_transform_data' AIRFLOW_CTX_TASK_ID='install_dbt_deps' AIRFLOW_CTX_EXECUTION_DATE='2025-06-10T21:08:52.393032+00:00' AIRFLOW_CTX_TRY_NUMBER='1' AIRFLOW_CTX_DAG_RUN_ID='manual__2025-06-10T21:08:52.393032+00:00'
[2025-06-10T21:08:55.104+0000] {taskinstance.py:731} INFO - ::endgroup::
[2025-06-10T21:08:56.615+0000] {logging_mixin.py:190} INFO - 21:08:56  Running with dbt=1.9.5
[2025-06-10T21:08:57.250+0000] {logging_mixin.py:190} INFO - 21:08:57  Installing dbt-labs/dbt_utils
[2025-06-10T21:09:00.470+0000] {logging_mixin.py:190} INFO - 21:09:00  Installed from version 1.2.0
[2025-06-10T21:09:00.471+0000] {logging_mixin.py:190} INFO - 21:09:00  Updated version available: 1.3.0
[2025-06-10T21:09:00.473+0000] {logging_mixin.py:190} INFO - 21:09:00
[2025-06-10T21:09:00.475+0000] {logging_mixin.py:190} INFO - 21:09:00  Updates available for packages: ['dbt-labs/dbt_utils']                 
Update your versions in packages.yml, then run dbt deps
[2025-06-10T21:09:01.158+0000] {logging_mixin.py:190} INFO - Dependencies sucessfully installed.
[2025-06-10T21:09:01.159+0000] {python.py:240} INFO - Done. Returned value was: None
[2025-06-10T21:09:01.170+0000] {taskinstance.py:340} INFO - ::group::Post task execution logs
[2025-06-10T21:09:01.171+0000] {taskinstance.py:352} INFO - Marking task as SUCCESS. dag_id=05_transform_data, task_id=install_dbt_deps, run_id=manual__2025-06-10T21:08:52.393032+00:00, execution_date=20250610T210852, start_date=20250610T210854, end_date=20250610T210901
[2025-06-10T21:09:01.206+0000] {local_task_job_runner.py:266} INFO - Task exited with return code 0
[2025-06-10T21:09:01.252+0000] {taskinstance.py:3895} INFO - 1 downstream tasks scheduled from follow-on schedule check
[2025-06-10T21:09:01.256+0000] {local_task_job_runner.py:245} INFO - ::endgroup::
