[2025-06-09T19:07:34.420+0000] {local_task_job_runner.py:123} INFO - ::group::Pre task execution logs
[2025-06-09T19:07:34.439+0000] {taskinstance.py:2613} INFO - Dependencies all met for dep_context=non-requeueable deps ti=<TaskInstance: 05_transform_data.install_dbt_deps manual__2025-06-09T19:07:32.078331+00:00 [queued]>
[2025-06-09T19:07:34.448+0000] {taskinstance.py:2613} INFO - Dependencies all met for dep_context=requeueable deps ti=<TaskInstance: 05_transform_data.install_dbt_deps manual__2025-06-09T19:07:32.078331+00:00 [queued]>
[2025-06-09T19:07:34.450+0000] {taskinstance.py:2866} INFO - Starting attempt 1 of 1
[2025-06-09T19:07:34.463+0000] {taskinstance.py:2889} INFO - Executing <Task(PythonOperator): install_dbt_deps> on 2025-06-09 19:07:32.078331+00:00
[2025-06-09T19:07:34.468+0000] {standard_task_runner.py:72} INFO - Started process 220 to run task
[2025-06-09T19:07:34.471+0000] {standard_task_runner.py:104} INFO - Running: ['***', 'tasks', 'run', '05_transform_data', 'install_dbt_deps', 'manual__2025-06-09T19:07:32.078331+00:00', '--job-id', '505', '--raw', '--subdir', 'DAGS_FOLDER/05_transform_data.py', '--cfg-path', '/tmp/tmprs82lmu1']
[2025-06-09T19:07:34.473+0000] {standard_task_runner.py:105} INFO - Job 505: Subtask install_dbt_deps
[2025-06-09T19:07:34.525+0000] {task_command.py:467} INFO - Running <TaskInstance: 05_transform_data.install_dbt_deps manual__2025-06-09T19:07:32.078331+00:00 [running]> on host 28e6a58e4107
[2025-06-09T19:07:34.609+0000] {taskinstance.py:3132} INFO - Exporting env vars: AIRFLOW_CTX_DAG_OWNER='***' AIRFLOW_CTX_DAG_ID='05_transform_data' AIRFLOW_CTX_TASK_ID='install_dbt_deps' AIRFLOW_CTX_EXECUTION_DATE='2025-06-09T19:07:32.078331+00:00' AIRFLOW_CTX_TRY_NUMBER='1' AIRFLOW_CTX_DAG_RUN_ID='manual__2025-06-09T19:07:32.078331+00:00'
[2025-06-09T19:07:34.611+0000] {taskinstance.py:731} INFO - ::endgroup::
[2025-06-09T19:07:36.270+0000] {logging_mixin.py:190} INFO - 19:07:36  Running with dbt=1.9.5
[2025-06-09T19:07:36.962+0000] {logging_mixin.py:190} INFO - 19:07:36  Installing dbt-labs/dbt_utils
[2025-06-09T19:07:40.193+0000] {logging_mixin.py:190} INFO - 19:07:40  Installed from version 1.2.0
[2025-06-09T19:07:40.195+0000] {logging_mixin.py:190} INFO - 19:07:40  Updated version available: 1.3.0
[2025-06-09T19:07:40.198+0000] {logging_mixin.py:190} INFO - 19:07:40
[2025-06-09T19:07:40.200+0000] {logging_mixin.py:190} INFO - 19:07:40  Updates available for packages: ['dbt-labs/dbt_utils']                 
Update your versions in packages.yml, then run dbt deps
[2025-06-09T19:07:40.924+0000] {logging_mixin.py:190} INFO - Dependencies sucessfully installed.
[2025-06-09T19:07:40.928+0000] {python.py:240} INFO - Done. Returned value was: None
[2025-06-09T19:07:40.945+0000] {taskinstance.py:340} INFO - ::group::Post task execution logs
[2025-06-09T19:07:40.946+0000] {taskinstance.py:352} INFO - Marking task as SUCCESS. dag_id=05_transform_data, task_id=install_dbt_deps, run_id=manual__2025-06-09T19:07:32.078331+00:00, execution_date=20250609T190732, start_date=20250609T190734, end_date=20250609T190740
[2025-06-09T19:07:40.990+0000] {local_task_job_runner.py:266} INFO - Task exited with return code 0
[2025-06-09T19:07:41.012+0000] {taskinstance.py:3895} INFO - 1 downstream tasks scheduled from follow-on schedule check
[2025-06-09T19:07:41.015+0000] {local_task_job_runner.py:245} INFO - ::endgroup::
