[2025-06-11T18:25:48.221+0000] {local_task_job_runner.py:123} INFO - ::group::Pre task execution logs
[2025-06-11T18:25:48.240+0000] {taskinstance.py:2613} INFO - Dependencies all met for dep_context=non-requeueable deps ti=<TaskInstance: 06_delete_entry_data.delete_ml_sh_files manual__2025-06-11T18:25:47.137832+00:00 [queued]>
[2025-06-11T18:25:48.249+0000] {taskinstance.py:2613} INFO - Dependencies all met for dep_context=requeueable deps ti=<TaskInstance: 06_delete_entry_data.delete_ml_sh_files manual__2025-06-11T18:25:47.137832+00:00 [queued]>
[2025-06-11T18:25:48.250+0000] {taskinstance.py:2866} INFO - Starting attempt 1 of 1
[2025-06-11T18:25:48.265+0000] {taskinstance.py:2889} INFO - Executing <Task(PythonOperator): delete_ml_sh_files> on 2025-06-11 18:25:47.137832+00:00
[2025-06-11T18:25:48.269+0000] {standard_task_runner.py:72} INFO - Started process 370 to run task
[2025-06-11T18:25:48.273+0000] {standard_task_runner.py:104} INFO - Running: ['***', 'tasks', 'run', '06_delete_entry_data', 'delete_ml_sh_files', 'manual__2025-06-11T18:25:47.137832+00:00', '--job-id', '862', '--raw', '--subdir', 'DAGS_FOLDER/06_delete_files_tables.py', '--cfg-path', '/tmp/tmpnb7z6gh2']
[2025-06-11T18:25:48.276+0000] {standard_task_runner.py:105} INFO - Job 862: Subtask delete_ml_sh_files
[2025-06-11T18:25:48.346+0000] {task_command.py:467} INFO - Running <TaskInstance: 06_delete_entry_data.delete_ml_sh_files manual__2025-06-11T18:25:47.137832+00:00 [running]> on host 28e6a58e4107
[2025-06-11T18:25:48.456+0000] {taskinstance.py:3132} INFO - Exporting env vars: AIRFLOW_CTX_DAG_OWNER='***' AIRFLOW_CTX_DAG_ID='06_delete_entry_data' AIRFLOW_CTX_TASK_ID='delete_ml_sh_files' AIRFLOW_CTX_EXECUTION_DATE='2025-06-11T18:25:47.137832+00:00' AIRFLOW_CTX_TRY_NUMBER='1' AIRFLOW_CTX_DAG_RUN_ID='manual__2025-06-11T18:25:47.137832+00:00'
[2025-06-11T18:25:48.457+0000] {taskinstance.py:731} INFO - ::endgroup::
[2025-06-11T18:25:48.481+0000] {logging_mixin.py:190} INFO - Deleted all files in /opt/***/extraction/mercadolivre/data/shipping_cost_ml/ with extension *.json
[2025-06-11T18:25:48.483+0000] {logging_mixin.py:190} INFO - Deleted all files in /opt/***/extraction/mercadolivre/data/shipping_cost_ml/ with extension *.json
[2025-06-11T18:25:48.486+0000] {logging_mixin.py:190} INFO - Deleted all files in /opt/***/extraction/mercadolivre/data/shipping_cost_ml/ with extension *.json
[2025-06-11T18:25:48.488+0000] {logging_mixin.py:190} INFO - Deleted all files in /opt/***/extraction/mercadolivre/data/shipping_cost_ml/ with extension *.json
[2025-06-11T18:25:48.491+0000] {logging_mixin.py:190} INFO - Deleted all files in /opt/***/extraction/mercadolivre/data/shipping_cost_ml/ with extension *.json
[2025-06-11T18:25:48.494+0000] {logging_mixin.py:190} INFO - Deleted all files in /opt/***/extraction/mercadolivre/data/shipping_cost_ml/ with extension *.json
[2025-06-11T18:25:48.496+0000] {logging_mixin.py:190} INFO - Deleted all files in /opt/***/extraction/mercadolivre/data/shipping_cost_ml/ with extension *.json
[2025-06-11T18:25:48.499+0000] {logging_mixin.py:190} INFO - Deleted all files in /opt/***/extraction/mercadolivre/data/shipping_cost_ml/ with extension *.json
[2025-06-11T18:25:48.502+0000] {logging_mixin.py:190} INFO - Deleted all files in /opt/***/extraction/mercadolivre/data/shipping_cost_ml/ with extension *.json
[2025-06-11T18:25:48.505+0000] {logging_mixin.py:190} INFO - Deleted all files in /opt/***/extraction/mercadolivre/data/shipping_cost_ml/ with extension *.json
[2025-06-11T18:25:48.509+0000] {logging_mixin.py:190} INFO - Deleted all files in /opt/***/extraction/mercadolivre/data/shipping_cost_ml/ with extension *.json
[2025-06-11T18:25:48.512+0000] {logging_mixin.py:190} INFO - Deleted all files in /opt/***/extraction/mercadolivre/data/shipping_cost_ml/ with extension *.json
[2025-06-11T18:25:48.515+0000] {logging_mixin.py:190} INFO - Deleted all files in /opt/***/extraction/mercadolivre/data/shipping_cost_ml/ with extension *.json
[2025-06-11T18:25:48.518+0000] {logging_mixin.py:190} INFO - Deleted all files in /opt/***/extraction/mercadolivre/data/shipping_cost_ml/ with extension *.json
[2025-06-11T18:25:48.521+0000] {logging_mixin.py:190} INFO - Deleted all files in /opt/***/extraction/mercadolivre/data/shipping_cost_ml/ with extension *.json
[2025-06-11T18:25:48.524+0000] {logging_mixin.py:190} INFO - Deleted all files in /opt/***/extraction/mercadolivre/data/shipping_cost_ml/ with extension *.json
[2025-06-11T18:25:48.527+0000] {logging_mixin.py:190} INFO - Deleted all files in /opt/***/extraction/mercadolivre/data/shipping_cost_ml/ with extension *.json
[2025-06-11T18:25:48.530+0000] {logging_mixin.py:190} INFO - Deleted all files in /opt/***/extraction/mercadolivre/data/shipping_cost_ml/ with extension *.json
[2025-06-11T18:25:48.533+0000] {logging_mixin.py:190} INFO - Deleted all files in /opt/***/extraction/mercadolivre/data/shipping_cost_ml/ with extension *.json
[2025-06-11T18:25:48.536+0000] {logging_mixin.py:190} INFO - Deleted all files in /opt/***/extraction/mercadolivre/data/shipping_cost_ml/ with extension *.json
[2025-06-11T18:25:48.539+0000] {logging_mixin.py:190} INFO - Deleted all files in /opt/***/extraction/mercadolivre/data/shipping_cost_ml/ with extension *.json
[2025-06-11T18:25:48.542+0000] {logging_mixin.py:190} INFO - Deleted all files in /opt/***/extraction/mercadolivre/data/shipping_cost_ml/ with extension *.json
[2025-06-11T18:25:48.545+0000] {logging_mixin.py:190} INFO - Deleted all files in /opt/***/extraction/mercadolivre/data/shipping_cost_ml/ with extension *.json
[2025-06-11T18:25:48.549+0000] {logging_mixin.py:190} INFO - Deleted all files in /opt/***/extraction/mercadolivre/data/shipping_cost_ml/ with extension *.json
[2025-06-11T18:25:48.552+0000] {logging_mixin.py:190} INFO - Deleted all files in /opt/***/extraction/mercadolivre/data/shipping_cost_ml/ with extension *.json
[2025-06-11T18:25:48.556+0000] {logging_mixin.py:190} INFO - Deleted all files in /opt/***/extraction/mercadolivre/data/shipping_cost_ml/ with extension *.json
[2025-06-11T18:25:48.559+0000] {logging_mixin.py:190} INFO - Deleted all files in /opt/***/extraction/mercadolivre/data/shipping_cost_ml/ with extension *.json
[2025-06-11T18:25:48.562+0000] {logging_mixin.py:190} INFO - Deleted all files in /opt/***/extraction/mercadolivre/data/shipping_cost_ml/ with extension *.json
[2025-06-11T18:25:48.564+0000] {logging_mixin.py:190} INFO - Deleted all files in /opt/***/extraction/mercadolivre/data/shipping_cost_ml/ with extension *.json
[2025-06-11T18:25:48.567+0000] {logging_mixin.py:190} INFO - Deleted all files in /opt/***/extraction/mercadolivre/data/shipping_cost_ml/ with extension *.json
[2025-06-11T18:25:48.569+0000] {logging_mixin.py:190} INFO - Deleted all files in /opt/***/extraction/mercadolivre/data/shipping_cost_ml/ with extension *.json
[2025-06-11T18:25:48.572+0000] {logging_mixin.py:190} INFO - Deleted all files in /opt/***/extraction/mercadolivre/data/shipping_cost_ml/ with extension *.json
[2025-06-11T18:25:48.576+0000] {logging_mixin.py:190} INFO - Deleted all files in /opt/***/extraction/mercadolivre/data/shipping_cost_ml/ with extension *.json
[2025-06-11T18:25:48.578+0000] {logging_mixin.py:190} INFO - Deleted all files in /opt/***/extraction/mercadolivre/data/shipping_cost_ml/ with extension *.json
[2025-06-11T18:25:48.581+0000] {logging_mixin.py:190} INFO - Deleted all files in /opt/***/extraction/mercadolivre/data/shipping_cost_ml/ with extension *.json
[2025-06-11T18:25:48.585+0000] {logging_mixin.py:190} INFO - Deleted all files in /opt/***/extraction/mercadolivre/data/shipping_cost_ml/ with extension *.json
[2025-06-11T18:25:48.588+0000] {logging_mixin.py:190} INFO - Deleted all files in /opt/***/extraction/mercadolivre/data/shipping_cost_ml/ with extension *.json
[2025-06-11T18:25:48.591+0000] {logging_mixin.py:190} INFO - Deleted all files in /opt/***/extraction/mercadolivre/data/shipping_cost_ml/ with extension *.json
[2025-06-11T18:25:48.593+0000] {logging_mixin.py:190} INFO - Deleted all files in /opt/***/extraction/mercadolivre/data/shipping_cost_ml/ with extension *.json
[2025-06-11T18:25:48.596+0000] {logging_mixin.py:190} INFO - Deleted all files in /opt/***/extraction/mercadolivre/data/shipping_cost_ml/ with extension *.json
[2025-06-11T18:25:48.599+0000] {logging_mixin.py:190} INFO - Deleted all files in /opt/***/extraction/mercadolivre/data/shipping_cost_ml/ with extension *.json
[2025-06-11T18:25:48.602+0000] {logging_mixin.py:190} INFO - Deleted all files in /opt/***/extraction/mercadolivre/data/shipping_cost_ml/ with extension *.json
[2025-06-11T18:25:48.605+0000] {logging_mixin.py:190} INFO - Deleted all files in /opt/***/extraction/mercadolivre/data/shipping_cost_ml/ with extension *.json
[2025-06-11T18:25:48.607+0000] {logging_mixin.py:190} INFO - Deleted all files in /opt/***/extraction/mercadolivre/data/shipping_cost_ml/ with extension *.json
[2025-06-11T18:25:48.610+0000] {logging_mixin.py:190} INFO - Deleted all files in /opt/***/extraction/mercadolivre/data/shipping_cost_ml/ with extension *.json
[2025-06-11T18:25:48.613+0000] {logging_mixin.py:190} INFO - Deleted all files in /opt/***/extraction/mercadolivre/data/shipping_cost_ml/ with extension *.json
[2025-06-11T18:25:48.616+0000] {logging_mixin.py:190} INFO - Deleted all files in /opt/***/extraction/mercadolivre/data/shipping_cost_ml/ with extension *.json
[2025-06-11T18:25:48.618+0000] {logging_mixin.py:190} INFO - Deleted all files in /opt/***/extraction/mercadolivre/data/shipping_cost_ml/ with extension *.json
[2025-06-11T18:25:48.621+0000] {logging_mixin.py:190} INFO - Deleted all files in /opt/***/extraction/mercadolivre/data/shipping_cost_ml/ with extension *.json
[2025-06-11T18:25:48.624+0000] {logging_mixin.py:190} INFO - Deleted all files in /opt/***/extraction/mercadolivre/data/shipping_cost_ml/ with extension *.json
[2025-06-11T18:25:48.628+0000] {logging_mixin.py:190} INFO - Deleted all files in /opt/***/extraction/mercadolivre/data/shipping_cost_ml/ with extension *.json
[2025-06-11T18:25:48.630+0000] {logging_mixin.py:190} INFO - Deleted all files in /opt/***/extraction/mercadolivre/data/shipping_cost_ml/ with extension *.json
[2025-06-11T18:25:48.633+0000] {logging_mixin.py:190} INFO - Deleted all files in /opt/***/extraction/mercadolivre/data/shipping_cost_ml/ with extension *.json
[2025-06-11T18:25:48.636+0000] {logging_mixin.py:190} INFO - Deleted all files in /opt/***/extraction/mercadolivre/data/shipping_cost_ml/ with extension *.json
[2025-06-11T18:25:48.639+0000] {logging_mixin.py:190} INFO - Deleted all files in /opt/***/extraction/mercadolivre/data/shipping_cost_ml/ with extension *.json
[2025-06-11T18:25:48.641+0000] {logging_mixin.py:190} INFO - Deleted all files in /opt/***/extraction/mercadolivre/data/shipping_cost_ml/ with extension *.json
[2025-06-11T18:25:48.643+0000] {logging_mixin.py:190} INFO - Deleted all files in /opt/***/extraction/mercadolivre/data/shipping_cost_ml/ with extension *.json
[2025-06-11T18:25:48.646+0000] {logging_mixin.py:190} INFO - Deleted all files in /opt/***/extraction/mercadolivre/data/shipping_cost_ml/ with extension *.json
[2025-06-11T18:25:48.648+0000] {logging_mixin.py:190} INFO - Deleted all files in /opt/***/extraction/mercadolivre/data/shipping_cost_ml/ with extension *.json
[2025-06-11T18:25:48.650+0000] {logging_mixin.py:190} INFO - Deleted all files in /opt/***/extraction/mercadolivre/data/shipping_cost_ml/ with extension *.json
[2025-06-11T18:25:48.653+0000] {logging_mixin.py:190} INFO - Deleted all files in /opt/***/extraction/mercadolivre/data/shipping_cost_ml/ with extension *.json
[2025-06-11T18:25:48.655+0000] {logging_mixin.py:190} INFO - Deleted all files in /opt/***/extraction/mercadolivre/data/shipping_cost_ml/ with extension *.json
[2025-06-11T18:25:48.657+0000] {logging_mixin.py:190} INFO - Deleted all files in /opt/***/extraction/mercadolivre/data/shipping_cost_ml/ with extension *.json
[2025-06-11T18:25:48.659+0000] {logging_mixin.py:190} INFO - Deleted all files in /opt/***/extraction/mercadolivre/data/shipping_cost_ml/ with extension *.json
[2025-06-11T18:25:48.661+0000] {logging_mixin.py:190} INFO - Deleted all files in /opt/***/extraction/mercadolivre/data/shipping_cost_ml/ with extension *.json
[2025-06-11T18:25:48.664+0000] {logging_mixin.py:190} INFO - Deleted all files in /opt/***/extraction/mercadolivre/data/shipping_cost_ml/ with extension *.json
[2025-06-11T18:25:48.666+0000] {logging_mixin.py:190} INFO - Deleted all files in /opt/***/extraction/mercadolivre/data/shipping_cost_ml/ with extension *.json
[2025-06-11T18:25:48.668+0000] {logging_mixin.py:190} INFO - Deleted all files in /opt/***/extraction/mercadolivre/data/shipping_cost_ml/ with extension *.json
[2025-06-11T18:25:48.671+0000] {logging_mixin.py:190} INFO - Deleted all files in /opt/***/extraction/mercadolivre/data/shipping_cost_ml/ with extension *.json
[2025-06-11T18:25:48.673+0000] {logging_mixin.py:190} INFO - Deleted all files in /opt/***/extraction/mercadolivre/data/shipping_cost_ml/ with extension *.json
[2025-06-11T18:25:48.675+0000] {logging_mixin.py:190} INFO - Deleted all files in /opt/***/extraction/mercadolivre/data/shipping_cost_ml/ with extension *.json
[2025-06-11T18:25:48.678+0000] {logging_mixin.py:190} INFO - Deleted all files in /opt/***/extraction/mercadolivre/data/shipping_cost_ml/ with extension *.json
[2025-06-11T18:25:48.680+0000] {logging_mixin.py:190} INFO - Deleted all files in /opt/***/extraction/mercadolivre/data/shipping_cost_ml/ with extension *.json
[2025-06-11T18:25:48.682+0000] {logging_mixin.py:190} INFO - Deleted all files in /opt/***/extraction/mercadolivre/data/shipping_cost_ml/ with extension *.json
[2025-06-11T18:25:48.685+0000] {logging_mixin.py:190} INFO - Deleted all files in /opt/***/extraction/mercadolivre/data/shipping_cost_ml/ with extension *.json
[2025-06-11T18:25:48.687+0000] {logging_mixin.py:190} INFO - Deleted all files in /opt/***/extraction/mercadolivre/data/shipping_cost_ml/ with extension *.json
[2025-06-11T18:25:48.689+0000] {logging_mixin.py:190} INFO - Deleted all files in /opt/***/extraction/mercadolivre/data/shipping_cost_ml/ with extension *.json
[2025-06-11T18:25:48.692+0000] {logging_mixin.py:190} INFO - Deleted all files in /opt/***/extraction/mercadolivre/data/shipping_cost_ml/ with extension *.json
[2025-06-11T18:25:48.694+0000] {logging_mixin.py:190} INFO - Deleted all files in /opt/***/extraction/mercadolivre/data/shipping_cost_ml/ with extension *.json
[2025-06-11T18:25:48.696+0000] {logging_mixin.py:190} INFO - Deleted all files in /opt/***/extraction/mercadolivre/data/shipping_cost_ml/ with extension *.json
[2025-06-11T18:25:48.699+0000] {logging_mixin.py:190} INFO - Deleted all files in /opt/***/extraction/mercadolivre/data/shipping_cost_ml/ with extension *.json
[2025-06-11T18:25:48.701+0000] {logging_mixin.py:190} INFO - Deleted all files in /opt/***/extraction/mercadolivre/data/shipping_cost_ml/ with extension *.json
[2025-06-11T18:25:48.704+0000] {logging_mixin.py:190} INFO - Deleted all files in /opt/***/extraction/mercadolivre/data/shipping_cost_ml/ with extension *.json
[2025-06-11T18:25:48.707+0000] {logging_mixin.py:190} INFO - Deleted all files in /opt/***/extraction/mercadolivre/data/shipping_cost_ml/ with extension *.json
[2025-06-11T18:25:48.710+0000] {logging_mixin.py:190} INFO - Deleted all files in /opt/***/extraction/mercadolivre/data/shipping_cost_ml/ with extension *.json
[2025-06-11T18:25:48.712+0000] {logging_mixin.py:190} INFO - Deleted all files in /opt/***/extraction/mercadolivre/data/shipping_cost_ml/ with extension *.json
[2025-06-11T18:25:48.715+0000] {logging_mixin.py:190} INFO - Deleted all files in /opt/***/extraction/mercadolivre/data/shipping_cost_ml/ with extension *.json
[2025-06-11T18:25:48.718+0000] {logging_mixin.py:190} INFO - Deleted all files in /opt/***/extraction/mercadolivre/data/shipping_cost_ml/ with extension *.json
[2025-06-11T18:25:48.720+0000] {logging_mixin.py:190} INFO - Deleted all files in /opt/***/extraction/mercadolivre/data/shipping_cost_ml/ with extension *.json
[2025-06-11T18:25:48.723+0000] {logging_mixin.py:190} INFO - Deleted all files in /opt/***/extraction/mercadolivre/data/shipping_cost_ml/ with extension *.json
[2025-06-11T18:25:48.725+0000] {logging_mixin.py:190} INFO - Deleted all files in /opt/***/extraction/mercadolivre/data/shipping_cost_ml/ with extension *.json
[2025-06-11T18:25:48.729+0000] {logging_mixin.py:190} INFO - Deleted all files in /opt/***/extraction/mercadolivre/data/shipping_cost_ml/ with extension *.json
[2025-06-11T18:25:48.732+0000] {logging_mixin.py:190} INFO - Deleted all files in /opt/***/extraction/mercadolivre/data/shipping_cost_ml/ with extension *.json
[2025-06-11T18:25:48.734+0000] {logging_mixin.py:190} INFO - Deleted all files in /opt/***/extraction/mercadolivre/data/shipping_cost_ml/ with extension *.json
[2025-06-11T18:25:48.737+0000] {logging_mixin.py:190} INFO - Deleted all files in /opt/***/extraction/mercadolivre/data/shipping_cost_ml/ with extension *.json
[2025-06-11T18:25:48.740+0000] {logging_mixin.py:190} INFO - Deleted all files in /opt/***/extraction/mercadolivre/data/shipping_cost_ml/ with extension *.json
[2025-06-11T18:25:48.742+0000] {logging_mixin.py:190} INFO - Deleted all files in /opt/***/extraction/mercadolivre/data/shipping_cost_ml/ with extension *.json
[2025-06-11T18:25:48.745+0000] {logging_mixin.py:190} INFO - Deleted all files in /opt/***/extraction/mercadolivre/data/shipping_cost_ml/ with extension *.json
[2025-06-11T18:25:48.747+0000] {logging_mixin.py:190} INFO - Deleted all files in /opt/***/extraction/mercadolivre/data/shipping_cost_ml/ with extension *.json
[2025-06-11T18:25:48.750+0000] {logging_mixin.py:190} INFO - Deleted all files in /opt/***/extraction/mercadolivre/data/shipping_cost_ml/ with extension *.json
[2025-06-11T18:25:48.753+0000] {logging_mixin.py:190} INFO - Deleted all files in /opt/***/extraction/mercadolivre/data/shipping_cost_ml/ with extension *.json
[2025-06-11T18:25:48.756+0000] {logging_mixin.py:190} INFO - Deleted all files in /opt/***/extraction/mercadolivre/data/shipping_cost_ml/ with extension *.json
[2025-06-11T18:25:48.759+0000] {logging_mixin.py:190} INFO - Deleted all files in /opt/***/extraction/mercadolivre/data/shipping_cost_ml/ with extension *.json
[2025-06-11T18:25:48.761+0000] {logging_mixin.py:190} INFO - Deleted all files in /opt/***/extraction/mercadolivre/data/shipping_cost_ml/ with extension *.json
[2025-06-11T18:25:48.764+0000] {logging_mixin.py:190} INFO - Deleted all files in /opt/***/extraction/mercadolivre/data/shipping_cost_ml/ with extension *.json
[2025-06-11T18:25:48.767+0000] {logging_mixin.py:190} INFO - Deleted all files in /opt/***/extraction/mercadolivre/data/shipping_cost_ml/ with extension *.json
[2025-06-11T18:25:48.770+0000] {logging_mixin.py:190} INFO - Deleted all files in /opt/***/extraction/mercadolivre/data/shipping_cost_ml/ with extension *.json
[2025-06-11T18:25:48.772+0000] {logging_mixin.py:190} INFO - Deleted all files in /opt/***/extraction/mercadolivre/data/shipping_cost_ml/ with extension *.json
[2025-06-11T18:25:48.775+0000] {logging_mixin.py:190} INFO - Deleted all files in /opt/***/extraction/mercadolivre/data/shipping_cost_ml/ with extension *.json
[2025-06-11T18:25:48.779+0000] {logging_mixin.py:190} INFO - Deleted all files in /opt/***/extraction/mercadolivre/data/shipping_cost_ml/ with extension *.json
[2025-06-11T18:25:48.781+0000] {logging_mixin.py:190} INFO - Deleted all files in /opt/***/extraction/mercadolivre/data/shipping_cost_ml/ with extension *.json
[2025-06-11T18:25:48.784+0000] {logging_mixin.py:190} INFO - Deleted all files in /opt/***/extraction/mercadolivre/data/shipping_cost_ml/ with extension *.json
[2025-06-11T18:25:48.787+0000] {logging_mixin.py:190} INFO - Deleted all files in /opt/***/extraction/mercadolivre/data/shipping_cost_ml/ with extension *.json
[2025-06-11T18:25:48.790+0000] {logging_mixin.py:190} INFO - Deleted all files in /opt/***/extraction/mercadolivre/data/shipping_cost_ml/ with extension *.json
[2025-06-11T18:25:48.793+0000] {logging_mixin.py:190} INFO - Deleted all files in /opt/***/extraction/mercadolivre/data/shipping_cost_ml/ with extension *.json
[2025-06-11T18:25:48.795+0000] {logging_mixin.py:190} INFO - Deleted all files in /opt/***/extraction/mercadolivre/data/shipping_cost_ml/ with extension *.json
[2025-06-11T18:25:48.798+0000] {logging_mixin.py:190} INFO - Deleted all files in /opt/***/extraction/mercadolivre/data/shipping_cost_ml/ with extension *.json
[2025-06-11T18:25:48.801+0000] {logging_mixin.py:190} INFO - Deleted all files in /opt/***/extraction/mercadolivre/data/shipping_cost_ml/ with extension *.json
[2025-06-11T18:25:48.805+0000] {logging_mixin.py:190} INFO - Deleted all files in /opt/***/extraction/mercadolivre/data/shipping_cost_ml/ with extension *.json
[2025-06-11T18:25:48.808+0000] {logging_mixin.py:190} INFO - Deleted all files in /opt/***/extraction/mercadolivre/data/shipping_cost_ml/ with extension *.json
[2025-06-11T18:25:48.811+0000] {logging_mixin.py:190} INFO - Deleted all files in /opt/***/extraction/mercadolivre/data/shipping_cost_ml/ with extension *.json
[2025-06-11T18:25:48.814+0000] {logging_mixin.py:190} INFO - Deleted all files in /opt/***/extraction/mercadolivre/data/shipping_cost_ml/ with extension *.json
[2025-06-11T18:25:48.817+0000] {logging_mixin.py:190} INFO - Deleted all files in /opt/***/extraction/mercadolivre/data/shipping_cost_ml/ with extension *.json
[2025-06-11T18:25:48.820+0000] {logging_mixin.py:190} INFO - Deleted all files in /opt/***/extraction/mercadolivre/data/shipping_cost_ml/ with extension *.json
[2025-06-11T18:25:48.822+0000] {logging_mixin.py:190} INFO - Deleted all files in /opt/***/extraction/mercadolivre/data/shipping_cost_ml/ with extension *.json
[2025-06-11T18:25:48.825+0000] {logging_mixin.py:190} INFO - Deleted all files in /opt/***/extraction/mercadolivre/data/shipping_cost_ml/ with extension *.json
[2025-06-11T18:25:48.828+0000] {logging_mixin.py:190} INFO - Deleted all files in /opt/***/extraction/mercadolivre/data/shipping_cost_ml/ with extension *.json
[2025-06-11T18:25:48.831+0000] {logging_mixin.py:190} INFO - Deleted all files in /opt/***/extraction/mercadolivre/data/shipping_cost_ml/ with extension *.json
[2025-06-11T18:25:48.834+0000] {logging_mixin.py:190} INFO - Deleted all files in /opt/***/extraction/mercadolivre/data/shipping_cost_ml/ with extension *.json
[2025-06-11T18:25:48.837+0000] {logging_mixin.py:190} INFO - Deleted all files in /opt/***/extraction/mercadolivre/data/shipping_cost_ml/ with extension *.json
[2025-06-11T18:25:48.840+0000] {logging_mixin.py:190} INFO - Deleted all files in /opt/***/extraction/mercadolivre/data/shipping_cost_ml/ with extension *.json
[2025-06-11T18:25:48.842+0000] {logging_mixin.py:190} INFO - Deleted all files in /opt/***/extraction/mercadolivre/data/shipping_cost_ml/ with extension *.json
[2025-06-11T18:25:48.845+0000] {logging_mixin.py:190} INFO - Deleted all files in /opt/***/extraction/mercadolivre/data/shipping_cost_ml/ with extension *.json
[2025-06-11T18:25:48.848+0000] {logging_mixin.py:190} INFO - Deleted all files in /opt/***/extraction/mercadolivre/data/shipping_cost_ml/ with extension *.json
[2025-06-11T18:25:48.851+0000] {logging_mixin.py:190} INFO - Deleted all files in /opt/***/extraction/mercadolivre/data/shipping_cost_ml/ with extension *.json
[2025-06-11T18:25:48.853+0000] {logging_mixin.py:190} INFO - Deleted all files in /opt/***/extraction/mercadolivre/data/shipping_cost_ml/ with extension *.json
[2025-06-11T18:25:48.856+0000] {logging_mixin.py:190} INFO - Deleted all files in /opt/***/extraction/mercadolivre/data/shipping_cost_ml/ with extension *.json
[2025-06-11T18:25:48.859+0000] {logging_mixin.py:190} INFO - Deleted all files in /opt/***/extraction/mercadolivre/data/shipping_cost_ml/ with extension *.json
[2025-06-11T18:25:48.862+0000] {logging_mixin.py:190} INFO - Deleted all files in /opt/***/extraction/mercadolivre/data/shipping_cost_ml/ with extension *.json
[2025-06-11T18:25:48.864+0000] {logging_mixin.py:190} INFO - Deleted all files in /opt/***/extraction/mercadolivre/data/shipping_cost_ml/ with extension *.json
[2025-06-11T18:25:48.867+0000] {logging_mixin.py:190} INFO - Deleted all files in /opt/***/extraction/mercadolivre/data/shipping_cost_ml/ with extension *.json
[2025-06-11T18:25:48.870+0000] {logging_mixin.py:190} INFO - Deleted all files in /opt/***/extraction/mercadolivre/data/shipping_cost_ml/ with extension *.json
[2025-06-11T18:25:48.872+0000] {logging_mixin.py:190} INFO - Deleted all files in /opt/***/extraction/mercadolivre/data/shipping_cost_ml/ with extension *.json
[2025-06-11T18:25:48.875+0000] {logging_mixin.py:190} INFO - Deleted all files in /opt/***/extraction/mercadolivre/data/shipping_cost_ml/ with extension *.json
[2025-06-11T18:25:48.878+0000] {logging_mixin.py:190} INFO - Deleted all files in /opt/***/extraction/mercadolivre/data/shipping_cost_ml/ with extension *.json
[2025-06-11T18:25:48.881+0000] {logging_mixin.py:190} INFO - Deleted all files in /opt/***/extraction/mercadolivre/data/shipping_cost_ml/ with extension *.json
[2025-06-11T18:25:48.884+0000] {logging_mixin.py:190} INFO - Deleted all files in /opt/***/extraction/mercadolivre/data/shipping_cost_ml/ with extension *.json
[2025-06-11T18:25:48.886+0000] {logging_mixin.py:190} INFO - Deleted all files in /opt/***/extraction/mercadolivre/data/shipping_cost_ml/ with extension *.json
[2025-06-11T18:25:48.890+0000] {logging_mixin.py:190} INFO - Deleted all files in /opt/***/extraction/mercadolivre/data/shipping_cost_ml/ with extension *.json
[2025-06-11T18:25:48.892+0000] {logging_mixin.py:190} INFO - Deleted all files in /opt/***/extraction/mercadolivre/data/shipping_cost_ml/ with extension *.json
[2025-06-11T18:25:48.895+0000] {logging_mixin.py:190} INFO - Deleted all files in /opt/***/extraction/mercadolivre/data/shipping_cost_ml/ with extension *.json
[2025-06-11T18:25:48.898+0000] {logging_mixin.py:190} INFO - Deleted all files in /opt/***/extraction/mercadolivre/data/shipping_cost_ml/ with extension *.json
[2025-06-11T18:25:48.901+0000] {logging_mixin.py:190} INFO - Deleted all files in /opt/***/extraction/mercadolivre/data/shipping_cost_ml/ with extension *.json
[2025-06-11T18:25:48.904+0000] {logging_mixin.py:190} INFO - Deleted all files in /opt/***/extraction/mercadolivre/data/shipping_cost_ml/ with extension *.json
[2025-06-11T18:25:48.906+0000] {logging_mixin.py:190} INFO - Deleted all files in /opt/***/extraction/mercadolivre/data/shipping_cost_ml/ with extension *.json
[2025-06-11T18:25:48.909+0000] {logging_mixin.py:190} INFO - Deleted all files in /opt/***/extraction/mercadolivre/data/shipping_cost_ml/ with extension *.json
[2025-06-11T18:25:48.911+0000] {logging_mixin.py:190} INFO - Deleted all files in /opt/***/extraction/mercadolivre/data/shipping_cost_ml/ with extension *.json
[2025-06-11T18:25:48.913+0000] {logging_mixin.py:190} INFO - Deleted all files in /opt/***/extraction/mercadolivre/data/shipping_cost_ml/ with extension *.json
[2025-06-11T18:25:48.916+0000] {logging_mixin.py:190} INFO - Deleted all files in /opt/***/extraction/mercadolivre/data/shipping_cost_ml/ with extension *.json
[2025-06-11T18:25:48.918+0000] {logging_mixin.py:190} INFO - Deleted all files in /opt/***/extraction/mercadolivre/data/shipping_cost_ml/ with extension *.json
[2025-06-11T18:25:48.920+0000] {logging_mixin.py:190} INFO - Deleted all files in /opt/***/extraction/mercadolivre/data/shipping_cost_ml/ with extension *.json
[2025-06-11T18:25:48.923+0000] {logging_mixin.py:190} INFO - Deleted all files in /opt/***/extraction/mercadolivre/data/shipping_cost_ml/ with extension *.json
[2025-06-11T18:25:48.926+0000] {logging_mixin.py:190} INFO - Deleted all files in /opt/***/extraction/mercadolivre/data/shipping_cost_ml/ with extension *.json
[2025-06-11T18:25:48.928+0000] {logging_mixin.py:190} INFO - Deleted all files in /opt/***/extraction/mercadolivre/data/shipping_cost_ml/ with extension *.json
[2025-06-11T18:25:48.931+0000] {logging_mixin.py:190} INFO - Deleted all files in /opt/***/extraction/mercadolivre/data/shipping_cost_ml/ with extension *.json
[2025-06-11T18:25:48.933+0000] {logging_mixin.py:190} INFO - Deleted all files in /opt/***/extraction/mercadolivre/data/shipping_cost_ml/ with extension *.json
[2025-06-11T18:25:48.936+0000] {logging_mixin.py:190} INFO - Deleted all files in /opt/***/extraction/mercadolivre/data/shipping_cost_ml/ with extension *.json
[2025-06-11T18:25:48.939+0000] {logging_mixin.py:190} INFO - Deleted all files in /opt/***/extraction/mercadolivre/data/shipping_cost_ml/ with extension *.json
[2025-06-11T18:25:48.941+0000] {logging_mixin.py:190} INFO - Deleted all files in /opt/***/extraction/mercadolivre/data/shipping_cost_ml/ with extension *.json
[2025-06-11T18:25:48.944+0000] {logging_mixin.py:190} INFO - Deleted all files in /opt/***/extraction/mercadolivre/data/shipping_cost_ml/ with extension *.json
[2025-06-11T18:25:48.947+0000] {logging_mixin.py:190} INFO - Deleted all files in /opt/***/extraction/mercadolivre/data/shipping_cost_ml/ with extension *.json
[2025-06-11T18:25:48.951+0000] {logging_mixin.py:190} INFO - Deleted all files in /opt/***/extraction/mercadolivre/data/shipping_cost_ml/ with extension *.json
[2025-06-11T18:25:48.954+0000] {logging_mixin.py:190} INFO - Deleted all files in /opt/***/extraction/mercadolivre/data/shipping_cost_ml/ with extension *.json
[2025-06-11T18:25:48.957+0000] {logging_mixin.py:190} INFO - Deleted all files in /opt/***/extraction/mercadolivre/data/shipping_cost_ml/ with extension *.json
[2025-06-11T18:25:48.959+0000] {logging_mixin.py:190} INFO - Deleted all files in /opt/***/extraction/mercadolivre/data/shipping_cost_ml/ with extension *.json
[2025-06-11T18:25:48.962+0000] {logging_mixin.py:190} INFO - Deleted all files in /opt/***/extraction/mercadolivre/data/shipping_cost_ml/ with extension *.json
[2025-06-11T18:25:48.965+0000] {logging_mixin.py:190} INFO - Deleted all files in /opt/***/extraction/mercadolivre/data/shipping_cost_ml/ with extension *.json
[2025-06-11T18:25:48.968+0000] {logging_mixin.py:190} INFO - Deleted all files in /opt/***/extraction/mercadolivre/data/shipping_cost_ml/ with extension *.json
[2025-06-11T18:25:48.971+0000] {logging_mixin.py:190} INFO - Deleted all files in /opt/***/extraction/mercadolivre/data/shipping_cost_ml/ with extension *.json
[2025-06-11T18:25:48.974+0000] {logging_mixin.py:190} INFO - Deleted all files in /opt/***/extraction/mercadolivre/data/shipping_cost_ml/ with extension *.json
[2025-06-11T18:25:48.976+0000] {logging_mixin.py:190} INFO - Deleted all files in /opt/***/extraction/mercadolivre/data/shipping_cost_ml/ with extension *.json
[2025-06-11T18:25:48.978+0000] {logging_mixin.py:190} INFO - Deleted all files in /opt/***/extraction/mercadolivre/data/shipping_cost_ml/ with extension *.json
[2025-06-11T18:25:48.981+0000] {logging_mixin.py:190} INFO - Deleted all files in /opt/***/extraction/mercadolivre/data/shipping_cost_ml/ with extension *.json
[2025-06-11T18:25:48.984+0000] {logging_mixin.py:190} INFO - Deleted all files in /opt/***/extraction/mercadolivre/data/shipping_cost_ml/ with extension *.json
[2025-06-11T18:25:48.986+0000] {logging_mixin.py:190} INFO - Deleted all files in /opt/***/extraction/mercadolivre/data/shipping_cost_ml/ with extension *.json
[2025-06-11T18:25:48.989+0000] {logging_mixin.py:190} INFO - Deleted all files in /opt/***/extraction/mercadolivre/data/shipping_cost_ml/ with extension *.json
[2025-06-11T18:25:48.991+0000] {logging_mixin.py:190} INFO - Deleted all files in /opt/***/extraction/mercadolivre/data/shipping_cost_ml/ with extension *.json
[2025-06-11T18:25:48.994+0000] {logging_mixin.py:190} INFO - Deleted all files in /opt/***/extraction/mercadolivre/data/shipping_cost_ml/ with extension *.json
[2025-06-11T18:25:48.996+0000] {logging_mixin.py:190} INFO - Deleted all files in /opt/***/extraction/mercadolivre/data/shipping_cost_ml/ with extension *.json
[2025-06-11T18:25:48.999+0000] {logging_mixin.py:190} INFO - Deleted all files in /opt/***/extraction/mercadolivre/data/shipping_cost_ml/ with extension *.json
[2025-06-11T18:25:49.002+0000] {logging_mixin.py:190} INFO - Deleted all files in /opt/***/extraction/mercadolivre/data/shipping_cost_ml/ with extension *.json
[2025-06-11T18:25:49.004+0000] {logging_mixin.py:190} INFO - Deleted all files in /opt/***/extraction/mercadolivre/data/shipping_cost_ml/ with extension *.json
[2025-06-11T18:25:49.007+0000] {logging_mixin.py:190} INFO - Deleted all files in /opt/***/extraction/mercadolivre/data/shipping_cost_ml/ with extension *.json
[2025-06-11T18:25:49.009+0000] {logging_mixin.py:190} INFO - Deleted all files in /opt/***/extraction/mercadolivre/data/shipping_cost_ml/ with extension *.json
[2025-06-11T18:25:49.012+0000] {logging_mixin.py:190} INFO - Deleted all files in /opt/***/extraction/mercadolivre/data/shipping_cost_ml/ with extension *.json
[2025-06-11T18:25:49.014+0000] {logging_mixin.py:190} INFO - Deleted all files in /opt/***/extraction/mercadolivre/data/shipping_cost_ml/ with extension *.json
[2025-06-11T18:25:49.017+0000] {logging_mixin.py:190} INFO - Deleted all files in /opt/***/extraction/mercadolivre/data/shipping_cost_ml/ with extension *.json
[2025-06-11T18:25:49.019+0000] {logging_mixin.py:190} INFO - Deleted all files in /opt/***/extraction/mercadolivre/data/shipping_cost_ml/ with extension *.json
[2025-06-11T18:25:49.022+0000] {logging_mixin.py:190} INFO - Deleted all files in /opt/***/extraction/mercadolivre/data/shipping_cost_ml/ with extension *.json
[2025-06-11T18:25:49.025+0000] {logging_mixin.py:190} INFO - Deleted all files in /opt/***/extraction/mercadolivre/data/shipping_cost_ml/ with extension *.json
[2025-06-11T18:25:49.027+0000] {logging_mixin.py:190} INFO - Deleted all files in /opt/***/extraction/mercadolivre/data/shipping_cost_ml/ with extension *.json
[2025-06-11T18:25:49.029+0000] {logging_mixin.py:190} INFO - Deleted all files in /opt/***/extraction/mercadolivre/data/shipping_cost_ml/ with extension *.json
[2025-06-11T18:25:49.032+0000] {logging_mixin.py:190} INFO - Deleted all files in /opt/***/extraction/mercadolivre/data/shipping_cost_ml/ with extension *.json
[2025-06-11T18:25:49.035+0000] {logging_mixin.py:190} INFO - Deleted all files in /opt/***/extraction/mercadolivre/data/shipping_cost_ml/ with extension *.json
[2025-06-11T18:25:49.038+0000] {logging_mixin.py:190} INFO - Deleted all files in /opt/***/extraction/mercadolivre/data/shipping_cost_ml/ with extension *.json
[2025-06-11T18:25:49.041+0000] {logging_mixin.py:190} INFO - Deleted all files in /opt/***/extraction/mercadolivre/data/shipping_cost_ml/ with extension *.json
[2025-06-11T18:25:49.043+0000] {logging_mixin.py:190} INFO - Deleted all files in /opt/***/extraction/mercadolivre/data/shipping_cost_ml/ with extension *.json
[2025-06-11T18:25:49.046+0000] {logging_mixin.py:190} INFO - Deleted all files in /opt/***/extraction/mercadolivre/data/shipping_cost_ml/ with extension *.json
[2025-06-11T18:25:49.048+0000] {logging_mixin.py:190} INFO - Deleted all files in /opt/***/extraction/mercadolivre/data/shipping_cost_ml/ with extension *.json
[2025-06-11T18:25:49.051+0000] {logging_mixin.py:190} INFO - Deleted all files in /opt/***/extraction/mercadolivre/data/shipping_cost_ml/ with extension *.json
[2025-06-11T18:25:49.053+0000] {logging_mixin.py:190} INFO - Deleted all files in /opt/***/extraction/mercadolivre/data/shipping_cost_ml/ with extension *.json
[2025-06-11T18:25:49.056+0000] {logging_mixin.py:190} INFO - Deleted all files in /opt/***/extraction/mercadolivre/data/shipping_cost_ml/ with extension *.json
[2025-06-11T18:25:49.058+0000] {logging_mixin.py:190} INFO - Deleted all files in /opt/***/extraction/mercadolivre/data/shipping_cost_ml/ with extension *.json
[2025-06-11T18:25:49.060+0000] {logging_mixin.py:190} INFO - Deleted all files in /opt/***/extraction/mercadolivre/data/shipping_cost_ml/ with extension *.json
[2025-06-11T18:25:49.063+0000] {logging_mixin.py:190} INFO - Deleted all files in /opt/***/extraction/mercadolivre/data/shipping_cost_ml/ with extension *.json
[2025-06-11T18:25:49.066+0000] {logging_mixin.py:190} INFO - Deleted all files in /opt/***/extraction/mercadolivre/data/shipping_cost_ml/ with extension *.json
[2025-06-11T18:25:49.069+0000] {logging_mixin.py:190} INFO - Deleted all files in /opt/***/extraction/mercadolivre/data/shipping_cost_ml/ with extension *.json
[2025-06-11T18:25:49.072+0000] {logging_mixin.py:190} INFO - Deleted all files in /opt/***/extraction/mercadolivre/data/shipping_cost_ml/ with extension *.json
[2025-06-11T18:25:49.074+0000] {logging_mixin.py:190} INFO - Deleted all files in /opt/***/extraction/mercadolivre/data/shipping_cost_ml/ with extension *.json
[2025-06-11T18:25:49.077+0000] {logging_mixin.py:190} INFO - Deleted all files in /opt/***/extraction/mercadolivre/data/shipping_cost_ml/ with extension *.json
[2025-06-11T18:25:49.079+0000] {logging_mixin.py:190} INFO - Deleted all files in /opt/***/extraction/mercadolivre/data/shipping_cost_ml/ with extension *.json
[2025-06-11T18:25:49.082+0000] {logging_mixin.py:190} INFO - Deleted all files in /opt/***/extraction/mercadolivre/data/shipping_cost_ml/ with extension *.json
[2025-06-11T18:25:49.085+0000] {logging_mixin.py:190} INFO - Deleted all files in /opt/***/extraction/mercadolivre/data/shipping_cost_ml/ with extension *.json
[2025-06-11T18:25:49.087+0000] {logging_mixin.py:190} INFO - Deleted all files in /opt/***/extraction/mercadolivre/data/shipping_cost_ml/ with extension *.json
[2025-06-11T18:25:49.090+0000] {logging_mixin.py:190} INFO - Deleted all files in /opt/***/extraction/mercadolivre/data/shipping_cost_ml/ with extension *.json
[2025-06-11T18:25:49.093+0000] {logging_mixin.py:190} INFO - Deleted all files in /opt/***/extraction/mercadolivre/data/shipping_cost_ml/ with extension *.json
[2025-06-11T18:25:49.096+0000] {logging_mixin.py:190} INFO - Deleted all files in /opt/***/extraction/mercadolivre/data/shipping_cost_ml/ with extension *.json
[2025-06-11T18:25:49.099+0000] {logging_mixin.py:190} INFO - Deleted all files in /opt/***/extraction/mercadolivre/data/shipping_cost_ml/ with extension *.json
[2025-06-11T18:25:49.102+0000] {logging_mixin.py:190} INFO - Deleted all files in /opt/***/extraction/mercadolivre/data/shipping_cost_ml/ with extension *.json
[2025-06-11T18:25:49.104+0000] {logging_mixin.py:190} INFO - Deleted all files in /opt/***/extraction/mercadolivre/data/shipping_cost_ml/ with extension *.json
[2025-06-11T18:25:49.107+0000] {logging_mixin.py:190} INFO - Deleted all files in /opt/***/extraction/mercadolivre/data/shipping_cost_ml/ with extension *.json
[2025-06-11T18:25:49.110+0000] {logging_mixin.py:190} INFO - Deleted all files in /opt/***/extraction/mercadolivre/data/shipping_cost_ml/ with extension *.json
[2025-06-11T18:25:49.112+0000] {logging_mixin.py:190} INFO - Deleted all files in /opt/***/extraction/mercadolivre/data/shipping_cost_ml/ with extension *.json
[2025-06-11T18:25:49.114+0000] {logging_mixin.py:190} INFO - Deleted all files in /opt/***/extraction/mercadolivre/data/shipping_cost_ml/ with extension *.json
[2025-06-11T18:25:49.117+0000] {logging_mixin.py:190} INFO - Deleted all files in /opt/***/extraction/mercadolivre/data/shipping_cost_ml/ with extension *.json
[2025-06-11T18:25:49.119+0000] {logging_mixin.py:190} INFO - Deleted all files in /opt/***/extraction/mercadolivre/data/shipping_cost_ml/ with extension *.json
[2025-06-11T18:25:49.122+0000] {logging_mixin.py:190} INFO - Deleted all files in /opt/***/extraction/mercadolivre/data/shipping_cost_ml/ with extension *.json
[2025-06-11T18:25:49.126+0000] {logging_mixin.py:190} INFO - Deleted all files in /opt/***/extraction/mercadolivre/data/shipping_cost_ml/ with extension *.json
[2025-06-11T18:25:49.129+0000] {logging_mixin.py:190} INFO - Deleted all files in /opt/***/extraction/mercadolivre/data/shipping_cost_ml/ with extension *.json
[2025-06-11T18:25:49.132+0000] {logging_mixin.py:190} INFO - Deleted all files in /opt/***/extraction/mercadolivre/data/shipping_cost_ml/ with extension *.json
[2025-06-11T18:25:49.134+0000] {logging_mixin.py:190} INFO - Deleted all files in /opt/***/extraction/mercadolivre/data/shipping_cost_ml/ with extension *.json
[2025-06-11T18:25:49.136+0000] {logging_mixin.py:190} INFO - Deleted all files in /opt/***/extraction/mercadolivre/data/shipping_cost_ml/ with extension *.json
[2025-06-11T18:25:49.139+0000] {logging_mixin.py:190} INFO - Deleted all files in /opt/***/extraction/mercadolivre/data/shipping_cost_ml/ with extension *.json
[2025-06-11T18:25:49.141+0000] {logging_mixin.py:190} INFO - Deleted all files in /opt/***/extraction/mercadolivre/data/shipping_cost_ml/ with extension *.json
[2025-06-11T18:25:49.144+0000] {logging_mixin.py:190} INFO - Deleted all files in /opt/***/extraction/mercadolivre/data/shipping_cost_ml/ with extension *.json
[2025-06-11T18:25:49.147+0000] {logging_mixin.py:190} INFO - Deleted all files in /opt/***/extraction/mercadolivre/data/shipping_cost_ml/ with extension *.json
[2025-06-11T18:25:49.149+0000] {logging_mixin.py:190} INFO - Deleted all files in /opt/***/extraction/mercadolivre/data/shipping_cost_ml/ with extension *.json
[2025-06-11T18:25:49.152+0000] {logging_mixin.py:190} INFO - Deleted all files in /opt/***/extraction/mercadolivre/data/shipping_cost_ml/ with extension *.json
[2025-06-11T18:25:49.154+0000] {logging_mixin.py:190} INFO - Deleted all files in /opt/***/extraction/mercadolivre/data/shipping_cost_ml/ with extension *.json
[2025-06-11T18:25:49.157+0000] {logging_mixin.py:190} INFO - Deleted all files in /opt/***/extraction/mercadolivre/data/shipping_cost_ml/ with extension *.json
[2025-06-11T18:25:49.160+0000] {logging_mixin.py:190} INFO - Deleted all files in /opt/***/extraction/mercadolivre/data/shipping_cost_ml/ with extension *.json
[2025-06-11T18:25:49.162+0000] {logging_mixin.py:190} INFO - Deleted all files in /opt/***/extraction/mercadolivre/data/shipping_cost_ml/ with extension *.json
[2025-06-11T18:25:49.164+0000] {logging_mixin.py:190} INFO - Deleted all files in /opt/***/extraction/mercadolivre/data/shipping_cost_ml/ with extension *.json
[2025-06-11T18:25:49.167+0000] {logging_mixin.py:190} INFO - Deleted all files in /opt/***/extraction/mercadolivre/data/shipping_cost_ml/ with extension *.json
[2025-06-11T18:25:49.169+0000] {logging_mixin.py:190} INFO - Deleted all files in /opt/***/extraction/mercadolivre/data/shipping_cost_ml/ with extension *.json
[2025-06-11T18:25:49.172+0000] {logging_mixin.py:190} INFO - Deleted all files in /opt/***/extraction/mercadolivre/data/shipping_cost_ml/ with extension *.json
[2025-06-11T18:25:49.174+0000] {logging_mixin.py:190} INFO - Deleted all files in /opt/***/extraction/mercadolivre/data/shipping_cost_ml/ with extension *.json
[2025-06-11T18:25:49.177+0000] {logging_mixin.py:190} INFO - Deleted all files in /opt/***/extraction/mercadolivre/data/shipping_cost_ml/ with extension *.json
[2025-06-11T18:25:49.180+0000] {logging_mixin.py:190} INFO - Deleted all files in /opt/***/extraction/mercadolivre/data/shipping_cost_ml/ with extension *.json
[2025-06-11T18:25:49.182+0000] {logging_mixin.py:190} INFO - Deleted all files in /opt/***/extraction/mercadolivre/data/shipping_cost_ml/ with extension *.json
[2025-06-11T18:25:49.184+0000] {logging_mixin.py:190} INFO - Deleted all files in /opt/***/extraction/mercadolivre/data/shipping_cost_ml/ with extension *.json
[2025-06-11T18:25:49.188+0000] {logging_mixin.py:190} INFO - Deleted all files in /opt/***/extraction/mercadolivre/data/shipping_cost_ml/ with extension *.json
[2025-06-11T18:25:49.190+0000] {logging_mixin.py:190} INFO - Deleted all files in /opt/***/extraction/mercadolivre/data/shipping_cost_ml/ with extension *.json
[2025-06-11T18:25:49.193+0000] {logging_mixin.py:190} INFO - Deleted all files in /opt/***/extraction/mercadolivre/data/shipping_cost_ml/ with extension *.json
[2025-06-11T18:25:49.196+0000] {logging_mixin.py:190} INFO - Deleted all files in /opt/***/extraction/mercadolivre/data/shipping_cost_ml/ with extension *.json
[2025-06-11T18:25:49.198+0000] {logging_mixin.py:190} INFO - Deleted all files in /opt/***/extraction/mercadolivre/data/shipping_cost_ml/ with extension *.json
[2025-06-11T18:25:49.201+0000] {logging_mixin.py:190} INFO - Deleted all files in /opt/***/extraction/mercadolivre/data/shipping_cost_ml/ with extension *.json
[2025-06-11T18:25:49.204+0000] {logging_mixin.py:190} INFO - Deleted all files in /opt/***/extraction/mercadolivre/data/shipping_cost_ml/ with extension *.json
[2025-06-11T18:25:49.206+0000] {python.py:240} INFO - Done. Returned value was: None
[2025-06-11T18:25:49.228+0000] {taskinstance.py:340} INFO - ::group::Post task execution logs
[2025-06-11T18:25:49.230+0000] {taskinstance.py:352} INFO - Marking task as SUCCESS. dag_id=06_delete_entry_data, task_id=delete_ml_sh_files, run_id=manual__2025-06-11T18:25:47.137832+00:00, execution_date=20250611T182547, start_date=20250611T182548, end_date=20250611T182549
[2025-06-11T18:25:49.290+0000] {local_task_job_runner.py:266} INFO - Task exited with return code 0
[2025-06-11T18:25:49.310+0000] {taskinstance.py:3895} INFO - 0 downstream tasks scheduled from follow-on schedule check
[2025-06-11T18:25:49.314+0000] {local_task_job_runner.py:245} INFO - ::endgroup::
