[2025-06-09T22:37:02.950+0000] {local_task_job_runner.py:123} INFO - ::group::Pre task execution logs
[2025-06-09T22:37:02.975+0000] {taskinstance.py:2613} INFO - Dependencies all met for dep_context=non-requeueable deps ti=<TaskInstance: 03_load_data.load_mercadolivre manual__2025-06-09T22:37:00.320207+00:00 [queued]>
[2025-06-09T22:37:02.985+0000] {taskinstance.py:2613} INFO - Dependencies all met for dep_context=requeueable deps ti=<TaskInstance: 03_load_data.load_mercadolivre manual__2025-06-09T22:37:00.320207+00:00 [queued]>
[2025-06-09T22:37:02.987+0000] {taskinstance.py:2866} INFO - Starting attempt 1 of 1
[2025-06-09T22:37:03.001+0000] {taskinstance.py:2889} INFO - Executing <Task(PythonOperator): load_mercadolivre> on 2025-06-09 22:37:00.320207+00:00
[2025-06-09T22:37:03.006+0000] {standard_task_runner.py:72} INFO - Started process 6154 to run task
[2025-06-09T22:37:03.011+0000] {standard_task_runner.py:104} INFO - Running: ['***', 'tasks', 'run', '03_load_data', 'load_mercadolivre', 'manual__2025-06-09T22:37:00.320207+00:00', '--job-id', '642', '--raw', '--subdir', 'DAGS_FOLDER/03_load_data.py', '--cfg-path', '/tmp/tmph7ia0eww']
[2025-06-09T22:37:03.013+0000] {standard_task_runner.py:105} INFO - Job 642: Subtask load_mercadolivre
[2025-06-09T22:37:03.080+0000] {task_command.py:467} INFO - Running <TaskInstance: 03_load_data.load_mercadolivre manual__2025-06-09T22:37:00.320207+00:00 [running]> on host 28e6a58e4107
[2025-06-09T22:37:03.189+0000] {taskinstance.py:3132} INFO - Exporting env vars: AIRFLOW_CTX_DAG_OWNER='***' AIRFLOW_CTX_DAG_ID='03_load_data' AIRFLOW_CTX_TASK_ID='load_mercadolivre' AIRFLOW_CTX_EXECUTION_DATE='2025-06-09T22:37:00.320207+00:00' AIRFLOW_CTX_TRY_NUMBER='1' AIRFLOW_CTX_DAG_RUN_ID='manual__2025-06-09T22:37:00.320207+00:00'
[2025-06-09T22:37:03.191+0000] {taskinstance.py:731} INFO - ::endgroup::
[2025-06-09T22:37:04.158+0000] {warnings.py:109} WARNING - /home/***/.local/lib/python3.9/site-packages/dlt/helpers/dbt/__init__.py:3: UserWarning: pkg_resources is deprecated as an API. See https://setuptools.pypa.io/en/latest/pkg_resources.html. The pkg_resources package is slated for removal as early as 2025-11-30. Refrain from using this package or pin to Setuptools<81.
  import pkg_resources

[2025-06-09T22:37:04.502+0000] {config_providers_context.py:156} WARNING - Airflow variable 'dlt_secrets_toml' was not found. This Airflow variable is a recommended place to hold the content of secrets.toml.If you do not use Airflow variables to hold dlt configuration or use variables with other names you can ignore this warning.
[2025-06-09T22:37:06.749+0000] {logging_mixin.py:190} INFO - trying to load ./extraction/mercadolivre/data/raw/ml_sell_data_2024-07-01T00:00:00.000-03:00_2024-10-01T00:00:00.000-03:00_0.json to sales_db
[2025-06-09T22:37:09.554+0000] {logging_mixin.py:190} INFO - Pipeline mercadolivre_data load step completed in 0.18 seconds
1 load package(s) were loaded to destination postgres and into dataset entry
The postgres destination used postgresql://***:***@pgdatabase:5432/sales_db location to store data
Load package 1749508627.962594 is LOADED and contains no failed jobs
[2025-06-09T22:37:09.556+0000] {logging_mixin.py:190} INFO - Run started at 2025-06-09 22:37:06.751393+00:00 and COMPLETED in 2.80 seconds with 4 steps.
Step extract COMPLETED in 0.81 seconds.

Load package 1749508627.962594 is EXTRACTED and NOT YET LOADED to the destination and contains no failed jobs

Step normalize COMPLETED in 0.41 seconds.
Normalized data for the following tables:
- entry_mercadolivre: 50 row(s)
- entry_mercadolivre__payments: 52 row(s)
- entry_mercadolivre__payments__available_actions: 52 row(s)
- entry_mercadolivre__order_items: 50 row(s)
- entry_mercadolivre__tags: 118 row(s)
- entry_mercadolivre__order_items__item__variation_attributes: 44 row(s)
- entry_mercadolivre__mediations: 2 row(s)
- entry_mercadolivre__context__flows: 9 row(s)

Load package 1749508627.962594 is NORMALIZED and NOT YET LOADED to the destination and contains no failed jobs

Step load COMPLETED in 0.40 seconds.
Pipeline mercadolivre_data load step completed in 0.18 seconds
1 load package(s) were loaded to destination postgres and into dataset entry
The postgres destination used postgresql://***:***@pgdatabase:5432/sales_db location to store data
Load package 1749508627.962594 is LOADED and contains no failed jobs

Step run COMPLETED in 2.80 seconds.
Pipeline mercadolivre_data load step completed in 0.18 seconds
1 load package(s) were loaded to destination postgres and into dataset entry
The postgres destination used postgresql://***:***@pgdatabase:5432/sales_db location to store data
Load package 1749508627.962594 is LOADED and contains no failed jobs
[2025-06-09T22:37:09.560+0000] {logging_mixin.py:190} INFO - trying to load ./extraction/mercadolivre/data/raw/ml_sell_data_2024-07-01T00:00:00.000-03:00_2024-10-01T00:00:00.000-03:00_1.json to sales_db
[2025-06-09T22:37:10.917+0000] {logging_mixin.py:190} INFO - Pipeline mercadolivre_data load step completed in 1.10 seconds
1 load package(s) were loaded to destination postgres and into dataset entry
The postgres destination used postgresql://***:***@pgdatabase:5432/sales_db location to store data
Load package 1749508629.6269808 is LOADED and contains no failed jobs
[2025-06-09T22:37:10.919+0000] {logging_mixin.py:190} INFO - Run started at 2025-06-09 22:37:09.562179+00:00 and COMPLETED in 1.35 seconds with 4 steps.
Step extract COMPLETED in 0.09 seconds.

Load package 1749508629.6269808 is EXTRACTED and NOT YET LOADED to the destination and contains no failed jobs

Step normalize COMPLETED in 0.10 seconds.
Normalized data for the following tables:
- entry_mercadolivre: 30 row(s)
- entry_mercadolivre__payments: 32 row(s)
- entry_mercadolivre__payments__available_actions: 32 row(s)
- entry_mercadolivre__order_items: 30 row(s)
- entry_mercadolivre__tags: 83 row(s)
- entry_mercadolivre__context__flows: 14 row(s)
- entry_mercadolivre__order_items__item__variation_attributes: 13 row(s)
- entry_mercadolivre__mediations: 2 row(s)

Load package 1749508629.6269808 is NORMALIZED and NOT YET LOADED to the destination and contains no failed jobs

Step load COMPLETED in 1.14 seconds.
Pipeline mercadolivre_data load step completed in 1.10 seconds
1 load package(s) were loaded to destination postgres and into dataset entry
The postgres destination used postgresql://***:***@pgdatabase:5432/sales_db location to store data
Load package 1749508629.6269808 is LOADED and contains no failed jobs

Step run COMPLETED in 1.35 seconds.
Pipeline mercadolivre_data load step completed in 1.10 seconds
1 load package(s) were loaded to destination postgres and into dataset entry
The postgres destination used postgresql://***:***@pgdatabase:5432/sales_db location to store data
Load package 1749508629.6269808 is LOADED and contains no failed jobs
[2025-06-09T22:37:10.924+0000] {logging_mixin.py:190} INFO - trying to load ./extraction/mercadolivre/data/raw/ml_sell_data_2024-07-01T00:00:00.000-03:00_2025-04-01T00:00:00.000-03:00_0.json to sales_db
[2025-06-09T22:37:12.290+0000] {logging_mixin.py:190} INFO - Pipeline mercadolivre_data load step completed in 1.10 seconds
1 load package(s) were loaded to destination postgres and into dataset entry
The postgres destination used postgresql://***:***@pgdatabase:5432/sales_db location to store data
Load package 1749508630.9910653 is LOADED and contains no failed jobs
[2025-06-09T22:37:12.292+0000] {logging_mixin.py:190} INFO - Run started at 2025-06-09 22:37:10.926056+00:00 and COMPLETED in 1.36 seconds with 4 steps.
Step extract COMPLETED in 0.07 seconds.

Load package 1749508630.9910653 is EXTRACTED and NOT YET LOADED to the destination and contains no failed jobs

Step normalize COMPLETED in 0.12 seconds.
Normalized data for the following tables:
- entry_mercadolivre: 50 row(s)
- entry_mercadolivre__payments: 52 row(s)
- entry_mercadolivre__payments__available_actions: 52 row(s)
- entry_mercadolivre__order_items: 50 row(s)
- entry_mercadolivre__tags: 118 row(s)
- entry_mercadolivre__order_items__item__variation_attributes: 44 row(s)
- entry_mercadolivre__mediations: 2 row(s)
- entry_mercadolivre__context__flows: 9 row(s)

Load package 1749508630.9910653 is NORMALIZED and NOT YET LOADED to the destination and contains no failed jobs

Step load COMPLETED in 1.14 seconds.
Pipeline mercadolivre_data load step completed in 1.10 seconds
1 load package(s) were loaded to destination postgres and into dataset entry
The postgres destination used postgresql://***:***@pgdatabase:5432/sales_db location to store data
Load package 1749508630.9910653 is LOADED and contains no failed jobs

Step run COMPLETED in 1.36 seconds.
Pipeline mercadolivre_data load step completed in 1.10 seconds
1 load package(s) were loaded to destination postgres and into dataset entry
The postgres destination used postgresql://***:***@pgdatabase:5432/sales_db location to store data
Load package 1749508630.9910653 is LOADED and contains no failed jobs
[2025-06-09T22:37:12.298+0000] {logging_mixin.py:190} INFO - trying to load ./extraction/mercadolivre/data/raw/ml_sell_data_2024-07-01T00:00:00.000-03:00_2025-04-01T00:00:00.000-03:00_1.json to sales_db
[2025-06-09T22:37:12.687+0000] {logging_mixin.py:190} INFO - Pipeline mercadolivre_data load step completed in 0.11 seconds
1 load package(s) were loaded to destination postgres and into dataset entry
The postgres destination used postgresql://***:***@pgdatabase:5432/sales_db location to store data
Load package 1749508632.3742566 is LOADED and contains no failed jobs
[2025-06-09T22:37:12.689+0000] {logging_mixin.py:190} INFO - Run started at 2025-06-09 22:37:12.299809+00:00 and COMPLETED in 0.39 seconds with 4 steps.
Step extract COMPLETED in 0.08 seconds.

Load package 1749508632.3742566 is EXTRACTED and NOT YET LOADED to the destination and contains no failed jobs

Step normalize COMPLETED in 0.12 seconds.
Normalized data for the following tables:
- entry_mercadolivre: 50 row(s)
- entry_mercadolivre__payments: 53 row(s)
- entry_mercadolivre__payments__available_actions: 53 row(s)
- entry_mercadolivre__order_items: 50 row(s)
- entry_mercadolivre__tags: 135 row(s)
- entry_mercadolivre__context__flows: 19 row(s)
- entry_mercadolivre__order_items__item__variation_attributes: 27 row(s)
- entry_mercadolivre__mediations: 3 row(s)

Load package 1749508632.3742566 is NORMALIZED and NOT YET LOADED to the destination and contains no failed jobs

Step load COMPLETED in 0.16 seconds.
Pipeline mercadolivre_data load step completed in 0.11 seconds
1 load package(s) were loaded to destination postgres and into dataset entry
The postgres destination used postgresql://***:***@pgdatabase:5432/sales_db location to store data
Load package 1749508632.3742566 is LOADED and contains no failed jobs

Step run COMPLETED in 0.38 seconds.
Pipeline mercadolivre_data load step completed in 0.11 seconds
1 load package(s) were loaded to destination postgres and into dataset entry
The postgres destination used postgresql://***:***@pgdatabase:5432/sales_db location to store data
Load package 1749508632.3742566 is LOADED and contains no failed jobs
[2025-06-09T22:37:12.695+0000] {logging_mixin.py:190} INFO - trying to load ./extraction/mercadolivre/data/raw/ml_sell_data_2024-07-01T00:00:00.000-03:00_2025-04-01T00:00:00.000-03:00_2.json to sales_db
[2025-06-09T22:37:14.071+0000] {logging_mixin.py:190} INFO - Pipeline mercadolivre_data load step completed in 1.12 seconds
1 load package(s) were loaded to destination postgres and into dataset entry
The postgres destination used postgresql://***:***@pgdatabase:5432/sales_db location to store data
Load package 1749508632.7648268 is LOADED and contains no failed jobs
[2025-06-09T22:37:14.072+0000] {logging_mixin.py:190} INFO - Run started at 2025-06-09 22:37:12.696984+00:00 and COMPLETED in 1.37 seconds with 4 steps.
Step extract COMPLETED in 0.08 seconds.

Load package 1749508632.7648268 is EXTRACTED and NOT YET LOADED to the destination and contains no failed jobs

Step normalize COMPLETED in 0.11 seconds.
Normalized data for the following tables:
- entry_mercadolivre: 50 row(s)
- entry_mercadolivre__payments: 55 row(s)
- entry_mercadolivre__payments__available_actions: 55 row(s)
- entry_mercadolivre__order_items: 50 row(s)
- entry_mercadolivre__order_items__item__variation_attributes: 43 row(s)
- entry_mercadolivre__tags: 144 row(s)
- entry_mercadolivre__mediations: 6 row(s)
- entry_mercadolivre__context__flows: 10 row(s)

Load package 1749508632.7648268 is NORMALIZED and NOT YET LOADED to the destination and contains no failed jobs

Step load COMPLETED in 1.16 seconds.
Pipeline mercadolivre_data load step completed in 1.12 seconds
1 load package(s) were loaded to destination postgres and into dataset entry
The postgres destination used postgresql://***:***@pgdatabase:5432/sales_db location to store data
Load package 1749508632.7648268 is LOADED and contains no failed jobs

Step run COMPLETED in 1.37 seconds.
Pipeline mercadolivre_data load step completed in 1.12 seconds
1 load package(s) were loaded to destination postgres and into dataset entry
The postgres destination used postgresql://***:***@pgdatabase:5432/sales_db location to store data
Load package 1749508632.7648268 is LOADED and contains no failed jobs
[2025-06-09T22:37:14.077+0000] {logging_mixin.py:190} INFO - trying to load ./extraction/mercadolivre/data/raw/ml_sell_data_2024-07-01T00:00:00.000-03:00_2025-04-01T00:00:00.000-03:00_3.json to sales_db
[2025-06-09T22:37:14.454+0000] {logging_mixin.py:190} INFO - Pipeline mercadolivre_data load step completed in 0.11 seconds
1 load package(s) were loaded to destination postgres and into dataset entry
The postgres destination used postgresql://***:***@pgdatabase:5432/sales_db location to store data
Load package 1749508634.145458 is LOADED and contains no failed jobs
[2025-06-09T22:37:14.456+0000] {logging_mixin.py:190} INFO - Run started at 2025-06-09 22:37:14.078899+00:00 and COMPLETED in 0.37 seconds with 4 steps.
Step extract COMPLETED in 0.08 seconds.

Load package 1749508634.145458 is EXTRACTED and NOT YET LOADED to the destination and contains no failed jobs

Step normalize COMPLETED in 0.13 seconds.
Normalized data for the following tables:
- entry_mercadolivre: 50 row(s)
- entry_mercadolivre__payments: 52 row(s)
- entry_mercadolivre__payments__available_actions: 52 row(s)
- entry_mercadolivre__order_items: 50 row(s)
- entry_mercadolivre__order_items__item__variation_attributes: 47 row(s)
- entry_mercadolivre__tags: 165 row(s)
- entry_mercadolivre__context__flows: 16 row(s)
- entry_mercadolivre__mediations: 9 row(s)

Load package 1749508634.145458 is NORMALIZED and NOT YET LOADED to the destination and contains no failed jobs

Step load COMPLETED in 0.14 seconds.
Pipeline mercadolivre_data load step completed in 0.11 seconds
1 load package(s) were loaded to destination postgres and into dataset entry
The postgres destination used postgresql://***:***@pgdatabase:5432/sales_db location to store data
Load package 1749508634.145458 is LOADED and contains no failed jobs

Step run COMPLETED in 0.37 seconds.
Pipeline mercadolivre_data load step completed in 0.11 seconds
1 load package(s) were loaded to destination postgres and into dataset entry
The postgres destination used postgresql://***:***@pgdatabase:5432/sales_db location to store data
Load package 1749508634.145458 is LOADED and contains no failed jobs
[2025-06-09T22:37:14.462+0000] {logging_mixin.py:190} INFO - trying to load ./extraction/mercadolivre/data/raw/ml_sell_data_2024-07-01T00:00:00.000-03:00_2025-04-01T00:00:00.000-03:00_4.json to sales_db
[2025-06-09T22:37:14.826+0000] {logging_mixin.py:190} INFO - Pipeline mercadolivre_data load step completed in 0.10 seconds
1 load package(s) were loaded to destination postgres and into dataset entry
The postgres destination used postgresql://***:***@pgdatabase:5432/sales_db location to store data
Load package 1749508634.5310812 is LOADED and contains no failed jobs
[2025-06-09T22:37:14.827+0000] {logging_mixin.py:190} INFO - Run started at 2025-06-09 22:37:14.463416+00:00 and COMPLETED in 0.36 seconds with 4 steps.
Step extract COMPLETED in 0.07 seconds.

Load package 1749508634.5310812 is EXTRACTED and NOT YET LOADED to the destination and contains no failed jobs

Step normalize COMPLETED in 0.12 seconds.
Normalized data for the following tables:
- entry_mercadolivre: 50 row(s)
- entry_mercadolivre__payments: 53 row(s)
- entry_mercadolivre__payments__available_actions: 53 row(s)
- entry_mercadolivre__order_items: 50 row(s)
- entry_mercadolivre__order_items__item__variation_attributes: 53 row(s)
- entry_mercadolivre__tags: 154 row(s)
- entry_mercadolivre__mediations: 5 row(s)
- entry_mercadolivre__context__flows: 5 row(s)

Load package 1749508634.5310812 is NORMALIZED and NOT YET LOADED to the destination and contains no failed jobs

Step load COMPLETED in 0.14 seconds.
Pipeline mercadolivre_data load step completed in 0.10 seconds
1 load package(s) were loaded to destination postgres and into dataset entry
The postgres destination used postgresql://***:***@pgdatabase:5432/sales_db location to store data
Load package 1749508634.5310812 is LOADED and contains no failed jobs

Step run COMPLETED in 0.36 seconds.
Pipeline mercadolivre_data load step completed in 0.10 seconds
1 load package(s) were loaded to destination postgres and into dataset entry
The postgres destination used postgresql://***:***@pgdatabase:5432/sales_db location to store data
Load package 1749508634.5310812 is LOADED and contains no failed jobs
[2025-06-09T22:37:14.833+0000] {logging_mixin.py:190} INFO - trying to load ./extraction/mercadolivre/data/raw/ml_sell_data_2024-07-01T00:00:00.000-03:00_2025-04-01T00:00:00.000-03:00_5.json to sales_db
[2025-06-09T22:37:15.168+0000] {logging_mixin.py:190} INFO - Pipeline mercadolivre_data load step completed in 0.10 seconds
1 load package(s) were loaded to destination postgres and into dataset entry
The postgres destination used postgresql://***:***@pgdatabase:5432/sales_db location to store data
Load package 1749508634.9060934 is LOADED and contains no failed jobs
[2025-06-09T22:37:15.170+0000] {logging_mixin.py:190} INFO - Run started at 2025-06-09 22:37:14.835023+00:00 and COMPLETED in 0.33 seconds with 4 steps.
Step extract COMPLETED in 0.08 seconds.

Load package 1749508634.9060934 is EXTRACTED and NOT YET LOADED to the destination and contains no failed jobs

Step normalize COMPLETED in 0.09 seconds.
Normalized data for the following tables:
- entry_mercadolivre: 35 row(s)
- entry_mercadolivre__payments: 36 row(s)
- entry_mercadolivre__payments__available_actions: 36 row(s)
- entry_mercadolivre__order_items: 35 row(s)
- entry_mercadolivre__order_items__item__variation_attributes: 33 row(s)
- entry_mercadolivre__tags: 96 row(s)
- entry_mercadolivre__context__flows: 4 row(s)
- entry_mercadolivre__mediations: 1 row(s)

Load package 1749508634.9060934 is NORMALIZED and NOT YET LOADED to the destination and contains no failed jobs

Step load COMPLETED in 0.14 seconds.
Pipeline mercadolivre_data load step completed in 0.10 seconds
1 load package(s) were loaded to destination postgres and into dataset entry
The postgres destination used postgresql://***:***@pgdatabase:5432/sales_db location to store data
Load package 1749508634.9060934 is LOADED and contains no failed jobs

Step run COMPLETED in 0.33 seconds.
Pipeline mercadolivre_data load step completed in 0.10 seconds
1 load package(s) were loaded to destination postgres and into dataset entry
The postgres destination used postgresql://***:***@pgdatabase:5432/sales_db location to store data
Load package 1749508634.9060934 is LOADED and contains no failed jobs
[2025-06-09T22:37:15.175+0000] {logging_mixin.py:190} INFO - trying to load ./extraction/mercadolivre/data/raw/sample.json to sales_db
[2025-06-09T22:37:15.631+0000] {logging_mixin.py:190} INFO - Pipeline mercadolivre_data load step completed in 0.10 seconds
1 load package(s) were loaded to destination postgres and into dataset entry
The postgres destination used postgresql://***:***@pgdatabase:5432/sales_db location to store data
Load package 1749508635.2440715 is LOADED and contains no failed jobs
[2025-06-09T22:37:15.633+0000] {logging_mixin.py:190} INFO - Run started at 2025-06-09 22:37:15.179167+00:00 and COMPLETED in 0.45 seconds with 4 steps.
Step extract COMPLETED in 0.07 seconds.

Load package 1749508635.2440715 is EXTRACTED and NOT YET LOADED to the destination and contains no failed jobs

Step normalize COMPLETED in 0.12 seconds.
Normalized data for the following tables:
- entry_mercadolivre: 50 row(s)
- entry_mercadolivre__payments: 52 row(s)
- entry_mercadolivre__payments__available_actions: 52 row(s)
- entry_mercadolivre__order_items: 50 row(s)
- entry_mercadolivre__tags: 118 row(s)
- entry_mercadolivre__order_items__item__variation_attributes: 44 row(s)
- entry_mercadolivre__mediations: 2 row(s)
- entry_mercadolivre__context__flows: 9 row(s)

Load package 1749508635.2440715 is NORMALIZED and NOT YET LOADED to the destination and contains no failed jobs

Step load COMPLETED in 0.24 seconds.
Pipeline mercadolivre_data load step completed in 0.10 seconds
1 load package(s) were loaded to destination postgres and into dataset entry
The postgres destination used postgresql://***:***@pgdatabase:5432/sales_db location to store data
Load package 1749508635.2440715 is LOADED and contains no failed jobs

Step run COMPLETED in 0.45 seconds.
Pipeline mercadolivre_data load step completed in 0.10 seconds
1 load package(s) were loaded to destination postgres and into dataset entry
The postgres destination used postgresql://***:***@pgdatabase:5432/sales_db location to store data
Load package 1749508635.2440715 is LOADED and contains no failed jobs
[2025-06-09T22:37:15.634+0000] {python.py:240} INFO - Done. Returned value was: 1
[2025-06-09T22:37:15.659+0000] {taskinstance.py:340} INFO - ::group::Post task execution logs
[2025-06-09T22:37:15.660+0000] {taskinstance.py:352} INFO - Marking task as SUCCESS. dag_id=03_load_data, task_id=load_mercadolivre, run_id=manual__2025-06-09T22:37:00.320207+00:00, execution_date=20250609T223700, start_date=20250609T223702, end_date=20250609T223715
[2025-06-09T22:37:15.713+0000] {local_task_job_runner.py:266} INFO - Task exited with return code 0
[2025-06-09T22:37:15.760+0000] {taskinstance.py:3895} INFO - 0 downstream tasks scheduled from follow-on schedule check
[2025-06-09T22:37:15.764+0000] {local_task_job_runner.py:245} INFO - ::endgroup::
