[2025-06-16T14:46:01.051+0000] {local_task_job_runner.py:123} INFO - ::group::Pre task execution logs
[2025-06-16T14:46:01.076+0000] {taskinstance.py:2613} INFO - Dependencies all met for dep_context=non-requeueable deps ti=<TaskInstance: 06_delete_entry_data_prod.delete_ml_sh_files manual__2025-06-16T14:45:59.019345+00:00 [queued]>
[2025-06-16T14:46:01.087+0000] {taskinstance.py:2613} INFO - Dependencies all met for dep_context=requeueable deps ti=<TaskInstance: 06_delete_entry_data_prod.delete_ml_sh_files manual__2025-06-16T14:45:59.019345+00:00 [queued]>
[2025-06-16T14:46:01.089+0000] {taskinstance.py:2866} INFO - Starting attempt 1 of 1
[2025-06-16T14:46:01.105+0000] {taskinstance.py:2889} INFO - Executing <Task(PythonOperator): delete_ml_sh_files> on 2025-06-16 14:45:59.019345+00:00
[2025-06-16T14:46:01.111+0000] {standard_task_runner.py:72} INFO - Started process 2721 to run task
[2025-06-16T14:46:01.119+0000] {standard_task_runner.py:104} INFO - Running: ['***', 'tasks', 'run', '06_delete_entry_data_prod', 'delete_ml_sh_files', 'manual__2025-06-16T14:45:59.019345+00:00', '--job-id', '46', '--raw', '--subdir', 'DAGS_FOLDER/06_delete_files_tables_prod.py', '--cfg-path', '/tmp/tmpquwbntug']
[2025-06-16T14:46:01.122+0000] {standard_task_runner.py:105} INFO - Job 46: Subtask delete_ml_sh_files
[2025-06-16T14:46:01.199+0000] {task_command.py:467} INFO - Running <TaskInstance: 06_delete_entry_data_prod.delete_ml_sh_files manual__2025-06-16T14:45:59.019345+00:00 [running]> on host 5b7cdd28fdf5
[2025-06-16T14:46:01.317+0000] {taskinstance.py:3132} INFO - Exporting env vars: AIRFLOW_CTX_DAG_OWNER='***' AIRFLOW_CTX_DAG_ID='06_delete_entry_data_prod' AIRFLOW_CTX_TASK_ID='delete_ml_sh_files' AIRFLOW_CTX_EXECUTION_DATE='2025-06-16T14:45:59.019345+00:00' AIRFLOW_CTX_TRY_NUMBER='1' AIRFLOW_CTX_DAG_RUN_ID='manual__2025-06-16T14:45:59.019345+00:00'
[2025-06-16T14:46:01.318+0000] {taskinstance.py:731} INFO - ::endgroup::
[2025-06-16T14:46:01.340+0000] {logging_mixin.py:190} INFO - Deleted all files in /opt/***/extraction/mercadolivre/data/shipping_cost_ml/prod/ with extension *.json
[2025-06-16T14:46:01.343+0000] {logging_mixin.py:190} INFO - Deleted all files in /opt/***/extraction/mercadolivre/data/shipping_cost_ml/prod/ with extension *.json
[2025-06-16T14:46:01.347+0000] {logging_mixin.py:190} INFO - Deleted all files in /opt/***/extraction/mercadolivre/data/shipping_cost_ml/prod/ with extension *.json
[2025-06-16T14:46:01.350+0000] {logging_mixin.py:190} INFO - Deleted all files in /opt/***/extraction/mercadolivre/data/shipping_cost_ml/prod/ with extension *.json
[2025-06-16T14:46:01.354+0000] {logging_mixin.py:190} INFO - Deleted all files in /opt/***/extraction/mercadolivre/data/shipping_cost_ml/prod/ with extension *.json
[2025-06-16T14:46:01.358+0000] {logging_mixin.py:190} INFO - Deleted all files in /opt/***/extraction/mercadolivre/data/shipping_cost_ml/prod/ with extension *.json
[2025-06-16T14:46:01.362+0000] {logging_mixin.py:190} INFO - Deleted all files in /opt/***/extraction/mercadolivre/data/shipping_cost_ml/prod/ with extension *.json
[2025-06-16T14:46:01.367+0000] {logging_mixin.py:190} INFO - Deleted all files in /opt/***/extraction/mercadolivre/data/shipping_cost_ml/prod/ with extension *.json
[2025-06-16T14:46:01.376+0000] {logging_mixin.py:190} INFO - Deleted all files in /opt/***/extraction/mercadolivre/data/shipping_cost_ml/prod/ with extension *.json
[2025-06-16T14:46:01.380+0000] {logging_mixin.py:190} INFO - Deleted all files in /opt/***/extraction/mercadolivre/data/shipping_cost_ml/prod/ with extension *.json
[2025-06-16T14:46:01.384+0000] {logging_mixin.py:190} INFO - Deleted all files in /opt/***/extraction/mercadolivre/data/shipping_cost_ml/prod/ with extension *.json
[2025-06-16T14:46:01.387+0000] {logging_mixin.py:190} INFO - Deleted all files in /opt/***/extraction/mercadolivre/data/shipping_cost_ml/prod/ with extension *.json
[2025-06-16T14:46:01.391+0000] {logging_mixin.py:190} INFO - Deleted all files in /opt/***/extraction/mercadolivre/data/shipping_cost_ml/prod/ with extension *.json
[2025-06-16T14:46:01.394+0000] {logging_mixin.py:190} INFO - Deleted all files in /opt/***/extraction/mercadolivre/data/shipping_cost_ml/prod/ with extension *.json
[2025-06-16T14:46:01.397+0000] {logging_mixin.py:190} INFO - Deleted all files in /opt/***/extraction/mercadolivre/data/shipping_cost_ml/prod/ with extension *.json
[2025-06-16T14:46:01.400+0000] {logging_mixin.py:190} INFO - Deleted all files in /opt/***/extraction/mercadolivre/data/shipping_cost_ml/prod/ with extension *.json
[2025-06-16T14:46:01.403+0000] {logging_mixin.py:190} INFO - Deleted all files in /opt/***/extraction/mercadolivre/data/shipping_cost_ml/prod/ with extension *.json
[2025-06-16T14:46:01.407+0000] {logging_mixin.py:190} INFO - Deleted all files in /opt/***/extraction/mercadolivre/data/shipping_cost_ml/prod/ with extension *.json
[2025-06-16T14:46:01.411+0000] {logging_mixin.py:190} INFO - Deleted all files in /opt/***/extraction/mercadolivre/data/shipping_cost_ml/prod/ with extension *.json
[2025-06-16T14:46:01.415+0000] {logging_mixin.py:190} INFO - Deleted all files in /opt/***/extraction/mercadolivre/data/shipping_cost_ml/prod/ with extension *.json
[2025-06-16T14:46:01.420+0000] {logging_mixin.py:190} INFO - Deleted all files in /opt/***/extraction/mercadolivre/data/shipping_cost_ml/prod/ with extension *.json
[2025-06-16T14:46:01.423+0000] {logging_mixin.py:190} INFO - Deleted all files in /opt/***/extraction/mercadolivre/data/shipping_cost_ml/prod/ with extension *.json
[2025-06-16T14:46:01.426+0000] {logging_mixin.py:190} INFO - Deleted all files in /opt/***/extraction/mercadolivre/data/shipping_cost_ml/prod/ with extension *.json
[2025-06-16T14:46:01.429+0000] {logging_mixin.py:190} INFO - Deleted all files in /opt/***/extraction/mercadolivre/data/shipping_cost_ml/prod/ with extension *.json
[2025-06-16T14:46:01.433+0000] {logging_mixin.py:190} INFO - Deleted all files in /opt/***/extraction/mercadolivre/data/shipping_cost_ml/prod/ with extension *.json
[2025-06-16T14:46:01.437+0000] {logging_mixin.py:190} INFO - Deleted all files in /opt/***/extraction/mercadolivre/data/shipping_cost_ml/prod/ with extension *.json
[2025-06-16T14:46:01.441+0000] {logging_mixin.py:190} INFO - Deleted all files in /opt/***/extraction/mercadolivre/data/shipping_cost_ml/prod/ with extension *.json
[2025-06-16T14:46:01.445+0000] {logging_mixin.py:190} INFO - Deleted all files in /opt/***/extraction/mercadolivre/data/shipping_cost_ml/prod/ with extension *.json
[2025-06-16T14:46:01.449+0000] {logging_mixin.py:190} INFO - Deleted all files in /opt/***/extraction/mercadolivre/data/shipping_cost_ml/prod/ with extension *.json
[2025-06-16T14:46:01.452+0000] {logging_mixin.py:190} INFO - Deleted all files in /opt/***/extraction/mercadolivre/data/shipping_cost_ml/prod/ with extension *.json
[2025-06-16T14:46:01.456+0000] {logging_mixin.py:190} INFO - Deleted all files in /opt/***/extraction/mercadolivre/data/shipping_cost_ml/prod/ with extension *.json
[2025-06-16T14:46:01.459+0000] {logging_mixin.py:190} INFO - Deleted all files in /opt/***/extraction/mercadolivre/data/shipping_cost_ml/prod/ with extension *.json
[2025-06-16T14:46:01.463+0000] {logging_mixin.py:190} INFO - Deleted all files in /opt/***/extraction/mercadolivre/data/shipping_cost_ml/prod/ with extension *.json
[2025-06-16T14:46:01.466+0000] {logging_mixin.py:190} INFO - Deleted all files in /opt/***/extraction/mercadolivre/data/shipping_cost_ml/prod/ with extension *.json
[2025-06-16T14:46:01.470+0000] {logging_mixin.py:190} INFO - Deleted all files in /opt/***/extraction/mercadolivre/data/shipping_cost_ml/prod/ with extension *.json
[2025-06-16T14:46:01.474+0000] {logging_mixin.py:190} INFO - Deleted all files in /opt/***/extraction/mercadolivre/data/shipping_cost_ml/prod/ with extension *.json
[2025-06-16T14:46:01.477+0000] {logging_mixin.py:190} INFO - Deleted all files in /opt/***/extraction/mercadolivre/data/shipping_cost_ml/prod/ with extension *.json
[2025-06-16T14:46:01.481+0000] {logging_mixin.py:190} INFO - Deleted all files in /opt/***/extraction/mercadolivre/data/shipping_cost_ml/prod/ with extension *.json
[2025-06-16T14:46:01.484+0000] {logging_mixin.py:190} INFO - Deleted all files in /opt/***/extraction/mercadolivre/data/shipping_cost_ml/prod/ with extension *.json
[2025-06-16T14:46:01.487+0000] {logging_mixin.py:190} INFO - Deleted all files in /opt/***/extraction/mercadolivre/data/shipping_cost_ml/prod/ with extension *.json
[2025-06-16T14:46:01.491+0000] {logging_mixin.py:190} INFO - Deleted all files in /opt/***/extraction/mercadolivre/data/shipping_cost_ml/prod/ with extension *.json
[2025-06-16T14:46:01.494+0000] {logging_mixin.py:190} INFO - Deleted all files in /opt/***/extraction/mercadolivre/data/shipping_cost_ml/prod/ with extension *.json
[2025-06-16T14:46:01.497+0000] {logging_mixin.py:190} INFO - Deleted all files in /opt/***/extraction/mercadolivre/data/shipping_cost_ml/prod/ with extension *.json
[2025-06-16T14:46:01.501+0000] {logging_mixin.py:190} INFO - Deleted all files in /opt/***/extraction/mercadolivre/data/shipping_cost_ml/prod/ with extension *.json
[2025-06-16T14:46:01.504+0000] {logging_mixin.py:190} INFO - Deleted all files in /opt/***/extraction/mercadolivre/data/shipping_cost_ml/prod/ with extension *.json
[2025-06-16T14:46:01.508+0000] {logging_mixin.py:190} INFO - Deleted all files in /opt/***/extraction/mercadolivre/data/shipping_cost_ml/prod/ with extension *.json
[2025-06-16T14:46:01.511+0000] {logging_mixin.py:190} INFO - Deleted all files in /opt/***/extraction/mercadolivre/data/shipping_cost_ml/prod/ with extension *.json
[2025-06-16T14:46:01.514+0000] {logging_mixin.py:190} INFO - Deleted all files in /opt/***/extraction/mercadolivre/data/shipping_cost_ml/prod/ with extension *.json
[2025-06-16T14:46:01.517+0000] {logging_mixin.py:190} INFO - Deleted all files in /opt/***/extraction/mercadolivre/data/shipping_cost_ml/prod/ with extension *.json
[2025-06-16T14:46:01.520+0000] {logging_mixin.py:190} INFO - Deleted all files in /opt/***/extraction/mercadolivre/data/shipping_cost_ml/prod/ with extension *.json
[2025-06-16T14:46:01.522+0000] {logging_mixin.py:190} INFO - Deleted all files in /opt/***/extraction/mercadolivre/data/shipping_cost_ml/prod/ with extension *.json
[2025-06-16T14:46:01.525+0000] {logging_mixin.py:190} INFO - Deleted all files in /opt/***/extraction/mercadolivre/data/shipping_cost_ml/prod/ with extension *.json
[2025-06-16T14:46:01.528+0000] {logging_mixin.py:190} INFO - Deleted all files in /opt/***/extraction/mercadolivre/data/shipping_cost_ml/prod/ with extension *.json
[2025-06-16T14:46:01.531+0000] {logging_mixin.py:190} INFO - Deleted all files in /opt/***/extraction/mercadolivre/data/shipping_cost_ml/prod/ with extension *.json
[2025-06-16T14:46:01.534+0000] {logging_mixin.py:190} INFO - Deleted all files in /opt/***/extraction/mercadolivre/data/shipping_cost_ml/prod/ with extension *.json
[2025-06-16T14:46:01.538+0000] {logging_mixin.py:190} INFO - Deleted all files in /opt/***/extraction/mercadolivre/data/shipping_cost_ml/prod/ with extension *.json
[2025-06-16T14:46:01.541+0000] {logging_mixin.py:190} INFO - Deleted all files in /opt/***/extraction/mercadolivre/data/shipping_cost_ml/prod/ with extension *.json
[2025-06-16T14:46:01.544+0000] {logging_mixin.py:190} INFO - Deleted all files in /opt/***/extraction/mercadolivre/data/shipping_cost_ml/prod/ with extension *.json
[2025-06-16T14:46:01.547+0000] {logging_mixin.py:190} INFO - Deleted all files in /opt/***/extraction/mercadolivre/data/shipping_cost_ml/prod/ with extension *.json
[2025-06-16T14:46:01.550+0000] {logging_mixin.py:190} INFO - Deleted all files in /opt/***/extraction/mercadolivre/data/shipping_cost_ml/prod/ with extension *.json
[2025-06-16T14:46:01.553+0000] {logging_mixin.py:190} INFO - Deleted all files in /opt/***/extraction/mercadolivre/data/shipping_cost_ml/prod/ with extension *.json
[2025-06-16T14:46:01.556+0000] {logging_mixin.py:190} INFO - Deleted all files in /opt/***/extraction/mercadolivre/data/shipping_cost_ml/prod/ with extension *.json
[2025-06-16T14:46:01.559+0000] {logging_mixin.py:190} INFO - Deleted all files in /opt/***/extraction/mercadolivre/data/shipping_cost_ml/prod/ with extension *.json
[2025-06-16T14:46:01.562+0000] {logging_mixin.py:190} INFO - Deleted all files in /opt/***/extraction/mercadolivre/data/shipping_cost_ml/prod/ with extension *.json
[2025-06-16T14:46:01.566+0000] {logging_mixin.py:190} INFO - Deleted all files in /opt/***/extraction/mercadolivre/data/shipping_cost_ml/prod/ with extension *.json
[2025-06-16T14:46:01.569+0000] {logging_mixin.py:190} INFO - Deleted all files in /opt/***/extraction/mercadolivre/data/shipping_cost_ml/prod/ with extension *.json
[2025-06-16T14:46:01.572+0000] {logging_mixin.py:190} INFO - Deleted all files in /opt/***/extraction/mercadolivre/data/shipping_cost_ml/prod/ with extension *.json
[2025-06-16T14:46:01.575+0000] {logging_mixin.py:190} INFO - Deleted all files in /opt/***/extraction/mercadolivre/data/shipping_cost_ml/prod/ with extension *.json
[2025-06-16T14:46:01.578+0000] {logging_mixin.py:190} INFO - Deleted all files in /opt/***/extraction/mercadolivre/data/shipping_cost_ml/prod/ with extension *.json
[2025-06-16T14:46:01.581+0000] {logging_mixin.py:190} INFO - Deleted all files in /opt/***/extraction/mercadolivre/data/shipping_cost_ml/prod/ with extension *.json
[2025-06-16T14:46:01.584+0000] {logging_mixin.py:190} INFO - Deleted all files in /opt/***/extraction/mercadolivre/data/shipping_cost_ml/prod/ with extension *.json
[2025-06-16T14:46:01.588+0000] {logging_mixin.py:190} INFO - Deleted all files in /opt/***/extraction/mercadolivre/data/shipping_cost_ml/prod/ with extension *.json
[2025-06-16T14:46:01.591+0000] {logging_mixin.py:190} INFO - Deleted all files in /opt/***/extraction/mercadolivre/data/shipping_cost_ml/prod/ with extension *.json
[2025-06-16T14:46:01.594+0000] {logging_mixin.py:190} INFO - Deleted all files in /opt/***/extraction/mercadolivre/data/shipping_cost_ml/prod/ with extension *.json
[2025-06-16T14:46:01.598+0000] {logging_mixin.py:190} INFO - Deleted all files in /opt/***/extraction/mercadolivre/data/shipping_cost_ml/prod/ with extension *.json
[2025-06-16T14:46:01.601+0000] {logging_mixin.py:190} INFO - Deleted all files in /opt/***/extraction/mercadolivre/data/shipping_cost_ml/prod/ with extension *.json
[2025-06-16T14:46:01.604+0000] {logging_mixin.py:190} INFO - Deleted all files in /opt/***/extraction/mercadolivre/data/shipping_cost_ml/prod/ with extension *.json
[2025-06-16T14:46:01.607+0000] {logging_mixin.py:190} INFO - Deleted all files in /opt/***/extraction/mercadolivre/data/shipping_cost_ml/prod/ with extension *.json
[2025-06-16T14:46:01.610+0000] {logging_mixin.py:190} INFO - Deleted all files in /opt/***/extraction/mercadolivre/data/shipping_cost_ml/prod/ with extension *.json
[2025-06-16T14:46:01.613+0000] {logging_mixin.py:190} INFO - Deleted all files in /opt/***/extraction/mercadolivre/data/shipping_cost_ml/prod/ with extension *.json
[2025-06-16T14:46:01.616+0000] {logging_mixin.py:190} INFO - Deleted all files in /opt/***/extraction/mercadolivre/data/shipping_cost_ml/prod/ with extension *.json
[2025-06-16T14:46:01.619+0000] {logging_mixin.py:190} INFO - Deleted all files in /opt/***/extraction/mercadolivre/data/shipping_cost_ml/prod/ with extension *.json
[2025-06-16T14:46:01.622+0000] {logging_mixin.py:190} INFO - Deleted all files in /opt/***/extraction/mercadolivre/data/shipping_cost_ml/prod/ with extension *.json
[2025-06-16T14:46:01.625+0000] {logging_mixin.py:190} INFO - Deleted all files in /opt/***/extraction/mercadolivre/data/shipping_cost_ml/prod/ with extension *.json
[2025-06-16T14:46:01.628+0000] {logging_mixin.py:190} INFO - Deleted all files in /opt/***/extraction/mercadolivre/data/shipping_cost_ml/prod/ with extension *.json
[2025-06-16T14:46:01.632+0000] {logging_mixin.py:190} INFO - Deleted all files in /opt/***/extraction/mercadolivre/data/shipping_cost_ml/prod/ with extension *.json
[2025-06-16T14:46:01.635+0000] {logging_mixin.py:190} INFO - Deleted all files in /opt/***/extraction/mercadolivre/data/shipping_cost_ml/prod/ with extension *.json
[2025-06-16T14:46:01.638+0000] {logging_mixin.py:190} INFO - Deleted all files in /opt/***/extraction/mercadolivre/data/shipping_cost_ml/prod/ with extension *.json
[2025-06-16T14:46:01.642+0000] {logging_mixin.py:190} INFO - Deleted all files in /opt/***/extraction/mercadolivre/data/shipping_cost_ml/prod/ with extension *.json
[2025-06-16T14:46:01.645+0000] {logging_mixin.py:190} INFO - Deleted all files in /opt/***/extraction/mercadolivre/data/shipping_cost_ml/prod/ with extension *.json
[2025-06-16T14:46:01.648+0000] {logging_mixin.py:190} INFO - Deleted all files in /opt/***/extraction/mercadolivre/data/shipping_cost_ml/prod/ with extension *.json
[2025-06-16T14:46:01.651+0000] {logging_mixin.py:190} INFO - Deleted all files in /opt/***/extraction/mercadolivre/data/shipping_cost_ml/prod/ with extension *.json
[2025-06-16T14:46:01.655+0000] {logging_mixin.py:190} INFO - Deleted all files in /opt/***/extraction/mercadolivre/data/shipping_cost_ml/prod/ with extension *.json
[2025-06-16T14:46:01.658+0000] {logging_mixin.py:190} INFO - Deleted all files in /opt/***/extraction/mercadolivre/data/shipping_cost_ml/prod/ with extension *.json
[2025-06-16T14:46:01.661+0000] {logging_mixin.py:190} INFO - Deleted all files in /opt/***/extraction/mercadolivre/data/shipping_cost_ml/prod/ with extension *.json
[2025-06-16T14:46:01.664+0000] {logging_mixin.py:190} INFO - Deleted all files in /opt/***/extraction/mercadolivre/data/shipping_cost_ml/prod/ with extension *.json
[2025-06-16T14:46:01.667+0000] {logging_mixin.py:190} INFO - Deleted all files in /opt/***/extraction/mercadolivre/data/shipping_cost_ml/prod/ with extension *.json
[2025-06-16T14:46:01.671+0000] {logging_mixin.py:190} INFO - Deleted all files in /opt/***/extraction/mercadolivre/data/shipping_cost_ml/prod/ with extension *.json
[2025-06-16T14:46:01.674+0000] {logging_mixin.py:190} INFO - Deleted all files in /opt/***/extraction/mercadolivre/data/shipping_cost_ml/prod/ with extension *.json
[2025-06-16T14:46:01.678+0000] {logging_mixin.py:190} INFO - Deleted all files in /opt/***/extraction/mercadolivre/data/shipping_cost_ml/prod/ with extension *.json
[2025-06-16T14:46:01.682+0000] {logging_mixin.py:190} INFO - Deleted all files in /opt/***/extraction/mercadolivre/data/shipping_cost_ml/prod/ with extension *.json
[2025-06-16T14:46:01.685+0000] {logging_mixin.py:190} INFO - Deleted all files in /opt/***/extraction/mercadolivre/data/shipping_cost_ml/prod/ with extension *.json
[2025-06-16T14:46:01.688+0000] {logging_mixin.py:190} INFO - Deleted all files in /opt/***/extraction/mercadolivre/data/shipping_cost_ml/prod/ with extension *.json
[2025-06-16T14:46:01.692+0000] {logging_mixin.py:190} INFO - Deleted all files in /opt/***/extraction/mercadolivre/data/shipping_cost_ml/prod/ with extension *.json
[2025-06-16T14:46:01.695+0000] {logging_mixin.py:190} INFO - Deleted all files in /opt/***/extraction/mercadolivre/data/shipping_cost_ml/prod/ with extension *.json
[2025-06-16T14:46:01.699+0000] {logging_mixin.py:190} INFO - Deleted all files in /opt/***/extraction/mercadolivre/data/shipping_cost_ml/prod/ with extension *.json
[2025-06-16T14:46:01.702+0000] {logging_mixin.py:190} INFO - Deleted all files in /opt/***/extraction/mercadolivre/data/shipping_cost_ml/prod/ with extension *.json
[2025-06-16T14:46:01.706+0000] {logging_mixin.py:190} INFO - Deleted all files in /opt/***/extraction/mercadolivre/data/shipping_cost_ml/prod/ with extension *.json
[2025-06-16T14:46:01.709+0000] {logging_mixin.py:190} INFO - Deleted all files in /opt/***/extraction/mercadolivre/data/shipping_cost_ml/prod/ with extension *.json
[2025-06-16T14:46:01.713+0000] {logging_mixin.py:190} INFO - Deleted all files in /opt/***/extraction/mercadolivre/data/shipping_cost_ml/prod/ with extension *.json
[2025-06-16T14:46:01.717+0000] {logging_mixin.py:190} INFO - Deleted all files in /opt/***/extraction/mercadolivre/data/shipping_cost_ml/prod/ with extension *.json
[2025-06-16T14:46:01.721+0000] {logging_mixin.py:190} INFO - Deleted all files in /opt/***/extraction/mercadolivre/data/shipping_cost_ml/prod/ with extension *.json
[2025-06-16T14:46:01.725+0000] {logging_mixin.py:190} INFO - Deleted all files in /opt/***/extraction/mercadolivre/data/shipping_cost_ml/prod/ with extension *.json
[2025-06-16T14:46:01.728+0000] {logging_mixin.py:190} INFO - Deleted all files in /opt/***/extraction/mercadolivre/data/shipping_cost_ml/prod/ with extension *.json
[2025-06-16T14:46:01.731+0000] {logging_mixin.py:190} INFO - Deleted all files in /opt/***/extraction/mercadolivre/data/shipping_cost_ml/prod/ with extension *.json
[2025-06-16T14:46:01.735+0000] {logging_mixin.py:190} INFO - Deleted all files in /opt/***/extraction/mercadolivre/data/shipping_cost_ml/prod/ with extension *.json
[2025-06-16T14:46:01.738+0000] {logging_mixin.py:190} INFO - Deleted all files in /opt/***/extraction/mercadolivre/data/shipping_cost_ml/prod/ with extension *.json
[2025-06-16T14:46:01.742+0000] {logging_mixin.py:190} INFO - Deleted all files in /opt/***/extraction/mercadolivre/data/shipping_cost_ml/prod/ with extension *.json
[2025-06-16T14:46:01.745+0000] {logging_mixin.py:190} INFO - Deleted all files in /opt/***/extraction/mercadolivre/data/shipping_cost_ml/prod/ with extension *.json
[2025-06-16T14:46:01.748+0000] {logging_mixin.py:190} INFO - Deleted all files in /opt/***/extraction/mercadolivre/data/shipping_cost_ml/prod/ with extension *.json
[2025-06-16T14:46:01.751+0000] {logging_mixin.py:190} INFO - Deleted all files in /opt/***/extraction/mercadolivre/data/shipping_cost_ml/prod/ with extension *.json
[2025-06-16T14:46:01.755+0000] {logging_mixin.py:190} INFO - Deleted all files in /opt/***/extraction/mercadolivre/data/shipping_cost_ml/prod/ with extension *.json
[2025-06-16T14:46:01.758+0000] {logging_mixin.py:190} INFO - Deleted all files in /opt/***/extraction/mercadolivre/data/shipping_cost_ml/prod/ with extension *.json
[2025-06-16T14:46:01.761+0000] {logging_mixin.py:190} INFO - Deleted all files in /opt/***/extraction/mercadolivre/data/shipping_cost_ml/prod/ with extension *.json
[2025-06-16T14:46:01.765+0000] {logging_mixin.py:190} INFO - Deleted all files in /opt/***/extraction/mercadolivre/data/shipping_cost_ml/prod/ with extension *.json
[2025-06-16T14:46:01.768+0000] {logging_mixin.py:190} INFO - Deleted all files in /opt/***/extraction/mercadolivre/data/shipping_cost_ml/prod/ with extension *.json
[2025-06-16T14:46:01.772+0000] {logging_mixin.py:190} INFO - Deleted all files in /opt/***/extraction/mercadolivre/data/shipping_cost_ml/prod/ with extension *.json
[2025-06-16T14:46:01.775+0000] {logging_mixin.py:190} INFO - Deleted all files in /opt/***/extraction/mercadolivre/data/shipping_cost_ml/prod/ with extension *.json
[2025-06-16T14:46:01.778+0000] {logging_mixin.py:190} INFO - Deleted all files in /opt/***/extraction/mercadolivre/data/shipping_cost_ml/prod/ with extension *.json
[2025-06-16T14:46:01.782+0000] {logging_mixin.py:190} INFO - Deleted all files in /opt/***/extraction/mercadolivre/data/shipping_cost_ml/prod/ with extension *.json
[2025-06-16T14:46:01.785+0000] {logging_mixin.py:190} INFO - Deleted all files in /opt/***/extraction/mercadolivre/data/shipping_cost_ml/prod/ with extension *.json
[2025-06-16T14:46:01.789+0000] {logging_mixin.py:190} INFO - Deleted all files in /opt/***/extraction/mercadolivre/data/shipping_cost_ml/prod/ with extension *.json
[2025-06-16T14:46:01.792+0000] {logging_mixin.py:190} INFO - Deleted all files in /opt/***/extraction/mercadolivre/data/shipping_cost_ml/prod/ with extension *.json
[2025-06-16T14:46:01.796+0000] {logging_mixin.py:190} INFO - Deleted all files in /opt/***/extraction/mercadolivre/data/shipping_cost_ml/prod/ with extension *.json
[2025-06-16T14:46:01.800+0000] {logging_mixin.py:190} INFO - Deleted all files in /opt/***/extraction/mercadolivre/data/shipping_cost_ml/prod/ with extension *.json
[2025-06-16T14:46:01.804+0000] {logging_mixin.py:190} INFO - Deleted all files in /opt/***/extraction/mercadolivre/data/shipping_cost_ml/prod/ with extension *.json
[2025-06-16T14:46:01.809+0000] {logging_mixin.py:190} INFO - Deleted all files in /opt/***/extraction/mercadolivre/data/shipping_cost_ml/prod/ with extension *.json
[2025-06-16T14:46:01.821+0000] {logging_mixin.py:190} INFO - Deleted all files in /opt/***/extraction/mercadolivre/data/shipping_cost_ml/prod/ with extension *.json
[2025-06-16T14:46:01.827+0000] {logging_mixin.py:190} INFO - Deleted all files in /opt/***/extraction/mercadolivre/data/shipping_cost_ml/prod/ with extension *.json
[2025-06-16T14:46:01.833+0000] {logging_mixin.py:190} INFO - Deleted all files in /opt/***/extraction/mercadolivre/data/shipping_cost_ml/prod/ with extension *.json
[2025-06-16T14:46:01.839+0000] {logging_mixin.py:190} INFO - Deleted all files in /opt/***/extraction/mercadolivre/data/shipping_cost_ml/prod/ with extension *.json
[2025-06-16T14:46:01.844+0000] {logging_mixin.py:190} INFO - Deleted all files in /opt/***/extraction/mercadolivre/data/shipping_cost_ml/prod/ with extension *.json
[2025-06-16T14:46:01.851+0000] {logging_mixin.py:190} INFO - Deleted all files in /opt/***/extraction/mercadolivre/data/shipping_cost_ml/prod/ with extension *.json
[2025-06-16T14:46:01.856+0000] {logging_mixin.py:190} INFO - Deleted all files in /opt/***/extraction/mercadolivre/data/shipping_cost_ml/prod/ with extension *.json
[2025-06-16T14:46:01.861+0000] {logging_mixin.py:190} INFO - Deleted all files in /opt/***/extraction/mercadolivre/data/shipping_cost_ml/prod/ with extension *.json
[2025-06-16T14:46:01.867+0000] {logging_mixin.py:190} INFO - Deleted all files in /opt/***/extraction/mercadolivre/data/shipping_cost_ml/prod/ with extension *.json
[2025-06-16T14:46:01.871+0000] {logging_mixin.py:190} INFO - Deleted all files in /opt/***/extraction/mercadolivre/data/shipping_cost_ml/prod/ with extension *.json
[2025-06-16T14:46:01.875+0000] {logging_mixin.py:190} INFO - Deleted all files in /opt/***/extraction/mercadolivre/data/shipping_cost_ml/prod/ with extension *.json
[2025-06-16T14:46:01.878+0000] {logging_mixin.py:190} INFO - Deleted all files in /opt/***/extraction/mercadolivre/data/shipping_cost_ml/prod/ with extension *.json
[2025-06-16T14:46:01.882+0000] {logging_mixin.py:190} INFO - Deleted all files in /opt/***/extraction/mercadolivre/data/shipping_cost_ml/prod/ with extension *.json
[2025-06-16T14:46:01.885+0000] {logging_mixin.py:190} INFO - Deleted all files in /opt/***/extraction/mercadolivre/data/shipping_cost_ml/prod/ with extension *.json
[2025-06-16T14:46:01.890+0000] {logging_mixin.py:190} INFO - Deleted all files in /opt/***/extraction/mercadolivre/data/shipping_cost_ml/prod/ with extension *.json
[2025-06-16T14:46:01.893+0000] {logging_mixin.py:190} INFO - Deleted all files in /opt/***/extraction/mercadolivre/data/shipping_cost_ml/prod/ with extension *.json
[2025-06-16T14:46:01.897+0000] {logging_mixin.py:190} INFO - Deleted all files in /opt/***/extraction/mercadolivre/data/shipping_cost_ml/prod/ with extension *.json
[2025-06-16T14:46:01.900+0000] {logging_mixin.py:190} INFO - Deleted all files in /opt/***/extraction/mercadolivre/data/shipping_cost_ml/prod/ with extension *.json
[2025-06-16T14:46:01.904+0000] {logging_mixin.py:190} INFO - Deleted all files in /opt/***/extraction/mercadolivre/data/shipping_cost_ml/prod/ with extension *.json
[2025-06-16T14:46:01.908+0000] {logging_mixin.py:190} INFO - Deleted all files in /opt/***/extraction/mercadolivre/data/shipping_cost_ml/prod/ with extension *.json
[2025-06-16T14:46:01.911+0000] {logging_mixin.py:190} INFO - Deleted all files in /opt/***/extraction/mercadolivre/data/shipping_cost_ml/prod/ with extension *.json
[2025-06-16T14:46:01.915+0000] {logging_mixin.py:190} INFO - Deleted all files in /opt/***/extraction/mercadolivre/data/shipping_cost_ml/prod/ with extension *.json
[2025-06-16T14:46:01.918+0000] {logging_mixin.py:190} INFO - Deleted all files in /opt/***/extraction/mercadolivre/data/shipping_cost_ml/prod/ with extension *.json
[2025-06-16T14:46:01.922+0000] {logging_mixin.py:190} INFO - Deleted all files in /opt/***/extraction/mercadolivre/data/shipping_cost_ml/prod/ with extension *.json
[2025-06-16T14:46:01.925+0000] {logging_mixin.py:190} INFO - Deleted all files in /opt/***/extraction/mercadolivre/data/shipping_cost_ml/prod/ with extension *.json
[2025-06-16T14:46:01.928+0000] {logging_mixin.py:190} INFO - Deleted all files in /opt/***/extraction/mercadolivre/data/shipping_cost_ml/prod/ with extension *.json
[2025-06-16T14:46:01.932+0000] {logging_mixin.py:190} INFO - Deleted all files in /opt/***/extraction/mercadolivre/data/shipping_cost_ml/prod/ with extension *.json
[2025-06-16T14:46:01.935+0000] {logging_mixin.py:190} INFO - Deleted all files in /opt/***/extraction/mercadolivre/data/shipping_cost_ml/prod/ with extension *.json
[2025-06-16T14:46:01.938+0000] {logging_mixin.py:190} INFO - Deleted all files in /opt/***/extraction/mercadolivre/data/shipping_cost_ml/prod/ with extension *.json
[2025-06-16T14:46:01.941+0000] {logging_mixin.py:190} INFO - Deleted all files in /opt/***/extraction/mercadolivre/data/shipping_cost_ml/prod/ with extension *.json
[2025-06-16T14:46:01.944+0000] {logging_mixin.py:190} INFO - Deleted all files in /opt/***/extraction/mercadolivre/data/shipping_cost_ml/prod/ with extension *.json
[2025-06-16T14:46:01.947+0000] {logging_mixin.py:190} INFO - Deleted all files in /opt/***/extraction/mercadolivre/data/shipping_cost_ml/prod/ with extension *.json
[2025-06-16T14:46:01.950+0000] {logging_mixin.py:190} INFO - Deleted all files in /opt/***/extraction/mercadolivre/data/shipping_cost_ml/prod/ with extension *.json
[2025-06-16T14:46:01.953+0000] {logging_mixin.py:190} INFO - Deleted all files in /opt/***/extraction/mercadolivre/data/shipping_cost_ml/prod/ with extension *.json
[2025-06-16T14:46:01.956+0000] {logging_mixin.py:190} INFO - Deleted all files in /opt/***/extraction/mercadolivre/data/shipping_cost_ml/prod/ with extension *.json
[2025-06-16T14:46:01.959+0000] {logging_mixin.py:190} INFO - Deleted all files in /opt/***/extraction/mercadolivre/data/shipping_cost_ml/prod/ with extension *.json
[2025-06-16T14:46:01.962+0000] {logging_mixin.py:190} INFO - Deleted all files in /opt/***/extraction/mercadolivre/data/shipping_cost_ml/prod/ with extension *.json
[2025-06-16T14:46:01.965+0000] {logging_mixin.py:190} INFO - Deleted all files in /opt/***/extraction/mercadolivre/data/shipping_cost_ml/prod/ with extension *.json
[2025-06-16T14:46:01.968+0000] {logging_mixin.py:190} INFO - Deleted all files in /opt/***/extraction/mercadolivre/data/shipping_cost_ml/prod/ with extension *.json
[2025-06-16T14:46:01.971+0000] {logging_mixin.py:190} INFO - Deleted all files in /opt/***/extraction/mercadolivre/data/shipping_cost_ml/prod/ with extension *.json
[2025-06-16T14:46:01.973+0000] {logging_mixin.py:190} INFO - Deleted all files in /opt/***/extraction/mercadolivre/data/shipping_cost_ml/prod/ with extension *.json
[2025-06-16T14:46:01.976+0000] {logging_mixin.py:190} INFO - Deleted all files in /opt/***/extraction/mercadolivre/data/shipping_cost_ml/prod/ with extension *.json
[2025-06-16T14:46:01.979+0000] {logging_mixin.py:190} INFO - Deleted all files in /opt/***/extraction/mercadolivre/data/shipping_cost_ml/prod/ with extension *.json
[2025-06-16T14:46:01.982+0000] {logging_mixin.py:190} INFO - Deleted all files in /opt/***/extraction/mercadolivre/data/shipping_cost_ml/prod/ with extension *.json
[2025-06-16T14:46:01.985+0000] {logging_mixin.py:190} INFO - Deleted all files in /opt/***/extraction/mercadolivre/data/shipping_cost_ml/prod/ with extension *.json
[2025-06-16T14:46:01.987+0000] {logging_mixin.py:190} INFO - Deleted all files in /opt/***/extraction/mercadolivre/data/shipping_cost_ml/prod/ with extension *.json
[2025-06-16T14:46:01.990+0000] {logging_mixin.py:190} INFO - Deleted all files in /opt/***/extraction/mercadolivre/data/shipping_cost_ml/prod/ with extension *.json
[2025-06-16T14:46:01.993+0000] {logging_mixin.py:190} INFO - Deleted all files in /opt/***/extraction/mercadolivre/data/shipping_cost_ml/prod/ with extension *.json
[2025-06-16T14:46:01.996+0000] {logging_mixin.py:190} INFO - Deleted all files in /opt/***/extraction/mercadolivre/data/shipping_cost_ml/prod/ with extension *.json
[2025-06-16T14:46:01.999+0000] {logging_mixin.py:190} INFO - Deleted all files in /opt/***/extraction/mercadolivre/data/shipping_cost_ml/prod/ with extension *.json
[2025-06-16T14:46:02.002+0000] {logging_mixin.py:190} INFO - Deleted all files in /opt/***/extraction/mercadolivre/data/shipping_cost_ml/prod/ with extension *.json
[2025-06-16T14:46:02.005+0000] {logging_mixin.py:190} INFO - Deleted all files in /opt/***/extraction/mercadolivre/data/shipping_cost_ml/prod/ with extension *.json
[2025-06-16T14:46:02.008+0000] {logging_mixin.py:190} INFO - Deleted all files in /opt/***/extraction/mercadolivre/data/shipping_cost_ml/prod/ with extension *.json
[2025-06-16T14:46:02.012+0000] {logging_mixin.py:190} INFO - Deleted all files in /opt/***/extraction/mercadolivre/data/shipping_cost_ml/prod/ with extension *.json
[2025-06-16T14:46:02.015+0000] {logging_mixin.py:190} INFO - Deleted all files in /opt/***/extraction/mercadolivre/data/shipping_cost_ml/prod/ with extension *.json
[2025-06-16T14:46:02.018+0000] {logging_mixin.py:190} INFO - Deleted all files in /opt/***/extraction/mercadolivre/data/shipping_cost_ml/prod/ with extension *.json
[2025-06-16T14:46:02.021+0000] {logging_mixin.py:190} INFO - Deleted all files in /opt/***/extraction/mercadolivre/data/shipping_cost_ml/prod/ with extension *.json
[2025-06-16T14:46:02.024+0000] {logging_mixin.py:190} INFO - Deleted all files in /opt/***/extraction/mercadolivre/data/shipping_cost_ml/prod/ with extension *.json
[2025-06-16T14:46:02.027+0000] {logging_mixin.py:190} INFO - Deleted all files in /opt/***/extraction/mercadolivre/data/shipping_cost_ml/prod/ with extension *.json
[2025-06-16T14:46:02.030+0000] {logging_mixin.py:190} INFO - Deleted all files in /opt/***/extraction/mercadolivre/data/shipping_cost_ml/prod/ with extension *.json
[2025-06-16T14:46:02.033+0000] {logging_mixin.py:190} INFO - Deleted all files in /opt/***/extraction/mercadolivre/data/shipping_cost_ml/prod/ with extension *.json
[2025-06-16T14:46:02.036+0000] {logging_mixin.py:190} INFO - Deleted all files in /opt/***/extraction/mercadolivre/data/shipping_cost_ml/prod/ with extension *.json
[2025-06-16T14:46:02.039+0000] {logging_mixin.py:190} INFO - Deleted all files in /opt/***/extraction/mercadolivre/data/shipping_cost_ml/prod/ with extension *.json
[2025-06-16T14:46:02.042+0000] {logging_mixin.py:190} INFO - Deleted all files in /opt/***/extraction/mercadolivre/data/shipping_cost_ml/prod/ with extension *.json
[2025-06-16T14:46:02.045+0000] {logging_mixin.py:190} INFO - Deleted all files in /opt/***/extraction/mercadolivre/data/shipping_cost_ml/prod/ with extension *.json
[2025-06-16T14:46:02.048+0000] {logging_mixin.py:190} INFO - Deleted all files in /opt/***/extraction/mercadolivre/data/shipping_cost_ml/prod/ with extension *.json
[2025-06-16T14:46:02.051+0000] {logging_mixin.py:190} INFO - Deleted all files in /opt/***/extraction/mercadolivre/data/shipping_cost_ml/prod/ with extension *.json
[2025-06-16T14:46:02.054+0000] {logging_mixin.py:190} INFO - Deleted all files in /opt/***/extraction/mercadolivre/data/shipping_cost_ml/prod/ with extension *.json
[2025-06-16T14:46:02.057+0000] {logging_mixin.py:190} INFO - Deleted all files in /opt/***/extraction/mercadolivre/data/shipping_cost_ml/prod/ with extension *.json
[2025-06-16T14:46:02.060+0000] {logging_mixin.py:190} INFO - Deleted all files in /opt/***/extraction/mercadolivre/data/shipping_cost_ml/prod/ with extension *.json
[2025-06-16T14:46:02.064+0000] {logging_mixin.py:190} INFO - Deleted all files in /opt/***/extraction/mercadolivre/data/shipping_cost_ml/prod/ with extension *.json
[2025-06-16T14:46:02.067+0000] {logging_mixin.py:190} INFO - Deleted all files in /opt/***/extraction/mercadolivre/data/shipping_cost_ml/prod/ with extension *.json
[2025-06-16T14:46:02.070+0000] {logging_mixin.py:190} INFO - Deleted all files in /opt/***/extraction/mercadolivre/data/shipping_cost_ml/prod/ with extension *.json
[2025-06-16T14:46:02.073+0000] {logging_mixin.py:190} INFO - Deleted all files in /opt/***/extraction/mercadolivre/data/shipping_cost_ml/prod/ with extension *.json
[2025-06-16T14:46:02.076+0000] {logging_mixin.py:190} INFO - Deleted all files in /opt/***/extraction/mercadolivre/data/shipping_cost_ml/prod/ with extension *.json
[2025-06-16T14:46:02.079+0000] {logging_mixin.py:190} INFO - Deleted all files in /opt/***/extraction/mercadolivre/data/shipping_cost_ml/prod/ with extension *.json
[2025-06-16T14:46:02.082+0000] {logging_mixin.py:190} INFO - Deleted all files in /opt/***/extraction/mercadolivre/data/shipping_cost_ml/prod/ with extension *.json
[2025-06-16T14:46:02.085+0000] {logging_mixin.py:190} INFO - Deleted all files in /opt/***/extraction/mercadolivre/data/shipping_cost_ml/prod/ with extension *.json
[2025-06-16T14:46:02.088+0000] {logging_mixin.py:190} INFO - Deleted all files in /opt/***/extraction/mercadolivre/data/shipping_cost_ml/prod/ with extension *.json
[2025-06-16T14:46:02.091+0000] {logging_mixin.py:190} INFO - Deleted all files in /opt/***/extraction/mercadolivre/data/shipping_cost_ml/prod/ with extension *.json
[2025-06-16T14:46:02.094+0000] {logging_mixin.py:190} INFO - Deleted all files in /opt/***/extraction/mercadolivre/data/shipping_cost_ml/prod/ with extension *.json
[2025-06-16T14:46:02.097+0000] {logging_mixin.py:190} INFO - Deleted all files in /opt/***/extraction/mercadolivre/data/shipping_cost_ml/prod/ with extension *.json
[2025-06-16T14:46:02.099+0000] {logging_mixin.py:190} INFO - Deleted all files in /opt/***/extraction/mercadolivre/data/shipping_cost_ml/prod/ with extension *.json
[2025-06-16T14:46:02.103+0000] {logging_mixin.py:190} INFO - Deleted all files in /opt/***/extraction/mercadolivre/data/shipping_cost_ml/prod/ with extension *.json
[2025-06-16T14:46:02.106+0000] {logging_mixin.py:190} INFO - Deleted all files in /opt/***/extraction/mercadolivre/data/shipping_cost_ml/prod/ with extension *.json
[2025-06-16T14:46:02.109+0000] {logging_mixin.py:190} INFO - Deleted all files in /opt/***/extraction/mercadolivre/data/shipping_cost_ml/prod/ with extension *.json
[2025-06-16T14:46:02.112+0000] {logging_mixin.py:190} INFO - Deleted all files in /opt/***/extraction/mercadolivre/data/shipping_cost_ml/prod/ with extension *.json
[2025-06-16T14:46:02.115+0000] {logging_mixin.py:190} INFO - Deleted all files in /opt/***/extraction/mercadolivre/data/shipping_cost_ml/prod/ with extension *.json
[2025-06-16T14:46:02.119+0000] {logging_mixin.py:190} INFO - Deleted all files in /opt/***/extraction/mercadolivre/data/shipping_cost_ml/prod/ with extension *.json
[2025-06-16T14:46:02.122+0000] {logging_mixin.py:190} INFO - Deleted all files in /opt/***/extraction/mercadolivre/data/shipping_cost_ml/prod/ with extension *.json
[2025-06-16T14:46:02.125+0000] {logging_mixin.py:190} INFO - Deleted all files in /opt/***/extraction/mercadolivre/data/shipping_cost_ml/prod/ with extension *.json
[2025-06-16T14:46:02.128+0000] {logging_mixin.py:190} INFO - Deleted all files in /opt/***/extraction/mercadolivre/data/shipping_cost_ml/prod/ with extension *.json
[2025-06-16T14:46:02.131+0000] {logging_mixin.py:190} INFO - Deleted all files in /opt/***/extraction/mercadolivre/data/shipping_cost_ml/prod/ with extension *.json
[2025-06-16T14:46:02.135+0000] {logging_mixin.py:190} INFO - Deleted all files in /opt/***/extraction/mercadolivre/data/shipping_cost_ml/prod/ with extension *.json
[2025-06-16T14:46:02.138+0000] {logging_mixin.py:190} INFO - Deleted all files in /opt/***/extraction/mercadolivre/data/shipping_cost_ml/prod/ with extension *.json
[2025-06-16T14:46:02.141+0000] {logging_mixin.py:190} INFO - Deleted all files in /opt/***/extraction/mercadolivre/data/shipping_cost_ml/prod/ with extension *.json
[2025-06-16T14:46:02.144+0000] {logging_mixin.py:190} INFO - Deleted all files in /opt/***/extraction/mercadolivre/data/shipping_cost_ml/prod/ with extension *.json
[2025-06-16T14:46:02.147+0000] {logging_mixin.py:190} INFO - Deleted all files in /opt/***/extraction/mercadolivre/data/shipping_cost_ml/prod/ with extension *.json
[2025-06-16T14:46:02.150+0000] {logging_mixin.py:190} INFO - Deleted all files in /opt/***/extraction/mercadolivre/data/shipping_cost_ml/prod/ with extension *.json
[2025-06-16T14:46:02.153+0000] {logging_mixin.py:190} INFO - Deleted all files in /opt/***/extraction/mercadolivre/data/shipping_cost_ml/prod/ with extension *.json
[2025-06-16T14:46:02.156+0000] {logging_mixin.py:190} INFO - Deleted all files in /opt/***/extraction/mercadolivre/data/shipping_cost_ml/prod/ with extension *.json
[2025-06-16T14:46:02.160+0000] {logging_mixin.py:190} INFO - Deleted all files in /opt/***/extraction/mercadolivre/data/shipping_cost_ml/prod/ with extension *.json
[2025-06-16T14:46:02.163+0000] {logging_mixin.py:190} INFO - Deleted all files in /opt/***/extraction/mercadolivre/data/shipping_cost_ml/prod/ with extension *.json
[2025-06-16T14:46:02.166+0000] {logging_mixin.py:190} INFO - Deleted all files in /opt/***/extraction/mercadolivre/data/shipping_cost_ml/prod/ with extension *.json
[2025-06-16T14:46:02.169+0000] {logging_mixin.py:190} INFO - Deleted all files in /opt/***/extraction/mercadolivre/data/shipping_cost_ml/prod/ with extension *.json
[2025-06-16T14:46:02.172+0000] {logging_mixin.py:190} INFO - Deleted all files in /opt/***/extraction/mercadolivre/data/shipping_cost_ml/prod/ with extension *.json
[2025-06-16T14:46:02.175+0000] {logging_mixin.py:190} INFO - Deleted all files in /opt/***/extraction/mercadolivre/data/shipping_cost_ml/prod/ with extension *.json
[2025-06-16T14:46:02.178+0000] {logging_mixin.py:190} INFO - Deleted all files in /opt/***/extraction/mercadolivre/data/shipping_cost_ml/prod/ with extension *.json
[2025-06-16T14:46:02.181+0000] {logging_mixin.py:190} INFO - Deleted all files in /opt/***/extraction/mercadolivre/data/shipping_cost_ml/prod/ with extension *.json
[2025-06-16T14:46:02.184+0000] {logging_mixin.py:190} INFO - Deleted all files in /opt/***/extraction/mercadolivre/data/shipping_cost_ml/prod/ with extension *.json
[2025-06-16T14:46:02.188+0000] {logging_mixin.py:190} INFO - Deleted all files in /opt/***/extraction/mercadolivre/data/shipping_cost_ml/prod/ with extension *.json
[2025-06-16T14:46:02.191+0000] {logging_mixin.py:190} INFO - Deleted all files in /opt/***/extraction/mercadolivre/data/shipping_cost_ml/prod/ with extension *.json
[2025-06-16T14:46:02.194+0000] {logging_mixin.py:190} INFO - Deleted all files in /opt/***/extraction/mercadolivre/data/shipping_cost_ml/prod/ with extension *.json
[2025-06-16T14:46:02.197+0000] {logging_mixin.py:190} INFO - Deleted all files in /opt/***/extraction/mercadolivre/data/shipping_cost_ml/prod/ with extension *.json
[2025-06-16T14:46:02.200+0000] {logging_mixin.py:190} INFO - Deleted all files in /opt/***/extraction/mercadolivre/data/shipping_cost_ml/prod/ with extension *.json
[2025-06-16T14:46:02.203+0000] {logging_mixin.py:190} INFO - Deleted all files in /opt/***/extraction/mercadolivre/data/shipping_cost_ml/prod/ with extension *.json
[2025-06-16T14:46:02.207+0000] {logging_mixin.py:190} INFO - Deleted all files in /opt/***/extraction/mercadolivre/data/shipping_cost_ml/prod/ with extension *.json
[2025-06-16T14:46:02.209+0000] {logging_mixin.py:190} INFO - Deleted all files in /opt/***/extraction/mercadolivre/data/shipping_cost_ml/prod/ with extension *.json
[2025-06-16T14:46:02.213+0000] {logging_mixin.py:190} INFO - Deleted all files in /opt/***/extraction/mercadolivre/data/shipping_cost_ml/prod/ with extension *.json
[2025-06-16T14:46:02.216+0000] {logging_mixin.py:190} INFO - Deleted all files in /opt/***/extraction/mercadolivre/data/shipping_cost_ml/prod/ with extension *.json
[2025-06-16T14:46:02.219+0000] {logging_mixin.py:190} INFO - Deleted all files in /opt/***/extraction/mercadolivre/data/shipping_cost_ml/prod/ with extension *.json
[2025-06-16T14:46:02.222+0000] {logging_mixin.py:190} INFO - Deleted all files in /opt/***/extraction/mercadolivre/data/shipping_cost_ml/prod/ with extension *.json
[2025-06-16T14:46:02.225+0000] {logging_mixin.py:190} INFO - Deleted all files in /opt/***/extraction/mercadolivre/data/shipping_cost_ml/prod/ with extension *.json
[2025-06-16T14:46:02.228+0000] {logging_mixin.py:190} INFO - Deleted all files in /opt/***/extraction/mercadolivre/data/shipping_cost_ml/prod/ with extension *.json
[2025-06-16T14:46:02.231+0000] {logging_mixin.py:190} INFO - Deleted all files in /opt/***/extraction/mercadolivre/data/shipping_cost_ml/prod/ with extension *.json
[2025-06-16T14:46:02.234+0000] {logging_mixin.py:190} INFO - Deleted all files in /opt/***/extraction/mercadolivre/data/shipping_cost_ml/prod/ with extension *.json
[2025-06-16T14:46:02.237+0000] {logging_mixin.py:190} INFO - Deleted all files in /opt/***/extraction/mercadolivre/data/shipping_cost_ml/prod/ with extension *.json
[2025-06-16T14:46:02.240+0000] {logging_mixin.py:190} INFO - Deleted all files in /opt/***/extraction/mercadolivre/data/shipping_cost_ml/prod/ with extension *.json
[2025-06-16T14:46:02.243+0000] {logging_mixin.py:190} INFO - Deleted all files in /opt/***/extraction/mercadolivre/data/shipping_cost_ml/prod/ with extension *.json
[2025-06-16T14:46:02.247+0000] {logging_mixin.py:190} INFO - Deleted all files in /opt/***/extraction/mercadolivre/data/shipping_cost_ml/prod/ with extension *.json
[2025-06-16T14:46:02.250+0000] {logging_mixin.py:190} INFO - Deleted all files in /opt/***/extraction/mercadolivre/data/shipping_cost_ml/prod/ with extension *.json
[2025-06-16T14:46:02.253+0000] {logging_mixin.py:190} INFO - Deleted all files in /opt/***/extraction/mercadolivre/data/shipping_cost_ml/prod/ with extension *.json
[2025-06-16T14:46:02.256+0000] {logging_mixin.py:190} INFO - Deleted all files in /opt/***/extraction/mercadolivre/data/shipping_cost_ml/prod/ with extension *.json
[2025-06-16T14:46:02.259+0000] {logging_mixin.py:190} INFO - Deleted all files in /opt/***/extraction/mercadolivre/data/shipping_cost_ml/prod/ with extension *.json
[2025-06-16T14:46:02.262+0000] {logging_mixin.py:190} INFO - Deleted all files in /opt/***/extraction/mercadolivre/data/shipping_cost_ml/prod/ with extension *.json
[2025-06-16T14:46:02.264+0000] {logging_mixin.py:190} INFO - Deleted all files in /opt/***/extraction/mercadolivre/data/shipping_cost_ml/prod/ with extension *.json
[2025-06-16T14:46:02.265+0000] {python.py:240} INFO - Done. Returned value was: None
[2025-06-16T14:46:02.276+0000] {taskinstance.py:340} INFO - ::group::Post task execution logs
[2025-06-16T14:46:02.277+0000] {taskinstance.py:352} INFO - Marking task as SUCCESS. dag_id=06_delete_entry_data_prod, task_id=delete_ml_sh_files, run_id=manual__2025-06-16T14:45:59.019345+00:00, execution_date=20250616T144559, start_date=20250616T144601, end_date=20250616T144602
[2025-06-16T14:46:02.297+0000] {local_task_job_runner.py:266} INFO - Task exited with return code 0
[2025-06-16T14:46:02.316+0000] {taskinstance.py:3895} INFO - 0 downstream tasks scheduled from follow-on schedule check
[2025-06-16T14:46:02.319+0000] {local_task_job_runner.py:245} INFO - ::endgroup::
