[2025-06-23T17:38:00.779+0000] {local_task_job_runner.py:123} INFO - ::group::Pre task execution logs
[2025-06-23T17:38:00.797+0000] {taskinstance.py:2613} INFO - Dependencies all met for dep_context=non-requeueable deps ti=<TaskInstance: 03_load_data_prod.load_shopee manual__2025-06-23T17:37:58.288392+00:00 [queued]>
[2025-06-23T17:38:00.806+0000] {taskinstance.py:2613} INFO - Dependencies all met for dep_context=requeueable deps ti=<TaskInstance: 03_load_data_prod.load_shopee manual__2025-06-23T17:37:58.288392+00:00 [queued]>
[2025-06-23T17:38:00.808+0000] {taskinstance.py:2866} INFO - Starting attempt 1 of 1
[2025-06-23T17:38:00.821+0000] {taskinstance.py:2889} INFO - Executing <Task(PythonOperator): load_shopee> on 2025-06-23 17:37:58.288392+00:00
[2025-06-23T17:38:00.827+0000] {standard_task_runner.py:72} INFO - Started process 2651 to run task
[2025-06-23T17:38:00.831+0000] {standard_task_runner.py:104} INFO - Running: ['***', 'tasks', 'run', '03_load_data_prod', 'load_shopee', 'manual__2025-06-23T17:37:58.288392+00:00', '--job-id', '46', '--raw', '--subdir', 'DAGS_FOLDER/03_load_data_prod.py', '--cfg-path', '/tmp/tmp9birbyqn']
[2025-06-23T17:38:00.833+0000] {standard_task_runner.py:105} INFO - Job 46: Subtask load_shopee
[2025-06-23T17:38:00.900+0000] {task_command.py:467} INFO - Running <TaskInstance: 03_load_data_prod.load_shopee manual__2025-06-23T17:37:58.288392+00:00 [running]> on host b208c9761688
[2025-06-23T17:38:01.001+0000] {taskinstance.py:3132} INFO - Exporting env vars: AIRFLOW_CTX_DAG_OWNER='***' AIRFLOW_CTX_DAG_ID='03_load_data_prod' AIRFLOW_CTX_TASK_ID='load_shopee' AIRFLOW_CTX_EXECUTION_DATE='2025-06-23T17:37:58.288392+00:00' AIRFLOW_CTX_TRY_NUMBER='1' AIRFLOW_CTX_DAG_RUN_ID='manual__2025-06-23T17:37:58.288392+00:00'
[2025-06-23T17:38:01.003+0000] {taskinstance.py:731} INFO - ::endgroup::
[2025-06-23T17:38:01.945+0000] {logging_mixin.py:190} INFO - Loading file /opt/***/data/shopee/raw/prod/Order.completed.20250301_20250331.xlsx to prod sales_db
[2025-06-23T17:38:02.074+0000] {logging_mixin.py:190} INFO - Data in /opt/***/data/shopee/raw/prod/Order.completed.20250301_20250331.xlsx successfully loaded.
[2025-06-23T17:38:02.267+0000] {logging_mixin.py:190} INFO - Loading file /opt/***/data/shopee/raw/prod/Order.completed.20250401_20250430.xlsx to prod sales_db
[2025-06-23T17:38:02.351+0000] {logging_mixin.py:190} INFO - Data in /opt/***/data/shopee/raw/prod/Order.completed.20250401_20250430.xlsx successfully loaded.
[2025-06-23T17:38:02.352+0000] {logging_mixin.py:190} INFO - [WARNING] - file /opt/***/data/shopee/raw/prod/temp.txt does not have .xlsx extension and could not be loaded.
[2025-06-23T17:38:02.352+0000] {logging_mixin.py:190} INFO - All data successfully loaded!
[2025-06-23T17:38:02.353+0000] {python.py:240} INFO - Done. Returned value was: 1
[2025-06-23T17:38:02.377+0000] {taskinstance.py:340} INFO - ::group::Post task execution logs
[2025-06-23T17:38:02.378+0000] {taskinstance.py:352} INFO - Marking task as SUCCESS. dag_id=03_load_data_prod, task_id=load_shopee, run_id=manual__2025-06-23T17:37:58.288392+00:00, execution_date=20250623T173758, start_date=20250623T173800, end_date=20250623T173802
[2025-06-23T17:38:02.410+0000] {local_task_job_runner.py:266} INFO - Task exited with return code 0
[2025-06-23T17:38:02.428+0000] {taskinstance.py:3895} INFO - 0 downstream tasks scheduled from follow-on schedule check
[2025-06-23T17:38:02.430+0000] {local_task_job_runner.py:245} INFO - ::endgroup::
