[2025-06-12T00:23:04.756+0000] {local_task_job_runner.py:123} INFO - ::group::Pre task execution logs
[2025-06-12T00:23:04.776+0000] {taskinstance.py:2613} INFO - Dependencies all met for dep_context=non-requeueable deps ti=<TaskInstance: 05_transform_data_prod.run_dbt manual__2025-06-12T00:22:54.661735+00:00 [queued]>
[2025-06-12T00:23:04.785+0000] {taskinstance.py:2613} INFO - Dependencies all met for dep_context=requeueable deps ti=<TaskInstance: 05_transform_data_prod.run_dbt manual__2025-06-12T00:22:54.661735+00:00 [queued]>
[2025-06-12T00:23:04.787+0000] {taskinstance.py:2866} INFO - Starting attempt 1 of 1
[2025-06-12T00:23:04.800+0000] {taskinstance.py:2889} INFO - Executing <Task(PythonOperator): run_dbt> on 2025-06-12 00:22:54.661735+00:00
[2025-06-12T00:23:04.805+0000] {standard_task_runner.py:72} INFO - Started process 10552 to run task
[2025-06-12T00:23:04.808+0000] {standard_task_runner.py:104} INFO - Running: ['***', 'tasks', 'run', '05_transform_data_prod', 'run_dbt', 'manual__2025-06-12T00:22:54.661735+00:00', '--job-id', '1010', '--raw', '--subdir', 'DAGS_FOLDER/05_transform_data_prod.py', '--cfg-path', '/tmp/tmpf9jioqn7']
[2025-06-12T00:23:04.810+0000] {standard_task_runner.py:105} INFO - Job 1010: Subtask run_dbt
[2025-06-12T00:23:04.862+0000] {task_command.py:467} INFO - Running <TaskInstance: 05_transform_data_prod.run_dbt manual__2025-06-12T00:22:54.661735+00:00 [running]> on host 28e6a58e4107
[2025-06-12T00:23:04.940+0000] {taskinstance.py:3132} INFO - Exporting env vars: AIRFLOW_CTX_DAG_OWNER='***' AIRFLOW_CTX_DAG_ID='05_transform_data_prod' AIRFLOW_CTX_TASK_ID='run_dbt' AIRFLOW_CTX_EXECUTION_DATE='2025-06-12T00:22:54.661735+00:00' AIRFLOW_CTX_TRY_NUMBER='1' AIRFLOW_CTX_DAG_RUN_ID='manual__2025-06-12T00:22:54.661735+00:00'
[2025-06-12T00:23:04.944+0000] {taskinstance.py:731} INFO - ::endgroup::
[2025-06-12T00:23:06.415+0000] {logging_mixin.py:190} INFO - 00:23:06  Running with dbt=1.9.5
[2025-06-12T00:23:06.779+0000] {logging_mixin.py:190} INFO - 00:23:06  Registered adapter: postgres=1.9.0
[2025-06-12T00:23:08.212+0000] {logging_mixin.py:190} INFO - 00:23:08  [WARNING]: Configuration paths exist in your dbt_project.yml file which do not apply to any resources.
There are 1 unused configuration paths:
- models.e_commerce_sales.example
[2025-06-12T00:23:08.587+0000] {logging_mixin.py:190} INFO - 00:23:08  Found 21 models, 12 sources, 549 macros, 1 unit test
[2025-06-12T00:23:08.592+0000] {logging_mixin.py:190} INFO - 00:23:08
[2025-06-12T00:23:08.594+0000] {logging_mixin.py:190} INFO - 00:23:08  Concurrency: 4 threads (target='prod')
[2025-06-12T00:23:08.595+0000] {logging_mixin.py:190} INFO - 00:23:08
[2025-06-12T00:23:08.771+0000] {logging_mixin.py:190} INFO - 00:23:08  1 of 21 START sql incremental model sales_stg.stg_mercadolivre ................. [RUN]
[2025-06-12T00:23:08.774+0000] {logging_mixin.py:190} INFO - 00:23:08  2 of 21 START sql incremental model sales_stg.stg_mercadolivre__order_items .... [RUN]
[2025-06-12T00:23:08.776+0000] {logging_mixin.py:190} INFO - 00:23:08  3 of 21 START sql incremental model sales_stg.stg_mercadolivre__payments ....... [RUN]
[2025-06-12T00:23:08.778+0000] {logging_mixin.py:190} INFO - 00:23:08  4 of 21 START sql incremental model sales_stg.stg_mercadolivre_sh .............. [RUN]
[2025-06-12T00:23:09.314+0000] {logging_mixin.py:190} INFO - 00:23:09  1 of 21 OK created sql incremental model sales_stg.stg_mercadolivre ............ [MERGE 302 in 0.53s]
[2025-06-12T00:23:09.317+0000] {logging_mixin.py:190} INFO - 00:23:09  2 of 21 OK created sql incremental model sales_stg.stg_mercadolivre__order_items  [MERGE 302 in 0.53s]
[2025-06-12T00:23:09.319+0000] {logging_mixin.py:190} INFO - 00:23:09  4 of 21 OK created sql incremental model sales_stg.stg_mercadolivre_sh ......... [MERGE 278 in 0.53s]
[2025-06-12T00:23:09.322+0000] {logging_mixin.py:190} INFO - 00:23:09  3 of 21 OK created sql incremental model sales_stg.stg_mercadolivre__payments .. [MERGE 319 in 0.53s]
[2025-06-12T00:23:09.329+0000] {logging_mixin.py:190} INFO - 00:23:09  5 of 21 START sql incremental model sales_stg.stg_shopee ....................... [RUN]
[2025-06-12T00:23:09.333+0000] {logging_mixin.py:190} INFO - 00:23:09  6 of 21 START sql incremental model sales.mercadolivre_orders_results .......... [RUN]
[2025-06-12T00:23:09.504+0000] {logging_mixin.py:190} INFO - 00:23:09  5 of 21 OK created sql incremental model sales_stg.stg_shopee .................. [MERGE 362 in 0.17s]
[2025-06-12T00:23:09.513+0000] {logging_mixin.py:190} INFO - 00:23:09  7 of 21 START sql incremental model sales.shopee_orders_results ................ [RUN]
[2025-06-12T00:23:09.536+0000] {logging_mixin.py:190} INFO - 00:23:09  6 of 21 OK created sql incremental model sales.mercadolivre_orders_results ..... [MERGE 201 in 0.19s]
[2025-06-12T00:23:09.543+0000] {logging_mixin.py:190} INFO - 00:23:09  8 of 21 START sql incremental model sales.dim_mercadolivre_buyer ............... [RUN]
[2025-06-12T00:23:09.544+0000] {logging_mixin.py:190} INFO - 00:23:09  9 of 21 START sql incremental model sales.dim_mercadolivre_date ................ [RUN]
[2025-06-12T00:23:09.553+0000] {logging_mixin.py:190} INFO - 00:23:09  10 of 21 START sql incremental model sales.dim_mercadolivre_orders_status ...... [RUN]
[2025-06-12T00:23:09.811+0000] {logging_mixin.py:190} INFO - 00:23:09  8 of 21 OK created sql incremental model sales.dim_mercadolivre_buyer .......... [MERGE 198 in 0.25s]
[2025-06-12T00:23:09.812+0000] {logging_mixin.py:190} INFO - 00:23:09  10 of 21 OK created sql incremental model sales.dim_mercadolivre_orders_status . [MERGE 201 in 0.25s]
[2025-06-12T00:23:09.819+0000] {logging_mixin.py:190} INFO - 00:23:09  7 of 21 OK created sql incremental model sales.shopee_orders_results ........... [MERGE 0 in 0.30s]
[2025-06-12T00:23:09.821+0000] {logging_mixin.py:190} INFO - 00:23:09  9 of 21 OK created sql incremental model sales.dim_mercadolivre_date ........... [MERGE 201 in 0.26s]
[2025-06-12T00:23:09.825+0000] {logging_mixin.py:190} INFO - 00:23:09  11 of 21 START sql incremental model sales.dim_mercadolivre_product ............ [RUN]
[2025-06-12T00:23:09.831+0000] {logging_mixin.py:190} INFO - 00:23:09  12 of 21 START sql incremental model sales.dim_shopee_buyer .................... [RUN]
[2025-06-12T00:23:09.833+0000] {logging_mixin.py:190} INFO - 00:23:09  13 of 21 START sql incremental model sales.dim_shopee_date ..................... [RUN]
[2025-06-12T00:23:09.835+0000] {logging_mixin.py:190} INFO - 00:23:09  14 of 21 START sql incremental model sales.dim_shopee_orders_status ............ [RUN]
[2025-06-12T00:23:10.100+0000] {logging_mixin.py:190} INFO - 00:23:10  11 of 21 OK created sql incremental model sales.dim_mercadolivre_product ....... [MERGE 67 in 0.27s]
[2025-06-12T00:23:10.113+0000] {logging_mixin.py:190} INFO - 00:23:10  13 of 21 OK created sql incremental model sales.dim_shopee_date ................ [MERGE 0 in 0.27s]
[2025-06-12T00:23:10.117+0000] {logging_mixin.py:190} INFO - 00:23:10  12 of 21 OK created sql incremental model sales.dim_shopee_buyer ............... [MERGE 1 in 0.27s]
[2025-06-12T00:23:10.118+0000] {logging_mixin.py:190} INFO - 00:23:10  15 of 21 START sql incremental model sales.dim_shopee_product .................. [RUN]
[2025-06-12T00:23:10.121+0000] {logging_mixin.py:190} INFO - 00:23:10  14 of 21 OK created sql incremental model sales.dim_shopee_orders_status ....... [MERGE 0 in 0.26s]
[2025-06-12T00:23:10.128+0000] {logging_mixin.py:190} INFO - 00:23:10  16 of 21 START sql view model sales.sum_mercadolivre_monthly_profit ............ [RUN]
[2025-06-12T00:23:10.132+0000] {logging_mixin.py:190} INFO - 00:23:10  17 of 21 START sql view model sales.sum_mercadolivre_monthly_revenue ........... [RUN]
[2025-06-12T00:23:10.142+0000] {logging_mixin.py:190} INFO - 00:23:10  18 of 21 START sql view model sales.sum_mercadolivre_monthly_sold .............. [RUN]
[2025-06-12T00:23:10.400+0000] {logging_mixin.py:190} INFO - 00:23:10  16 of 21 OK created sql view model sales.sum_mercadolivre_monthly_profit ....... [CREATE VIEW in 0.25s]
[2025-06-12T00:23:10.409+0000] {logging_mixin.py:190} INFO - 00:23:10  15 of 21 OK created sql incremental model sales.dim_shopee_product ............. [MERGE 0 in 0.28s]
[2025-06-12T00:23:10.411+0000] {logging_mixin.py:190} INFO - 00:23:10  17 of 21 OK created sql view model sales.sum_mercadolivre_monthly_revenue ...... [CREATE VIEW in 0.26s]
[2025-06-12T00:23:10.412+0000] {logging_mixin.py:190} INFO - 00:23:10  18 of 21 OK created sql view model sales.sum_mercadolivre_monthly_sold ......... [CREATE VIEW in 0.26s]
[2025-06-12T00:23:10.417+0000] {logging_mixin.py:190} INFO - 00:23:10  19 of 21 START sql view model sales.sum_shopee_monthly_profit .................. [RUN]
[2025-06-12T00:23:10.424+0000] {logging_mixin.py:190} INFO - 00:23:10  20 of 21 START sql view model sales.sum_shopee_monthly_revenue ................. [RUN]
[2025-06-12T00:23:10.426+0000] {logging_mixin.py:190} INFO - 00:23:10  21 of 21 START sql view model sales.sum_shopee_products_sold ................... [RUN]
[2025-06-12T00:23:10.735+0000] {logging_mixin.py:190} INFO - 00:23:10  19 of 21 OK created sql view model sales.sum_shopee_monthly_profit ............. [CREATE VIEW in 0.31s]
[2025-06-12T00:23:10.751+0000] {logging_mixin.py:190} INFO - 00:23:10  20 of 21 OK created sql view model sales.sum_shopee_monthly_revenue ............ [CREATE VIEW in 0.32s]
[2025-06-12T00:23:10.753+0000] {logging_mixin.py:190} INFO - 00:23:10  21 of 21 OK created sql view model sales.sum_shopee_products_sold .............. [CREATE VIEW in 0.32s]
[2025-06-12T00:23:10.777+0000] {logging_mixin.py:190} INFO - 00:23:10
[2025-06-12T00:23:10.778+0000] {logging_mixin.py:190} INFO - 00:23:10  Finished running 15 incremental models, 6 view models in 0 hours 0 minutes and 2.18 seconds (2.18s).
[2025-06-12T00:23:10.853+0000] {logging_mixin.py:190} INFO - 00:23:10
[2025-06-12T00:23:10.855+0000] {logging_mixin.py:190} INFO - 00:23:10  Completed successfully
[2025-06-12T00:23:10.856+0000] {logging_mixin.py:190} INFO - 00:23:10
[2025-06-12T00:23:10.857+0000] {logging_mixin.py:190} INFO - 00:23:10  Done. PASS=21 WARN=0 ERROR=0 SKIP=0 TOTAL=21
[2025-06-12T00:23:11.726+0000] {logging_mixin.py:190} INFO - Transformation sucessfully done.
[2025-06-12T00:23:11.727+0000] {python.py:240} INFO - Done. Returned value was: None
[2025-06-12T00:23:11.741+0000] {taskinstance.py:340} INFO - ::group::Post task execution logs
[2025-06-12T00:23:11.742+0000] {taskinstance.py:352} INFO - Marking task as SUCCESS. dag_id=05_transform_data_prod, task_id=run_dbt, run_id=manual__2025-06-12T00:22:54.661735+00:00, execution_date=20250612T002254, start_date=20250612T002304, end_date=20250612T002311
[2025-06-12T00:23:11.804+0000] {local_task_job_runner.py:266} INFO - Task exited with return code 0
[2025-06-12T00:23:11.825+0000] {taskinstance.py:3895} INFO - 0 downstream tasks scheduled from follow-on schedule check
[2025-06-12T00:23:11.828+0000] {local_task_job_runner.py:245} INFO - ::endgroup::
