[2025-05-20T18:32:19.789+0000] {local_task_job_runner.py:123} INFO - ::group::Pre task execution logs
[2025-05-20T18:32:19.809+0000] {taskinstance.py:2613} INFO - Dependencies all met for dep_context=non-requeueable deps ti=<TaskInstance: 04_transform_data.run_dbt manual__2025-05-20T18:32:18.232434+00:00 [queued]>
[2025-05-20T18:32:19.817+0000] {taskinstance.py:2613} INFO - Dependencies all met for dep_context=requeueable deps ti=<TaskInstance: 04_transform_data.run_dbt manual__2025-05-20T18:32:18.232434+00:00 [queued]>
[2025-05-20T18:32:19.819+0000] {taskinstance.py:2866} INFO - Starting attempt 1 of 1
[2025-05-20T18:32:19.833+0000] {taskinstance.py:2889} INFO - Executing <Task(PythonOperator): run_dbt> on 2025-05-20 18:32:18.232434+00:00
[2025-05-20T18:32:19.838+0000] {standard_task_runner.py:72} INFO - Started process 2944 to run task
[2025-05-20T18:32:19.841+0000] {standard_task_runner.py:104} INFO - Running: ['***', 'tasks', 'run', '04_transform_data', 'run_dbt', 'manual__2025-05-20T18:32:18.232434+00:00', '--job-id', '33', '--raw', '--subdir', 'DAGS_FOLDER/04_transform_data.py', '--cfg-path', '/tmp/tmpaj8n_4so']
[2025-05-20T18:32:19.843+0000] {standard_task_runner.py:105} INFO - Job 33: Subtask run_dbt
[2025-05-20T18:32:19.901+0000] {task_command.py:467} INFO - Running <TaskInstance: 04_transform_data.run_dbt manual__2025-05-20T18:32:18.232434+00:00 [running]> on host e27e96d1841a
[2025-05-20T18:32:19.990+0000] {taskinstance.py:3132} INFO - Exporting env vars: AIRFLOW_CTX_DAG_OWNER='***' AIRFLOW_CTX_DAG_ID='04_transform_data' AIRFLOW_CTX_TASK_ID='run_dbt' AIRFLOW_CTX_EXECUTION_DATE='2025-05-20T18:32:18.232434+00:00' AIRFLOW_CTX_TRY_NUMBER='1' AIRFLOW_CTX_DAG_RUN_ID='manual__2025-05-20T18:32:18.232434+00:00'
[2025-05-20T18:32:19.991+0000] {taskinstance.py:731} INFO - ::endgroup::
[2025-05-20T18:32:21.792+0000] {logging_mixin.py:190} INFO - 18:32:21  Running with dbt=1.9.4
[2025-05-20T18:32:22.174+0000] {logging_mixin.py:190} INFO - 18:32:22  Registered adapter: postgres=1.9.0
[2025-05-20T18:32:23.406+0000] {logging_mixin.py:190} INFO - 18:32:23  [WARNING]: Configuration paths exist in your dbt_project.yml file which do not apply to any resources.
There are 1 unused configuration paths:
- models.e_commerce_sales.example
[2025-05-20T18:32:23.575+0000] {logging_mixin.py:190} INFO - 18:32:23  Found 6 models, 12 sources, 433 macros
[2025-05-20T18:32:23.579+0000] {logging_mixin.py:190} INFO - 18:32:23
[2025-05-20T18:32:23.581+0000] {logging_mixin.py:190} INFO - 18:32:23  Concurrency: 4 threads (target='dev')
[2025-05-20T18:32:23.582+0000] {logging_mixin.py:190} INFO - 18:32:23
[2025-05-20T18:32:23.709+0000] {logging_mixin.py:190} INFO - 18:32:23  1 of 6 START sql incremental model sales.mercadolivre_orders_results ........... [RUN]
[2025-05-20T18:32:23.710+0000] {logging_mixin.py:190} INFO - 18:32:23  2 of 6 START sql incremental model sales.shopee_new_id ......................... [RUN]
[2025-05-20T18:32:24.071+0000] {logging_mixin.py:190} INFO - 18:32:24  2 of 6 OK created sql incremental model sales.shopee_new_id .................... [MERGE 0 in 0.35s]
[2025-05-20T18:32:24.076+0000] {logging_mixin.py:190} INFO - 18:32:24  1 of 6 OK created sql incremental model sales.mercadolivre_orders_results ...... [MERGE 255 in 0.36s]
[2025-05-20T18:32:24.081+0000] {logging_mixin.py:190} INFO - 18:32:24  3 of 6 START sql incremental model sales.shopee_orders_results ................. [RUN]
[2025-05-20T18:32:24.085+0000] {logging_mixin.py:190} INFO - 18:32:24  4 of 6 START sql incremental model sales.mercadolivre_profits .................. [RUN]
[2025-05-20T18:32:24.211+0000] {logging_mixin.py:190} INFO - 18:32:24  3 of 6 OK created sql incremental model sales.shopee_orders_results ............ [SELECT 2727 in 0.13s]
[2025-05-20T18:32:24.221+0000] {logging_mixin.py:190} INFO - 18:32:24  5 of 6 START sql incremental model sales.dim_shopee_orders ..................... [RUN]
[2025-05-20T18:32:24.223+0000] {logging_mixin.py:190} INFO - 18:32:24  6 of 6 START sql incremental model sales.dim_shopee_product .................... [RUN]
[2025-05-20T18:32:24.230+0000] {logging_mixin.py:190} INFO - 18:32:24  4 of 6 OK created sql incremental model sales.mercadolivre_profits ............. [MERGE 250 in 0.14s]
[2025-05-20T18:32:24.383+0000] {logging_mixin.py:190} INFO - 18:32:24  5 of 6 OK created sql incremental model sales.dim_shopee_orders ................ [MERGE 0 in 0.15s]
[2025-05-20T18:32:24.385+0000] {logging_mixin.py:190} INFO - 18:32:24  6 of 6 OK created sql incremental model sales.dim_shopee_product ............... [MERGE 0 in 0.15s]
[2025-05-20T18:32:24.409+0000] {logging_mixin.py:190} INFO - 18:32:24
[2025-05-20T18:32:24.411+0000] {logging_mixin.py:190} INFO - 18:32:24  Finished running 6 incremental models in 0 hours 0 minutes and 0.83 seconds (0.83s).
[2025-05-20T18:32:24.469+0000] {logging_mixin.py:190} INFO - 18:32:24
[2025-05-20T18:32:24.471+0000] {logging_mixin.py:190} INFO - 18:32:24  Completed successfully
[2025-05-20T18:32:24.472+0000] {logging_mixin.py:190} INFO - 18:32:24
[2025-05-20T18:32:24.473+0000] {logging_mixin.py:190} INFO - 18:32:24  Done. PASS=6 WARN=0 ERROR=0 SKIP=0 TOTAL=6
[2025-05-20T18:32:25.338+0000] {logging_mixin.py:190} INFO - Transformation sucessfully done.
[2025-05-20T18:32:25.341+0000] {python.py:240} INFO - Done. Returned value was: None
[2025-05-20T18:32:25.364+0000] {taskinstance.py:340} INFO - ::group::Post task execution logs
[2025-05-20T18:32:25.365+0000] {taskinstance.py:352} INFO - Marking task as SUCCESS. dag_id=04_transform_data, task_id=run_dbt, run_id=manual__2025-05-20T18:32:18.232434+00:00, execution_date=20250520T183218, start_date=20250520T183219, end_date=20250520T183225
[2025-05-20T18:32:25.402+0000] {local_task_job_runner.py:266} INFO - Task exited with return code 0
[2025-05-20T18:32:25.420+0000] {taskinstance.py:3895} INFO - 0 downstream tasks scheduled from follow-on schedule check
[2025-05-20T18:32:25.424+0000] {local_task_job_runner.py:245} INFO - ::endgroup::
