[2025-06-16T14:46:01.003+0000] {local_task_job_runner.py:123} INFO - ::group::Pre task execution logs
[2025-06-16T14:46:01.031+0000] {taskinstance.py:2613} INFO - Dependencies all met for dep_context=non-requeueable deps ti=<TaskInstance: 06_delete_entry_data_prod.delete_tables manual__2025-06-16T14:45:59.019345+00:00 [queued]>
[2025-06-16T14:46:01.043+0000] {taskinstance.py:2613} INFO - Dependencies all met for dep_context=requeueable deps ti=<TaskInstance: 06_delete_entry_data_prod.delete_tables manual__2025-06-16T14:45:59.019345+00:00 [queued]>
[2025-06-16T14:46:01.044+0000] {taskinstance.py:2866} INFO - Starting attempt 1 of 1
[2025-06-16T14:46:01.059+0000] {taskinstance.py:2889} INFO - Executing <Task(PythonOperator): delete_tables> on 2025-06-16 14:45:59.019345+00:00
[2025-06-16T14:46:01.064+0000] {standard_task_runner.py:72} INFO - Started process 2716 to run task
[2025-06-16T14:46:01.068+0000] {standard_task_runner.py:104} INFO - Running: ['***', 'tasks', 'run', '06_delete_entry_data_prod', 'delete_tables', 'manual__2025-06-16T14:45:59.019345+00:00', '--job-id', '44', '--raw', '--subdir', 'DAGS_FOLDER/06_delete_files_tables_prod.py', '--cfg-path', '/tmp/tmpqgsziof2']
[2025-06-16T14:46:01.070+0000] {standard_task_runner.py:105} INFO - Job 44: Subtask delete_tables
[2025-06-16T14:46:01.156+0000] {task_command.py:467} INFO - Running <TaskInstance: 06_delete_entry_data_prod.delete_tables manual__2025-06-16T14:45:59.019345+00:00 [running]> on host 5b7cdd28fdf5
[2025-06-16T14:46:01.280+0000] {taskinstance.py:3132} INFO - Exporting env vars: AIRFLOW_CTX_DAG_OWNER='***' AIRFLOW_CTX_DAG_ID='06_delete_entry_data_prod' AIRFLOW_CTX_TASK_ID='delete_tables' AIRFLOW_CTX_EXECUTION_DATE='2025-06-16T14:45:59.019345+00:00' AIRFLOW_CTX_TRY_NUMBER='1' AIRFLOW_CTX_DAG_RUN_ID='manual__2025-06-16T14:45:59.019345+00:00'
[2025-06-16T14:46:01.282+0000] {taskinstance.py:731} INFO - ::endgroup::
[2025-06-16T14:46:01.304+0000] {logging_mixin.py:190} INFO - Table entry.entry_mercadolivre successfully deleted.
[2025-06-16T14:46:01.306+0000] {logging_mixin.py:190} INFO - Table entry.entry_mercadolivre__context__flows successfully deleted.
[2025-06-16T14:46:01.307+0000] {logging_mixin.py:190} INFO - Table entry.entry_mercadolivre__mediations successfully deleted.
[2025-06-16T14:46:01.309+0000] {logging_mixin.py:190} INFO - Table entry.entry_mercadolivre__order_items successfully deleted.
[2025-06-16T14:46:01.311+0000] {logging_mixin.py:190} INFO - Table entry.entry_mercadolivre__order_items__item__variation_attributes successfully deleted.
[2025-06-16T14:46:01.313+0000] {logging_mixin.py:190} INFO - Table entry.entry_mercadolivre__payments successfully deleted.
[2025-06-16T14:46:01.314+0000] {logging_mixin.py:190} INFO - Table entry.entry_mercadolivre__payments__available_actions successfully deleted.
[2025-06-16T14:46:01.316+0000] {logging_mixin.py:190} INFO - Table entry.entry_mercadolivre__tags successfully deleted.
[2025-06-16T14:46:01.318+0000] {logging_mixin.py:190} INFO - Table entry.entry_mercadolivre_sh successfully deleted.
[2025-06-16T14:46:01.320+0000] {logging_mixin.py:190} INFO - Table entry.entry_mercadolivre_sh__destination__shipping_address__types successfully deleted.
[2025-06-16T14:46:01.321+0000] {logging_mixin.py:190} INFO - Table entry.entry_mercadolivre_sh__items_types successfully deleted.
[2025-06-16T14:46:01.322+0000] {logging_mixin.py:190} INFO - Table entry.entry_mercadolivre_sh__origin__shipping_address__types successfully deleted.
[2025-06-16T14:46:01.324+0000] {logging_mixin.py:190} INFO - Table entry.entry_mercadolivre_sh__tags successfully deleted.
[2025-06-16T14:46:01.325+0000] {logging_mixin.py:190} INFO - Table entry.entry_shopee successfully deleted.
[2025-06-16T14:46:01.327+0000] {logging_mixin.py:190} INFO - Table entry._dlt_loads successfully deleted.
[2025-06-16T14:46:01.328+0000] {logging_mixin.py:190} INFO - Table entry._dlt_pipeline_state successfully deleted.
[2025-06-16T14:46:01.329+0000] {logging_mixin.py:190} INFO - Table entry._dlt_version successfully deleted.
[2025-06-16T14:46:01.337+0000] {python.py:240} INFO - Done. Returned value was: None
[2025-06-16T14:46:01.351+0000] {taskinstance.py:340} INFO - ::group::Post task execution logs
[2025-06-16T14:46:01.352+0000] {taskinstance.py:352} INFO - Marking task as SUCCESS. dag_id=06_delete_entry_data_prod, task_id=delete_tables, run_id=manual__2025-06-16T14:45:59.019345+00:00, execution_date=20250616T144559, start_date=20250616T144601, end_date=20250616T144601
[2025-06-16T14:46:01.403+0000] {local_task_job_runner.py:266} INFO - Task exited with return code 0
[2025-06-16T14:46:01.420+0000] {local_task_job_runner.py:245} INFO - ::endgroup::
