[2025-05-29T14:22:51.647+0000] {local_task_job_runner.py:123} INFO - ::group::Pre task execution logs
[2025-05-29T14:22:51.668+0000] {taskinstance.py:2613} INFO - Dependencies all met for dep_context=non-requeueable deps ti=<TaskInstance: 03_load_data.load_prod_cost manual__2025-05-29T14:22:49.782744+00:00 [queued]>
[2025-05-29T14:22:51.678+0000] {taskinstance.py:2613} INFO - Dependencies all met for dep_context=requeueable deps ti=<TaskInstance: 03_load_data.load_prod_cost manual__2025-05-29T14:22:49.782744+00:00 [queued]>
[2025-05-29T14:22:51.680+0000] {taskinstance.py:2866} INFO - Starting attempt 1 of 1
[2025-05-29T14:22:51.695+0000] {taskinstance.py:2889} INFO - Executing <Task(PythonOperator): load_prod_cost> on 2025-05-29 14:22:49.782744+00:00
[2025-05-29T14:22:51.701+0000] {standard_task_runner.py:72} INFO - Started process 152 to run task
[2025-05-29T14:22:51.706+0000] {standard_task_runner.py:104} INFO - Running: ['***', 'tasks', 'run', '03_load_data', 'load_prod_cost', 'manual__2025-05-29T14:22:49.782744+00:00', '--job-id', '301', '--raw', '--subdir', 'DAGS_FOLDER/03_load_data.py', '--cfg-path', '/tmp/tmp36q0ca72']
[2025-05-29T14:22:51.708+0000] {standard_task_runner.py:105} INFO - Job 301: Subtask load_prod_cost
[2025-05-29T14:22:51.773+0000] {task_command.py:467} INFO - Running <TaskInstance: 03_load_data.load_prod_cost manual__2025-05-29T14:22:49.782744+00:00 [running]> on host 28e6a58e4107
[2025-05-29T14:22:51.866+0000] {taskinstance.py:3132} INFO - Exporting env vars: AIRFLOW_CTX_DAG_OWNER='***' AIRFLOW_CTX_DAG_ID='03_load_data' AIRFLOW_CTX_TASK_ID='load_prod_cost' AIRFLOW_CTX_EXECUTION_DATE='2025-05-29T14:22:49.782744+00:00' AIRFLOW_CTX_TRY_NUMBER='1' AIRFLOW_CTX_DAG_RUN_ID='manual__2025-05-29T14:22:49.782744+00:00'
[2025-05-29T14:22:51.867+0000] {taskinstance.py:731} INFO - ::endgroup::
[2025-05-29T14:22:52.403+0000] {logging_mixin.py:190} INFO - column begin_date is datetime64[ns, UTC]
[2025-05-29T14:22:52.404+0000] {logging_mixin.py:190} INFO - column end_date is datetime64[ns, UTC]
[2025-05-29T14:22:52.405+0000] {logging_mixin.py:190} INFO - Loading file /opt/***/cleaning/entry_data/clean/clean_cost_data.csv to sales_db
[2025-05-29T14:22:52.447+0000] {logging_mixin.py:190} INFO - Data in /opt/***/cleaning/entry_data/clean/clean_cost_data.csv successfully loaded.
[2025-05-29T14:22:52.448+0000] {python.py:240} INFO - Done. Returned value was: None
[2025-05-29T14:22:52.462+0000] {taskinstance.py:340} INFO - ::group::Post task execution logs
[2025-05-29T14:22:52.463+0000] {taskinstance.py:352} INFO - Marking task as SUCCESS. dag_id=03_load_data, task_id=load_prod_cost, run_id=manual__2025-05-29T14:22:49.782744+00:00, execution_date=20250529T142249, start_date=20250529T142251, end_date=20250529T142252
[2025-05-29T14:22:52.524+0000] {local_task_job_runner.py:266} INFO - Task exited with return code 0
[2025-05-29T14:22:52.547+0000] {taskinstance.py:3895} INFO - 0 downstream tasks scheduled from follow-on schedule check
[2025-05-29T14:22:52.550+0000] {local_task_job_runner.py:245} INFO - ::endgroup::
