[2025-06-23T17:42:03.831+0000] {local_task_job_runner.py:123} INFO - ::group::Pre task execution logs
[2025-06-23T17:42:03.852+0000] {taskinstance.py:2613} INFO - Dependencies all met for dep_context=non-requeueable deps ti=<TaskInstance: 06_delete_entry_data_prod.delete_ml_sh_files manual__2025-06-23T17:42:01.500188+00:00 [queued]>
[2025-06-23T17:42:03.863+0000] {taskinstance.py:2613} INFO - Dependencies all met for dep_context=requeueable deps ti=<TaskInstance: 06_delete_entry_data_prod.delete_ml_sh_files manual__2025-06-23T17:42:01.500188+00:00 [queued]>
[2025-06-23T17:42:03.864+0000] {taskinstance.py:2866} INFO - Starting attempt 1 of 1
[2025-06-23T17:42:03.877+0000] {taskinstance.py:2889} INFO - Executing <Task(PythonOperator): delete_ml_sh_files> on 2025-06-23 17:42:01.500188+00:00
[2025-06-23T17:42:03.882+0000] {standard_task_runner.py:72} INFO - Started process 4195 to run task
[2025-06-23T17:42:03.886+0000] {standard_task_runner.py:104} INFO - Running: ['***', 'tasks', 'run', '06_delete_entry_data_prod', 'delete_ml_sh_files', 'manual__2025-06-23T17:42:01.500188+00:00', '--job-id', '53', '--raw', '--subdir', 'DAGS_FOLDER/06_delete_files_tables_prod.py', '--cfg-path', '/tmp/tmps6g7om4f']
[2025-06-23T17:42:03.887+0000] {standard_task_runner.py:105} INFO - Job 53: Subtask delete_ml_sh_files
[2025-06-23T17:42:03.947+0000] {task_command.py:467} INFO - Running <TaskInstance: 06_delete_entry_data_prod.delete_ml_sh_files manual__2025-06-23T17:42:01.500188+00:00 [running]> on host b208c9761688
[2025-06-23T17:42:04.051+0000] {taskinstance.py:3132} INFO - Exporting env vars: AIRFLOW_CTX_DAG_OWNER='***' AIRFLOW_CTX_DAG_ID='06_delete_entry_data_prod' AIRFLOW_CTX_TASK_ID='delete_ml_sh_files' AIRFLOW_CTX_EXECUTION_DATE='2025-06-23T17:42:01.500188+00:00' AIRFLOW_CTX_TRY_NUMBER='1' AIRFLOW_CTX_DAG_RUN_ID='manual__2025-06-23T17:42:01.500188+00:00'
[2025-06-23T17:42:04.052+0000] {taskinstance.py:731} INFO - ::endgroup::
[2025-06-23T17:42:04.075+0000] {logging_mixin.py:190} INFO - Deleted all files in /opt/***/data/mercadolivre/shipping_cost_ml/prod/ with extension *.json
[2025-06-23T17:42:04.078+0000] {logging_mixin.py:190} INFO - Deleted all files in /opt/***/data/mercadolivre/shipping_cost_ml/prod/ with extension *.json
[2025-06-23T17:42:04.081+0000] {logging_mixin.py:190} INFO - Deleted all files in /opt/***/data/mercadolivre/shipping_cost_ml/prod/ with extension *.json
[2025-06-23T17:42:04.083+0000] {logging_mixin.py:190} INFO - Deleted all files in /opt/***/data/mercadolivre/shipping_cost_ml/prod/ with extension *.json
[2025-06-23T17:42:04.086+0000] {logging_mixin.py:190} INFO - Deleted all files in /opt/***/data/mercadolivre/shipping_cost_ml/prod/ with extension *.json
[2025-06-23T17:42:04.089+0000] {logging_mixin.py:190} INFO - Deleted all files in /opt/***/data/mercadolivre/shipping_cost_ml/prod/ with extension *.json
[2025-06-23T17:42:04.091+0000] {logging_mixin.py:190} INFO - Deleted all files in /opt/***/data/mercadolivre/shipping_cost_ml/prod/ with extension *.json
[2025-06-23T17:42:04.094+0000] {logging_mixin.py:190} INFO - Deleted all files in /opt/***/data/mercadolivre/shipping_cost_ml/prod/ with extension *.json
[2025-06-23T17:42:04.096+0000] {logging_mixin.py:190} INFO - Deleted all files in /opt/***/data/mercadolivre/shipping_cost_ml/prod/ with extension *.json
[2025-06-23T17:42:04.099+0000] {logging_mixin.py:190} INFO - Deleted all files in /opt/***/data/mercadolivre/shipping_cost_ml/prod/ with extension *.json
[2025-06-23T17:42:04.101+0000] {logging_mixin.py:190} INFO - Deleted all files in /opt/***/data/mercadolivre/shipping_cost_ml/prod/ with extension *.json
[2025-06-23T17:42:04.104+0000] {logging_mixin.py:190} INFO - Deleted all files in /opt/***/data/mercadolivre/shipping_cost_ml/prod/ with extension *.json
[2025-06-23T17:42:04.106+0000] {logging_mixin.py:190} INFO - Deleted all files in /opt/***/data/mercadolivre/shipping_cost_ml/prod/ with extension *.json
[2025-06-23T17:42:04.109+0000] {logging_mixin.py:190} INFO - Deleted all files in /opt/***/data/mercadolivre/shipping_cost_ml/prod/ with extension *.json
[2025-06-23T17:42:04.111+0000] {logging_mixin.py:190} INFO - Deleted all files in /opt/***/data/mercadolivre/shipping_cost_ml/prod/ with extension *.json
[2025-06-23T17:42:04.113+0000] {logging_mixin.py:190} INFO - Deleted all files in /opt/***/data/mercadolivre/shipping_cost_ml/prod/ with extension *.json
[2025-06-23T17:42:04.116+0000] {logging_mixin.py:190} INFO - Deleted all files in /opt/***/data/mercadolivre/shipping_cost_ml/prod/ with extension *.json
[2025-06-23T17:42:04.118+0000] {logging_mixin.py:190} INFO - Deleted all files in /opt/***/data/mercadolivre/shipping_cost_ml/prod/ with extension *.json
[2025-06-23T17:42:04.121+0000] {logging_mixin.py:190} INFO - Deleted all files in /opt/***/data/mercadolivre/shipping_cost_ml/prod/ with extension *.json
[2025-06-23T17:42:04.124+0000] {logging_mixin.py:190} INFO - Deleted all files in /opt/***/data/mercadolivre/shipping_cost_ml/prod/ with extension *.json
[2025-06-23T17:42:04.126+0000] {logging_mixin.py:190} INFO - Deleted all files in /opt/***/data/mercadolivre/shipping_cost_ml/prod/ with extension *.json
[2025-06-23T17:42:04.129+0000] {logging_mixin.py:190} INFO - Deleted all files in /opt/***/data/mercadolivre/shipping_cost_ml/prod/ with extension *.json
[2025-06-23T17:42:04.132+0000] {logging_mixin.py:190} INFO - Deleted all files in /opt/***/data/mercadolivre/shipping_cost_ml/prod/ with extension *.json
[2025-06-23T17:42:04.135+0000] {logging_mixin.py:190} INFO - Deleted all files in /opt/***/data/mercadolivre/shipping_cost_ml/prod/ with extension *.json
[2025-06-23T17:42:04.137+0000] {logging_mixin.py:190} INFO - Deleted all files in /opt/***/data/mercadolivre/shipping_cost_ml/prod/ with extension *.json
[2025-06-23T17:42:04.140+0000] {logging_mixin.py:190} INFO - Deleted all files in /opt/***/data/mercadolivre/shipping_cost_ml/prod/ with extension *.json
[2025-06-23T17:42:04.142+0000] {logging_mixin.py:190} INFO - Deleted all files in /opt/***/data/mercadolivre/shipping_cost_ml/prod/ with extension *.json
[2025-06-23T17:42:04.145+0000] {logging_mixin.py:190} INFO - Deleted all files in /opt/***/data/mercadolivre/shipping_cost_ml/prod/ with extension *.json
[2025-06-23T17:42:04.148+0000] {logging_mixin.py:190} INFO - Deleted all files in /opt/***/data/mercadolivre/shipping_cost_ml/prod/ with extension *.json
[2025-06-23T17:42:04.150+0000] {logging_mixin.py:190} INFO - Deleted all files in /opt/***/data/mercadolivre/shipping_cost_ml/prod/ with extension *.json
[2025-06-23T17:42:04.153+0000] {logging_mixin.py:190} INFO - Deleted all files in /opt/***/data/mercadolivre/shipping_cost_ml/prod/ with extension *.json
[2025-06-23T17:42:04.155+0000] {logging_mixin.py:190} INFO - Deleted all files in /opt/***/data/mercadolivre/shipping_cost_ml/prod/ with extension *.json
[2025-06-23T17:42:04.158+0000] {logging_mixin.py:190} INFO - Deleted all files in /opt/***/data/mercadolivre/shipping_cost_ml/prod/ with extension *.json
[2025-06-23T17:42:04.161+0000] {logging_mixin.py:190} INFO - Deleted all files in /opt/***/data/mercadolivre/shipping_cost_ml/prod/ with extension *.json
[2025-06-23T17:42:04.164+0000] {logging_mixin.py:190} INFO - Deleted all files in /opt/***/data/mercadolivre/shipping_cost_ml/prod/ with extension *.json
[2025-06-23T17:42:04.167+0000] {logging_mixin.py:190} INFO - Deleted all files in /opt/***/data/mercadolivre/shipping_cost_ml/prod/ with extension *.json
[2025-06-23T17:42:04.170+0000] {logging_mixin.py:190} INFO - Deleted all files in /opt/***/data/mercadolivre/shipping_cost_ml/prod/ with extension *.json
[2025-06-23T17:42:04.173+0000] {logging_mixin.py:190} INFO - Deleted all files in /opt/***/data/mercadolivre/shipping_cost_ml/prod/ with extension *.json
[2025-06-23T17:42:04.176+0000] {logging_mixin.py:190} INFO - Deleted all files in /opt/***/data/mercadolivre/shipping_cost_ml/prod/ with extension *.json
[2025-06-23T17:42:04.179+0000] {logging_mixin.py:190} INFO - Deleted all files in /opt/***/data/mercadolivre/shipping_cost_ml/prod/ with extension *.json
[2025-06-23T17:42:04.182+0000] {logging_mixin.py:190} INFO - Deleted all files in /opt/***/data/mercadolivre/shipping_cost_ml/prod/ with extension *.json
[2025-06-23T17:42:04.185+0000] {logging_mixin.py:190} INFO - Deleted all files in /opt/***/data/mercadolivre/shipping_cost_ml/prod/ with extension *.json
[2025-06-23T17:42:04.188+0000] {logging_mixin.py:190} INFO - Deleted all files in /opt/***/data/mercadolivre/shipping_cost_ml/prod/ with extension *.json
[2025-06-23T17:42:04.191+0000] {logging_mixin.py:190} INFO - Deleted all files in /opt/***/data/mercadolivre/shipping_cost_ml/prod/ with extension *.json
[2025-06-23T17:42:04.194+0000] {logging_mixin.py:190} INFO - Deleted all files in /opt/***/data/mercadolivre/shipping_cost_ml/prod/ with extension *.json
[2025-06-23T17:42:04.197+0000] {logging_mixin.py:190} INFO - Deleted all files in /opt/***/data/mercadolivre/shipping_cost_ml/prod/ with extension *.json
[2025-06-23T17:42:04.200+0000] {logging_mixin.py:190} INFO - Deleted all files in /opt/***/data/mercadolivre/shipping_cost_ml/prod/ with extension *.json
[2025-06-23T17:42:04.203+0000] {logging_mixin.py:190} INFO - Deleted all files in /opt/***/data/mercadolivre/shipping_cost_ml/prod/ with extension *.json
[2025-06-23T17:42:04.206+0000] {logging_mixin.py:190} INFO - Deleted all files in /opt/***/data/mercadolivre/shipping_cost_ml/prod/ with extension *.json
[2025-06-23T17:42:04.208+0000] {logging_mixin.py:190} INFO - Deleted all files in /opt/***/data/mercadolivre/shipping_cost_ml/prod/ with extension *.json
[2025-06-23T17:42:04.211+0000] {logging_mixin.py:190} INFO - Deleted all files in /opt/***/data/mercadolivre/shipping_cost_ml/prod/ with extension *.json
[2025-06-23T17:42:04.213+0000] {logging_mixin.py:190} INFO - Deleted all files in /opt/***/data/mercadolivre/shipping_cost_ml/prod/ with extension *.json
[2025-06-23T17:42:04.216+0000] {logging_mixin.py:190} INFO - Deleted all files in /opt/***/data/mercadolivre/shipping_cost_ml/prod/ with extension *.json
[2025-06-23T17:42:04.218+0000] {logging_mixin.py:190} INFO - Deleted all files in /opt/***/data/mercadolivre/shipping_cost_ml/prod/ with extension *.json
[2025-06-23T17:42:04.221+0000] {logging_mixin.py:190} INFO - Deleted all files in /opt/***/data/mercadolivre/shipping_cost_ml/prod/ with extension *.json
[2025-06-23T17:42:04.223+0000] {logging_mixin.py:190} INFO - Deleted all files in /opt/***/data/mercadolivre/shipping_cost_ml/prod/ with extension *.json
[2025-06-23T17:42:04.226+0000] {logging_mixin.py:190} INFO - Deleted all files in /opt/***/data/mercadolivre/shipping_cost_ml/prod/ with extension *.json
[2025-06-23T17:42:04.228+0000] {logging_mixin.py:190} INFO - Deleted all files in /opt/***/data/mercadolivre/shipping_cost_ml/prod/ with extension *.json
[2025-06-23T17:42:04.231+0000] {logging_mixin.py:190} INFO - Deleted all files in /opt/***/data/mercadolivre/shipping_cost_ml/prod/ with extension *.json
[2025-06-23T17:42:04.233+0000] {logging_mixin.py:190} INFO - Deleted all files in /opt/***/data/mercadolivre/shipping_cost_ml/prod/ with extension *.json
[2025-06-23T17:42:04.235+0000] {logging_mixin.py:190} INFO - Deleted all files in /opt/***/data/mercadolivre/shipping_cost_ml/prod/ with extension *.json
[2025-06-23T17:42:04.238+0000] {logging_mixin.py:190} INFO - Deleted all files in /opt/***/data/mercadolivre/shipping_cost_ml/prod/ with extension *.json
[2025-06-23T17:42:04.240+0000] {logging_mixin.py:190} INFO - Deleted all files in /opt/***/data/mercadolivre/shipping_cost_ml/prod/ with extension *.json
[2025-06-23T17:42:04.243+0000] {logging_mixin.py:190} INFO - Deleted all files in /opt/***/data/mercadolivre/shipping_cost_ml/prod/ with extension *.json
[2025-06-23T17:42:04.246+0000] {logging_mixin.py:190} INFO - Deleted all files in /opt/***/data/mercadolivre/shipping_cost_ml/prod/ with extension *.json
[2025-06-23T17:42:04.249+0000] {logging_mixin.py:190} INFO - Deleted all files in /opt/***/data/mercadolivre/shipping_cost_ml/prod/ with extension *.json
[2025-06-23T17:42:04.252+0000] {logging_mixin.py:190} INFO - Deleted all files in /opt/***/data/mercadolivre/shipping_cost_ml/prod/ with extension *.json
[2025-06-23T17:42:04.254+0000] {logging_mixin.py:190} INFO - Deleted all files in /opt/***/data/mercadolivre/shipping_cost_ml/prod/ with extension *.json
[2025-06-23T17:42:04.257+0000] {logging_mixin.py:190} INFO - Deleted all files in /opt/***/data/mercadolivre/shipping_cost_ml/prod/ with extension *.json
[2025-06-23T17:42:04.260+0000] {logging_mixin.py:190} INFO - Deleted all files in /opt/***/data/mercadolivre/shipping_cost_ml/prod/ with extension *.json
[2025-06-23T17:42:04.262+0000] {logging_mixin.py:190} INFO - Deleted all files in /opt/***/data/mercadolivre/shipping_cost_ml/prod/ with extension *.json
[2025-06-23T17:42:04.264+0000] {logging_mixin.py:190} INFO - Deleted all files in /opt/***/data/mercadolivre/shipping_cost_ml/prod/ with extension *.json
[2025-06-23T17:42:04.267+0000] {logging_mixin.py:190} INFO - Deleted all files in /opt/***/data/mercadolivre/shipping_cost_ml/prod/ with extension *.json
[2025-06-23T17:42:04.269+0000] {logging_mixin.py:190} INFO - Deleted all files in /opt/***/data/mercadolivre/shipping_cost_ml/prod/ with extension *.json
[2025-06-23T17:42:04.272+0000] {logging_mixin.py:190} INFO - Deleted all files in /opt/***/data/mercadolivre/shipping_cost_ml/prod/ with extension *.json
[2025-06-23T17:42:04.274+0000] {logging_mixin.py:190} INFO - Deleted all files in /opt/***/data/mercadolivre/shipping_cost_ml/prod/ with extension *.json
[2025-06-23T17:42:04.277+0000] {logging_mixin.py:190} INFO - Deleted all files in /opt/***/data/mercadolivre/shipping_cost_ml/prod/ with extension *.json
[2025-06-23T17:42:04.280+0000] {logging_mixin.py:190} INFO - Deleted all files in /opt/***/data/mercadolivre/shipping_cost_ml/prod/ with extension *.json
[2025-06-23T17:42:04.282+0000] {logging_mixin.py:190} INFO - Deleted all files in /opt/***/data/mercadolivre/shipping_cost_ml/prod/ with extension *.json
[2025-06-23T17:42:04.284+0000] {logging_mixin.py:190} INFO - Deleted all files in /opt/***/data/mercadolivre/shipping_cost_ml/prod/ with extension *.json
[2025-06-23T17:42:04.287+0000] {logging_mixin.py:190} INFO - Deleted all files in /opt/***/data/mercadolivre/shipping_cost_ml/prod/ with extension *.json
[2025-06-23T17:42:04.289+0000] {logging_mixin.py:190} INFO - Deleted all files in /opt/***/data/mercadolivre/shipping_cost_ml/prod/ with extension *.json
[2025-06-23T17:42:04.291+0000] {logging_mixin.py:190} INFO - Deleted all files in /opt/***/data/mercadolivre/shipping_cost_ml/prod/ with extension *.json
[2025-06-23T17:42:04.294+0000] {logging_mixin.py:190} INFO - Deleted all files in /opt/***/data/mercadolivre/shipping_cost_ml/prod/ with extension *.json
[2025-06-23T17:42:04.296+0000] {logging_mixin.py:190} INFO - Deleted all files in /opt/***/data/mercadolivre/shipping_cost_ml/prod/ with extension *.json
[2025-06-23T17:42:04.298+0000] {logging_mixin.py:190} INFO - Deleted all files in /opt/***/data/mercadolivre/shipping_cost_ml/prod/ with extension *.json
[2025-06-23T17:42:04.301+0000] {logging_mixin.py:190} INFO - Deleted all files in /opt/***/data/mercadolivre/shipping_cost_ml/prod/ with extension *.json
[2025-06-23T17:42:04.303+0000] {logging_mixin.py:190} INFO - Deleted all files in /opt/***/data/mercadolivre/shipping_cost_ml/prod/ with extension *.json
[2025-06-23T17:42:04.306+0000] {logging_mixin.py:190} INFO - Deleted all files in /opt/***/data/mercadolivre/shipping_cost_ml/prod/ with extension *.json
[2025-06-23T17:42:04.308+0000] {logging_mixin.py:190} INFO - Deleted all files in /opt/***/data/mercadolivre/shipping_cost_ml/prod/ with extension *.json
[2025-06-23T17:42:04.311+0000] {logging_mixin.py:190} INFO - Deleted all files in /opt/***/data/mercadolivre/shipping_cost_ml/prod/ with extension *.json
[2025-06-23T17:42:04.313+0000] {logging_mixin.py:190} INFO - Deleted all files in /opt/***/data/mercadolivre/shipping_cost_ml/prod/ with extension *.json
[2025-06-23T17:42:04.315+0000] {logging_mixin.py:190} INFO - Deleted all files in /opt/***/data/mercadolivre/shipping_cost_ml/prod/ with extension *.json
[2025-06-23T17:42:04.318+0000] {logging_mixin.py:190} INFO - Deleted all files in /opt/***/data/mercadolivre/shipping_cost_ml/prod/ with extension *.json
[2025-06-23T17:42:04.320+0000] {logging_mixin.py:190} INFO - Deleted all files in /opt/***/data/mercadolivre/shipping_cost_ml/prod/ with extension *.json
[2025-06-23T17:42:04.323+0000] {logging_mixin.py:190} INFO - Deleted all files in /opt/***/data/mercadolivre/shipping_cost_ml/prod/ with extension *.json
[2025-06-23T17:42:04.328+0000] {logging_mixin.py:190} INFO - Deleted all files in /opt/***/data/mercadolivre/shipping_cost_ml/prod/ with extension *.json
[2025-06-23T17:42:04.331+0000] {logging_mixin.py:190} INFO - Deleted all files in /opt/***/data/mercadolivre/shipping_cost_ml/prod/ with extension *.json
[2025-06-23T17:42:04.335+0000] {logging_mixin.py:190} INFO - Deleted all files in /opt/***/data/mercadolivre/shipping_cost_ml/prod/ with extension *.json
[2025-06-23T17:42:04.338+0000] {logging_mixin.py:190} INFO - Deleted all files in /opt/***/data/mercadolivre/shipping_cost_ml/prod/ with extension *.json
[2025-06-23T17:42:04.342+0000] {logging_mixin.py:190} INFO - Deleted all files in /opt/***/data/mercadolivre/shipping_cost_ml/prod/ with extension *.json
[2025-06-23T17:42:04.345+0000] {logging_mixin.py:190} INFO - Deleted all files in /opt/***/data/mercadolivre/shipping_cost_ml/prod/ with extension *.json
[2025-06-23T17:42:04.349+0000] {logging_mixin.py:190} INFO - Deleted all files in /opt/***/data/mercadolivre/shipping_cost_ml/prod/ with extension *.json
[2025-06-23T17:42:04.352+0000] {logging_mixin.py:190} INFO - Deleted all files in /opt/***/data/mercadolivre/shipping_cost_ml/prod/ with extension *.json
[2025-06-23T17:42:04.356+0000] {logging_mixin.py:190} INFO - Deleted all files in /opt/***/data/mercadolivre/shipping_cost_ml/prod/ with extension *.json
[2025-06-23T17:42:04.359+0000] {logging_mixin.py:190} INFO - Deleted all files in /opt/***/data/mercadolivre/shipping_cost_ml/prod/ with extension *.json
[2025-06-23T17:42:04.363+0000] {logging_mixin.py:190} INFO - Deleted all files in /opt/***/data/mercadolivre/shipping_cost_ml/prod/ with extension *.json
[2025-06-23T17:42:04.365+0000] {logging_mixin.py:190} INFO - Deleted all files in /opt/***/data/mercadolivre/shipping_cost_ml/prod/ with extension *.json
[2025-06-23T17:42:04.369+0000] {logging_mixin.py:190} INFO - Deleted all files in /opt/***/data/mercadolivre/shipping_cost_ml/prod/ with extension *.json
[2025-06-23T17:42:04.371+0000] {logging_mixin.py:190} INFO - Deleted all files in /opt/***/data/mercadolivre/shipping_cost_ml/prod/ with extension *.json
[2025-06-23T17:42:04.375+0000] {logging_mixin.py:190} INFO - Deleted all files in /opt/***/data/mercadolivre/shipping_cost_ml/prod/ with extension *.json
[2025-06-23T17:42:04.378+0000] {logging_mixin.py:190} INFO - Deleted all files in /opt/***/data/mercadolivre/shipping_cost_ml/prod/ with extension *.json
[2025-06-23T17:42:04.381+0000] {logging_mixin.py:190} INFO - Deleted all files in /opt/***/data/mercadolivre/shipping_cost_ml/prod/ with extension *.json
[2025-06-23T17:42:04.384+0000] {logging_mixin.py:190} INFO - Deleted all files in /opt/***/data/mercadolivre/shipping_cost_ml/prod/ with extension *.json
[2025-06-23T17:42:04.386+0000] {logging_mixin.py:190} INFO - Deleted all files in /opt/***/data/mercadolivre/shipping_cost_ml/prod/ with extension *.json
[2025-06-23T17:42:04.389+0000] {logging_mixin.py:190} INFO - Deleted all files in /opt/***/data/mercadolivre/shipping_cost_ml/prod/ with extension *.json
[2025-06-23T17:42:04.392+0000] {logging_mixin.py:190} INFO - Deleted all files in /opt/***/data/mercadolivre/shipping_cost_ml/prod/ with extension *.json
[2025-06-23T17:42:04.394+0000] {logging_mixin.py:190} INFO - Deleted all files in /opt/***/data/mercadolivre/shipping_cost_ml/prod/ with extension *.json
[2025-06-23T17:42:04.397+0000] {logging_mixin.py:190} INFO - Deleted all files in /opt/***/data/mercadolivre/shipping_cost_ml/prod/ with extension *.json
[2025-06-23T17:42:04.399+0000] {logging_mixin.py:190} INFO - Deleted all files in /opt/***/data/mercadolivre/shipping_cost_ml/prod/ with extension *.json
[2025-06-23T17:42:04.402+0000] {logging_mixin.py:190} INFO - Deleted all files in /opt/***/data/mercadolivre/shipping_cost_ml/prod/ with extension *.json
[2025-06-23T17:42:04.404+0000] {logging_mixin.py:190} INFO - Deleted all files in /opt/***/data/mercadolivre/shipping_cost_ml/prod/ with extension *.json
[2025-06-23T17:42:04.407+0000] {logging_mixin.py:190} INFO - Deleted all files in /opt/***/data/mercadolivre/shipping_cost_ml/prod/ with extension *.json
[2025-06-23T17:42:04.409+0000] {logging_mixin.py:190} INFO - Deleted all files in /opt/***/data/mercadolivre/shipping_cost_ml/prod/ with extension *.json
[2025-06-23T17:42:04.412+0000] {logging_mixin.py:190} INFO - Deleted all files in /opt/***/data/mercadolivre/shipping_cost_ml/prod/ with extension *.json
[2025-06-23T17:42:04.414+0000] {logging_mixin.py:190} INFO - Deleted all files in /opt/***/data/mercadolivre/shipping_cost_ml/prod/ with extension *.json
[2025-06-23T17:42:04.417+0000] {logging_mixin.py:190} INFO - Deleted all files in /opt/***/data/mercadolivre/shipping_cost_ml/prod/ with extension *.json
[2025-06-23T17:42:04.419+0000] {logging_mixin.py:190} INFO - Deleted all files in /opt/***/data/mercadolivre/shipping_cost_ml/prod/ with extension *.json
[2025-06-23T17:42:04.422+0000] {logging_mixin.py:190} INFO - Deleted all files in /opt/***/data/mercadolivre/shipping_cost_ml/prod/ with extension *.json
[2025-06-23T17:42:04.424+0000] {logging_mixin.py:190} INFO - Deleted all files in /opt/***/data/mercadolivre/shipping_cost_ml/prod/ with extension *.json
[2025-06-23T17:42:04.427+0000] {logging_mixin.py:190} INFO - Deleted all files in /opt/***/data/mercadolivre/shipping_cost_ml/prod/ with extension *.json
[2025-06-23T17:42:04.429+0000] {logging_mixin.py:190} INFO - Deleted all files in /opt/***/data/mercadolivre/shipping_cost_ml/prod/ with extension *.json
[2025-06-23T17:42:04.432+0000] {logging_mixin.py:190} INFO - Deleted all files in /opt/***/data/mercadolivre/shipping_cost_ml/prod/ with extension *.json
[2025-06-23T17:42:04.434+0000] {logging_mixin.py:190} INFO - Deleted all files in /opt/***/data/mercadolivre/shipping_cost_ml/prod/ with extension *.json
[2025-06-23T17:42:04.436+0000] {logging_mixin.py:190} INFO - Deleted all files in /opt/***/data/mercadolivre/shipping_cost_ml/prod/ with extension *.json
[2025-06-23T17:42:04.439+0000] {logging_mixin.py:190} INFO - Deleted all files in /opt/***/data/mercadolivre/shipping_cost_ml/prod/ with extension *.json
[2025-06-23T17:42:04.441+0000] {logging_mixin.py:190} INFO - Deleted all files in /opt/***/data/mercadolivre/shipping_cost_ml/prod/ with extension *.json
[2025-06-23T17:42:04.444+0000] {logging_mixin.py:190} INFO - Deleted all files in /opt/***/data/mercadolivre/shipping_cost_ml/prod/ with extension *.json
[2025-06-23T17:42:04.446+0000] {logging_mixin.py:190} INFO - Deleted all files in /opt/***/data/mercadolivre/shipping_cost_ml/prod/ with extension *.json
[2025-06-23T17:42:04.448+0000] {logging_mixin.py:190} INFO - Deleted all files in /opt/***/data/mercadolivre/shipping_cost_ml/prod/ with extension *.json
[2025-06-23T17:42:04.451+0000] {logging_mixin.py:190} INFO - Deleted all files in /opt/***/data/mercadolivre/shipping_cost_ml/prod/ with extension *.json
[2025-06-23T17:42:04.453+0000] {logging_mixin.py:190} INFO - Deleted all files in /opt/***/data/mercadolivre/shipping_cost_ml/prod/ with extension *.json
[2025-06-23T17:42:04.456+0000] {logging_mixin.py:190} INFO - Deleted all files in /opt/***/data/mercadolivre/shipping_cost_ml/prod/ with extension *.json
[2025-06-23T17:42:04.458+0000] {logging_mixin.py:190} INFO - Deleted all files in /opt/***/data/mercadolivre/shipping_cost_ml/prod/ with extension *.json
[2025-06-23T17:42:04.461+0000] {logging_mixin.py:190} INFO - Deleted all files in /opt/***/data/mercadolivre/shipping_cost_ml/prod/ with extension *.json
[2025-06-23T17:42:04.463+0000] {logging_mixin.py:190} INFO - Deleted all files in /opt/***/data/mercadolivre/shipping_cost_ml/prod/ with extension *.json
[2025-06-23T17:42:04.466+0000] {logging_mixin.py:190} INFO - Deleted all files in /opt/***/data/mercadolivre/shipping_cost_ml/prod/ with extension *.json
[2025-06-23T17:42:04.469+0000] {logging_mixin.py:190} INFO - Deleted all files in /opt/***/data/mercadolivre/shipping_cost_ml/prod/ with extension *.json
[2025-06-23T17:42:04.471+0000] {logging_mixin.py:190} INFO - Deleted all files in /opt/***/data/mercadolivre/shipping_cost_ml/prod/ with extension *.json
[2025-06-23T17:42:04.474+0000] {logging_mixin.py:190} INFO - Deleted all files in /opt/***/data/mercadolivre/shipping_cost_ml/prod/ with extension *.json
[2025-06-23T17:42:04.476+0000] {logging_mixin.py:190} INFO - Deleted all files in /opt/***/data/mercadolivre/shipping_cost_ml/prod/ with extension *.json
[2025-06-23T17:42:04.479+0000] {logging_mixin.py:190} INFO - Deleted all files in /opt/***/data/mercadolivre/shipping_cost_ml/prod/ with extension *.json
[2025-06-23T17:42:04.481+0000] {logging_mixin.py:190} INFO - Deleted all files in /opt/***/data/mercadolivre/shipping_cost_ml/prod/ with extension *.json
[2025-06-23T17:42:04.483+0000] {logging_mixin.py:190} INFO - Deleted all files in /opt/***/data/mercadolivre/shipping_cost_ml/prod/ with extension *.json
[2025-06-23T17:42:04.486+0000] {logging_mixin.py:190} INFO - Deleted all files in /opt/***/data/mercadolivre/shipping_cost_ml/prod/ with extension *.json
[2025-06-23T17:42:04.488+0000] {logging_mixin.py:190} INFO - Deleted all files in /opt/***/data/mercadolivre/shipping_cost_ml/prod/ with extension *.json
[2025-06-23T17:42:04.490+0000] {logging_mixin.py:190} INFO - Deleted all files in /opt/***/data/mercadolivre/shipping_cost_ml/prod/ with extension *.json
[2025-06-23T17:42:04.493+0000] {logging_mixin.py:190} INFO - Deleted all files in /opt/***/data/mercadolivre/shipping_cost_ml/prod/ with extension *.json
[2025-06-23T17:42:04.495+0000] {logging_mixin.py:190} INFO - Deleted all files in /opt/***/data/mercadolivre/shipping_cost_ml/prod/ with extension *.json
[2025-06-23T17:42:04.497+0000] {logging_mixin.py:190} INFO - Deleted all files in /opt/***/data/mercadolivre/shipping_cost_ml/prod/ with extension *.json
[2025-06-23T17:42:04.500+0000] {logging_mixin.py:190} INFO - Deleted all files in /opt/***/data/mercadolivre/shipping_cost_ml/prod/ with extension *.json
[2025-06-23T17:42:04.502+0000] {logging_mixin.py:190} INFO - Deleted all files in /opt/***/data/mercadolivre/shipping_cost_ml/prod/ with extension *.json
[2025-06-23T17:42:04.504+0000] {logging_mixin.py:190} INFO - Deleted all files in /opt/***/data/mercadolivre/shipping_cost_ml/prod/ with extension *.json
[2025-06-23T17:42:04.506+0000] {logging_mixin.py:190} INFO - Deleted all files in /opt/***/data/mercadolivre/shipping_cost_ml/prod/ with extension *.json
[2025-06-23T17:42:04.509+0000] {logging_mixin.py:190} INFO - Deleted all files in /opt/***/data/mercadolivre/shipping_cost_ml/prod/ with extension *.json
[2025-06-23T17:42:04.511+0000] {logging_mixin.py:190} INFO - Deleted all files in /opt/***/data/mercadolivre/shipping_cost_ml/prod/ with extension *.json
[2025-06-23T17:42:04.513+0000] {logging_mixin.py:190} INFO - Deleted all files in /opt/***/data/mercadolivre/shipping_cost_ml/prod/ with extension *.json
[2025-06-23T17:42:04.516+0000] {logging_mixin.py:190} INFO - Deleted all files in /opt/***/data/mercadolivre/shipping_cost_ml/prod/ with extension *.json
[2025-06-23T17:42:04.518+0000] {logging_mixin.py:190} INFO - Deleted all files in /opt/***/data/mercadolivre/shipping_cost_ml/prod/ with extension *.json
[2025-06-23T17:42:04.520+0000] {logging_mixin.py:190} INFO - Deleted all files in /opt/***/data/mercadolivre/shipping_cost_ml/prod/ with extension *.json
[2025-06-23T17:42:04.522+0000] {logging_mixin.py:190} INFO - Deleted all files in /opt/***/data/mercadolivre/shipping_cost_ml/prod/ with extension *.json
[2025-06-23T17:42:04.524+0000] {logging_mixin.py:190} INFO - Deleted all files in /opt/***/data/mercadolivre/shipping_cost_ml/prod/ with extension *.json
[2025-06-23T17:42:04.526+0000] {logging_mixin.py:190} INFO - Deleted all files in /opt/***/data/mercadolivre/shipping_cost_ml/prod/ with extension *.json
[2025-06-23T17:42:04.528+0000] {logging_mixin.py:190} INFO - Deleted all files in /opt/***/data/mercadolivre/shipping_cost_ml/prod/ with extension *.json
[2025-06-23T17:42:04.530+0000] {logging_mixin.py:190} INFO - Deleted all files in /opt/***/data/mercadolivre/shipping_cost_ml/prod/ with extension *.json
[2025-06-23T17:42:04.533+0000] {logging_mixin.py:190} INFO - Deleted all files in /opt/***/data/mercadolivre/shipping_cost_ml/prod/ with extension *.json
[2025-06-23T17:42:04.535+0000] {logging_mixin.py:190} INFO - Deleted all files in /opt/***/data/mercadolivre/shipping_cost_ml/prod/ with extension *.json
[2025-06-23T17:42:04.537+0000] {logging_mixin.py:190} INFO - Deleted all files in /opt/***/data/mercadolivre/shipping_cost_ml/prod/ with extension *.json
[2025-06-23T17:42:04.539+0000] {logging_mixin.py:190} INFO - Deleted all files in /opt/***/data/mercadolivre/shipping_cost_ml/prod/ with extension *.json
[2025-06-23T17:42:04.541+0000] {logging_mixin.py:190} INFO - Deleted all files in /opt/***/data/mercadolivre/shipping_cost_ml/prod/ with extension *.json
[2025-06-23T17:42:04.543+0000] {logging_mixin.py:190} INFO - Deleted all files in /opt/***/data/mercadolivre/shipping_cost_ml/prod/ with extension *.json
[2025-06-23T17:42:04.545+0000] {logging_mixin.py:190} INFO - Deleted all files in /opt/***/data/mercadolivre/shipping_cost_ml/prod/ with extension *.json
[2025-06-23T17:42:04.546+0000] {logging_mixin.py:190} INFO - Deleted all files in /opt/***/data/mercadolivre/shipping_cost_ml/prod/ with extension *.json
[2025-06-23T17:42:04.548+0000] {logging_mixin.py:190} INFO - Deleted all files in /opt/***/data/mercadolivre/shipping_cost_ml/prod/ with extension *.json
[2025-06-23T17:42:04.550+0000] {logging_mixin.py:190} INFO - Deleted all files in /opt/***/data/mercadolivre/shipping_cost_ml/prod/ with extension *.json
[2025-06-23T17:42:04.552+0000] {logging_mixin.py:190} INFO - Deleted all files in /opt/***/data/mercadolivre/shipping_cost_ml/prod/ with extension *.json
[2025-06-23T17:42:04.554+0000] {logging_mixin.py:190} INFO - Deleted all files in /opt/***/data/mercadolivre/shipping_cost_ml/prod/ with extension *.json
[2025-06-23T17:42:04.556+0000] {logging_mixin.py:190} INFO - Deleted all files in /opt/***/data/mercadolivre/shipping_cost_ml/prod/ with extension *.json
[2025-06-23T17:42:04.559+0000] {logging_mixin.py:190} INFO - Deleted all files in /opt/***/data/mercadolivre/shipping_cost_ml/prod/ with extension *.json
[2025-06-23T17:42:04.563+0000] {logging_mixin.py:190} INFO - Deleted all files in /opt/***/data/mercadolivre/shipping_cost_ml/prod/ with extension *.json
[2025-06-23T17:42:04.566+0000] {logging_mixin.py:190} INFO - Deleted all files in /opt/***/data/mercadolivre/shipping_cost_ml/prod/ with extension *.json
[2025-06-23T17:42:04.569+0000] {logging_mixin.py:190} INFO - Deleted all files in /opt/***/data/mercadolivre/shipping_cost_ml/prod/ with extension *.json
[2025-06-23T17:42:04.571+0000] {logging_mixin.py:190} INFO - Deleted all files in /opt/***/data/mercadolivre/shipping_cost_ml/prod/ with extension *.json
[2025-06-23T17:42:04.573+0000] {logging_mixin.py:190} INFO - Deleted all files in /opt/***/data/mercadolivre/shipping_cost_ml/prod/ with extension *.json
[2025-06-23T17:42:04.574+0000] {logging_mixin.py:190} INFO - Deleted all files in /opt/***/data/mercadolivre/shipping_cost_ml/prod/ with extension *.json
[2025-06-23T17:42:04.576+0000] {logging_mixin.py:190} INFO - Deleted all files in /opt/***/data/mercadolivre/shipping_cost_ml/prod/ with extension *.json
[2025-06-23T17:42:04.578+0000] {logging_mixin.py:190} INFO - Deleted all files in /opt/***/data/mercadolivre/shipping_cost_ml/prod/ with extension *.json
[2025-06-23T17:42:04.580+0000] {logging_mixin.py:190} INFO - Deleted all files in /opt/***/data/mercadolivre/shipping_cost_ml/prod/ with extension *.json
[2025-06-23T17:42:04.582+0000] {logging_mixin.py:190} INFO - Deleted all files in /opt/***/data/mercadolivre/shipping_cost_ml/prod/ with extension *.json
[2025-06-23T17:42:04.584+0000] {logging_mixin.py:190} INFO - Deleted all files in /opt/***/data/mercadolivre/shipping_cost_ml/prod/ with extension *.json
[2025-06-23T17:42:04.586+0000] {logging_mixin.py:190} INFO - Deleted all files in /opt/***/data/mercadolivre/shipping_cost_ml/prod/ with extension *.json
[2025-06-23T17:42:04.588+0000] {logging_mixin.py:190} INFO - Deleted all files in /opt/***/data/mercadolivre/shipping_cost_ml/prod/ with extension *.json
[2025-06-23T17:42:04.589+0000] {logging_mixin.py:190} INFO - Deleted all files in /opt/***/data/mercadolivre/shipping_cost_ml/prod/ with extension *.json
[2025-06-23T17:42:04.591+0000] {logging_mixin.py:190} INFO - Deleted all files in /opt/***/data/mercadolivre/shipping_cost_ml/prod/ with extension *.json
[2025-06-23T17:42:04.593+0000] {logging_mixin.py:190} INFO - Deleted all files in /opt/***/data/mercadolivre/shipping_cost_ml/prod/ with extension *.json
[2025-06-23T17:42:04.595+0000] {logging_mixin.py:190} INFO - Deleted all files in /opt/***/data/mercadolivre/shipping_cost_ml/prod/ with extension *.json
[2025-06-23T17:42:04.597+0000] {logging_mixin.py:190} INFO - Deleted all files in /opt/***/data/mercadolivre/shipping_cost_ml/prod/ with extension *.json
[2025-06-23T17:42:04.599+0000] {logging_mixin.py:190} INFO - Deleted all files in /opt/***/data/mercadolivre/shipping_cost_ml/prod/ with extension *.json
[2025-06-23T17:42:04.601+0000] {logging_mixin.py:190} INFO - Deleted all files in /opt/***/data/mercadolivre/shipping_cost_ml/prod/ with extension *.json
[2025-06-23T17:42:04.604+0000] {logging_mixin.py:190} INFO - Deleted all files in /opt/***/data/mercadolivre/shipping_cost_ml/prod/ with extension *.json
[2025-06-23T17:42:04.606+0000] {logging_mixin.py:190} INFO - Deleted all files in /opt/***/data/mercadolivre/shipping_cost_ml/prod/ with extension *.json
[2025-06-23T17:42:04.608+0000] {logging_mixin.py:190} INFO - Deleted all files in /opt/***/data/mercadolivre/shipping_cost_ml/prod/ with extension *.json
[2025-06-23T17:42:04.610+0000] {logging_mixin.py:190} INFO - Deleted all files in /opt/***/data/mercadolivre/shipping_cost_ml/prod/ with extension *.json
[2025-06-23T17:42:04.612+0000] {logging_mixin.py:190} INFO - Deleted all files in /opt/***/data/mercadolivre/shipping_cost_ml/prod/ with extension *.json
[2025-06-23T17:42:04.614+0000] {logging_mixin.py:190} INFO - Deleted all files in /opt/***/data/mercadolivre/shipping_cost_ml/prod/ with extension *.json
[2025-06-23T17:42:04.616+0000] {logging_mixin.py:190} INFO - Deleted all files in /opt/***/data/mercadolivre/shipping_cost_ml/prod/ with extension *.json
[2025-06-23T17:42:04.617+0000] {logging_mixin.py:190} INFO - Deleted all files in /opt/***/data/mercadolivre/shipping_cost_ml/prod/ with extension *.json
[2025-06-23T17:42:04.620+0000] {logging_mixin.py:190} INFO - Deleted all files in /opt/***/data/mercadolivre/shipping_cost_ml/prod/ with extension *.json
[2025-06-23T17:42:04.622+0000] {logging_mixin.py:190} INFO - Deleted all files in /opt/***/data/mercadolivre/shipping_cost_ml/prod/ with extension *.json
[2025-06-23T17:42:04.624+0000] {logging_mixin.py:190} INFO - Deleted all files in /opt/***/data/mercadolivre/shipping_cost_ml/prod/ with extension *.json
[2025-06-23T17:42:04.626+0000] {logging_mixin.py:190} INFO - Deleted all files in /opt/***/data/mercadolivre/shipping_cost_ml/prod/ with extension *.json
[2025-06-23T17:42:04.628+0000] {logging_mixin.py:190} INFO - Deleted all files in /opt/***/data/mercadolivre/shipping_cost_ml/prod/ with extension *.json
[2025-06-23T17:42:04.630+0000] {logging_mixin.py:190} INFO - Deleted all files in /opt/***/data/mercadolivre/shipping_cost_ml/prod/ with extension *.json
[2025-06-23T17:42:04.632+0000] {logging_mixin.py:190} INFO - Deleted all files in /opt/***/data/mercadolivre/shipping_cost_ml/prod/ with extension *.json
[2025-06-23T17:42:04.634+0000] {logging_mixin.py:190} INFO - Deleted all files in /opt/***/data/mercadolivre/shipping_cost_ml/prod/ with extension *.json
[2025-06-23T17:42:04.636+0000] {logging_mixin.py:190} INFO - Deleted all files in /opt/***/data/mercadolivre/shipping_cost_ml/prod/ with extension *.json
[2025-06-23T17:42:04.638+0000] {logging_mixin.py:190} INFO - Deleted all files in /opt/***/data/mercadolivre/shipping_cost_ml/prod/ with extension *.json
[2025-06-23T17:42:04.640+0000] {logging_mixin.py:190} INFO - Deleted all files in /opt/***/data/mercadolivre/shipping_cost_ml/prod/ with extension *.json
[2025-06-23T17:42:04.642+0000] {logging_mixin.py:190} INFO - Deleted all files in /opt/***/data/mercadolivre/shipping_cost_ml/prod/ with extension *.json
[2025-06-23T17:42:04.644+0000] {logging_mixin.py:190} INFO - Deleted all files in /opt/***/data/mercadolivre/shipping_cost_ml/prod/ with extension *.json
[2025-06-23T17:42:04.646+0000] {logging_mixin.py:190} INFO - Deleted all files in /opt/***/data/mercadolivre/shipping_cost_ml/prod/ with extension *.json
[2025-06-23T17:42:04.648+0000] {logging_mixin.py:190} INFO - Deleted all files in /opt/***/data/mercadolivre/shipping_cost_ml/prod/ with extension *.json
[2025-06-23T17:42:04.650+0000] {logging_mixin.py:190} INFO - Deleted all files in /opt/***/data/mercadolivre/shipping_cost_ml/prod/ with extension *.json
[2025-06-23T17:42:04.652+0000] {logging_mixin.py:190} INFO - Deleted all files in /opt/***/data/mercadolivre/shipping_cost_ml/prod/ with extension *.json
[2025-06-23T17:42:04.654+0000] {logging_mixin.py:190} INFO - Deleted all files in /opt/***/data/mercadolivre/shipping_cost_ml/prod/ with extension *.json
[2025-06-23T17:42:04.655+0000] {logging_mixin.py:190} INFO - Deleted all files in /opt/***/data/mercadolivre/shipping_cost_ml/prod/ with extension *.json
[2025-06-23T17:42:04.657+0000] {logging_mixin.py:190} INFO - Deleted all files in /opt/***/data/mercadolivre/shipping_cost_ml/prod/ with extension *.json
[2025-06-23T17:42:04.660+0000] {logging_mixin.py:190} INFO - Deleted all files in /opt/***/data/mercadolivre/shipping_cost_ml/prod/ with extension *.json
[2025-06-23T17:42:04.662+0000] {logging_mixin.py:190} INFO - Deleted all files in /opt/***/data/mercadolivre/shipping_cost_ml/prod/ with extension *.json
[2025-06-23T17:42:04.664+0000] {logging_mixin.py:190} INFO - Deleted all files in /opt/***/data/mercadolivre/shipping_cost_ml/prod/ with extension *.json
[2025-06-23T17:42:04.666+0000] {logging_mixin.py:190} INFO - Deleted all files in /opt/***/data/mercadolivre/shipping_cost_ml/prod/ with extension *.json
[2025-06-23T17:42:04.668+0000] {logging_mixin.py:190} INFO - Deleted all files in /opt/***/data/mercadolivre/shipping_cost_ml/prod/ with extension *.json
[2025-06-23T17:42:04.669+0000] {logging_mixin.py:190} INFO - Deleted all files in /opt/***/data/mercadolivre/shipping_cost_ml/prod/ with extension *.json
[2025-06-23T17:42:04.671+0000] {logging_mixin.py:190} INFO - Deleted all files in /opt/***/data/mercadolivre/shipping_cost_ml/prod/ with extension *.json
[2025-06-23T17:42:04.673+0000] {logging_mixin.py:190} INFO - Deleted all files in /opt/***/data/mercadolivre/shipping_cost_ml/prod/ with extension *.json
[2025-06-23T17:42:04.675+0000] {logging_mixin.py:190} INFO - Deleted all files in /opt/***/data/mercadolivre/shipping_cost_ml/prod/ with extension *.json
[2025-06-23T17:42:04.677+0000] {logging_mixin.py:190} INFO - Deleted all files in /opt/***/data/mercadolivre/shipping_cost_ml/prod/ with extension *.json
[2025-06-23T17:42:04.679+0000] {logging_mixin.py:190} INFO - Deleted all files in /opt/***/data/mercadolivre/shipping_cost_ml/prod/ with extension *.json
[2025-06-23T17:42:04.681+0000] {logging_mixin.py:190} INFO - Deleted all files in /opt/***/data/mercadolivre/shipping_cost_ml/prod/ with extension *.json
[2025-06-23T17:42:04.683+0000] {logging_mixin.py:190} INFO - Deleted all files in /opt/***/data/mercadolivre/shipping_cost_ml/prod/ with extension *.json
[2025-06-23T17:42:04.684+0000] {logging_mixin.py:190} INFO - Deleted all files in /opt/***/data/mercadolivre/shipping_cost_ml/prod/ with extension *.json
[2025-06-23T17:42:04.686+0000] {logging_mixin.py:190} INFO - Deleted all files in /opt/***/data/mercadolivre/shipping_cost_ml/prod/ with extension *.json
[2025-06-23T17:42:04.688+0000] {logging_mixin.py:190} INFO - Deleted all files in /opt/***/data/mercadolivre/shipping_cost_ml/prod/ with extension *.json
[2025-06-23T17:42:04.690+0000] {logging_mixin.py:190} INFO - Deleted all files in /opt/***/data/mercadolivre/shipping_cost_ml/prod/ with extension *.json
[2025-06-23T17:42:04.693+0000] {logging_mixin.py:190} INFO - Deleted all files in /opt/***/data/mercadolivre/shipping_cost_ml/prod/ with extension *.json
[2025-06-23T17:42:04.695+0000] {logging_mixin.py:190} INFO - Deleted all files in /opt/***/data/mercadolivre/shipping_cost_ml/prod/ with extension *.json
[2025-06-23T17:42:04.697+0000] {logging_mixin.py:190} INFO - Deleted all files in /opt/***/data/mercadolivre/shipping_cost_ml/prod/ with extension *.json
[2025-06-23T17:42:04.699+0000] {logging_mixin.py:190} INFO - Deleted all files in /opt/***/data/mercadolivre/shipping_cost_ml/prod/ with extension *.json
[2025-06-23T17:42:04.701+0000] {logging_mixin.py:190} INFO - Deleted all files in /opt/***/data/mercadolivre/shipping_cost_ml/prod/ with extension *.json
[2025-06-23T17:42:04.703+0000] {logging_mixin.py:190} INFO - Deleted all files in /opt/***/data/mercadolivre/shipping_cost_ml/prod/ with extension *.json
[2025-06-23T17:42:04.705+0000] {logging_mixin.py:190} INFO - Deleted all files in /opt/***/data/mercadolivre/shipping_cost_ml/prod/ with extension *.json
[2025-06-23T17:42:04.707+0000] {logging_mixin.py:190} INFO - Deleted all files in /opt/***/data/mercadolivre/shipping_cost_ml/prod/ with extension *.json
[2025-06-23T17:42:04.709+0000] {logging_mixin.py:190} INFO - Deleted all files in /opt/***/data/mercadolivre/shipping_cost_ml/prod/ with extension *.json
[2025-06-23T17:42:04.711+0000] {logging_mixin.py:190} INFO - Deleted all files in /opt/***/data/mercadolivre/shipping_cost_ml/prod/ with extension *.json
[2025-06-23T17:42:04.713+0000] {logging_mixin.py:190} INFO - Deleted all files in /opt/***/data/mercadolivre/shipping_cost_ml/prod/ with extension *.json
[2025-06-23T17:42:04.715+0000] {logging_mixin.py:190} INFO - Deleted all files in /opt/***/data/mercadolivre/shipping_cost_ml/prod/ with extension *.json
[2025-06-23T17:42:04.717+0000] {logging_mixin.py:190} INFO - Deleted all files in /opt/***/data/mercadolivre/shipping_cost_ml/prod/ with extension *.json
[2025-06-23T17:42:04.719+0000] {logging_mixin.py:190} INFO - Deleted all files in /opt/***/data/mercadolivre/shipping_cost_ml/prod/ with extension *.json
[2025-06-23T17:42:04.721+0000] {logging_mixin.py:190} INFO - Deleted all files in /opt/***/data/mercadolivre/shipping_cost_ml/prod/ with extension *.json
[2025-06-23T17:42:04.723+0000] {logging_mixin.py:190} INFO - Deleted all files in /opt/***/data/mercadolivre/shipping_cost_ml/prod/ with extension *.json
[2025-06-23T17:42:04.725+0000] {logging_mixin.py:190} INFO - Deleted all files in /opt/***/data/mercadolivre/shipping_cost_ml/prod/ with extension *.json
[2025-06-23T17:42:04.728+0000] {logging_mixin.py:190} INFO - Deleted all files in /opt/***/data/mercadolivre/shipping_cost_ml/prod/ with extension *.json
[2025-06-23T17:42:04.730+0000] {logging_mixin.py:190} INFO - Deleted all files in /opt/***/data/mercadolivre/shipping_cost_ml/prod/ with extension *.json
[2025-06-23T17:42:04.732+0000] {logging_mixin.py:190} INFO - Deleted all files in /opt/***/data/mercadolivre/shipping_cost_ml/prod/ with extension *.json
[2025-06-23T17:42:04.734+0000] {logging_mixin.py:190} INFO - Deleted all files in /opt/***/data/mercadolivre/shipping_cost_ml/prod/ with extension *.json
[2025-06-23T17:42:04.737+0000] {logging_mixin.py:190} INFO - Deleted all files in /opt/***/data/mercadolivre/shipping_cost_ml/prod/ with extension *.json
[2025-06-23T17:42:04.739+0000] {logging_mixin.py:190} INFO - Deleted all files in /opt/***/data/mercadolivre/shipping_cost_ml/prod/ with extension *.json
[2025-06-23T17:42:04.741+0000] {logging_mixin.py:190} INFO - Deleted all files in /opt/***/data/mercadolivre/shipping_cost_ml/prod/ with extension *.json
[2025-06-23T17:42:04.742+0000] {python.py:240} INFO - Done. Returned value was: None
[2025-06-23T17:42:04.755+0000] {taskinstance.py:340} INFO - ::group::Post task execution logs
[2025-06-23T17:42:04.756+0000] {taskinstance.py:352} INFO - Marking task as SUCCESS. dag_id=06_delete_entry_data_prod, task_id=delete_ml_sh_files, run_id=manual__2025-06-23T17:42:01.500188+00:00, execution_date=20250623T174201, start_date=20250623T174203, end_date=20250623T174204
[2025-06-23T17:42:04.782+0000] {local_task_job_runner.py:266} INFO - Task exited with return code 0
[2025-06-23T17:42:04.801+0000] {taskinstance.py:3895} INFO - 0 downstream tasks scheduled from follow-on schedule check
[2025-06-23T17:42:04.804+0000] {local_task_job_runner.py:245} INFO - ::endgroup::
