[2025-06-06T21:13:19.796+0000] {local_task_job_runner.py:123} INFO - ::group::Pre task execution logs
[2025-06-06T21:13:19.813+0000] {taskinstance.py:2613} INFO - Dependencies all met for dep_context=non-requeueable deps ti=<TaskInstance: 05_transform_data.run_dbt manual__2025-06-06T21:13:11.275573+00:00 [queued]>
[2025-06-06T21:13:19.821+0000] {taskinstance.py:2613} INFO - Dependencies all met for dep_context=requeueable deps ti=<TaskInstance: 05_transform_data.run_dbt manual__2025-06-06T21:13:11.275573+00:00 [queued]>
[2025-06-06T21:13:19.822+0000] {taskinstance.py:2866} INFO - Starting attempt 1 of 1
[2025-06-06T21:13:19.834+0000] {taskinstance.py:2889} INFO - Executing <Task(PythonOperator): run_dbt> on 2025-06-06 21:13:11.275573+00:00
[2025-06-06T21:13:19.840+0000] {standard_task_runner.py:72} INFO - Started process 5894 to run task
[2025-06-06T21:13:19.844+0000] {standard_task_runner.py:104} INFO - Running: ['***', 'tasks', 'run', '05_transform_data', 'run_dbt', 'manual__2025-06-06T21:13:11.275573+00:00', '--job-id', '470', '--raw', '--subdir', 'DAGS_FOLDER/05_transform_data.py', '--cfg-path', '/tmp/tmprme_3x17']
[2025-06-06T21:13:19.846+0000] {standard_task_runner.py:105} INFO - Job 470: Subtask run_dbt
[2025-06-06T21:13:19.903+0000] {task_command.py:467} INFO - Running <TaskInstance: 05_transform_data.run_dbt manual__2025-06-06T21:13:11.275573+00:00 [running]> on host 28e6a58e4107
[2025-06-06T21:13:19.982+0000] {taskinstance.py:3132} INFO - Exporting env vars: AIRFLOW_CTX_DAG_OWNER='***' AIRFLOW_CTX_DAG_ID='05_transform_data' AIRFLOW_CTX_TASK_ID='run_dbt' AIRFLOW_CTX_EXECUTION_DATE='2025-06-06T21:13:11.275573+00:00' AIRFLOW_CTX_TRY_NUMBER='1' AIRFLOW_CTX_DAG_RUN_ID='manual__2025-06-06T21:13:11.275573+00:00'
[2025-06-06T21:13:19.984+0000] {taskinstance.py:731} INFO - ::endgroup::
[2025-06-06T21:13:21.569+0000] {logging_mixin.py:190} INFO - 21:13:21  Running with dbt=1.9.5
[2025-06-06T21:13:21.918+0000] {logging_mixin.py:190} INFO - 21:13:21  Registered adapter: postgres=1.9.0
[2025-06-06T21:13:23.734+0000] {logging_mixin.py:190} INFO - 21:13:23  [WARNING]: Configuration paths exist in your dbt_project.yml file which do not apply to any resources.
There are 1 unused configuration paths:
- models.e_commerce_sales.example
[2025-06-06T21:13:23.957+0000] {logging_mixin.py:190} INFO - 21:13:23  Found 15 models, 12 sources, 549 macros, 1 unit test
[2025-06-06T21:13:23.963+0000] {logging_mixin.py:190} INFO - 21:13:23
[2025-06-06T21:13:23.965+0000] {logging_mixin.py:190} INFO - 21:13:23  Concurrency: 4 threads (target='dev')
[2025-06-06T21:13:23.966+0000] {logging_mixin.py:190} INFO - 21:13:23
[2025-06-06T21:13:24.099+0000] {logging_mixin.py:190} INFO - 21:13:24  1 of 15 START sql incremental model sales.mercadolivre_orders_results .......... [RUN]
[2025-06-06T21:13:24.101+0000] {logging_mixin.py:190} INFO - 21:13:24  2 of 15 START sql incremental model sales.stg_shopee ........................... [RUN]
[2025-06-06T21:13:24.402+0000] {logging_mixin.py:190} INFO - 21:13:24  2 of 15 OK created sql incremental model sales.stg_shopee ...................... [SELECT 2875 in 0.29s]
[2025-06-06T21:13:24.409+0000] {logging_mixin.py:190} INFO - 21:13:24  3 of 15 START sql incremental model sales.shopee_new_id ........................ [RUN]
[2025-06-06T21:13:24.488+0000] {logging_mixin.py:190} INFO - 21:13:24  3 of 15 OK created sql incremental model sales.shopee_new_id ................... [SELECT 2875 in 0.08s]
[2025-06-06T21:13:24.494+0000] {logging_mixin.py:190} INFO - 21:13:24  4 of 15 START sql incremental model sales.shopee_orders_results ................ [RUN]
[2025-06-06T21:13:25.292+0000] {logging_mixin.py:190} INFO - 21:13:25  4 of 15 OK created sql incremental model sales.shopee_orders_results ........... [SELECT 2679 in 0.79s]
[2025-06-06T21:13:25.300+0000] {logging_mixin.py:190} INFO - 21:13:25  5 of 15 START sql incremental model sales.dim_shopee_buyer ..................... [RUN]
[2025-06-06T21:13:25.302+0000] {logging_mixin.py:190} INFO - 21:13:25  6 of 15 START sql incremental model sales.dim_shopee_date ...................... [RUN]
[2025-06-06T21:13:25.305+0000] {logging_mixin.py:190} INFO - 21:13:25  7 of 15 START sql incremental model sales.dim_shopee_orders_status ............. [RUN]
[2025-06-06T21:13:25.438+0000] {logging_mixin.py:190} INFO - 21:13:25  5 of 15 OK created sql incremental model sales.dim_shopee_buyer ................ [SELECT 2570 in 0.13s]
[2025-06-06T21:13:25.443+0000] {logging_mixin.py:190} INFO - 21:13:25  7 of 15 OK created sql incremental model sales.dim_shopee_orders_status ........ [SELECT 2679 in 0.13s]
[2025-06-06T21:13:25.446+0000] {logging_mixin.py:190} INFO - 21:13:25  8 of 15 START sql incremental model sales.dim_shopee_product ................... [RUN]
[2025-06-06T21:13:25.523+0000] {logging_mixin.py:190} INFO - 21:13:25  8 of 15 OK created sql incremental model sales.dim_shopee_product .............. [SELECT 180 in 0.07s]
[2025-06-06T21:13:26.126+0000] {logging_mixin.py:190} INFO - 21:13:26  6 of 15 OK created sql incremental model sales.dim_shopee_date ................. [SELECT 2679 in 0.82s]
[2025-06-06T21:13:26.132+0000] {logging_mixin.py:190} INFO - 21:13:26  9 of 15 START sql view model sales.sum_shopee_monthly_profit ................... [RUN]
[2025-06-06T21:13:26.134+0000] {logging_mixin.py:190} INFO - 21:13:26  10 of 15 START sql view model sales.sum_shopee_monthly_revenue ................. [RUN]
[2025-06-06T21:13:26.136+0000] {logging_mixin.py:190} INFO - 21:13:26  11 of 15 START sql view model sales.sum_shopee_products_sold ................... [RUN]
[2025-06-06T21:13:26.336+0000] {logging_mixin.py:190} INFO - 21:13:26  9 of 15 OK created sql view model sales.sum_shopee_monthly_profit .............. [CREATE VIEW in 0.19s]
[2025-06-06T21:13:26.343+0000] {logging_mixin.py:190} INFO - 21:13:26  11 of 15 OK created sql view model sales.sum_shopee_products_sold .............. [CREATE VIEW in 0.20s]
[2025-06-06T21:13:26.345+0000] {logging_mixin.py:190} INFO - 21:13:26  10 of 15 OK created sql view model sales.sum_shopee_monthly_revenue ............ [CREATE VIEW in 0.20s]
[2025-06-06T21:13:27.119+0000] {logging_mixin.py:190} INFO - 21:13:27  1 of 15 OK created sql incremental model sales.mercadolivre_orders_results ..... [MERGE 190 in 3.02s]
[2025-06-06T21:13:27.128+0000] {logging_mixin.py:190} INFO - 21:13:27  12 of 15 START sql incremental model sales.dim_mercadolivre_buyer .............. [RUN]
[2025-06-06T21:13:27.129+0000] {logging_mixin.py:190} INFO - 21:13:27  13 of 15 START sql incremental model sales.dim_mercadolivre_date ............... [RUN]
[2025-06-06T21:13:27.131+0000] {logging_mixin.py:190} INFO - 21:13:27  14 of 15 START sql incremental model sales.dim_mercadolivre_orders_status ...... [RUN]
[2025-06-06T21:13:27.132+0000] {logging_mixin.py:190} INFO - 21:13:27  15 of 15 START sql incremental model sales.dim_mercadolivre_product ............ [RUN]
[2025-06-06T21:13:27.371+0000] {logging_mixin.py:190} INFO - 21:13:27  14 of 15 OK created sql incremental model sales.dim_mercadolivre_orders_status . [MERGE 190 in 0.23s]
[2025-06-06T21:13:27.376+0000] {logging_mixin.py:190} INFO - 21:13:27  12 of 15 OK created sql incremental model sales.dim_mercadolivre_buyer ......... [MERGE 188 in 0.24s]
[2025-06-06T21:13:28.684+0000] {logging_mixin.py:190} INFO - 21:13:28  13 of 15 OK created sql incremental model sales.dim_mercadolivre_date .......... [MERGE 190 in 1.55s]
[2025-06-06T21:13:29.739+0000] {logging_mixin.py:190} INFO - 21:13:29  15 of 15 OK created sql incremental model sales.dim_mercadolivre_product ....... [MERGE 65 in 2.60s]
[2025-06-06T21:13:29.764+0000] {logging_mixin.py:190} INFO - 21:13:29
[2025-06-06T21:13:29.766+0000] {logging_mixin.py:190} INFO - 21:13:29  Finished running 12 incremental models, 3 view models in 0 hours 0 minutes and 5.80 seconds (5.80s).
[2025-06-06T21:13:29.846+0000] {logging_mixin.py:190} INFO - 21:13:29
[2025-06-06T21:13:29.848+0000] {logging_mixin.py:190} INFO - 21:13:29  Completed successfully
[2025-06-06T21:13:29.850+0000] {logging_mixin.py:190} INFO - 21:13:29
[2025-06-06T21:13:29.851+0000] {logging_mixin.py:190} INFO - 21:13:29  Done. PASS=15 WARN=0 ERROR=0 SKIP=0 TOTAL=15
[2025-06-06T21:13:30.736+0000] {logging_mixin.py:190} INFO - Transformation sucessfully done.
[2025-06-06T21:13:30.737+0000] {python.py:240} INFO - Done. Returned value was: None
[2025-06-06T21:13:30.749+0000] {taskinstance.py:340} INFO - ::group::Post task execution logs
[2025-06-06T21:13:30.750+0000] {taskinstance.py:352} INFO - Marking task as SUCCESS. dag_id=05_transform_data, task_id=run_dbt, run_id=manual__2025-06-06T21:13:11.275573+00:00, execution_date=20250606T211311, start_date=20250606T211319, end_date=20250606T211330
[2025-06-06T21:13:30.781+0000] {local_task_job_runner.py:266} INFO - Task exited with return code 0
[2025-06-06T21:13:30.798+0000] {taskinstance.py:3895} INFO - 0 downstream tasks scheduled from follow-on schedule check
[2025-06-06T21:13:30.800+0000] {local_task_job_runner.py:245} INFO - ::endgroup::
