[2025-05-20T17:13:45.006+0000] {local_task_job_runner.py:123} INFO - ::group::Pre task execution logs
[2025-05-20T17:13:45.024+0000] {taskinstance.py:2613} INFO - Dependencies all met for dep_context=non-requeueable deps ti=<TaskInstance: 00_create_IAC.create_database manual__2025-05-20T17:13:42.899002+00:00 [queued]>
[2025-05-20T17:13:45.032+0000] {taskinstance.py:2613} INFO - Dependencies all met for dep_context=requeueable deps ti=<TaskInstance: 00_create_IAC.create_database manual__2025-05-20T17:13:42.899002+00:00 [queued]>
[2025-05-20T17:13:45.035+0000] {taskinstance.py:2866} INFO - Starting attempt 1 of 1
[2025-05-20T17:13:45.046+0000] {taskinstance.py:2889} INFO - Executing <Task(PythonOperator): create_database> on 2025-05-20 17:13:42.899002+00:00
[2025-05-20T17:13:45.051+0000] {standard_task_runner.py:72} INFO - Started process 270 to run task
[2025-05-20T17:13:45.054+0000] {standard_task_runner.py:104} INFO - Running: ['***', 'tasks', 'run', '00_create_IAC', 'create_database', 'manual__2025-05-20T17:13:42.899002+00:00', '--job-id', '3', '--raw', '--subdir', 'DAGS_FOLDER/00_create_iac.py', '--cfg-path', '/tmp/tmpr6da9536']
[2025-05-20T17:13:45.056+0000] {standard_task_runner.py:105} INFO - Job 3: Subtask create_database
[2025-05-20T17:13:45.109+0000] {task_command.py:467} INFO - Running <TaskInstance: 00_create_IAC.create_database manual__2025-05-20T17:13:42.899002+00:00 [running]> on host e27e96d1841a
[2025-05-20T17:13:45.184+0000] {taskinstance.py:3132} INFO - Exporting env vars: AIRFLOW_CTX_DAG_OWNER='***' AIRFLOW_CTX_DAG_ID='00_create_IAC' AIRFLOW_CTX_TASK_ID='create_database' AIRFLOW_CTX_EXECUTION_DATE='2025-05-20T17:13:42.899002+00:00' AIRFLOW_CTX_TRY_NUMBER='1' AIRFLOW_CTX_DAG_RUN_ID='manual__2025-05-20T17:13:42.899002+00:00'
[2025-05-20T17:13:45.185+0000] {taskinstance.py:731} INFO - ::endgroup::
[2025-05-20T17:13:45.214+0000] {logging_mixin.py:190} INFO - Running ['terraform', '--version']
[2025-05-20T17:13:45.862+0000] {logging_mixin.py:190} INFO - ['terraform', '--version'] ran successfully.
[2025-05-20T17:13:45.863+0000] {logging_mixin.py:190} INFO - Running ['terraform', 'init']
[2025-05-20T17:13:46.891+0000] {logging_mixin.py:190} INFO - ['terraform', 'init'] ran successfully.
[2025-05-20T17:13:46.892+0000] {logging_mixin.py:190} INFO - Running ['terraform', 'apply', '-auto-approve']
[2025-05-20T17:13:50.290+0000] {logging_mixin.py:190} INFO - ['terraform', 'apply', '-auto-approve'] ran successfully.
[2025-05-20T17:13:50.291+0000] {python.py:240} INFO - Done. Returned value was: None
[2025-05-20T17:13:50.303+0000] {taskinstance.py:340} INFO - ::group::Post task execution logs
[2025-05-20T17:13:50.304+0000] {taskinstance.py:352} INFO - Marking task as SUCCESS. dag_id=00_create_IAC, task_id=create_database, run_id=manual__2025-05-20T17:13:42.899002+00:00, execution_date=20250520T171342, start_date=20250520T171345, end_date=20250520T171350
[2025-05-20T17:13:50.326+0000] {local_task_job_runner.py:266} INFO - Task exited with return code 0
[2025-05-20T17:13:50.350+0000] {taskinstance.py:3895} INFO - 1 downstream tasks scheduled from follow-on schedule check
[2025-05-20T17:13:50.353+0000] {local_task_job_runner.py:245} INFO - ::endgroup::
