[2025-06-11T18:23:29.779+0000] {local_task_job_runner.py:123} INFO - ::group::Pre task execution logs
[2025-06-11T18:23:29.804+0000] {taskinstance.py:2613} INFO - Dependencies all met for dep_context=non-requeueable deps ti=<TaskInstance: 06_delete_entry_data.delete_ml_files manual__2025-06-11T18:23:27.423834+00:00 [queued]>
[2025-06-11T18:23:29.817+0000] {taskinstance.py:2613} INFO - Dependencies all met for dep_context=requeueable deps ti=<TaskInstance: 06_delete_entry_data.delete_ml_files manual__2025-06-11T18:23:27.423834+00:00 [queued]>
[2025-06-11T18:23:29.818+0000] {taskinstance.py:2866} INFO - Starting attempt 1 of 1
[2025-06-11T18:23:29.833+0000] {taskinstance.py:2889} INFO - Executing <Task(PythonOperator): delete_ml_files> on 2025-06-11 18:23:27.423834+00:00
[2025-06-11T18:23:29.838+0000] {standard_task_runner.py:72} INFO - Started process 327 to run task
[2025-06-11T18:23:29.844+0000] {standard_task_runner.py:104} INFO - Running: ['***', 'tasks', 'run', '06_delete_entry_data', 'delete_ml_files', 'manual__2025-06-11T18:23:27.423834+00:00', '--job-id', '857', '--raw', '--subdir', 'DAGS_FOLDER/06_delete_files_tables.py', '--cfg-path', '/tmp/tmpkyja8vjt']
[2025-06-11T18:23:29.845+0000] {standard_task_runner.py:105} INFO - Job 857: Subtask delete_ml_files
[2025-06-11T18:23:29.911+0000] {task_command.py:467} INFO - Running <TaskInstance: 06_delete_entry_data.delete_ml_files manual__2025-06-11T18:23:27.423834+00:00 [running]> on host 28e6a58e4107
[2025-06-11T18:23:30.000+0000] {taskinstance.py:3132} INFO - Exporting env vars: AIRFLOW_CTX_DAG_OWNER='***' AIRFLOW_CTX_DAG_ID='06_delete_entry_data' AIRFLOW_CTX_TASK_ID='delete_ml_files' AIRFLOW_CTX_EXECUTION_DATE='2025-06-11T18:23:27.423834+00:00' AIRFLOW_CTX_TRY_NUMBER='1' AIRFLOW_CTX_DAG_RUN_ID='manual__2025-06-11T18:23:27.423834+00:00'
[2025-06-11T18:23:30.002+0000] {taskinstance.py:731} INFO - ::endgroup::
[2025-06-11T18:23:30.019+0000] {logging_mixin.py:190} INFO - Failed to delete files in /opt/***/extraction/mercadolivre/data/raw/ml_sell_data_2024-07-01T00:00:00.000-03:00_2025-04-01T00:00:00.000-03:00_0.json with error: [Errno 21] Is a directory: '/opt/***/extraction/mercadolivre/data/raw'
[2025-06-11T18:23:30.021+0000] {logging_mixin.py:190} INFO - Failed to delete files in /opt/***/extraction/mercadolivre/data/raw/ml_sell_data_2024-07-01T00:00:00.000-03:00_2025-04-01T00:00:00.000-03:00_1.json with error: [Errno 21] Is a directory: '/opt/***/extraction/mercadolivre/data/raw'
[2025-06-11T18:23:30.023+0000] {logging_mixin.py:190} INFO - Failed to delete files in /opt/***/extraction/mercadolivre/data/raw/ml_sell_data_2024-07-01T00:00:00.000-03:00_2025-04-01T00:00:00.000-03:00_2.json with error: [Errno 21] Is a directory: '/opt/***/extraction/mercadolivre/data/raw'
[2025-06-11T18:23:30.024+0000] {logging_mixin.py:190} INFO - Failed to delete files in /opt/***/extraction/mercadolivre/data/raw/ml_sell_data_2024-07-01T00:00:00.000-03:00_2025-04-01T00:00:00.000-03:00_3.json with error: [Errno 21] Is a directory: '/opt/***/extraction/mercadolivre/data/raw'
[2025-06-11T18:23:30.026+0000] {logging_mixin.py:190} INFO - Failed to delete files in /opt/***/extraction/mercadolivre/data/raw/ml_sell_data_2024-07-01T00:00:00.000-03:00_2025-04-01T00:00:00.000-03:00_4.json with error: [Errno 21] Is a directory: '/opt/***/extraction/mercadolivre/data/raw'
[2025-06-11T18:23:30.027+0000] {logging_mixin.py:190} INFO - Failed to delete files in /opt/***/extraction/mercadolivre/data/raw/ml_sell_data_2024-07-01T00:00:00.000-03:00_2025-04-01T00:00:00.000-03:00_5.json with error: [Errno 21] Is a directory: '/opt/***/extraction/mercadolivre/data/raw'
[2025-06-11T18:23:30.029+0000] {logging_mixin.py:190} INFO - Failed to delete files in /opt/***/extraction/mercadolivre/data/raw/ml_sell_data_2025-05-01T00:00:00.000-03:00_2025-06-01T00:00:00.000-03:00_0.json with error: [Errno 21] Is a directory: '/opt/***/extraction/mercadolivre/data/raw'
[2025-06-11T18:23:30.030+0000] {python.py:240} INFO - Done. Returned value was: None
[2025-06-11T18:23:30.042+0000] {taskinstance.py:340} INFO - ::group::Post task execution logs
[2025-06-11T18:23:30.043+0000] {taskinstance.py:352} INFO - Marking task as SUCCESS. dag_id=06_delete_entry_data, task_id=delete_ml_files, run_id=manual__2025-06-11T18:23:27.423834+00:00, execution_date=20250611T182327, start_date=20250611T182329, end_date=20250611T182330
[2025-06-11T18:23:30.097+0000] {local_task_job_runner.py:266} INFO - Task exited with return code 0
[2025-06-11T18:23:30.108+0000] {local_task_job_runner.py:245} INFO - ::endgroup::
