[2025-06-16T14:52:05.891+0000] {local_task_job_runner.py:123} INFO - ::group::Pre task execution logs
[2025-06-16T14:52:05.912+0000] {taskinstance.py:2613} INFO - Dependencies all met for dep_context=non-requeueable deps ti=<TaskInstance: 06_delete_entry_data_prod.delete_ml_files manual__2025-06-16T14:52:03.541112+00:00 [queued]>
[2025-06-16T14:52:05.922+0000] {taskinstance.py:2613} INFO - Dependencies all met for dep_context=requeueable deps ti=<TaskInstance: 06_delete_entry_data_prod.delete_ml_files manual__2025-06-16T14:52:03.541112+00:00 [queued]>
[2025-06-16T14:52:05.923+0000] {taskinstance.py:2866} INFO - Starting attempt 1 of 1
[2025-06-16T14:52:05.939+0000] {taskinstance.py:2889} INFO - Executing <Task(PythonOperator): delete_ml_files> on 2025-06-16 14:52:03.541112+00:00
[2025-06-16T14:52:05.944+0000] {standard_task_runner.py:72} INFO - Started process 4318 to run task
[2025-06-16T14:52:05.947+0000] {standard_task_runner.py:104} INFO - Running: ['***', 'tasks', 'run', '06_delete_entry_data_prod', 'delete_ml_files', 'manual__2025-06-16T14:52:03.541112+00:00', '--job-id', '62', '--raw', '--subdir', 'DAGS_FOLDER/06_delete_files_tables_prod.py', '--cfg-path', '/tmp/tmp9z7rxvx_']
[2025-06-16T14:52:05.949+0000] {standard_task_runner.py:105} INFO - Job 62: Subtask delete_ml_files
[2025-06-16T14:52:06.006+0000] {task_command.py:467} INFO - Running <TaskInstance: 06_delete_entry_data_prod.delete_ml_files manual__2025-06-16T14:52:03.541112+00:00 [running]> on host 5b7cdd28fdf5
[2025-06-16T14:52:06.112+0000] {taskinstance.py:3132} INFO - Exporting env vars: AIRFLOW_CTX_DAG_OWNER='***' AIRFLOW_CTX_DAG_ID='06_delete_entry_data_prod' AIRFLOW_CTX_TASK_ID='delete_ml_files' AIRFLOW_CTX_EXECUTION_DATE='2025-06-16T14:52:03.541112+00:00' AIRFLOW_CTX_TRY_NUMBER='1' AIRFLOW_CTX_DAG_RUN_ID='manual__2025-06-16T14:52:03.541112+00:00'
[2025-06-16T14:52:06.114+0000] {taskinstance.py:731} INFO - ::endgroup::
[2025-06-16T14:52:06.136+0000] {logging_mixin.py:190} INFO - Deleted all files in /opt/***/extraction/mercadolivre/data/raw/prod/ with extension *.json
[2025-06-16T14:52:06.140+0000] {logging_mixin.py:190} INFO - Deleted all files in /opt/***/extraction/mercadolivre/data/raw/prod/ with extension *.json
[2025-06-16T14:52:06.143+0000] {logging_mixin.py:190} INFO - Deleted all files in /opt/***/extraction/mercadolivre/data/raw/prod/ with extension *.json
[2025-06-16T14:52:06.146+0000] {logging_mixin.py:190} INFO - Deleted all files in /opt/***/extraction/mercadolivre/data/raw/prod/ with extension *.json
[2025-06-16T14:52:06.149+0000] {logging_mixin.py:190} INFO - Deleted all files in /opt/***/extraction/mercadolivre/data/raw/prod/ with extension *.json
[2025-06-16T14:52:06.153+0000] {logging_mixin.py:190} INFO - Deleted all files in /opt/***/extraction/mercadolivre/data/raw/prod/ with extension *.json
[2025-06-16T14:52:06.156+0000] {logging_mixin.py:190} INFO - Deleted all files in /opt/***/extraction/mercadolivre/data/raw/prod/ with extension *.json
[2025-06-16T14:52:06.157+0000] {python.py:240} INFO - Done. Returned value was: None
[2025-06-16T14:52:06.168+0000] {taskinstance.py:340} INFO - ::group::Post task execution logs
[2025-06-16T14:52:06.169+0000] {taskinstance.py:352} INFO - Marking task as SUCCESS. dag_id=06_delete_entry_data_prod, task_id=delete_ml_files, run_id=manual__2025-06-16T14:52:03.541112+00:00, execution_date=20250616T145203, start_date=20250616T145205, end_date=20250616T145206
[2025-06-16T14:52:06.201+0000] {local_task_job_runner.py:266} INFO - Task exited with return code 0
[2025-06-16T14:52:06.221+0000] {taskinstance.py:3895} INFO - 0 downstream tasks scheduled from follow-on schedule check
[2025-06-16T14:52:06.223+0000] {local_task_job_runner.py:245} INFO - ::endgroup::
