[2025-06-16T14:40:20.414+0000] {local_task_job_runner.py:123} INFO - ::group::Pre task execution logs
[2025-06-16T14:40:20.435+0000] {taskinstance.py:2613} INFO - Dependencies all met for dep_context=non-requeueable deps ti=<TaskInstance: 05_transform_data_prod.install_dbt_deps manual__2025-06-16T14:40:19.304649+00:00 [queued]>
[2025-06-16T14:40:20.445+0000] {taskinstance.py:2613} INFO - Dependencies all met for dep_context=requeueable deps ti=<TaskInstance: 05_transform_data_prod.install_dbt_deps manual__2025-06-16T14:40:19.304649+00:00 [queued]>
[2025-06-16T14:40:20.446+0000] {taskinstance.py:2866} INFO - Starting attempt 1 of 1
[2025-06-16T14:40:20.460+0000] {taskinstance.py:2889} INFO - Executing <Task(PythonOperator): install_dbt_deps> on 2025-06-16 14:40:19.304649+00:00
[2025-06-16T14:40:20.465+0000] {standard_task_runner.py:72} INFO - Started process 2617 to run task
[2025-06-16T14:40:20.470+0000] {standard_task_runner.py:104} INFO - Running: ['***', 'tasks', 'run', '05_transform_data_prod', 'install_dbt_deps', 'manual__2025-06-16T14:40:19.304649+00:00', '--job-id', '42', '--raw', '--subdir', 'DAGS_FOLDER/05_transform_data_prod.py', '--cfg-path', '/tmp/tmp31j6v1x1']
[2025-06-16T14:40:20.473+0000] {standard_task_runner.py:105} INFO - Job 42: Subtask install_dbt_deps
[2025-06-16T14:40:20.556+0000] {task_command.py:467} INFO - Running <TaskInstance: 05_transform_data_prod.install_dbt_deps manual__2025-06-16T14:40:19.304649+00:00 [running]> on host 5b7cdd28fdf5
[2025-06-16T14:40:20.652+0000] {taskinstance.py:3132} INFO - Exporting env vars: AIRFLOW_CTX_DAG_OWNER='***' AIRFLOW_CTX_DAG_ID='05_transform_data_prod' AIRFLOW_CTX_TASK_ID='install_dbt_deps' AIRFLOW_CTX_EXECUTION_DATE='2025-06-16T14:40:19.304649+00:00' AIRFLOW_CTX_TRY_NUMBER='1' AIRFLOW_CTX_DAG_RUN_ID='manual__2025-06-16T14:40:19.304649+00:00'
[2025-06-16T14:40:20.654+0000] {taskinstance.py:731} INFO - ::endgroup::
[2025-06-16T14:40:22.468+0000] {logging_mixin.py:190} INFO - 14:40:22  Running with dbt=1.9.5
[2025-06-16T14:40:23.324+0000] {logging_mixin.py:190} INFO - 14:40:23  Installing dbt-labs/dbt_utils
[2025-06-16T14:40:27.480+0000] {logging_mixin.py:190} INFO - 14:40:27  Installed from version 1.2.0
[2025-06-16T14:40:27.482+0000] {logging_mixin.py:190} INFO - 14:40:27  Updated version available: 1.3.0
[2025-06-16T14:40:27.485+0000] {logging_mixin.py:190} INFO - 14:40:27
[2025-06-16T14:40:27.487+0000] {logging_mixin.py:190} INFO - 14:40:27  Updates available for packages: ['dbt-labs/dbt_utils']                 
Update your versions in packages.yml, then run dbt deps
[2025-06-16T14:40:28.202+0000] {logging_mixin.py:190} INFO - Dependencies sucessfully installed.
[2025-06-16T14:40:28.203+0000] {python.py:240} INFO - Done. Returned value was: None
[2025-06-16T14:40:28.224+0000] {taskinstance.py:340} INFO - ::group::Post task execution logs
[2025-06-16T14:40:28.226+0000] {taskinstance.py:352} INFO - Marking task as SUCCESS. dag_id=05_transform_data_prod, task_id=install_dbt_deps, run_id=manual__2025-06-16T14:40:19.304649+00:00, execution_date=20250616T144019, start_date=20250616T144020, end_date=20250616T144028
[2025-06-16T14:40:28.290+0000] {local_task_job_runner.py:266} INFO - Task exited with return code 0
[2025-06-16T14:40:28.314+0000] {taskinstance.py:3895} INFO - 1 downstream tasks scheduled from follow-on schedule check
[2025-06-16T14:40:28.318+0000] {local_task_job_runner.py:245} INFO - ::endgroup::
