[2025-05-23T14:19:40.068+0000] {local_task_job_runner.py:123} INFO - ::group::Pre task execution logs
[2025-05-23T14:19:40.086+0000] {taskinstance.py:2613} INFO - Dependencies all met for dep_context=non-requeueable deps ti=<TaskInstance: 04_transform_data.install_dbt_deps manual__2025-05-23T14:19:38.395342+00:00 [queued]>
[2025-05-23T14:19:40.093+0000] {taskinstance.py:2613} INFO - Dependencies all met for dep_context=requeueable deps ti=<TaskInstance: 04_transform_data.install_dbt_deps manual__2025-05-23T14:19:38.395342+00:00 [queued]>
[2025-05-23T14:19:40.094+0000] {taskinstance.py:2866} INFO - Starting attempt 1 of 1
[2025-05-23T14:19:40.105+0000] {taskinstance.py:2889} INFO - Executing <Task(PythonOperator): install_dbt_deps> on 2025-05-23 14:19:38.395342+00:00
[2025-05-23T14:19:40.110+0000] {standard_task_runner.py:72} INFO - Started process 166 to run task
[2025-05-23T14:19:40.113+0000] {standard_task_runner.py:104} INFO - Running: ['***', 'tasks', 'run', '04_transform_data', 'install_dbt_deps', 'manual__2025-05-23T14:19:38.395342+00:00', '--job-id', '231', '--raw', '--subdir', 'DAGS_FOLDER/04_transform_data.py', '--cfg-path', '/tmp/tmper9balk7']
[2025-05-23T14:19:40.115+0000] {standard_task_runner.py:105} INFO - Job 231: Subtask install_dbt_deps
[2025-05-23T14:19:40.168+0000] {task_command.py:467} INFO - Running <TaskInstance: 04_transform_data.install_dbt_deps manual__2025-05-23T14:19:38.395342+00:00 [running]> on host e27e96d1841a
[2025-05-23T14:19:40.254+0000] {taskinstance.py:3132} INFO - Exporting env vars: AIRFLOW_CTX_DAG_OWNER='***' AIRFLOW_CTX_DAG_ID='04_transform_data' AIRFLOW_CTX_TASK_ID='install_dbt_deps' AIRFLOW_CTX_EXECUTION_DATE='2025-05-23T14:19:38.395342+00:00' AIRFLOW_CTX_TRY_NUMBER='1' AIRFLOW_CTX_DAG_RUN_ID='manual__2025-05-23T14:19:38.395342+00:00'
[2025-05-23T14:19:40.255+0000] {taskinstance.py:731} INFO - ::endgroup::
[2025-05-23T14:19:42.201+0000] {logging_mixin.py:190} INFO - 14:19:42  Running with dbt=1.9.4
[2025-05-23T14:19:43.167+0000] {logging_mixin.py:190} INFO - 14:19:43  Installing dbt-labs/dbt_utils
[2025-05-23T14:19:45.819+0000] {logging_mixin.py:190} INFO - 14:19:45  Installed from version 1.2.0
[2025-05-23T14:19:45.821+0000] {logging_mixin.py:190} INFO - 14:19:45  Updated version available: 1.3.0
[2025-05-23T14:19:45.823+0000] {logging_mixin.py:190} INFO - 14:19:45
[2025-05-23T14:19:45.825+0000] {logging_mixin.py:190} INFO - 14:19:45  Updates available for packages: ['dbt-labs/dbt_utils']                 
Update your versions in packages.yml, then run dbt deps
[2025-05-23T14:19:46.620+0000] {logging_mixin.py:190} INFO - Dependencies sucessfully installed.
[2025-05-23T14:19:46.621+0000] {python.py:240} INFO - Done. Returned value was: None
[2025-05-23T14:19:46.633+0000] {taskinstance.py:340} INFO - ::group::Post task execution logs
[2025-05-23T14:19:46.634+0000] {taskinstance.py:352} INFO - Marking task as SUCCESS. dag_id=04_transform_data, task_id=install_dbt_deps, run_id=manual__2025-05-23T14:19:38.395342+00:00, execution_date=20250523T141938, start_date=20250523T141940, end_date=20250523T141946
[2025-05-23T14:19:46.668+0000] {local_task_job_runner.py:266} INFO - Task exited with return code 0
[2025-05-23T14:19:46.688+0000] {taskinstance.py:3895} INFO - 1 downstream tasks scheduled from follow-on schedule check
[2025-05-23T14:19:46.691+0000] {local_task_job_runner.py:245} INFO - ::endgroup::
