[2025-06-06T20:56:26.484+0000] {local_task_job_runner.py:123} INFO - ::group::Pre task execution logs
[2025-06-06T20:56:26.504+0000] {taskinstance.py:2613} INFO - Dependencies all met for dep_context=non-requeueable deps ti=<TaskInstance: 05_transform_data.run_dbt manual__2025-06-06T20:56:16.053506+00:00 [queued]>
[2025-06-06T20:56:26.513+0000] {taskinstance.py:2613} INFO - Dependencies all met for dep_context=requeueable deps ti=<TaskInstance: 05_transform_data.run_dbt manual__2025-06-06T20:56:16.053506+00:00 [queued]>
[2025-06-06T20:56:26.514+0000] {taskinstance.py:2866} INFO - Starting attempt 1 of 1
[2025-06-06T20:56:26.528+0000] {taskinstance.py:2889} INFO - Executing <Task(PythonOperator): run_dbt> on 2025-06-06 20:56:16.053506+00:00
[2025-06-06T20:56:26.533+0000] {standard_task_runner.py:72} INFO - Started process 5354 to run task
[2025-06-06T20:56:26.536+0000] {standard_task_runner.py:104} INFO - Running: ['***', 'tasks', 'run', '05_transform_data', 'run_dbt', 'manual__2025-06-06T20:56:16.053506+00:00', '--job-id', '452', '--raw', '--subdir', 'DAGS_FOLDER/05_transform_data.py', '--cfg-path', '/tmp/tmpzb3p85cy']
[2025-06-06T20:56:26.538+0000] {standard_task_runner.py:105} INFO - Job 452: Subtask run_dbt
[2025-06-06T20:56:26.592+0000] {task_command.py:467} INFO - Running <TaskInstance: 05_transform_data.run_dbt manual__2025-06-06T20:56:16.053506+00:00 [running]> on host 28e6a58e4107
[2025-06-06T20:56:26.680+0000] {taskinstance.py:3132} INFO - Exporting env vars: AIRFLOW_CTX_DAG_OWNER='***' AIRFLOW_CTX_DAG_ID='05_transform_data' AIRFLOW_CTX_TASK_ID='run_dbt' AIRFLOW_CTX_EXECUTION_DATE='2025-06-06T20:56:16.053506+00:00' AIRFLOW_CTX_TRY_NUMBER='1' AIRFLOW_CTX_DAG_RUN_ID='manual__2025-06-06T20:56:16.053506+00:00'
[2025-06-06T20:56:26.682+0000] {taskinstance.py:731} INFO - ::endgroup::
[2025-06-06T20:56:28.229+0000] {logging_mixin.py:190} INFO - 20:56:28  Running with dbt=1.9.5
[2025-06-06T20:56:28.624+0000] {logging_mixin.py:190} INFO - 20:56:28  Registered adapter: postgres=1.9.0
[2025-06-06T20:56:30.089+0000] {logging_mixin.py:190} INFO - 20:56:30  [WARNING]: Configuration paths exist in your dbt_project.yml file which do not apply to any resources.
There are 1 unused configuration paths:
- models.e_commerce_sales.example
[2025-06-06T20:56:30.467+0000] {logging_mixin.py:190} INFO - 20:56:30  Found 15 models, 12 sources, 549 macros, 1 unit test
[2025-06-06T20:56:30.472+0000] {logging_mixin.py:190} INFO - 20:56:30
[2025-06-06T20:56:30.474+0000] {logging_mixin.py:190} INFO - 20:56:30  Concurrency: 4 threads (target='dev')
[2025-06-06T20:56:30.475+0000] {logging_mixin.py:190} INFO - 20:56:30
[2025-06-06T20:56:30.621+0000] {logging_mixin.py:190} INFO - 20:56:30  1 of 15 START sql incremental model sales.mercadolivre_orders_results .......... [RUN]
[2025-06-06T20:56:30.622+0000] {logging_mixin.py:190} INFO - 20:56:30  2 of 15 START sql incremental model sales.stg_shopee ........................... [RUN]
[2025-06-06T20:56:30.995+0000] {logging_mixin.py:190} INFO - 20:56:30  2 of 15 OK created sql incremental model sales.stg_shopee ...................... [MERGE 0 in 0.37s]
[2025-06-06T20:56:31.001+0000] {logging_mixin.py:190} INFO - 20:56:31  3 of 15 START sql incremental model sales.shopee_new_id ........................ [RUN]
[2025-06-06T20:56:31.116+0000] {logging_mixin.py:190} INFO - 20:56:31  3 of 15 OK created sql incremental model sales.shopee_new_id ................... [MERGE 0 in 0.11s]
[2025-06-06T20:56:31.121+0000] {logging_mixin.py:190} INFO - 20:56:31  4 of 15 START sql incremental model sales.shopee_orders_results ................ [RUN]
[2025-06-06T20:56:31.251+0000] {logging_mixin.py:190} INFO - 20:56:31  4 of 15 OK created sql incremental model sales.shopee_orders_results ........... [MERGE 0 in 0.13s]
[2025-06-06T20:56:31.258+0000] {logging_mixin.py:190} INFO - 20:56:31  5 of 15 START sql incremental model sales.dim_shopee_buyer ..................... [RUN]
[2025-06-06T20:56:31.260+0000] {logging_mixin.py:190} INFO - 20:56:31  6 of 15 START sql incremental model sales.dim_shopee_date ...................... [RUN]
[2025-06-06T20:56:31.261+0000] {logging_mixin.py:190} INFO - 20:56:31  7 of 15 START sql incremental model sales.dim_shopee_orders_status ............. [RUN]
[2025-06-06T20:56:31.509+0000] {logging_mixin.py:190} INFO - 20:56:31  6 of 15 OK created sql incremental model sales.dim_shopee_date ................. [MERGE 0 in 0.24s]
[2025-06-06T20:56:31.512+0000] {logging_mixin.py:190} INFO - 20:56:31  5 of 15 OK created sql incremental model sales.dim_shopee_buyer ................ [MERGE 0 in 0.24s]
[2025-06-06T20:56:31.514+0000] {logging_mixin.py:190} INFO - 20:56:31  7 of 15 OK created sql incremental model sales.dim_shopee_orders_status ........ [MERGE 0 in 0.24s]
[2025-06-06T20:56:31.522+0000] {logging_mixin.py:190} INFO - 20:56:31  8 of 15 START sql incremental model sales.dim_shopee_product ................... [RUN]
[2025-06-06T20:56:31.524+0000] {logging_mixin.py:190} INFO - 20:56:31  9 of 15 START sql view model sales.sum_shopee_monthly_profit ................... [RUN]
[2025-06-06T20:56:31.526+0000] {logging_mixin.py:190} INFO - 20:56:31  10 of 15 START sql view model sales.sum_shopee_monthly_revenue ................. [RUN]
[2025-06-06T20:56:31.789+0000] {logging_mixin.py:190} INFO - 20:56:31  9 of 15 OK created sql view model sales.sum_shopee_monthly_profit .............. [CREATE VIEW in 0.26s]
[2025-06-06T20:56:31.791+0000] {logging_mixin.py:190} INFO - 20:56:31  10 of 15 OK created sql view model sales.sum_shopee_monthly_revenue ............ [CREATE VIEW in 0.25s]
[2025-06-06T20:56:31.801+0000] {logging_mixin.py:190} INFO - 20:56:31  8 of 15 OK created sql incremental model sales.dim_shopee_product .............. [MERGE 0 in 0.27s]
[2025-06-06T20:56:31.806+0000] {logging_mixin.py:190} INFO - 20:56:31  11 of 15 START sql view model sales.sum_shopee_products_sold ................... [RUN]
[2025-06-06T20:56:31.912+0000] {logging_mixin.py:190} INFO - 20:56:31  11 of 15 OK created sql view model sales.sum_shopee_products_sold .............. [CREATE VIEW in 0.10s]
[2025-06-06T20:56:33.998+0000] {logging_mixin.py:190} INFO - 20:56:33  1 of 15 OK created sql incremental model sales.mercadolivre_orders_results ..... [MERGE 190 in 3.37s]
[2025-06-06T20:56:34.007+0000] {logging_mixin.py:190} INFO - 20:56:34  12 of 15 START sql incremental model sales.dim_mercadolivre_buyer .............. [RUN]
[2025-06-06T20:56:34.009+0000] {logging_mixin.py:190} INFO - 20:56:34  13 of 15 START sql incremental model sales.dim_mercadolivre_date ............... [RUN]
[2025-06-06T20:56:34.011+0000] {logging_mixin.py:190} INFO - 20:56:34  14 of 15 START sql incremental model sales.dim_mercadolivre_orders_status ...... [RUN]
[2025-06-06T20:56:34.012+0000] {logging_mixin.py:190} INFO - 20:56:34  15 of 15 START sql incremental model sales.dim_mercadolivre_product ............ [RUN]
[2025-06-06T20:56:34.284+0000] {logging_mixin.py:190} INFO - 20:56:34  14 of 15 OK created sql incremental model sales.dim_mercadolivre_orders_status . [MERGE 190 in 0.26s]
[2025-06-06T20:56:34.286+0000] {logging_mixin.py:190} INFO - 20:56:34  12 of 15 OK created sql incremental model sales.dim_mercadolivre_buyer ......... [MERGE 188 in 0.27s]
[2025-06-06T20:56:35.023+0000] {logging_mixin.py:190} INFO - 20:56:35  13 of 15 OK created sql incremental model sales.dim_mercadolivre_date .......... [MERGE 190 in 1.01s]
[2025-06-06T20:56:35.852+0000] {logging_mixin.py:190} INFO - 20:56:35  15 of 15 OK created sql incremental model sales.dim_mercadolivre_product ....... [MERGE 65 in 1.83s]
[2025-06-06T20:56:35.878+0000] {logging_mixin.py:190} INFO - 20:56:35
[2025-06-06T20:56:35.880+0000] {logging_mixin.py:190} INFO - 20:56:35  Finished running 12 incremental models, 3 view models in 0 hours 0 minutes and 5.40 seconds (5.40s).
[2025-06-06T20:56:35.960+0000] {logging_mixin.py:190} INFO - 20:56:35
[2025-06-06T20:56:35.961+0000] {logging_mixin.py:190} INFO - 20:56:35  Completed successfully
[2025-06-06T20:56:35.963+0000] {logging_mixin.py:190} INFO - 20:56:35
[2025-06-06T20:56:35.964+0000] {logging_mixin.py:190} INFO - 20:56:35  Done. PASS=15 WARN=0 ERROR=0 SKIP=0 TOTAL=15
[2025-06-06T20:56:36.842+0000] {logging_mixin.py:190} INFO - Transformation sucessfully done.
[2025-06-06T20:56:36.843+0000] {python.py:240} INFO - Done. Returned value was: None
[2025-06-06T20:56:36.856+0000] {taskinstance.py:340} INFO - ::group::Post task execution logs
[2025-06-06T20:56:36.857+0000] {taskinstance.py:352} INFO - Marking task as SUCCESS. dag_id=05_transform_data, task_id=run_dbt, run_id=manual__2025-06-06T20:56:16.053506+00:00, execution_date=20250606T205616, start_date=20250606T205626, end_date=20250606T205636
[2025-06-06T20:56:36.918+0000] {local_task_job_runner.py:266} INFO - Task exited with return code 0
[2025-06-06T20:56:36.935+0000] {taskinstance.py:3895} INFO - 0 downstream tasks scheduled from follow-on schedule check
[2025-06-06T20:56:36.939+0000] {local_task_job_runner.py:245} INFO - ::endgroup::
