[2025-06-10T21:09:01.846+0000] {local_task_job_runner.py:123} INFO - ::group::Pre task execution logs
[2025-06-10T21:09:01.863+0000] {taskinstance.py:2613} INFO - Dependencies all met for dep_context=non-requeueable deps ti=<TaskInstance: 05_transform_data.run_dbt manual__2025-06-10T21:08:52.393032+00:00 [queued]>
[2025-06-10T21:09:01.870+0000] {taskinstance.py:2613} INFO - Dependencies all met for dep_context=requeueable deps ti=<TaskInstance: 05_transform_data.run_dbt manual__2025-06-10T21:08:52.393032+00:00 [queued]>
[2025-06-10T21:09:01.871+0000] {taskinstance.py:2866} INFO - Starting attempt 1 of 1
[2025-06-10T21:09:01.883+0000] {taskinstance.py:2889} INFO - Executing <Task(PythonOperator): run_dbt> on 2025-06-10 21:08:52.393032+00:00
[2025-06-10T21:09:01.892+0000] {standard_task_runner.py:72} INFO - Started process 4964 to run task
[2025-06-10T21:09:01.898+0000] {standard_task_runner.py:104} INFO - Running: ['***', 'tasks', 'run', '05_transform_data', 'run_dbt', 'manual__2025-06-10T21:08:52.393032+00:00', '--job-id', '729', '--raw', '--subdir', 'DAGS_FOLDER/05_transform_data.py', '--cfg-path', '/tmp/tmpbsjwwj_l']
[2025-06-10T21:09:01.901+0000] {standard_task_runner.py:105} INFO - Job 729: Subtask run_dbt
[2025-06-10T21:09:01.953+0000] {task_command.py:467} INFO - Running <TaskInstance: 05_transform_data.run_dbt manual__2025-06-10T21:08:52.393032+00:00 [running]> on host 28e6a58e4107
[2025-06-10T21:09:02.027+0000] {taskinstance.py:3132} INFO - Exporting env vars: AIRFLOW_CTX_DAG_OWNER='***' AIRFLOW_CTX_DAG_ID='05_transform_data' AIRFLOW_CTX_TASK_ID='run_dbt' AIRFLOW_CTX_EXECUTION_DATE='2025-06-10T21:08:52.393032+00:00' AIRFLOW_CTX_TRY_NUMBER='1' AIRFLOW_CTX_DAG_RUN_ID='manual__2025-06-10T21:08:52.393032+00:00'
[2025-06-10T21:09:02.029+0000] {taskinstance.py:731} INFO - ::endgroup::
[2025-06-10T21:09:03.505+0000] {logging_mixin.py:190} INFO - 21:09:03  Running with dbt=1.9.5
[2025-06-10T21:09:03.859+0000] {logging_mixin.py:190} INFO - 21:09:03  Registered adapter: postgres=1.9.0
[2025-06-10T21:09:05.232+0000] {logging_mixin.py:190} INFO - 21:09:05  [WARNING]: Configuration paths exist in your dbt_project.yml file which do not apply to any resources.
There are 1 unused configuration paths:
- models.e_commerce_sales.example
[2025-06-10T21:09:05.604+0000] {logging_mixin.py:190} INFO - 21:09:05  Found 21 models, 12 sources, 549 macros, 1 unit test
[2025-06-10T21:09:05.609+0000] {logging_mixin.py:190} INFO - 21:09:05
[2025-06-10T21:09:05.611+0000] {logging_mixin.py:190} INFO - 21:09:05  Concurrency: 4 threads (target='dev')
[2025-06-10T21:09:05.612+0000] {logging_mixin.py:190} INFO - 21:09:05
[2025-06-10T21:09:05.793+0000] {logging_mixin.py:190} INFO - 21:09:05  1 of 21 START sql incremental model sales_stg.stg_mercadolivre ................. [RUN]
[2025-06-10T21:09:05.795+0000] {logging_mixin.py:190} INFO - 21:09:05  2 of 21 START sql incremental model sales_stg.stg_mercadolivre__order_items .... [RUN]
[2025-06-10T21:09:05.798+0000] {logging_mixin.py:190} INFO - 21:09:05  3 of 21 START sql incremental model sales_stg.stg_mercadolivre__payments ....... [RUN]
[2025-06-10T21:09:05.800+0000] {logging_mixin.py:190} INFO - 21:09:05  4 of 21 START sql incremental model sales_stg.stg_mercadolivre_sh .............. [RUN]
[2025-06-10T21:09:06.302+0000] {logging_mixin.py:190} INFO - 21:09:06  2 of 21 OK created sql incremental model sales_stg.stg_mercadolivre__order_items  [MERGE 285 in 0.49s]
[2025-06-10T21:09:06.305+0000] {logging_mixin.py:190} INFO - 21:09:06  1 of 21 OK created sql incremental model sales_stg.stg_mercadolivre ............ [MERGE 285 in 0.50s]
[2025-06-10T21:09:06.307+0000] {logging_mixin.py:190} INFO - 21:09:06  4 of 21 OK created sql incremental model sales_stg.stg_mercadolivre_sh ......... [MERGE 263 in 0.49s]
[2025-06-10T21:09:06.310+0000] {logging_mixin.py:190} INFO - 21:09:06  3 of 21 OK created sql incremental model sales_stg.stg_mercadolivre__payments .. [MERGE 301 in 0.50s]
[2025-06-10T21:09:06.318+0000] {logging_mixin.py:190} INFO - 21:09:06  5 of 21 START sql incremental model sales_stg.stg_shopee ....................... [RUN]
[2025-06-10T21:09:06.322+0000] {logging_mixin.py:190} INFO - 21:09:06  6 of 21 START sql incremental model sales.mercadolivre_orders_results .......... [RUN]
[2025-06-10T21:09:06.490+0000] {logging_mixin.py:190} INFO - 21:09:06  5 of 21 OK created sql incremental model sales_stg.stg_shopee .................. [MERGE 0 in 0.17s]
[2025-06-10T21:09:06.498+0000] {logging_mixin.py:190} INFO - 21:09:06  7 of 21 START sql incremental model sales.shopee_orders_results ................ [RUN]
[2025-06-10T21:09:06.536+0000] {logging_mixin.py:190} INFO - 21:09:06  6 of 21 OK created sql incremental model sales.mercadolivre_orders_results ..... [MERGE 190 in 0.20s]
[2025-06-10T21:09:06.543+0000] {logging_mixin.py:190} INFO - 21:09:06  8 of 21 START sql incremental model sales.dim_mercadolivre_buyer ............... [RUN]
[2025-06-10T21:09:06.545+0000] {logging_mixin.py:190} INFO - 21:09:06  9 of 21 START sql incremental model sales.dim_mercadolivre_date ................ [RUN]
[2025-06-10T21:09:06.546+0000] {logging_mixin.py:190} INFO - 21:09:06  10 of 21 START sql incremental model sales.dim_mercadolivre_orders_status ...... [RUN]
[2025-06-10T21:09:06.785+0000] {logging_mixin.py:190} INFO - 21:09:06  7 of 21 OK created sql incremental model sales.shopee_orders_results ........... [MERGE 0 in 0.28s]
[2025-06-10T21:09:06.801+0000] {logging_mixin.py:190} INFO - 21:09:06  11 of 21 START sql incremental model sales.dim_mercadolivre_product ............ [RUN]
[2025-06-10T21:09:06.862+0000] {logging_mixin.py:190} INFO - 21:09:06  9 of 21 OK created sql incremental model sales.dim_mercadolivre_date ........... [MERGE 190 in 0.30s]
[2025-06-10T21:09:06.864+0000] {logging_mixin.py:190} INFO - 21:09:06  10 of 21 OK created sql incremental model sales.dim_mercadolivre_orders_status . [MERGE 190 in 0.30s]
[2025-06-10T21:09:06.866+0000] {logging_mixin.py:190} INFO - 21:09:06  8 of 21 ERROR creating sql incremental model sales.dim_mercadolivre_buyer ...... [ERROR in 0.30s]
[2025-06-10T21:09:06.874+0000] {logging_mixin.py:190} INFO - 21:09:06  12 of 21 START sql incremental model sales.dim_shopee_buyer .................... [RUN]
[2025-06-10T21:09:06.878+0000] {logging_mixin.py:190} INFO - 21:09:06  13 of 21 START sql incremental model sales.dim_shopee_date ..................... [RUN]
[2025-06-10T21:09:06.881+0000] {logging_mixin.py:190} INFO - 21:09:06  14 of 21 START sql incremental model sales.dim_shopee_orders_status ............ [RUN]
[2025-06-10T21:09:07.075+0000] {logging_mixin.py:190} INFO - 21:09:07  11 of 21 OK created sql incremental model sales.dim_mercadolivre_product ....... [MERGE 65 in 0.26s]
[2025-06-10T21:09:07.093+0000] {logging_mixin.py:190} INFO - 21:09:07  15 of 21 START sql incremental model sales.dim_shopee_product .................. [RUN]
[2025-06-10T21:09:07.158+0000] {logging_mixin.py:190} INFO - 21:09:07  12 of 21 OK created sql incremental model sales.dim_shopee_buyer ............... [MERGE 0 in 0.27s]
[2025-06-10T21:09:07.160+0000] {logging_mixin.py:190} INFO - 21:09:07  13 of 21 OK created sql incremental model sales.dim_shopee_date ................ [MERGE 0 in 0.27s]
[2025-06-10T21:09:07.171+0000] {logging_mixin.py:190} INFO - 21:09:07  14 of 21 OK created sql incremental model sales.dim_shopee_orders_status ....... [MERGE 0 in 0.27s]
[2025-06-10T21:09:07.176+0000] {logging_mixin.py:190} INFO - 21:09:07  16 of 21 START sql view model sales.sum_mercadolivre_monthly_profit ............ [RUN]
[2025-06-10T21:09:07.179+0000] {logging_mixin.py:190} INFO - 21:09:07  17 of 21 START sql view model sales.sum_mercadolivre_monthly_revenue ........... [RUN]
[2025-06-10T21:09:07.187+0000] {logging_mixin.py:190} INFO - 21:09:07  18 of 21 START sql view model sales.sum_mercadolivre_monthly_sold .............. [RUN]
[2025-06-10T21:09:07.354+0000] {logging_mixin.py:190} INFO - 21:09:07  15 of 21 OK created sql incremental model sales.dim_shopee_product ............. [MERGE 0 in 0.25s]
[2025-06-10T21:09:07.379+0000] {logging_mixin.py:190} INFO - 21:09:07  19 of 21 START sql view model sales.sum_shopee_monthly_profit .................. [RUN]
[2025-06-10T21:09:07.450+0000] {logging_mixin.py:190} INFO - 21:09:07  16 of 21 OK created sql view model sales.sum_mercadolivre_monthly_profit ....... [CREATE VIEW in 0.26s]
[2025-06-10T21:09:07.452+0000] {logging_mixin.py:190} INFO - 21:09:07  17 of 21 OK created sql view model sales.sum_mercadolivre_monthly_revenue ...... [CREATE VIEW in 0.26s]
[2025-06-10T21:09:07.464+0000] {logging_mixin.py:190} INFO - 21:09:07  18 of 21 OK created sql view model sales.sum_mercadolivre_monthly_sold ......... [CREATE VIEW in 0.26s]
[2025-06-10T21:09:07.466+0000] {logging_mixin.py:190} INFO - 21:09:07  20 of 21 START sql view model sales.sum_shopee_monthly_revenue ................. [RUN]
[2025-06-10T21:09:07.468+0000] {logging_mixin.py:190} INFO - 21:09:07  21 of 21 START sql view model sales.sum_shopee_products_sold ................... [RUN]
[2025-06-10T21:09:07.580+0000] {logging_mixin.py:190} INFO - 21:09:07  19 of 21 OK created sql view model sales.sum_shopee_monthly_profit ............. [CREATE VIEW in 0.18s]
[2025-06-10T21:09:07.755+0000] {logging_mixin.py:190} INFO - 21:09:07  21 of 21 OK created sql view model sales.sum_shopee_products_sold .............. [CREATE VIEW in 0.28s]
[2025-06-10T21:09:07.758+0000] {logging_mixin.py:190} INFO - 21:09:07  20 of 21 OK created sql view model sales.sum_shopee_monthly_revenue ............ [CREATE VIEW in 0.29s]
[2025-06-10T21:09:07.784+0000] {logging_mixin.py:190} INFO - 21:09:07
[2025-06-10T21:09:07.786+0000] {logging_mixin.py:190} INFO - 21:09:07  Finished running 15 incremental models, 6 view models in 0 hours 0 minutes and 2.17 seconds (2.17s).
[2025-06-10T21:09:07.864+0000] {logging_mixin.py:190} INFO - 21:09:07
[2025-06-10T21:09:07.866+0000] {logging_mixin.py:190} INFO - 21:09:07  Completed with 1 error, 0 partial successes, and 0 warnings:
[2025-06-10T21:09:07.867+0000] {logging_mixin.py:190} INFO - 21:09:07
[2025-06-10T21:09:07.869+0000] {logging_mixin.py:190} INFO - 21:09:07    Database Error in model dim_mercadolivre_buyer (models/core/dim_mercadolivre_buyer.sql)
  MERGE command cannot affect row a second time
  HINT:  Ensure that not more than one source row matches any one target row.
  compiled code at target/run/e_commerce_sales/models/core/dim_mercadolivre_buyer.sql
[2025-06-10T21:09:07.870+0000] {logging_mixin.py:190} INFO - 21:09:07
[2025-06-10T21:09:07.871+0000] {logging_mixin.py:190} INFO - 21:09:07  Done. PASS=20 WARN=0 ERROR=1 SKIP=0 TOTAL=21
[2025-06-10T21:09:08.720+0000] {logging_mixin.py:190} INFO - dbt run failed!
[2025-06-10T21:09:08.721+0000] {logging_mixin.py:190} INFO - None
[2025-06-10T21:09:08.722+0000] {taskinstance.py:3311} ERROR - Task failed with exception
Traceback (most recent call last):
  File "/home/airflow/.local/lib/python3.9/site-packages/airflow/models/taskinstance.py", line 767, in _execute_task
    result = _execute_callable(context=context, **execute_callable_kwargs)
  File "/home/airflow/.local/lib/python3.9/site-packages/airflow/models/taskinstance.py", line 733, in _execute_callable
    return ExecutionCallableRunner(
  File "/home/airflow/.local/lib/python3.9/site-packages/airflow/utils/operator_helpers.py", line 252, in run
    return self.func(*args, **kwargs)
  File "/home/airflow/.local/lib/python3.9/site-packages/airflow/models/baseoperator.py", line 422, in wrapper
    return func(self, *args, **kwargs)
  File "/home/airflow/.local/lib/python3.9/site-packages/airflow/operators/python.py", line 238, in execute
    return_value = self.execute_callable()
  File "/home/airflow/.local/lib/python3.9/site-packages/airflow/operators/python.py", line 256, in execute_callable
    return runner.run(*self.op_args, **self.op_kwargs)
  File "/home/airflow/.local/lib/python3.9/site-packages/airflow/utils/operator_helpers.py", line 252, in run
    return self.func(*args, **kwargs)
  File "/opt/airflow/dbt_files/run_dbt.py", line 22, in transform_data
    raise RuntimeError("dbt run failed")
RuntimeError: dbt run failed
[2025-06-10T21:09:08.735+0000] {taskinstance.py:1225} INFO - Marking task as FAILED. dag_id=05_transform_data, task_id=run_dbt, run_id=manual__2025-06-10T21:08:52.393032+00:00, execution_date=20250610T210852, start_date=20250610T210901, end_date=20250610T210908
[2025-06-10T21:09:08.748+0000] {taskinstance.py:340} INFO - ::group::Post task execution logs
[2025-06-10T21:09:08.749+0000] {standard_task_runner.py:124} ERROR - Failed to execute job 729 for task run_dbt (dbt run failed; 4964)
Traceback (most recent call last):
  File "/home/airflow/.local/lib/python3.9/site-packages/airflow/task/task_runner/standard_task_runner.py", line 117, in _start_by_fork
    ret = args.func(args, dag=self.dag)
  File "/home/airflow/.local/lib/python3.9/site-packages/airflow/cli/cli_config.py", line 49, in command
    return func(*args, **kwargs)
  File "/home/airflow/.local/lib/python3.9/site-packages/airflow/utils/cli.py", line 116, in wrapper
    return f(*args, **kwargs)
  File "/home/airflow/.local/lib/python3.9/site-packages/airflow/cli/commands/task_command.py", line 483, in task_run
    task_return_code = _run_task_by_selected_method(args, _dag, ti)
  File "/home/airflow/.local/lib/python3.9/site-packages/airflow/cli/commands/task_command.py", line 256, in _run_task_by_selected_method
    return _run_raw_task(args, ti)
  File "/home/airflow/.local/lib/python3.9/site-packages/airflow/cli/commands/task_command.py", line 341, in _run_raw_task
    return ti._run_raw_task(
  File "/home/airflow/.local/lib/python3.9/site-packages/airflow/utils/session.py", line 97, in wrapper
    return func(*args, session=session, **kwargs)
  File "/home/airflow/.local/lib/python3.9/site-packages/airflow/models/taskinstance.py", line 3005, in _run_raw_task
    return _run_raw_task(
  File "/home/airflow/.local/lib/python3.9/site-packages/airflow/models/taskinstance.py", line 273, in _run_raw_task
    TaskInstance._execute_task_with_callbacks(
  File "/home/airflow/.local/lib/python3.9/site-packages/airflow/models/taskinstance.py", line 3159, in _execute_task_with_callbacks
    result = self._execute_task(context, task_orig)
  File "/home/airflow/.local/lib/python3.9/site-packages/airflow/models/taskinstance.py", line 3183, in _execute_task
    return _execute_task(self, context, task_orig)
  File "/home/airflow/.local/lib/python3.9/site-packages/airflow/models/taskinstance.py", line 767, in _execute_task
    result = _execute_callable(context=context, **execute_callable_kwargs)
  File "/home/airflow/.local/lib/python3.9/site-packages/airflow/models/taskinstance.py", line 733, in _execute_callable
    return ExecutionCallableRunner(
  File "/home/airflow/.local/lib/python3.9/site-packages/airflow/utils/operator_helpers.py", line 252, in run
    return self.func(*args, **kwargs)
  File "/home/airflow/.local/lib/python3.9/site-packages/airflow/models/baseoperator.py", line 422, in wrapper
    return func(self, *args, **kwargs)
  File "/home/airflow/.local/lib/python3.9/site-packages/airflow/operators/python.py", line 238, in execute
    return_value = self.execute_callable()
  File "/home/airflow/.local/lib/python3.9/site-packages/airflow/operators/python.py", line 256, in execute_callable
    return runner.run(*self.op_args, **self.op_kwargs)
  File "/home/airflow/.local/lib/python3.9/site-packages/airflow/utils/operator_helpers.py", line 252, in run
    return self.func(*args, **kwargs)
  File "/opt/airflow/dbt_files/run_dbt.py", line 22, in transform_data
    raise RuntimeError("dbt run failed")
RuntimeError: dbt run failed
[2025-06-10T21:09:08.774+0000] {local_task_job_runner.py:266} INFO - Task exited with return code 1
[2025-06-10T21:09:08.790+0000] {taskinstance.py:3895} INFO - 0 downstream tasks scheduled from follow-on schedule check
[2025-06-10T21:09:08.794+0000] {local_task_job_runner.py:245} INFO - ::endgroup::
