[2025-06-09T23:04:35.889+0000] {local_task_job_runner.py:123} INFO - ::group::Pre task execution logs
[2025-06-09T23:04:35.910+0000] {taskinstance.py:2613} INFO - Dependencies all met for dep_context=non-requeueable deps ti=<TaskInstance: 03_load_data.load_shopee manual__2025-06-09T23:04:33.457145+00:00 [queued]>
[2025-06-09T23:04:35.919+0000] {taskinstance.py:2613} INFO - Dependencies all met for dep_context=requeueable deps ti=<TaskInstance: 03_load_data.load_shopee manual__2025-06-09T23:04:33.457145+00:00 [queued]>
[2025-06-09T23:04:35.920+0000] {taskinstance.py:2866} INFO - Starting attempt 1 of 1
[2025-06-09T23:04:35.935+0000] {taskinstance.py:2889} INFO - Executing <Task(PythonOperator): load_shopee> on 2025-06-09 23:04:33.457145+00:00
[2025-06-09T23:04:35.939+0000] {standard_task_runner.py:72} INFO - Started process 9206 to run task
[2025-06-09T23:04:35.943+0000] {standard_task_runner.py:104} INFO - Running: ['***', 'tasks', 'run', '03_load_data', 'load_shopee', 'manual__2025-06-09T23:04:33.457145+00:00', '--job-id', '670', '--raw', '--subdir', 'DAGS_FOLDER/03_load_data.py', '--cfg-path', '/tmp/tmpqcrf76je']
[2025-06-09T23:04:35.945+0000] {standard_task_runner.py:105} INFO - Job 670: Subtask load_shopee
[2025-06-09T23:04:36.022+0000] {task_command.py:467} INFO - Running <TaskInstance: 03_load_data.load_shopee manual__2025-06-09T23:04:33.457145+00:00 [running]> on host 28e6a58e4107
[2025-06-09T23:04:36.139+0000] {taskinstance.py:3132} INFO - Exporting env vars: AIRFLOW_CTX_DAG_OWNER='***' AIRFLOW_CTX_DAG_ID='03_load_data' AIRFLOW_CTX_TASK_ID='load_shopee' AIRFLOW_CTX_EXECUTION_DATE='2025-06-09T23:04:33.457145+00:00' AIRFLOW_CTX_TRY_NUMBER='1' AIRFLOW_CTX_DAG_RUN_ID='manual__2025-06-09T23:04:33.457145+00:00'
[2025-06-09T23:04:36.141+0000] {taskinstance.py:731} INFO - ::endgroup::
[2025-06-09T23:04:36.759+0000] {logging_mixin.py:190} INFO - Loading file ./extraction/shopee/data/raw/Order.completed.20240701_20240731.xlsx to sales_db
[2025-06-09T23:04:36.799+0000] {logging_mixin.py:190} INFO - Data in ./extraction/shopee/data/raw/Order.completed.20240701_20240731.xlsx successfully loaded.
[2025-06-09T23:04:36.916+0000] {logging_mixin.py:190} INFO - Loading file ./extraction/shopee/data/raw/Order.completed.20240801_20240831.xlsx to sales_db
[2025-06-09T23:04:36.964+0000] {logging_mixin.py:190} INFO - Data in ./extraction/shopee/data/raw/Order.completed.20240801_20240831.xlsx successfully loaded.
[2025-06-09T23:04:37.077+0000] {logging_mixin.py:190} INFO - Loading file ./extraction/shopee/data/raw/Order.completed.20240901_20240930.xlsx to sales_db
[2025-06-09T23:04:37.122+0000] {logging_mixin.py:190} INFO - Data in ./extraction/shopee/data/raw/Order.completed.20240901_20240930.xlsx successfully loaded.
[2025-06-09T23:04:37.324+0000] {logging_mixin.py:190} INFO - Loading file ./extraction/shopee/data/raw/Order.completed.20241001_20241031.xlsx to sales_db
[2025-06-09T23:04:37.406+0000] {logging_mixin.py:190} INFO - Data in ./extraction/shopee/data/raw/Order.completed.20241001_20241031.xlsx successfully loaded.
[2025-06-09T23:04:37.728+0000] {logging_mixin.py:190} INFO - Loading file ./extraction/shopee/data/raw/Order.completed.20241101_20241130.xlsx to sales_db
[2025-06-09T23:04:37.825+0000] {logging_mixin.py:190} INFO - Data in ./extraction/shopee/data/raw/Order.completed.20241101_20241130.xlsx successfully loaded.
[2025-06-09T23:04:38.149+0000] {logging_mixin.py:190} INFO - Loading file ./extraction/shopee/data/raw/Order.completed.20241201_20241231.xlsx to sales_db
[2025-06-09T23:04:38.242+0000] {logging_mixin.py:190} INFO - Data in ./extraction/shopee/data/raw/Order.completed.20241201_20241231.xlsx successfully loaded.
[2025-06-09T23:04:38.438+0000] {logging_mixin.py:190} INFO - Loading file ./extraction/shopee/data/raw/Order.completed.20250101_20250131.xlsx to sales_db
[2025-06-09T23:04:38.515+0000] {logging_mixin.py:190} INFO - Data in ./extraction/shopee/data/raw/Order.completed.20250101_20250131.xlsx successfully loaded.
[2025-06-09T23:04:38.779+0000] {logging_mixin.py:190} INFO - Loading file ./extraction/shopee/data/raw/Order.completed.20250201_20250228.xlsx to sales_db
[2025-06-09T23:04:38.877+0000] {logging_mixin.py:190} INFO - Data in ./extraction/shopee/data/raw/Order.completed.20250201_20250228.xlsx successfully loaded.
[2025-06-09T23:04:39.213+0000] {logging_mixin.py:190} INFO - Loading file ./extraction/shopee/data/raw/Order.completed.20250301_20250331.xlsx to sales_db
[2025-06-09T23:04:39.338+0000] {logging_mixin.py:190} INFO - Data in ./extraction/shopee/data/raw/Order.completed.20250301_20250331.xlsx successfully loaded.
[2025-06-09T23:04:39.519+0000] {logging_mixin.py:190} INFO - Loading file ./extraction/shopee/data/raw/Order.completed.20250401_20250430.xlsx to sales_db
[2025-06-09T23:04:39.593+0000] {logging_mixin.py:190} INFO - Data in ./extraction/shopee/data/raw/Order.completed.20250401_20250430.xlsx successfully loaded.
[2025-06-09T23:04:39.594+0000] {logging_mixin.py:190} INFO - [WARNING] - file ./extraction/shopee/data/raw/tests.txt does not have .xlsx extension and could not be loaded.
[2025-06-09T23:04:39.595+0000] {logging_mixin.py:190} INFO - All data successfully loaded!
[2025-06-09T23:04:39.596+0000] {python.py:240} INFO - Done. Returned value was: 1
[2025-06-09T23:04:39.624+0000] {taskinstance.py:340} INFO - ::group::Post task execution logs
[2025-06-09T23:04:39.626+0000] {taskinstance.py:352} INFO - Marking task as SUCCESS. dag_id=03_load_data, task_id=load_shopee, run_id=manual__2025-06-09T23:04:33.457145+00:00, execution_date=20250609T230433, start_date=20250609T230435, end_date=20250609T230439
[2025-06-09T23:04:39.690+0000] {local_task_job_runner.py:266} INFO - Task exited with return code 0
[2025-06-09T23:04:39.712+0000] {taskinstance.py:3895} INFO - 0 downstream tasks scheduled from follow-on schedule check
[2025-06-09T23:04:39.715+0000] {local_task_job_runner.py:245} INFO - ::endgroup::
