[2025-06-06T20:17:45.531+0000] {local_task_job_runner.py:123} INFO - ::group::Pre task execution logs
[2025-06-06T20:17:45.557+0000] {taskinstance.py:2613} INFO - Dependencies all met for dep_context=non-requeueable deps ti=<TaskInstance: 03_load_data.load_mercadolivre manual__2025-06-06T20:17:44.353158+00:00 [queued]>
[2025-06-06T20:17:45.569+0000] {taskinstance.py:2613} INFO - Dependencies all met for dep_context=requeueable deps ti=<TaskInstance: 03_load_data.load_mercadolivre manual__2025-06-06T20:17:44.353158+00:00 [queued]>
[2025-06-06T20:17:45.570+0000] {taskinstance.py:2866} INFO - Starting attempt 1 of 1
[2025-06-06T20:17:45.588+0000] {taskinstance.py:2889} INFO - Executing <Task(PythonOperator): load_mercadolivre> on 2025-06-06 20:17:44.353158+00:00
[2025-06-06T20:17:45.593+0000] {standard_task_runner.py:72} INFO - Started process 4492 to run task
[2025-06-06T20:17:45.599+0000] {standard_task_runner.py:104} INFO - Running: ['***', 'tasks', 'run', '03_load_data', 'load_mercadolivre', 'manual__2025-06-06T20:17:44.353158+00:00', '--job-id', '431', '--raw', '--subdir', 'DAGS_FOLDER/03_load_data.py', '--cfg-path', '/tmp/tmpwizxp90o']
[2025-06-06T20:17:45.601+0000] {standard_task_runner.py:105} INFO - Job 431: Subtask load_mercadolivre
[2025-06-06T20:17:45.678+0000] {task_command.py:467} INFO - Running <TaskInstance: 03_load_data.load_mercadolivre manual__2025-06-06T20:17:44.353158+00:00 [running]> on host 28e6a58e4107
[2025-06-06T20:17:45.789+0000] {taskinstance.py:3132} INFO - Exporting env vars: AIRFLOW_CTX_DAG_OWNER='***' AIRFLOW_CTX_DAG_ID='03_load_data' AIRFLOW_CTX_TASK_ID='load_mercadolivre' AIRFLOW_CTX_EXECUTION_DATE='2025-06-06T20:17:44.353158+00:00' AIRFLOW_CTX_TRY_NUMBER='1' AIRFLOW_CTX_DAG_RUN_ID='manual__2025-06-06T20:17:44.353158+00:00'
[2025-06-06T20:17:45.791+0000] {taskinstance.py:731} INFO - ::endgroup::
[2025-06-06T20:17:46.662+0000] {warnings.py:109} WARNING - /home/***/.local/lib/python3.9/site-packages/dlt/helpers/dbt/__init__.py:3: UserWarning: pkg_resources is deprecated as an API. See https://setuptools.pypa.io/en/latest/pkg_resources.html. The pkg_resources package is slated for removal as early as 2025-11-30. Refrain from using this package or pin to Setuptools<81.
  import pkg_resources

[2025-06-06T20:17:46.996+0000] {config_providers_context.py:156} WARNING - Airflow variable 'dlt_secrets_toml' was not found. This Airflow variable is a recommended place to hold the content of secrets.toml.If you do not use Airflow variables to hold dlt configuration or use variables with other names you can ignore this warning.
[2025-06-06T20:17:49.319+0000] {logging_mixin.py:190} INFO - trying to load ./extraction/mercadolivre/data/raw/ml_sell_data_2024-07-01T00:00:00.000-03:00_2024-10-01T00:00:00.000-03:00_0.json to sales_db
[2025-06-06T20:17:53.112+0000] {logging_mixin.py:190} INFO - Pipeline mercadolivre_data load step completed in 1.10 seconds
1 load package(s) were loaded to destination postgres and into dataset stg
The postgres destination used postgresql://***:***@pgdatabase:5432/sales_db location to store data
Load package 1749241070.4251513 is LOADED and contains no failed jobs
[2025-06-06T20:17:53.114+0000] {logging_mixin.py:190} INFO - Run started at 2025-06-06 20:17:49.320995+00:00 and COMPLETED in 3.79 seconds with 4 steps.
Step extract COMPLETED in 0.90 seconds.

Load package 1749241070.4251513 is EXTRACTED and NOT YET LOADED to the destination and contains no failed jobs

Step normalize COMPLETED in 0.46 seconds.
Normalized data for the following tables:
- stg_mercadolivre: 50 row(s)
- stg_mercadolivre__payments: 52 row(s)
- stg_mercadolivre__payments__available_actions: 52 row(s)
- stg_mercadolivre__order_items: 50 row(s)
- stg_mercadolivre__tags: 118 row(s)
- stg_mercadolivre__order_items__item__variation_attributes: 44 row(s)
- stg_mercadolivre__mediations: 2 row(s)
- stg_mercadolivre__context__flows: 9 row(s)

Load package 1749241070.4251513 is NORMALIZED and NOT YET LOADED to the destination and contains no failed jobs

Step load COMPLETED in 1.35 seconds.
Pipeline mercadolivre_data load step completed in 1.10 seconds
1 load package(s) were loaded to destination postgres and into dataset stg
The postgres destination used postgresql://***:***@pgdatabase:5432/sales_db location to store data
Load package 1749241070.4251513 is LOADED and contains no failed jobs

Step run COMPLETED in 3.79 seconds.
Pipeline mercadolivre_data load step completed in 1.10 seconds
1 load package(s) were loaded to destination postgres and into dataset stg
The postgres destination used postgresql://***:***@pgdatabase:5432/sales_db location to store data
Load package 1749241070.4251513 is LOADED and contains no failed jobs
[2025-06-06T20:17:53.120+0000] {logging_mixin.py:190} INFO - trying to load ./extraction/mercadolivre/data/raw/ml_sell_data_2024-07-01T00:00:00.000-03:00_2024-10-01T00:00:00.000-03:00_1.json to sales_db
[2025-06-06T20:17:53.440+0000] {logging_mixin.py:190} INFO - Pipeline mercadolivre_data load step completed in 0.10 seconds
1 load package(s) were loaded to destination postgres and into dataset stg
The postgres destination used postgresql://***:***@pgdatabase:5432/sales_db location to store data
Load package 1749241073.1836956 is LOADED and contains no failed jobs
[2025-06-06T20:17:53.442+0000] {logging_mixin.py:190} INFO - Run started at 2025-06-06 20:17:53.121336+00:00 and COMPLETED in 0.32 seconds with 4 steps.
Step extract COMPLETED in 0.07 seconds.

Load package 1749241073.1836956 is EXTRACTED and NOT YET LOADED to the destination and contains no failed jobs

Step normalize COMPLETED in 0.09 seconds.
Normalized data for the following tables:
- stg_mercadolivre: 30 row(s)
- stg_mercadolivre__payments: 32 row(s)
- stg_mercadolivre__payments__available_actions: 32 row(s)
- stg_mercadolivre__order_items: 30 row(s)
- stg_mercadolivre__tags: 83 row(s)
- stg_mercadolivre__context__flows: 14 row(s)
- stg_mercadolivre__order_items__item__variation_attributes: 13 row(s)
- stg_mercadolivre__mediations: 2 row(s)

Load package 1749241073.1836956 is NORMALIZED and NOT YET LOADED to the destination and contains no failed jobs

Step load COMPLETED in 0.14 seconds.
Pipeline mercadolivre_data load step completed in 0.10 seconds
1 load package(s) were loaded to destination postgres and into dataset stg
The postgres destination used postgresql://***:***@pgdatabase:5432/sales_db location to store data
Load package 1749241073.1836956 is LOADED and contains no failed jobs

Step run COMPLETED in 0.32 seconds.
Pipeline mercadolivre_data load step completed in 0.10 seconds
1 load package(s) were loaded to destination postgres and into dataset stg
The postgres destination used postgresql://***:***@pgdatabase:5432/sales_db location to store data
Load package 1749241073.1836956 is LOADED and contains no failed jobs
[2025-06-06T20:17:53.448+0000] {logging_mixin.py:190} INFO - trying to load ./extraction/mercadolivre/data/raw/ml_sell_data_2024-07-01T00:00:00.000-03:00_2025-04-01T00:00:00.000-03:00_0.json to sales_db
[2025-06-06T20:17:53.821+0000] {logging_mixin.py:190} INFO - Pipeline mercadolivre_data load step completed in 0.10 seconds
1 load package(s) were loaded to destination postgres and into dataset stg
The postgres destination used postgresql://***:***@pgdatabase:5432/sales_db location to store data
Load package 1749241073.5173557 is LOADED and contains no failed jobs
[2025-06-06T20:17:53.823+0000] {logging_mixin.py:190} INFO - Run started at 2025-06-06 20:17:53.449737+00:00 and COMPLETED in 0.37 seconds with 4 steps.
Step extract COMPLETED in 0.08 seconds.

Load package 1749241073.5173557 is EXTRACTED and NOT YET LOADED to the destination and contains no failed jobs

Step normalize COMPLETED in 0.12 seconds.
Normalized data for the following tables:
- stg_mercadolivre: 50 row(s)
- stg_mercadolivre__payments: 52 row(s)
- stg_mercadolivre__payments__available_actions: 52 row(s)
- stg_mercadolivre__order_items: 50 row(s)
- stg_mercadolivre__tags: 118 row(s)
- stg_mercadolivre__order_items__item__variation_attributes: 44 row(s)
- stg_mercadolivre__mediations: 2 row(s)
- stg_mercadolivre__context__flows: 9 row(s)

Load package 1749241073.5173557 is NORMALIZED and NOT YET LOADED to the destination and contains no failed jobs

Step load COMPLETED in 0.15 seconds.
Pipeline mercadolivre_data load step completed in 0.10 seconds
1 load package(s) were loaded to destination postgres and into dataset stg
The postgres destination used postgresql://***:***@pgdatabase:5432/sales_db location to store data
Load package 1749241073.5173557 is LOADED and contains no failed jobs

Step run COMPLETED in 0.37 seconds.
Pipeline mercadolivre_data load step completed in 0.10 seconds
1 load package(s) were loaded to destination postgres and into dataset stg
The postgres destination used postgresql://***:***@pgdatabase:5432/sales_db location to store data
Load package 1749241073.5173557 is LOADED and contains no failed jobs
[2025-06-06T20:17:53.828+0000] {logging_mixin.py:190} INFO - trying to load ./extraction/mercadolivre/data/raw/ml_sell_data_2024-07-01T00:00:00.000-03:00_2025-04-01T00:00:00.000-03:00_1.json to sales_db
[2025-06-06T20:17:55.215+0000] {logging_mixin.py:190} INFO - Pipeline mercadolivre_data load step completed in 1.12 seconds
1 load package(s) were loaded to destination postgres and into dataset stg
The postgres destination used postgresql://***:***@pgdatabase:5432/sales_db location to store data
Load package 1749241073.89113 is LOADED and contains no failed jobs
[2025-06-06T20:17:55.216+0000] {logging_mixin.py:190} INFO - Run started at 2025-06-06 20:17:53.829797+00:00 and COMPLETED in 1.38 seconds with 4 steps.
Step extract COMPLETED in 0.07 seconds.

Load package 1749241073.89113 is EXTRACTED and NOT YET LOADED to the destination and contains no failed jobs

Step normalize COMPLETED in 0.12 seconds.
Normalized data for the following tables:
- stg_mercadolivre: 50 row(s)
- stg_mercadolivre__payments: 53 row(s)
- stg_mercadolivre__payments__available_actions: 53 row(s)
- stg_mercadolivre__order_items: 50 row(s)
- stg_mercadolivre__tags: 135 row(s)
- stg_mercadolivre__context__flows: 19 row(s)
- stg_mercadolivre__order_items__item__variation_attributes: 27 row(s)
- stg_mercadolivre__mediations: 3 row(s)

Load package 1749241073.89113 is NORMALIZED and NOT YET LOADED to the destination and contains no failed jobs

Step load COMPLETED in 1.17 seconds.
Pipeline mercadolivre_data load step completed in 1.12 seconds
1 load package(s) were loaded to destination postgres and into dataset stg
The postgres destination used postgresql://***:***@pgdatabase:5432/sales_db location to store data
Load package 1749241073.89113 is LOADED and contains no failed jobs

Step run COMPLETED in 1.38 seconds.
Pipeline mercadolivre_data load step completed in 1.12 seconds
1 load package(s) were loaded to destination postgres and into dataset stg
The postgres destination used postgresql://***:***@pgdatabase:5432/sales_db location to store data
Load package 1749241073.89113 is LOADED and contains no failed jobs
[2025-06-06T20:17:55.222+0000] {logging_mixin.py:190} INFO - trying to load ./extraction/mercadolivre/data/raw/ml_sell_data_2024-07-01T00:00:00.000-03:00_2025-04-01T00:00:00.000-03:00_2.json to sales_db
[2025-06-06T20:17:55.586+0000] {logging_mixin.py:190} INFO - Pipeline mercadolivre_data load step completed in 0.09 seconds
1 load package(s) were loaded to destination postgres and into dataset stg
The postgres destination used postgresql://***:***@pgdatabase:5432/sales_db location to store data
Load package 1749241075.299298 is LOADED and contains no failed jobs
[2025-06-06T20:17:55.588+0000] {logging_mixin.py:190} INFO - Run started at 2025-06-06 20:17:55.223750+00:00 and COMPLETED in 0.36 seconds with 4 steps.
Step extract COMPLETED in 0.08 seconds.

Load package 1749241075.299298 is EXTRACTED and NOT YET LOADED to the destination and contains no failed jobs

Step normalize COMPLETED in 0.12 seconds.
Normalized data for the following tables:
- stg_mercadolivre: 50 row(s)
- stg_mercadolivre__payments: 55 row(s)
- stg_mercadolivre__payments__available_actions: 55 row(s)
- stg_mercadolivre__order_items: 50 row(s)
- stg_mercadolivre__order_items__item__variation_attributes: 43 row(s)
- stg_mercadolivre__tags: 144 row(s)
- stg_mercadolivre__mediations: 6 row(s)
- stg_mercadolivre__context__flows: 10 row(s)

Load package 1749241075.299298 is NORMALIZED and NOT YET LOADED to the destination and contains no failed jobs

Step load COMPLETED in 0.13 seconds.
Pipeline mercadolivre_data load step completed in 0.09 seconds
1 load package(s) were loaded to destination postgres and into dataset stg
The postgres destination used postgresql://***:***@pgdatabase:5432/sales_db location to store data
Load package 1749241075.299298 is LOADED and contains no failed jobs

Step run COMPLETED in 0.36 seconds.
Pipeline mercadolivre_data load step completed in 0.09 seconds
1 load package(s) were loaded to destination postgres and into dataset stg
The postgres destination used postgresql://***:***@pgdatabase:5432/sales_db location to store data
Load package 1749241075.299298 is LOADED and contains no failed jobs
[2025-06-06T20:17:55.594+0000] {logging_mixin.py:190} INFO - trying to load ./extraction/mercadolivre/data/raw/ml_sell_data_2024-07-01T00:00:00.000-03:00_2025-04-01T00:00:00.000-03:00_3.json to sales_db
[2025-06-06T20:17:55.942+0000] {logging_mixin.py:190} INFO - Pipeline mercadolivre_data load step completed in 0.10 seconds
1 load package(s) were loaded to destination postgres and into dataset stg
The postgres destination used postgresql://***:***@pgdatabase:5432/sales_db location to store data
Load package 1749241075.6580775 is LOADED and contains no failed jobs
[2025-06-06T20:17:55.944+0000] {logging_mixin.py:190} INFO - Run started at 2025-06-06 20:17:55.595812+00:00 and COMPLETED in 0.34 seconds with 4 steps.
Step extract COMPLETED in 0.07 seconds.

Load package 1749241075.6580775 is EXTRACTED and NOT YET LOADED to the destination and contains no failed jobs

Step normalize COMPLETED in 0.12 seconds.
Normalized data for the following tables:
- stg_mercadolivre: 50 row(s)
- stg_mercadolivre__payments: 52 row(s)
- stg_mercadolivre__payments__available_actions: 52 row(s)
- stg_mercadolivre__order_items: 50 row(s)
- stg_mercadolivre__order_items__item__variation_attributes: 47 row(s)
- stg_mercadolivre__tags: 165 row(s)
- stg_mercadolivre__context__flows: 16 row(s)
- stg_mercadolivre__mediations: 9 row(s)

Load package 1749241075.6580775 is NORMALIZED and NOT YET LOADED to the destination and contains no failed jobs

Step load COMPLETED in 0.13 seconds.
Pipeline mercadolivre_data load step completed in 0.10 seconds
1 load package(s) were loaded to destination postgres and into dataset stg
The postgres destination used postgresql://***:***@pgdatabase:5432/sales_db location to store data
Load package 1749241075.6580775 is LOADED and contains no failed jobs

Step run COMPLETED in 0.34 seconds.
Pipeline mercadolivre_data load step completed in 0.10 seconds
1 load package(s) were loaded to destination postgres and into dataset stg
The postgres destination used postgresql://***:***@pgdatabase:5432/sales_db location to store data
Load package 1749241075.6580775 is LOADED and contains no failed jobs
[2025-06-06T20:17:55.949+0000] {logging_mixin.py:190} INFO - trying to load ./extraction/mercadolivre/data/raw/ml_sell_data_2024-07-01T00:00:00.000-03:00_2025-04-01T00:00:00.000-03:00_4.json to sales_db
[2025-06-06T20:17:57.288+0000] {logging_mixin.py:190} INFO - Pipeline mercadolivre_data load step completed in 1.10 seconds
1 load package(s) were loaded to destination postgres and into dataset stg
The postgres destination used postgresql://***:***@pgdatabase:5432/sales_db location to store data
Load package 1749241076.0088408 is LOADED and contains no failed jobs
[2025-06-06T20:17:57.289+0000] {logging_mixin.py:190} INFO - Run started at 2025-06-06 20:17:55.951331+00:00 and COMPLETED in 1.33 seconds with 4 steps.
Step extract COMPLETED in 0.07 seconds.

Load package 1749241076.0088408 is EXTRACTED and NOT YET LOADED to the destination and contains no failed jobs

Step normalize COMPLETED in 0.11 seconds.
Normalized data for the following tables:
- stg_mercadolivre: 50 row(s)
- stg_mercadolivre__payments: 53 row(s)
- stg_mercadolivre__payments__available_actions: 53 row(s)
- stg_mercadolivre__order_items: 50 row(s)
- stg_mercadolivre__order_items__item__variation_attributes: 53 row(s)
- stg_mercadolivre__tags: 154 row(s)
- stg_mercadolivre__mediations: 5 row(s)
- stg_mercadolivre__context__flows: 5 row(s)

Load package 1749241076.0088408 is NORMALIZED and NOT YET LOADED to the destination and contains no failed jobs

Step load COMPLETED in 1.14 seconds.
Pipeline mercadolivre_data load step completed in 1.10 seconds
1 load package(s) were loaded to destination postgres and into dataset stg
The postgres destination used postgresql://***:***@pgdatabase:5432/sales_db location to store data
Load package 1749241076.0088408 is LOADED and contains no failed jobs

Step run COMPLETED in 1.33 seconds.
Pipeline mercadolivre_data load step completed in 1.10 seconds
1 load package(s) were loaded to destination postgres and into dataset stg
The postgres destination used postgresql://***:***@pgdatabase:5432/sales_db location to store data
Load package 1749241076.0088408 is LOADED and contains no failed jobs
[2025-06-06T20:17:57.294+0000] {logging_mixin.py:190} INFO - trying to load ./extraction/mercadolivre/data/raw/ml_sell_data_2024-07-01T00:00:00.000-03:00_2025-04-01T00:00:00.000-03:00_5.json to sales_db
[2025-06-06T20:17:57.633+0000] {logging_mixin.py:190} INFO - Pipeline mercadolivre_data load step completed in 0.10 seconds
1 load package(s) were loaded to destination postgres and into dataset stg
The postgres destination used postgresql://***:***@pgdatabase:5432/sales_db location to store data
Load package 1749241077.3618762 is LOADED and contains no failed jobs
[2025-06-06T20:17:57.635+0000] {logging_mixin.py:190} INFO - Run started at 2025-06-06 20:17:57.295377+00:00 and COMPLETED in 0.34 seconds with 4 steps.
Step extract COMPLETED in 0.08 seconds.

Load package 1749241077.3618762 is EXTRACTED and NOT YET LOADED to the destination and contains no failed jobs

Step normalize COMPLETED in 0.10 seconds.
Normalized data for the following tables:
- stg_mercadolivre: 35 row(s)
- stg_mercadolivre__payments: 36 row(s)
- stg_mercadolivre__payments__available_actions: 36 row(s)
- stg_mercadolivre__order_items: 35 row(s)
- stg_mercadolivre__order_items__item__variation_attributes: 33 row(s)
- stg_mercadolivre__tags: 96 row(s)
- stg_mercadolivre__context__flows: 4 row(s)
- stg_mercadolivre__mediations: 1 row(s)

Load package 1749241077.3618762 is NORMALIZED and NOT YET LOADED to the destination and contains no failed jobs

Step load COMPLETED in 0.14 seconds.
Pipeline mercadolivre_data load step completed in 0.10 seconds
1 load package(s) were loaded to destination postgres and into dataset stg
The postgres destination used postgresql://***:***@pgdatabase:5432/sales_db location to store data
Load package 1749241077.3618762 is LOADED and contains no failed jobs

Step run COMPLETED in 0.34 seconds.
Pipeline mercadolivre_data load step completed in 0.10 seconds
1 load package(s) were loaded to destination postgres and into dataset stg
The postgres destination used postgresql://***:***@pgdatabase:5432/sales_db location to store data
Load package 1749241077.3618762 is LOADED and contains no failed jobs
[2025-06-06T20:17:57.642+0000] {logging_mixin.py:190} INFO - trying to load ./extraction/mercadolivre/data/raw/sample.json to sales_db
[2025-06-06T20:17:57.993+0000] {logging_mixin.py:190} INFO - Pipeline mercadolivre_data load step completed in 0.10 seconds
1 load package(s) were loaded to destination postgres and into dataset stg
The postgres destination used postgresql://***:***@pgdatabase:5432/sales_db location to store data
Load package 1749241077.7104187 is LOADED and contains no failed jobs
[2025-06-06T20:17:57.996+0000] {logging_mixin.py:190} INFO - Run started at 2025-06-06 20:17:57.643745+00:00 and COMPLETED in 0.35 seconds with 4 steps.
Step extract COMPLETED in 0.07 seconds.

Load package 1749241077.7104187 is EXTRACTED and NOT YET LOADED to the destination and contains no failed jobs

Step normalize COMPLETED in 0.11 seconds.
Normalized data for the following tables:
- stg_mercadolivre: 50 row(s)
- stg_mercadolivre__payments: 52 row(s)
- stg_mercadolivre__payments__available_actions: 52 row(s)
- stg_mercadolivre__order_items: 50 row(s)
- stg_mercadolivre__tags: 118 row(s)
- stg_mercadolivre__order_items__item__variation_attributes: 44 row(s)
- stg_mercadolivre__mediations: 2 row(s)
- stg_mercadolivre__context__flows: 9 row(s)

Load package 1749241077.7104187 is NORMALIZED and NOT YET LOADED to the destination and contains no failed jobs

Step load COMPLETED in 0.14 seconds.
Pipeline mercadolivre_data load step completed in 0.10 seconds
1 load package(s) were loaded to destination postgres and into dataset stg
The postgres destination used postgresql://***:***@pgdatabase:5432/sales_db location to store data
Load package 1749241077.7104187 is LOADED and contains no failed jobs

Step run COMPLETED in 0.35 seconds.
Pipeline mercadolivre_data load step completed in 0.10 seconds
1 load package(s) were loaded to destination postgres and into dataset stg
The postgres destination used postgresql://***:***@pgdatabase:5432/sales_db location to store data
Load package 1749241077.7104187 is LOADED and contains no failed jobs
[2025-06-06T20:17:57.997+0000] {python.py:240} INFO - Done. Returned value was: 1
[2025-06-06T20:17:58.022+0000] {taskinstance.py:340} INFO - ::group::Post task execution logs
[2025-06-06T20:17:58.024+0000] {taskinstance.py:352} INFO - Marking task as SUCCESS. dag_id=03_load_data, task_id=load_mercadolivre, run_id=manual__2025-06-06T20:17:44.353158+00:00, execution_date=20250606T201744, start_date=20250606T201745, end_date=20250606T201758
[2025-06-06T20:17:58.063+0000] {local_task_job_runner.py:266} INFO - Task exited with return code 0
[2025-06-06T20:17:58.079+0000] {taskinstance.py:3895} INFO - 0 downstream tasks scheduled from follow-on schedule check
[2025-06-06T20:17:58.081+0000] {local_task_job_runner.py:245} INFO - ::endgroup::
