[2025-05-29T14:26:58.315+0000] {local_task_job_runner.py:123} INFO - ::group::Pre task execution logs
[2025-05-29T14:26:58.344+0000] {taskinstance.py:2613} INFO - Dependencies all met for dep_context=non-requeueable deps ti=<TaskInstance: 03_load_data.load_prod_cost manual__2025-05-29T14:26:56.172759+00:00 [queued]>
[2025-05-29T14:26:58.353+0000] {taskinstance.py:2613} INFO - Dependencies all met for dep_context=requeueable deps ti=<TaskInstance: 03_load_data.load_prod_cost manual__2025-05-29T14:26:56.172759+00:00 [queued]>
[2025-05-29T14:26:58.354+0000] {taskinstance.py:2866} INFO - Starting attempt 1 of 1
[2025-05-29T14:26:58.369+0000] {taskinstance.py:2889} INFO - Executing <Task(PythonOperator): load_prod_cost> on 2025-05-29 14:26:56.172759+00:00
[2025-05-29T14:26:58.376+0000] {standard_task_runner.py:72} INFO - Started process 1454 to run task
[2025-05-29T14:26:58.380+0000] {standard_task_runner.py:104} INFO - Running: ['***', 'tasks', 'run', '03_load_data', 'load_prod_cost', 'manual__2025-05-29T14:26:56.172759+00:00', '--job-id', '303', '--raw', '--subdir', 'DAGS_FOLDER/03_load_data.py', '--cfg-path', '/tmp/tmprajrithb']
[2025-05-29T14:26:58.382+0000] {standard_task_runner.py:105} INFO - Job 303: Subtask load_prod_cost
[2025-05-29T14:26:58.472+0000] {task_command.py:467} INFO - Running <TaskInstance: 03_load_data.load_prod_cost manual__2025-05-29T14:26:56.172759+00:00 [running]> on host 28e6a58e4107
[2025-05-29T14:26:58.603+0000] {taskinstance.py:3132} INFO - Exporting env vars: AIRFLOW_CTX_DAG_OWNER='***' AIRFLOW_CTX_DAG_ID='03_load_data' AIRFLOW_CTX_TASK_ID='load_prod_cost' AIRFLOW_CTX_EXECUTION_DATE='2025-05-29T14:26:56.172759+00:00' AIRFLOW_CTX_TRY_NUMBER='1' AIRFLOW_CTX_DAG_RUN_ID='manual__2025-05-29T14:26:56.172759+00:00'
[2025-05-29T14:26:58.605+0000] {taskinstance.py:731} INFO - ::endgroup::
[2025-05-29T14:26:59.259+0000] {logging_mixin.py:190} INFO - column begin_date is datetime64[ns, UTC]
[2025-05-29T14:26:59.260+0000] {logging_mixin.py:190} INFO - column end_date is datetime64[ns, UTC]
[2025-05-29T14:26:59.261+0000] {logging_mixin.py:190} INFO - Loading file /opt/***/cleaning/entry_data/clean/clean_cost_data.csv to sales_db
[2025-05-29T14:26:59.340+0000] {logging_mixin.py:190} INFO - Data in /opt/***/cleaning/entry_data/clean/clean_cost_data.csv successfully loaded.
[2025-05-29T14:26:59.341+0000] {python.py:240} INFO - Done. Returned value was: None
[2025-05-29T14:26:59.356+0000] {taskinstance.py:340} INFO - ::group::Post task execution logs
[2025-05-29T14:26:59.357+0000] {taskinstance.py:352} INFO - Marking task as SUCCESS. dag_id=03_load_data, task_id=load_prod_cost, run_id=manual__2025-05-29T14:26:56.172759+00:00, execution_date=20250529T142656, start_date=20250529T142658, end_date=20250529T142659
[2025-05-29T14:26:59.397+0000] {local_task_job_runner.py:266} INFO - Task exited with return code 0
[2025-05-29T14:26:59.421+0000] {taskinstance.py:3895} INFO - 0 downstream tasks scheduled from follow-on schedule check
[2025-05-29T14:26:59.425+0000] {local_task_job_runner.py:245} INFO - ::endgroup::
