[2025-05-21T21:08:31.614+0000] {local_task_job_runner.py:123} INFO - ::group::Pre task execution logs
[2025-05-21T21:08:31.633+0000] {taskinstance.py:2613} INFO - Dependencies all met for dep_context=non-requeueable deps ti=<TaskInstance: 04_transform_data.run_dbt manual__2025-05-21T21:08:29.409708+00:00 [queued]>
[2025-05-21T21:08:31.642+0000] {taskinstance.py:2613} INFO - Dependencies all met for dep_context=requeueable deps ti=<TaskInstance: 04_transform_data.run_dbt manual__2025-05-21T21:08:29.409708+00:00 [queued]>
[2025-05-21T21:08:31.643+0000] {taskinstance.py:2866} INFO - Starting attempt 1 of 1
[2025-05-21T21:08:31.656+0000] {taskinstance.py:2889} INFO - Executing <Task(PythonOperator): run_dbt> on 2025-05-21 21:08:29.409708+00:00
[2025-05-21T21:08:31.661+0000] {standard_task_runner.py:72} INFO - Started process 5786 to run task
[2025-05-21T21:08:31.664+0000] {standard_task_runner.py:104} INFO - Running: ['***', 'tasks', 'run', '04_transform_data', 'run_dbt', 'manual__2025-05-21T21:08:29.409708+00:00', '--job-id', '140', '--raw', '--subdir', 'DAGS_FOLDER/04_transform_data.py', '--cfg-path', '/tmp/tmpn564hfqn']
[2025-05-21T21:08:31.666+0000] {standard_task_runner.py:105} INFO - Job 140: Subtask run_dbt
[2025-05-21T21:08:31.721+0000] {task_command.py:467} INFO - Running <TaskInstance: 04_transform_data.run_dbt manual__2025-05-21T21:08:29.409708+00:00 [running]> on host e27e96d1841a
[2025-05-21T21:08:31.809+0000] {taskinstance.py:3132} INFO - Exporting env vars: AIRFLOW_CTX_DAG_OWNER='***' AIRFLOW_CTX_DAG_ID='04_transform_data' AIRFLOW_CTX_TASK_ID='run_dbt' AIRFLOW_CTX_EXECUTION_DATE='2025-05-21T21:08:29.409708+00:00' AIRFLOW_CTX_TRY_NUMBER='1' AIRFLOW_CTX_DAG_RUN_ID='manual__2025-05-21T21:08:29.409708+00:00'
[2025-05-21T21:08:31.811+0000] {taskinstance.py:731} INFO - ::endgroup::
[2025-05-21T21:08:33.444+0000] {logging_mixin.py:190} INFO - 21:08:33  Running with dbt=1.9.4
[2025-05-21T21:08:33.795+0000] {logging_mixin.py:190} INFO - 21:08:33  Registered adapter: postgres=1.9.0
[2025-05-21T21:08:34.967+0000] {logging_mixin.py:190} INFO - 21:08:34  [WARNING]: Configuration paths exist in your dbt_project.yml file which do not apply to any resources.
There are 1 unused configuration paths:
- models.e_commerce_sales.example
[2025-05-21T21:08:35.143+0000] {logging_mixin.py:190} INFO - 21:08:35  Found 11 models, 12 sources, 433 macros
[2025-05-21T21:08:35.147+0000] {logging_mixin.py:190} INFO - 21:08:35
[2025-05-21T21:08:35.150+0000] {logging_mixin.py:190} INFO - 21:08:35  Concurrency: 4 threads (target='dev')
[2025-05-21T21:08:35.151+0000] {logging_mixin.py:190} INFO - 21:08:35
[2025-05-21T21:08:35.291+0000] {logging_mixin.py:190} INFO - 21:08:35  1 of 11 START sql incremental model sales.mercadolivre_orders_results .......... [RUN]
[2025-05-21T21:08:35.293+0000] {logging_mixin.py:190} INFO - 21:08:35  2 of 11 START sql incremental model sales.shopee_new_id ........................ [RUN]
[2025-05-21T21:08:35.677+0000] {logging_mixin.py:190} INFO - 21:08:35  2 of 11 OK created sql incremental model sales.shopee_new_id ................... [MERGE 0 in 0.37s]
[2025-05-21T21:08:35.680+0000] {logging_mixin.py:190} INFO - 21:08:35  1 of 11 OK created sql incremental model sales.mercadolivre_orders_results ..... [MERGE 255 in 0.38s]
[2025-05-21T21:08:35.686+0000] {logging_mixin.py:190} INFO - 21:08:35  3 of 11 START sql incremental model sales.shopee_orders_results ................ [RUN]
[2025-05-21T21:08:35.692+0000] {logging_mixin.py:190} INFO - 21:08:35  4 of 11 START sql incremental model sales.dim_mercadolivre_buyer ............... [RUN]
[2025-05-21T21:08:35.694+0000] {logging_mixin.py:190} INFO - 21:08:35  5 of 11 START sql incremental model sales.dim_mercadolivre_date ................ [RUN]
[2025-05-21T21:08:35.695+0000] {logging_mixin.py:190} INFO - 21:08:35  6 of 11 START sql incremental model sales.dim_mercadolivre_product ............. [RUN]
[2025-05-21T21:08:35.983+0000] {logging_mixin.py:190} INFO - 21:08:35  3 of 11 OK created sql incremental model sales.shopee_orders_results ........... [MERGE 0 in 0.29s]
[2025-05-21T21:08:36.000+0000] {logging_mixin.py:190} INFO - 21:08:35  7 of 11 START sql incremental model sales.mercadolivre_profits ................. [RUN]
[2025-05-21T21:08:36.035+0000] {logging_mixin.py:190} INFO - 21:08:36  5 of 11 OK created sql incremental model sales.dim_mercadolivre_date ........... [MERGE 272 in 0.33s]
[2025-05-21T21:08:36.039+0000] {logging_mixin.py:190} INFO - 21:08:36  6 of 11 OK created sql incremental model sales.dim_mercadolivre_product ........ [MERGE 250 in 0.32s]
[2025-05-21T21:08:36.042+0000] {logging_mixin.py:190} INFO - 21:08:36  4 of 11 OK created sql incremental model sales.dim_mercadolivre_buyer .......... [MERGE 252 in 0.34s]
[2025-05-21T21:08:36.055+0000] {logging_mixin.py:190} INFO - 21:08:36  8 of 11 START sql incremental model sales.dim_shopee_buyer_id .................. [RUN]
[2025-05-21T21:08:36.060+0000] {logging_mixin.py:190} INFO - 21:08:36  9 of 11 START sql incremental model sales.dim_shopee_date ...................... [RUN]
[2025-05-21T21:08:36.063+0000] {logging_mixin.py:190} INFO - 21:08:36  10 of 11 START sql incremental model sales.dim_shopee_orders_status ............ [RUN]
[2025-05-21T21:08:36.298+0000] {logging_mixin.py:190} INFO - 21:08:36  7 of 11 OK created sql incremental model sales.mercadolivre_profits ............ [MERGE 250 in 0.29s]
[2025-05-21T21:08:36.318+0000] {logging_mixin.py:190} INFO - 21:08:36  11 of 11 START sql incremental model sales.dim_shopee_product .................. [RUN]
[2025-05-21T21:08:36.333+0000] {logging_mixin.py:190} INFO - 21:08:36  9 of 11 OK created sql incremental model sales.dim_shopee_date ................. [MERGE 0 in 0.26s]
[2025-05-21T21:08:36.343+0000] {logging_mixin.py:190} INFO - 21:08:36  8 of 11 OK created sql incremental model sales.dim_shopee_buyer_id ............. [MERGE 0 in 0.27s]
[2025-05-21T21:08:36.350+0000] {logging_mixin.py:190} INFO - 21:08:36  10 of 11 OK created sql incremental model sales.dim_shopee_orders_status ....... [MERGE 0 in 0.28s]
[2025-05-21T21:08:36.462+0000] {logging_mixin.py:190} INFO - 21:08:36  11 of 11 OK created sql incremental model sales.dim_shopee_product ............. [MERGE 0 in 0.14s]
[2025-05-21T21:08:36.500+0000] {logging_mixin.py:190} INFO - 21:08:36
[2025-05-21T21:08:36.503+0000] {logging_mixin.py:190} INFO - 21:08:36  Finished running 11 incremental models in 0 hours 0 minutes and 1.35 seconds (1.35s).
[2025-05-21T21:08:36.614+0000] {logging_mixin.py:190} INFO - 21:08:36
[2025-05-21T21:08:36.617+0000] {logging_mixin.py:190} INFO - 21:08:36  Completed successfully
[2025-05-21T21:08:36.619+0000] {logging_mixin.py:190} INFO - 21:08:36
[2025-05-21T21:08:36.623+0000] {logging_mixin.py:190} INFO - 21:08:36  Done. PASS=11 WARN=0 ERROR=0 SKIP=0 TOTAL=11
[2025-05-21T21:08:37.526+0000] {logging_mixin.py:190} INFO - Transformation sucessfully done.
[2025-05-21T21:08:37.527+0000] {python.py:240} INFO - Done. Returned value was: None
[2025-05-21T21:08:37.540+0000] {taskinstance.py:340} INFO - ::group::Post task execution logs
[2025-05-21T21:08:37.541+0000] {taskinstance.py:352} INFO - Marking task as SUCCESS. dag_id=04_transform_data, task_id=run_dbt, run_id=manual__2025-05-21T21:08:29.409708+00:00, execution_date=20250521T210829, start_date=20250521T210831, end_date=20250521T210837
[2025-05-21T21:08:37.579+0000] {local_task_job_runner.py:266} INFO - Task exited with return code 0
[2025-05-21T21:08:37.600+0000] {taskinstance.py:3895} INFO - 0 downstream tasks scheduled from follow-on schedule check
[2025-05-21T21:08:37.602+0000] {local_task_job_runner.py:245} INFO - ::endgroup::
