[2025-06-06T18:22:36.071+0000] {local_task_job_runner.py:123} INFO - ::group::Pre task execution logs
[2025-06-06T18:22:36.094+0000] {taskinstance.py:2613} INFO - Dependencies all met for dep_context=non-requeueable deps ti=<TaskInstance: 04_transform_data.install_dbt_deps manual__2025-06-06T18:22:34.389127+00:00 [queued]>
[2025-06-06T18:22:36.103+0000] {taskinstance.py:2613} INFO - Dependencies all met for dep_context=requeueable deps ti=<TaskInstance: 04_transform_data.install_dbt_deps manual__2025-06-06T18:22:34.389127+00:00 [queued]>
[2025-06-06T18:22:36.105+0000] {taskinstance.py:2866} INFO - Starting attempt 1 of 1
[2025-06-06T18:22:36.119+0000] {taskinstance.py:2889} INFO - Executing <Task(PythonOperator): install_dbt_deps> on 2025-06-06 18:22:34.389127+00:00
[2025-06-06T18:22:36.123+0000] {standard_task_runner.py:72} INFO - Started process 1221 to run task
[2025-06-06T18:22:36.127+0000] {standard_task_runner.py:104} INFO - Running: ['***', 'tasks', 'run', '04_transform_data', 'install_dbt_deps', 'manual__2025-06-06T18:22:34.389127+00:00', '--job-id', '377', '--raw', '--subdir', 'DAGS_FOLDER/04_transform_data.py', '--cfg-path', '/tmp/tmpvkuv1mcr']
[2025-06-06T18:22:36.130+0000] {standard_task_runner.py:105} INFO - Job 377: Subtask install_dbt_deps
[2025-06-06T18:22:36.193+0000] {task_command.py:467} INFO - Running <TaskInstance: 04_transform_data.install_dbt_deps manual__2025-06-06T18:22:34.389127+00:00 [running]> on host 28e6a58e4107
[2025-06-06T18:22:36.326+0000] {taskinstance.py:3132} INFO - Exporting env vars: AIRFLOW_CTX_DAG_OWNER='***' AIRFLOW_CTX_DAG_ID='04_transform_data' AIRFLOW_CTX_TASK_ID='install_dbt_deps' AIRFLOW_CTX_EXECUTION_DATE='2025-06-06T18:22:34.389127+00:00' AIRFLOW_CTX_TRY_NUMBER='1' AIRFLOW_CTX_DAG_RUN_ID='manual__2025-06-06T18:22:34.389127+00:00'
[2025-06-06T18:22:36.329+0000] {taskinstance.py:731} INFO - ::endgroup::
[2025-06-06T18:22:38.026+0000] {logging_mixin.py:190} INFO - 18:22:38  Running with dbt=1.9.5
[2025-06-06T18:22:38.791+0000] {logging_mixin.py:190} INFO - 18:22:38  Installing dbt-labs/dbt_utils
[2025-06-06T18:22:42.111+0000] {logging_mixin.py:190} INFO - 18:22:42  Installed from version 1.2.0
[2025-06-06T18:22:42.113+0000] {logging_mixin.py:190} INFO - 18:22:42  Updated version available: 1.3.0
[2025-06-06T18:22:42.116+0000] {logging_mixin.py:190} INFO - 18:22:42
[2025-06-06T18:22:42.117+0000] {logging_mixin.py:190} INFO - 18:22:42  Updates available for packages: ['dbt-labs/dbt_utils']                 
Update your versions in packages.yml, then run dbt deps
[2025-06-06T18:22:42.881+0000] {logging_mixin.py:190} INFO - Dependencies sucessfully installed.
[2025-06-06T18:22:42.882+0000] {python.py:240} INFO - Done. Returned value was: None
[2025-06-06T18:22:42.895+0000] {taskinstance.py:340} INFO - ::group::Post task execution logs
[2025-06-06T18:22:42.896+0000] {taskinstance.py:352} INFO - Marking task as SUCCESS. dag_id=04_transform_data, task_id=install_dbt_deps, run_id=manual__2025-06-06T18:22:34.389127+00:00, execution_date=20250606T182234, start_date=20250606T182236, end_date=20250606T182242
[2025-06-06T18:22:42.929+0000] {local_task_job_runner.py:266} INFO - Task exited with return code 0
[2025-06-06T18:22:42.951+0000] {taskinstance.py:3895} INFO - 1 downstream tasks scheduled from follow-on schedule check
[2025-06-06T18:22:42.955+0000] {local_task_job_runner.py:245} INFO - ::endgroup::
