[2025-05-22T17:48:38.656+0000] {local_task_job_runner.py:123} INFO - ::group::Pre task execution logs
[2025-05-22T17:48:38.674+0000] {taskinstance.py:2613} INFO - Dependencies all met for dep_context=non-requeueable deps ti=<TaskInstance: 04_transform_data.run_dbt manual__2025-05-22T17:48:36.993113+00:00 [queued]>
[2025-05-22T17:48:38.683+0000] {taskinstance.py:2613} INFO - Dependencies all met for dep_context=requeueable deps ti=<TaskInstance: 04_transform_data.run_dbt manual__2025-05-22T17:48:36.993113+00:00 [queued]>
[2025-05-22T17:48:38.685+0000] {taskinstance.py:2866} INFO - Starting attempt 1 of 1
[2025-05-22T17:48:38.697+0000] {taskinstance.py:2889} INFO - Executing <Task(PythonOperator): run_dbt> on 2025-05-22 17:48:36.993113+00:00
[2025-05-22T17:48:38.702+0000] {standard_task_runner.py:72} INFO - Started process 2750 to run task
[2025-05-22T17:48:38.706+0000] {standard_task_runner.py:104} INFO - Running: ['***', 'tasks', 'run', '04_transform_data', 'run_dbt', 'manual__2025-05-22T17:48:36.993113+00:00', '--job-id', '192', '--raw', '--subdir', 'DAGS_FOLDER/04_transform_data.py', '--cfg-path', '/tmp/tmpueoy13vy']
[2025-05-22T17:48:38.708+0000] {standard_task_runner.py:105} INFO - Job 192: Subtask run_dbt
[2025-05-22T17:48:38.761+0000] {task_command.py:467} INFO - Running <TaskInstance: 04_transform_data.run_dbt manual__2025-05-22T17:48:36.993113+00:00 [running]> on host e27e96d1841a
[2025-05-22T17:48:38.847+0000] {taskinstance.py:3132} INFO - Exporting env vars: AIRFLOW_CTX_DAG_OWNER='***' AIRFLOW_CTX_DAG_ID='04_transform_data' AIRFLOW_CTX_TASK_ID='run_dbt' AIRFLOW_CTX_EXECUTION_DATE='2025-05-22T17:48:36.993113+00:00' AIRFLOW_CTX_TRY_NUMBER='1' AIRFLOW_CTX_DAG_RUN_ID='manual__2025-05-22T17:48:36.993113+00:00'
[2025-05-22T17:48:38.849+0000] {taskinstance.py:731} INFO - ::endgroup::
[2025-05-22T17:48:40.567+0000] {logging_mixin.py:190} INFO - 17:48:40  Running with dbt=1.9.4
[2025-05-22T17:48:40.912+0000] {logging_mixin.py:190} INFO - 17:48:40  Registered adapter: postgres=1.9.0
[2025-05-22T17:48:42.056+0000] {logging_mixin.py:190} INFO - 17:48:42  [WARNING]: Configuration paths exist in your dbt_project.yml file which do not apply to any resources.
There are 1 unused configuration paths:
- models.e_commerce_sales.example
[2025-05-22T17:48:42.243+0000] {logging_mixin.py:190} INFO - 17:48:42  Found 11 models, 12 sources, 433 macros
[2025-05-22T17:48:42.249+0000] {logging_mixin.py:190} INFO - 17:48:42
[2025-05-22T17:48:42.250+0000] {logging_mixin.py:190} INFO - 17:48:42  Concurrency: 4 threads (target='dev')
[2025-05-22T17:48:42.252+0000] {logging_mixin.py:190} INFO - 17:48:42
[2025-05-22T17:48:42.384+0000] {logging_mixin.py:190} INFO - 17:48:42  1 of 11 START sql incremental model sales.mercadolivre_orders_results .......... [RUN]
[2025-05-22T17:48:42.387+0000] {logging_mixin.py:190} INFO - 17:48:42  2 of 11 START sql incremental model sales.shopee_new_id ........................ [RUN]
[2025-05-22T17:48:42.610+0000] {logging_mixin.py:190} INFO - 17:48:42  1 of 11 ERROR creating sql incremental model sales.mercadolivre_orders_results . [ERROR in 0.22s]
[2025-05-22T17:48:42.632+0000] {logging_mixin.py:190} INFO - 17:48:42  3 of 11 SKIP relation sales.dim_mercadolivre_buyer ............................. [SKIP]
[2025-05-22T17:48:42.633+0000] {logging_mixin.py:190} INFO - 17:48:42  4 of 11 SKIP relation sales.dim_mercadolivre_date .............................. [SKIP]
[2025-05-22T17:48:42.635+0000] {logging_mixin.py:190} INFO - 17:48:42  5 of 11 SKIP relation sales.dim_mercadolivre_orders_status ..................... [SKIP]
[2025-05-22T17:48:42.679+0000] {logging_mixin.py:190} INFO - 17:48:42  6 of 11 SKIP relation sales.dim_mercadolivre_product ........................... [SKIP]
[2025-05-22T17:48:42.717+0000] {logging_mixin.py:190} INFO - 17:48:42  2 of 11 OK created sql incremental model sales.shopee_new_id ................... [MERGE 0 in 0.33s]
[2025-05-22T17:48:42.723+0000] {logging_mixin.py:190} INFO - 17:48:42  7 of 11 START sql incremental model sales.shopee_orders_results ................ [RUN]
[2025-05-22T17:48:42.838+0000] {logging_mixin.py:190} INFO - 17:48:42  7 of 11 OK created sql incremental model sales.shopee_orders_results ........... [MERGE 0 in 0.11s]
[2025-05-22T17:48:42.845+0000] {logging_mixin.py:190} INFO - 17:48:42  8 of 11 START sql incremental model sales.dim_shopee_buyer_id .................. [RUN]
[2025-05-22T17:48:42.846+0000] {logging_mixin.py:190} INFO - 17:48:42  9 of 11 START sql incremental model sales.dim_shopee_date ...................... [RUN]
[2025-05-22T17:48:42.848+0000] {logging_mixin.py:190} INFO - 17:48:42  10 of 11 START sql incremental model sales.dim_shopee_orders_status ............ [RUN]
[2025-05-22T17:48:42.850+0000] {logging_mixin.py:190} INFO - 17:48:42  11 of 11 START sql incremental model sales.dim_shopee_product .................. [RUN]
[2025-05-22T17:48:43.121+0000] {logging_mixin.py:190} INFO - 17:48:43  8 of 11 OK created sql incremental model sales.dim_shopee_buyer_id ............. [MERGE 0 in 0.27s]
[2025-05-22T17:48:43.123+0000] {logging_mixin.py:190} INFO - 17:48:43  9 of 11 OK created sql incremental model sales.dim_shopee_date ................. [MERGE 0 in 0.27s]
[2025-05-22T17:48:43.133+0000] {logging_mixin.py:190} INFO - 17:48:43  11 of 11 OK created sql incremental model sales.dim_shopee_product ............. [MERGE 0 in 0.27s]
[2025-05-22T17:48:43.135+0000] {logging_mixin.py:190} INFO - 17:48:43  10 of 11 OK created sql incremental model sales.dim_shopee_orders_status ....... [MERGE 0 in 0.28s]
[2025-05-22T17:48:43.159+0000] {logging_mixin.py:190} INFO - 17:48:43
[2025-05-22T17:48:43.161+0000] {logging_mixin.py:190} INFO - 17:48:43  Finished running 11 incremental models in 0 hours 0 minutes and 0.91 seconds (0.91s).
[2025-05-22T17:48:43.224+0000] {logging_mixin.py:190} INFO - 17:48:43
[2025-05-22T17:48:43.226+0000] {logging_mixin.py:190} INFO - 17:48:43  Completed with 1 error, 0 partial successes, and 0 warnings:
[2025-05-22T17:48:43.228+0000] {logging_mixin.py:190} INFO - 17:48:43
[2025-05-22T17:48:43.229+0000] {logging_mixin.py:190} INFO - 17:48:43    Database Error in model mercadolivre_orders_results (models/core/mercadolivre_orders_results.sql)
  column "buyer__id" does not exist
  LINE 192:        buyer__id,
                   ^
  compiled code at target/run/e_commerce_sales/models/core/mercadolivre_orders_results.sql
[2025-05-22T17:48:43.231+0000] {logging_mixin.py:190} INFO - 17:48:43
[2025-05-22T17:48:43.233+0000] {logging_mixin.py:190} INFO - 17:48:43  Done. PASS=6 WARN=0 ERROR=1 SKIP=4 TOTAL=11
[2025-05-22T17:48:44.137+0000] {logging_mixin.py:190} INFO - dbt run failed!
[2025-05-22T17:48:44.139+0000] {logging_mixin.py:190} INFO - None
[2025-05-22T17:48:44.141+0000] {taskinstance.py:3311} ERROR - Task failed with exception
Traceback (most recent call last):
  File "/home/airflow/.local/lib/python3.9/site-packages/airflow/models/taskinstance.py", line 767, in _execute_task
    result = _execute_callable(context=context, **execute_callable_kwargs)
  File "/home/airflow/.local/lib/python3.9/site-packages/airflow/models/taskinstance.py", line 733, in _execute_callable
    return ExecutionCallableRunner(
  File "/home/airflow/.local/lib/python3.9/site-packages/airflow/utils/operator_helpers.py", line 252, in run
    return self.func(*args, **kwargs)
  File "/home/airflow/.local/lib/python3.9/site-packages/airflow/models/baseoperator.py", line 422, in wrapper
    return func(self, *args, **kwargs)
  File "/home/airflow/.local/lib/python3.9/site-packages/airflow/operators/python.py", line 238, in execute
    return_value = self.execute_callable()
  File "/home/airflow/.local/lib/python3.9/site-packages/airflow/operators/python.py", line 256, in execute_callable
    return runner.run(*self.op_args, **self.op_kwargs)
  File "/home/airflow/.local/lib/python3.9/site-packages/airflow/utils/operator_helpers.py", line 252, in run
    return self.func(*args, **kwargs)
  File "/opt/airflow/dbt/run_dbt.py", line 22, in transform_data
    raise RuntimeError("dbt run failed")
RuntimeError: dbt run failed
[2025-05-22T17:48:44.153+0000] {taskinstance.py:1225} INFO - Marking task as FAILED. dag_id=04_transform_data, task_id=run_dbt, run_id=manual__2025-05-22T17:48:36.993113+00:00, execution_date=20250522T174836, start_date=20250522T174838, end_date=20250522T174844
[2025-05-22T17:48:44.165+0000] {taskinstance.py:340} INFO - ::group::Post task execution logs
[2025-05-22T17:48:44.167+0000] {standard_task_runner.py:124} ERROR - Failed to execute job 192 for task run_dbt (dbt run failed; 2750)
Traceback (most recent call last):
  File "/home/airflow/.local/lib/python3.9/site-packages/airflow/task/task_runner/standard_task_runner.py", line 117, in _start_by_fork
    ret = args.func(args, dag=self.dag)
  File "/home/airflow/.local/lib/python3.9/site-packages/airflow/cli/cli_config.py", line 49, in command
    return func(*args, **kwargs)
  File "/home/airflow/.local/lib/python3.9/site-packages/airflow/utils/cli.py", line 116, in wrapper
    return f(*args, **kwargs)
  File "/home/airflow/.local/lib/python3.9/site-packages/airflow/cli/commands/task_command.py", line 483, in task_run
    task_return_code = _run_task_by_selected_method(args, _dag, ti)
  File "/home/airflow/.local/lib/python3.9/site-packages/airflow/cli/commands/task_command.py", line 256, in _run_task_by_selected_method
    return _run_raw_task(args, ti)
  File "/home/airflow/.local/lib/python3.9/site-packages/airflow/cli/commands/task_command.py", line 341, in _run_raw_task
    return ti._run_raw_task(
  File "/home/airflow/.local/lib/python3.9/site-packages/airflow/utils/session.py", line 97, in wrapper
    return func(*args, session=session, **kwargs)
  File "/home/airflow/.local/lib/python3.9/site-packages/airflow/models/taskinstance.py", line 3005, in _run_raw_task
    return _run_raw_task(
  File "/home/airflow/.local/lib/python3.9/site-packages/airflow/models/taskinstance.py", line 273, in _run_raw_task
    TaskInstance._execute_task_with_callbacks(
  File "/home/airflow/.local/lib/python3.9/site-packages/airflow/models/taskinstance.py", line 3159, in _execute_task_with_callbacks
    result = self._execute_task(context, task_orig)
  File "/home/airflow/.local/lib/python3.9/site-packages/airflow/models/taskinstance.py", line 3183, in _execute_task
    return _execute_task(self, context, task_orig)
  File "/home/airflow/.local/lib/python3.9/site-packages/airflow/models/taskinstance.py", line 767, in _execute_task
    result = _execute_callable(context=context, **execute_callable_kwargs)
  File "/home/airflow/.local/lib/python3.9/site-packages/airflow/models/taskinstance.py", line 733, in _execute_callable
    return ExecutionCallableRunner(
  File "/home/airflow/.local/lib/python3.9/site-packages/airflow/utils/operator_helpers.py", line 252, in run
    return self.func(*args, **kwargs)
  File "/home/airflow/.local/lib/python3.9/site-packages/airflow/models/baseoperator.py", line 422, in wrapper
    return func(self, *args, **kwargs)
  File "/home/airflow/.local/lib/python3.9/site-packages/airflow/operators/python.py", line 238, in execute
    return_value = self.execute_callable()
  File "/home/airflow/.local/lib/python3.9/site-packages/airflow/operators/python.py", line 256, in execute_callable
    return runner.run(*self.op_args, **self.op_kwargs)
  File "/home/airflow/.local/lib/python3.9/site-packages/airflow/utils/operator_helpers.py", line 252, in run
    return self.func(*args, **kwargs)
  File "/opt/airflow/dbt/run_dbt.py", line 22, in transform_data
    raise RuntimeError("dbt run failed")
RuntimeError: dbt run failed
[2025-05-22T17:48:44.206+0000] {local_task_job_runner.py:266} INFO - Task exited with return code 1
[2025-05-22T17:48:44.223+0000] {taskinstance.py:3895} INFO - 0 downstream tasks scheduled from follow-on schedule check
[2025-05-22T17:48:44.227+0000] {local_task_job_runner.py:245} INFO - ::endgroup::
