[2025-06-06T20:19:42.322+0000] {local_task_job_runner.py:123} INFO - ::group::Pre task execution logs
[2025-06-06T20:19:42.339+0000] {taskinstance.py:2613} INFO - Dependencies all met for dep_context=non-requeueable deps ti=<TaskInstance: 05_transform_data.run_dbt manual__2025-06-06T20:19:33.288274+00:00 [queued]>
[2025-06-06T20:19:42.347+0000] {taskinstance.py:2613} INFO - Dependencies all met for dep_context=requeueable deps ti=<TaskInstance: 05_transform_data.run_dbt manual__2025-06-06T20:19:33.288274+00:00 [queued]>
[2025-06-06T20:19:42.349+0000] {taskinstance.py:2866} INFO - Starting attempt 1 of 1
[2025-06-06T20:19:42.360+0000] {taskinstance.py:2889} INFO - Executing <Task(PythonOperator): run_dbt> on 2025-06-06 20:19:33.288274+00:00
[2025-06-06T20:19:42.365+0000] {standard_task_runner.py:72} INFO - Started process 4624 to run task
[2025-06-06T20:19:42.368+0000] {standard_task_runner.py:104} INFO - Running: ['***', 'tasks', 'run', '05_transform_data', 'run_dbt', 'manual__2025-06-06T20:19:33.288274+00:00', '--job-id', '436', '--raw', '--subdir', 'DAGS_FOLDER/05_transform_data.py', '--cfg-path', '/tmp/tmpeevjw343']
[2025-06-06T20:19:42.370+0000] {standard_task_runner.py:105} INFO - Job 436: Subtask run_dbt
[2025-06-06T20:19:42.418+0000] {task_command.py:467} INFO - Running <TaskInstance: 05_transform_data.run_dbt manual__2025-06-06T20:19:33.288274+00:00 [running]> on host 28e6a58e4107
[2025-06-06T20:19:42.495+0000] {taskinstance.py:3132} INFO - Exporting env vars: AIRFLOW_CTX_DAG_OWNER='***' AIRFLOW_CTX_DAG_ID='05_transform_data' AIRFLOW_CTX_TASK_ID='run_dbt' AIRFLOW_CTX_EXECUTION_DATE='2025-06-06T20:19:33.288274+00:00' AIRFLOW_CTX_TRY_NUMBER='1' AIRFLOW_CTX_DAG_RUN_ID='manual__2025-06-06T20:19:33.288274+00:00'
[2025-06-06T20:19:42.497+0000] {taskinstance.py:731} INFO - ::endgroup::
[2025-06-06T20:19:43.972+0000] {logging_mixin.py:190} INFO - 20:19:43  Running with dbt=1.9.5
[2025-06-06T20:19:44.324+0000] {logging_mixin.py:190} INFO - 20:19:44  Registered adapter: postgres=1.9.0
[2025-06-06T20:19:45.630+0000] {logging_mixin.py:190} INFO - 20:19:45  [WARNING]: Configuration paths exist in your dbt_project.yml file which do not apply to any resources.
There are 1 unused configuration paths:
- models.e_commerce_sales.example
[2025-06-06T20:19:45.997+0000] {logging_mixin.py:190} INFO - 20:19:45  Found 15 models, 12 sources, 549 macros, 1 unit test
[2025-06-06T20:19:46.001+0000] {logging_mixin.py:190} INFO - 20:19:46
[2025-06-06T20:19:46.003+0000] {logging_mixin.py:190} INFO - 20:19:46  Concurrency: 4 threads (target='dev')
[2025-06-06T20:19:46.004+0000] {logging_mixin.py:190} INFO - 20:19:46
[2025-06-06T20:19:46.156+0000] {logging_mixin.py:190} INFO - 20:19:46  1 of 15 START sql incremental model sales.mercadolivre_orders_results .......... [RUN]
[2025-06-06T20:19:46.158+0000] {logging_mixin.py:190} INFO - 20:19:46  2 of 15 START sql incremental model sales.stg_shopee ........................... [RUN]
[2025-06-06T20:19:46.520+0000] {logging_mixin.py:190} INFO - 20:19:46  2 of 15 OK created sql incremental model sales.stg_shopee ...................... [MERGE 0 in 0.36s]
[2025-06-06T20:19:46.525+0000] {logging_mixin.py:190} INFO - 20:19:46  3 of 15 START sql incremental model sales.shopee_new_id ........................ [RUN]
[2025-06-06T20:19:46.635+0000] {logging_mixin.py:190} INFO - 20:19:46  3 of 15 OK created sql incremental model sales.shopee_new_id ................... [MERGE 0 in 0.11s]
[2025-06-06T20:19:46.641+0000] {logging_mixin.py:190} INFO - 20:19:46  4 of 15 START sql incremental model sales.shopee_orders_results ................ [RUN]
[2025-06-06T20:19:46.761+0000] {logging_mixin.py:190} INFO - 20:19:46  4 of 15 OK created sql incremental model sales.shopee_orders_results ........... [MERGE 0 in 0.12s]
[2025-06-06T20:19:46.768+0000] {logging_mixin.py:190} INFO - 20:19:46  5 of 15 START sql incremental model sales.dim_shopee_buyer ..................... [RUN]
[2025-06-06T20:19:46.770+0000] {logging_mixin.py:190} INFO - 20:19:46  6 of 15 START sql incremental model sales.dim_shopee_date ...................... [RUN]
[2025-06-06T20:19:46.772+0000] {logging_mixin.py:190} INFO - 20:19:46  7 of 15 START sql incremental model sales.dim_shopee_orders_status ............. [RUN]
[2025-06-06T20:19:47.022+0000] {logging_mixin.py:190} INFO - 20:19:47  7 of 15 OK created sql incremental model sales.dim_shopee_orders_status ........ [MERGE 0 in 0.24s]
[2025-06-06T20:19:47.026+0000] {logging_mixin.py:190} INFO - 20:19:47  6 of 15 OK created sql incremental model sales.dim_shopee_date ................. [MERGE 0 in 0.25s]
[2025-06-06T20:19:47.029+0000] {logging_mixin.py:190} INFO - 20:19:47  5 of 15 OK created sql incremental model sales.dim_shopee_buyer ................ [MERGE 0 in 0.25s]
[2025-06-06T20:19:47.036+0000] {logging_mixin.py:190} INFO - 20:19:47  8 of 15 START sql incremental model sales.dim_shopee_product ................... [RUN]
[2025-06-06T20:19:47.037+0000] {logging_mixin.py:190} INFO - 20:19:47  9 of 15 START sql view model sales.sum_shopee_monthly_profit ................... [RUN]
[2025-06-06T20:19:47.042+0000] {logging_mixin.py:190} INFO - 20:19:47  10 of 15 START sql view model sales.sum_shopee_monthly_revenue ................. [RUN]
[2025-06-06T20:19:47.285+0000] {logging_mixin.py:190} INFO - 20:19:47  9 of 15 OK created sql view model sales.sum_shopee_monthly_profit .............. [CREATE VIEW in 0.24s]
[2025-06-06T20:19:47.287+0000] {logging_mixin.py:190} INFO - 20:19:47  10 of 15 OK created sql view model sales.sum_shopee_monthly_revenue ............ [CREATE VIEW in 0.24s]
[2025-06-06T20:19:47.297+0000] {logging_mixin.py:190} INFO - 20:19:47  8 of 15 OK created sql incremental model sales.dim_shopee_product .............. [MERGE 0 in 0.25s]
[2025-06-06T20:19:47.302+0000] {logging_mixin.py:190} INFO - 20:19:47  11 of 15 START sql view model sales.sum_shopee_products_sold ................... [RUN]
[2025-06-06T20:19:47.390+0000] {logging_mixin.py:190} INFO - 20:19:47  11 of 15 OK created sql view model sales.sum_shopee_products_sold .............. [CREATE VIEW in 0.08s]
[2025-06-06T20:19:49.392+0000] {logging_mixin.py:190} INFO - 20:19:49  1 of 15 OK created sql incremental model sales.mercadolivre_orders_results ..... [MERGE 190 in 3.23s]
[2025-06-06T20:19:49.400+0000] {logging_mixin.py:190} INFO - 20:19:49  12 of 15 START sql incremental model sales.dim_mercadolivre_buyer .............. [RUN]
[2025-06-06T20:19:49.402+0000] {logging_mixin.py:190} INFO - 20:19:49  13 of 15 START sql incremental model sales.dim_mercadolivre_date ............... [RUN]
[2025-06-06T20:19:49.404+0000] {logging_mixin.py:190} INFO - 20:19:49  14 of 15 START sql incremental model sales.dim_mercadolivre_orders_status ...... [RUN]
[2025-06-06T20:19:49.405+0000] {logging_mixin.py:190} INFO - 20:19:49  15 of 15 START sql incremental model sales.dim_mercadolivre_product ............ [RUN]
[2025-06-06T20:19:49.644+0000] {logging_mixin.py:190} INFO - 20:19:49  12 of 15 OK created sql incremental model sales.dim_mercadolivre_buyer ......... [MERGE 188 in 0.23s]
[2025-06-06T20:19:49.646+0000] {logging_mixin.py:190} INFO - 20:19:49  14 of 15 OK created sql incremental model sales.dim_mercadolivre_orders_status . [MERGE 190 in 0.23s]
[2025-06-06T20:19:50.024+0000] {logging_mixin.py:190} INFO - 20:19:50  13 of 15 OK created sql incremental model sales.dim_mercadolivre_date .......... [MERGE 190 in 0.61s]
[2025-06-06T20:19:50.275+0000] {logging_mixin.py:190} INFO - 20:19:50  15 of 15 OK created sql incremental model sales.dim_mercadolivre_product ....... [MERGE 65 in 0.86s]
[2025-06-06T20:19:50.302+0000] {logging_mixin.py:190} INFO - 20:19:50
[2025-06-06T20:19:50.304+0000] {logging_mixin.py:190} INFO - 20:19:50  Finished running 12 incremental models, 3 view models in 0 hours 0 minutes and 4.30 seconds (4.30s).
[2025-06-06T20:19:50.381+0000] {logging_mixin.py:190} INFO - 20:19:50
[2025-06-06T20:19:50.383+0000] {logging_mixin.py:190} INFO - 20:19:50  Completed successfully
[2025-06-06T20:19:50.384+0000] {logging_mixin.py:190} INFO - 20:19:50
[2025-06-06T20:19:50.386+0000] {logging_mixin.py:190} INFO - 20:19:50  Done. PASS=15 WARN=0 ERROR=0 SKIP=0 TOTAL=15
[2025-06-06T20:19:51.255+0000] {logging_mixin.py:190} INFO - Transformation sucessfully done.
[2025-06-06T20:19:51.256+0000] {python.py:240} INFO - Done. Returned value was: None
[2025-06-06T20:19:51.270+0000] {taskinstance.py:340} INFO - ::group::Post task execution logs
[2025-06-06T20:19:51.271+0000] {taskinstance.py:352} INFO - Marking task as SUCCESS. dag_id=05_transform_data, task_id=run_dbt, run_id=manual__2025-06-06T20:19:33.288274+00:00, execution_date=20250606T201933, start_date=20250606T201942, end_date=20250606T201951
[2025-06-06T20:19:51.333+0000] {local_task_job_runner.py:266} INFO - Task exited with return code 0
[2025-06-06T20:19:51.353+0000] {taskinstance.py:3895} INFO - 0 downstream tasks scheduled from follow-on schedule check
[2025-06-06T20:19:51.356+0000] {local_task_job_runner.py:245} INFO - ::endgroup::
