[2025-05-19T14:19:09.681+0000] {local_task_job_runner.py:123} INFO - ::group::Pre task execution logs
[2025-05-19T14:19:09.717+0000] {taskinstance.py:2613} INFO - Dependencies all met for dep_context=non-requeueable deps ti=<TaskInstance: 04_transform_data.run_dbt manual__2025-05-19T14:19:07.875805+00:00 [queued]>
[2025-05-19T14:19:09.732+0000] {taskinstance.py:2613} INFO - Dependencies all met for dep_context=requeueable deps ti=<TaskInstance: 04_transform_data.run_dbt manual__2025-05-19T14:19:07.875805+00:00 [queued]>
[2025-05-19T14:19:09.734+0000] {taskinstance.py:2866} INFO - Starting attempt 1 of 1
[2025-05-19T14:19:09.754+0000] {taskinstance.py:2889} INFO - Executing <Task(PythonOperator): run_dbt> on 2025-05-19 14:19:07.875805+00:00
[2025-05-19T14:19:09.760+0000] {standard_task_runner.py:72} INFO - Started process 310 to run task
[2025-05-19T14:19:09.764+0000] {standard_task_runner.py:104} INFO - Running: ['***', 'tasks', 'run', '04_transform_data', 'run_dbt', 'manual__2025-05-19T14:19:07.875805+00:00', '--job-id', '17', '--raw', '--subdir', 'DAGS_FOLDER/04_transform_data.py', '--cfg-path', '/tmp/tmpfvct7s_2']
[2025-05-19T14:19:09.768+0000] {standard_task_runner.py:105} INFO - Job 17: Subtask run_dbt
[2025-05-19T14:19:09.855+0000] {task_command.py:467} INFO - Running <TaskInstance: 04_transform_data.run_dbt manual__2025-05-19T14:19:07.875805+00:00 [running]> on host 68e8d748c575
[2025-05-19T14:19:09.996+0000] {taskinstance.py:3132} INFO - Exporting env vars: AIRFLOW_CTX_DAG_OWNER='***' AIRFLOW_CTX_DAG_ID='04_transform_data' AIRFLOW_CTX_TASK_ID='run_dbt' AIRFLOW_CTX_EXECUTION_DATE='2025-05-19T14:19:07.875805+00:00' AIRFLOW_CTX_TRY_NUMBER='1' AIRFLOW_CTX_DAG_RUN_ID='manual__2025-05-19T14:19:07.875805+00:00'
[2025-05-19T14:19:09.998+0000] {taskinstance.py:731} INFO - ::endgroup::
[2025-05-19T14:19:13.417+0000] {logging_mixin.py:190} INFO - 14:19:13  Running with dbt=1.9.4
[2025-05-19T14:19:14.076+0000] {logging_mixin.py:190} INFO - 14:19:14  Registered adapter: postgres=1.9.0
[2025-05-19T14:19:15.200+0000] {logging_mixin.py:190} INFO - 14:19:15  [WARNING]: Configuration paths exist in your dbt_project.yml file which do not apply to any resources.
There are 1 unused configuration paths:
- models.e_commerce_sales.example
[2025-05-19T14:19:15.742+0000] {logging_mixin.py:190} INFO - 14:19:15  Found 5 models, 12 sources, 433 macros
[2025-05-19T14:19:15.751+0000] {logging_mixin.py:190} INFO - 14:19:15
[2025-05-19T14:19:15.754+0000] {logging_mixin.py:190} INFO - 14:19:15  Concurrency: 4 threads (target='dev')
[2025-05-19T14:19:15.758+0000] {logging_mixin.py:190} INFO - 14:19:15
[2025-05-19T14:19:16.344+0000] {logging_mixin.py:190} INFO - 14:19:16  1 of 5 START sql incremental model sales.mercadolivre_orders_results ........... [RUN]
[2025-05-19T14:19:16.353+0000] {logging_mixin.py:190} INFO - 14:19:16  2 of 5 START sql incremental model sales.shopee_new_id ......................... [RUN]
[2025-05-19T14:19:17.914+0000] {logging_mixin.py:190} INFO - 14:19:17  2 of 5 OK created sql incremental model sales.shopee_new_id .................... [MERGE 0 in 1.52s]
[2025-05-19T14:19:17.923+0000] {logging_mixin.py:190} INFO - 14:19:17  1 of 5 OK created sql incremental model sales.mercadolivre_orders_results ...... [MERGE 255 in 1.55s]
[2025-05-19T14:19:17.956+0000] {logging_mixin.py:190} INFO - 14:19:17  3 of 5 START sql incremental model sales.shopee_orders_results ................. [RUN]
[2025-05-19T14:19:17.965+0000] {logging_mixin.py:190} INFO - 14:19:17  4 of 5 START sql incremental model sales.mercadolivre_profits .................. [RUN]
[2025-05-19T14:19:18.290+0000] {logging_mixin.py:190} INFO - 14:19:18  3 of 5 OK created sql incremental model sales.shopee_orders_results ............ [MERGE 0 in 0.32s]
[2025-05-19T14:19:18.299+0000] {logging_mixin.py:190} INFO - 14:19:18  4 of 5 OK created sql incremental model sales.mercadolivre_profits ............. [MERGE 250 in 0.31s]
[2025-05-19T14:19:18.309+0000] {logging_mixin.py:190} INFO - 14:19:18  5 of 5 START sql incremental model sales.shopee_profits ........................ [RUN]
[2025-05-19T14:19:18.697+0000] {logging_mixin.py:190} INFO - 14:19:18  5 of 5 OK created sql incremental model sales.shopee_profits ................... [MERGE 2727 in 0.38s]
[2025-05-19T14:19:18.744+0000] {logging_mixin.py:190} INFO - 14:19:18
[2025-05-19T14:19:18.748+0000] {logging_mixin.py:190} INFO - 14:19:18  Finished running 5 incremental models in 0 hours 0 minutes and 2.98 seconds (2.98s).
[2025-05-19T14:19:18.858+0000] {logging_mixin.py:190} INFO - 14:19:18
[2025-05-19T14:19:18.862+0000] {logging_mixin.py:190} INFO - 14:19:18  Completed successfully
[2025-05-19T14:19:18.864+0000] {logging_mixin.py:190} INFO - 14:19:18
[2025-05-19T14:19:18.867+0000] {logging_mixin.py:190} INFO - 14:19:18  Done. PASS=5 WARN=0 ERROR=0 SKIP=0 TOTAL=5
[2025-05-19T14:19:19.912+0000] {logging_mixin.py:190} INFO - Transformation sucessfully done.
[2025-05-19T14:19:19.916+0000] {python.py:240} INFO - Done. Returned value was: None
[2025-05-19T14:19:19.971+0000] {taskinstance.py:340} INFO - ::group::Post task execution logs
[2025-05-19T14:19:19.975+0000] {taskinstance.py:352} INFO - Marking task as SUCCESS. dag_id=04_transform_data, task_id=run_dbt, run_id=manual__2025-05-19T14:19:07.875805+00:00, execution_date=20250519T141907, start_date=20250519T141909, end_date=20250519T141919
[2025-05-19T14:19:20.076+0000] {local_task_job_runner.py:266} INFO - Task exited with return code 0
[2025-05-19T14:19:20.147+0000] {taskinstance.py:3895} INFO - 0 downstream tasks scheduled from follow-on schedule check
[2025-05-19T14:19:20.159+0000] {local_task_job_runner.py:245} INFO - ::endgroup::
