[2025-06-11T18:23:29.798+0000] {local_task_job_runner.py:123} INFO - ::group::Pre task execution logs
[2025-06-11T18:23:29.821+0000] {taskinstance.py:2613} INFO - Dependencies all met for dep_context=non-requeueable deps ti=<TaskInstance: 06_delete_entry_data.delete_shopee_files manual__2025-06-11T18:23:27.423834+00:00 [queued]>
[2025-06-11T18:23:29.832+0000] {taskinstance.py:2613} INFO - Dependencies all met for dep_context=requeueable deps ti=<TaskInstance: 06_delete_entry_data.delete_shopee_files manual__2025-06-11T18:23:27.423834+00:00 [queued]>
[2025-06-11T18:23:29.833+0000] {taskinstance.py:2866} INFO - Starting attempt 1 of 1
[2025-06-11T18:23:29.848+0000] {taskinstance.py:2889} INFO - Executing <Task(PythonOperator): delete_shopee_files> on 2025-06-11 18:23:27.423834+00:00
[2025-06-11T18:23:29.853+0000] {standard_task_runner.py:72} INFO - Started process 329 to run task
[2025-06-11T18:23:29.859+0000] {standard_task_runner.py:104} INFO - Running: ['***', 'tasks', 'run', '06_delete_entry_data', 'delete_shopee_files', 'manual__2025-06-11T18:23:27.423834+00:00', '--job-id', '858', '--raw', '--subdir', 'DAGS_FOLDER/06_delete_files_tables.py', '--cfg-path', '/tmp/tmph2z4oyof']
[2025-06-11T18:23:29.861+0000] {standard_task_runner.py:105} INFO - Job 858: Subtask delete_shopee_files
[2025-06-11T18:23:29.924+0000] {task_command.py:467} INFO - Running <TaskInstance: 06_delete_entry_data.delete_shopee_files manual__2025-06-11T18:23:27.423834+00:00 [running]> on host 28e6a58e4107
[2025-06-11T18:23:30.020+0000] {taskinstance.py:3132} INFO - Exporting env vars: AIRFLOW_CTX_DAG_OWNER='***' AIRFLOW_CTX_DAG_ID='06_delete_entry_data' AIRFLOW_CTX_TASK_ID='delete_shopee_files' AIRFLOW_CTX_EXECUTION_DATE='2025-06-11T18:23:27.423834+00:00' AIRFLOW_CTX_TRY_NUMBER='1' AIRFLOW_CTX_DAG_RUN_ID='manual__2025-06-11T18:23:27.423834+00:00'
[2025-06-11T18:23:30.021+0000] {taskinstance.py:731} INFO - ::endgroup::
[2025-06-11T18:23:30.038+0000] {logging_mixin.py:190} INFO - Failed to delete files in /opt/***/extraction/shopee/data/raw/Order.completed.20240701_20240731.xlsx with error: [Errno 21] Is a directory: '/opt/***/extraction/shopee/data/raw'
[2025-06-11T18:23:30.040+0000] {logging_mixin.py:190} INFO - Failed to delete files in /opt/***/extraction/shopee/data/raw/Order.completed.20240801_20240831.xlsx with error: [Errno 21] Is a directory: '/opt/***/extraction/shopee/data/raw'
[2025-06-11T18:23:30.042+0000] {logging_mixin.py:190} INFO - Failed to delete files in /opt/***/extraction/shopee/data/raw/Order.completed.20240901_20240930.xlsx with error: [Errno 21] Is a directory: '/opt/***/extraction/shopee/data/raw'
[2025-06-11T18:23:30.043+0000] {logging_mixin.py:190} INFO - Failed to delete files in /opt/***/extraction/shopee/data/raw/Order.completed.20241001_20241031.xlsx with error: [Errno 21] Is a directory: '/opt/***/extraction/shopee/data/raw'
[2025-06-11T18:23:30.045+0000] {logging_mixin.py:190} INFO - Failed to delete files in /opt/***/extraction/shopee/data/raw/Order.completed.20241101_20241130.xlsx with error: [Errno 21] Is a directory: '/opt/***/extraction/shopee/data/raw'
[2025-06-11T18:23:30.047+0000] {logging_mixin.py:190} INFO - Failed to delete files in /opt/***/extraction/shopee/data/raw/Order.completed.20241201_20241231.xlsx with error: [Errno 21] Is a directory: '/opt/***/extraction/shopee/data/raw'
[2025-06-11T18:23:30.049+0000] {logging_mixin.py:190} INFO - Failed to delete files in /opt/***/extraction/shopee/data/raw/Order.completed.20250101_20250131.xlsx with error: [Errno 21] Is a directory: '/opt/***/extraction/shopee/data/raw'
[2025-06-11T18:23:30.052+0000] {logging_mixin.py:190} INFO - Failed to delete files in /opt/***/extraction/shopee/data/raw/Order.completed.20250201_20250228.xlsx with error: [Errno 21] Is a directory: '/opt/***/extraction/shopee/data/raw'
[2025-06-11T18:23:30.053+0000] {logging_mixin.py:190} INFO - Failed to delete files in /opt/***/extraction/shopee/data/raw/Order.completed.20250301_20250331.xlsx with error: [Errno 21] Is a directory: '/opt/***/extraction/shopee/data/raw'
[2025-06-11T18:23:30.056+0000] {logging_mixin.py:190} INFO - Failed to delete files in /opt/***/extraction/shopee/data/raw/Order.completed.20250401_20250430.xlsx with error: [Errno 21] Is a directory: '/opt/***/extraction/shopee/data/raw'
[2025-06-11T18:23:30.057+0000] {logging_mixin.py:190} INFO - Failed to delete files in /opt/***/extraction/shopee/data/raw/Order.completed.20250501_20250531.xlsx with error: [Errno 21] Is a directory: '/opt/***/extraction/shopee/data/raw'
[2025-06-11T18:23:30.058+0000] {python.py:240} INFO - Done. Returned value was: None
[2025-06-11T18:23:30.069+0000] {taskinstance.py:340} INFO - ::group::Post task execution logs
[2025-06-11T18:23:30.070+0000] {taskinstance.py:352} INFO - Marking task as SUCCESS. dag_id=06_delete_entry_data, task_id=delete_shopee_files, run_id=manual__2025-06-11T18:23:27.423834+00:00, execution_date=20250611T182327, start_date=20250611T182329, end_date=20250611T182330
[2025-06-11T18:23:30.112+0000] {local_task_job_runner.py:266} INFO - Task exited with return code 0
[2025-06-11T18:23:30.131+0000] {taskinstance.py:3895} INFO - 0 downstream tasks scheduled from follow-on schedule check
[2025-06-11T18:23:30.133+0000] {local_task_job_runner.py:245} INFO - ::endgroup::
