[2025-06-16T14:46:01.078+0000] {local_task_job_runner.py:123} INFO - ::group::Pre task execution logs
[2025-06-16T14:46:01.104+0000] {taskinstance.py:2613} INFO - Dependencies all met for dep_context=non-requeueable deps ti=<TaskInstance: 06_delete_entry_data_prod.delete_shopee_files manual__2025-06-16T14:45:59.019345+00:00 [queued]>
[2025-06-16T14:46:01.120+0000] {taskinstance.py:2613} INFO - Dependencies all met for dep_context=requeueable deps ti=<TaskInstance: 06_delete_entry_data_prod.delete_shopee_files manual__2025-06-16T14:45:59.019345+00:00 [queued]>
[2025-06-16T14:46:01.122+0000] {taskinstance.py:2866} INFO - Starting attempt 1 of 1
[2025-06-16T14:46:01.143+0000] {taskinstance.py:2889} INFO - Executing <Task(PythonOperator): delete_shopee_files> on 2025-06-16 14:45:59.019345+00:00
[2025-06-16T14:46:01.150+0000] {standard_task_runner.py:72} INFO - Started process 2724 to run task
[2025-06-16T14:46:01.157+0000] {standard_task_runner.py:104} INFO - Running: ['***', 'tasks', 'run', '06_delete_entry_data_prod', 'delete_shopee_files', 'manual__2025-06-16T14:45:59.019345+00:00', '--job-id', '48', '--raw', '--subdir', 'DAGS_FOLDER/06_delete_files_tables_prod.py', '--cfg-path', '/tmp/tmp2ho_cgqz']
[2025-06-16T14:46:01.159+0000] {standard_task_runner.py:105} INFO - Job 48: Subtask delete_shopee_files
[2025-06-16T14:46:01.239+0000] {task_command.py:467} INFO - Running <TaskInstance: 06_delete_entry_data_prod.delete_shopee_files manual__2025-06-16T14:45:59.019345+00:00 [running]> on host 5b7cdd28fdf5
[2025-06-16T14:46:01.344+0000] {taskinstance.py:3132} INFO - Exporting env vars: AIRFLOW_CTX_DAG_OWNER='***' AIRFLOW_CTX_DAG_ID='06_delete_entry_data_prod' AIRFLOW_CTX_TASK_ID='delete_shopee_files' AIRFLOW_CTX_EXECUTION_DATE='2025-06-16T14:45:59.019345+00:00' AIRFLOW_CTX_TRY_NUMBER='1' AIRFLOW_CTX_DAG_RUN_ID='manual__2025-06-16T14:45:59.019345+00:00'
[2025-06-16T14:46:01.345+0000] {taskinstance.py:731} INFO - ::endgroup::
[2025-06-16T14:46:01.376+0000] {logging_mixin.py:190} INFO - Deleted all files in /opt/***/extraction/shopee/data/raw/prod/ with extension *.xlsx
[2025-06-16T14:46:01.380+0000] {logging_mixin.py:190} INFO - Deleted all files in /opt/***/extraction/shopee/data/raw/prod/ with extension *.xlsx
[2025-06-16T14:46:01.384+0000] {logging_mixin.py:190} INFO - Deleted all files in /opt/***/extraction/shopee/data/raw/prod/ with extension *.xlsx
[2025-06-16T14:46:01.385+0000] {python.py:240} INFO - Done. Returned value was: None
[2025-06-16T14:46:01.398+0000] {taskinstance.py:340} INFO - ::group::Post task execution logs
[2025-06-16T14:46:01.399+0000] {taskinstance.py:352} INFO - Marking task as SUCCESS. dag_id=06_delete_entry_data_prod, task_id=delete_shopee_files, run_id=manual__2025-06-16T14:45:59.019345+00:00, execution_date=20250616T144559, start_date=20250616T144601, end_date=20250616T144601
[2025-06-16T14:46:01.450+0000] {local_task_job_runner.py:266} INFO - Task exited with return code 0
[2025-06-16T14:46:01.472+0000] {taskinstance.py:3895} INFO - 0 downstream tasks scheduled from follow-on schedule check
[2025-06-16T14:46:01.474+0000] {local_task_job_runner.py:245} INFO - ::endgroup::
