[2025-06-10T21:12:04.356+0000] {local_task_job_runner.py:123} INFO - ::group::Pre task execution logs
[2025-06-10T21:12:04.373+0000] {taskinstance.py:2613} INFO - Dependencies all met for dep_context=non-requeueable deps ti=<TaskInstance: 05_transform_data.install_dbt_deps manual__2025-06-10T21:12:01.952253+00:00 [queued]>
[2025-06-10T21:12:04.380+0000] {taskinstance.py:2613} INFO - Dependencies all met for dep_context=requeueable deps ti=<TaskInstance: 05_transform_data.install_dbt_deps manual__2025-06-10T21:12:01.952253+00:00 [queued]>
[2025-06-10T21:12:04.382+0000] {taskinstance.py:2866} INFO - Starting attempt 1 of 1
[2025-06-10T21:12:04.393+0000] {taskinstance.py:2889} INFO - Executing <Task(PythonOperator): install_dbt_deps> on 2025-06-10 21:12:01.952253+00:00
[2025-06-10T21:12:04.397+0000] {standard_task_runner.py:72} INFO - Started process 5039 to run task
[2025-06-10T21:12:04.400+0000] {standard_task_runner.py:104} INFO - Running: ['***', 'tasks', 'run', '05_transform_data', 'install_dbt_deps', 'manual__2025-06-10T21:12:01.952253+00:00', '--job-id', '732', '--raw', '--subdir', 'DAGS_FOLDER/05_transform_data.py', '--cfg-path', '/tmp/tmp82r7356z']
[2025-06-10T21:12:04.402+0000] {standard_task_runner.py:105} INFO - Job 732: Subtask install_dbt_deps
[2025-06-10T21:12:04.453+0000] {task_command.py:467} INFO - Running <TaskInstance: 05_transform_data.install_dbt_deps manual__2025-06-10T21:12:01.952253+00:00 [running]> on host 28e6a58e4107
[2025-06-10T21:12:04.532+0000] {taskinstance.py:3132} INFO - Exporting env vars: AIRFLOW_CTX_DAG_OWNER='***' AIRFLOW_CTX_DAG_ID='05_transform_data' AIRFLOW_CTX_TASK_ID='install_dbt_deps' AIRFLOW_CTX_EXECUTION_DATE='2025-06-10T21:12:01.952253+00:00' AIRFLOW_CTX_TRY_NUMBER='1' AIRFLOW_CTX_DAG_RUN_ID='manual__2025-06-10T21:12:01.952253+00:00'
[2025-06-10T21:12:04.534+0000] {taskinstance.py:731} INFO - ::endgroup::
[2025-06-10T21:12:06.052+0000] {logging_mixin.py:190} INFO - 21:12:06  Running with dbt=1.9.5
[2025-06-10T21:12:06.693+0000] {logging_mixin.py:190} INFO - 21:12:06  Installing dbt-labs/dbt_utils
[2025-06-10T21:12:09.810+0000] {logging_mixin.py:190} INFO - 21:12:09  Installed from version 1.2.0
[2025-06-10T21:12:09.812+0000] {logging_mixin.py:190} INFO - 21:12:09  Updated version available: 1.3.0
[2025-06-10T21:12:09.815+0000] {logging_mixin.py:190} INFO - 21:12:09
[2025-06-10T21:12:09.818+0000] {logging_mixin.py:190} INFO - 21:12:09  Updates available for packages: ['dbt-labs/dbt_utils']                 
Update your versions in packages.yml, then run dbt deps
[2025-06-10T21:12:10.509+0000] {logging_mixin.py:190} INFO - Dependencies sucessfully installed.
[2025-06-10T21:12:10.512+0000] {python.py:240} INFO - Done. Returned value was: None
[2025-06-10T21:12:10.525+0000] {taskinstance.py:340} INFO - ::group::Post task execution logs
[2025-06-10T21:12:10.526+0000] {taskinstance.py:352} INFO - Marking task as SUCCESS. dag_id=05_transform_data, task_id=install_dbt_deps, run_id=manual__2025-06-10T21:12:01.952253+00:00, execution_date=20250610T211201, start_date=20250610T211204, end_date=20250610T211210
[2025-06-10T21:12:10.552+0000] {local_task_job_runner.py:266} INFO - Task exited with return code 0
[2025-06-10T21:12:10.572+0000] {taskinstance.py:3895} INFO - 1 downstream tasks scheduled from follow-on schedule check
[2025-06-10T21:12:10.575+0000] {local_task_job_runner.py:245} INFO - ::endgroup::
