[2025-06-12T00:14:21.761+0000] {local_task_job_runner.py:123} INFO - ::group::Pre task execution logs
[2025-06-12T00:14:21.782+0000] {taskinstance.py:2613} INFO - Dependencies all met for dep_context=non-requeueable deps ti=<TaskInstance: 06_delete_entry_data_prod.delete_shopee_files manual__2025-06-12T00:14:20.372409+00:00 [queued]>
[2025-06-12T00:14:21.792+0000] {taskinstance.py:2613} INFO - Dependencies all met for dep_context=requeueable deps ti=<TaskInstance: 06_delete_entry_data_prod.delete_shopee_files manual__2025-06-12T00:14:20.372409+00:00 [queued]>
[2025-06-12T00:14:21.793+0000] {taskinstance.py:2866} INFO - Starting attempt 1 of 1
[2025-06-12T00:14:21.808+0000] {taskinstance.py:2889} INFO - Executing <Task(PythonOperator): delete_shopee_files> on 2025-06-12 00:14:20.372409+00:00
[2025-06-12T00:14:21.812+0000] {standard_task_runner.py:72} INFO - Started process 8925 to run task
[2025-06-12T00:14:21.816+0000] {standard_task_runner.py:104} INFO - Running: ['***', 'tasks', 'run', '06_delete_entry_data_prod', 'delete_shopee_files', 'manual__2025-06-12T00:14:20.372409+00:00', '--job-id', '995', '--raw', '--subdir', 'DAGS_FOLDER/06_delete_files_tables_prod.py', '--cfg-path', '/tmp/tmprvm1nnjq']
[2025-06-12T00:14:21.818+0000] {standard_task_runner.py:105} INFO - Job 995: Subtask delete_shopee_files
[2025-06-12T00:14:21.886+0000] {task_command.py:467} INFO - Running <TaskInstance: 06_delete_entry_data_prod.delete_shopee_files manual__2025-06-12T00:14:20.372409+00:00 [running]> on host 28e6a58e4107
[2025-06-12T00:14:21.991+0000] {taskinstance.py:3132} INFO - Exporting env vars: AIRFLOW_CTX_DAG_OWNER='***' AIRFLOW_CTX_DAG_ID='06_delete_entry_data_prod' AIRFLOW_CTX_TASK_ID='delete_shopee_files' AIRFLOW_CTX_EXECUTION_DATE='2025-06-12T00:14:20.372409+00:00' AIRFLOW_CTX_TRY_NUMBER='1' AIRFLOW_CTX_DAG_RUN_ID='manual__2025-06-12T00:14:20.372409+00:00'
[2025-06-12T00:14:21.993+0000] {taskinstance.py:731} INFO - ::endgroup::
[2025-06-12T00:14:22.017+0000] {logging_mixin.py:190} INFO - Deleted all files in /opt/***/extraction/shopee/data/raw/prod/ with extension *.xlsx
[2025-06-12T00:14:22.021+0000] {logging_mixin.py:190} INFO - Deleted all files in /opt/***/extraction/shopee/data/raw/prod/ with extension *.xlsx
[2025-06-12T00:14:22.024+0000] {logging_mixin.py:190} INFO - Deleted all files in /opt/***/extraction/shopee/data/raw/prod/ with extension *.xlsx
[2025-06-12T00:14:22.027+0000] {logging_mixin.py:190} INFO - Deleted all files in /opt/***/extraction/shopee/data/raw/prod/ with extension *.xlsx
[2025-06-12T00:14:22.030+0000] {logging_mixin.py:190} INFO - Deleted all files in /opt/***/extraction/shopee/data/raw/prod/ with extension *.xlsx
[2025-06-12T00:14:22.034+0000] {logging_mixin.py:190} INFO - Deleted all files in /opt/***/extraction/shopee/data/raw/prod/ with extension *.xlsx
[2025-06-12T00:14:22.037+0000] {logging_mixin.py:190} INFO - Deleted all files in /opt/***/extraction/shopee/data/raw/prod/ with extension *.xlsx
[2025-06-12T00:14:22.040+0000] {logging_mixin.py:190} INFO - Deleted all files in /opt/***/extraction/shopee/data/raw/prod/ with extension *.xlsx
[2025-06-12T00:14:22.043+0000] {logging_mixin.py:190} INFO - Deleted all files in /opt/***/extraction/shopee/data/raw/prod/ with extension *.xlsx
[2025-06-12T00:14:22.046+0000] {logging_mixin.py:190} INFO - Deleted all files in /opt/***/extraction/shopee/data/raw/prod/ with extension *.xlsx
[2025-06-12T00:14:22.047+0000] {python.py:240} INFO - Done. Returned value was: None
[2025-06-12T00:14:22.062+0000] {taskinstance.py:340} INFO - ::group::Post task execution logs
[2025-06-12T00:14:22.063+0000] {taskinstance.py:352} INFO - Marking task as SUCCESS. dag_id=06_delete_entry_data_prod, task_id=delete_shopee_files, run_id=manual__2025-06-12T00:14:20.372409+00:00, execution_date=20250612T001420, start_date=20250612T001421, end_date=20250612T001422
[2025-06-12T00:14:22.111+0000] {local_task_job_runner.py:266} INFO - Task exited with return code 0
[2025-06-12T00:14:22.134+0000] {taskinstance.py:3895} INFO - 0 downstream tasks scheduled from follow-on schedule check
[2025-06-12T00:14:22.137+0000] {local_task_job_runner.py:245} INFO - ::endgroup::
