[2025-06-05T20:54:08.859+0000] {local_task_job_runner.py:123} INFO - ::group::Pre task execution logs
[2025-06-05T20:54:08.876+0000] {taskinstance.py:2613} INFO - Dependencies all met for dep_context=non-requeueable deps ti=<TaskInstance: 04_transform_data.run_dbt manual__2025-06-05T20:53:59.817263+00:00 [queued]>
[2025-06-05T20:54:08.884+0000] {taskinstance.py:2613} INFO - Dependencies all met for dep_context=requeueable deps ti=<TaskInstance: 04_transform_data.run_dbt manual__2025-06-05T20:53:59.817263+00:00 [queued]>
[2025-06-05T20:54:08.885+0000] {taskinstance.py:2866} INFO - Starting attempt 1 of 1
[2025-06-05T20:54:08.896+0000] {taskinstance.py:2889} INFO - Executing <Task(PythonOperator): run_dbt> on 2025-06-05 20:53:59.817263+00:00
[2025-06-05T20:54:08.900+0000] {standard_task_runner.py:72} INFO - Started process 4549 to run task
[2025-06-05T20:54:08.902+0000] {standard_task_runner.py:104} INFO - Running: ['***', 'tasks', 'run', '04_transform_data', 'run_dbt', 'manual__2025-06-05T20:53:59.817263+00:00', '--job-id', '370', '--raw', '--subdir', 'DAGS_FOLDER/04_transform_data.py', '--cfg-path', '/tmp/tmpor871vrr']
[2025-06-05T20:54:08.904+0000] {standard_task_runner.py:105} INFO - Job 370: Subtask run_dbt
[2025-06-05T20:54:08.953+0000] {task_command.py:467} INFO - Running <TaskInstance: 04_transform_data.run_dbt manual__2025-06-05T20:53:59.817263+00:00 [running]> on host 28e6a58e4107
[2025-06-05T20:54:09.032+0000] {taskinstance.py:3132} INFO - Exporting env vars: AIRFLOW_CTX_DAG_OWNER='***' AIRFLOW_CTX_DAG_ID='04_transform_data' AIRFLOW_CTX_TASK_ID='run_dbt' AIRFLOW_CTX_EXECUTION_DATE='2025-06-05T20:53:59.817263+00:00' AIRFLOW_CTX_TRY_NUMBER='1' AIRFLOW_CTX_DAG_RUN_ID='manual__2025-06-05T20:53:59.817263+00:00'
[2025-06-05T20:54:09.034+0000] {taskinstance.py:731} INFO - ::endgroup::
[2025-06-05T20:54:10.585+0000] {logging_mixin.py:190} INFO - 20:54:10  Running with dbt=1.9.5
[2025-06-05T20:54:10.974+0000] {logging_mixin.py:190} INFO - 20:54:10  Registered adapter: postgres=1.9.0
[2025-06-05T20:54:12.302+0000] {logging_mixin.py:190} INFO - 20:54:12  [WARNING]: Configuration paths exist in your dbt_project.yml file which do not apply to any resources.
There are 1 unused configuration paths:
- models.e_commerce_sales.example
[2025-06-05T20:54:12.658+0000] {logging_mixin.py:190} INFO - 20:54:12  Found 12 models, 12 sources, 549 macros, 1 unit test
[2025-06-05T20:54:12.663+0000] {logging_mixin.py:190} INFO - 20:54:12
[2025-06-05T20:54:12.665+0000] {logging_mixin.py:190} INFO - 20:54:12  Concurrency: 4 threads (target='dev')
[2025-06-05T20:54:12.667+0000] {logging_mixin.py:190} INFO - 20:54:12
[2025-06-05T20:54:12.811+0000] {logging_mixin.py:190} INFO - 20:54:12  1 of 12 START sql incremental model sales.mercadolivre_orders_results .......... [RUN]
[2025-06-05T20:54:12.813+0000] {logging_mixin.py:190} INFO - 20:54:12  2 of 12 START sql incremental model sales.stg_shopee ........................... [RUN]
[2025-06-05T20:54:13.193+0000] {logging_mixin.py:190} INFO - 20:54:13  2 of 12 OK created sql incremental model sales.stg_shopee ...................... [MERGE 0 in 0.37s]
[2025-06-05T20:54:13.198+0000] {logging_mixin.py:190} INFO - 20:54:13  1 of 12 OK created sql incremental model sales.mercadolivre_orders_results ..... [MERGE 190 in 0.38s]
[2025-06-05T20:54:13.203+0000] {logging_mixin.py:190} INFO - 20:54:13  3 of 12 START sql incremental model sales.shopee_new_id ........................ [RUN]
[2025-06-05T20:54:13.208+0000] {logging_mixin.py:190} INFO - 20:54:13  4 of 12 START sql incremental model sales.dim_mercadolivre_buyer ............... [RUN]
[2025-06-05T20:54:13.210+0000] {logging_mixin.py:190} INFO - 20:54:13  5 of 12 START sql incremental model sales.dim_mercadolivre_date ................ [RUN]
[2025-06-05T20:54:13.212+0000] {logging_mixin.py:190} INFO - 20:54:13  6 of 12 START sql incremental model sales.dim_mercadolivre_orders_status ....... [RUN]
[2025-06-05T20:54:13.446+0000] {logging_mixin.py:190} INFO - 20:54:13  3 of 12 OK created sql incremental model sales.shopee_new_id ................... [MERGE 0 in 0.24s]
[2025-06-05T20:54:13.474+0000] {logging_mixin.py:190} INFO - 20:54:13  7 of 12 START sql incremental model sales.dim_mercadolivre_product ............. [RUN]
[2025-06-05T20:54:13.525+0000] {logging_mixin.py:190} INFO - 20:54:13  4 of 12 OK created sql incremental model sales.dim_mercadolivre_buyer .......... [MERGE 188 in 0.30s]
[2025-06-05T20:54:13.533+0000] {logging_mixin.py:190} INFO - 20:54:13  6 of 12 OK created sql incremental model sales.dim_mercadolivre_orders_status .. [MERGE 190 in 0.30s]
[2025-06-05T20:54:13.545+0000] {logging_mixin.py:190} INFO - 20:54:13  8 of 12 START sql incremental model sales.shopee_orders_results ................ [RUN]
[2025-06-05T20:54:13.591+0000] {logging_mixin.py:190} INFO - 20:54:13  5 of 12 OK created sql incremental model sales.dim_mercadolivre_date ........... [MERGE 190 in 0.36s]
[2025-06-05T20:54:13.725+0000] {logging_mixin.py:190} INFO - 20:54:13  7 of 12 OK created sql incremental model sales.dim_mercadolivre_product ........ [MERGE 65 in 0.24s]
[2025-06-05T20:54:13.727+0000] {logging_mixin.py:190} INFO - 20:54:13  8 of 12 OK created sql incremental model sales.shopee_orders_results ........... [MERGE 0 in 0.17s]
[2025-06-05T20:54:13.735+0000] {logging_mixin.py:190} INFO - 20:54:13  9 of 12 START sql incremental model sales.dim_shopee_buyer ..................... [RUN]
[2025-06-05T20:54:13.737+0000] {logging_mixin.py:190} INFO - 20:54:13  10 of 12 START sql incremental model sales.dim_shopee_date ..................... [RUN]
[2025-06-05T20:54:13.738+0000] {logging_mixin.py:190} INFO - 20:54:13  11 of 12 START sql incremental model sales.dim_shopee_orders_status ............ [RUN]
[2025-06-05T20:54:13.740+0000] {logging_mixin.py:190} INFO - 20:54:13  12 of 12 START sql incremental model sales.dim_shopee_product .................. [RUN]
[2025-06-05T20:54:14.010+0000] {logging_mixin.py:190} INFO - 20:54:14  9 of 12 OK created sql incremental model sales.dim_shopee_buyer ................ [MERGE 0 in 0.26s]
[2025-06-05T20:54:14.013+0000] {logging_mixin.py:190} INFO - 20:54:14  10 of 12 OK created sql incremental model sales.dim_shopee_date ................ [MERGE 0 in 0.27s]
[2025-06-05T20:54:14.018+0000] {logging_mixin.py:190} INFO - 20:54:14  11 of 12 OK created sql incremental model sales.dim_shopee_orders_status ....... [MERGE 0 in 0.27s]
[2025-06-05T20:54:14.021+0000] {logging_mixin.py:190} INFO - 20:54:14  12 of 12 OK created sql incremental model sales.dim_shopee_product ............. [MERGE 0 in 0.27s]
[2025-06-05T20:54:14.046+0000] {logging_mixin.py:190} INFO - 20:54:14
[2025-06-05T20:54:14.048+0000] {logging_mixin.py:190} INFO - 20:54:14  Finished running 12 incremental models in 0 hours 0 minutes and 1.38 seconds (1.38s).
[2025-06-05T20:54:14.124+0000] {logging_mixin.py:190} INFO - 20:54:14
[2025-06-05T20:54:14.126+0000] {logging_mixin.py:190} INFO - 20:54:14  Completed successfully
[2025-06-05T20:54:14.127+0000] {logging_mixin.py:190} INFO - 20:54:14
[2025-06-05T20:54:14.129+0000] {logging_mixin.py:190} INFO - 20:54:14  Done. PASS=12 WARN=0 ERROR=0 SKIP=0 TOTAL=12
[2025-06-05T20:54:14.980+0000] {logging_mixin.py:190} INFO - Transformation sucessfully done.
[2025-06-05T20:54:14.981+0000] {python.py:240} INFO - Done. Returned value was: None
[2025-06-05T20:54:14.992+0000] {taskinstance.py:340} INFO - ::group::Post task execution logs
[2025-06-05T20:54:14.993+0000] {taskinstance.py:352} INFO - Marking task as SUCCESS. dag_id=04_transform_data, task_id=run_dbt, run_id=manual__2025-06-05T20:53:59.817263+00:00, execution_date=20250605T205359, start_date=20250605T205408, end_date=20250605T205414
[2025-06-05T20:54:15.052+0000] {local_task_job_runner.py:266} INFO - Task exited with return code 0
[2025-06-05T20:54:15.070+0000] {taskinstance.py:3895} INFO - 0 downstream tasks scheduled from follow-on schedule check
[2025-06-05T20:54:15.073+0000] {local_task_job_runner.py:245} INFO - ::endgroup::
