[2025-06-06T21:33:47.266+0000] {local_task_job_runner.py:123} INFO - ::group::Pre task execution logs
[2025-06-06T21:33:47.285+0000] {taskinstance.py:2613} INFO - Dependencies all met for dep_context=non-requeueable deps ti=<TaskInstance: 05_transform_data.run_dbt manual__2025-06-06T21:33:37.616118+00:00 [queued]>
[2025-06-06T21:33:47.294+0000] {taskinstance.py:2613} INFO - Dependencies all met for dep_context=requeueable deps ti=<TaskInstance: 05_transform_data.run_dbt manual__2025-06-06T21:33:37.616118+00:00 [queued]>
[2025-06-06T21:33:47.295+0000] {taskinstance.py:2866} INFO - Starting attempt 1 of 1
[2025-06-06T21:33:47.308+0000] {taskinstance.py:2889} INFO - Executing <Task(PythonOperator): run_dbt> on 2025-06-06 21:33:37.616118+00:00
[2025-06-06T21:33:47.313+0000] {standard_task_runner.py:72} INFO - Started process 6443 to run task
[2025-06-06T21:33:47.316+0000] {standard_task_runner.py:104} INFO - Running: ['***', 'tasks', 'run', '05_transform_data', 'run_dbt', 'manual__2025-06-06T21:33:37.616118+00:00', '--job-id', '490', '--raw', '--subdir', 'DAGS_FOLDER/05_transform_data.py', '--cfg-path', '/tmp/tmp4xm_4k0c']
[2025-06-06T21:33:47.318+0000] {standard_task_runner.py:105} INFO - Job 490: Subtask run_dbt
[2025-06-06T21:33:47.371+0000] {task_command.py:467} INFO - Running <TaskInstance: 05_transform_data.run_dbt manual__2025-06-06T21:33:37.616118+00:00 [running]> on host 28e6a58e4107
[2025-06-06T21:33:47.454+0000] {taskinstance.py:3132} INFO - Exporting env vars: AIRFLOW_CTX_DAG_OWNER='***' AIRFLOW_CTX_DAG_ID='05_transform_data' AIRFLOW_CTX_TASK_ID='run_dbt' AIRFLOW_CTX_EXECUTION_DATE='2025-06-06T21:33:37.616118+00:00' AIRFLOW_CTX_TRY_NUMBER='1' AIRFLOW_CTX_DAG_RUN_ID='manual__2025-06-06T21:33:37.616118+00:00'
[2025-06-06T21:33:47.456+0000] {taskinstance.py:731} INFO - ::endgroup::
[2025-06-06T21:33:49.010+0000] {logging_mixin.py:190} INFO - 21:33:49  Running with dbt=1.9.5
[2025-06-06T21:33:49.417+0000] {logging_mixin.py:190} INFO - 21:33:49  Registered adapter: postgres=1.9.0
[2025-06-06T21:33:50.744+0000] {logging_mixin.py:190} INFO - 21:33:50  [WARNING]: Configuration paths exist in your dbt_project.yml file which do not apply to any resources.
There are 1 unused configuration paths:
- models.e_commerce_sales.example
[2025-06-06T21:33:51.203+0000] {logging_mixin.py:190} INFO - 21:33:51  Found 15 models, 12 sources, 549 macros, 1 unit test
[2025-06-06T21:33:51.210+0000] {logging_mixin.py:190} INFO - 21:33:51
[2025-06-06T21:33:51.213+0000] {logging_mixin.py:190} INFO - 21:33:51  Concurrency: 4 threads (target='dev')
[2025-06-06T21:33:51.216+0000] {logging_mixin.py:190} INFO - 21:33:51
[2025-06-06T21:33:51.425+0000] {logging_mixin.py:190} INFO - 21:33:51  1 of 15 START sql incremental model sales.mercadolivre_orders_results .......... [RUN]
[2025-06-06T21:33:51.427+0000] {logging_mixin.py:190} INFO - 21:33:51  2 of 15 START sql incremental model sales.stg_shopee ........................... [RUN]
[2025-06-06T21:33:51.821+0000] {logging_mixin.py:190} INFO - 21:33:51  2 of 15 OK created sql incremental model sales.stg_shopee ...................... [MERGE 0 in 0.39s]
[2025-06-06T21:33:51.826+0000] {logging_mixin.py:190} INFO - 21:33:51  3 of 15 START sql incremental model sales.shopee_new_id ........................ [RUN]
[2025-06-06T21:33:51.932+0000] {logging_mixin.py:190} INFO - 21:33:51  3 of 15 OK created sql incremental model sales.shopee_new_id ................... [MERGE 0 in 0.10s]
[2025-06-06T21:33:51.938+0000] {logging_mixin.py:190} INFO - 21:33:51  4 of 15 START sql incremental model sales.shopee_orders_results ................ [RUN]
[2025-06-06T21:33:52.065+0000] {logging_mixin.py:190} INFO - 21:33:52  4 of 15 OK created sql incremental model sales.shopee_orders_results ........... [MERGE 0 in 0.12s]
[2025-06-06T21:33:52.071+0000] {logging_mixin.py:190} INFO - 21:33:52  5 of 15 START sql incremental model sales.dim_shopee_buyer ..................... [RUN]
[2025-06-06T21:33:52.073+0000] {logging_mixin.py:190} INFO - 21:33:52  6 of 15 START sql incremental model sales.dim_shopee_date ...................... [RUN]
[2025-06-06T21:33:52.075+0000] {logging_mixin.py:190} INFO - 21:33:52  7 of 15 START sql incremental model sales.dim_shopee_orders_status ............. [RUN]
[2025-06-06T21:33:52.325+0000] {logging_mixin.py:190} INFO - 21:33:52  6 of 15 OK created sql incremental model sales.dim_shopee_date ................. [MERGE 0 in 0.24s]
[2025-06-06T21:33:52.334+0000] {logging_mixin.py:190} INFO - 21:33:52  5 of 15 OK created sql incremental model sales.dim_shopee_buyer ................ [MERGE 0 in 0.25s]
[2025-06-06T21:33:52.336+0000] {logging_mixin.py:190} INFO - 21:33:52  7 of 15 OK created sql incremental model sales.dim_shopee_orders_status ........ [MERGE 0 in 0.25s]
[2025-06-06T21:33:52.345+0000] {logging_mixin.py:190} INFO - 21:33:52  8 of 15 START sql incremental model sales.dim_shopee_product ................... [RUN]
[2025-06-06T21:33:52.349+0000] {logging_mixin.py:190} INFO - 21:33:52  9 of 15 START sql view model sales.sum_shopee_monthly_profit ................... [RUN]
[2025-06-06T21:33:52.353+0000] {logging_mixin.py:190} INFO - 21:33:52  10 of 15 START sql view model sales.sum_shopee_monthly_revenue ................. [RUN]
[2025-06-06T21:33:52.592+0000] {logging_mixin.py:190} INFO - 21:33:52  9 of 15 OK created sql view model sales.sum_shopee_monthly_profit .............. [CREATE VIEW in 0.23s]
[2025-06-06T21:33:52.600+0000] {logging_mixin.py:190} INFO - 21:33:52  10 of 15 OK created sql view model sales.sum_shopee_monthly_revenue ............ [CREATE VIEW in 0.24s]
[2025-06-06T21:33:52.604+0000] {logging_mixin.py:190} INFO - 21:33:52  8 of 15 OK created sql incremental model sales.dim_shopee_product .............. [MERGE 0 in 0.25s]
[2025-06-06T21:33:52.611+0000] {logging_mixin.py:190} INFO - 21:33:52  11 of 15 START sql view model sales.sum_shopee_products_sold ................... [RUN]
[2025-06-06T21:33:52.700+0000] {logging_mixin.py:190} INFO - 21:33:52  11 of 15 OK created sql view model sales.sum_shopee_products_sold .............. [CREATE VIEW in 0.09s]
[2025-06-06T21:33:54.569+0000] {logging_mixin.py:190} INFO - 21:33:54  1 of 15 OK created sql incremental model sales.mercadolivre_orders_results ..... [MERGE 190 in 3.14s]
[2025-06-06T21:33:54.576+0000] {logging_mixin.py:190} INFO - 21:33:54  12 of 15 START sql incremental model sales.dim_mercadolivre_buyer .............. [RUN]
[2025-06-06T21:33:54.578+0000] {logging_mixin.py:190} INFO - 21:33:54  13 of 15 START sql incremental model sales.dim_mercadolivre_date ............... [RUN]
[2025-06-06T21:33:54.580+0000] {logging_mixin.py:190} INFO - 21:33:54  14 of 15 START sql incremental model sales.dim_mercadolivre_orders_status ...... [RUN]
[2025-06-06T21:33:54.582+0000] {logging_mixin.py:190} INFO - 21:33:54  15 of 15 START sql incremental model sales.dim_mercadolivre_product ............ [RUN]
[2025-06-06T21:33:54.861+0000] {logging_mixin.py:190} INFO - 21:33:54  14 of 15 OK created sql incremental model sales.dim_mercadolivre_orders_status . [MERGE 190 in 0.27s]
[2025-06-06T21:33:54.883+0000] {logging_mixin.py:190} INFO - 21:33:54  12 of 15 OK created sql incremental model sales.dim_mercadolivre_buyer ......... [MERGE 188 in 0.30s]
[2025-06-06T21:33:56.541+0000] {logging_mixin.py:190} INFO - 21:33:56  13 of 15 OK created sql incremental model sales.dim_mercadolivre_date .......... [MERGE 190 in 1.95s]
[2025-06-06T21:33:58.082+0000] {logging_mixin.py:190} INFO - 21:33:58  15 of 15 OK created sql incremental model sales.dim_mercadolivre_product ....... [MERGE 65 in 3.49s]
[2025-06-06T21:33:58.109+0000] {logging_mixin.py:190} INFO - 21:33:58
[2025-06-06T21:33:58.110+0000] {logging_mixin.py:190} INFO - 21:33:58  Finished running 12 incremental models, 3 view models in 0 hours 0 minutes and 6.89 seconds (6.89s).
[2025-06-06T21:33:58.205+0000] {logging_mixin.py:190} INFO - 21:33:58
[2025-06-06T21:33:58.207+0000] {logging_mixin.py:190} INFO - 21:33:58  Completed successfully
[2025-06-06T21:33:58.209+0000] {logging_mixin.py:190} INFO - 21:33:58
[2025-06-06T21:33:58.210+0000] {logging_mixin.py:190} INFO - 21:33:58  Done. PASS=15 WARN=0 ERROR=0 SKIP=0 TOTAL=15
[2025-06-06T21:33:59.077+0000] {logging_mixin.py:190} INFO - Transformation sucessfully done.
[2025-06-06T21:33:59.079+0000] {python.py:240} INFO - Done. Returned value was: None
[2025-06-06T21:33:59.091+0000] {taskinstance.py:340} INFO - ::group::Post task execution logs
[2025-06-06T21:33:59.093+0000] {taskinstance.py:352} INFO - Marking task as SUCCESS. dag_id=05_transform_data, task_id=run_dbt, run_id=manual__2025-06-06T21:33:37.616118+00:00, execution_date=20250606T213337, start_date=20250606T213347, end_date=20250606T213359
[2025-06-06T21:33:59.128+0000] {local_task_job_runner.py:266} INFO - Task exited with return code 0
[2025-06-06T21:33:59.145+0000] {taskinstance.py:3895} INFO - 0 downstream tasks scheduled from follow-on schedule check
[2025-06-06T21:33:59.148+0000] {local_task_job_runner.py:245} INFO - ::endgroup::
