[2025-05-23T14:37:51.376+0000] {local_task_job_runner.py:123} INFO - ::group::Pre task execution logs
[2025-05-23T14:37:51.394+0000] {taskinstance.py:2613} INFO - Dependencies all met for dep_context=non-requeueable deps ti=<TaskInstance: 04_transform_data.run_dbt manual__2025-05-23T14:37:36.869585+00:00 [queued]>
[2025-05-23T14:37:51.403+0000] {taskinstance.py:2613} INFO - Dependencies all met for dep_context=requeueable deps ti=<TaskInstance: 04_transform_data.run_dbt manual__2025-05-23T14:37:36.869585+00:00 [queued]>
[2025-05-23T14:37:51.404+0000] {taskinstance.py:2866} INFO - Starting attempt 1 of 1
[2025-05-23T14:37:51.416+0000] {taskinstance.py:2889} INFO - Executing <Task(PythonOperator): run_dbt> on 2025-05-23 14:37:36.869585+00:00
[2025-05-23T14:37:51.420+0000] {standard_task_runner.py:72} INFO - Started process 439 to run task
[2025-05-23T14:37:51.423+0000] {standard_task_runner.py:104} INFO - Running: ['***', 'tasks', 'run', '04_transform_data', 'run_dbt', 'manual__2025-05-23T14:37:36.869585+00:00', '--job-id', '236', '--raw', '--subdir', 'DAGS_FOLDER/04_transform_data.py', '--cfg-path', '/tmp/tmp4mvu4c0e']
[2025-05-23T14:37:51.425+0000] {standard_task_runner.py:105} INFO - Job 236: Subtask run_dbt
[2025-05-23T14:37:51.476+0000] {task_command.py:467} INFO - Running <TaskInstance: 04_transform_data.run_dbt manual__2025-05-23T14:37:36.869585+00:00 [running]> on host e27e96d1841a
[2025-05-23T14:37:51.562+0000] {taskinstance.py:3132} INFO - Exporting env vars: AIRFLOW_CTX_DAG_OWNER='***' AIRFLOW_CTX_DAG_ID='04_transform_data' AIRFLOW_CTX_TASK_ID='run_dbt' AIRFLOW_CTX_EXECUTION_DATE='2025-05-23T14:37:36.869585+00:00' AIRFLOW_CTX_TRY_NUMBER='1' AIRFLOW_CTX_DAG_RUN_ID='manual__2025-05-23T14:37:36.869585+00:00'
[2025-05-23T14:37:51.564+0000] {taskinstance.py:731} INFO - ::endgroup::
[2025-05-23T14:37:53.181+0000] {logging_mixin.py:190} INFO - 14:37:53  Running with dbt=1.9.4
[2025-05-23T14:37:53.537+0000] {logging_mixin.py:190} INFO - 14:37:53  Registered adapter: postgres=1.9.0
[2025-05-23T14:37:55.279+0000] {logging_mixin.py:190} INFO - 14:37:55  [WARNING]: Configuration paths exist in your dbt_project.yml file which do not apply to any resources.
There are 1 unused configuration paths:
- models.e_commerce_sales.example
[2025-05-23T14:37:55.456+0000] {logging_mixin.py:190} INFO - 14:37:55  Found 11 models, 12 sources, 549 macros
[2025-05-23T14:37:55.460+0000] {logging_mixin.py:190} INFO - 14:37:55
[2025-05-23T14:37:55.462+0000] {logging_mixin.py:190} INFO - 14:37:55  Concurrency: 4 threads (target='dev')
[2025-05-23T14:37:55.463+0000] {logging_mixin.py:190} INFO - 14:37:55
[2025-05-23T14:37:55.590+0000] {logging_mixin.py:190} INFO - 14:37:55  1 of 11 START sql incremental model sales.mercadolivre_orders_results .......... [RUN]
[2025-05-23T14:37:55.592+0000] {logging_mixin.py:190} INFO - 14:37:55  2 of 11 START sql incremental model sales.shopee_new_id ........................ [RUN]
[2025-05-23T14:37:55.927+0000] {logging_mixin.py:190} INFO - 14:37:55  1 of 11 OK created sql incremental model sales.mercadolivre_orders_results ..... [SELECT 190 in 0.33s]
[2025-05-23T14:37:55.933+0000] {logging_mixin.py:190} INFO - 14:37:55  3 of 11 START sql incremental model sales.dim_mercadolivre_buyer ............... [RUN]
[2025-05-23T14:37:55.936+0000] {logging_mixin.py:190} INFO - 14:37:55  4 of 11 START sql incremental model sales.dim_mercadolivre_date ................ [RUN]
[2025-05-23T14:37:55.937+0000] {logging_mixin.py:190} INFO - 14:37:55  5 of 11 START sql incremental model sales.dim_mercadolivre_orders_status ....... [RUN]
[2025-05-23T14:37:56.016+0000] {logging_mixin.py:190} INFO - 14:37:56  2 of 11 OK created sql incremental model sales.shopee_new_id ................... [MERGE 0 in 0.41s]
[2025-05-23T14:37:56.022+0000] {logging_mixin.py:190} INFO - 14:37:56  6 of 11 START sql incremental model sales.dim_mercadolivre_product ............. [RUN]
[2025-05-23T14:37:56.188+0000] {logging_mixin.py:190} INFO - 14:37:56  6 of 11 OK created sql incremental model sales.dim_mercadolivre_product ........ [SELECT 65 in 0.16s]
[2025-05-23T14:37:56.202+0000] {logging_mixin.py:190} INFO - 14:37:56  7 of 11 START sql incremental model sales.shopee_orders_results ................ [RUN]
[2025-05-23T14:37:56.206+0000] {logging_mixin.py:190} INFO - 14:37:56  3 of 11 OK created sql incremental model sales.dim_mercadolivre_buyer .......... [MERGE 188 in 0.26s]
[2025-05-23T14:37:56.208+0000] {logging_mixin.py:190} INFO - 14:37:56  4 of 11 OK created sql incremental model sales.dim_mercadolivre_date ........... [MERGE 190 in 0.26s]
[2025-05-23T14:37:56.210+0000] {logging_mixin.py:190} INFO - 14:37:56  5 of 11 OK created sql incremental model sales.dim_mercadolivre_orders_status .. [MERGE 190 in 0.26s]
[2025-05-23T14:37:56.326+0000] {logging_mixin.py:190} INFO - 14:37:56  7 of 11 OK created sql incremental model sales.shopee_orders_results ........... [MERGE 0 in 0.11s]
[2025-05-23T14:37:56.332+0000] {logging_mixin.py:190} INFO - 14:37:56  8 of 11 START sql incremental model sales.dim_shopee_buyer ..................... [RUN]
[2025-05-23T14:37:56.334+0000] {logging_mixin.py:190} INFO - 14:37:56  9 of 11 START sql incremental model sales.dim_shopee_date ...................... [RUN]
[2025-05-23T14:37:56.336+0000] {logging_mixin.py:190} INFO - 14:37:56  10 of 11 START sql incremental model sales.dim_shopee_orders_status ............ [RUN]
[2025-05-23T14:37:56.337+0000] {logging_mixin.py:190} INFO - 14:37:56  11 of 11 START sql incremental model sales.dim_shopee_product .................. [RUN]
[2025-05-23T14:37:56.637+0000] {logging_mixin.py:190} INFO - 14:37:56  10 of 11 OK created sql incremental model sales.dim_shopee_orders_status ....... [MERGE 0 in 0.29s]
[2025-05-23T14:37:56.640+0000] {logging_mixin.py:190} INFO - 14:37:56  11 of 11 OK created sql incremental model sales.dim_shopee_product ............. [MERGE 0 in 0.29s]
[2025-05-23T14:37:56.642+0000] {logging_mixin.py:190} INFO - 14:37:56  8 of 11 OK created sql incremental model sales.dim_shopee_buyer ................ [MERGE 0 in 0.30s]
[2025-05-23T14:37:56.645+0000] {logging_mixin.py:190} INFO - 14:37:56  9 of 11 OK created sql incremental model sales.dim_shopee_date ................. [MERGE 0 in 0.30s]
[2025-05-23T14:37:56.673+0000] {logging_mixin.py:190} INFO - 14:37:56
[2025-05-23T14:37:56.675+0000] {logging_mixin.py:190} INFO - 14:37:56  Finished running 11 incremental models in 0 hours 0 minutes and 1.21 seconds (1.21s).
[2025-05-23T14:37:56.752+0000] {logging_mixin.py:190} INFO - 14:37:56
[2025-05-23T14:37:56.754+0000] {logging_mixin.py:190} INFO - 14:37:56  Completed successfully
[2025-05-23T14:37:56.756+0000] {logging_mixin.py:190} INFO - 14:37:56
[2025-05-23T14:37:56.757+0000] {logging_mixin.py:190} INFO - 14:37:56  Done. PASS=11 WARN=0 ERROR=0 SKIP=0 TOTAL=11
[2025-05-23T14:37:57.652+0000] {logging_mixin.py:190} INFO - Transformation sucessfully done.
[2025-05-23T14:37:57.653+0000] {python.py:240} INFO - Done. Returned value was: None
[2025-05-23T14:37:57.665+0000] {taskinstance.py:340} INFO - ::group::Post task execution logs
[2025-05-23T14:37:57.667+0000] {taskinstance.py:352} INFO - Marking task as SUCCESS. dag_id=04_transform_data, task_id=run_dbt, run_id=manual__2025-05-23T14:37:36.869585+00:00, execution_date=20250523T143736, start_date=20250523T143751, end_date=20250523T143757
[2025-05-23T14:37:57.702+0000] {local_task_job_runner.py:266} INFO - Task exited with return code 0
[2025-05-23T14:37:57.738+0000] {taskinstance.py:3895} INFO - 0 downstream tasks scheduled from follow-on schedule check
[2025-05-23T14:37:57.741+0000] {local_task_job_runner.py:245} INFO - ::endgroup::
