[2025-06-05T19:45:36.097+0000] {local_task_job_runner.py:123} INFO - ::group::Pre task execution logs
[2025-06-05T19:45:36.116+0000] {taskinstance.py:2613} INFO - Dependencies all met for dep_context=non-requeueable deps ti=<TaskInstance: 04_transform_data.install_dbt_deps manual__2025-06-05T19:45:33.938106+00:00 [queued]>
[2025-06-05T19:45:36.124+0000] {taskinstance.py:2613} INFO - Dependencies all met for dep_context=requeueable deps ti=<TaskInstance: 04_transform_data.install_dbt_deps manual__2025-06-05T19:45:33.938106+00:00 [queued]>
[2025-06-05T19:45:36.126+0000] {taskinstance.py:2866} INFO - Starting attempt 1 of 1
[2025-06-05T19:45:36.139+0000] {taskinstance.py:2889} INFO - Executing <Task(PythonOperator): install_dbt_deps> on 2025-06-05 19:45:33.938106+00:00
[2025-06-05T19:45:36.144+0000] {standard_task_runner.py:72} INFO - Started process 2236 to run task
[2025-06-05T19:45:36.148+0000] {standard_task_runner.py:104} INFO - Running: ['***', 'tasks', 'run', '04_transform_data', 'install_dbt_deps', 'manual__2025-06-05T19:45:33.938106+00:00', '--job-id', '344', '--raw', '--subdir', 'DAGS_FOLDER/04_transform_data.py', '--cfg-path', '/tmp/tmplmv4_mda']
[2025-06-05T19:45:36.150+0000] {standard_task_runner.py:105} INFO - Job 344: Subtask install_dbt_deps
[2025-06-05T19:45:36.210+0000] {task_command.py:467} INFO - Running <TaskInstance: 04_transform_data.install_dbt_deps manual__2025-06-05T19:45:33.938106+00:00 [running]> on host 28e6a58e4107
[2025-06-05T19:45:36.298+0000] {taskinstance.py:3132} INFO - Exporting env vars: AIRFLOW_CTX_DAG_OWNER='***' AIRFLOW_CTX_DAG_ID='04_transform_data' AIRFLOW_CTX_TASK_ID='install_dbt_deps' AIRFLOW_CTX_EXECUTION_DATE='2025-06-05T19:45:33.938106+00:00' AIRFLOW_CTX_TRY_NUMBER='1' AIRFLOW_CTX_DAG_RUN_ID='manual__2025-06-05T19:45:33.938106+00:00'
[2025-06-05T19:45:36.299+0000] {taskinstance.py:731} INFO - ::endgroup::
[2025-06-05T19:45:37.928+0000] {logging_mixin.py:190} INFO - 19:45:37  Running with dbt=1.9.5
[2025-06-05T19:45:38.825+0000] {logging_mixin.py:190} INFO - 19:45:38  Installing dbt-labs/dbt_utils
[2025-06-05T19:45:42.371+0000] {logging_mixin.py:190} INFO - 19:45:42  Installed from version 1.2.0
[2025-06-05T19:45:42.373+0000] {logging_mixin.py:190} INFO - 19:45:42  Updated version available: 1.3.0
[2025-06-05T19:45:42.376+0000] {logging_mixin.py:190} INFO - 19:45:42
[2025-06-05T19:45:42.378+0000] {logging_mixin.py:190} INFO - 19:45:42  Updates available for packages: ['dbt-labs/dbt_utils']                 
Update your versions in packages.yml, then run dbt deps
[2025-06-05T19:45:43.137+0000] {logging_mixin.py:190} INFO - Dependencies sucessfully installed.
[2025-06-05T19:45:43.139+0000] {python.py:240} INFO - Done. Returned value was: None
[2025-06-05T19:45:43.152+0000] {taskinstance.py:340} INFO - ::group::Post task execution logs
[2025-06-05T19:45:43.154+0000] {taskinstance.py:352} INFO - Marking task as SUCCESS. dag_id=04_transform_data, task_id=install_dbt_deps, run_id=manual__2025-06-05T19:45:33.938106+00:00, execution_date=20250605T194533, start_date=20250605T194536, end_date=20250605T194543
[2025-06-05T19:45:43.186+0000] {local_task_job_runner.py:266} INFO - Task exited with return code 0
[2025-06-05T19:45:43.208+0000] {taskinstance.py:3895} INFO - 1 downstream tasks scheduled from follow-on schedule check
[2025-06-05T19:45:43.211+0000] {local_task_job_runner.py:245} INFO - ::endgroup::
