[2025-06-11T18:39:31.843+0000] {local_task_job_runner.py:123} INFO - ::group::Pre task execution logs
[2025-06-11T18:39:31.864+0000] {taskinstance.py:2613} INFO - Dependencies all met for dep_context=non-requeueable deps ti=<TaskInstance: 06_delete_entry_data.delete_tables manual__2025-06-11T18:39:30.141519+00:00 [queued]>
[2025-06-11T18:39:31.873+0000] {taskinstance.py:2613} INFO - Dependencies all met for dep_context=requeueable deps ti=<TaskInstance: 06_delete_entry_data.delete_tables manual__2025-06-11T18:39:30.141519+00:00 [queued]>
[2025-06-11T18:39:31.875+0000] {taskinstance.py:2866} INFO - Starting attempt 1 of 1
[2025-06-11T18:39:31.888+0000] {taskinstance.py:2889} INFO - Executing <Task(PythonOperator): delete_tables> on 2025-06-11 18:39:30.141519+00:00
[2025-06-11T18:39:31.895+0000] {standard_task_runner.py:72} INFO - Started process 597 to run task
[2025-06-11T18:39:31.899+0000] {standard_task_runner.py:104} INFO - Running: ['***', 'tasks', 'run', '06_delete_entry_data', 'delete_tables', 'manual__2025-06-11T18:39:30.141519+00:00', '--job-id', '878', '--raw', '--subdir', 'DAGS_FOLDER/06_delete_files_tables.py', '--cfg-path', '/tmp/tmpio8sawhd']
[2025-06-11T18:39:31.901+0000] {standard_task_runner.py:105} INFO - Job 878: Subtask delete_tables
[2025-06-11T18:39:31.967+0000] {task_command.py:467} INFO - Running <TaskInstance: 06_delete_entry_data.delete_tables manual__2025-06-11T18:39:30.141519+00:00 [running]> on host 28e6a58e4107
[2025-06-11T18:39:32.059+0000] {taskinstance.py:3132} INFO - Exporting env vars: AIRFLOW_CTX_DAG_OWNER='***' AIRFLOW_CTX_DAG_ID='06_delete_entry_data' AIRFLOW_CTX_TASK_ID='delete_tables' AIRFLOW_CTX_EXECUTION_DATE='2025-06-11T18:39:30.141519+00:00' AIRFLOW_CTX_TRY_NUMBER='1' AIRFLOW_CTX_DAG_RUN_ID='manual__2025-06-11T18:39:30.141519+00:00'
[2025-06-11T18:39:32.060+0000] {taskinstance.py:731} INFO - ::endgroup::
[2025-06-11T18:39:32.084+0000] {taskinstance.py:3311} ERROR - Task failed with exception
Traceback (most recent call last):
  File "/home/airflow/.local/lib/python3.9/site-packages/airflow/models/taskinstance.py", line 767, in _execute_task
    result = _execute_callable(context=context, **execute_callable_kwargs)
  File "/home/airflow/.local/lib/python3.9/site-packages/airflow/models/taskinstance.py", line 733, in _execute_callable
    return ExecutionCallableRunner(
  File "/home/airflow/.local/lib/python3.9/site-packages/airflow/utils/operator_helpers.py", line 252, in run
    return self.func(*args, **kwargs)
  File "/home/airflow/.local/lib/python3.9/site-packages/airflow/models/baseoperator.py", line 422, in wrapper
    return func(self, *args, **kwargs)
  File "/home/airflow/.local/lib/python3.9/site-packages/airflow/operators/python.py", line 238, in execute
    return_value = self.execute_callable()
  File "/home/airflow/.local/lib/python3.9/site-packages/airflow/operators/python.py", line 256, in execute_callable
    return runner.run(*self.op_args, **self.op_kwargs)
  File "/home/airflow/.local/lib/python3.9/site-packages/airflow/utils/operator_helpers.py", line 252, in run
    return self.func(*args, **kwargs)
  File "/opt/airflow/dbt_files/delete_tables.py", line 19, in delete_entry_tables
    conn = psycopg2.connect(database="sales_db", host=host, user=user, password="airflow", port="5432")
  File "/home/airflow/.local/lib/python3.9/site-packages/psycopg2/__init__.py", line 122, in connect
    conn = _connect(dsn, connection_factory=connection_factory, **kwasync)
psycopg2.OperationalError: connection to server at "pgdatabase" (172.18.0.2), port 5432 failed: FATAL:  password authentication failed for user "root"

[2025-06-11T18:39:32.101+0000] {taskinstance.py:1225} INFO - Marking task as FAILED. dag_id=06_delete_entry_data, task_id=delete_tables, run_id=manual__2025-06-11T18:39:30.141519+00:00, execution_date=20250611T183930, start_date=20250611T183931, end_date=20250611T183932
[2025-06-11T18:39:32.117+0000] {taskinstance.py:340} INFO - ::group::Post task execution logs
[2025-06-11T18:39:32.118+0000] {standard_task_runner.py:124} ERROR - Failed to execute job 878 for task delete_tables (connection to server at "pgdatabase" (172.18.0.2), port 5432 failed: FATAL:  password authentication failed for user "root"
; 597)
Traceback (most recent call last):
  File "/home/airflow/.local/lib/python3.9/site-packages/airflow/task/task_runner/standard_task_runner.py", line 117, in _start_by_fork
    ret = args.func(args, dag=self.dag)
  File "/home/airflow/.local/lib/python3.9/site-packages/airflow/cli/cli_config.py", line 49, in command
    return func(*args, **kwargs)
  File "/home/airflow/.local/lib/python3.9/site-packages/airflow/utils/cli.py", line 116, in wrapper
    return f(*args, **kwargs)
  File "/home/airflow/.local/lib/python3.9/site-packages/airflow/cli/commands/task_command.py", line 483, in task_run
    task_return_code = _run_task_by_selected_method(args, _dag, ti)
  File "/home/airflow/.local/lib/python3.9/site-packages/airflow/cli/commands/task_command.py", line 256, in _run_task_by_selected_method
    return _run_raw_task(args, ti)
  File "/home/airflow/.local/lib/python3.9/site-packages/airflow/cli/commands/task_command.py", line 341, in _run_raw_task
    return ti._run_raw_task(
  File "/home/airflow/.local/lib/python3.9/site-packages/airflow/utils/session.py", line 97, in wrapper
    return func(*args, session=session, **kwargs)
  File "/home/airflow/.local/lib/python3.9/site-packages/airflow/models/taskinstance.py", line 3005, in _run_raw_task
    return _run_raw_task(
  File "/home/airflow/.local/lib/python3.9/site-packages/airflow/models/taskinstance.py", line 273, in _run_raw_task
    TaskInstance._execute_task_with_callbacks(
  File "/home/airflow/.local/lib/python3.9/site-packages/airflow/models/taskinstance.py", line 3159, in _execute_task_with_callbacks
    result = self._execute_task(context, task_orig)
  File "/home/airflow/.local/lib/python3.9/site-packages/airflow/models/taskinstance.py", line 3183, in _execute_task
    return _execute_task(self, context, task_orig)
  File "/home/airflow/.local/lib/python3.9/site-packages/airflow/models/taskinstance.py", line 767, in _execute_task
    result = _execute_callable(context=context, **execute_callable_kwargs)
  File "/home/airflow/.local/lib/python3.9/site-packages/airflow/models/taskinstance.py", line 733, in _execute_callable
    return ExecutionCallableRunner(
  File "/home/airflow/.local/lib/python3.9/site-packages/airflow/utils/operator_helpers.py", line 252, in run
    return self.func(*args, **kwargs)
  File "/home/airflow/.local/lib/python3.9/site-packages/airflow/models/baseoperator.py", line 422, in wrapper
    return func(self, *args, **kwargs)
  File "/home/airflow/.local/lib/python3.9/site-packages/airflow/operators/python.py", line 238, in execute
    return_value = self.execute_callable()
  File "/home/airflow/.local/lib/python3.9/site-packages/airflow/operators/python.py", line 256, in execute_callable
    return runner.run(*self.op_args, **self.op_kwargs)
  File "/home/airflow/.local/lib/python3.9/site-packages/airflow/utils/operator_helpers.py", line 252, in run
    return self.func(*args, **kwargs)
  File "/opt/airflow/dbt_files/delete_tables.py", line 19, in delete_entry_tables
    conn = psycopg2.connect(database="sales_db", host=host, user=user, password="airflow", port="5432")
  File "/home/airflow/.local/lib/python3.9/site-packages/psycopg2/__init__.py", line 122, in connect
    conn = _connect(dsn, connection_factory=connection_factory, **kwasync)
psycopg2.OperationalError: connection to server at "pgdatabase" (172.18.0.2), port 5432 failed: FATAL:  password authentication failed for user "root"

[2025-06-11T18:39:32.154+0000] {local_task_job_runner.py:266} INFO - Task exited with return code 1
[2025-06-11T18:39:32.166+0000] {local_task_job_runner.py:245} INFO - ::endgroup::
