[2025-06-05T19:08:46.444+0000] {local_task_job_runner.py:123} INFO - ::group::Pre task execution logs
[2025-06-05T19:08:46.461+0000] {taskinstance.py:2613} INFO - Dependencies all met for dep_context=non-requeueable deps ti=<TaskInstance: 04_transform_data.run_dbt manual__2025-06-05T19:08:36.502869+00:00 [queued]>
[2025-06-05T19:08:46.469+0000] {taskinstance.py:2613} INFO - Dependencies all met for dep_context=requeueable deps ti=<TaskInstance: 04_transform_data.run_dbt manual__2025-06-05T19:08:36.502869+00:00 [queued]>
[2025-06-05T19:08:46.470+0000] {taskinstance.py:2866} INFO - Starting attempt 1 of 1
[2025-06-05T19:08:46.481+0000] {taskinstance.py:2889} INFO - Executing <Task(PythonOperator): run_dbt> on 2025-06-05 19:08:36.502869+00:00
[2025-06-05T19:08:46.486+0000] {standard_task_runner.py:72} INFO - Started process 1691 to run task
[2025-06-05T19:08:46.488+0000] {standard_task_runner.py:104} INFO - Running: ['***', 'tasks', 'run', '04_transform_data', 'run_dbt', 'manual__2025-06-05T19:08:36.502869+00:00', '--job-id', '337', '--raw', '--subdir', 'DAGS_FOLDER/04_transform_data.py', '--cfg-path', '/tmp/tmpqtwoe60f']
[2025-06-05T19:08:46.490+0000] {standard_task_runner.py:105} INFO - Job 337: Subtask run_dbt
[2025-06-05T19:08:46.540+0000] {task_command.py:467} INFO - Running <TaskInstance: 04_transform_data.run_dbt manual__2025-06-05T19:08:36.502869+00:00 [running]> on host 28e6a58e4107
[2025-06-05T19:08:46.619+0000] {taskinstance.py:3132} INFO - Exporting env vars: AIRFLOW_CTX_DAG_OWNER='***' AIRFLOW_CTX_DAG_ID='04_transform_data' AIRFLOW_CTX_TASK_ID='run_dbt' AIRFLOW_CTX_EXECUTION_DATE='2025-06-05T19:08:36.502869+00:00' AIRFLOW_CTX_TRY_NUMBER='1' AIRFLOW_CTX_DAG_RUN_ID='manual__2025-06-05T19:08:36.502869+00:00'
[2025-06-05T19:08:46.621+0000] {taskinstance.py:731} INFO - ::endgroup::
[2025-06-05T19:08:48.369+0000] {logging_mixin.py:190} INFO - 19:08:48  Running with dbt=1.9.5
[2025-06-05T19:08:48.731+0000] {logging_mixin.py:190} INFO - 19:08:48  Registered adapter: postgres=1.9.0
[2025-06-05T19:08:50.569+0000] {logging_mixin.py:190} INFO - 19:08:50  [WARNING]: Configuration paths exist in your dbt_project.yml file which do not apply to any resources.
There are 1 unused configuration paths:
- models.e_commerce_sales.example
[2025-06-05T19:08:50.776+0000] {logging_mixin.py:190} INFO - 19:08:50  Found 11 models, 12 sources, 549 macros, 1 unit test
[2025-06-05T19:08:50.781+0000] {logging_mixin.py:190} INFO - 19:08:50
[2025-06-05T19:08:50.783+0000] {logging_mixin.py:190} INFO - 19:08:50  Concurrency: 4 threads (target='dev')
[2025-06-05T19:08:50.784+0000] {logging_mixin.py:190} INFO - 19:08:50
[2025-06-05T19:08:50.919+0000] {logging_mixin.py:190} INFO - 19:08:50  1 of 11 START sql incremental model sales.mercadolivre_orders_results .......... [RUN]
[2025-06-05T19:08:50.921+0000] {logging_mixin.py:190} INFO - 19:08:50  2 of 11 START sql incremental model sales.shopee_new_id ........................ [RUN]
[2025-06-05T19:08:51.314+0000] {logging_mixin.py:190} INFO - 19:08:51  2 of 11 OK created sql incremental model sales.shopee_new_id ................... [MERGE 0 in 0.39s]
[2025-06-05T19:08:51.322+0000] {logging_mixin.py:190} INFO - 19:08:51  1 of 11 OK created sql incremental model sales.mercadolivre_orders_results ..... [MERGE 190 in 0.40s]
[2025-06-05T19:08:51.326+0000] {logging_mixin.py:190} INFO - 19:08:51  3 of 11 START sql incremental model sales.shopee_orders_results ................ [RUN]
[2025-06-05T19:08:51.332+0000] {logging_mixin.py:190} INFO - 19:08:51  4 of 11 START sql incremental model sales.dim_mercadolivre_buyer ............... [RUN]
[2025-06-05T19:08:51.334+0000] {logging_mixin.py:190} INFO - 19:08:51  5 of 11 START sql incremental model sales.dim_mercadolivre_date ................ [RUN]
[2025-06-05T19:08:51.336+0000] {logging_mixin.py:190} INFO - 19:08:51  6 of 11 START sql incremental model sales.dim_mercadolivre_orders_status ....... [RUN]
[2025-06-05T19:08:51.601+0000] {logging_mixin.py:190} INFO - 19:08:51  3 of 11 OK created sql incremental model sales.shopee_orders_results ........... [MERGE 0 in 0.27s]
[2025-06-05T19:08:51.617+0000] {logging_mixin.py:190} INFO - 19:08:51  7 of 11 START sql incremental model sales.dim_mercadolivre_product ............. [RUN]
[2025-06-05T19:08:51.646+0000] {logging_mixin.py:190} INFO - 19:08:51  6 of 11 OK created sql incremental model sales.dim_mercadolivre_orders_status .. [MERGE 190 in 0.27s]
[2025-06-05T19:08:51.654+0000] {logging_mixin.py:190} INFO - 19:08:51  4 of 11 OK created sql incremental model sales.dim_mercadolivre_buyer .......... [MERGE 188 in 0.31s]
[2025-06-05T19:08:51.661+0000] {logging_mixin.py:190} INFO - 19:08:51  8 of 11 START sql incremental model sales.dim_shopee_buyer ..................... [RUN]
[2025-06-05T19:08:51.670+0000] {logging_mixin.py:190} INFO - 19:08:51  5 of 11 OK created sql incremental model sales.dim_mercadolivre_date ........... [MERGE 190 in 0.32s]
[2025-06-05T19:08:51.675+0000] {logging_mixin.py:190} INFO - 19:08:51  9 of 11 START sql incremental model sales.dim_shopee_date ...................... [RUN]
[2025-06-05T19:08:51.692+0000] {logging_mixin.py:190} INFO - 19:08:51  10 of 11 START sql incremental model sales.dim_shopee_orders_status ............ [RUN]
[2025-06-05T19:08:51.912+0000] {logging_mixin.py:190} INFO - 19:08:51  7 of 11 OK created sql incremental model sales.dim_mercadolivre_product ........ [MERGE 65 in 0.28s]
[2025-06-05T19:08:51.928+0000] {logging_mixin.py:190} INFO - 19:08:51  9 of 11 OK created sql incremental model sales.dim_shopee_date ................. [MERGE 0 in 0.24s]
[2025-06-05T19:08:51.930+0000] {logging_mixin.py:190} INFO - 19:08:51  11 of 11 START sql incremental model sales.dim_shopee_product .................. [RUN]
[2025-06-05T19:08:51.935+0000] {logging_mixin.py:190} INFO - 19:08:51  8 of 11 OK created sql incremental model sales.dim_shopee_buyer ................ [MERGE 0 in 0.26s]
[2025-06-05T19:08:51.953+0000] {logging_mixin.py:190} INFO - 19:08:51  10 of 11 OK created sql incremental model sales.dim_shopee_orders_status ....... [MERGE 0 in 0.24s]
[2025-06-05T19:08:52.027+0000] {logging_mixin.py:190} INFO - 19:08:52  11 of 11 OK created sql incremental model sales.dim_shopee_product ............. [SELECT 401 in 0.09s]
[2025-06-05T19:08:52.053+0000] {logging_mixin.py:190} INFO - 19:08:52
[2025-06-05T19:08:52.054+0000] {logging_mixin.py:190} INFO - 19:08:52  Finished running 11 incremental models in 0 hours 0 minutes and 1.27 seconds (1.27s).
[2025-06-05T19:08:52.134+0000] {logging_mixin.py:190} INFO - 19:08:52
[2025-06-05T19:08:52.135+0000] {logging_mixin.py:190} INFO - 19:08:52  Completed successfully
[2025-06-05T19:08:52.136+0000] {logging_mixin.py:190} INFO - 19:08:52
[2025-06-05T19:08:52.138+0000] {logging_mixin.py:190} INFO - 19:08:52  Done. PASS=11 WARN=0 ERROR=0 SKIP=0 TOTAL=11
[2025-06-05T19:08:52.990+0000] {logging_mixin.py:190} INFO - Transformation sucessfully done.
[2025-06-05T19:08:52.991+0000] {python.py:240} INFO - Done. Returned value was: None
[2025-06-05T19:08:53.005+0000] {taskinstance.py:340} INFO - ::group::Post task execution logs
[2025-06-05T19:08:53.006+0000] {taskinstance.py:352} INFO - Marking task as SUCCESS. dag_id=04_transform_data, task_id=run_dbt, run_id=manual__2025-06-05T19:08:36.502869+00:00, execution_date=20250605T190836, start_date=20250605T190846, end_date=20250605T190853
[2025-06-05T19:08:53.050+0000] {local_task_job_runner.py:266} INFO - Task exited with return code 0
[2025-06-05T19:08:53.067+0000] {taskinstance.py:3895} INFO - 0 downstream tasks scheduled from follow-on schedule check
[2025-06-05T19:08:53.070+0000] {local_task_job_runner.py:245} INFO - ::endgroup::
