[2025-06-10T22:16:09.207+0000] {local_task_job_runner.py:123} INFO - ::group::Pre task execution logs
[2025-06-10T22:16:09.227+0000] {taskinstance.py:2613} INFO - Dependencies all met for dep_context=non-requeueable deps ti=<TaskInstance: 05_transform_data.run_dbt manual__2025-06-10T22:15:59.717998+00:00 [queued]>
[2025-06-10T22:16:09.236+0000] {taskinstance.py:2613} INFO - Dependencies all met for dep_context=requeueable deps ti=<TaskInstance: 05_transform_data.run_dbt manual__2025-06-10T22:15:59.717998+00:00 [queued]>
[2025-06-10T22:16:09.237+0000] {taskinstance.py:2866} INFO - Starting attempt 1 of 1
[2025-06-10T22:16:09.252+0000] {taskinstance.py:2889} INFO - Executing <Task(PythonOperator): run_dbt> on 2025-06-10 22:15:59.717998+00:00
[2025-06-10T22:16:09.257+0000] {standard_task_runner.py:72} INFO - Started process 10462 to run task
[2025-06-10T22:16:09.260+0000] {standard_task_runner.py:104} INFO - Running: ['***', 'tasks', 'run', '05_transform_data', 'run_dbt', 'manual__2025-06-10T22:15:59.717998+00:00', '--job-id', '784', '--raw', '--subdir', 'DAGS_FOLDER/05_transform_data.py', '--cfg-path', '/tmp/tmp3g_mne70']
[2025-06-10T22:16:09.261+0000] {standard_task_runner.py:105} INFO - Job 784: Subtask run_dbt
[2025-06-10T22:16:09.314+0000] {task_command.py:467} INFO - Running <TaskInstance: 05_transform_data.run_dbt manual__2025-06-10T22:15:59.717998+00:00 [running]> on host 28e6a58e4107
[2025-06-10T22:16:09.396+0000] {taskinstance.py:3132} INFO - Exporting env vars: AIRFLOW_CTX_DAG_OWNER='***' AIRFLOW_CTX_DAG_ID='05_transform_data' AIRFLOW_CTX_TASK_ID='run_dbt' AIRFLOW_CTX_EXECUTION_DATE='2025-06-10T22:15:59.717998+00:00' AIRFLOW_CTX_TRY_NUMBER='1' AIRFLOW_CTX_DAG_RUN_ID='manual__2025-06-10T22:15:59.717998+00:00'
[2025-06-10T22:16:09.398+0000] {taskinstance.py:731} INFO - ::endgroup::
[2025-06-10T22:16:10.990+0000] {logging_mixin.py:190} INFO - 22:16:10  Running with dbt=1.9.5
[2025-06-10T22:16:11.393+0000] {logging_mixin.py:190} INFO - 22:16:11  Registered adapter: postgres=1.9.0
[2025-06-10T22:16:12.923+0000] {logging_mixin.py:190} INFO - 22:16:12  [WARNING]: Configuration paths exist in your dbt_project.yml file which do not apply to any resources.
There are 1 unused configuration paths:
- models.e_commerce_sales.example
[2025-06-10T22:16:13.301+0000] {logging_mixin.py:190} INFO - 22:16:13  Found 21 models, 12 sources, 549 macros, 1 unit test
[2025-06-10T22:16:13.306+0000] {logging_mixin.py:190} INFO - 22:16:13
[2025-06-10T22:16:13.307+0000] {logging_mixin.py:190} INFO - 22:16:13  Concurrency: 4 threads (target='dev')
[2025-06-10T22:16:13.309+0000] {logging_mixin.py:190} INFO - 22:16:13
[2025-06-10T22:16:13.486+0000] {logging_mixin.py:190} INFO - 22:16:13  1 of 21 START sql incremental model sales_stg.stg_mercadolivre ................. [RUN]
[2025-06-10T22:16:13.488+0000] {logging_mixin.py:190} INFO - 22:16:13  2 of 21 START sql incremental model sales_stg.stg_mercadolivre__order_items .... [RUN]
[2025-06-10T22:16:13.490+0000] {logging_mixin.py:190} INFO - 22:16:13  3 of 21 START sql incremental model sales_stg.stg_mercadolivre__payments ....... [RUN]
[2025-06-10T22:16:13.492+0000] {logging_mixin.py:190} INFO - 22:16:13  4 of 21 START sql incremental model sales_stg.stg_mercadolivre_sh .............. [RUN]
[2025-06-10T22:16:13.989+0000] {logging_mixin.py:190} INFO - 22:16:13  3 of 21 OK created sql incremental model sales_stg.stg_mercadolivre__payments .. [MERGE 301 in 0.49s]
[2025-06-10T22:16:13.992+0000] {logging_mixin.py:190} INFO - 22:16:13  2 of 21 OK created sql incremental model sales_stg.stg_mercadolivre__order_items  [MERGE 285 in 0.49s]
[2025-06-10T22:16:13.994+0000] {logging_mixin.py:190} INFO - 22:16:13  1 of 21 OK created sql incremental model sales_stg.stg_mercadolivre ............ [MERGE 285 in 0.49s]
[2025-06-10T22:16:13.998+0000] {logging_mixin.py:190} INFO - 22:16:13  4 of 21 OK created sql incremental model sales_stg.stg_mercadolivre_sh ......... [MERGE 263 in 0.49s]
[2025-06-10T22:16:14.005+0000] {logging_mixin.py:190} INFO - 22:16:14  5 of 21 START sql incremental model sales_stg.stg_shopee ....................... [RUN]
[2025-06-10T22:16:14.010+0000] {logging_mixin.py:190} INFO - 22:16:14  6 of 21 START sql incremental model sales.mercadolivre_orders_results .......... [RUN]
[2025-06-10T22:16:14.185+0000] {logging_mixin.py:190} INFO - 22:16:14  5 of 21 OK created sql incremental model sales_stg.stg_shopee .................. [MERGE 0 in 0.17s]
[2025-06-10T22:16:14.190+0000] {logging_mixin.py:190} INFO - 22:16:14  7 of 21 START sql incremental model sales.shopee_orders_results ................ [RUN]
[2025-06-10T22:16:14.231+0000] {logging_mixin.py:190} INFO - 22:16:14  6 of 21 OK created sql incremental model sales.mercadolivre_orders_results ..... [MERGE 190 in 0.21s]
[2025-06-10T22:16:14.241+0000] {logging_mixin.py:190} INFO - 22:16:14  8 of 21 START sql incremental model sales.dim_mercadolivre_buyer ............... [RUN]
[2025-06-10T22:16:14.243+0000] {logging_mixin.py:190} INFO - 22:16:14  9 of 21 START sql incremental model sales.dim_mercadolivre_date ................ [RUN]
[2025-06-10T22:16:14.245+0000] {logging_mixin.py:190} INFO - 22:16:14  10 of 21 START sql incremental model sales.dim_mercadolivre_orders_status ...... [RUN]
[2025-06-10T22:16:14.459+0000] {logging_mixin.py:190} INFO - 22:16:14  7 of 21 OK created sql incremental model sales.shopee_orders_results ........... [MERGE 0 in 0.26s]
[2025-06-10T22:16:14.481+0000] {logging_mixin.py:190} INFO - 22:16:14  11 of 21 START sql incremental model sales.dim_mercadolivre_product ............ [RUN]
[2025-06-10T22:16:14.548+0000] {logging_mixin.py:190} INFO - 22:16:14  10 of 21 OK created sql incremental model sales.dim_mercadolivre_orders_status . [MERGE 190 in 0.29s]
[2025-06-10T22:16:14.551+0000] {logging_mixin.py:190} INFO - 22:16:14  8 of 21 OK created sql incremental model sales.dim_mercadolivre_buyer .......... [MERGE 188 in 0.30s]
[2025-06-10T22:16:14.558+0000] {logging_mixin.py:190} INFO - 22:16:14  9 of 21 OK created sql incremental model sales.dim_mercadolivre_date ........... [MERGE 190 in 0.31s]
[2025-06-10T22:16:14.568+0000] {logging_mixin.py:190} INFO - 22:16:14  12 of 21 START sql incremental model sales.dim_shopee_buyer .................... [RUN]
[2025-06-10T22:16:14.571+0000] {logging_mixin.py:190} INFO - 22:16:14  13 of 21 START sql incremental model sales.dim_shopee_date ..................... [RUN]
[2025-06-10T22:16:14.576+0000] {logging_mixin.py:190} INFO - 22:16:14  14 of 21 START sql incremental model sales.dim_shopee_orders_status ............ [RUN]
[2025-06-10T22:16:14.755+0000] {logging_mixin.py:190} INFO - 22:16:14  11 of 21 OK created sql incremental model sales.dim_mercadolivre_product ....... [MERGE 65 in 0.26s]
[2025-06-10T22:16:14.776+0000] {logging_mixin.py:190} INFO - 22:16:14  15 of 21 START sql incremental model sales.dim_shopee_product .................. [RUN]
[2025-06-10T22:16:14.867+0000] {logging_mixin.py:190} INFO - 22:16:14  14 of 21 OK created sql incremental model sales.dim_shopee_orders_status ....... [MERGE 0 in 0.28s]
[2025-06-10T22:16:14.878+0000] {logging_mixin.py:190} INFO - 22:16:14  12 of 21 OK created sql incremental model sales.dim_shopee_buyer ............... [MERGE 0 in 0.29s]
[2025-06-10T22:16:14.881+0000] {logging_mixin.py:190} INFO - 22:16:14  13 of 21 OK created sql incremental model sales.dim_shopee_date ................ [MERGE 0 in 0.29s]
[2025-06-10T22:16:14.890+0000] {logging_mixin.py:190} INFO - 22:16:14  16 of 21 START sql view model sales.sum_mercadolivre_monthly_profit ............ [RUN]
[2025-06-10T22:16:14.894+0000] {logging_mixin.py:190} INFO - 22:16:14  17 of 21 START sql view model sales.sum_mercadolivre_monthly_revenue ........... [RUN]
[2025-06-10T22:16:14.898+0000] {logging_mixin.py:190} INFO - 22:16:14  18 of 21 START sql view model sales.sum_mercadolivre_monthly_sold .............. [RUN]
[2025-06-10T22:16:15.087+0000] {logging_mixin.py:190} INFO - 22:16:15  15 of 21 OK created sql incremental model sales.dim_shopee_product ............. [MERGE 0 in 0.29s]
[2025-06-10T22:16:15.122+0000] {logging_mixin.py:190} INFO - 22:16:15  19 of 21 START sql view model sales.sum_shopee_monthly_profit .................. [RUN]
[2025-06-10T22:16:15.162+0000] {logging_mixin.py:190} INFO - 22:16:15  16 of 21 OK created sql view model sales.sum_mercadolivre_monthly_profit ....... [CREATE VIEW in 0.26s]
[2025-06-10T22:16:15.184+0000] {logging_mixin.py:190} INFO - 22:16:15  20 of 21 START sql view model sales.sum_shopee_monthly_revenue ................. [RUN]
[2025-06-10T22:16:15.187+0000] {logging_mixin.py:190} INFO - 22:16:15  18 of 21 OK created sql view model sales.sum_mercadolivre_monthly_sold ......... [CREATE VIEW in 0.28s]
[2025-06-10T22:16:15.191+0000] {logging_mixin.py:190} INFO - 22:16:15  17 of 21 OK created sql view model sales.sum_mercadolivre_monthly_revenue ...... [CREATE VIEW in 0.29s]
[2025-06-10T22:16:15.207+0000] {logging_mixin.py:190} INFO - 22:16:15  21 of 21 START sql view model sales.sum_shopee_products_sold ................... [RUN]
[2025-06-10T22:16:15.477+0000] {logging_mixin.py:190} INFO - 22:16:15  19 of 21 OK created sql view model sales.sum_shopee_monthly_profit ............. [CREATE VIEW in 0.34s]
[2025-06-10T22:16:15.518+0000] {logging_mixin.py:190} INFO - 22:16:15  20 of 21 OK created sql view model sales.sum_shopee_monthly_revenue ............ [CREATE VIEW in 0.33s]
[2025-06-10T22:16:15.529+0000] {logging_mixin.py:190} INFO - 22:16:15  21 of 21 OK created sql view model sales.sum_shopee_products_sold .............. [CREATE VIEW in 0.32s]
[2025-06-10T22:16:15.554+0000] {logging_mixin.py:190} INFO - 22:16:15
[2025-06-10T22:16:15.555+0000] {logging_mixin.py:190} INFO - 22:16:15  Finished running 15 incremental models, 6 view models in 0 hours 0 minutes and 2.24 seconds (2.24s).
[2025-06-10T22:16:15.640+0000] {logging_mixin.py:190} INFO - 22:16:15
[2025-06-10T22:16:15.642+0000] {logging_mixin.py:190} INFO - 22:16:15  Completed successfully
[2025-06-10T22:16:15.644+0000] {logging_mixin.py:190} INFO - 22:16:15
[2025-06-10T22:16:15.645+0000] {logging_mixin.py:190} INFO - 22:16:15  Done. PASS=21 WARN=0 ERROR=0 SKIP=0 TOTAL=21
[2025-06-10T22:16:16.493+0000] {logging_mixin.py:190} INFO - Transformation sucessfully done.
[2025-06-10T22:16:16.494+0000] {python.py:240} INFO - Done. Returned value was: None
[2025-06-10T22:16:16.507+0000] {taskinstance.py:340} INFO - ::group::Post task execution logs
[2025-06-10T22:16:16.509+0000] {taskinstance.py:352} INFO - Marking task as SUCCESS. dag_id=05_transform_data, task_id=run_dbt, run_id=manual__2025-06-10T22:15:59.717998+00:00, execution_date=20250610T221559, start_date=20250610T221609, end_date=20250610T221616
[2025-06-10T22:16:16.539+0000] {local_task_job_runner.py:266} INFO - Task exited with return code 0
[2025-06-10T22:16:16.558+0000] {taskinstance.py:3895} INFO - 0 downstream tasks scheduled from follow-on schedule check
[2025-06-10T22:16:16.561+0000] {local_task_job_runner.py:245} INFO - ::endgroup::
