[2025-06-09T21:01:50.036+0000] {local_task_job_runner.py:123} INFO - ::group::Pre task execution logs
[2025-06-09T21:01:50.057+0000] {taskinstance.py:2613} INFO - Dependencies all met for dep_context=non-requeueable deps ti=<TaskInstance: 03_load_data.load_shopee manual__2025-06-09T21:01:47.688631+00:00 [queued]>
[2025-06-09T21:01:50.066+0000] {taskinstance.py:2613} INFO - Dependencies all met for dep_context=requeueable deps ti=<TaskInstance: 03_load_data.load_shopee manual__2025-06-09T21:01:47.688631+00:00 [queued]>
[2025-06-09T21:01:50.067+0000] {taskinstance.py:2866} INFO - Starting attempt 1 of 1
[2025-06-09T21:01:50.081+0000] {taskinstance.py:2889} INFO - Executing <Task(PythonOperator): load_shopee> on 2025-06-09 21:01:47.688631+00:00
[2025-06-09T21:01:50.086+0000] {standard_task_runner.py:72} INFO - Started process 3228 to run task
[2025-06-09T21:01:50.092+0000] {standard_task_runner.py:104} INFO - Running: ['***', 'tasks', 'run', '03_load_data', 'load_shopee', 'manual__2025-06-09T21:01:47.688631+00:00', '--job-id', '577', '--raw', '--subdir', 'DAGS_FOLDER/03_load_data.py', '--cfg-path', '/tmp/tmpmnj3st12']
[2025-06-09T21:01:50.094+0000] {standard_task_runner.py:105} INFO - Job 577: Subtask load_shopee
[2025-06-09T21:01:50.158+0000] {task_command.py:467} INFO - Running <TaskInstance: 03_load_data.load_shopee manual__2025-06-09T21:01:47.688631+00:00 [running]> on host 28e6a58e4107
[2025-06-09T21:01:50.265+0000] {taskinstance.py:3132} INFO - Exporting env vars: AIRFLOW_CTX_DAG_OWNER='***' AIRFLOW_CTX_DAG_ID='03_load_data' AIRFLOW_CTX_TASK_ID='load_shopee' AIRFLOW_CTX_EXECUTION_DATE='2025-06-09T21:01:47.688631+00:00' AIRFLOW_CTX_TRY_NUMBER='1' AIRFLOW_CTX_DAG_RUN_ID='manual__2025-06-09T21:01:47.688631+00:00'
[2025-06-09T21:01:50.267+0000] {taskinstance.py:731} INFO - ::endgroup::
[2025-06-09T21:01:50.952+0000] {logging_mixin.py:190} INFO - Loading file ./extraction/shopee/data/raw/Order.completed.20240701_20240731.xlsx to sales_db
[2025-06-09T21:01:50.993+0000] {logging_mixin.py:190} INFO - Data in ./extraction/shopee/data/raw/Order.completed.20240701_20240731.xlsx successfully loaded.
[2025-06-09T21:01:51.134+0000] {logging_mixin.py:190} INFO - Loading file ./extraction/shopee/data/raw/Order.completed.20240801_20240831.xlsx to sales_db
[2025-06-09T21:01:51.180+0000] {logging_mixin.py:190} INFO - Data in ./extraction/shopee/data/raw/Order.completed.20240801_20240831.xlsx successfully loaded.
[2025-06-09T21:01:51.294+0000] {logging_mixin.py:190} INFO - Loading file ./extraction/shopee/data/raw/Order.completed.20240901_20240930.xlsx to sales_db
[2025-06-09T21:01:51.339+0000] {logging_mixin.py:190} INFO - Data in ./extraction/shopee/data/raw/Order.completed.20240901_20240930.xlsx successfully loaded.
[2025-06-09T21:01:51.551+0000] {logging_mixin.py:190} INFO - Loading file ./extraction/shopee/data/raw/Order.completed.20241001_20241031.xlsx to sales_db
[2025-06-09T21:01:51.637+0000] {logging_mixin.py:190} INFO - Data in ./extraction/shopee/data/raw/Order.completed.20241001_20241031.xlsx successfully loaded.
[2025-06-09T21:01:51.951+0000] {logging_mixin.py:190} INFO - Loading file ./extraction/shopee/data/raw/Order.completed.20241101_20241130.xlsx to sales_db
[2025-06-09T21:01:52.050+0000] {logging_mixin.py:190} INFO - Data in ./extraction/shopee/data/raw/Order.completed.20241101_20241130.xlsx successfully loaded.
[2025-06-09T21:01:52.378+0000] {logging_mixin.py:190} INFO - Loading file ./extraction/shopee/data/raw/Order.completed.20241201_20241231.xlsx to sales_db
[2025-06-09T21:01:52.474+0000] {logging_mixin.py:190} INFO - Data in ./extraction/shopee/data/raw/Order.completed.20241201_20241231.xlsx successfully loaded.
[2025-06-09T21:01:52.690+0000] {logging_mixin.py:190} INFO - Loading file ./extraction/shopee/data/raw/Order.completed.20250101_20250131.xlsx to sales_db
[2025-06-09T21:01:52.787+0000] {logging_mixin.py:190} INFO - Data in ./extraction/shopee/data/raw/Order.completed.20250101_20250131.xlsx successfully loaded.
[2025-06-09T21:01:53.075+0000] {logging_mixin.py:190} INFO - Loading file ./extraction/shopee/data/raw/Order.completed.20250201_20250228.xlsx to sales_db
[2025-06-09T21:01:53.184+0000] {logging_mixin.py:190} INFO - Data in ./extraction/shopee/data/raw/Order.completed.20250201_20250228.xlsx successfully loaded.
[2025-06-09T21:01:53.595+0000] {logging_mixin.py:190} INFO - Loading file ./extraction/shopee/data/raw/Order.completed.20250301_20250331.xlsx to sales_db
[2025-06-09T21:01:53.726+0000] {logging_mixin.py:190} INFO - Data in ./extraction/shopee/data/raw/Order.completed.20250301_20250331.xlsx successfully loaded.
[2025-06-09T21:01:53.922+0000] {logging_mixin.py:190} INFO - Loading file ./extraction/shopee/data/raw/Order.completed.20250401_20250430.xlsx to sales_db
[2025-06-09T21:01:54.009+0000] {logging_mixin.py:190} INFO - Data in ./extraction/shopee/data/raw/Order.completed.20250401_20250430.xlsx successfully loaded.
[2025-06-09T21:01:54.010+0000] {logging_mixin.py:190} INFO - [WARNING] - file ./extraction/shopee/data/raw/tests.txt does not have .xlsx extension and could not be loaded.
[2025-06-09T21:01:54.011+0000] {logging_mixin.py:190} INFO - All data successfully loaded!
[2025-06-09T21:01:54.012+0000] {python.py:240} INFO - Done. Returned value was: 1
[2025-06-09T21:01:54.043+0000] {taskinstance.py:340} INFO - ::group::Post task execution logs
[2025-06-09T21:01:54.044+0000] {taskinstance.py:352} INFO - Marking task as SUCCESS. dag_id=03_load_data, task_id=load_shopee, run_id=manual__2025-06-09T21:01:47.688631+00:00, execution_date=20250609T210147, start_date=20250609T210150, end_date=20250609T210154
[2025-06-09T21:01:54.078+0000] {local_task_job_runner.py:266} INFO - Task exited with return code 0
[2025-06-09T21:01:54.098+0000] {taskinstance.py:3895} INFO - 0 downstream tasks scheduled from follow-on schedule check
[2025-06-09T21:01:54.101+0000] {local_task_job_runner.py:245} INFO - ::endgroup::
