[2025-06-10T22:42:29.402+0000] {local_task_job_runner.py:123} INFO - ::group::Pre task execution logs
[2025-06-10T22:42:29.421+0000] {taskinstance.py:2613} INFO - Dependencies all met for dep_context=non-requeueable deps ti=<TaskInstance: 03_load_data.load_shopee manual__2025-06-10T22:42:27.744588+00:00 [queued]>
[2025-06-10T22:42:29.430+0000] {taskinstance.py:2613} INFO - Dependencies all met for dep_context=requeueable deps ti=<TaskInstance: 03_load_data.load_shopee manual__2025-06-10T22:42:27.744588+00:00 [queued]>
[2025-06-10T22:42:29.432+0000] {taskinstance.py:2866} INFO - Starting attempt 1 of 1
[2025-06-10T22:42:29.447+0000] {taskinstance.py:2889} INFO - Executing <Task(PythonOperator): load_shopee> on 2025-06-10 22:42:27.744588+00:00
[2025-06-10T22:42:29.453+0000] {standard_task_runner.py:72} INFO - Started process 13742 to run task
[2025-06-10T22:42:29.457+0000] {standard_task_runner.py:104} INFO - Running: ['***', 'tasks', 'run', '03_load_data', 'load_shopee', 'manual__2025-06-10T22:42:27.744588+00:00', '--job-id', '810', '--raw', '--subdir', 'DAGS_FOLDER/03_load_data.py', '--cfg-path', '/tmp/tmpqs4zeud0']
[2025-06-10T22:42:29.460+0000] {standard_task_runner.py:105} INFO - Job 810: Subtask load_shopee
[2025-06-10T22:42:29.528+0000] {task_command.py:467} INFO - Running <TaskInstance: 03_load_data.load_shopee manual__2025-06-10T22:42:27.744588+00:00 [running]> on host 28e6a58e4107
[2025-06-10T22:42:29.627+0000] {taskinstance.py:3132} INFO - Exporting env vars: AIRFLOW_CTX_DAG_OWNER='***' AIRFLOW_CTX_DAG_ID='03_load_data' AIRFLOW_CTX_TASK_ID='load_shopee' AIRFLOW_CTX_EXECUTION_DATE='2025-06-10T22:42:27.744588+00:00' AIRFLOW_CTX_TRY_NUMBER='1' AIRFLOW_CTX_DAG_RUN_ID='manual__2025-06-10T22:42:27.744588+00:00'
[2025-06-10T22:42:29.629+0000] {taskinstance.py:731} INFO - ::endgroup::
[2025-06-10T22:42:30.290+0000] {logging_mixin.py:190} INFO - Loading file ./extraction/shopee/data/raw/Order.completed.20240701_20240731.xlsx to sales_db
[2025-06-10T22:42:30.331+0000] {logging_mixin.py:190} INFO - Data in ./extraction/shopee/data/raw/Order.completed.20240701_20240731.xlsx successfully loaded.
[2025-06-10T22:42:30.447+0000] {logging_mixin.py:190} INFO - Loading file ./extraction/shopee/data/raw/Order.completed.20240801_20240831.xlsx to sales_db
[2025-06-10T22:42:30.497+0000] {logging_mixin.py:190} INFO - Data in ./extraction/shopee/data/raw/Order.completed.20240801_20240831.xlsx successfully loaded.
[2025-06-10T22:42:30.610+0000] {logging_mixin.py:190} INFO - Loading file ./extraction/shopee/data/raw/Order.completed.20240901_20240930.xlsx to sales_db
[2025-06-10T22:42:30.654+0000] {logging_mixin.py:190} INFO - Data in ./extraction/shopee/data/raw/Order.completed.20240901_20240930.xlsx successfully loaded.
[2025-06-10T22:42:30.851+0000] {logging_mixin.py:190} INFO - Loading file ./extraction/shopee/data/raw/Order.completed.20241001_20241031.xlsx to sales_db
[2025-06-10T22:42:30.933+0000] {logging_mixin.py:190} INFO - Data in ./extraction/shopee/data/raw/Order.completed.20241001_20241031.xlsx successfully loaded.
[2025-06-10T22:42:31.276+0000] {logging_mixin.py:190} INFO - Loading file ./extraction/shopee/data/raw/Order.completed.20241101_20241130.xlsx to sales_db
[2025-06-10T22:42:31.369+0000] {logging_mixin.py:190} INFO - Data in ./extraction/shopee/data/raw/Order.completed.20241101_20241130.xlsx successfully loaded.
[2025-06-10T22:42:31.703+0000] {logging_mixin.py:190} INFO - Loading file ./extraction/shopee/data/raw/Order.completed.20241201_20241231.xlsx to sales_db
[2025-06-10T22:42:31.790+0000] {logging_mixin.py:190} INFO - Data in ./extraction/shopee/data/raw/Order.completed.20241201_20241231.xlsx successfully loaded.
[2025-06-10T22:42:31.980+0000] {logging_mixin.py:190} INFO - Loading file ./extraction/shopee/data/raw/Order.completed.20250101_20250131.xlsx to sales_db
[2025-06-10T22:42:32.059+0000] {logging_mixin.py:190} INFO - Data in ./extraction/shopee/data/raw/Order.completed.20250101_20250131.xlsx successfully loaded.
[2025-06-10T22:42:32.340+0000] {logging_mixin.py:190} INFO - Loading file ./extraction/shopee/data/raw/Order.completed.20250201_20250228.xlsx to sales_db
[2025-06-10T22:42:32.461+0000] {logging_mixin.py:190} INFO - Data in ./extraction/shopee/data/raw/Order.completed.20250201_20250228.xlsx successfully loaded.
[2025-06-10T22:42:32.791+0000] {logging_mixin.py:190} INFO - Loading file ./extraction/shopee/data/raw/Order.completed.20250301_20250331.xlsx to sales_db
[2025-06-10T22:42:32.912+0000] {logging_mixin.py:190} INFO - Data in ./extraction/shopee/data/raw/Order.completed.20250301_20250331.xlsx successfully loaded.
[2025-06-10T22:42:33.089+0000] {logging_mixin.py:190} INFO - Loading file ./extraction/shopee/data/raw/Order.completed.20250401_20250430.xlsx to sales_db
[2025-06-10T22:42:33.165+0000] {logging_mixin.py:190} INFO - Data in ./extraction/shopee/data/raw/Order.completed.20250401_20250430.xlsx successfully loaded.
[2025-06-10T22:42:33.437+0000] {logging_mixin.py:190} INFO - Loading file ./extraction/shopee/data/raw/Order.completed.20250501_20250531.xlsx to sales_db
[2025-06-10T22:42:33.569+0000] {logging_mixin.py:190} INFO - Data in ./extraction/shopee/data/raw/Order.completed.20250501_20250531.xlsx successfully loaded.
[2025-06-10T22:42:33.570+0000] {logging_mixin.py:190} INFO - [WARNING] - file ./extraction/shopee/data/raw/tests.txt does not have .xlsx extension and could not be loaded.
[2025-06-10T22:42:33.571+0000] {logging_mixin.py:190} INFO - All data successfully loaded!
[2025-06-10T22:42:33.572+0000] {python.py:240} INFO - Done. Returned value was: 1
[2025-06-10T22:42:33.601+0000] {taskinstance.py:340} INFO - ::group::Post task execution logs
[2025-06-10T22:42:33.601+0000] {taskinstance.py:352} INFO - Marking task as SUCCESS. dag_id=03_load_data, task_id=load_shopee, run_id=manual__2025-06-10T22:42:27.744588+00:00, execution_date=20250610T224227, start_date=20250610T224229, end_date=20250610T224233
[2025-06-10T22:42:33.647+0000] {local_task_job_runner.py:266} INFO - Task exited with return code 0
[2025-06-10T22:42:33.666+0000] {taskinstance.py:3895} INFO - 0 downstream tasks scheduled from follow-on schedule check
[2025-06-10T22:42:33.668+0000] {local_task_job_runner.py:245} INFO - ::endgroup::
