[2025-06-05T18:21:40.028+0000] {local_task_job_runner.py:123} INFO - ::group::Pre task execution logs
[2025-06-05T18:21:40.046+0000] {taskinstance.py:2613} INFO - Dependencies all met for dep_context=non-requeueable deps ti=<TaskInstance: 04_transform_data.run_dbt manual__2025-06-05T18:21:30.223043+00:00 [queued]>
[2025-06-05T18:21:40.054+0000] {taskinstance.py:2613} INFO - Dependencies all met for dep_context=requeueable deps ti=<TaskInstance: 04_transform_data.run_dbt manual__2025-06-05T18:21:30.223043+00:00 [queued]>
[2025-06-05T18:21:40.055+0000] {taskinstance.py:2866} INFO - Starting attempt 1 of 1
[2025-06-05T18:21:40.067+0000] {taskinstance.py:2889} INFO - Executing <Task(PythonOperator): run_dbt> on 2025-06-05 18:21:30.223043+00:00
[2025-06-05T18:21:40.072+0000] {standard_task_runner.py:72} INFO - Started process 1049 to run task
[2025-06-05T18:21:40.075+0000] {standard_task_runner.py:104} INFO - Running: ['***', 'tasks', 'run', '04_transform_data', 'run_dbt', 'manual__2025-06-05T18:21:30.223043+00:00', '--job-id', '335', '--raw', '--subdir', 'DAGS_FOLDER/04_transform_data.py', '--cfg-path', '/tmp/tmpx0qafrth']
[2025-06-05T18:21:40.077+0000] {standard_task_runner.py:105} INFO - Job 335: Subtask run_dbt
[2025-06-05T18:21:40.128+0000] {task_command.py:467} INFO - Running <TaskInstance: 04_transform_data.run_dbt manual__2025-06-05T18:21:30.223043+00:00 [running]> on host 28e6a58e4107
[2025-06-05T18:21:40.217+0000] {taskinstance.py:3132} INFO - Exporting env vars: AIRFLOW_CTX_DAG_OWNER='***' AIRFLOW_CTX_DAG_ID='04_transform_data' AIRFLOW_CTX_TASK_ID='run_dbt' AIRFLOW_CTX_EXECUTION_DATE='2025-06-05T18:21:30.223043+00:00' AIRFLOW_CTX_TRY_NUMBER='1' AIRFLOW_CTX_DAG_RUN_ID='manual__2025-06-05T18:21:30.223043+00:00'
[2025-06-05T18:21:40.218+0000] {taskinstance.py:731} INFO - ::endgroup::
[2025-06-05T18:21:41.849+0000] {logging_mixin.py:190} INFO - 18:21:41  Running with dbt=1.9.5
[2025-06-05T18:21:42.257+0000] {logging_mixin.py:190} INFO - 18:21:42  Registered adapter: postgres=1.9.0
[2025-06-05T18:21:43.623+0000] {logging_mixin.py:190} INFO - 18:21:43  [WARNING]: Configuration paths exist in your dbt_project.yml file which do not apply to any resources.
There are 1 unused configuration paths:
- models.e_commerce_sales.example
[2025-06-05T18:21:44.020+0000] {logging_mixin.py:190} INFO - 18:21:44  Found 11 models, 12 sources, 549 macros, 1 unit test
[2025-06-05T18:21:44.025+0000] {logging_mixin.py:190} INFO - 18:21:44
[2025-06-05T18:21:44.027+0000] {logging_mixin.py:190} INFO - 18:21:44  Concurrency: 4 threads (target='dev')
[2025-06-05T18:21:44.028+0000] {logging_mixin.py:190} INFO - 18:21:44
[2025-06-05T18:21:44.195+0000] {logging_mixin.py:190} INFO - 18:21:44  1 of 11 START sql incremental model sales.mercadolivre_orders_results .......... [RUN]
[2025-06-05T18:21:44.197+0000] {logging_mixin.py:190} INFO - 18:21:44  2 of 11 START sql incremental model sales.shopee_new_id ........................ [RUN]
[2025-06-05T18:21:44.593+0000] {logging_mixin.py:190} INFO - 18:21:44  2 of 11 OK created sql incremental model sales.shopee_new_id ................... [MERGE 0 in 0.39s]
[2025-06-05T18:21:44.595+0000] {logging_mixin.py:190} INFO - 18:21:44  1 of 11 OK created sql incremental model sales.mercadolivre_orders_results ..... [MERGE 190 in 0.39s]
[2025-06-05T18:21:44.603+0000] {logging_mixin.py:190} INFO - 18:21:44  3 of 11 START sql incremental model sales.shopee_orders_results ................ [RUN]
[2025-06-05T18:21:44.605+0000] {logging_mixin.py:190} INFO - 18:21:44  4 of 11 START sql incremental model sales.dim_mercadolivre_buyer ............... [RUN]
[2025-06-05T18:21:44.607+0000] {logging_mixin.py:190} INFO - 18:21:44  5 of 11 START sql incremental model sales.dim_mercadolivre_date ................ [RUN]
[2025-06-05T18:21:44.608+0000] {logging_mixin.py:190} INFO - 18:21:44  6 of 11 START sql incremental model sales.dim_mercadolivre_orders_status ....... [RUN]
[2025-06-05T18:21:44.906+0000] {logging_mixin.py:190} INFO - 18:21:44  3 of 11 OK created sql incremental model sales.shopee_orders_results ........... [MERGE 0 in 0.29s]
[2025-06-05T18:21:44.916+0000] {logging_mixin.py:190} INFO - 18:21:44  4 of 11 OK created sql incremental model sales.dim_mercadolivre_buyer .......... [MERGE 188 in 0.30s]
[2025-06-05T18:21:44.921+0000] {logging_mixin.py:190} INFO - 18:21:44  6 of 11 OK created sql incremental model sales.dim_mercadolivre_orders_status .. [MERGE 190 in 0.30s]
[2025-06-05T18:21:44.923+0000] {logging_mixin.py:190} INFO - 18:21:44  5 of 11 OK created sql incremental model sales.dim_mercadolivre_date ........... [MERGE 190 in 0.31s]
[2025-06-05T18:21:44.925+0000] {logging_mixin.py:190} INFO - 18:21:44  7 of 11 START sql incremental model sales.dim_mercadolivre_product ............. [RUN]
[2025-06-05T18:21:44.931+0000] {logging_mixin.py:190} INFO - 18:21:44  8 of 11 START sql incremental model sales.dim_shopee_buyer ..................... [RUN]
[2025-06-05T18:21:44.937+0000] {logging_mixin.py:190} INFO - 18:21:44  9 of 11 START sql incremental model sales.dim_shopee_date ...................... [RUN]
[2025-06-05T18:21:44.939+0000] {logging_mixin.py:190} INFO - 18:21:44  10 of 11 START sql incremental model sales.dim_shopee_orders_status ............ [RUN]
[2025-06-05T18:21:45.220+0000] {logging_mixin.py:190} INFO - 18:21:45  8 of 11 OK created sql incremental model sales.dim_shopee_buyer ................ [MERGE 0 in 0.28s]
[2025-06-05T18:21:45.234+0000] {logging_mixin.py:190} INFO - 18:21:45  10 of 11 OK created sql incremental model sales.dim_shopee_orders_status ....... [MERGE 0 in 0.27s]
[2025-06-05T18:21:45.236+0000] {logging_mixin.py:190} INFO - 18:21:45  9 of 11 OK created sql incremental model sales.dim_shopee_date ................. [MERGE 0 in 0.27s]
[2025-06-05T18:21:45.239+0000] {logging_mixin.py:190} INFO - 18:21:45  11 of 11 START sql incremental model sales.dim_shopee_product .................. [RUN]
[2025-06-05T18:21:45.243+0000] {logging_mixin.py:190} INFO - 18:21:45  7 of 11 OK created sql incremental model sales.dim_mercadolivre_product ........ [MERGE 65 in 0.31s]
[2025-06-05T18:21:45.349+0000] {logging_mixin.py:190} INFO - 18:21:45  11 of 11 OK created sql incremental model sales.dim_shopee_product ............. [MERGE 0 in 0.10s]
[2025-06-05T18:21:45.373+0000] {logging_mixin.py:190} INFO - 18:21:45
[2025-06-05T18:21:45.375+0000] {logging_mixin.py:190} INFO - 18:21:45  Finished running 11 incremental models in 0 hours 0 minutes and 1.34 seconds (1.34s).
[2025-06-05T18:21:45.459+0000] {logging_mixin.py:190} INFO - 18:21:45
[2025-06-05T18:21:45.460+0000] {logging_mixin.py:190} INFO - 18:21:45  Completed successfully
[2025-06-05T18:21:45.463+0000] {logging_mixin.py:190} INFO - 18:21:45
[2025-06-05T18:21:45.464+0000] {logging_mixin.py:190} INFO - 18:21:45  Done. PASS=11 WARN=0 ERROR=0 SKIP=0 TOTAL=11
[2025-06-05T18:21:46.315+0000] {logging_mixin.py:190} INFO - Transformation sucessfully done.
[2025-06-05T18:21:46.320+0000] {python.py:240} INFO - Done. Returned value was: None
[2025-06-05T18:21:46.335+0000] {taskinstance.py:340} INFO - ::group::Post task execution logs
[2025-06-05T18:21:46.337+0000] {taskinstance.py:352} INFO - Marking task as SUCCESS. dag_id=04_transform_data, task_id=run_dbt, run_id=manual__2025-06-05T18:21:30.223043+00:00, execution_date=20250605T182130, start_date=20250605T182140, end_date=20250605T182146
[2025-06-05T18:21:46.392+0000] {local_task_job_runner.py:266} INFO - Task exited with return code 0
[2025-06-05T18:21:46.436+0000] {taskinstance.py:3895} INFO - 0 downstream tasks scheduled from follow-on schedule check
[2025-06-05T18:21:46.439+0000] {local_task_job_runner.py:245} INFO - ::endgroup::
