[2025-06-16T14:29:29.651+0000] {local_task_job_runner.py:123} INFO - ::group::Pre task execution logs
[2025-06-16T14:29:29.674+0000] {taskinstance.py:2613} INFO - Dependencies all met for dep_context=non-requeueable deps ti=<TaskInstance: 03_load_data_prod.load_prod_cost manual__2025-06-16T14:29:27.547606+00:00 [queued]>
[2025-06-16T14:29:29.683+0000] {taskinstance.py:2613} INFO - Dependencies all met for dep_context=requeueable deps ti=<TaskInstance: 03_load_data_prod.load_prod_cost manual__2025-06-16T14:29:27.547606+00:00 [queued]>
[2025-06-16T14:29:29.685+0000] {taskinstance.py:2866} INFO - Starting attempt 1 of 1
[2025-06-16T14:29:29.701+0000] {taskinstance.py:2889} INFO - Executing <Task(PythonOperator): load_prod_cost> on 2025-06-16 14:29:27.547606+00:00
[2025-06-16T14:29:29.706+0000] {standard_task_runner.py:72} INFO - Started process 992 to run task
[2025-06-16T14:29:29.711+0000] {standard_task_runner.py:104} INFO - Running: ['***', 'tasks', 'run', '03_load_data_prod', 'load_prod_cost', 'manual__2025-06-16T14:29:27.547606+00:00', '--job-id', '33', '--raw', '--subdir', 'DAGS_FOLDER/03_load_data_prod.py', '--cfg-path', '/tmp/tmpst0fh4uy']
[2025-06-16T14:29:29.714+0000] {standard_task_runner.py:105} INFO - Job 33: Subtask load_prod_cost
[2025-06-16T14:29:29.782+0000] {task_command.py:467} INFO - Running <TaskInstance: 03_load_data_prod.load_prod_cost manual__2025-06-16T14:29:27.547606+00:00 [running]> on host 5b7cdd28fdf5
[2025-06-16T14:29:29.871+0000] {taskinstance.py:3132} INFO - Exporting env vars: AIRFLOW_CTX_DAG_OWNER='***' AIRFLOW_CTX_DAG_ID='03_load_data_prod' AIRFLOW_CTX_TASK_ID='load_prod_cost' AIRFLOW_CTX_EXECUTION_DATE='2025-06-16T14:29:27.547606+00:00' AIRFLOW_CTX_TRY_NUMBER='1' AIRFLOW_CTX_DAG_RUN_ID='manual__2025-06-16T14:29:27.547606+00:00'
[2025-06-16T14:29:29.873+0000] {taskinstance.py:731} INFO - ::endgroup::
[2025-06-16T14:29:30.419+0000] {logging_mixin.py:190} INFO - column begin_date is datetime64[ns, UTC]
[2025-06-16T14:29:30.421+0000] {logging_mixin.py:190} INFO - column end_date is datetime64[ns, UTC]
[2025-06-16T14:29:30.422+0000] {logging_mixin.py:190} INFO - Loading file /opt/***/cleaning/entry_data/clean/clean_cost_data.csv to prod sales_db
[2025-06-16T14:29:30.483+0000] {logging_mixin.py:190} INFO - Data in /opt/***/cleaning/entry_data/clean/clean_cost_data.csv successfully loaded.
[2025-06-16T14:29:30.484+0000] {python.py:240} INFO - Done. Returned value was: None
[2025-06-16T14:29:30.503+0000] {taskinstance.py:340} INFO - ::group::Post task execution logs
[2025-06-16T14:29:30.504+0000] {taskinstance.py:352} INFO - Marking task as SUCCESS. dag_id=03_load_data_prod, task_id=load_prod_cost, run_id=manual__2025-06-16T14:29:27.547606+00:00, execution_date=20250616T142927, start_date=20250616T142929, end_date=20250616T142930
[2025-06-16T14:29:30.566+0000] {local_task_job_runner.py:266} INFO - Task exited with return code 0
[2025-06-16T14:29:30.582+0000] {local_task_job_runner.py:245} INFO - ::endgroup::
