[2025-05-20T18:55:09.356+0000] {local_task_job_runner.py:123} INFO - ::group::Pre task execution logs
[2025-05-20T18:55:09.375+0000] {taskinstance.py:2613} INFO - Dependencies all met for dep_context=non-requeueable deps ti=<TaskInstance: 04_transform_data.run_dbt manual__2025-05-20T18:55:08.505885+00:00 [queued]>
[2025-05-20T18:55:09.383+0000] {taskinstance.py:2613} INFO - Dependencies all met for dep_context=requeueable deps ti=<TaskInstance: 04_transform_data.run_dbt manual__2025-05-20T18:55:08.505885+00:00 [queued]>
[2025-05-20T18:55:09.384+0000] {taskinstance.py:2866} INFO - Starting attempt 1 of 1
[2025-05-20T18:55:09.397+0000] {taskinstance.py:2889} INFO - Executing <Task(PythonOperator): run_dbt> on 2025-05-20 18:55:08.505885+00:00
[2025-05-20T18:55:09.402+0000] {standard_task_runner.py:72} INFO - Started process 3343 to run task
[2025-05-20T18:55:09.405+0000] {standard_task_runner.py:104} INFO - Running: ['***', 'tasks', 'run', '04_transform_data', 'run_dbt', 'manual__2025-05-20T18:55:08.505885+00:00', '--job-id', '41', '--raw', '--subdir', 'DAGS_FOLDER/04_transform_data.py', '--cfg-path', '/tmp/tmpx6k5_qty']
[2025-05-20T18:55:09.407+0000] {standard_task_runner.py:105} INFO - Job 41: Subtask run_dbt
[2025-05-20T18:55:09.462+0000] {task_command.py:467} INFO - Running <TaskInstance: 04_transform_data.run_dbt manual__2025-05-20T18:55:08.505885+00:00 [running]> on host e27e96d1841a
[2025-05-20T18:55:09.548+0000] {taskinstance.py:3132} INFO - Exporting env vars: AIRFLOW_CTX_DAG_OWNER='***' AIRFLOW_CTX_DAG_ID='04_transform_data' AIRFLOW_CTX_TASK_ID='run_dbt' AIRFLOW_CTX_EXECUTION_DATE='2025-05-20T18:55:08.505885+00:00' AIRFLOW_CTX_TRY_NUMBER='1' AIRFLOW_CTX_DAG_RUN_ID='manual__2025-05-20T18:55:08.505885+00:00'
[2025-05-20T18:55:09.549+0000] {taskinstance.py:731} INFO - ::endgroup::
[2025-05-20T18:55:11.483+0000] {logging_mixin.py:190} INFO - 18:55:11  Running with dbt=1.9.4
[2025-05-20T18:55:11.988+0000] {logging_mixin.py:190} INFO - 18:55:11  Registered adapter: postgres=1.9.0
[2025-05-20T18:55:13.240+0000] {logging_mixin.py:190} INFO - 18:55:13  [WARNING]: Configuration paths exist in your dbt_project.yml file which do not apply to any resources.
There are 1 unused configuration paths:
- models.e_commerce_sales.example
[2025-05-20T18:55:13.422+0000] {logging_mixin.py:190} INFO - 18:55:13  Found 6 models, 12 sources, 433 macros
[2025-05-20T18:55:13.426+0000] {logging_mixin.py:190} INFO - 18:55:13
[2025-05-20T18:55:13.427+0000] {logging_mixin.py:190} INFO - 18:55:13  Concurrency: 4 threads (target='dev')
[2025-05-20T18:55:13.429+0000] {logging_mixin.py:190} INFO - 18:55:13
[2025-05-20T18:55:13.570+0000] {logging_mixin.py:190} INFO - 18:55:13  1 of 6 START sql incremental model sales.mercadolivre_orders_results ........... [RUN]
[2025-05-20T18:55:13.572+0000] {logging_mixin.py:190} INFO - 18:55:13  2 of 6 START sql incremental model sales.shopee_new_id ......................... [RUN]
[2025-05-20T18:55:13.971+0000] {logging_mixin.py:190} INFO - 18:55:13  2 of 6 OK created sql incremental model sales.shopee_new_id .................... [MERGE 0 in 0.39s]
[2025-05-20T18:55:13.974+0000] {logging_mixin.py:190} INFO - 18:55:13  1 of 6 OK created sql incremental model sales.mercadolivre_orders_results ...... [MERGE 255 in 0.40s]
[2025-05-20T18:55:13.979+0000] {logging_mixin.py:190} INFO - 18:55:13  3 of 6 START sql incremental model sales.shopee_orders_results ................. [RUN]
[2025-05-20T18:55:13.983+0000] {logging_mixin.py:190} INFO - 18:55:13  4 of 6 START sql incremental model sales.mercadolivre_profits .................. [RUN]
[2025-05-20T18:55:14.113+0000] {logging_mixin.py:190} INFO - 18:55:14  3 of 6 OK created sql incremental model sales.shopee_orders_results ............ [SELECT 2727 in 0.13s]
[2025-05-20T18:55:14.117+0000] {logging_mixin.py:190} INFO - 18:55:14  4 of 6 OK created sql incremental model sales.mercadolivre_profits ............. [MERGE 250 in 0.12s]
[2025-05-20T18:55:14.122+0000] {logging_mixin.py:190} INFO - 18:55:14  5 of 6 START sql incremental model sales.dim_shopee_orders ..................... [RUN]
[2025-05-20T18:55:14.124+0000] {logging_mixin.py:190} INFO - 18:55:14  6 of 6 START sql incremental model sales.dim_shopee_product .................... [RUN]
[2025-05-20T18:55:14.274+0000] {logging_mixin.py:190} INFO - 18:55:14  5 of 6 OK created sql incremental model sales.dim_shopee_orders ................ [MERGE 0 in 0.15s]
[2025-05-20T18:55:14.276+0000] {logging_mixin.py:190} INFO - 18:55:14  6 of 6 OK created sql incremental model sales.dim_shopee_product ............... [MERGE 0 in 0.15s]
[2025-05-20T18:55:14.299+0000] {logging_mixin.py:190} INFO - 18:55:14
[2025-05-20T18:55:14.301+0000] {logging_mixin.py:190} INFO - 18:55:14  Finished running 6 incremental models in 0 hours 0 minutes and 0.87 seconds (0.87s).
[2025-05-20T18:55:14.359+0000] {logging_mixin.py:190} INFO - 18:55:14
[2025-05-20T18:55:14.361+0000] {logging_mixin.py:190} INFO - 18:55:14  Completed successfully
[2025-05-20T18:55:14.362+0000] {logging_mixin.py:190} INFO - 18:55:14
[2025-05-20T18:55:14.364+0000] {logging_mixin.py:190} INFO - 18:55:14  Done. PASS=6 WARN=0 ERROR=0 SKIP=0 TOTAL=6
[2025-05-20T18:55:15.218+0000] {logging_mixin.py:190} INFO - Transformation sucessfully done.
[2025-05-20T18:55:15.219+0000] {python.py:240} INFO - Done. Returned value was: None
[2025-05-20T18:55:15.233+0000] {taskinstance.py:340} INFO - ::group::Post task execution logs
[2025-05-20T18:55:15.234+0000] {taskinstance.py:352} INFO - Marking task as SUCCESS. dag_id=04_transform_data, task_id=run_dbt, run_id=manual__2025-05-20T18:55:08.505885+00:00, execution_date=20250520T185508, start_date=20250520T185509, end_date=20250520T185515
[2025-05-20T18:55:15.283+0000] {local_task_job_runner.py:266} INFO - Task exited with return code 0
[2025-05-20T18:55:15.329+0000] {taskinstance.py:3895} INFO - 0 downstream tasks scheduled from follow-on schedule check
[2025-05-20T18:55:15.333+0000] {local_task_job_runner.py:245} INFO - ::endgroup::
