[2025-06-06T21:34:50.735+0000] {local_task_job_runner.py:123} INFO - ::group::Pre task execution logs
[2025-06-06T21:34:50.754+0000] {taskinstance.py:2613} INFO - Dependencies all met for dep_context=non-requeueable deps ti=<TaskInstance: 05_transform_data.run_dbt manual__2025-06-06T21:34:41.322483+00:00 [queued]>
[2025-06-06T21:34:50.762+0000] {taskinstance.py:2613} INFO - Dependencies all met for dep_context=requeueable deps ti=<TaskInstance: 05_transform_data.run_dbt manual__2025-06-06T21:34:41.322483+00:00 [queued]>
[2025-06-06T21:34:50.763+0000] {taskinstance.py:2866} INFO - Starting attempt 1 of 1
[2025-06-06T21:34:50.775+0000] {taskinstance.py:2889} INFO - Executing <Task(PythonOperator): run_dbt> on 2025-06-06 21:34:41.322483+00:00
[2025-06-06T21:34:50.779+0000] {standard_task_runner.py:72} INFO - Started process 6562 to run task
[2025-06-06T21:34:50.782+0000] {standard_task_runner.py:104} INFO - Running: ['***', 'tasks', 'run', '05_transform_data', 'run_dbt', 'manual__2025-06-06T21:34:41.322483+00:00', '--job-id', '496', '--raw', '--subdir', 'DAGS_FOLDER/05_transform_data.py', '--cfg-path', '/tmp/tmp0hf5co37']
[2025-06-06T21:34:50.784+0000] {standard_task_runner.py:105} INFO - Job 496: Subtask run_dbt
[2025-06-06T21:34:50.832+0000] {task_command.py:467} INFO - Running <TaskInstance: 05_transform_data.run_dbt manual__2025-06-06T21:34:41.322483+00:00 [running]> on host 28e6a58e4107
[2025-06-06T21:34:50.909+0000] {taskinstance.py:3132} INFO - Exporting env vars: AIRFLOW_CTX_DAG_OWNER='***' AIRFLOW_CTX_DAG_ID='05_transform_data' AIRFLOW_CTX_TASK_ID='run_dbt' AIRFLOW_CTX_EXECUTION_DATE='2025-06-06T21:34:41.322483+00:00' AIRFLOW_CTX_TRY_NUMBER='1' AIRFLOW_CTX_DAG_RUN_ID='manual__2025-06-06T21:34:41.322483+00:00'
[2025-06-06T21:34:50.911+0000] {taskinstance.py:731} INFO - ::endgroup::
[2025-06-06T21:34:52.607+0000] {logging_mixin.py:190} INFO - 21:34:52  Running with dbt=1.9.5
[2025-06-06T21:34:52.960+0000] {logging_mixin.py:190} INFO - 21:34:52  Registered adapter: postgres=1.9.0
[2025-06-06T21:34:54.276+0000] {logging_mixin.py:190} INFO - 21:34:54  [WARNING]: Configuration paths exist in your dbt_project.yml file which do not apply to any resources.
There are 1 unused configuration paths:
- models.e_commerce_sales.example
[2025-06-06T21:34:54.650+0000] {logging_mixin.py:190} INFO - 21:34:54  Found 15 models, 12 sources, 549 macros, 1 unit test
[2025-06-06T21:34:54.656+0000] {logging_mixin.py:190} INFO - 21:34:54
[2025-06-06T21:34:54.658+0000] {logging_mixin.py:190} INFO - 21:34:54  Concurrency: 4 threads (target='dev')
[2025-06-06T21:34:54.660+0000] {logging_mixin.py:190} INFO - 21:34:54
[2025-06-06T21:34:54.814+0000] {logging_mixin.py:190} INFO - 21:34:54  1 of 15 START sql incremental model sales.mercadolivre_orders_results .......... [RUN]
[2025-06-06T21:34:54.816+0000] {logging_mixin.py:190} INFO - 21:34:54  2 of 15 START sql incremental model sales.stg_shopee ........................... [RUN]
[2025-06-06T21:34:55.287+0000] {logging_mixin.py:190} INFO - 21:34:55  2 of 15 OK created sql incremental model sales.stg_shopee ...................... [MERGE 2875 in 0.46s]
[2025-06-06T21:34:55.294+0000] {logging_mixin.py:190} INFO - 21:34:55  3 of 15 START sql incremental model sales.shopee_new_id ........................ [RUN]
[2025-06-06T21:34:55.419+0000] {logging_mixin.py:190} INFO - 21:34:55  3 of 15 OK created sql incremental model sales.shopee_new_id ................... [MERGE 2875 in 0.12s]
[2025-06-06T21:34:55.425+0000] {logging_mixin.py:190} INFO - 21:34:55  4 of 15 START sql incremental model sales.shopee_orders_results ................ [RUN]
[2025-06-06T21:34:56.204+0000] {logging_mixin.py:190} INFO - 21:34:56  4 of 15 OK created sql incremental model sales.shopee_orders_results ........... [MERGE 2679 in 0.78s]
[2025-06-06T21:34:56.212+0000] {logging_mixin.py:190} INFO - 21:34:56  5 of 15 START sql incremental model sales.dim_shopee_buyer ..................... [RUN]
[2025-06-06T21:34:56.214+0000] {logging_mixin.py:190} INFO - 21:34:56  6 of 15 START sql incremental model sales.dim_shopee_date ...................... [RUN]
[2025-06-06T21:34:56.216+0000] {logging_mixin.py:190} INFO - 21:34:56  7 of 15 START sql incremental model sales.dim_shopee_orders_status ............. [RUN]
[2025-06-06T21:34:56.455+0000] {logging_mixin.py:190} INFO - 21:34:56  6 of 15 OK created sql incremental model sales.dim_shopee_date ................. [MERGE 2679 in 0.23s]
[2025-06-06T21:34:56.458+0000] {logging_mixin.py:190} INFO - 21:34:56  7 of 15 OK created sql incremental model sales.dim_shopee_orders_status ........ [MERGE 2679 in 0.23s]
[2025-06-06T21:34:56.463+0000] {logging_mixin.py:190} INFO - 21:34:56  8 of 15 START sql incremental model sales.dim_shopee_product ................... [RUN]
[2025-06-06T21:34:56.467+0000] {logging_mixin.py:190} INFO - 21:34:56  9 of 15 START sql view model sales.sum_shopee_monthly_profit ................... [RUN]
[2025-06-06T21:34:56.696+0000] {logging_mixin.py:190} INFO - 21:34:56  9 of 15 OK created sql view model sales.sum_shopee_monthly_profit .............. [CREATE VIEW in 0.21s]
[2025-06-06T21:34:56.707+0000] {logging_mixin.py:190} INFO - 21:34:56  10 of 15 START sql view model sales.sum_shopee_monthly_revenue ................. [RUN]
[2025-06-06T21:34:56.718+0000] {logging_mixin.py:190} INFO - 21:34:56  8 of 15 OK created sql incremental model sales.dim_shopee_product .............. [MERGE 180 in 0.25s]
[2025-06-06T21:34:56.734+0000] {logging_mixin.py:190} INFO - 21:34:56  5 of 15 OK created sql incremental model sales.dim_shopee_buyer ................ [MERGE 2567 in 0.51s]
[2025-06-06T21:34:56.736+0000] {logging_mixin.py:190} INFO - 21:34:56  11 of 15 START sql view model sales.sum_shopee_products_sold ................... [RUN]
[2025-06-06T21:34:56.856+0000] {logging_mixin.py:190} INFO - 21:34:56  10 of 15 OK created sql view model sales.sum_shopee_monthly_revenue ............ [CREATE VIEW in 0.14s]
[2025-06-06T21:34:56.866+0000] {logging_mixin.py:190} INFO - 21:34:56  11 of 15 OK created sql view model sales.sum_shopee_products_sold .............. [CREATE VIEW in 0.12s]
[2025-06-06T21:34:57.993+0000] {logging_mixin.py:190} INFO - 21:34:57  1 of 15 OK created sql incremental model sales.mercadolivre_orders_results ..... [MERGE 190 in 3.17s]
[2025-06-06T21:34:58.000+0000] {logging_mixin.py:190} INFO - 21:34:58  12 of 15 START sql incremental model sales.dim_mercadolivre_buyer .............. [RUN]
[2025-06-06T21:34:58.002+0000] {logging_mixin.py:190} INFO - 21:34:58  13 of 15 START sql incremental model sales.dim_mercadolivre_date ............... [RUN]
[2025-06-06T21:34:58.003+0000] {logging_mixin.py:190} INFO - 21:34:58  14 of 15 START sql incremental model sales.dim_mercadolivre_orders_status ...... [RUN]
[2025-06-06T21:34:58.005+0000] {logging_mixin.py:190} INFO - 21:34:58  15 of 15 START sql incremental model sales.dim_mercadolivre_product ............ [RUN]
[2025-06-06T21:34:58.254+0000] {logging_mixin.py:190} INFO - 21:34:58  14 of 15 OK created sql incremental model sales.dim_mercadolivre_orders_status . [MERGE 190 in 0.24s]
[2025-06-06T21:34:58.270+0000] {logging_mixin.py:190} INFO - 21:34:58  12 of 15 OK created sql incremental model sales.dim_mercadolivre_buyer ......... [MERGE 188 in 0.26s]
[2025-06-06T21:34:59.874+0000] {logging_mixin.py:190} INFO - 21:34:59  13 of 15 OK created sql incremental model sales.dim_mercadolivre_date .......... [MERGE 190 in 1.87s]
[2025-06-06T21:35:01.923+0000] {logging_mixin.py:190} INFO - 21:35:01  15 of 15 OK created sql incremental model sales.dim_mercadolivre_product ....... [MERGE 65 in 3.91s]
[2025-06-06T21:35:01.952+0000] {logging_mixin.py:190} INFO - 21:35:01
[2025-06-06T21:35:01.954+0000] {logging_mixin.py:190} INFO - 21:35:01  Finished running 12 incremental models, 3 view models in 0 hours 0 minutes and 7.29 seconds (7.29s).
[2025-06-06T21:35:02.031+0000] {logging_mixin.py:190} INFO - 21:35:02
[2025-06-06T21:35:02.033+0000] {logging_mixin.py:190} INFO - 21:35:02  Completed successfully
[2025-06-06T21:35:02.034+0000] {logging_mixin.py:190} INFO - 21:35:02
[2025-06-06T21:35:02.036+0000] {logging_mixin.py:190} INFO - 21:35:02  Done. PASS=15 WARN=0 ERROR=0 SKIP=0 TOTAL=15
[2025-06-06T21:35:02.910+0000] {logging_mixin.py:190} INFO - Transformation sucessfully done.
[2025-06-06T21:35:02.912+0000] {python.py:240} INFO - Done. Returned value was: None
[2025-06-06T21:35:02.935+0000] {taskinstance.py:340} INFO - ::group::Post task execution logs
[2025-06-06T21:35:02.936+0000] {taskinstance.py:352} INFO - Marking task as SUCCESS. dag_id=05_transform_data, task_id=run_dbt, run_id=manual__2025-06-06T21:34:41.322483+00:00, execution_date=20250606T213441, start_date=20250606T213450, end_date=20250606T213502
[2025-06-06T21:35:02.997+0000] {local_task_job_runner.py:266} INFO - Task exited with return code 0
[2025-06-06T21:35:03.013+0000] {taskinstance.py:3895} INFO - 0 downstream tasks scheduled from follow-on schedule check
[2025-06-06T21:35:03.016+0000] {local_task_job_runner.py:245} INFO - ::endgroup::
