[2025-06-09T20:08:34.633+0000] {local_task_job_runner.py:123} INFO - ::group::Pre task execution logs
[2025-06-09T20:08:34.657+0000] {taskinstance.py:2613} INFO - Dependencies all met for dep_context=non-requeueable deps ti=<TaskInstance: 03_load_data.load_mercadolivre manual__2025-06-09T20:08:33.319335+00:00 [queued]>
[2025-06-09T20:08:34.667+0000] {taskinstance.py:2613} INFO - Dependencies all met for dep_context=requeueable deps ti=<TaskInstance: 03_load_data.load_mercadolivre manual__2025-06-09T20:08:33.319335+00:00 [queued]>
[2025-06-09T20:08:34.669+0000] {taskinstance.py:2866} INFO - Starting attempt 1 of 1
[2025-06-09T20:08:34.683+0000] {taskinstance.py:2889} INFO - Executing <Task(PythonOperator): load_mercadolivre> on 2025-06-09 20:08:33.319335+00:00
[2025-06-09T20:08:34.688+0000] {standard_task_runner.py:72} INFO - Started process 1915 to run task
[2025-06-09T20:08:34.691+0000] {standard_task_runner.py:104} INFO - Running: ['***', 'tasks', 'run', '03_load_data', 'load_mercadolivre', 'manual__2025-06-09T20:08:33.319335+00:00', '--job-id', '547', '--raw', '--subdir', 'DAGS_FOLDER/03_load_data.py', '--cfg-path', '/tmp/tmpgtt4o3a3']
[2025-06-09T20:08:34.693+0000] {standard_task_runner.py:105} INFO - Job 547: Subtask load_mercadolivre
[2025-06-09T20:08:34.756+0000] {task_command.py:467} INFO - Running <TaskInstance: 03_load_data.load_mercadolivre manual__2025-06-09T20:08:33.319335+00:00 [running]> on host 28e6a58e4107
[2025-06-09T20:08:34.845+0000] {taskinstance.py:3132} INFO - Exporting env vars: AIRFLOW_CTX_DAG_OWNER='***' AIRFLOW_CTX_DAG_ID='03_load_data' AIRFLOW_CTX_TASK_ID='load_mercadolivre' AIRFLOW_CTX_EXECUTION_DATE='2025-06-09T20:08:33.319335+00:00' AIRFLOW_CTX_TRY_NUMBER='1' AIRFLOW_CTX_DAG_RUN_ID='manual__2025-06-09T20:08:33.319335+00:00'
[2025-06-09T20:08:34.847+0000] {taskinstance.py:731} INFO - ::endgroup::
[2025-06-09T20:08:35.612+0000] {warnings.py:109} WARNING - /home/***/.local/lib/python3.9/site-packages/dlt/helpers/dbt/__init__.py:3: UserWarning: pkg_resources is deprecated as an API. See https://setuptools.pypa.io/en/latest/pkg_resources.html. The pkg_resources package is slated for removal as early as 2025-11-30. Refrain from using this package or pin to Setuptools<81.
  import pkg_resources

[2025-06-09T20:08:35.918+0000] {config_providers_context.py:156} WARNING - Airflow variable 'dlt_secrets_toml' was not found. This Airflow variable is a recommended place to hold the content of secrets.toml.If you do not use Airflow variables to hold dlt configuration or use variables with other names you can ignore this warning.
[2025-06-09T20:08:38.085+0000] {logging_mixin.py:190} INFO - trying to load ./extraction/mercadolivre/data/raw/ml_sell_data_2024-07-01T00:00:00.000-03:00_2024-10-01T00:00:00.000-03:00_0.json to sales_db
[2025-06-09T20:08:40.902+0000] {logging_mixin.py:190} INFO - Pipeline mercadolivre_data load step completed in 0.18 seconds
1 load package(s) were loaded to destination postgres and into dataset entry
The postgres destination used postgresql://***:***@pgdatabase:5432/sales_db location to store data
Load package 1749499719.2700891 is LOADED and contains no failed jobs
[2025-06-09T20:08:40.904+0000] {logging_mixin.py:190} INFO - Run started at 2025-06-09 20:08:38.087415+00:00 and COMPLETED in 2.81 seconds with 4 steps.
Step extract COMPLETED in 0.78 seconds.

Load package 1749499719.2700891 is EXTRACTED and NOT YET LOADED to the destination and contains no failed jobs

Step normalize COMPLETED in 0.46 seconds.
Normalized data for the following tables:
- entry_mercadolivre: 50 row(s)
- entry_mercadolivre__payments: 52 row(s)
- entry_mercadolivre__payments__available_actions: 52 row(s)
- entry_mercadolivre__order_items: 50 row(s)
- entry_mercadolivre__tags: 118 row(s)
- entry_mercadolivre__order_items__item__variation_attributes: 44 row(s)
- entry_mercadolivre__mediations: 2 row(s)
- entry_mercadolivre__context__flows: 9 row(s)

Load package 1749499719.2700891 is NORMALIZED and NOT YET LOADED to the destination and contains no failed jobs

Step load COMPLETED in 0.42 seconds.
Pipeline mercadolivre_data load step completed in 0.18 seconds
1 load package(s) were loaded to destination postgres and into dataset entry
The postgres destination used postgresql://***:***@pgdatabase:5432/sales_db location to store data
Load package 1749499719.2700891 is LOADED and contains no failed jobs

Step run COMPLETED in 2.81 seconds.
Pipeline mercadolivre_data load step completed in 0.18 seconds
1 load package(s) were loaded to destination postgres and into dataset entry
The postgres destination used postgresql://***:***@pgdatabase:5432/sales_db location to store data
Load package 1749499719.2700891 is LOADED and contains no failed jobs
[2025-06-09T20:08:40.909+0000] {logging_mixin.py:190} INFO - trying to load ./extraction/mercadolivre/data/raw/ml_sell_data_2024-07-01T00:00:00.000-03:00_2024-10-01T00:00:00.000-03:00_1.json to sales_db
[2025-06-09T20:08:41.238+0000] {logging_mixin.py:190} INFO - Pipeline mercadolivre_data load step completed in 0.10 seconds
1 load package(s) were loaded to destination postgres and into dataset entry
The postgres destination used postgresql://***:***@pgdatabase:5432/sales_db location to store data
Load package 1749499720.9744997 is LOADED and contains no failed jobs
[2025-06-09T20:08:41.240+0000] {logging_mixin.py:190} INFO - Run started at 2025-06-09 20:08:40.911214+00:00 and COMPLETED in 0.33 seconds with 4 steps.
Step extract COMPLETED in 0.07 seconds.

Load package 1749499720.9744997 is EXTRACTED and NOT YET LOADED to the destination and contains no failed jobs

Step normalize COMPLETED in 0.10 seconds.
Normalized data for the following tables:
- entry_mercadolivre: 30 row(s)
- entry_mercadolivre__payments: 32 row(s)
- entry_mercadolivre__payments__available_actions: 32 row(s)
- entry_mercadolivre__order_items: 30 row(s)
- entry_mercadolivre__tags: 83 row(s)
- entry_mercadolivre__context__flows: 14 row(s)
- entry_mercadolivre__order_items__item__variation_attributes: 13 row(s)
- entry_mercadolivre__mediations: 2 row(s)

Load package 1749499720.9744997 is NORMALIZED and NOT YET LOADED to the destination and contains no failed jobs

Step load COMPLETED in 0.13 seconds.
Pipeline mercadolivre_data load step completed in 0.10 seconds
1 load package(s) were loaded to destination postgres and into dataset entry
The postgres destination used postgresql://***:***@pgdatabase:5432/sales_db location to store data
Load package 1749499720.9744997 is LOADED and contains no failed jobs

Step run COMPLETED in 0.33 seconds.
Pipeline mercadolivre_data load step completed in 0.10 seconds
1 load package(s) were loaded to destination postgres and into dataset entry
The postgres destination used postgresql://***:***@pgdatabase:5432/sales_db location to store data
Load package 1749499720.9744997 is LOADED and contains no failed jobs
[2025-06-09T20:08:41.245+0000] {logging_mixin.py:190} INFO - trying to load ./extraction/mercadolivre/data/raw/ml_sell_data_2024-07-01T00:00:00.000-03:00_2025-04-01T00:00:00.000-03:00_0.json to sales_db
[2025-06-09T20:08:41.592+0000] {logging_mixin.py:190} INFO - Pipeline mercadolivre_data load step completed in 0.10 seconds
1 load package(s) were loaded to destination postgres and into dataset entry
The postgres destination used postgresql://***:***@pgdatabase:5432/sales_db location to store data
Load package 1749499721.3126268 is LOADED and contains no failed jobs
[2025-06-09T20:08:41.594+0000] {logging_mixin.py:190} INFO - Run started at 2025-06-09 20:08:41.246693+00:00 and COMPLETED in 0.35 seconds with 4 steps.
Step extract COMPLETED in 0.07 seconds.

Load package 1749499721.3126268 is EXTRACTED and NOT YET LOADED to the destination and contains no failed jobs

Step normalize COMPLETED in 0.12 seconds.
Normalized data for the following tables:
- entry_mercadolivre: 50 row(s)
- entry_mercadolivre__payments: 52 row(s)
- entry_mercadolivre__payments__available_actions: 52 row(s)
- entry_mercadolivre__order_items: 50 row(s)
- entry_mercadolivre__tags: 118 row(s)
- entry_mercadolivre__order_items__item__variation_attributes: 44 row(s)
- entry_mercadolivre__mediations: 2 row(s)
- entry_mercadolivre__context__flows: 9 row(s)

Load package 1749499721.3126268 is NORMALIZED and NOT YET LOADED to the destination and contains no failed jobs

Step load COMPLETED in 0.13 seconds.
Pipeline mercadolivre_data load step completed in 0.10 seconds
1 load package(s) were loaded to destination postgres and into dataset entry
The postgres destination used postgresql://***:***@pgdatabase:5432/sales_db location to store data
Load package 1749499721.3126268 is LOADED and contains no failed jobs

Step run COMPLETED in 0.34 seconds.
Pipeline mercadolivre_data load step completed in 0.10 seconds
1 load package(s) were loaded to destination postgres and into dataset entry
The postgres destination used postgresql://***:***@pgdatabase:5432/sales_db location to store data
Load package 1749499721.3126268 is LOADED and contains no failed jobs
[2025-06-09T20:08:41.599+0000] {logging_mixin.py:190} INFO - trying to load ./extraction/mercadolivre/data/raw/ml_sell_data_2024-07-01T00:00:00.000-03:00_2025-04-01T00:00:00.000-03:00_1.json to sales_db
[2025-06-09T20:08:41.952+0000] {logging_mixin.py:190} INFO - Pipeline mercadolivre_data load step completed in 0.11 seconds
1 load package(s) were loaded to destination postgres and into dataset entry
The postgres destination used postgresql://***:***@pgdatabase:5432/sales_db location to store data
Load package 1749499721.662287 is LOADED and contains no failed jobs
[2025-06-09T20:08:41.954+0000] {logging_mixin.py:190} INFO - Run started at 2025-06-09 20:08:41.600865+00:00 and COMPLETED in 0.35 seconds with 4 steps.
Step extract COMPLETED in 0.07 seconds.

Load package 1749499721.662287 is EXTRACTED and NOT YET LOADED to the destination and contains no failed jobs

Step normalize COMPLETED in 0.12 seconds.
Normalized data for the following tables:
- entry_mercadolivre: 50 row(s)
- entry_mercadolivre__payments: 53 row(s)
- entry_mercadolivre__payments__available_actions: 53 row(s)
- entry_mercadolivre__order_items: 50 row(s)
- entry_mercadolivre__tags: 135 row(s)
- entry_mercadolivre__context__flows: 19 row(s)
- entry_mercadolivre__order_items__item__variation_attributes: 27 row(s)
- entry_mercadolivre__mediations: 3 row(s)

Load package 1749499721.662287 is NORMALIZED and NOT YET LOADED to the destination and contains no failed jobs

Step load COMPLETED in 0.14 seconds.
Pipeline mercadolivre_data load step completed in 0.11 seconds
1 load package(s) were loaded to destination postgres and into dataset entry
The postgres destination used postgresql://***:***@pgdatabase:5432/sales_db location to store data
Load package 1749499721.662287 is LOADED and contains no failed jobs

Step run COMPLETED in 0.35 seconds.
Pipeline mercadolivre_data load step completed in 0.11 seconds
1 load package(s) were loaded to destination postgres and into dataset entry
The postgres destination used postgresql://***:***@pgdatabase:5432/sales_db location to store data
Load package 1749499721.662287 is LOADED and contains no failed jobs
[2025-06-09T20:08:41.959+0000] {logging_mixin.py:190} INFO - trying to load ./extraction/mercadolivre/data/raw/ml_sell_data_2024-07-01T00:00:00.000-03:00_2025-04-01T00:00:00.000-03:00_2.json to sales_db
[2025-06-09T20:08:42.310+0000] {logging_mixin.py:190} INFO - Pipeline mercadolivre_data load step completed in 0.10 seconds
1 load package(s) were loaded to destination postgres and into dataset entry
The postgres destination used postgresql://***:***@pgdatabase:5432/sales_db location to store data
Load package 1749499722.0207403 is LOADED and contains no failed jobs
[2025-06-09T20:08:42.311+0000] {logging_mixin.py:190} INFO - Run started at 2025-06-09 20:08:41.961206+00:00 and COMPLETED in 0.35 seconds with 4 steps.
Step extract COMPLETED in 0.07 seconds.

Load package 1749499722.0207403 is EXTRACTED and NOT YET LOADED to the destination and contains no failed jobs

Step normalize COMPLETED in 0.12 seconds.
Normalized data for the following tables:
- entry_mercadolivre: 50 row(s)
- entry_mercadolivre__payments: 55 row(s)
- entry_mercadolivre__payments__available_actions: 55 row(s)
- entry_mercadolivre__order_items: 50 row(s)
- entry_mercadolivre__order_items__item__variation_attributes: 43 row(s)
- entry_mercadolivre__tags: 144 row(s)
- entry_mercadolivre__mediations: 6 row(s)
- entry_mercadolivre__context__flows: 10 row(s)

Load package 1749499722.0207403 is NORMALIZED and NOT YET LOADED to the destination and contains no failed jobs

Step load COMPLETED in 0.14 seconds.
Pipeline mercadolivre_data load step completed in 0.10 seconds
1 load package(s) were loaded to destination postgres and into dataset entry
The postgres destination used postgresql://***:***@pgdatabase:5432/sales_db location to store data
Load package 1749499722.0207403 is LOADED and contains no failed jobs

Step run COMPLETED in 0.35 seconds.
Pipeline mercadolivre_data load step completed in 0.10 seconds
1 load package(s) were loaded to destination postgres and into dataset entry
The postgres destination used postgresql://***:***@pgdatabase:5432/sales_db location to store data
Load package 1749499722.0207403 is LOADED and contains no failed jobs
[2025-06-09T20:08:42.317+0000] {logging_mixin.py:190} INFO - trying to load ./extraction/mercadolivre/data/raw/ml_sell_data_2024-07-01T00:00:00.000-03:00_2025-04-01T00:00:00.000-03:00_3.json to sales_db
[2025-06-09T20:08:42.669+0000] {logging_mixin.py:190} INFO - Pipeline mercadolivre_data load step completed in 0.11 seconds
1 load package(s) were loaded to destination postgres and into dataset entry
The postgres destination used postgresql://***:***@pgdatabase:5432/sales_db location to store data
Load package 1749499722.3767207 is LOADED and contains no failed jobs
[2025-06-09T20:08:42.670+0000] {logging_mixin.py:190} INFO - Run started at 2025-06-09 20:08:42.318600+00:00 and COMPLETED in 0.35 seconds with 4 steps.
Step extract COMPLETED in 0.07 seconds.

Load package 1749499722.3767207 is EXTRACTED and NOT YET LOADED to the destination and contains no failed jobs

Step normalize COMPLETED in 0.12 seconds.
Normalized data for the following tables:
- entry_mercadolivre: 50 row(s)
- entry_mercadolivre__payments: 52 row(s)
- entry_mercadolivre__payments__available_actions: 52 row(s)
- entry_mercadolivre__order_items: 50 row(s)
- entry_mercadolivre__order_items__item__variation_attributes: 47 row(s)
- entry_mercadolivre__tags: 165 row(s)
- entry_mercadolivre__context__flows: 16 row(s)
- entry_mercadolivre__mediations: 9 row(s)

Load package 1749499722.3767207 is NORMALIZED and NOT YET LOADED to the destination and contains no failed jobs

Step load COMPLETED in 0.14 seconds.
Pipeline mercadolivre_data load step completed in 0.11 seconds
1 load package(s) were loaded to destination postgres and into dataset entry
The postgres destination used postgresql://***:***@pgdatabase:5432/sales_db location to store data
Load package 1749499722.3767207 is LOADED and contains no failed jobs

Step run COMPLETED in 0.35 seconds.
Pipeline mercadolivre_data load step completed in 0.11 seconds
1 load package(s) were loaded to destination postgres and into dataset entry
The postgres destination used postgresql://***:***@pgdatabase:5432/sales_db location to store data
Load package 1749499722.3767207 is LOADED and contains no failed jobs
[2025-06-09T20:08:42.675+0000] {logging_mixin.py:190} INFO - trying to load ./extraction/mercadolivre/data/raw/ml_sell_data_2024-07-01T00:00:00.000-03:00_2025-04-01T00:00:00.000-03:00_4.json to sales_db
[2025-06-09T20:08:44.039+0000] {logging_mixin.py:190} INFO - Pipeline mercadolivre_data load step completed in 1.12 seconds
1 load package(s) were loaded to destination postgres and into dataset entry
The postgres destination used postgresql://***:***@pgdatabase:5432/sales_db location to store data
Load package 1749499722.7364447 is LOADED and contains no failed jobs
[2025-06-09T20:08:44.041+0000] {logging_mixin.py:190} INFO - Run started at 2025-06-09 20:08:42.676558+00:00 and COMPLETED in 1.36 seconds with 4 steps.
Step extract COMPLETED in 0.07 seconds.

Load package 1749499722.7364447 is EXTRACTED and NOT YET LOADED to the destination and contains no failed jobs

Step normalize COMPLETED in 0.12 seconds.
Normalized data for the following tables:
- entry_mercadolivre: 50 row(s)
- entry_mercadolivre__payments: 53 row(s)
- entry_mercadolivre__payments__available_actions: 53 row(s)
- entry_mercadolivre__order_items: 50 row(s)
- entry_mercadolivre__order_items__item__variation_attributes: 53 row(s)
- entry_mercadolivre__tags: 154 row(s)
- entry_mercadolivre__mediations: 5 row(s)
- entry_mercadolivre__context__flows: 5 row(s)

Load package 1749499722.7364447 is NORMALIZED and NOT YET LOADED to the destination and contains no failed jobs

Step load COMPLETED in 1.16 seconds.
Pipeline mercadolivre_data load step completed in 1.12 seconds
1 load package(s) were loaded to destination postgres and into dataset entry
The postgres destination used postgresql://***:***@pgdatabase:5432/sales_db location to store data
Load package 1749499722.7364447 is LOADED and contains no failed jobs

Step run COMPLETED in 1.36 seconds.
Pipeline mercadolivre_data load step completed in 1.12 seconds
1 load package(s) were loaded to destination postgres and into dataset entry
The postgres destination used postgresql://***:***@pgdatabase:5432/sales_db location to store data
Load package 1749499722.7364447 is LOADED and contains no failed jobs
[2025-06-09T20:08:44.046+0000] {logging_mixin.py:190} INFO - trying to load ./extraction/mercadolivre/data/raw/ml_sell_data_2024-07-01T00:00:00.000-03:00_2025-04-01T00:00:00.000-03:00_5.json to sales_db
[2025-06-09T20:08:45.397+0000] {logging_mixin.py:190} INFO - Pipeline mercadolivre_data load step completed in 1.13 seconds
1 load package(s) were loaded to destination postgres and into dataset entry
The postgres destination used postgresql://***:***@pgdatabase:5432/sales_db location to store data
Load package 1749499724.1063938 is LOADED and contains no failed jobs
[2025-06-09T20:08:45.399+0000] {logging_mixin.py:190} INFO - Run started at 2025-06-09 20:08:44.047247+00:00 and COMPLETED in 1.35 seconds with 4 steps.
Step extract COMPLETED in 0.07 seconds.

Load package 1749499724.1063938 is EXTRACTED and NOT YET LOADED to the destination and contains no failed jobs

Step normalize COMPLETED in 0.10 seconds.
Normalized data for the following tables:
- entry_mercadolivre: 35 row(s)
- entry_mercadolivre__payments: 36 row(s)
- entry_mercadolivre__payments__available_actions: 36 row(s)
- entry_mercadolivre__order_items: 35 row(s)
- entry_mercadolivre__order_items__item__variation_attributes: 33 row(s)
- entry_mercadolivre__tags: 96 row(s)
- entry_mercadolivre__context__flows: 4 row(s)
- entry_mercadolivre__mediations: 1 row(s)

Load package 1749499724.1063938 is NORMALIZED and NOT YET LOADED to the destination and contains no failed jobs

Step load COMPLETED in 1.16 seconds.
Pipeline mercadolivre_data load step completed in 1.13 seconds
1 load package(s) were loaded to destination postgres and into dataset entry
The postgres destination used postgresql://***:***@pgdatabase:5432/sales_db location to store data
Load package 1749499724.1063938 is LOADED and contains no failed jobs

Step run COMPLETED in 1.35 seconds.
Pipeline mercadolivre_data load step completed in 1.13 seconds
1 load package(s) were loaded to destination postgres and into dataset entry
The postgres destination used postgresql://***:***@pgdatabase:5432/sales_db location to store data
Load package 1749499724.1063938 is LOADED and contains no failed jobs
[2025-06-09T20:08:45.405+0000] {logging_mixin.py:190} INFO - trying to load ./extraction/mercadolivre/data/raw/sample.json to sales_db
[2025-06-09T20:08:45.779+0000] {logging_mixin.py:190} INFO - Pipeline mercadolivre_data load step completed in 0.10 seconds
1 load package(s) were loaded to destination postgres and into dataset entry
The postgres destination used postgresql://***:***@pgdatabase:5432/sales_db location to store data
Load package 1749499725.4770153 is LOADED and contains no failed jobs
[2025-06-09T20:08:45.782+0000] {logging_mixin.py:190} INFO - Run started at 2025-06-09 20:08:45.406949+00:00 and COMPLETED in 0.37 seconds with 4 steps.
Step extract COMPLETED in 0.08 seconds.

Load package 1749499725.4770153 is EXTRACTED and NOT YET LOADED to the destination and contains no failed jobs

Step normalize COMPLETED in 0.13 seconds.
Normalized data for the following tables:
- entry_mercadolivre: 50 row(s)
- entry_mercadolivre__payments: 52 row(s)
- entry_mercadolivre__payments__available_actions: 52 row(s)
- entry_mercadolivre__order_items: 50 row(s)
- entry_mercadolivre__tags: 118 row(s)
- entry_mercadolivre__order_items__item__variation_attributes: 44 row(s)
- entry_mercadolivre__mediations: 2 row(s)
- entry_mercadolivre__context__flows: 9 row(s)

Load package 1749499725.4770153 is NORMALIZED and NOT YET LOADED to the destination and contains no failed jobs

Step load COMPLETED in 0.14 seconds.
Pipeline mercadolivre_data load step completed in 0.10 seconds
1 load package(s) were loaded to destination postgres and into dataset entry
The postgres destination used postgresql://***:***@pgdatabase:5432/sales_db location to store data
Load package 1749499725.4770153 is LOADED and contains no failed jobs

Step run COMPLETED in 0.37 seconds.
Pipeline mercadolivre_data load step completed in 0.10 seconds
1 load package(s) were loaded to destination postgres and into dataset entry
The postgres destination used postgresql://***:***@pgdatabase:5432/sales_db location to store data
Load package 1749499725.4770153 is LOADED and contains no failed jobs
[2025-06-09T20:08:45.783+0000] {python.py:240} INFO - Done. Returned value was: 1
[2025-06-09T20:08:45.810+0000] {taskinstance.py:340} INFO - ::group::Post task execution logs
[2025-06-09T20:08:45.811+0000] {taskinstance.py:352} INFO - Marking task as SUCCESS. dag_id=03_load_data, task_id=load_mercadolivre, run_id=manual__2025-06-09T20:08:33.319335+00:00, execution_date=20250609T200833, start_date=20250609T200834, end_date=20250609T200845
[2025-06-09T20:08:45.867+0000] {local_task_job_runner.py:266} INFO - Task exited with return code 0
[2025-06-09T20:08:45.886+0000] {taskinstance.py:3895} INFO - 0 downstream tasks scheduled from follow-on schedule check
[2025-06-09T20:08:45.889+0000] {local_task_job_runner.py:245} INFO - ::endgroup::
